[2024-02-14T10:14:01.900+0000] {taskinstance.py:1957} INFO - Dependencies all met for dep_context=non-requeueable deps ti=<TaskInstance: python_operator_dag_v1.greet_fn scheduled__2024-02-12T00:00:00+00:00 [queued]>
[2024-02-14T10:14:01.905+0000] {taskinstance.py:1957} INFO - Dependencies all met for dep_context=requeueable deps ti=<TaskInstance: python_operator_dag_v1.greet_fn scheduled__2024-02-12T00:00:00+00:00 [queued]>
[2024-02-14T10:14:01.906+0000] {taskinstance.py:2171} INFO - Starting attempt 1 of 6
[2024-02-14T10:14:01.943+0000] {taskinstance.py:2192} INFO - Executing <Task(PythonOperator): greet_fn> on 2024-02-12 00:00:00+00:00
[2024-02-14T10:14:01.946+0000] {standard_task_runner.py:60} INFO - Started process 42709 to run task
[2024-02-14T10:14:01.949+0000] {standard_task_runner.py:87} INFO - Running: ['airflow', 'tasks', 'run', 'python_operator_dag_v1', 'greet_fn', 'scheduled__2024-02-12T00:00:00+00:00', '--job-id', '181', '--raw', '--subdir', 'DAGS_FOLDER/python_operator_dag.py', '--cfg-path', '/tmp/tmpx8ptnlp6']
[2024-02-14T10:14:01.950+0000] {standard_task_runner.py:88} INFO - Job 181: Subtask greet_fn
[2024-02-14T10:14:02.007+0000] {task_command.py:423} INFO - Running <TaskInstance: python_operator_dag_v1.greet_fn scheduled__2024-02-12T00:00:00+00:00 [running]> on host codespaces-57ffd0
[2024-02-14T10:14:02.112+0000] {taskinstance.py:2481} INFO - Exporting env vars: AIRFLOW_CTX_DAG_OWNER='raghu' AIRFLOW_CTX_DAG_ID='python_operator_dag_v1' AIRFLOW_CTX_TASK_ID='greet_fn' AIRFLOW_CTX_EXECUTION_DATE='2024-02-12T00:00:00+00:00' AIRFLOW_CTX_TRY_NUMBER='1' AIRFLOW_CTX_DAG_RUN_ID='scheduled__2024-02-12T00:00:00+00:00'
[2024-02-14T10:14:02.113+0000] {logging_mixin.py:188} INFO - Python Operator
[2024-02-14T10:14:02.113+0000] {python.py:201} INFO - Done. Returned value was: None
[2024-02-14T10:14:02.118+0000] {taskinstance.py:1138} INFO - Marking task as SUCCESS. dag_id=python_operator_dag_v1, task_id=greet_fn, execution_date=20240212T000000, start_date=20240214T101401, end_date=20240214T101402
[2024-02-14T10:14:02.209+0000] {local_task_job_runner.py:234} INFO - Task exited with return code 0
[2024-02-14T10:14:02.223+0000] {taskinstance.py:3281} INFO - 0 downstream tasks scheduled from follow-on schedule check
[2024-02-14T10:16:14.926+0000] {taskinstance.py:1957} INFO - Dependencies all met for dep_context=non-requeueable deps ti=<TaskInstance: python_operator_dag_v1.greet_fn scheduled__2024-02-12T00:00:00+00:00 [queued]>
[2024-02-14T10:16:14.931+0000] {taskinstance.py:1957} INFO - Dependencies all met for dep_context=requeueable deps ti=<TaskInstance: python_operator_dag_v1.greet_fn scheduled__2024-02-12T00:00:00+00:00 [queued]>
[2024-02-14T10:16:14.931+0000] {taskinstance.py:2171} INFO - Starting attempt 1 of 6
[2024-02-14T10:16:14.966+0000] {taskinstance.py:2192} INFO - Executing <Task(PythonOperator): greet_fn> on 2024-02-12 00:00:00+00:00
[2024-02-14T10:16:14.969+0000] {standard_task_runner.py:60} INFO - Started process 44245 to run task
[2024-02-14T10:16:14.974+0000] {standard_task_runner.py:87} INFO - Running: ['airflow', 'tasks', 'run', 'python_operator_dag_v1', 'greet_fn', 'scheduled__2024-02-12T00:00:00+00:00', '--job-id', '180', '--raw', '--subdir', 'DAGS_FOLDER/python_operator_dag.py', '--cfg-path', '/tmp/tmpx4if3hh5']
[2024-02-14T10:16:14.975+0000] {standard_task_runner.py:88} INFO - Job 180: Subtask greet_fn
[2024-02-14T10:16:15.039+0000] {task_command.py:423} INFO - Running <TaskInstance: python_operator_dag_v1.greet_fn scheduled__2024-02-12T00:00:00+00:00 [running]> on host codespaces-57ffd0
[2024-02-14T10:16:15.202+0000] {taskinstance.py:2481} INFO - Exporting env vars: AIRFLOW_CTX_DAG_OWNER='raghu' AIRFLOW_CTX_DAG_ID='python_operator_dag_v1' AIRFLOW_CTX_TASK_ID='greet_fn' AIRFLOW_CTX_EXECUTION_DATE='2024-02-12T00:00:00+00:00' AIRFLOW_CTX_TRY_NUMBER='1' AIRFLOW_CTX_DAG_RUN_ID='scheduled__2024-02-12T00:00:00+00:00'
[2024-02-14T10:16:15.203+0000] {logging_mixin.py:188} INFO - My name is Raghu and I am 22 years old
[2024-02-14T10:16:15.203+0000] {python.py:201} INFO - Done. Returned value was: None
[2024-02-14T10:16:15.249+0000] {taskinstance.py:1138} INFO - Marking task as SUCCESS. dag_id=python_operator_dag_v1, task_id=greet_fn, execution_date=20240212T000000, start_date=20240214T101614, end_date=20240214T101615
[2024-02-14T10:16:15.320+0000] {local_task_job_runner.py:234} INFO - Task exited with return code 0
[2024-02-14T10:16:15.330+0000] {taskinstance.py:3281} INFO - 0 downstream tasks scheduled from follow-on schedule check
