[2024-02-14T10:36:52.941+0000] {taskinstance.py:1957} INFO - Dependencies all met for dep_context=non-requeueable deps ti=<TaskInstance: python_xcom_dag_v1.get_name scheduled__2024-02-12T00:00:00+00:00 [queued]>
[2024-02-14T10:36:52.945+0000] {taskinstance.py:1957} INFO - Dependencies all met for dep_context=requeueable deps ti=<TaskInstance: python_xcom_dag_v1.get_name scheduled__2024-02-12T00:00:00+00:00 [queued]>
[2024-02-14T10:36:52.945+0000] {taskinstance.py:2171} INFO - Starting attempt 1 of 6
[2024-02-14T10:36:52.985+0000] {taskinstance.py:2192} INFO - Executing <Task(PythonOperator): get_name> on 2024-02-12 00:00:00+00:00
[2024-02-14T10:36:52.988+0000] {standard_task_runner.py:60} INFO - Started process 53606 to run task
[2024-02-14T10:36:52.991+0000] {standard_task_runner.py:87} INFO - Running: ['airflow', 'tasks', 'run', 'python_xcom_dag_v1', 'get_name', 'scheduled__2024-02-12T00:00:00+00:00', '--job-id', '215', '--raw', '--subdir', 'DAGS_FOLDER/dag_with_xcoms.py', '--cfg-path', '/tmp/tmp8bdhh0kl']
[2024-02-14T10:36:52.992+0000] {standard_task_runner.py:88} INFO - Job 215: Subtask get_name
[2024-02-14T10:36:53.048+0000] {task_command.py:423} INFO - Running <TaskInstance: python_xcom_dag_v1.get_name scheduled__2024-02-12T00:00:00+00:00 [running]> on host codespaces-57ffd0
[2024-02-14T10:36:53.144+0000] {taskinstance.py:2481} INFO - Exporting env vars: AIRFLOW_CTX_DAG_OWNER='raghu' AIRFLOW_CTX_DAG_ID='python_xcom_dag_v1' AIRFLOW_CTX_TASK_ID='get_name' AIRFLOW_CTX_EXECUTION_DATE='2024-02-12T00:00:00+00:00' AIRFLOW_CTX_TRY_NUMBER='1' AIRFLOW_CTX_DAG_RUN_ID='scheduled__2024-02-12T00:00:00+00:00'
[2024-02-14T10:36:53.176+0000] {python.py:201} INFO - Done. Returned value was: None
[2024-02-14T10:36:53.181+0000] {taskinstance.py:1138} INFO - Marking task as SUCCESS. dag_id=python_xcom_dag_v1, task_id=get_name, execution_date=20240212T000000, start_date=20240214T103652, end_date=20240214T103653
[2024-02-14T10:36:53.244+0000] {local_task_job_runner.py:234} INFO - Task exited with return code 0
[2024-02-14T10:36:53.294+0000] {taskinstance.py:3281} INFO - 0 downstream tasks scheduled from follow-on schedule check
[2024-02-14T10:41:00.878+0000] {taskinstance.py:1957} INFO - Dependencies all met for dep_context=non-requeueable deps ti=<TaskInstance: python_xcom_dag_v1.get_name scheduled__2024-02-12T00:00:00+00:00 [queued]>
[2024-02-14T10:41:00.883+0000] {taskinstance.py:1957} INFO - Dependencies all met for dep_context=requeueable deps ti=<TaskInstance: python_xcom_dag_v1.get_name scheduled__2024-02-12T00:00:00+00:00 [queued]>
[2024-02-14T10:41:00.883+0000] {taskinstance.py:2171} INFO - Starting attempt 1 of 6
[2024-02-14T10:41:00.919+0000] {taskinstance.py:2192} INFO - Executing <Task(PythonOperator): get_name> on 2024-02-12 00:00:00+00:00
[2024-02-14T10:41:00.922+0000] {standard_task_runner.py:60} INFO - Started process 57401 to run task
[2024-02-14T10:41:00.925+0000] {standard_task_runner.py:87} INFO - Running: ['airflow', 'tasks', 'run', 'python_xcom_dag_v1', 'get_name', 'scheduled__2024-02-12T00:00:00+00:00', '--job-id', '215', '--raw', '--subdir', 'DAGS_FOLDER/dag_with_xcoms.py', '--cfg-path', '/tmp/tmpwdufijq9']
[2024-02-14T10:41:00.926+0000] {standard_task_runner.py:88} INFO - Job 215: Subtask get_name
[2024-02-14T10:41:00.977+0000] {task_command.py:423} INFO - Running <TaskInstance: python_xcom_dag_v1.get_name scheduled__2024-02-12T00:00:00+00:00 [running]> on host codespaces-57ffd0
[2024-02-14T10:41:01.074+0000] {taskinstance.py:2481} INFO - Exporting env vars: AIRFLOW_CTX_DAG_OWNER='raghu' AIRFLOW_CTX_DAG_ID='python_xcom_dag_v1' AIRFLOW_CTX_TASK_ID='get_name' AIRFLOW_CTX_EXECUTION_DATE='2024-02-12T00:00:00+00:00' AIRFLOW_CTX_TRY_NUMBER='1' AIRFLOW_CTX_DAG_RUN_ID='scheduled__2024-02-12T00:00:00+00:00'
[2024-02-14T10:41:01.106+0000] {python.py:201} INFO - Done. Returned value was: None
[2024-02-14T10:41:01.109+0000] {taskinstance.py:1138} INFO - Marking task as SUCCESS. dag_id=python_xcom_dag_v1, task_id=get_name, execution_date=20240212T000000, start_date=20240214T104100, end_date=20240214T104101
[2024-02-14T10:41:01.177+0000] {local_task_job_runner.py:234} INFO - Task exited with return code 0
[2024-02-14T10:41:01.191+0000] {taskinstance.py:3281} INFO - 0 downstream tasks scheduled from follow-on schedule check
