[2024-02-14T10:13:41.918+0000] {taskinstance.py:1957} INFO - Dependencies all met for dep_context=non-requeueable deps ti=<TaskInstance: python_operator_dag_v1.greet_fn scheduled__2024-02-05T00:00:00+00:00 [queued]>
[2024-02-14T10:13:41.923+0000] {taskinstance.py:1957} INFO - Dependencies all met for dep_context=requeueable deps ti=<TaskInstance: python_operator_dag_v1.greet_fn scheduled__2024-02-05T00:00:00+00:00 [queued]>
[2024-02-14T10:13:41.923+0000] {taskinstance.py:2171} INFO - Starting attempt 1 of 6
[2024-02-14T10:13:41.959+0000] {taskinstance.py:2192} INFO - Executing <Task(PythonOperator): greet_fn> on 2024-02-05 00:00:00+00:00
[2024-02-14T10:13:41.962+0000] {standard_task_runner.py:60} INFO - Started process 42353 to run task
[2024-02-14T10:13:41.965+0000] {standard_task_runner.py:87} INFO - Running: ['airflow', 'tasks', 'run', 'python_operator_dag_v1', 'greet_fn', 'scheduled__2024-02-05T00:00:00+00:00', '--job-id', '174', '--raw', '--subdir', 'DAGS_FOLDER/python_operator_dag.py', '--cfg-path', '/tmp/tmpg1upi5yu']
[2024-02-14T10:13:41.966+0000] {standard_task_runner.py:88} INFO - Job 174: Subtask greet_fn
[2024-02-14T10:13:42.016+0000] {task_command.py:423} INFO - Running <TaskInstance: python_operator_dag_v1.greet_fn scheduled__2024-02-05T00:00:00+00:00 [running]> on host codespaces-57ffd0
[2024-02-14T10:13:42.109+0000] {taskinstance.py:2481} INFO - Exporting env vars: AIRFLOW_CTX_DAG_OWNER='raghu' AIRFLOW_CTX_DAG_ID='python_operator_dag_v1' AIRFLOW_CTX_TASK_ID='greet_fn' AIRFLOW_CTX_EXECUTION_DATE='2024-02-05T00:00:00+00:00' AIRFLOW_CTX_TRY_NUMBER='1' AIRFLOW_CTX_DAG_RUN_ID='scheduled__2024-02-05T00:00:00+00:00'
[2024-02-14T10:13:42.110+0000] {logging_mixin.py:188} INFO - Python Operator
[2024-02-14T10:13:42.110+0000] {python.py:201} INFO - Done. Returned value was: None
[2024-02-14T10:13:42.113+0000] {taskinstance.py:1138} INFO - Marking task as SUCCESS. dag_id=python_operator_dag_v1, task_id=greet_fn, execution_date=20240205T000000, start_date=20240214T101341, end_date=20240214T101342
[2024-02-14T10:13:42.177+0000] {local_task_job_runner.py:234} INFO - Task exited with return code 0
[2024-02-14T10:13:42.187+0000] {taskinstance.py:3281} INFO - 0 downstream tasks scheduled from follow-on schedule check
[2024-02-14T10:15:53.929+0000] {taskinstance.py:1957} INFO - Dependencies all met for dep_context=non-requeueable deps ti=<TaskInstance: python_operator_dag_v1.greet_fn scheduled__2024-02-05T00:00:00+00:00 [queued]>
[2024-02-14T10:15:53.935+0000] {taskinstance.py:1957} INFO - Dependencies all met for dep_context=requeueable deps ti=<TaskInstance: python_operator_dag_v1.greet_fn scheduled__2024-02-05T00:00:00+00:00 [queued]>
[2024-02-14T10:15:53.935+0000] {taskinstance.py:2171} INFO - Starting attempt 1 of 6
[2024-02-14T10:15:53.970+0000] {taskinstance.py:2192} INFO - Executing <Task(PythonOperator): greet_fn> on 2024-02-05 00:00:00+00:00
[2024-02-14T10:15:53.973+0000] {standard_task_runner.py:60} INFO - Started process 43856 to run task
[2024-02-14T10:15:53.976+0000] {standard_task_runner.py:87} INFO - Running: ['airflow', 'tasks', 'run', 'python_operator_dag_v1', 'greet_fn', 'scheduled__2024-02-05T00:00:00+00:00', '--job-id', '173', '--raw', '--subdir', 'DAGS_FOLDER/python_operator_dag.py', '--cfg-path', '/tmp/tmpl0em8nb7']
[2024-02-14T10:15:53.977+0000] {standard_task_runner.py:88} INFO - Job 173: Subtask greet_fn
[2024-02-14T10:15:54.028+0000] {task_command.py:423} INFO - Running <TaskInstance: python_operator_dag_v1.greet_fn scheduled__2024-02-05T00:00:00+00:00 [running]> on host codespaces-57ffd0
[2024-02-14T10:15:54.128+0000] {taskinstance.py:2481} INFO - Exporting env vars: AIRFLOW_CTX_DAG_OWNER='raghu' AIRFLOW_CTX_DAG_ID='python_operator_dag_v1' AIRFLOW_CTX_TASK_ID='greet_fn' AIRFLOW_CTX_EXECUTION_DATE='2024-02-05T00:00:00+00:00' AIRFLOW_CTX_TRY_NUMBER='1' AIRFLOW_CTX_DAG_RUN_ID='scheduled__2024-02-05T00:00:00+00:00'
[2024-02-14T10:15:54.128+0000] {logging_mixin.py:188} INFO - My name is {name} and I am {age} years old
[2024-02-14T10:15:54.129+0000] {python.py:201} INFO - Done. Returned value was: None
[2024-02-14T10:15:54.133+0000] {taskinstance.py:1138} INFO - Marking task as SUCCESS. dag_id=python_operator_dag_v1, task_id=greet_fn, execution_date=20240205T000000, start_date=20240214T101553, end_date=20240214T101554
[2024-02-14T10:15:54.188+0000] {local_task_job_runner.py:234} INFO - Task exited with return code 0
[2024-02-14T10:15:54.204+0000] {taskinstance.py:3281} INFO - 0 downstream tasks scheduled from follow-on schedule check
