[2024-02-14T19:30:40.090+0000] {taskinstance.py:1957} INFO - Dependencies all met for dep_context=non-requeueable deps ti=<TaskInstance: backfill_practise_dag.first_task scheduled__2024-02-13T00:00:00+00:00 [queued]>
[2024-02-14T19:30:40.095+0000] {taskinstance.py:1957} INFO - Dependencies all met for dep_context=requeueable deps ti=<TaskInstance: backfill_practise_dag.first_task scheduled__2024-02-13T00:00:00+00:00 [queued]>
[2024-02-14T19:30:40.095+0000] {taskinstance.py:2171} INFO - Starting attempt 1 of 6
[2024-02-14T19:30:40.135+0000] {taskinstance.py:2192} INFO - Executing <Task(BashOperator): first_task> on 2024-02-13 00:00:00+00:00
[2024-02-14T19:30:40.138+0000] {standard_task_runner.py:60} INFO - Started process 42548 to run task
[2024-02-14T19:30:40.151+0000] {standard_task_runner.py:87} INFO - Running: ['airflow', 'tasks', 'run', 'backfill_practise_dag', 'first_task', 'scheduled__2024-02-13T00:00:00+00:00', '--job-id', '273', '--raw', '--subdir', 'DAGS_FOLDER/backfill_dag.py', '--cfg-path', '/tmp/tmpnszhe_kc']
[2024-02-14T19:30:40.152+0000] {standard_task_runner.py:88} INFO - Job 273: Subtask first_task
[2024-02-14T19:30:40.380+0000] {task_command.py:423} INFO - Running <TaskInstance: backfill_practise_dag.first_task scheduled__2024-02-13T00:00:00+00:00 [running]> on host codespaces-57ffd0
[2024-02-14T19:30:40.605+0000] {taskinstance.py:2481} INFO - Exporting env vars: AIRFLOW_CTX_DAG_OWNER='raghu' AIRFLOW_CTX_DAG_ID='backfill_practise_dag' AIRFLOW_CTX_TASK_ID='first_task' AIRFLOW_CTX_EXECUTION_DATE='2024-02-13T00:00:00+00:00' AIRFLOW_CTX_TRY_NUMBER='1' AIRFLOW_CTX_DAG_RUN_ID='scheduled__2024-02-13T00:00:00+00:00'
[2024-02-14T19:30:40.607+0000] {subprocess.py:63} INFO - Tmp dir root location: /tmp
[2024-02-14T19:30:40.607+0000] {subprocess.py:75} INFO - Running command: ['/usr/bin/bash', '-c', 'echo This is the first task']
[2024-02-14T19:30:40.622+0000] {subprocess.py:86} INFO - Output:
[2024-02-14T19:30:40.625+0000] {subprocess.py:93} INFO - This is the first task
[2024-02-14T19:30:40.626+0000] {subprocess.py:97} INFO - Command exited with return code 0
[2024-02-14T19:30:40.708+0000] {taskinstance.py:1138} INFO - Marking task as SUCCESS. dag_id=backfill_practise_dag, task_id=first_task, execution_date=20240213T000000, start_date=20240214T193040, end_date=20240214T193040
[2024-02-14T19:30:40.824+0000] {local_task_job_runner.py:234} INFO - Task exited with return code 0
[2024-02-14T19:30:40.838+0000] {taskinstance.py:3281} INFO - 0 downstream tasks scheduled from follow-on schedule check
[2024-02-14T19:31:32.146+0000] {taskinstance.py:1957} INFO - Dependencies all met for dep_context=non-requeueable deps ti=<TaskInstance: backfill_practise_dag.first_task scheduled__2024-02-13T00:00:00+00:00 [queued]>
[2024-02-14T19:31:32.157+0000] {taskinstance.py:1957} INFO - Dependencies all met for dep_context=requeueable deps ti=<TaskInstance: backfill_practise_dag.first_task scheduled__2024-02-13T00:00:00+00:00 [queued]>
[2024-02-14T19:31:32.158+0000] {taskinstance.py:2171} INFO - Starting attempt 1 of 6
[2024-02-14T19:31:32.224+0000] {taskinstance.py:2192} INFO - Executing <Task(BashOperator): first_task> on 2024-02-13 00:00:00+00:00
[2024-02-14T19:31:32.228+0000] {standard_task_runner.py:60} INFO - Started process 43331 to run task
[2024-02-14T19:31:32.245+0000] {standard_task_runner.py:87} INFO - Running: ['airflow', 'tasks', 'run', 'backfill_practise_dag', 'first_task', 'scheduled__2024-02-13T00:00:00+00:00', '--job-id', '262', '--raw', '--subdir', 'DAGS_FOLDER/backfill_dag.py', '--cfg-path', '/tmp/tmpuuzkylrs']
[2024-02-14T19:31:32.248+0000] {standard_task_runner.py:88} INFO - Job 262: Subtask first_task
[2024-02-14T19:31:32.529+0000] {task_command.py:423} INFO - Running <TaskInstance: backfill_practise_dag.first_task scheduled__2024-02-13T00:00:00+00:00 [running]> on host codespaces-57ffd0
[2024-02-14T19:31:32.753+0000] {taskinstance.py:2481} INFO - Exporting env vars: AIRFLOW_CTX_DAG_OWNER='raghu' AIRFLOW_CTX_DAG_ID='backfill_practise_dag' AIRFLOW_CTX_TASK_ID='first_task' AIRFLOW_CTX_EXECUTION_DATE='2024-02-13T00:00:00+00:00' AIRFLOW_CTX_TRY_NUMBER='1' AIRFLOW_CTX_DAG_RUN_ID='scheduled__2024-02-13T00:00:00+00:00'
[2024-02-14T19:31:32.755+0000] {subprocess.py:63} INFO - Tmp dir root location: /tmp
[2024-02-14T19:31:32.755+0000] {subprocess.py:75} INFO - Running command: ['/usr/bin/bash', '-c', 'echo This is the first task']
[2024-02-14T19:31:32.764+0000] {subprocess.py:86} INFO - Output:
[2024-02-14T19:31:32.766+0000] {subprocess.py:93} INFO - This is the first task
[2024-02-14T19:31:32.766+0000] {subprocess.py:97} INFO - Command exited with return code 0
[2024-02-14T19:31:32.842+0000] {taskinstance.py:1138} INFO - Marking task as SUCCESS. dag_id=backfill_practise_dag, task_id=first_task, execution_date=20240213T000000, start_date=20240214T193132, end_date=20240214T193132
[2024-02-14T19:31:32.929+0000] {local_task_job_runner.py:234} INFO - Task exited with return code 0
[2024-02-14T19:31:33.083+0000] {taskinstance.py:3281} INFO - 0 downstream tasks scheduled from follow-on schedule check
