[2024-02-14T10:36:33.125+0000] {taskinstance.py:1957} INFO - Dependencies all met for dep_context=non-requeueable deps ti=<TaskInstance: python_xcom_dag_v1.get_age scheduled__2024-02-09T00:00:00+00:00 [queued]>
[2024-02-14T10:36:33.130+0000] {taskinstance.py:1957} INFO - Dependencies all met for dep_context=requeueable deps ti=<TaskInstance: python_xcom_dag_v1.get_age scheduled__2024-02-09T00:00:00+00:00 [queued]>
[2024-02-14T10:36:33.130+0000] {taskinstance.py:2171} INFO - Starting attempt 1 of 6
[2024-02-14T10:36:33.169+0000] {taskinstance.py:2192} INFO - Executing <Task(PythonOperator): get_age> on 2024-02-09 00:00:00+00:00
[2024-02-14T10:36:33.172+0000] {standard_task_runner.py:60} INFO - Started process 53194 to run task
[2024-02-14T10:36:33.175+0000] {standard_task_runner.py:87} INFO - Running: ['airflow', 'tasks', 'run', 'python_xcom_dag_v1', 'get_age', 'scheduled__2024-02-09T00:00:00+00:00', '--job-id', '207', '--raw', '--subdir', 'DAGS_FOLDER/dag_with_xcoms.py', '--cfg-path', '/tmp/tmpm62iru2b']
[2024-02-14T10:36:33.176+0000] {standard_task_runner.py:88} INFO - Job 207: Subtask get_age
[2024-02-14T10:36:33.242+0000] {task_command.py:423} INFO - Running <TaskInstance: python_xcom_dag_v1.get_age scheduled__2024-02-09T00:00:00+00:00 [running]> on host codespaces-57ffd0
[2024-02-14T10:36:33.342+0000] {taskinstance.py:2481} INFO - Exporting env vars: AIRFLOW_CTX_DAG_OWNER='raghu' AIRFLOW_CTX_DAG_ID='python_xcom_dag_v1' AIRFLOW_CTX_TASK_ID='get_age' AIRFLOW_CTX_EXECUTION_DATE='2024-02-09T00:00:00+00:00' AIRFLOW_CTX_TRY_NUMBER='1' AIRFLOW_CTX_DAG_RUN_ID='scheduled__2024-02-09T00:00:00+00:00'
[2024-02-14T10:36:33.382+0000] {python.py:201} INFO - Done. Returned value was: None
[2024-02-14T10:36:33.386+0000] {taskinstance.py:1138} INFO - Marking task as SUCCESS. dag_id=python_xcom_dag_v1, task_id=get_age, execution_date=20240209T000000, start_date=20240214T103633, end_date=20240214T103633
[2024-02-14T10:36:33.427+0000] {local_task_job_runner.py:234} INFO - Task exited with return code 0
[2024-02-14T10:36:33.440+0000] {taskinstance.py:3281} INFO - 1 downstream tasks scheduled from follow-on schedule check
[2024-02-14T10:40:40.615+0000] {taskinstance.py:1957} INFO - Dependencies all met for dep_context=non-requeueable deps ti=<TaskInstance: python_xcom_dag_v1.get_age scheduled__2024-02-09T00:00:00+00:00 [queued]>
[2024-02-14T10:40:40.628+0000] {taskinstance.py:1957} INFO - Dependencies all met for dep_context=requeueable deps ti=<TaskInstance: python_xcom_dag_v1.get_age scheduled__2024-02-09T00:00:00+00:00 [queued]>
[2024-02-14T10:40:40.628+0000] {taskinstance.py:2171} INFO - Starting attempt 1 of 6
[2024-02-14T10:40:40.672+0000] {taskinstance.py:2192} INFO - Executing <Task(PythonOperator): get_age> on 2024-02-09 00:00:00+00:00
[2024-02-14T10:40:40.676+0000] {standard_task_runner.py:60} INFO - Started process 57063 to run task
[2024-02-14T10:40:40.684+0000] {standard_task_runner.py:87} INFO - Running: ['airflow', 'tasks', 'run', 'python_xcom_dag_v1', 'get_age', 'scheduled__2024-02-09T00:00:00+00:00', '--job-id', '207', '--raw', '--subdir', 'DAGS_FOLDER/dag_with_xcoms.py', '--cfg-path', '/tmp/tmpsrypkuof']
[2024-02-14T10:40:40.685+0000] {standard_task_runner.py:88} INFO - Job 207: Subtask get_age
[2024-02-14T10:40:40.737+0000] {task_command.py:423} INFO - Running <TaskInstance: python_xcom_dag_v1.get_age scheduled__2024-02-09T00:00:00+00:00 [running]> on host codespaces-57ffd0
[2024-02-14T10:40:40.837+0000] {taskinstance.py:2481} INFO - Exporting env vars: AIRFLOW_CTX_DAG_OWNER='raghu' AIRFLOW_CTX_DAG_ID='python_xcom_dag_v1' AIRFLOW_CTX_TASK_ID='get_age' AIRFLOW_CTX_EXECUTION_DATE='2024-02-09T00:00:00+00:00' AIRFLOW_CTX_TRY_NUMBER='1' AIRFLOW_CTX_DAG_RUN_ID='scheduled__2024-02-09T00:00:00+00:00'
[2024-02-14T10:40:40.871+0000] {python.py:201} INFO - Done. Returned value was: None
[2024-02-14T10:40:40.875+0000] {taskinstance.py:1138} INFO - Marking task as SUCCESS. dag_id=python_xcom_dag_v1, task_id=get_age, execution_date=20240209T000000, start_date=20240214T104040, end_date=20240214T104040
[2024-02-14T10:40:40.937+0000] {local_task_job_runner.py:234} INFO - Task exited with return code 0
[2024-02-14T10:40:40.950+0000] {taskinstance.py:3281} INFO - 1 downstream tasks scheduled from follow-on schedule check
