[2024-02-14T10:13:39.142+0000] {taskinstance.py:1957} INFO - Dependencies all met for dep_context=non-requeueable deps ti=<TaskInstance: python_operator_dag_v1.greet_fn scheduled__2024-02-04T00:00:00+00:00 [queued]>
[2024-02-14T10:13:39.146+0000] {taskinstance.py:1957} INFO - Dependencies all met for dep_context=requeueable deps ti=<TaskInstance: python_operator_dag_v1.greet_fn scheduled__2024-02-04T00:00:00+00:00 [queued]>
[2024-02-14T10:13:39.146+0000] {taskinstance.py:2171} INFO - Starting attempt 1 of 6
[2024-02-14T10:13:39.182+0000] {taskinstance.py:2192} INFO - Executing <Task(PythonOperator): greet_fn> on 2024-02-04 00:00:00+00:00
[2024-02-14T10:13:39.185+0000] {standard_task_runner.py:60} INFO - Started process 42259 to run task
[2024-02-14T10:13:39.189+0000] {standard_task_runner.py:87} INFO - Running: ['airflow', 'tasks', 'run', 'python_operator_dag_v1', 'greet_fn', 'scheduled__2024-02-04T00:00:00+00:00', '--job-id', '173', '--raw', '--subdir', 'DAGS_FOLDER/python_operator_dag.py', '--cfg-path', '/tmp/tmph1xuj3kk']
[2024-02-14T10:13:39.190+0000] {standard_task_runner.py:88} INFO - Job 173: Subtask greet_fn
[2024-02-14T10:13:39.256+0000] {task_command.py:423} INFO - Running <TaskInstance: python_operator_dag_v1.greet_fn scheduled__2024-02-04T00:00:00+00:00 [running]> on host codespaces-57ffd0
[2024-02-14T10:13:39.390+0000] {taskinstance.py:2481} INFO - Exporting env vars: AIRFLOW_CTX_DAG_OWNER='raghu' AIRFLOW_CTX_DAG_ID='python_operator_dag_v1' AIRFLOW_CTX_TASK_ID='greet_fn' AIRFLOW_CTX_EXECUTION_DATE='2024-02-04T00:00:00+00:00' AIRFLOW_CTX_TRY_NUMBER='1' AIRFLOW_CTX_DAG_RUN_ID='scheduled__2024-02-04T00:00:00+00:00'
[2024-02-14T10:13:39.390+0000] {logging_mixin.py:188} INFO - Python Operator
[2024-02-14T10:13:39.390+0000] {python.py:201} INFO - Done. Returned value was: None
[2024-02-14T10:13:39.394+0000] {taskinstance.py:1138} INFO - Marking task as SUCCESS. dag_id=python_operator_dag_v1, task_id=greet_fn, execution_date=20240204T000000, start_date=20240214T101339, end_date=20240214T101339
[2024-02-14T10:13:39.445+0000] {local_task_job_runner.py:234} INFO - Task exited with return code 0
[2024-02-14T10:13:39.455+0000] {taskinstance.py:3281} INFO - 0 downstream tasks scheduled from follow-on schedule check
[2024-02-14T10:15:51.371+0000] {taskinstance.py:1957} INFO - Dependencies all met for dep_context=non-requeueable deps ti=<TaskInstance: python_operator_dag_v1.greet_fn scheduled__2024-02-04T00:00:00+00:00 [queued]>
[2024-02-14T10:15:51.376+0000] {taskinstance.py:1957} INFO - Dependencies all met for dep_context=requeueable deps ti=<TaskInstance: python_operator_dag_v1.greet_fn scheduled__2024-02-04T00:00:00+00:00 [queued]>
[2024-02-14T10:15:51.377+0000] {taskinstance.py:2171} INFO - Starting attempt 1 of 6
[2024-02-14T10:15:51.412+0000] {taskinstance.py:2192} INFO - Executing <Task(PythonOperator): greet_fn> on 2024-02-04 00:00:00+00:00
[2024-02-14T10:15:51.415+0000] {standard_task_runner.py:60} INFO - Started process 43815 to run task
[2024-02-14T10:15:51.418+0000] {standard_task_runner.py:87} INFO - Running: ['airflow', 'tasks', 'run', 'python_operator_dag_v1', 'greet_fn', 'scheduled__2024-02-04T00:00:00+00:00', '--job-id', '172', '--raw', '--subdir', 'DAGS_FOLDER/python_operator_dag.py', '--cfg-path', '/tmp/tmpmf4h7hrz']
[2024-02-14T10:15:51.419+0000] {standard_task_runner.py:88} INFO - Job 172: Subtask greet_fn
[2024-02-14T10:15:51.486+0000] {task_command.py:423} INFO - Running <TaskInstance: python_operator_dag_v1.greet_fn scheduled__2024-02-04T00:00:00+00:00 [running]> on host codespaces-57ffd0
[2024-02-14T10:15:51.587+0000] {taskinstance.py:2481} INFO - Exporting env vars: AIRFLOW_CTX_DAG_OWNER='raghu' AIRFLOW_CTX_DAG_ID='python_operator_dag_v1' AIRFLOW_CTX_TASK_ID='greet_fn' AIRFLOW_CTX_EXECUTION_DATE='2024-02-04T00:00:00+00:00' AIRFLOW_CTX_TRY_NUMBER='1' AIRFLOW_CTX_DAG_RUN_ID='scheduled__2024-02-04T00:00:00+00:00'
[2024-02-14T10:15:51.588+0000] {logging_mixin.py:188} INFO - My name is {name} and I am {age} years old
[2024-02-14T10:15:51.588+0000] {python.py:201} INFO - Done. Returned value was: None
[2024-02-14T10:15:51.593+0000] {taskinstance.py:1138} INFO - Marking task as SUCCESS. dag_id=python_operator_dag_v1, task_id=greet_fn, execution_date=20240204T000000, start_date=20240214T101551, end_date=20240214T101551
[2024-02-14T10:15:51.637+0000] {local_task_job_runner.py:234} INFO - Task exited with return code 0
[2024-02-14T10:15:51.651+0000] {taskinstance.py:3281} INFO - 0 downstream tasks scheduled from follow-on schedule check
