[2024-02-12T19:43:53.229+0000] {processor.py:161} INFO - Started process (PID=15933) to work on /home/codespace/.local/share/virtualenvs/airflow_sandbox-vp-HKq_L/lib/python3.10/site-packages/airflow/example_dags/example_xcom.py
[2024-02-12T19:43:53.230+0000] {processor.py:830} INFO - Processing file /home/codespace/.local/share/virtualenvs/airflow_sandbox-vp-HKq_L/lib/python3.10/site-packages/airflow/example_dags/example_xcom.py for tasks to queue
[2024-02-12T19:43:53.231+0000] {logging_mixin.py:188} INFO - [2024-02-12T19:43:53.231+0000] {dagbag.py:538} INFO - Filling up the DagBag from /home/codespace/.local/share/virtualenvs/airflow_sandbox-vp-HKq_L/lib/python3.10/site-packages/airflow/example_dags/example_xcom.py
[2024-02-12T19:43:53.237+0000] {processor.py:840} INFO - DAG(s) 'example_xcom' retrieved from /home/codespace/.local/share/virtualenvs/airflow_sandbox-vp-HKq_L/lib/python3.10/site-packages/airflow/example_dags/example_xcom.py
[2024-02-12T19:43:53.471+0000] {logging_mixin.py:188} INFO - [2024-02-12T19:43:53.471+0000] {override.py:1769} INFO - Created Permission View: can delete on DAG:example_xcom
[2024-02-12T19:43:53.501+0000] {logging_mixin.py:188} INFO - [2024-02-12T19:43:53.501+0000] {override.py:1769} INFO - Created Permission View: can read on DAG:example_xcom
[2024-02-12T19:43:53.529+0000] {logging_mixin.py:188} INFO - [2024-02-12T19:43:53.529+0000] {override.py:1769} INFO - Created Permission View: can edit on DAG:example_xcom
[2024-02-12T19:43:53.529+0000] {logging_mixin.py:188} INFO - [2024-02-12T19:43:53.529+0000] {dag.py:3033} INFO - Sync 1 DAGs
[2024-02-12T19:43:53.536+0000] {logging_mixin.py:188} INFO - [2024-02-12T19:43:53.536+0000] {dag.py:3055} INFO - Creating ORM DAG for example_xcom
[2024-02-12T19:43:53.542+0000] {logging_mixin.py:188} INFO - [2024-02-12T19:43:53.542+0000] {dag.py:3820} INFO - Setting next_dagrun for example_xcom to 2021-01-01T00:00:00+00:00, run_after=2021-01-01T00:00:00+00:00
[2024-02-12T19:43:53.585+0000] {processor.py:183} INFO - Processing /home/codespace/.local/share/virtualenvs/airflow_sandbox-vp-HKq_L/lib/python3.10/site-packages/airflow/example_dags/example_xcom.py took 0.359 seconds
[2024-02-12T20:00:01.984+0000] {processor.py:161} INFO - Started process (PID=25316) to work on /home/codespace/.local/share/virtualenvs/airflow_sandbox-vp-HKq_L/lib/python3.10/site-packages/airflow/example_dags/example_xcom.py
[2024-02-12T20:00:01.985+0000] {processor.py:830} INFO - Processing file /home/codespace/.local/share/virtualenvs/airflow_sandbox-vp-HKq_L/lib/python3.10/site-packages/airflow/example_dags/example_xcom.py for tasks to queue
[2024-02-12T20:00:01.986+0000] {logging_mixin.py:188} INFO - [2024-02-12T20:00:01.985+0000] {dagbag.py:538} INFO - Filling up the DagBag from /home/codespace/.local/share/virtualenvs/airflow_sandbox-vp-HKq_L/lib/python3.10/site-packages/airflow/example_dags/example_xcom.py
[2024-02-12T20:00:01.991+0000] {processor.py:840} INFO - DAG(s) 'example_xcom' retrieved from /home/codespace/.local/share/virtualenvs/airflow_sandbox-vp-HKq_L/lib/python3.10/site-packages/airflow/example_dags/example_xcom.py
[2024-02-12T20:00:02.010+0000] {logging_mixin.py:188} INFO - [2024-02-12T20:00:02.009+0000] {dag.py:3033} INFO - Sync 1 DAGs
[2024-02-12T20:00:02.103+0000] {logging_mixin.py:188} INFO - [2024-02-12T20:00:02.103+0000] {dag.py:3820} INFO - Setting next_dagrun for example_xcom to 2021-01-01T00:00:00+00:00, run_after=2021-01-01T00:00:00+00:00
[2024-02-12T20:00:02.141+0000] {processor.py:183} INFO - Processing /home/codespace/.local/share/virtualenvs/airflow_sandbox-vp-HKq_L/lib/python3.10/site-packages/airflow/example_dags/example_xcom.py took 0.159 seconds
[2024-02-12T20:00:52.977+0000] {processor.py:161} INFO - Started process (PID=25781) to work on /home/codespace/.local/share/virtualenvs/airflow_sandbox-vp-HKq_L/lib/python3.10/site-packages/airflow/example_dags/example_xcom.py
[2024-02-12T20:00:52.978+0000] {processor.py:830} INFO - Processing file /home/codespace/.local/share/virtualenvs/airflow_sandbox-vp-HKq_L/lib/python3.10/site-packages/airflow/example_dags/example_xcom.py for tasks to queue
[2024-02-12T20:00:52.979+0000] {logging_mixin.py:188} INFO - [2024-02-12T20:00:52.978+0000] {dagbag.py:538} INFO - Filling up the DagBag from /home/codespace/.local/share/virtualenvs/airflow_sandbox-vp-HKq_L/lib/python3.10/site-packages/airflow/example_dags/example_xcom.py
[2024-02-12T20:00:52.985+0000] {processor.py:840} INFO - DAG(s) 'example_xcom' retrieved from /home/codespace/.local/share/virtualenvs/airflow_sandbox-vp-HKq_L/lib/python3.10/site-packages/airflow/example_dags/example_xcom.py
[2024-02-12T20:00:52.997+0000] {logging_mixin.py:188} INFO - [2024-02-12T20:00:52.997+0000] {dag.py:3033} INFO - Sync 1 DAGs
[2024-02-12T20:00:53.012+0000] {logging_mixin.py:188} INFO - [2024-02-12T20:00:53.012+0000] {dag.py:3820} INFO - Setting next_dagrun for example_xcom to 2021-01-01T00:00:00+00:00, run_after=2021-01-01T00:00:00+00:00
[2024-02-12T20:00:53.052+0000] {processor.py:183} INFO - Processing /home/codespace/.local/share/virtualenvs/airflow_sandbox-vp-HKq_L/lib/python3.10/site-packages/airflow/example_dags/example_xcom.py took 0.077 seconds
[2024-02-12T20:01:39.874+0000] {processor.py:161} INFO - Started process (PID=26214) to work on /home/codespace/.local/share/virtualenvs/airflow_sandbox-vp-HKq_L/lib/python3.10/site-packages/airflow/example_dags/example_xcom.py
[2024-02-12T20:01:39.874+0000] {processor.py:830} INFO - Processing file /home/codespace/.local/share/virtualenvs/airflow_sandbox-vp-HKq_L/lib/python3.10/site-packages/airflow/example_dags/example_xcom.py for tasks to queue
[2024-02-12T20:01:39.875+0000] {logging_mixin.py:188} INFO - [2024-02-12T20:01:39.875+0000] {dagbag.py:538} INFO - Filling up the DagBag from /home/codespace/.local/share/virtualenvs/airflow_sandbox-vp-HKq_L/lib/python3.10/site-packages/airflow/example_dags/example_xcom.py
[2024-02-12T20:01:39.882+0000] {processor.py:840} INFO - DAG(s) 'example_xcom' retrieved from /home/codespace/.local/share/virtualenvs/airflow_sandbox-vp-HKq_L/lib/python3.10/site-packages/airflow/example_dags/example_xcom.py
[2024-02-12T20:01:39.894+0000] {logging_mixin.py:188} INFO - [2024-02-12T20:01:39.894+0000] {dag.py:3033} INFO - Sync 1 DAGs
[2024-02-12T20:01:39.909+0000] {logging_mixin.py:188} INFO - [2024-02-12T20:01:39.909+0000] {dag.py:3820} INFO - Setting next_dagrun for example_xcom to 2021-01-01T00:00:00+00:00, run_after=2021-01-01T00:00:00+00:00
[2024-02-12T20:01:39.952+0000] {processor.py:183} INFO - Processing /home/codespace/.local/share/virtualenvs/airflow_sandbox-vp-HKq_L/lib/python3.10/site-packages/airflow/example_dags/example_xcom.py took 0.081 seconds
[2024-02-12T20:02:25.925+0000] {processor.py:161} INFO - Started process (PID=26668) to work on /home/codespace/.local/share/virtualenvs/airflow_sandbox-vp-HKq_L/lib/python3.10/site-packages/airflow/example_dags/example_xcom.py
[2024-02-12T20:02:25.926+0000] {processor.py:830} INFO - Processing file /home/codespace/.local/share/virtualenvs/airflow_sandbox-vp-HKq_L/lib/python3.10/site-packages/airflow/example_dags/example_xcom.py for tasks to queue
[2024-02-12T20:02:25.926+0000] {logging_mixin.py:188} INFO - [2024-02-12T20:02:25.926+0000] {dagbag.py:538} INFO - Filling up the DagBag from /home/codespace/.local/share/virtualenvs/airflow_sandbox-vp-HKq_L/lib/python3.10/site-packages/airflow/example_dags/example_xcom.py
[2024-02-12T20:02:25.932+0000] {processor.py:840} INFO - DAG(s) 'example_xcom' retrieved from /home/codespace/.local/share/virtualenvs/airflow_sandbox-vp-HKq_L/lib/python3.10/site-packages/airflow/example_dags/example_xcom.py
[2024-02-12T20:02:25.945+0000] {logging_mixin.py:188} INFO - [2024-02-12T20:02:25.945+0000] {dag.py:3033} INFO - Sync 1 DAGs
[2024-02-12T20:02:25.965+0000] {logging_mixin.py:188} INFO - [2024-02-12T20:02:25.964+0000] {dag.py:3820} INFO - Setting next_dagrun for example_xcom to 2021-01-01T00:00:00+00:00, run_after=2021-01-01T00:00:00+00:00
[2024-02-12T20:02:26.005+0000] {processor.py:183} INFO - Processing /home/codespace/.local/share/virtualenvs/airflow_sandbox-vp-HKq_L/lib/python3.10/site-packages/airflow/example_dags/example_xcom.py took 0.083 seconds
