[2024-02-12T19:43:56.855+0000] {processor.py:161} INFO - Started process (PID=15968) to work on /home/codespace/.local/share/virtualenvs/airflow_sandbox-vp-HKq_L/lib/python3.10/site-packages/airflow/example_dags/example_trigger_controller_dag.py
[2024-02-12T19:43:56.856+0000] {processor.py:830} INFO - Processing file /home/codespace/.local/share/virtualenvs/airflow_sandbox-vp-HKq_L/lib/python3.10/site-packages/airflow/example_dags/example_trigger_controller_dag.py for tasks to queue
[2024-02-12T19:43:56.857+0000] {logging_mixin.py:188} INFO - [2024-02-12T19:43:56.856+0000] {dagbag.py:538} INFO - Filling up the DagBag from /home/codespace/.local/share/virtualenvs/airflow_sandbox-vp-HKq_L/lib/python3.10/site-packages/airflow/example_dags/example_trigger_controller_dag.py
[2024-02-12T19:43:56.861+0000] {processor.py:840} INFO - DAG(s) 'example_trigger_controller_dag' retrieved from /home/codespace/.local/share/virtualenvs/airflow_sandbox-vp-HKq_L/lib/python3.10/site-packages/airflow/example_dags/example_trigger_controller_dag.py
[2024-02-12T19:43:57.007+0000] {logging_mixin.py:188} INFO - [2024-02-12T19:43:57.006+0000] {override.py:1769} INFO - Created Permission View: can delete on DAG:example_trigger_controller_dag
[2024-02-12T19:43:57.040+0000] {logging_mixin.py:188} INFO - [2024-02-12T19:43:57.040+0000] {override.py:1769} INFO - Created Permission View: can read on DAG:example_trigger_controller_dag
[2024-02-12T19:43:57.069+0000] {logging_mixin.py:188} INFO - [2024-02-12T19:43:57.068+0000] {override.py:1769} INFO - Created Permission View: can edit on DAG:example_trigger_controller_dag
[2024-02-12T19:43:57.069+0000] {logging_mixin.py:188} INFO - [2024-02-12T19:43:57.069+0000] {dag.py:3033} INFO - Sync 1 DAGs
[2024-02-12T19:43:57.077+0000] {logging_mixin.py:188} INFO - [2024-02-12T19:43:57.077+0000] {dag.py:3055} INFO - Creating ORM DAG for example_trigger_controller_dag
[2024-02-12T19:43:57.083+0000] {logging_mixin.py:188} INFO - [2024-02-12T19:43:57.083+0000] {dag.py:3820} INFO - Setting next_dagrun for example_trigger_controller_dag to 2021-01-01T00:00:00+00:00, run_after=2021-01-01T00:00:00+00:00
[2024-02-12T19:43:57.128+0000] {processor.py:183} INFO - Processing /home/codespace/.local/share/virtualenvs/airflow_sandbox-vp-HKq_L/lib/python3.10/site-packages/airflow/example_dags/example_trigger_controller_dag.py took 0.275 seconds
[2024-02-12T20:00:05.728+0000] {processor.py:161} INFO - Started process (PID=25395) to work on /home/codespace/.local/share/virtualenvs/airflow_sandbox-vp-HKq_L/lib/python3.10/site-packages/airflow/example_dags/example_trigger_controller_dag.py
[2024-02-12T20:00:05.728+0000] {processor.py:830} INFO - Processing file /home/codespace/.local/share/virtualenvs/airflow_sandbox-vp-HKq_L/lib/python3.10/site-packages/airflow/example_dags/example_trigger_controller_dag.py for tasks to queue
[2024-02-12T20:00:05.729+0000] {logging_mixin.py:188} INFO - [2024-02-12T20:00:05.729+0000] {dagbag.py:538} INFO - Filling up the DagBag from /home/codespace/.local/share/virtualenvs/airflow_sandbox-vp-HKq_L/lib/python3.10/site-packages/airflow/example_dags/example_trigger_controller_dag.py
[2024-02-12T20:00:05.732+0000] {processor.py:840} INFO - DAG(s) 'example_trigger_controller_dag' retrieved from /home/codespace/.local/share/virtualenvs/airflow_sandbox-vp-HKq_L/lib/python3.10/site-packages/airflow/example_dags/example_trigger_controller_dag.py
[2024-02-12T20:00:05.746+0000] {logging_mixin.py:188} INFO - [2024-02-12T20:00:05.746+0000] {dag.py:3033} INFO - Sync 1 DAGs
[2024-02-12T20:00:05.762+0000] {logging_mixin.py:188} INFO - [2024-02-12T20:00:05.762+0000] {dag.py:3820} INFO - Setting next_dagrun for example_trigger_controller_dag to 2021-01-01T00:00:00+00:00, run_after=2021-01-01T00:00:00+00:00
[2024-02-12T20:00:05.801+0000] {processor.py:183} INFO - Processing /home/codespace/.local/share/virtualenvs/airflow_sandbox-vp-HKq_L/lib/python3.10/site-packages/airflow/example_dags/example_trigger_controller_dag.py took 0.076 seconds
[2024-02-12T20:00:56.405+0000] {processor.py:161} INFO - Started process (PID=25814) to work on /home/codespace/.local/share/virtualenvs/airflow_sandbox-vp-HKq_L/lib/python3.10/site-packages/airflow/example_dags/example_trigger_controller_dag.py
[2024-02-12T20:00:56.406+0000] {processor.py:830} INFO - Processing file /home/codespace/.local/share/virtualenvs/airflow_sandbox-vp-HKq_L/lib/python3.10/site-packages/airflow/example_dags/example_trigger_controller_dag.py for tasks to queue
[2024-02-12T20:00:56.406+0000] {logging_mixin.py:188} INFO - [2024-02-12T20:00:56.406+0000] {dagbag.py:538} INFO - Filling up the DagBag from /home/codespace/.local/share/virtualenvs/airflow_sandbox-vp-HKq_L/lib/python3.10/site-packages/airflow/example_dags/example_trigger_controller_dag.py
[2024-02-12T20:00:56.411+0000] {processor.py:840} INFO - DAG(s) 'example_trigger_controller_dag' retrieved from /home/codespace/.local/share/virtualenvs/airflow_sandbox-vp-HKq_L/lib/python3.10/site-packages/airflow/example_dags/example_trigger_controller_dag.py
[2024-02-12T20:00:56.421+0000] {logging_mixin.py:188} INFO - [2024-02-12T20:00:56.421+0000] {dag.py:3033} INFO - Sync 1 DAGs
[2024-02-12T20:00:56.436+0000] {logging_mixin.py:188} INFO - [2024-02-12T20:00:56.436+0000] {dag.py:3820} INFO - Setting next_dagrun for example_trigger_controller_dag to 2021-01-01T00:00:00+00:00, run_after=2021-01-01T00:00:00+00:00
[2024-02-12T20:00:56.475+0000] {processor.py:183} INFO - Processing /home/codespace/.local/share/virtualenvs/airflow_sandbox-vp-HKq_L/lib/python3.10/site-packages/airflow/example_dags/example_trigger_controller_dag.py took 0.072 seconds
[2024-02-12T20:01:43.301+0000] {processor.py:161} INFO - Started process (PID=26223) to work on /home/codespace/.local/share/virtualenvs/airflow_sandbox-vp-HKq_L/lib/python3.10/site-packages/airflow/example_dags/example_trigger_controller_dag.py
[2024-02-12T20:01:43.302+0000] {processor.py:830} INFO - Processing file /home/codespace/.local/share/virtualenvs/airflow_sandbox-vp-HKq_L/lib/python3.10/site-packages/airflow/example_dags/example_trigger_controller_dag.py for tasks to queue
[2024-02-12T20:01:43.303+0000] {logging_mixin.py:188} INFO - [2024-02-12T20:01:43.303+0000] {dagbag.py:538} INFO - Filling up the DagBag from /home/codespace/.local/share/virtualenvs/airflow_sandbox-vp-HKq_L/lib/python3.10/site-packages/airflow/example_dags/example_trigger_controller_dag.py
[2024-02-12T20:01:43.307+0000] {processor.py:840} INFO - DAG(s) 'example_trigger_controller_dag' retrieved from /home/codespace/.local/share/virtualenvs/airflow_sandbox-vp-HKq_L/lib/python3.10/site-packages/airflow/example_dags/example_trigger_controller_dag.py
[2024-02-12T20:01:43.318+0000] {logging_mixin.py:188} INFO - [2024-02-12T20:01:43.318+0000] {dag.py:3033} INFO - Sync 1 DAGs
[2024-02-12T20:01:43.333+0000] {logging_mixin.py:188} INFO - [2024-02-12T20:01:43.333+0000] {dag.py:3820} INFO - Setting next_dagrun for example_trigger_controller_dag to 2021-01-01T00:00:00+00:00, run_after=2021-01-01T00:00:00+00:00
[2024-02-12T20:01:43.375+0000] {processor.py:183} INFO - Processing /home/codespace/.local/share/virtualenvs/airflow_sandbox-vp-HKq_L/lib/python3.10/site-packages/airflow/example_dags/example_trigger_controller_dag.py took 0.076 seconds
[2024-02-12T20:02:27.996+0000] {processor.py:161} INFO - Started process (PID=26705) to work on /home/codespace/.local/share/virtualenvs/airflow_sandbox-vp-HKq_L/lib/python3.10/site-packages/airflow/example_dags/example_trigger_controller_dag.py
[2024-02-12T20:02:27.997+0000] {processor.py:830} INFO - Processing file /home/codespace/.local/share/virtualenvs/airflow_sandbox-vp-HKq_L/lib/python3.10/site-packages/airflow/example_dags/example_trigger_controller_dag.py for tasks to queue
[2024-02-12T20:02:27.998+0000] {logging_mixin.py:188} INFO - [2024-02-12T20:02:27.997+0000] {dagbag.py:538} INFO - Filling up the DagBag from /home/codespace/.local/share/virtualenvs/airflow_sandbox-vp-HKq_L/lib/python3.10/site-packages/airflow/example_dags/example_trigger_controller_dag.py
[2024-02-12T20:02:28.002+0000] {processor.py:840} INFO - DAG(s) 'example_trigger_controller_dag' retrieved from /home/codespace/.local/share/virtualenvs/airflow_sandbox-vp-HKq_L/lib/python3.10/site-packages/airflow/example_dags/example_trigger_controller_dag.py
[2024-02-12T20:02:28.013+0000] {logging_mixin.py:188} INFO - [2024-02-12T20:02:28.013+0000] {dag.py:3033} INFO - Sync 1 DAGs
[2024-02-12T20:02:28.035+0000] {logging_mixin.py:188} INFO - [2024-02-12T20:02:28.035+0000] {dag.py:3820} INFO - Setting next_dagrun for example_trigger_controller_dag to 2021-01-01T00:00:00+00:00, run_after=2021-01-01T00:00:00+00:00
[2024-02-12T20:02:28.073+0000] {processor.py:183} INFO - Processing /home/codespace/.local/share/virtualenvs/airflow_sandbox-vp-HKq_L/lib/python3.10/site-packages/airflow/example_dags/example_trigger_controller_dag.py took 0.079 seconds
