[2024-02-12T19:44:05.778+0000] {processor.py:161} INFO - Started process (PID=16019) to work on /home/codespace/.local/share/virtualenvs/airflow_sandbox-vp-HKq_L/lib/python3.10/site-packages/airflow/example_dags/example_params_ui_tutorial.py
[2024-02-12T19:44:05.779+0000] {processor.py:830} INFO - Processing file /home/codespace/.local/share/virtualenvs/airflow_sandbox-vp-HKq_L/lib/python3.10/site-packages/airflow/example_dags/example_params_ui_tutorial.py for tasks to queue
[2024-02-12T19:44:05.779+0000] {logging_mixin.py:188} INFO - [2024-02-12T19:44:05.779+0000] {dagbag.py:538} INFO - Filling up the DagBag from /home/codespace/.local/share/virtualenvs/airflow_sandbox-vp-HKq_L/lib/python3.10/site-packages/airflow/example_dags/example_params_ui_tutorial.py
[2024-02-12T19:44:05.789+0000] {processor.py:840} INFO - DAG(s) 'example_params_ui_tutorial' retrieved from /home/codespace/.local/share/virtualenvs/airflow_sandbox-vp-HKq_L/lib/python3.10/site-packages/airflow/example_dags/example_params_ui_tutorial.py
[2024-02-12T19:44:05.954+0000] {logging_mixin.py:188} INFO - [2024-02-12T19:44:05.953+0000] {override.py:1769} INFO - Created Permission View: can delete on DAG:example_params_ui_tutorial
[2024-02-12T19:44:05.984+0000] {logging_mixin.py:188} INFO - [2024-02-12T19:44:05.984+0000] {override.py:1769} INFO - Created Permission View: can read on DAG:example_params_ui_tutorial
[2024-02-12T19:44:06.013+0000] {logging_mixin.py:188} INFO - [2024-02-12T19:44:06.013+0000] {override.py:1769} INFO - Created Permission View: can edit on DAG:example_params_ui_tutorial
[2024-02-12T19:44:06.014+0000] {logging_mixin.py:188} INFO - [2024-02-12T19:44:06.014+0000] {dag.py:3033} INFO - Sync 1 DAGs
[2024-02-12T19:44:06.023+0000] {logging_mixin.py:188} INFO - [2024-02-12T19:44:06.023+0000] {dag.py:3055} INFO - Creating ORM DAG for example_params_ui_tutorial
[2024-02-12T19:44:06.023+0000] {logging_mixin.py:188} INFO - [2024-02-12T19:44:06.023+0000] {dag.py:3820} INFO - Setting next_dagrun for example_params_ui_tutorial to None, run_after=None
[2024-02-12T19:44:06.067+0000] {processor.py:183} INFO - Processing /home/codespace/.local/share/virtualenvs/airflow_sandbox-vp-HKq_L/lib/python3.10/site-packages/airflow/example_dags/example_params_ui_tutorial.py took 0.292 seconds
[2024-02-12T20:00:13.448+0000] {processor.py:161} INFO - Started process (PID=25482) to work on /home/codespace/.local/share/virtualenvs/airflow_sandbox-vp-HKq_L/lib/python3.10/site-packages/airflow/example_dags/example_params_ui_tutorial.py
[2024-02-12T20:00:13.448+0000] {processor.py:830} INFO - Processing file /home/codespace/.local/share/virtualenvs/airflow_sandbox-vp-HKq_L/lib/python3.10/site-packages/airflow/example_dags/example_params_ui_tutorial.py for tasks to queue
[2024-02-12T20:00:13.449+0000] {logging_mixin.py:188} INFO - [2024-02-12T20:00:13.449+0000] {dagbag.py:538} INFO - Filling up the DagBag from /home/codespace/.local/share/virtualenvs/airflow_sandbox-vp-HKq_L/lib/python3.10/site-packages/airflow/example_dags/example_params_ui_tutorial.py
[2024-02-12T20:00:13.459+0000] {processor.py:840} INFO - DAG(s) 'example_params_ui_tutorial' retrieved from /home/codespace/.local/share/virtualenvs/airflow_sandbox-vp-HKq_L/lib/python3.10/site-packages/airflow/example_dags/example_params_ui_tutorial.py
[2024-02-12T20:00:13.497+0000] {logging_mixin.py:188} INFO - [2024-02-12T20:00:13.497+0000] {dag.py:3033} INFO - Sync 1 DAGs
[2024-02-12T20:00:13.505+0000] {logging_mixin.py:188} INFO - [2024-02-12T20:00:13.505+0000] {dag.py:3820} INFO - Setting next_dagrun for example_params_ui_tutorial to None, run_after=None
[2024-02-12T20:00:13.550+0000] {processor.py:183} INFO - Processing /home/codespace/.local/share/virtualenvs/airflow_sandbox-vp-HKq_L/lib/python3.10/site-packages/airflow/example_dags/example_params_ui_tutorial.py took 0.105 seconds
[2024-02-12T20:01:03.306+0000] {processor.py:161} INFO - Started process (PID=25852) to work on /home/codespace/.local/share/virtualenvs/airflow_sandbox-vp-HKq_L/lib/python3.10/site-packages/airflow/example_dags/example_params_ui_tutorial.py
[2024-02-12T20:01:03.307+0000] {processor.py:830} INFO - Processing file /home/codespace/.local/share/virtualenvs/airflow_sandbox-vp-HKq_L/lib/python3.10/site-packages/airflow/example_dags/example_params_ui_tutorial.py for tasks to queue
[2024-02-12T20:01:03.308+0000] {logging_mixin.py:188} INFO - [2024-02-12T20:01:03.308+0000] {dagbag.py:538} INFO - Filling up the DagBag from /home/codespace/.local/share/virtualenvs/airflow_sandbox-vp-HKq_L/lib/python3.10/site-packages/airflow/example_dags/example_params_ui_tutorial.py
[2024-02-12T20:01:03.318+0000] {processor.py:840} INFO - DAG(s) 'example_params_ui_tutorial' retrieved from /home/codespace/.local/share/virtualenvs/airflow_sandbox-vp-HKq_L/lib/python3.10/site-packages/airflow/example_dags/example_params_ui_tutorial.py
[2024-02-12T20:01:03.356+0000] {logging_mixin.py:188} INFO - [2024-02-12T20:01:03.356+0000] {dag.py:3033} INFO - Sync 1 DAGs
[2024-02-12T20:01:03.365+0000] {logging_mixin.py:188} INFO - [2024-02-12T20:01:03.365+0000] {dag.py:3820} INFO - Setting next_dagrun for example_params_ui_tutorial to None, run_after=None
[2024-02-12T20:01:03.404+0000] {processor.py:183} INFO - Processing /home/codespace/.local/share/virtualenvs/airflow_sandbox-vp-HKq_L/lib/python3.10/site-packages/airflow/example_dags/example_params_ui_tutorial.py took 0.100 seconds
[2024-02-12T20:01:48.596+0000] {processor.py:161} INFO - Started process (PID=26276) to work on /home/codespace/.local/share/virtualenvs/airflow_sandbox-vp-HKq_L/lib/python3.10/site-packages/airflow/example_dags/example_params_ui_tutorial.py
[2024-02-12T20:01:48.597+0000] {processor.py:830} INFO - Processing file /home/codespace/.local/share/virtualenvs/airflow_sandbox-vp-HKq_L/lib/python3.10/site-packages/airflow/example_dags/example_params_ui_tutorial.py for tasks to queue
[2024-02-12T20:01:48.598+0000] {logging_mixin.py:188} INFO - [2024-02-12T20:01:48.597+0000] {dagbag.py:538} INFO - Filling up the DagBag from /home/codespace/.local/share/virtualenvs/airflow_sandbox-vp-HKq_L/lib/python3.10/site-packages/airflow/example_dags/example_params_ui_tutorial.py
[2024-02-12T20:01:48.608+0000] {processor.py:840} INFO - DAG(s) 'example_params_ui_tutorial' retrieved from /home/codespace/.local/share/virtualenvs/airflow_sandbox-vp-HKq_L/lib/python3.10/site-packages/airflow/example_dags/example_params_ui_tutorial.py
[2024-02-12T20:01:48.646+0000] {logging_mixin.py:188} INFO - [2024-02-12T20:01:48.646+0000] {dag.py:3033} INFO - Sync 1 DAGs
[2024-02-12T20:01:48.655+0000] {logging_mixin.py:188} INFO - [2024-02-12T20:01:48.654+0000] {dag.py:3820} INFO - Setting next_dagrun for example_params_ui_tutorial to None, run_after=None
[2024-02-12T20:01:48.693+0000] {processor.py:183} INFO - Processing /home/codespace/.local/share/virtualenvs/airflow_sandbox-vp-HKq_L/lib/python3.10/site-packages/airflow/example_dags/example_params_ui_tutorial.py took 0.099 seconds
