[2024-02-12T19:44:01.824+0000] {processor.py:161} INFO - Started process (PID=15997) to work on /home/codespace/.local/share/virtualenvs/airflow_sandbox-vp-HKq_L/lib/python3.10/site-packages/airflow/example_dags/example_dynamic_task_mapping.py
[2024-02-12T19:44:01.824+0000] {processor.py:830} INFO - Processing file /home/codespace/.local/share/virtualenvs/airflow_sandbox-vp-HKq_L/lib/python3.10/site-packages/airflow/example_dags/example_dynamic_task_mapping.py for tasks to queue
[2024-02-12T19:44:01.825+0000] {logging_mixin.py:188} INFO - [2024-02-12T19:44:01.825+0000] {dagbag.py:538} INFO - Filling up the DagBag from /home/codespace/.local/share/virtualenvs/airflow_sandbox-vp-HKq_L/lib/python3.10/site-packages/airflow/example_dags/example_dynamic_task_mapping.py
[2024-02-12T19:44:01.830+0000] {processor.py:840} INFO - DAG(s) 'example_dynamic_task_mapping' retrieved from /home/codespace/.local/share/virtualenvs/airflow_sandbox-vp-HKq_L/lib/python3.10/site-packages/airflow/example_dags/example_dynamic_task_mapping.py
[2024-02-12T19:44:01.967+0000] {logging_mixin.py:188} INFO - [2024-02-12T19:44:01.966+0000] {override.py:1769} INFO - Created Permission View: can delete on DAG:example_dynamic_task_mapping
[2024-02-12T19:44:01.998+0000] {logging_mixin.py:188} INFO - [2024-02-12T19:44:01.998+0000] {override.py:1769} INFO - Created Permission View: can read on DAG:example_dynamic_task_mapping
[2024-02-12T19:44:02.026+0000] {logging_mixin.py:188} INFO - [2024-02-12T19:44:02.026+0000] {override.py:1769} INFO - Created Permission View: can edit on DAG:example_dynamic_task_mapping
[2024-02-12T19:44:02.027+0000] {logging_mixin.py:188} INFO - [2024-02-12T19:44:02.027+0000] {dag.py:3033} INFO - Sync 1 DAGs
[2024-02-12T19:44:02.035+0000] {logging_mixin.py:188} INFO - [2024-02-12T19:44:02.035+0000] {dag.py:3055} INFO - Creating ORM DAG for example_dynamic_task_mapping
[2024-02-12T19:44:02.043+0000] {logging_mixin.py:188} INFO - [2024-02-12T19:44:02.043+0000] {dag.py:3820} INFO - Setting next_dagrun for example_dynamic_task_mapping to 2022-03-04T00:00:00+00:00, run_after=2022-03-05T00:00:00+00:00
[2024-02-12T19:44:02.088+0000] {processor.py:183} INFO - Processing /home/codespace/.local/share/virtualenvs/airflow_sandbox-vp-HKq_L/lib/python3.10/site-packages/airflow/example_dags/example_dynamic_task_mapping.py took 0.266 seconds
[2024-02-12T20:00:09.807+0000] {processor.py:161} INFO - Started process (PID=25428) to work on /home/codespace/.local/share/virtualenvs/airflow_sandbox-vp-HKq_L/lib/python3.10/site-packages/airflow/example_dags/example_dynamic_task_mapping.py
[2024-02-12T20:00:09.807+0000] {processor.py:830} INFO - Processing file /home/codespace/.local/share/virtualenvs/airflow_sandbox-vp-HKq_L/lib/python3.10/site-packages/airflow/example_dags/example_dynamic_task_mapping.py for tasks to queue
[2024-02-12T20:00:09.808+0000] {logging_mixin.py:188} INFO - [2024-02-12T20:00:09.808+0000] {dagbag.py:538} INFO - Filling up the DagBag from /home/codespace/.local/share/virtualenvs/airflow_sandbox-vp-HKq_L/lib/python3.10/site-packages/airflow/example_dags/example_dynamic_task_mapping.py
[2024-02-12T20:00:09.813+0000] {processor.py:840} INFO - DAG(s) 'example_dynamic_task_mapping' retrieved from /home/codespace/.local/share/virtualenvs/airflow_sandbox-vp-HKq_L/lib/python3.10/site-packages/airflow/example_dags/example_dynamic_task_mapping.py
[2024-02-12T20:00:09.825+0000] {logging_mixin.py:188} INFO - [2024-02-12T20:00:09.825+0000] {dag.py:3033} INFO - Sync 1 DAGs
[2024-02-12T20:00:09.839+0000] {logging_mixin.py:188} INFO - [2024-02-12T20:00:09.839+0000] {dag.py:3820} INFO - Setting next_dagrun for example_dynamic_task_mapping to 2022-03-04T00:00:00+00:00, run_after=2022-03-05T00:00:00+00:00
[2024-02-12T20:00:09.878+0000] {processor.py:183} INFO - Processing /home/codespace/.local/share/virtualenvs/airflow_sandbox-vp-HKq_L/lib/python3.10/site-packages/airflow/example_dags/example_dynamic_task_mapping.py took 0.074 seconds
[2024-02-12T20:00:59.305+0000] {processor.py:161} INFO - Started process (PID=25830) to work on /home/codespace/.local/share/virtualenvs/airflow_sandbox-vp-HKq_L/lib/python3.10/site-packages/airflow/example_dags/example_dynamic_task_mapping.py
[2024-02-12T20:00:59.306+0000] {processor.py:830} INFO - Processing file /home/codespace/.local/share/virtualenvs/airflow_sandbox-vp-HKq_L/lib/python3.10/site-packages/airflow/example_dags/example_dynamic_task_mapping.py for tasks to queue
[2024-02-12T20:00:59.307+0000] {logging_mixin.py:188} INFO - [2024-02-12T20:00:59.306+0000] {dagbag.py:538} INFO - Filling up the DagBag from /home/codespace/.local/share/virtualenvs/airflow_sandbox-vp-HKq_L/lib/python3.10/site-packages/airflow/example_dags/example_dynamic_task_mapping.py
[2024-02-12T20:00:59.312+0000] {processor.py:840} INFO - DAG(s) 'example_dynamic_task_mapping' retrieved from /home/codespace/.local/share/virtualenvs/airflow_sandbox-vp-HKq_L/lib/python3.10/site-packages/airflow/example_dags/example_dynamic_task_mapping.py
[2024-02-12T20:00:59.322+0000] {logging_mixin.py:188} INFO - [2024-02-12T20:00:59.322+0000] {dag.py:3033} INFO - Sync 1 DAGs
[2024-02-12T20:00:59.337+0000] {logging_mixin.py:188} INFO - [2024-02-12T20:00:59.336+0000] {dag.py:3820} INFO - Setting next_dagrun for example_dynamic_task_mapping to 2022-03-04T00:00:00+00:00, run_after=2022-03-05T00:00:00+00:00
[2024-02-12T20:00:59.376+0000] {processor.py:183} INFO - Processing /home/codespace/.local/share/virtualenvs/airflow_sandbox-vp-HKq_L/lib/python3.10/site-packages/airflow/example_dags/example_dynamic_task_mapping.py took 0.072 seconds
[2024-02-12T20:01:45.454+0000] {processor.py:161} INFO - Started process (PID=26260) to work on /home/codespace/.local/share/virtualenvs/airflow_sandbox-vp-HKq_L/lib/python3.10/site-packages/airflow/example_dags/example_dynamic_task_mapping.py
[2024-02-12T20:01:45.455+0000] {processor.py:830} INFO - Processing file /home/codespace/.local/share/virtualenvs/airflow_sandbox-vp-HKq_L/lib/python3.10/site-packages/airflow/example_dags/example_dynamic_task_mapping.py for tasks to queue
[2024-02-12T20:01:45.456+0000] {logging_mixin.py:188} INFO - [2024-02-12T20:01:45.455+0000] {dagbag.py:538} INFO - Filling up the DagBag from /home/codespace/.local/share/virtualenvs/airflow_sandbox-vp-HKq_L/lib/python3.10/site-packages/airflow/example_dags/example_dynamic_task_mapping.py
[2024-02-12T20:01:45.461+0000] {processor.py:840} INFO - DAG(s) 'example_dynamic_task_mapping' retrieved from /home/codespace/.local/share/virtualenvs/airflow_sandbox-vp-HKq_L/lib/python3.10/site-packages/airflow/example_dags/example_dynamic_task_mapping.py
[2024-02-12T20:01:45.472+0000] {logging_mixin.py:188} INFO - [2024-02-12T20:01:45.472+0000] {dag.py:3033} INFO - Sync 1 DAGs
[2024-02-12T20:01:45.487+0000] {logging_mixin.py:188} INFO - [2024-02-12T20:01:45.487+0000] {dag.py:3820} INFO - Setting next_dagrun for example_dynamic_task_mapping to 2022-03-04T00:00:00+00:00, run_after=2022-03-05T00:00:00+00:00
[2024-02-12T20:01:45.527+0000] {processor.py:183} INFO - Processing /home/codespace/.local/share/virtualenvs/airflow_sandbox-vp-HKq_L/lib/python3.10/site-packages/airflow/example_dags/example_dynamic_task_mapping.py took 0.075 seconds
[2024-02-12T20:02:31.694+0000] {processor.py:161} INFO - Started process (PID=26749) to work on /home/codespace/.local/share/virtualenvs/airflow_sandbox-vp-HKq_L/lib/python3.10/site-packages/airflow/example_dags/example_dynamic_task_mapping.py
[2024-02-12T20:02:31.694+0000] {processor.py:830} INFO - Processing file /home/codespace/.local/share/virtualenvs/airflow_sandbox-vp-HKq_L/lib/python3.10/site-packages/airflow/example_dags/example_dynamic_task_mapping.py for tasks to queue
[2024-02-12T20:02:31.695+0000] {logging_mixin.py:188} INFO - [2024-02-12T20:02:31.695+0000] {dagbag.py:538} INFO - Filling up the DagBag from /home/codespace/.local/share/virtualenvs/airflow_sandbox-vp-HKq_L/lib/python3.10/site-packages/airflow/example_dags/example_dynamic_task_mapping.py
[2024-02-12T20:02:31.700+0000] {processor.py:840} INFO - DAG(s) 'example_dynamic_task_mapping' retrieved from /home/codespace/.local/share/virtualenvs/airflow_sandbox-vp-HKq_L/lib/python3.10/site-packages/airflow/example_dags/example_dynamic_task_mapping.py
[2024-02-12T20:02:31.714+0000] {logging_mixin.py:188} INFO - [2024-02-12T20:02:31.714+0000] {dag.py:3033} INFO - Sync 1 DAGs
[2024-02-12T20:02:31.729+0000] {logging_mixin.py:188} INFO - [2024-02-12T20:02:31.729+0000] {dag.py:3820} INFO - Setting next_dagrun for example_dynamic_task_mapping to 2022-03-04T00:00:00+00:00, run_after=2022-03-05T00:00:00+00:00
[2024-02-12T20:02:31.769+0000] {processor.py:183} INFO - Processing /home/codespace/.local/share/virtualenvs/airflow_sandbox-vp-HKq_L/lib/python3.10/site-packages/airflow/example_dags/example_dynamic_task_mapping.py took 0.077 seconds
[2024-02-12T20:03:28.034+0000] {processor.py:161} INFO - Started process (PID=27512) to work on /home/codespace/.local/share/virtualenvs/airflow_sandbox-vp-HKq_L/lib/python3.10/site-packages/airflow/example_dags/example_dynamic_task_mapping.py
[2024-02-12T20:03:28.035+0000] {processor.py:830} INFO - Processing file /home/codespace/.local/share/virtualenvs/airflow_sandbox-vp-HKq_L/lib/python3.10/site-packages/airflow/example_dags/example_dynamic_task_mapping.py for tasks to queue
[2024-02-12T20:03:28.035+0000] {logging_mixin.py:188} INFO - [2024-02-12T20:03:28.035+0000] {dagbag.py:538} INFO - Filling up the DagBag from /home/codespace/.local/share/virtualenvs/airflow_sandbox-vp-HKq_L/lib/python3.10/site-packages/airflow/example_dags/example_dynamic_task_mapping.py
[2024-02-12T20:03:28.040+0000] {processor.py:840} INFO - DAG(s) 'example_dynamic_task_mapping' retrieved from /home/codespace/.local/share/virtualenvs/airflow_sandbox-vp-HKq_L/lib/python3.10/site-packages/airflow/example_dags/example_dynamic_task_mapping.py
[2024-02-12T20:03:28.051+0000] {logging_mixin.py:188} INFO - [2024-02-12T20:03:28.051+0000] {dag.py:3033} INFO - Sync 1 DAGs
[2024-02-12T20:03:28.066+0000] {logging_mixin.py:188} INFO - [2024-02-12T20:03:28.066+0000] {dag.py:3820} INFO - Setting next_dagrun for example_dynamic_task_mapping to 2022-03-04T00:00:00+00:00, run_after=2022-03-05T00:00:00+00:00
[2024-02-12T20:03:28.107+0000] {processor.py:183} INFO - Processing /home/codespace/.local/share/virtualenvs/airflow_sandbox-vp-HKq_L/lib/python3.10/site-packages/airflow/example_dags/example_dynamic_task_mapping.py took 0.076 seconds
[2024-02-12T20:04:20.474+0000] {processor.py:161} INFO - Started process (PID=27962) to work on /home/codespace/.local/share/virtualenvs/airflow_sandbox-vp-HKq_L/lib/python3.10/site-packages/airflow/example_dags/example_dynamic_task_mapping.py
[2024-02-12T20:04:20.475+0000] {processor.py:830} INFO - Processing file /home/codespace/.local/share/virtualenvs/airflow_sandbox-vp-HKq_L/lib/python3.10/site-packages/airflow/example_dags/example_dynamic_task_mapping.py for tasks to queue
[2024-02-12T20:04:20.476+0000] {logging_mixin.py:188} INFO - [2024-02-12T20:04:20.476+0000] {dagbag.py:538} INFO - Filling up the DagBag from /home/codespace/.local/share/virtualenvs/airflow_sandbox-vp-HKq_L/lib/python3.10/site-packages/airflow/example_dags/example_dynamic_task_mapping.py
[2024-02-12T20:04:20.484+0000] {processor.py:840} INFO - DAG(s) 'example_dynamic_task_mapping' retrieved from /home/codespace/.local/share/virtualenvs/airflow_sandbox-vp-HKq_L/lib/python3.10/site-packages/airflow/example_dags/example_dynamic_task_mapping.py
[2024-02-12T20:04:20.495+0000] {logging_mixin.py:188} INFO - [2024-02-12T20:04:20.495+0000] {dag.py:3033} INFO - Sync 1 DAGs
[2024-02-12T20:04:20.510+0000] {logging_mixin.py:188} INFO - [2024-02-12T20:04:20.510+0000] {dag.py:3820} INFO - Setting next_dagrun for example_dynamic_task_mapping to 2022-03-04T00:00:00+00:00, run_after=2022-03-05T00:00:00+00:00
[2024-02-12T20:04:20.549+0000] {processor.py:183} INFO - Processing /home/codespace/.local/share/virtualenvs/airflow_sandbox-vp-HKq_L/lib/python3.10/site-packages/airflow/example_dags/example_dynamic_task_mapping.py took 0.078 seconds
[2024-02-12T20:05:12.163+0000] {processor.py:161} INFO - Started process (PID=28158) to work on /home/codespace/.local/share/virtualenvs/airflow_sandbox-vp-HKq_L/lib/python3.10/site-packages/airflow/example_dags/example_dynamic_task_mapping.py
[2024-02-12T20:05:12.163+0000] {processor.py:830} INFO - Processing file /home/codespace/.local/share/virtualenvs/airflow_sandbox-vp-HKq_L/lib/python3.10/site-packages/airflow/example_dags/example_dynamic_task_mapping.py for tasks to queue
[2024-02-12T20:05:12.164+0000] {logging_mixin.py:188} INFO - [2024-02-12T20:05:12.164+0000] {dagbag.py:538} INFO - Filling up the DagBag from /home/codespace/.local/share/virtualenvs/airflow_sandbox-vp-HKq_L/lib/python3.10/site-packages/airflow/example_dags/example_dynamic_task_mapping.py
[2024-02-12T20:05:12.169+0000] {processor.py:840} INFO - DAG(s) 'example_dynamic_task_mapping' retrieved from /home/codespace/.local/share/virtualenvs/airflow_sandbox-vp-HKq_L/lib/python3.10/site-packages/airflow/example_dags/example_dynamic_task_mapping.py
[2024-02-12T20:05:12.180+0000] {logging_mixin.py:188} INFO - [2024-02-12T20:05:12.180+0000] {dag.py:3033} INFO - Sync 1 DAGs
[2024-02-12T20:05:12.195+0000] {logging_mixin.py:188} INFO - [2024-02-12T20:05:12.195+0000] {dag.py:3820} INFO - Setting next_dagrun for example_dynamic_task_mapping to 2022-03-04T00:00:00+00:00, run_after=2022-03-05T00:00:00+00:00
[2024-02-12T20:05:12.233+0000] {processor.py:183} INFO - Processing /home/codespace/.local/share/virtualenvs/airflow_sandbox-vp-HKq_L/lib/python3.10/site-packages/airflow/example_dags/example_dynamic_task_mapping.py took 0.073 seconds
[2024-02-12T20:06:06.473+0000] {processor.py:161} INFO - Started process (PID=28316) to work on /home/codespace/.local/share/virtualenvs/airflow_sandbox-vp-HKq_L/lib/python3.10/site-packages/airflow/example_dags/example_dynamic_task_mapping.py
[2024-02-12T20:06:06.474+0000] {processor.py:830} INFO - Processing file /home/codespace/.local/share/virtualenvs/airflow_sandbox-vp-HKq_L/lib/python3.10/site-packages/airflow/example_dags/example_dynamic_task_mapping.py for tasks to queue
[2024-02-12T20:06:06.475+0000] {logging_mixin.py:188} INFO - [2024-02-12T20:06:06.474+0000] {dagbag.py:538} INFO - Filling up the DagBag from /home/codespace/.local/share/virtualenvs/airflow_sandbox-vp-HKq_L/lib/python3.10/site-packages/airflow/example_dags/example_dynamic_task_mapping.py
[2024-02-12T20:06:06.480+0000] {processor.py:840} INFO - DAG(s) 'example_dynamic_task_mapping' retrieved from /home/codespace/.local/share/virtualenvs/airflow_sandbox-vp-HKq_L/lib/python3.10/site-packages/airflow/example_dags/example_dynamic_task_mapping.py
[2024-02-12T20:06:06.491+0000] {logging_mixin.py:188} INFO - [2024-02-12T20:06:06.491+0000] {dag.py:3033} INFO - Sync 1 DAGs
[2024-02-12T20:06:06.505+0000] {logging_mixin.py:188} INFO - [2024-02-12T20:06:06.505+0000] {dag.py:3820} INFO - Setting next_dagrun for example_dynamic_task_mapping to 2022-03-04T00:00:00+00:00, run_after=2022-03-05T00:00:00+00:00
[2024-02-12T20:06:06.544+0000] {processor.py:183} INFO - Processing /home/codespace/.local/share/virtualenvs/airflow_sandbox-vp-HKq_L/lib/python3.10/site-packages/airflow/example_dags/example_dynamic_task_mapping.py took 0.073 seconds
[2024-02-12T20:07:00.391+0000] {processor.py:161} INFO - Started process (PID=28722) to work on /home/codespace/.local/share/virtualenvs/airflow_sandbox-vp-HKq_L/lib/python3.10/site-packages/airflow/example_dags/example_dynamic_task_mapping.py
[2024-02-12T20:07:00.391+0000] {processor.py:830} INFO - Processing file /home/codespace/.local/share/virtualenvs/airflow_sandbox-vp-HKq_L/lib/python3.10/site-packages/airflow/example_dags/example_dynamic_task_mapping.py for tasks to queue
[2024-02-12T20:07:00.392+0000] {logging_mixin.py:188} INFO - [2024-02-12T20:07:00.392+0000] {dagbag.py:538} INFO - Filling up the DagBag from /home/codespace/.local/share/virtualenvs/airflow_sandbox-vp-HKq_L/lib/python3.10/site-packages/airflow/example_dags/example_dynamic_task_mapping.py
[2024-02-12T20:07:00.397+0000] {processor.py:840} INFO - DAG(s) 'example_dynamic_task_mapping' retrieved from /home/codespace/.local/share/virtualenvs/airflow_sandbox-vp-HKq_L/lib/python3.10/site-packages/airflow/example_dags/example_dynamic_task_mapping.py
[2024-02-12T20:07:00.408+0000] {logging_mixin.py:188} INFO - [2024-02-12T20:07:00.408+0000] {dag.py:3033} INFO - Sync 1 DAGs
[2024-02-12T20:07:00.422+0000] {logging_mixin.py:188} INFO - [2024-02-12T20:07:00.422+0000] {dag.py:3820} INFO - Setting next_dagrun for example_dynamic_task_mapping to 2022-03-04T00:00:00+00:00, run_after=2022-03-05T00:00:00+00:00
[2024-02-12T20:07:00.461+0000] {processor.py:183} INFO - Processing /home/codespace/.local/share/virtualenvs/airflow_sandbox-vp-HKq_L/lib/python3.10/site-packages/airflow/example_dags/example_dynamic_task_mapping.py took 0.073 seconds
