[2024-02-12T19:44:09.824+0000] {processor.py:161} INFO - Started process (PID=16085) to work on /home/codespace/.local/share/virtualenvs/airflow_sandbox-vp-HKq_L/lib/python3.10/site-packages/airflow/example_dags/example_sensors.py
[2024-02-12T19:44:09.825+0000] {processor.py:830} INFO - Processing file /home/codespace/.local/share/virtualenvs/airflow_sandbox-vp-HKq_L/lib/python3.10/site-packages/airflow/example_dags/example_sensors.py for tasks to queue
[2024-02-12T19:44:09.825+0000] {logging_mixin.py:188} INFO - [2024-02-12T19:44:09.825+0000] {dagbag.py:538} INFO - Filling up the DagBag from /home/codespace/.local/share/virtualenvs/airflow_sandbox-vp-HKq_L/lib/python3.10/site-packages/airflow/example_dags/example_sensors.py
[2024-02-12T19:44:09.833+0000] {processor.py:840} INFO - DAG(s) 'example_sensors' retrieved from /home/codespace/.local/share/virtualenvs/airflow_sandbox-vp-HKq_L/lib/python3.10/site-packages/airflow/example_dags/example_sensors.py
[2024-02-12T19:44:09.973+0000] {logging_mixin.py:188} INFO - [2024-02-12T19:44:09.973+0000] {override.py:1769} INFO - Created Permission View: can delete on DAG:example_sensors
[2024-02-12T19:44:10.009+0000] {logging_mixin.py:188} INFO - [2024-02-12T19:44:10.009+0000] {override.py:1769} INFO - Created Permission View: can read on DAG:example_sensors
[2024-02-12T19:44:10.037+0000] {logging_mixin.py:188} INFO - [2024-02-12T19:44:10.036+0000] {override.py:1769} INFO - Created Permission View: can edit on DAG:example_sensors
[2024-02-12T19:44:10.037+0000] {logging_mixin.py:188} INFO - [2024-02-12T19:44:10.037+0000] {dag.py:3033} INFO - Sync 1 DAGs
[2024-02-12T19:44:10.046+0000] {logging_mixin.py:188} INFO - [2024-02-12T19:44:10.046+0000] {dag.py:3055} INFO - Creating ORM DAG for example_sensors
[2024-02-12T19:44:10.046+0000] {logging_mixin.py:188} INFO - [2024-02-12T19:44:10.046+0000] {dag.py:3820} INFO - Setting next_dagrun for example_sensors to None, run_after=None
[2024-02-12T19:44:10.095+0000] {processor.py:183} INFO - Processing /home/codespace/.local/share/virtualenvs/airflow_sandbox-vp-HKq_L/lib/python3.10/site-packages/airflow/example_dags/example_sensors.py took 0.273 seconds
[2024-02-12T20:00:15.863+0000] {processor.py:161} INFO - Started process (PID=25533) to work on /home/codespace/.local/share/virtualenvs/airflow_sandbox-vp-HKq_L/lib/python3.10/site-packages/airflow/example_dags/example_sensors.py
[2024-02-12T20:00:15.864+0000] {processor.py:830} INFO - Processing file /home/codespace/.local/share/virtualenvs/airflow_sandbox-vp-HKq_L/lib/python3.10/site-packages/airflow/example_dags/example_sensors.py for tasks to queue
[2024-02-12T20:00:15.864+0000] {logging_mixin.py:188} INFO - [2024-02-12T20:00:15.864+0000] {dagbag.py:538} INFO - Filling up the DagBag from /home/codespace/.local/share/virtualenvs/airflow_sandbox-vp-HKq_L/lib/python3.10/site-packages/airflow/example_dags/example_sensors.py
[2024-02-12T20:00:15.871+0000] {processor.py:840} INFO - DAG(s) 'example_sensors' retrieved from /home/codespace/.local/share/virtualenvs/airflow_sandbox-vp-HKq_L/lib/python3.10/site-packages/airflow/example_dags/example_sensors.py
[2024-02-12T20:00:15.887+0000] {logging_mixin.py:188} INFO - [2024-02-12T20:00:15.887+0000] {dag.py:3033} INFO - Sync 1 DAGs
[2024-02-12T20:00:15.896+0000] {logging_mixin.py:188} INFO - [2024-02-12T20:00:15.896+0000] {dag.py:3820} INFO - Setting next_dagrun for example_sensors to None, run_after=None
[2024-02-12T20:00:15.948+0000] {processor.py:183} INFO - Processing /home/codespace/.local/share/virtualenvs/airflow_sandbox-vp-HKq_L/lib/python3.10/site-packages/airflow/example_dags/example_sensors.py took 0.088 seconds
[2024-02-12T20:01:06.856+0000] {processor.py:161} INFO - Started process (PID=25892) to work on /home/codespace/.local/share/virtualenvs/airflow_sandbox-vp-HKq_L/lib/python3.10/site-packages/airflow/example_dags/example_sensors.py
[2024-02-12T20:01:06.857+0000] {processor.py:830} INFO - Processing file /home/codespace/.local/share/virtualenvs/airflow_sandbox-vp-HKq_L/lib/python3.10/site-packages/airflow/example_dags/example_sensors.py for tasks to queue
[2024-02-12T20:01:06.857+0000] {logging_mixin.py:188} INFO - [2024-02-12T20:01:06.857+0000] {dagbag.py:538} INFO - Filling up the DagBag from /home/codespace/.local/share/virtualenvs/airflow_sandbox-vp-HKq_L/lib/python3.10/site-packages/airflow/example_dags/example_sensors.py
[2024-02-12T20:01:06.865+0000] {processor.py:840} INFO - DAG(s) 'example_sensors' retrieved from /home/codespace/.local/share/virtualenvs/airflow_sandbox-vp-HKq_L/lib/python3.10/site-packages/airflow/example_dags/example_sensors.py
[2024-02-12T20:01:06.880+0000] {logging_mixin.py:188} INFO - [2024-02-12T20:01:06.880+0000] {dag.py:3033} INFO - Sync 1 DAGs
[2024-02-12T20:01:06.888+0000] {logging_mixin.py:188} INFO - [2024-02-12T20:01:06.888+0000] {dag.py:3820} INFO - Setting next_dagrun for example_sensors to None, run_after=None
[2024-02-12T20:01:06.931+0000] {processor.py:183} INFO - Processing /home/codespace/.local/share/virtualenvs/airflow_sandbox-vp-HKq_L/lib/python3.10/site-packages/airflow/example_dags/example_sensors.py took 0.077 seconds
[2024-02-12T20:01:56.751+0000] {processor.py:161} INFO - Started process (PID=26402) to work on /home/codespace/.local/share/virtualenvs/airflow_sandbox-vp-HKq_L/lib/python3.10/site-packages/airflow/example_dags/example_sensors.py
[2024-02-12T20:01:56.752+0000] {processor.py:830} INFO - Processing file /home/codespace/.local/share/virtualenvs/airflow_sandbox-vp-HKq_L/lib/python3.10/site-packages/airflow/example_dags/example_sensors.py for tasks to queue
[2024-02-12T20:01:56.753+0000] {logging_mixin.py:188} INFO - [2024-02-12T20:01:56.753+0000] {dagbag.py:538} INFO - Filling up the DagBag from /home/codespace/.local/share/virtualenvs/airflow_sandbox-vp-HKq_L/lib/python3.10/site-packages/airflow/example_dags/example_sensors.py
[2024-02-12T20:01:56.761+0000] {processor.py:840} INFO - DAG(s) 'example_sensors' retrieved from /home/codespace/.local/share/virtualenvs/airflow_sandbox-vp-HKq_L/lib/python3.10/site-packages/airflow/example_dags/example_sensors.py
[2024-02-12T20:01:56.785+0000] {logging_mixin.py:188} INFO - [2024-02-12T20:01:56.785+0000] {dag.py:3033} INFO - Sync 1 DAGs
[2024-02-12T20:01:56.793+0000] {logging_mixin.py:188} INFO - [2024-02-12T20:01:56.793+0000] {dag.py:3820} INFO - Setting next_dagrun for example_sensors to None, run_after=None
[2024-02-12T20:01:56.831+0000] {processor.py:183} INFO - Processing /home/codespace/.local/share/virtualenvs/airflow_sandbox-vp-HKq_L/lib/python3.10/site-packages/airflow/example_dags/example_sensors.py took 0.083 seconds
[2024-02-12T20:02:47.209+0000] {processor.py:161} INFO - Started process (PID=26966) to work on /home/codespace/.local/share/virtualenvs/airflow_sandbox-vp-HKq_L/lib/python3.10/site-packages/airflow/example_dags/example_sensors.py
[2024-02-12T20:02:47.210+0000] {processor.py:830} INFO - Processing file /home/codespace/.local/share/virtualenvs/airflow_sandbox-vp-HKq_L/lib/python3.10/site-packages/airflow/example_dags/example_sensors.py for tasks to queue
[2024-02-12T20:02:47.211+0000] {logging_mixin.py:188} INFO - [2024-02-12T20:02:47.211+0000] {dagbag.py:538} INFO - Filling up the DagBag from /home/codespace/.local/share/virtualenvs/airflow_sandbox-vp-HKq_L/lib/python3.10/site-packages/airflow/example_dags/example_sensors.py
[2024-02-12T20:02:47.223+0000] {processor.py:840} INFO - DAG(s) 'example_sensors' retrieved from /home/codespace/.local/share/virtualenvs/airflow_sandbox-vp-HKq_L/lib/python3.10/site-packages/airflow/example_dags/example_sensors.py
[2024-02-12T20:02:47.247+0000] {logging_mixin.py:188} INFO - [2024-02-12T20:02:47.247+0000] {dag.py:3033} INFO - Sync 1 DAGs
[2024-02-12T20:02:47.266+0000] {logging_mixin.py:188} INFO - [2024-02-12T20:02:47.266+0000] {dag.py:3820} INFO - Setting next_dagrun for example_sensors to None, run_after=None
[2024-02-12T20:02:47.317+0000] {processor.py:183} INFO - Processing /home/codespace/.local/share/virtualenvs/airflow_sandbox-vp-HKq_L/lib/python3.10/site-packages/airflow/example_dags/example_sensors.py took 0.111 seconds
[2024-02-12T20:03:34.959+0000] {processor.py:161} INFO - Started process (PID=27552) to work on /home/codespace/.local/share/virtualenvs/airflow_sandbox-vp-HKq_L/lib/python3.10/site-packages/airflow/example_dags/example_sensors.py
[2024-02-12T20:03:34.960+0000] {processor.py:830} INFO - Processing file /home/codespace/.local/share/virtualenvs/airflow_sandbox-vp-HKq_L/lib/python3.10/site-packages/airflow/example_dags/example_sensors.py for tasks to queue
[2024-02-12T20:03:34.961+0000] {logging_mixin.py:188} INFO - [2024-02-12T20:03:34.960+0000] {dagbag.py:538} INFO - Filling up the DagBag from /home/codespace/.local/share/virtualenvs/airflow_sandbox-vp-HKq_L/lib/python3.10/site-packages/airflow/example_dags/example_sensors.py
[2024-02-12T20:03:34.968+0000] {processor.py:840} INFO - DAG(s) 'example_sensors' retrieved from /home/codespace/.local/share/virtualenvs/airflow_sandbox-vp-HKq_L/lib/python3.10/site-packages/airflow/example_dags/example_sensors.py
[2024-02-12T20:03:34.984+0000] {logging_mixin.py:188} INFO - [2024-02-12T20:03:34.984+0000] {dag.py:3033} INFO - Sync 1 DAGs
[2024-02-12T20:03:34.993+0000] {logging_mixin.py:188} INFO - [2024-02-12T20:03:34.993+0000] {dag.py:3820} INFO - Setting next_dagrun for example_sensors to None, run_after=None
[2024-02-12T20:03:35.033+0000] {processor.py:183} INFO - Processing /home/codespace/.local/share/virtualenvs/airflow_sandbox-vp-HKq_L/lib/python3.10/site-packages/airflow/example_dags/example_sensors.py took 0.076 seconds
[2024-02-12T20:04:27.926+0000] {processor.py:161} INFO - Started process (PID=27999) to work on /home/codespace/.local/share/virtualenvs/airflow_sandbox-vp-HKq_L/lib/python3.10/site-packages/airflow/example_dags/example_sensors.py
[2024-02-12T20:04:27.927+0000] {processor.py:830} INFO - Processing file /home/codespace/.local/share/virtualenvs/airflow_sandbox-vp-HKq_L/lib/python3.10/site-packages/airflow/example_dags/example_sensors.py for tasks to queue
[2024-02-12T20:04:27.927+0000] {logging_mixin.py:188} INFO - [2024-02-12T20:04:27.927+0000] {dagbag.py:538} INFO - Filling up the DagBag from /home/codespace/.local/share/virtualenvs/airflow_sandbox-vp-HKq_L/lib/python3.10/site-packages/airflow/example_dags/example_sensors.py
[2024-02-12T20:04:27.935+0000] {processor.py:840} INFO - DAG(s) 'example_sensors' retrieved from /home/codespace/.local/share/virtualenvs/airflow_sandbox-vp-HKq_L/lib/python3.10/site-packages/airflow/example_dags/example_sensors.py
[2024-02-12T20:04:27.950+0000] {logging_mixin.py:188} INFO - [2024-02-12T20:04:27.950+0000] {dag.py:3033} INFO - Sync 1 DAGs
[2024-02-12T20:04:27.959+0000] {logging_mixin.py:188} INFO - [2024-02-12T20:04:27.959+0000] {dag.py:3820} INFO - Setting next_dagrun for example_sensors to None, run_after=None
[2024-02-12T20:04:27.997+0000] {processor.py:183} INFO - Processing /home/codespace/.local/share/virtualenvs/airflow_sandbox-vp-HKq_L/lib/python3.10/site-packages/airflow/example_dags/example_sensors.py took 0.074 seconds
[2024-02-12T20:05:18.792+0000] {processor.py:161} INFO - Started process (PID=28184) to work on /home/codespace/.local/share/virtualenvs/airflow_sandbox-vp-HKq_L/lib/python3.10/site-packages/airflow/example_dags/example_sensors.py
[2024-02-12T20:05:18.793+0000] {processor.py:830} INFO - Processing file /home/codespace/.local/share/virtualenvs/airflow_sandbox-vp-HKq_L/lib/python3.10/site-packages/airflow/example_dags/example_sensors.py for tasks to queue
[2024-02-12T20:05:18.794+0000] {logging_mixin.py:188} INFO - [2024-02-12T20:05:18.793+0000] {dagbag.py:538} INFO - Filling up the DagBag from /home/codespace/.local/share/virtualenvs/airflow_sandbox-vp-HKq_L/lib/python3.10/site-packages/airflow/example_dags/example_sensors.py
[2024-02-12T20:05:18.802+0000] {processor.py:840} INFO - DAG(s) 'example_sensors' retrieved from /home/codespace/.local/share/virtualenvs/airflow_sandbox-vp-HKq_L/lib/python3.10/site-packages/airflow/example_dags/example_sensors.py
[2024-02-12T20:05:18.817+0000] {logging_mixin.py:188} INFO - [2024-02-12T20:05:18.817+0000] {dag.py:3033} INFO - Sync 1 DAGs
[2024-02-12T20:05:18.826+0000] {logging_mixin.py:188} INFO - [2024-02-12T20:05:18.826+0000] {dag.py:3820} INFO - Setting next_dagrun for example_sensors to None, run_after=None
[2024-02-12T20:05:18.866+0000] {processor.py:183} INFO - Processing /home/codespace/.local/share/virtualenvs/airflow_sandbox-vp-HKq_L/lib/python3.10/site-packages/airflow/example_dags/example_sensors.py took 0.076 seconds
[2024-02-12T20:06:13.921+0000] {processor.py:161} INFO - Started process (PID=28342) to work on /home/codespace/.local/share/virtualenvs/airflow_sandbox-vp-HKq_L/lib/python3.10/site-packages/airflow/example_dags/example_sensors.py
[2024-02-12T20:06:13.921+0000] {processor.py:830} INFO - Processing file /home/codespace/.local/share/virtualenvs/airflow_sandbox-vp-HKq_L/lib/python3.10/site-packages/airflow/example_dags/example_sensors.py for tasks to queue
[2024-02-12T20:06:13.922+0000] {logging_mixin.py:188} INFO - [2024-02-12T20:06:13.922+0000] {dagbag.py:538} INFO - Filling up the DagBag from /home/codespace/.local/share/virtualenvs/airflow_sandbox-vp-HKq_L/lib/python3.10/site-packages/airflow/example_dags/example_sensors.py
[2024-02-12T20:06:13.929+0000] {processor.py:840} INFO - DAG(s) 'example_sensors' retrieved from /home/codespace/.local/share/virtualenvs/airflow_sandbox-vp-HKq_L/lib/python3.10/site-packages/airflow/example_dags/example_sensors.py
[2024-02-12T20:06:13.945+0000] {logging_mixin.py:188} INFO - [2024-02-12T20:06:13.944+0000] {dag.py:3033} INFO - Sync 1 DAGs
[2024-02-12T20:06:13.953+0000] {logging_mixin.py:188} INFO - [2024-02-12T20:06:13.953+0000] {dag.py:3820} INFO - Setting next_dagrun for example_sensors to None, run_after=None
[2024-02-12T20:06:13.992+0000] {processor.py:183} INFO - Processing /home/codespace/.local/share/virtualenvs/airflow_sandbox-vp-HKq_L/lib/python3.10/site-packages/airflow/example_dags/example_sensors.py took 0.073 seconds
[2024-02-12T20:07:07.846+0000] {processor.py:161} INFO - Started process (PID=28758) to work on /home/codespace/.local/share/virtualenvs/airflow_sandbox-vp-HKq_L/lib/python3.10/site-packages/airflow/example_dags/example_sensors.py
[2024-02-12T20:07:07.847+0000] {processor.py:830} INFO - Processing file /home/codespace/.local/share/virtualenvs/airflow_sandbox-vp-HKq_L/lib/python3.10/site-packages/airflow/example_dags/example_sensors.py for tasks to queue
[2024-02-12T20:07:07.848+0000] {logging_mixin.py:188} INFO - [2024-02-12T20:07:07.847+0000] {dagbag.py:538} INFO - Filling up the DagBag from /home/codespace/.local/share/virtualenvs/airflow_sandbox-vp-HKq_L/lib/python3.10/site-packages/airflow/example_dags/example_sensors.py
[2024-02-12T20:07:07.855+0000] {processor.py:840} INFO - DAG(s) 'example_sensors' retrieved from /home/codespace/.local/share/virtualenvs/airflow_sandbox-vp-HKq_L/lib/python3.10/site-packages/airflow/example_dags/example_sensors.py
[2024-02-12T20:07:07.870+0000] {logging_mixin.py:188} INFO - [2024-02-12T20:07:07.870+0000] {dag.py:3033} INFO - Sync 1 DAGs
[2024-02-12T20:07:07.879+0000] {logging_mixin.py:188} INFO - [2024-02-12T20:07:07.878+0000] {dag.py:3820} INFO - Setting next_dagrun for example_sensors to None, run_after=None
[2024-02-12T20:07:07.917+0000] {processor.py:183} INFO - Processing /home/codespace/.local/share/virtualenvs/airflow_sandbox-vp-HKq_L/lib/python3.10/site-packages/airflow/example_dags/example_sensors.py took 0.073 seconds
