[2024-02-12T19:44:08.489+0000] {processor.py:161} INFO - Started process (PID=16061) to work on /home/codespace/.local/share/virtualenvs/airflow_sandbox-vp-HKq_L/lib/python3.10/site-packages/airflow/example_dags/example_latest_only_with_trigger.py
[2024-02-12T19:44:08.490+0000] {processor.py:830} INFO - Processing file /home/codespace/.local/share/virtualenvs/airflow_sandbox-vp-HKq_L/lib/python3.10/site-packages/airflow/example_dags/example_latest_only_with_trigger.py for tasks to queue
[2024-02-12T19:44:08.491+0000] {logging_mixin.py:188} INFO - [2024-02-12T19:44:08.490+0000] {dagbag.py:538} INFO - Filling up the DagBag from /home/codespace/.local/share/virtualenvs/airflow_sandbox-vp-HKq_L/lib/python3.10/site-packages/airflow/example_dags/example_latest_only_with_trigger.py
[2024-02-12T19:44:08.495+0000] {processor.py:840} INFO - DAG(s) 'latest_only_with_trigger' retrieved from /home/codespace/.local/share/virtualenvs/airflow_sandbox-vp-HKq_L/lib/python3.10/site-packages/airflow/example_dags/example_latest_only_with_trigger.py
[2024-02-12T19:44:08.630+0000] {logging_mixin.py:188} INFO - [2024-02-12T19:44:08.629+0000] {override.py:1769} INFO - Created Permission View: can delete on DAG:latest_only_with_trigger
[2024-02-12T19:44:08.660+0000] {logging_mixin.py:188} INFO - [2024-02-12T19:44:08.659+0000] {override.py:1769} INFO - Created Permission View: can read on DAG:latest_only_with_trigger
[2024-02-12T19:44:08.686+0000] {logging_mixin.py:188} INFO - [2024-02-12T19:44:08.686+0000] {override.py:1769} INFO - Created Permission View: can edit on DAG:latest_only_with_trigger
[2024-02-12T19:44:08.687+0000] {logging_mixin.py:188} INFO - [2024-02-12T19:44:08.687+0000] {dag.py:3033} INFO - Sync 1 DAGs
[2024-02-12T19:44:08.695+0000] {logging_mixin.py:188} INFO - [2024-02-12T19:44:08.694+0000] {dag.py:3055} INFO - Creating ORM DAG for latest_only_with_trigger
[2024-02-12T19:44:08.702+0000] {logging_mixin.py:188} INFO - [2024-02-12T19:44:08.702+0000] {dag.py:3820} INFO - Setting next_dagrun for latest_only_with_trigger to 2024-02-12T12:00:00+00:00, run_after=2024-02-12T16:00:00+00:00
[2024-02-12T19:44:08.746+0000] {processor.py:183} INFO - Processing /home/codespace/.local/share/virtualenvs/airflow_sandbox-vp-HKq_L/lib/python3.10/site-packages/airflow/example_dags/example_latest_only_with_trigger.py took 0.259 seconds
[2024-02-12T20:00:15.552+0000] {processor.py:161} INFO - Started process (PID=25507) to work on /home/codespace/.local/share/virtualenvs/airflow_sandbox-vp-HKq_L/lib/python3.10/site-packages/airflow/example_dags/example_latest_only_with_trigger.py
[2024-02-12T20:00:15.553+0000] {processor.py:830} INFO - Processing file /home/codespace/.local/share/virtualenvs/airflow_sandbox-vp-HKq_L/lib/python3.10/site-packages/airflow/example_dags/example_latest_only_with_trigger.py for tasks to queue
[2024-02-12T20:00:15.553+0000] {logging_mixin.py:188} INFO - [2024-02-12T20:00:15.553+0000] {dagbag.py:538} INFO - Filling up the DagBag from /home/codespace/.local/share/virtualenvs/airflow_sandbox-vp-HKq_L/lib/python3.10/site-packages/airflow/example_dags/example_latest_only_with_trigger.py
[2024-02-12T20:00:15.559+0000] {processor.py:840} INFO - DAG(s) 'latest_only_with_trigger' retrieved from /home/codespace/.local/share/virtualenvs/airflow_sandbox-vp-HKq_L/lib/python3.10/site-packages/airflow/example_dags/example_latest_only_with_trigger.py
[2024-02-12T20:00:15.576+0000] {logging_mixin.py:188} INFO - [2024-02-12T20:00:15.576+0000] {dag.py:3033} INFO - Sync 1 DAGs
[2024-02-12T20:00:15.609+0000] {logging_mixin.py:188} INFO - [2024-02-12T20:00:15.609+0000] {dag.py:3820} INFO - Setting next_dagrun for latest_only_with_trigger to 2024-02-12T16:00:00+00:00, run_after=2024-02-12T20:00:00+00:00
[2024-02-12T20:00:15.673+0000] {processor.py:183} INFO - Processing /home/codespace/.local/share/virtualenvs/airflow_sandbox-vp-HKq_L/lib/python3.10/site-packages/airflow/example_dags/example_latest_only_with_trigger.py took 0.124 seconds
[2024-02-12T20:01:05.721+0000] {processor.py:161} INFO - Started process (PID=25885) to work on /home/codespace/.local/share/virtualenvs/airflow_sandbox-vp-HKq_L/lib/python3.10/site-packages/airflow/example_dags/example_latest_only_with_trigger.py
[2024-02-12T20:01:05.722+0000] {processor.py:830} INFO - Processing file /home/codespace/.local/share/virtualenvs/airflow_sandbox-vp-HKq_L/lib/python3.10/site-packages/airflow/example_dags/example_latest_only_with_trigger.py for tasks to queue
[2024-02-12T20:01:05.723+0000] {logging_mixin.py:188} INFO - [2024-02-12T20:01:05.723+0000] {dagbag.py:538} INFO - Filling up the DagBag from /home/codespace/.local/share/virtualenvs/airflow_sandbox-vp-HKq_L/lib/python3.10/site-packages/airflow/example_dags/example_latest_only_with_trigger.py
[2024-02-12T20:01:05.730+0000] {processor.py:840} INFO - DAG(s) 'latest_only_with_trigger' retrieved from /home/codespace/.local/share/virtualenvs/airflow_sandbox-vp-HKq_L/lib/python3.10/site-packages/airflow/example_dags/example_latest_only_with_trigger.py
[2024-02-12T20:01:05.749+0000] {logging_mixin.py:188} INFO - [2024-02-12T20:01:05.749+0000] {dag.py:3033} INFO - Sync 1 DAGs
[2024-02-12T20:01:05.771+0000] {logging_mixin.py:188} INFO - [2024-02-12T20:01:05.771+0000] {dag.py:3820} INFO - Setting next_dagrun for latest_only_with_trigger to 2024-02-12T16:00:00+00:00, run_after=2024-02-12T20:00:00+00:00
[2024-02-12T20:01:05.814+0000] {processor.py:183} INFO - Processing /home/codespace/.local/share/virtualenvs/airflow_sandbox-vp-HKq_L/lib/python3.10/site-packages/airflow/example_dags/example_latest_only_with_trigger.py took 0.096 seconds
[2024-02-12T20:01:50.207+0000] {processor.py:161} INFO - Started process (PID=26306) to work on /home/codespace/.local/share/virtualenvs/airflow_sandbox-vp-HKq_L/lib/python3.10/site-packages/airflow/example_dags/example_latest_only_with_trigger.py
[2024-02-12T20:01:50.208+0000] {processor.py:830} INFO - Processing file /home/codespace/.local/share/virtualenvs/airflow_sandbox-vp-HKq_L/lib/python3.10/site-packages/airflow/example_dags/example_latest_only_with_trigger.py for tasks to queue
[2024-02-12T20:01:50.209+0000] {logging_mixin.py:188} INFO - [2024-02-12T20:01:50.208+0000] {dagbag.py:538} INFO - Filling up the DagBag from /home/codespace/.local/share/virtualenvs/airflow_sandbox-vp-HKq_L/lib/python3.10/site-packages/airflow/example_dags/example_latest_only_with_trigger.py
[2024-02-12T20:01:50.216+0000] {processor.py:840} INFO - DAG(s) 'latest_only_with_trigger' retrieved from /home/codespace/.local/share/virtualenvs/airflow_sandbox-vp-HKq_L/lib/python3.10/site-packages/airflow/example_dags/example_latest_only_with_trigger.py
[2024-02-12T20:01:50.238+0000] {logging_mixin.py:188} INFO - [2024-02-12T20:01:50.238+0000] {dag.py:3033} INFO - Sync 1 DAGs
[2024-02-12T20:01:50.294+0000] {logging_mixin.py:188} INFO - [2024-02-12T20:01:50.294+0000] {dag.py:3820} INFO - Setting next_dagrun for latest_only_with_trigger to 2024-02-12T16:00:00+00:00, run_after=2024-02-12T20:00:00+00:00
[2024-02-12T20:01:50.339+0000] {processor.py:183} INFO - Processing /home/codespace/.local/share/virtualenvs/airflow_sandbox-vp-HKq_L/lib/python3.10/site-packages/airflow/example_dags/example_latest_only_with_trigger.py took 0.136 seconds
[2024-02-12T20:02:38.028+0000] {processor.py:161} INFO - Started process (PID=26831) to work on /home/codespace/.local/share/virtualenvs/airflow_sandbox-vp-HKq_L/lib/python3.10/site-packages/airflow/example_dags/example_latest_only_with_trigger.py
[2024-02-12T20:02:38.029+0000] {processor.py:830} INFO - Processing file /home/codespace/.local/share/virtualenvs/airflow_sandbox-vp-HKq_L/lib/python3.10/site-packages/airflow/example_dags/example_latest_only_with_trigger.py for tasks to queue
[2024-02-12T20:02:38.029+0000] {logging_mixin.py:188} INFO - [2024-02-12T20:02:38.029+0000] {dagbag.py:538} INFO - Filling up the DagBag from /home/codespace/.local/share/virtualenvs/airflow_sandbox-vp-HKq_L/lib/python3.10/site-packages/airflow/example_dags/example_latest_only_with_trigger.py
[2024-02-12T20:02:38.034+0000] {processor.py:840} INFO - DAG(s) 'latest_only_with_trigger' retrieved from /home/codespace/.local/share/virtualenvs/airflow_sandbox-vp-HKq_L/lib/python3.10/site-packages/airflow/example_dags/example_latest_only_with_trigger.py
[2024-02-12T20:02:38.046+0000] {logging_mixin.py:188} INFO - [2024-02-12T20:02:38.046+0000] {dag.py:3033} INFO - Sync 1 DAGs
[2024-02-12T20:02:38.062+0000] {logging_mixin.py:188} INFO - [2024-02-12T20:02:38.061+0000] {dag.py:3820} INFO - Setting next_dagrun for latest_only_with_trigger to 2024-02-12T16:00:00+00:00, run_after=2024-02-12T20:00:00+00:00
[2024-02-12T20:02:38.102+0000] {processor.py:183} INFO - Processing /home/codespace/.local/share/virtualenvs/airflow_sandbox-vp-HKq_L/lib/python3.10/site-packages/airflow/example_dags/example_latest_only_with_trigger.py took 0.077 seconds
[2024-02-12T20:03:33.796+0000] {processor.py:161} INFO - Started process (PID=27545) to work on /home/codespace/.local/share/virtualenvs/airflow_sandbox-vp-HKq_L/lib/python3.10/site-packages/airflow/example_dags/example_latest_only_with_trigger.py
[2024-02-12T20:03:33.797+0000] {processor.py:830} INFO - Processing file /home/codespace/.local/share/virtualenvs/airflow_sandbox-vp-HKq_L/lib/python3.10/site-packages/airflow/example_dags/example_latest_only_with_trigger.py for tasks to queue
[2024-02-12T20:03:33.798+0000] {logging_mixin.py:188} INFO - [2024-02-12T20:03:33.797+0000] {dagbag.py:538} INFO - Filling up the DagBag from /home/codespace/.local/share/virtualenvs/airflow_sandbox-vp-HKq_L/lib/python3.10/site-packages/airflow/example_dags/example_latest_only_with_trigger.py
[2024-02-12T20:03:33.802+0000] {processor.py:840} INFO - DAG(s) 'latest_only_with_trigger' retrieved from /home/codespace/.local/share/virtualenvs/airflow_sandbox-vp-HKq_L/lib/python3.10/site-packages/airflow/example_dags/example_latest_only_with_trigger.py
[2024-02-12T20:03:33.814+0000] {logging_mixin.py:188} INFO - [2024-02-12T20:03:33.814+0000] {dag.py:3033} INFO - Sync 1 DAGs
[2024-02-12T20:03:33.829+0000] {logging_mixin.py:188} INFO - [2024-02-12T20:03:33.829+0000] {dag.py:3820} INFO - Setting next_dagrun for latest_only_with_trigger to 2024-02-12T16:00:00+00:00, run_after=2024-02-12T20:00:00+00:00
[2024-02-12T20:03:33.871+0000] {processor.py:183} INFO - Processing /home/codespace/.local/share/virtualenvs/airflow_sandbox-vp-HKq_L/lib/python3.10/site-packages/airflow/example_dags/example_latest_only_with_trigger.py took 0.077 seconds
[2024-02-12T20:04:26.794+0000] {processor.py:161} INFO - Started process (PID=27980) to work on /home/codespace/.local/share/virtualenvs/airflow_sandbox-vp-HKq_L/lib/python3.10/site-packages/airflow/example_dags/example_latest_only_with_trigger.py
[2024-02-12T20:04:26.795+0000] {processor.py:830} INFO - Processing file /home/codespace/.local/share/virtualenvs/airflow_sandbox-vp-HKq_L/lib/python3.10/site-packages/airflow/example_dags/example_latest_only_with_trigger.py for tasks to queue
[2024-02-12T20:04:26.796+0000] {logging_mixin.py:188} INFO - [2024-02-12T20:04:26.795+0000] {dagbag.py:538} INFO - Filling up the DagBag from /home/codespace/.local/share/virtualenvs/airflow_sandbox-vp-HKq_L/lib/python3.10/site-packages/airflow/example_dags/example_latest_only_with_trigger.py
[2024-02-12T20:04:26.800+0000] {processor.py:840} INFO - DAG(s) 'latest_only_with_trigger' retrieved from /home/codespace/.local/share/virtualenvs/airflow_sandbox-vp-HKq_L/lib/python3.10/site-packages/airflow/example_dags/example_latest_only_with_trigger.py
[2024-02-12T20:04:26.812+0000] {logging_mixin.py:188} INFO - [2024-02-12T20:04:26.812+0000] {dag.py:3033} INFO - Sync 1 DAGs
[2024-02-12T20:04:26.827+0000] {logging_mixin.py:188} INFO - [2024-02-12T20:04:26.827+0000] {dag.py:3820} INFO - Setting next_dagrun for latest_only_with_trigger to 2024-02-12T16:00:00+00:00, run_after=2024-02-12T20:00:00+00:00
[2024-02-12T20:04:26.867+0000] {processor.py:183} INFO - Processing /home/codespace/.local/share/virtualenvs/airflow_sandbox-vp-HKq_L/lib/python3.10/site-packages/airflow/example_dags/example_latest_only_with_trigger.py took 0.075 seconds
[2024-02-12T20:05:18.493+0000] {processor.py:161} INFO - Started process (PID=28183) to work on /home/codespace/.local/share/virtualenvs/airflow_sandbox-vp-HKq_L/lib/python3.10/site-packages/airflow/example_dags/example_latest_only_with_trigger.py
[2024-02-12T20:05:18.494+0000] {processor.py:830} INFO - Processing file /home/codespace/.local/share/virtualenvs/airflow_sandbox-vp-HKq_L/lib/python3.10/site-packages/airflow/example_dags/example_latest_only_with_trigger.py for tasks to queue
[2024-02-12T20:05:18.494+0000] {logging_mixin.py:188} INFO - [2024-02-12T20:05:18.494+0000] {dagbag.py:538} INFO - Filling up the DagBag from /home/codespace/.local/share/virtualenvs/airflow_sandbox-vp-HKq_L/lib/python3.10/site-packages/airflow/example_dags/example_latest_only_with_trigger.py
[2024-02-12T20:05:18.499+0000] {processor.py:840} INFO - DAG(s) 'latest_only_with_trigger' retrieved from /home/codespace/.local/share/virtualenvs/airflow_sandbox-vp-HKq_L/lib/python3.10/site-packages/airflow/example_dags/example_latest_only_with_trigger.py
[2024-02-12T20:05:18.511+0000] {logging_mixin.py:188} INFO - [2024-02-12T20:05:18.511+0000] {dag.py:3033} INFO - Sync 1 DAGs
[2024-02-12T20:05:18.526+0000] {logging_mixin.py:188} INFO - [2024-02-12T20:05:18.526+0000] {dag.py:3820} INFO - Setting next_dagrun for latest_only_with_trigger to 2024-02-12T16:00:00+00:00, run_after=2024-02-12T20:00:00+00:00
[2024-02-12T20:05:18.564+0000] {processor.py:183} INFO - Processing /home/codespace/.local/share/virtualenvs/airflow_sandbox-vp-HKq_L/lib/python3.10/site-packages/airflow/example_dags/example_latest_only_with_trigger.py took 0.074 seconds
[2024-02-12T20:06:13.048+0000] {processor.py:161} INFO - Started process (PID=28341) to work on /home/codespace/.local/share/virtualenvs/airflow_sandbox-vp-HKq_L/lib/python3.10/site-packages/airflow/example_dags/example_latest_only_with_trigger.py
[2024-02-12T20:06:13.048+0000] {processor.py:830} INFO - Processing file /home/codespace/.local/share/virtualenvs/airflow_sandbox-vp-HKq_L/lib/python3.10/site-packages/airflow/example_dags/example_latest_only_with_trigger.py for tasks to queue
[2024-02-12T20:06:13.049+0000] {logging_mixin.py:188} INFO - [2024-02-12T20:06:13.049+0000] {dagbag.py:538} INFO - Filling up the DagBag from /home/codespace/.local/share/virtualenvs/airflow_sandbox-vp-HKq_L/lib/python3.10/site-packages/airflow/example_dags/example_latest_only_with_trigger.py
[2024-02-12T20:06:13.054+0000] {processor.py:840} INFO - DAG(s) 'latest_only_with_trigger' retrieved from /home/codespace/.local/share/virtualenvs/airflow_sandbox-vp-HKq_L/lib/python3.10/site-packages/airflow/example_dags/example_latest_only_with_trigger.py
[2024-02-12T20:06:13.066+0000] {logging_mixin.py:188} INFO - [2024-02-12T20:06:13.066+0000] {dag.py:3033} INFO - Sync 1 DAGs
[2024-02-12T20:06:13.082+0000] {logging_mixin.py:188} INFO - [2024-02-12T20:06:13.082+0000] {dag.py:3820} INFO - Setting next_dagrun for latest_only_with_trigger to 2024-02-12T16:00:00+00:00, run_after=2024-02-12T20:00:00+00:00
[2024-02-12T20:06:13.120+0000] {processor.py:183} INFO - Processing /home/codespace/.local/share/virtualenvs/airflow_sandbox-vp-HKq_L/lib/python3.10/site-packages/airflow/example_dags/example_latest_only_with_trigger.py took 0.075 seconds
[2024-02-12T20:07:06.714+0000] {processor.py:161} INFO - Started process (PID=28751) to work on /home/codespace/.local/share/virtualenvs/airflow_sandbox-vp-HKq_L/lib/python3.10/site-packages/airflow/example_dags/example_latest_only_with_trigger.py
[2024-02-12T20:07:06.715+0000] {processor.py:830} INFO - Processing file /home/codespace/.local/share/virtualenvs/airflow_sandbox-vp-HKq_L/lib/python3.10/site-packages/airflow/example_dags/example_latest_only_with_trigger.py for tasks to queue
[2024-02-12T20:07:06.716+0000] {logging_mixin.py:188} INFO - [2024-02-12T20:07:06.715+0000] {dagbag.py:538} INFO - Filling up the DagBag from /home/codespace/.local/share/virtualenvs/airflow_sandbox-vp-HKq_L/lib/python3.10/site-packages/airflow/example_dags/example_latest_only_with_trigger.py
[2024-02-12T20:07:06.720+0000] {processor.py:840} INFO - DAG(s) 'latest_only_with_trigger' retrieved from /home/codespace/.local/share/virtualenvs/airflow_sandbox-vp-HKq_L/lib/python3.10/site-packages/airflow/example_dags/example_latest_only_with_trigger.py
[2024-02-12T20:07:06.732+0000] {logging_mixin.py:188} INFO - [2024-02-12T20:07:06.732+0000] {dag.py:3033} INFO - Sync 1 DAGs
[2024-02-12T20:07:06.747+0000] {logging_mixin.py:188} INFO - [2024-02-12T20:07:06.747+0000] {dag.py:3820} INFO - Setting next_dagrun for latest_only_with_trigger to 2024-02-12T16:00:00+00:00, run_after=2024-02-12T20:00:00+00:00
[2024-02-12T20:07:06.786+0000] {processor.py:183} INFO - Processing /home/codespace/.local/share/virtualenvs/airflow_sandbox-vp-HKq_L/lib/python3.10/site-packages/airflow/example_dags/example_latest_only_with_trigger.py took 0.074 seconds
