[2024-02-12T19:44:05.112+0000] {processor.py:161} INFO - Started process (PID=16006) to work on /home/codespace/.local/share/virtualenvs/airflow_sandbox-vp-HKq_L/lib/python3.10/site-packages/airflow/example_dags/example_external_task_marker_dag.py
[2024-02-12T19:44:05.113+0000] {processor.py:830} INFO - Processing file /home/codespace/.local/share/virtualenvs/airflow_sandbox-vp-HKq_L/lib/python3.10/site-packages/airflow/example_dags/example_external_task_marker_dag.py for tasks to queue
[2024-02-12T19:44:05.114+0000] {logging_mixin.py:188} INFO - [2024-02-12T19:44:05.113+0000] {dagbag.py:538} INFO - Filling up the DagBag from /home/codespace/.local/share/virtualenvs/airflow_sandbox-vp-HKq_L/lib/python3.10/site-packages/airflow/example_dags/example_external_task_marker_dag.py
[2024-02-12T19:44:05.118+0000] {processor.py:840} INFO - DAG(s) 'example_external_task_marker_parent', 'example_external_task_marker_child' retrieved from /home/codespace/.local/share/virtualenvs/airflow_sandbox-vp-HKq_L/lib/python3.10/site-packages/airflow/example_dags/example_external_task_marker_dag.py
[2024-02-12T19:44:05.259+0000] {logging_mixin.py:188} INFO - [2024-02-12T19:44:05.258+0000] {override.py:1769} INFO - Created Permission View: can delete on DAG:example_external_task_marker_parent
[2024-02-12T19:44:05.289+0000] {logging_mixin.py:188} INFO - [2024-02-12T19:44:05.289+0000] {override.py:1769} INFO - Created Permission View: can read on DAG:example_external_task_marker_parent
[2024-02-12T19:44:05.317+0000] {logging_mixin.py:188} INFO - [2024-02-12T19:44:05.317+0000] {override.py:1769} INFO - Created Permission View: can edit on DAG:example_external_task_marker_parent
[2024-02-12T19:44:05.381+0000] {logging_mixin.py:188} INFO - [2024-02-12T19:44:05.381+0000] {override.py:1769} INFO - Created Permission View: can delete on DAG:example_external_task_marker_child
[2024-02-12T19:44:05.409+0000] {logging_mixin.py:188} INFO - [2024-02-12T19:44:05.409+0000] {override.py:1769} INFO - Created Permission View: can read on DAG:example_external_task_marker_child
[2024-02-12T19:44:05.437+0000] {logging_mixin.py:188} INFO - [2024-02-12T19:44:05.436+0000] {override.py:1769} INFO - Created Permission View: can edit on DAG:example_external_task_marker_child
[2024-02-12T19:44:05.437+0000] {logging_mixin.py:188} INFO - [2024-02-12T19:44:05.437+0000] {dag.py:3033} INFO - Sync 2 DAGs
[2024-02-12T19:44:05.445+0000] {logging_mixin.py:188} INFO - [2024-02-12T19:44:05.445+0000] {dag.py:3055} INFO - Creating ORM DAG for example_external_task_marker_parent
[2024-02-12T19:44:05.445+0000] {logging_mixin.py:188} INFO - [2024-02-12T19:44:05.445+0000] {dag.py:3055} INFO - Creating ORM DAG for example_external_task_marker_child
[2024-02-12T19:44:05.446+0000] {logging_mixin.py:188} INFO - [2024-02-12T19:44:05.446+0000] {dag.py:3820} INFO - Setting next_dagrun for example_external_task_marker_child to None, run_after=None
[2024-02-12T19:44:05.446+0000] {logging_mixin.py:188} INFO - [2024-02-12T19:44:05.446+0000] {dag.py:3820} INFO - Setting next_dagrun for example_external_task_marker_parent to None, run_after=None
[2024-02-12T19:44:05.510+0000] {processor.py:183} INFO - Processing /home/codespace/.local/share/virtualenvs/airflow_sandbox-vp-HKq_L/lib/python3.10/site-packages/airflow/example_dags/example_external_task_marker_dag.py took 0.400 seconds
[2024-02-12T20:00:12.315+0000] {processor.py:161} INFO - Started process (PID=25462) to work on /home/codespace/.local/share/virtualenvs/airflow_sandbox-vp-HKq_L/lib/python3.10/site-packages/airflow/example_dags/example_external_task_marker_dag.py
[2024-02-12T20:00:12.315+0000] {processor.py:830} INFO - Processing file /home/codespace/.local/share/virtualenvs/airflow_sandbox-vp-HKq_L/lib/python3.10/site-packages/airflow/example_dags/example_external_task_marker_dag.py for tasks to queue
[2024-02-12T20:00:12.316+0000] {logging_mixin.py:188} INFO - [2024-02-12T20:00:12.316+0000] {dagbag.py:538} INFO - Filling up the DagBag from /home/codespace/.local/share/virtualenvs/airflow_sandbox-vp-HKq_L/lib/python3.10/site-packages/airflow/example_dags/example_external_task_marker_dag.py
[2024-02-12T20:00:12.321+0000] {processor.py:840} INFO - DAG(s) 'example_external_task_marker_parent', 'example_external_task_marker_child' retrieved from /home/codespace/.local/share/virtualenvs/airflow_sandbox-vp-HKq_L/lib/python3.10/site-packages/airflow/example_dags/example_external_task_marker_dag.py
[2024-02-12T20:00:12.335+0000] {logging_mixin.py:188} INFO - [2024-02-12T20:00:12.335+0000] {dag.py:3033} INFO - Sync 2 DAGs
[2024-02-12T20:00:12.349+0000] {logging_mixin.py:188} INFO - [2024-02-12T20:00:12.348+0000] {dag.py:3820} INFO - Setting next_dagrun for example_external_task_marker_child to None, run_after=None
[2024-02-12T20:00:12.353+0000] {logging_mixin.py:188} INFO - [2024-02-12T20:00:12.352+0000] {dag.py:3820} INFO - Setting next_dagrun for example_external_task_marker_parent to None, run_after=None
[2024-02-12T20:00:12.390+0000] {processor.py:183} INFO - Processing /home/codespace/.local/share/virtualenvs/airflow_sandbox-vp-HKq_L/lib/python3.10/site-packages/airflow/example_dags/example_external_task_marker_dag.py took 0.078 seconds
[2024-02-12T20:01:02.381+0000] {processor.py:161} INFO - Started process (PID=25845) to work on /home/codespace/.local/share/virtualenvs/airflow_sandbox-vp-HKq_L/lib/python3.10/site-packages/airflow/example_dags/example_external_task_marker_dag.py
[2024-02-12T20:01:02.382+0000] {processor.py:830} INFO - Processing file /home/codespace/.local/share/virtualenvs/airflow_sandbox-vp-HKq_L/lib/python3.10/site-packages/airflow/example_dags/example_external_task_marker_dag.py for tasks to queue
[2024-02-12T20:01:02.383+0000] {logging_mixin.py:188} INFO - [2024-02-12T20:01:02.383+0000] {dagbag.py:538} INFO - Filling up the DagBag from /home/codespace/.local/share/virtualenvs/airflow_sandbox-vp-HKq_L/lib/python3.10/site-packages/airflow/example_dags/example_external_task_marker_dag.py
[2024-02-12T20:01:02.387+0000] {processor.py:840} INFO - DAG(s) 'example_external_task_marker_parent', 'example_external_task_marker_child' retrieved from /home/codespace/.local/share/virtualenvs/airflow_sandbox-vp-HKq_L/lib/python3.10/site-packages/airflow/example_dags/example_external_task_marker_dag.py
[2024-02-12T20:01:02.400+0000] {logging_mixin.py:188} INFO - [2024-02-12T20:01:02.400+0000] {dag.py:3033} INFO - Sync 2 DAGs
[2024-02-12T20:01:02.410+0000] {logging_mixin.py:188} INFO - [2024-02-12T20:01:02.410+0000] {dag.py:3820} INFO - Setting next_dagrun for example_external_task_marker_child to None, run_after=None
[2024-02-12T20:01:02.413+0000] {logging_mixin.py:188} INFO - [2024-02-12T20:01:02.412+0000] {dag.py:3820} INFO - Setting next_dagrun for example_external_task_marker_parent to None, run_after=None
[2024-02-12T20:01:02.459+0000] {processor.py:183} INFO - Processing /home/codespace/.local/share/virtualenvs/airflow_sandbox-vp-HKq_L/lib/python3.10/site-packages/airflow/example_dags/example_external_task_marker_dag.py took 0.080 seconds
[2024-02-12T20:01:47.462+0000] {processor.py:161} INFO - Started process (PID=26269) to work on /home/codespace/.local/share/virtualenvs/airflow_sandbox-vp-HKq_L/lib/python3.10/site-packages/airflow/example_dags/example_external_task_marker_dag.py
[2024-02-12T20:01:47.462+0000] {processor.py:830} INFO - Processing file /home/codespace/.local/share/virtualenvs/airflow_sandbox-vp-HKq_L/lib/python3.10/site-packages/airflow/example_dags/example_external_task_marker_dag.py for tasks to queue
[2024-02-12T20:01:47.463+0000] {logging_mixin.py:188} INFO - [2024-02-12T20:01:47.463+0000] {dagbag.py:538} INFO - Filling up the DagBag from /home/codespace/.local/share/virtualenvs/airflow_sandbox-vp-HKq_L/lib/python3.10/site-packages/airflow/example_dags/example_external_task_marker_dag.py
[2024-02-12T20:01:47.469+0000] {processor.py:840} INFO - DAG(s) 'example_external_task_marker_parent', 'example_external_task_marker_child' retrieved from /home/codespace/.local/share/virtualenvs/airflow_sandbox-vp-HKq_L/lib/python3.10/site-packages/airflow/example_dags/example_external_task_marker_dag.py
[2024-02-12T20:01:47.482+0000] {logging_mixin.py:188} INFO - [2024-02-12T20:01:47.482+0000] {dag.py:3033} INFO - Sync 2 DAGs
[2024-02-12T20:01:47.492+0000] {logging_mixin.py:188} INFO - [2024-02-12T20:01:47.492+0000] {dag.py:3820} INFO - Setting next_dagrun for example_external_task_marker_child to None, run_after=None
[2024-02-12T20:01:47.494+0000] {logging_mixin.py:188} INFO - [2024-02-12T20:01:47.494+0000] {dag.py:3820} INFO - Setting next_dagrun for example_external_task_marker_parent to None, run_after=None
[2024-02-12T20:01:47.538+0000] {processor.py:183} INFO - Processing /home/codespace/.local/share/virtualenvs/airflow_sandbox-vp-HKq_L/lib/python3.10/site-packages/airflow/example_dags/example_external_task_marker_dag.py took 0.079 seconds
[2024-02-12T20:02:34.589+0000] {processor.py:161} INFO - Started process (PID=26789) to work on /home/codespace/.local/share/virtualenvs/airflow_sandbox-vp-HKq_L/lib/python3.10/site-packages/airflow/example_dags/example_external_task_marker_dag.py
[2024-02-12T20:02:34.589+0000] {processor.py:830} INFO - Processing file /home/codespace/.local/share/virtualenvs/airflow_sandbox-vp-HKq_L/lib/python3.10/site-packages/airflow/example_dags/example_external_task_marker_dag.py for tasks to queue
[2024-02-12T20:02:34.590+0000] {logging_mixin.py:188} INFO - [2024-02-12T20:02:34.590+0000] {dagbag.py:538} INFO - Filling up the DagBag from /home/codespace/.local/share/virtualenvs/airflow_sandbox-vp-HKq_L/lib/python3.10/site-packages/airflow/example_dags/example_external_task_marker_dag.py
[2024-02-12T20:02:34.595+0000] {processor.py:840} INFO - DAG(s) 'example_external_task_marker_child', 'example_external_task_marker_parent' retrieved from /home/codespace/.local/share/virtualenvs/airflow_sandbox-vp-HKq_L/lib/python3.10/site-packages/airflow/example_dags/example_external_task_marker_dag.py
[2024-02-12T20:02:34.608+0000] {logging_mixin.py:188} INFO - [2024-02-12T20:02:34.608+0000] {dag.py:3033} INFO - Sync 2 DAGs
[2024-02-12T20:02:34.617+0000] {logging_mixin.py:188} INFO - [2024-02-12T20:02:34.617+0000] {dag.py:3820} INFO - Setting next_dagrun for example_external_task_marker_child to None, run_after=None
[2024-02-12T20:02:34.620+0000] {logging_mixin.py:188} INFO - [2024-02-12T20:02:34.619+0000] {dag.py:3820} INFO - Setting next_dagrun for example_external_task_marker_parent to None, run_after=None
[2024-02-12T20:02:34.660+0000] {processor.py:183} INFO - Processing /home/codespace/.local/share/virtualenvs/airflow_sandbox-vp-HKq_L/lib/python3.10/site-packages/airflow/example_dags/example_external_task_marker_dag.py took 0.074 seconds
[2024-02-12T20:03:30.934+0000] {processor.py:161} INFO - Started process (PID=27530) to work on /home/codespace/.local/share/virtualenvs/airflow_sandbox-vp-HKq_L/lib/python3.10/site-packages/airflow/example_dags/example_external_task_marker_dag.py
[2024-02-12T20:03:30.934+0000] {processor.py:830} INFO - Processing file /home/codespace/.local/share/virtualenvs/airflow_sandbox-vp-HKq_L/lib/python3.10/site-packages/airflow/example_dags/example_external_task_marker_dag.py for tasks to queue
[2024-02-12T20:03:30.935+0000] {logging_mixin.py:188} INFO - [2024-02-12T20:03:30.935+0000] {dagbag.py:538} INFO - Filling up the DagBag from /home/codespace/.local/share/virtualenvs/airflow_sandbox-vp-HKq_L/lib/python3.10/site-packages/airflow/example_dags/example_external_task_marker_dag.py
[2024-02-12T20:03:30.940+0000] {processor.py:840} INFO - DAG(s) 'example_external_task_marker_child', 'example_external_task_marker_parent' retrieved from /home/codespace/.local/share/virtualenvs/airflow_sandbox-vp-HKq_L/lib/python3.10/site-packages/airflow/example_dags/example_external_task_marker_dag.py
[2024-02-12T20:03:30.954+0000] {logging_mixin.py:188} INFO - [2024-02-12T20:03:30.954+0000] {dag.py:3033} INFO - Sync 2 DAGs
[2024-02-12T20:03:30.964+0000] {logging_mixin.py:188} INFO - [2024-02-12T20:03:30.964+0000] {dag.py:3820} INFO - Setting next_dagrun for example_external_task_marker_child to None, run_after=None
[2024-02-12T20:03:30.967+0000] {logging_mixin.py:188} INFO - [2024-02-12T20:03:30.967+0000] {dag.py:3820} INFO - Setting next_dagrun for example_external_task_marker_parent to None, run_after=None
[2024-02-12T20:03:31.010+0000] {processor.py:183} INFO - Processing /home/codespace/.local/share/virtualenvs/airflow_sandbox-vp-HKq_L/lib/python3.10/site-packages/airflow/example_dags/example_external_task_marker_dag.py took 0.078 seconds
[2024-02-12T20:04:23.896+0000] {processor.py:161} INFO - Started process (PID=27971) to work on /home/codespace/.local/share/virtualenvs/airflow_sandbox-vp-HKq_L/lib/python3.10/site-packages/airflow/example_dags/example_external_task_marker_dag.py
[2024-02-12T20:04:23.897+0000] {processor.py:830} INFO - Processing file /home/codespace/.local/share/virtualenvs/airflow_sandbox-vp-HKq_L/lib/python3.10/site-packages/airflow/example_dags/example_external_task_marker_dag.py for tasks to queue
[2024-02-12T20:04:23.897+0000] {logging_mixin.py:188} INFO - [2024-02-12T20:04:23.897+0000] {dagbag.py:538} INFO - Filling up the DagBag from /home/codespace/.local/share/virtualenvs/airflow_sandbox-vp-HKq_L/lib/python3.10/site-packages/airflow/example_dags/example_external_task_marker_dag.py
[2024-02-12T20:04:23.902+0000] {processor.py:840} INFO - DAG(s) 'example_external_task_marker_child', 'example_external_task_marker_parent' retrieved from /home/codespace/.local/share/virtualenvs/airflow_sandbox-vp-HKq_L/lib/python3.10/site-packages/airflow/example_dags/example_external_task_marker_dag.py
[2024-02-12T20:04:23.915+0000] {logging_mixin.py:188} INFO - [2024-02-12T20:04:23.915+0000] {dag.py:3033} INFO - Sync 2 DAGs
[2024-02-12T20:04:23.924+0000] {logging_mixin.py:188} INFO - [2024-02-12T20:04:23.923+0000] {dag.py:3820} INFO - Setting next_dagrun for example_external_task_marker_child to None, run_after=None
[2024-02-12T20:04:23.926+0000] {logging_mixin.py:188} INFO - [2024-02-12T20:04:23.926+0000] {dag.py:3820} INFO - Setting next_dagrun for example_external_task_marker_parent to None, run_after=None
[2024-02-12T20:04:23.963+0000] {processor.py:183} INFO - Processing /home/codespace/.local/share/virtualenvs/airflow_sandbox-vp-HKq_L/lib/python3.10/site-packages/airflow/example_dags/example_external_task_marker_dag.py took 0.069 seconds
[2024-02-12T20:05:15.596+0000] {processor.py:161} INFO - Started process (PID=28161) to work on /home/codespace/.local/share/virtualenvs/airflow_sandbox-vp-HKq_L/lib/python3.10/site-packages/airflow/example_dags/example_external_task_marker_dag.py
[2024-02-12T20:05:15.596+0000] {processor.py:830} INFO - Processing file /home/codespace/.local/share/virtualenvs/airflow_sandbox-vp-HKq_L/lib/python3.10/site-packages/airflow/example_dags/example_external_task_marker_dag.py for tasks to queue
[2024-02-12T20:05:15.597+0000] {logging_mixin.py:188} INFO - [2024-02-12T20:05:15.597+0000] {dagbag.py:538} INFO - Filling up the DagBag from /home/codespace/.local/share/virtualenvs/airflow_sandbox-vp-HKq_L/lib/python3.10/site-packages/airflow/example_dags/example_external_task_marker_dag.py
[2024-02-12T20:05:15.602+0000] {processor.py:840} INFO - DAG(s) 'example_external_task_marker_parent', 'example_external_task_marker_child' retrieved from /home/codespace/.local/share/virtualenvs/airflow_sandbox-vp-HKq_L/lib/python3.10/site-packages/airflow/example_dags/example_external_task_marker_dag.py
[2024-02-12T20:05:15.615+0000] {logging_mixin.py:188} INFO - [2024-02-12T20:05:15.615+0000] {dag.py:3033} INFO - Sync 2 DAGs
[2024-02-12T20:05:15.624+0000] {logging_mixin.py:188} INFO - [2024-02-12T20:05:15.624+0000] {dag.py:3820} INFO - Setting next_dagrun for example_external_task_marker_child to None, run_after=None
[2024-02-12T20:05:15.626+0000] {logging_mixin.py:188} INFO - [2024-02-12T20:05:15.626+0000] {dag.py:3820} INFO - Setting next_dagrun for example_external_task_marker_parent to None, run_after=None
[2024-02-12T20:05:15.664+0000] {processor.py:183} INFO - Processing /home/codespace/.local/share/virtualenvs/airflow_sandbox-vp-HKq_L/lib/python3.10/site-packages/airflow/example_dags/example_external_task_marker_dag.py took 0.070 seconds
[2024-02-12T20:06:09.920+0000] {processor.py:161} INFO - Started process (PID=28338) to work on /home/codespace/.local/share/virtualenvs/airflow_sandbox-vp-HKq_L/lib/python3.10/site-packages/airflow/example_dags/example_external_task_marker_dag.py
[2024-02-12T20:06:09.921+0000] {processor.py:830} INFO - Processing file /home/codespace/.local/share/virtualenvs/airflow_sandbox-vp-HKq_L/lib/python3.10/site-packages/airflow/example_dags/example_external_task_marker_dag.py for tasks to queue
[2024-02-12T20:06:09.922+0000] {logging_mixin.py:188} INFO - [2024-02-12T20:06:09.921+0000] {dagbag.py:538} INFO - Filling up the DagBag from /home/codespace/.local/share/virtualenvs/airflow_sandbox-vp-HKq_L/lib/python3.10/site-packages/airflow/example_dags/example_external_task_marker_dag.py
[2024-02-12T20:06:09.926+0000] {processor.py:840} INFO - DAG(s) 'example_external_task_marker_parent', 'example_external_task_marker_child' retrieved from /home/codespace/.local/share/virtualenvs/airflow_sandbox-vp-HKq_L/lib/python3.10/site-packages/airflow/example_dags/example_external_task_marker_dag.py
[2024-02-12T20:06:09.940+0000] {logging_mixin.py:188} INFO - [2024-02-12T20:06:09.940+0000] {dag.py:3033} INFO - Sync 2 DAGs
[2024-02-12T20:06:09.949+0000] {logging_mixin.py:188} INFO - [2024-02-12T20:06:09.949+0000] {dag.py:3820} INFO - Setting next_dagrun for example_external_task_marker_child to None, run_after=None
[2024-02-12T20:06:09.951+0000] {logging_mixin.py:188} INFO - [2024-02-12T20:06:09.951+0000] {dag.py:3820} INFO - Setting next_dagrun for example_external_task_marker_parent to None, run_after=None
[2024-02-12T20:06:09.990+0000] {processor.py:183} INFO - Processing /home/codespace/.local/share/virtualenvs/airflow_sandbox-vp-HKq_L/lib/python3.10/site-packages/airflow/example_dags/example_external_task_marker_dag.py took 0.071 seconds
[2024-02-12T20:07:03.633+0000] {processor.py:161} INFO - Started process (PID=28741) to work on /home/codespace/.local/share/virtualenvs/airflow_sandbox-vp-HKq_L/lib/python3.10/site-packages/airflow/example_dags/example_external_task_marker_dag.py
[2024-02-12T20:07:03.634+0000] {processor.py:830} INFO - Processing file /home/codespace/.local/share/virtualenvs/airflow_sandbox-vp-HKq_L/lib/python3.10/site-packages/airflow/example_dags/example_external_task_marker_dag.py for tasks to queue
[2024-02-12T20:07:03.635+0000] {logging_mixin.py:188} INFO - [2024-02-12T20:07:03.634+0000] {dagbag.py:538} INFO - Filling up the DagBag from /home/codespace/.local/share/virtualenvs/airflow_sandbox-vp-HKq_L/lib/python3.10/site-packages/airflow/example_dags/example_external_task_marker_dag.py
[2024-02-12T20:07:03.642+0000] {processor.py:840} INFO - DAG(s) 'example_external_task_marker_parent', 'example_external_task_marker_child' retrieved from /home/codespace/.local/share/virtualenvs/airflow_sandbox-vp-HKq_L/lib/python3.10/site-packages/airflow/example_dags/example_external_task_marker_dag.py
[2024-02-12T20:07:03.665+0000] {logging_mixin.py:188} INFO - [2024-02-12T20:07:03.664+0000] {dag.py:3033} INFO - Sync 2 DAGs
[2024-02-12T20:07:03.673+0000] {logging_mixin.py:188} INFO - [2024-02-12T20:07:03.673+0000] {dag.py:3820} INFO - Setting next_dagrun for example_external_task_marker_child to None, run_after=None
[2024-02-12T20:07:03.676+0000] {logging_mixin.py:188} INFO - [2024-02-12T20:07:03.676+0000] {dag.py:3820} INFO - Setting next_dagrun for example_external_task_marker_parent to None, run_after=None
[2024-02-12T20:07:03.717+0000] {processor.py:183} INFO - Processing /home/codespace/.local/share/virtualenvs/airflow_sandbox-vp-HKq_L/lib/python3.10/site-packages/airflow/example_dags/example_external_task_marker_dag.py took 0.087 seconds
