[2024-02-12T20:00:28.004+0000] {processor.py:161} INFO - Started process (PID=25621) to work on /home/codespace/.local/share/virtualenvs/airflow_sandbox-vp-HKq_L/lib/python3.10/site-packages/airflow/example_dags/example_branch_labels.py
[2024-02-12T20:00:28.004+0000] {processor.py:830} INFO - Processing file /home/codespace/.local/share/virtualenvs/airflow_sandbox-vp-HKq_L/lib/python3.10/site-packages/airflow/example_dags/example_branch_labels.py for tasks to queue
[2024-02-12T20:00:28.005+0000] {logging_mixin.py:188} INFO - [2024-02-12T20:00:28.005+0000] {dagbag.py:538} INFO - Filling up the DagBag from /home/codespace/.local/share/virtualenvs/airflow_sandbox-vp-HKq_L/lib/python3.10/site-packages/airflow/example_dags/example_branch_labels.py
[2024-02-12T20:00:28.012+0000] {processor.py:840} INFO - DAG(s) 'example_branch_labels' retrieved from /home/codespace/.local/share/virtualenvs/airflow_sandbox-vp-HKq_L/lib/python3.10/site-packages/airflow/example_dags/example_branch_labels.py
[2024-02-12T20:00:28.148+0000] {logging_mixin.py:188} INFO - [2024-02-12T20:00:28.147+0000] {override.py:1769} INFO - Created Permission View: can read on DAG:example_branch_labels
[2024-02-12T20:00:28.180+0000] {logging_mixin.py:188} INFO - [2024-02-12T20:00:28.179+0000] {override.py:1769} INFO - Created Permission View: can edit on DAG:example_branch_labels
[2024-02-12T20:00:28.208+0000] {logging_mixin.py:188} INFO - [2024-02-12T20:00:28.208+0000] {override.py:1769} INFO - Created Permission View: can delete on DAG:example_branch_labels
[2024-02-12T20:00:28.208+0000] {logging_mixin.py:188} INFO - [2024-02-12T20:00:28.208+0000] {dag.py:3033} INFO - Sync 1 DAGs
[2024-02-12T20:00:28.216+0000] {logging_mixin.py:188} INFO - [2024-02-12T20:00:28.216+0000] {dag.py:3055} INFO - Creating ORM DAG for example_branch_labels
[2024-02-12T20:00:28.224+0000] {logging_mixin.py:188} INFO - [2024-02-12T20:00:28.224+0000] {dag.py:3820} INFO - Setting next_dagrun for example_branch_labels to 2024-02-11T00:00:00+00:00, run_after=2024-02-12T00:00:00+00:00
[2024-02-12T20:00:28.270+0000] {processor.py:183} INFO - Processing /home/codespace/.local/share/virtualenvs/airflow_sandbox-vp-HKq_L/lib/python3.10/site-packages/airflow/example_dags/example_branch_labels.py took 0.268 seconds
[2024-02-12T20:01:27.195+0000] {processor.py:161} INFO - Started process (PID=26128) to work on /home/codespace/.local/share/virtualenvs/airflow_sandbox-vp-HKq_L/lib/python3.10/site-packages/airflow/example_dags/example_branch_labels.py
[2024-02-12T20:01:27.196+0000] {processor.py:830} INFO - Processing file /home/codespace/.local/share/virtualenvs/airflow_sandbox-vp-HKq_L/lib/python3.10/site-packages/airflow/example_dags/example_branch_labels.py for tasks to queue
[2024-02-12T20:01:27.197+0000] {logging_mixin.py:188} INFO - [2024-02-12T20:01:27.197+0000] {dagbag.py:538} INFO - Filling up the DagBag from /home/codespace/.local/share/virtualenvs/airflow_sandbox-vp-HKq_L/lib/python3.10/site-packages/airflow/example_dags/example_branch_labels.py
[2024-02-12T20:01:27.204+0000] {processor.py:840} INFO - DAG(s) 'example_branch_labels' retrieved from /home/codespace/.local/share/virtualenvs/airflow_sandbox-vp-HKq_L/lib/python3.10/site-packages/airflow/example_dags/example_branch_labels.py
[2024-02-12T20:01:27.218+0000] {logging_mixin.py:188} INFO - [2024-02-12T20:01:27.218+0000] {dag.py:3033} INFO - Sync 1 DAGs
[2024-02-12T20:01:27.234+0000] {logging_mixin.py:188} INFO - [2024-02-12T20:01:27.234+0000] {dag.py:3820} INFO - Setting next_dagrun for example_branch_labels to 2024-02-11T00:00:00+00:00, run_after=2024-02-12T00:00:00+00:00
[2024-02-12T20:01:27.278+0000] {processor.py:183} INFO - Processing /home/codespace/.local/share/virtualenvs/airflow_sandbox-vp-HKq_L/lib/python3.10/site-packages/airflow/example_dags/example_branch_labels.py took 0.084 seconds
[2024-02-12T20:02:13.370+0000] {processor.py:161} INFO - Started process (PID=26566) to work on /home/codespace/.local/share/virtualenvs/airflow_sandbox-vp-HKq_L/lib/python3.10/site-packages/airflow/example_dags/example_branch_labels.py
[2024-02-12T20:02:13.371+0000] {processor.py:830} INFO - Processing file /home/codespace/.local/share/virtualenvs/airflow_sandbox-vp-HKq_L/lib/python3.10/site-packages/airflow/example_dags/example_branch_labels.py for tasks to queue
[2024-02-12T20:02:13.371+0000] {logging_mixin.py:188} INFO - [2024-02-12T20:02:13.371+0000] {dagbag.py:538} INFO - Filling up the DagBag from /home/codespace/.local/share/virtualenvs/airflow_sandbox-vp-HKq_L/lib/python3.10/site-packages/airflow/example_dags/example_branch_labels.py
[2024-02-12T20:02:13.378+0000] {processor.py:840} INFO - DAG(s) 'example_branch_labels' retrieved from /home/codespace/.local/share/virtualenvs/airflow_sandbox-vp-HKq_L/lib/python3.10/site-packages/airflow/example_dags/example_branch_labels.py
[2024-02-12T20:02:13.390+0000] {logging_mixin.py:188} INFO - [2024-02-12T20:02:13.390+0000] {dag.py:3033} INFO - Sync 1 DAGs
[2024-02-12T20:02:13.406+0000] {logging_mixin.py:188} INFO - [2024-02-12T20:02:13.406+0000] {dag.py:3820} INFO - Setting next_dagrun for example_branch_labels to 2024-02-11T00:00:00+00:00, run_after=2024-02-12T00:00:00+00:00
[2024-02-12T20:02:13.447+0000] {processor.py:183} INFO - Processing /home/codespace/.local/share/virtualenvs/airflow_sandbox-vp-HKq_L/lib/python3.10/site-packages/airflow/example_dags/example_branch_labels.py took 0.079 seconds
