[2024-02-12T19:43:49.196+0000] {processor.py:161} INFO - Started process (PID=15912) to work on /home/codespace/.local/share/virtualenvs/airflow_sandbox-vp-HKq_L/lib/python3.10/site-packages/airflow/example_dags/example_sla_dag.py
[2024-02-12T19:43:49.196+0000] {processor.py:830} INFO - Processing file /home/codespace/.local/share/virtualenvs/airflow_sandbox-vp-HKq_L/lib/python3.10/site-packages/airflow/example_dags/example_sla_dag.py for tasks to queue
[2024-02-12T19:43:49.197+0000] {logging_mixin.py:188} INFO - [2024-02-12T19:43:49.197+0000] {dagbag.py:538} INFO - Filling up the DagBag from /home/codespace/.local/share/virtualenvs/airflow_sandbox-vp-HKq_L/lib/python3.10/site-packages/airflow/example_dags/example_sla_dag.py
[2024-02-12T19:43:49.205+0000] {processor.py:840} INFO - DAG(s) 'example_sla_dag' retrieved from /home/codespace/.local/share/virtualenvs/airflow_sandbox-vp-HKq_L/lib/python3.10/site-packages/airflow/example_dags/example_sla_dag.py
[2024-02-12T19:43:49.427+0000] {logging_mixin.py:188} INFO - [2024-02-12T19:43:49.426+0000] {override.py:1769} INFO - Created Permission View: can delete on DAG:example_sla_dag
[2024-02-12T19:43:49.477+0000] {logging_mixin.py:188} INFO - [2024-02-12T19:43:49.476+0000] {override.py:1769} INFO - Created Permission View: can read on DAG:example_sla_dag
[2024-02-12T19:43:49.509+0000] {logging_mixin.py:188} INFO - [2024-02-12T19:43:49.509+0000] {override.py:1769} INFO - Created Permission View: can edit on DAG:example_sla_dag
[2024-02-12T19:43:49.510+0000] {logging_mixin.py:188} INFO - [2024-02-12T19:43:49.509+0000] {dag.py:3033} INFO - Sync 1 DAGs
[2024-02-12T19:43:49.517+0000] {logging_mixin.py:188} INFO - [2024-02-12T19:43:49.517+0000] {dag.py:3055} INFO - Creating ORM DAG for example_sla_dag
[2024-02-12T19:43:49.525+0000] {logging_mixin.py:188} INFO - [2024-02-12T19:43:49.525+0000] {dag.py:3820} INFO - Setting next_dagrun for example_sla_dag to 2024-02-12T19:40:00+00:00, run_after=2024-02-12T19:42:00+00:00
[2024-02-12T19:43:49.566+0000] {processor.py:183} INFO - Processing /home/codespace/.local/share/virtualenvs/airflow_sandbox-vp-HKq_L/lib/python3.10/site-packages/airflow/example_dags/example_sla_dag.py took 0.373 seconds
[2024-02-12T19:59:58.070+0000] {processor.py:161} INFO - Started process (PID=25253) to work on /home/codespace/.local/share/virtualenvs/airflow_sandbox-vp-HKq_L/lib/python3.10/site-packages/airflow/example_dags/example_sla_dag.py
[2024-02-12T19:59:58.071+0000] {processor.py:830} INFO - Processing file /home/codespace/.local/share/virtualenvs/airflow_sandbox-vp-HKq_L/lib/python3.10/site-packages/airflow/example_dags/example_sla_dag.py for tasks to queue
[2024-02-12T19:59:58.072+0000] {logging_mixin.py:188} INFO - [2024-02-12T19:59:58.072+0000] {dagbag.py:538} INFO - Filling up the DagBag from /home/codespace/.local/share/virtualenvs/airflow_sandbox-vp-HKq_L/lib/python3.10/site-packages/airflow/example_dags/example_sla_dag.py
[2024-02-12T19:59:58.085+0000] {processor.py:840} INFO - DAG(s) 'example_sla_dag' retrieved from /home/codespace/.local/share/virtualenvs/airflow_sandbox-vp-HKq_L/lib/python3.10/site-packages/airflow/example_dags/example_sla_dag.py
[2024-02-12T19:59:58.108+0000] {logging_mixin.py:188} INFO - [2024-02-12T19:59:58.107+0000] {dag.py:3033} INFO - Sync 1 DAGs
[2024-02-12T19:59:58.264+0000] {logging_mixin.py:188} INFO - [2024-02-12T19:59:58.263+0000] {dag.py:3820} INFO - Setting next_dagrun for example_sla_dag to 2024-02-12T19:56:00+00:00, run_after=2024-02-12T19:58:00+00:00
[2024-02-12T19:59:58.305+0000] {processor.py:183} INFO - Processing /home/codespace/.local/share/virtualenvs/airflow_sandbox-vp-HKq_L/lib/python3.10/site-packages/airflow/example_dags/example_sla_dag.py took 0.238 seconds
[2024-02-12T20:00:48.978+0000] {processor.py:161} INFO - Started process (PID=25758) to work on /home/codespace/.local/share/virtualenvs/airflow_sandbox-vp-HKq_L/lib/python3.10/site-packages/airflow/example_dags/example_sla_dag.py
[2024-02-12T20:00:48.979+0000] {processor.py:830} INFO - Processing file /home/codespace/.local/share/virtualenvs/airflow_sandbox-vp-HKq_L/lib/python3.10/site-packages/airflow/example_dags/example_sla_dag.py for tasks to queue
[2024-02-12T20:00:48.979+0000] {logging_mixin.py:188} INFO - [2024-02-12T20:00:48.979+0000] {dagbag.py:538} INFO - Filling up the DagBag from /home/codespace/.local/share/virtualenvs/airflow_sandbox-vp-HKq_L/lib/python3.10/site-packages/airflow/example_dags/example_sla_dag.py
[2024-02-12T20:00:48.986+0000] {processor.py:840} INFO - DAG(s) 'example_sla_dag' retrieved from /home/codespace/.local/share/virtualenvs/airflow_sandbox-vp-HKq_L/lib/python3.10/site-packages/airflow/example_dags/example_sla_dag.py
[2024-02-12T20:00:48.999+0000] {logging_mixin.py:188} INFO - [2024-02-12T20:00:48.999+0000] {dag.py:3033} INFO - Sync 1 DAGs
[2024-02-12T20:00:49.018+0000] {logging_mixin.py:188} INFO - [2024-02-12T20:00:49.017+0000] {dag.py:3820} INFO - Setting next_dagrun for example_sla_dag to 2024-02-12T19:58:00+00:00, run_after=2024-02-12T20:00:00+00:00
[2024-02-12T20:00:49.066+0000] {processor.py:183} INFO - Processing /home/codespace/.local/share/virtualenvs/airflow_sandbox-vp-HKq_L/lib/python3.10/site-packages/airflow/example_dags/example_sla_dag.py took 0.090 seconds
[2024-02-12T20:01:37.007+0000] {processor.py:161} INFO - Started process (PID=26191) to work on /home/codespace/.local/share/virtualenvs/airflow_sandbox-vp-HKq_L/lib/python3.10/site-packages/airflow/example_dags/example_sla_dag.py
[2024-02-12T20:01:37.008+0000] {processor.py:830} INFO - Processing file /home/codespace/.local/share/virtualenvs/airflow_sandbox-vp-HKq_L/lib/python3.10/site-packages/airflow/example_dags/example_sla_dag.py for tasks to queue
[2024-02-12T20:01:37.009+0000] {logging_mixin.py:188} INFO - [2024-02-12T20:01:37.008+0000] {dagbag.py:538} INFO - Filling up the DagBag from /home/codespace/.local/share/virtualenvs/airflow_sandbox-vp-HKq_L/lib/python3.10/site-packages/airflow/example_dags/example_sla_dag.py
[2024-02-12T20:01:37.015+0000] {processor.py:840} INFO - DAG(s) 'example_sla_dag' retrieved from /home/codespace/.local/share/virtualenvs/airflow_sandbox-vp-HKq_L/lib/python3.10/site-packages/airflow/example_dags/example_sla_dag.py
[2024-02-12T20:01:37.026+0000] {logging_mixin.py:188} INFO - [2024-02-12T20:01:37.026+0000] {dag.py:3033} INFO - Sync 1 DAGs
[2024-02-12T20:01:37.044+0000] {logging_mixin.py:188} INFO - [2024-02-12T20:01:37.044+0000] {dag.py:3820} INFO - Setting next_dagrun for example_sla_dag to 2024-02-12T19:58:00+00:00, run_after=2024-02-12T20:00:00+00:00
[2024-02-12T20:01:37.083+0000] {processor.py:183} INFO - Processing /home/codespace/.local/share/virtualenvs/airflow_sandbox-vp-HKq_L/lib/python3.10/site-packages/airflow/example_dags/example_sla_dag.py took 0.078 seconds
[2024-02-12T20:02:21.363+0000] {processor.py:161} INFO - Started process (PID=26624) to work on /home/codespace/.local/share/virtualenvs/airflow_sandbox-vp-HKq_L/lib/python3.10/site-packages/airflow/example_dags/example_sla_dag.py
[2024-02-12T20:02:21.364+0000] {processor.py:830} INFO - Processing file /home/codespace/.local/share/virtualenvs/airflow_sandbox-vp-HKq_L/lib/python3.10/site-packages/airflow/example_dags/example_sla_dag.py for tasks to queue
[2024-02-12T20:02:21.364+0000] {logging_mixin.py:188} INFO - [2024-02-12T20:02:21.364+0000] {dagbag.py:538} INFO - Filling up the DagBag from /home/codespace/.local/share/virtualenvs/airflow_sandbox-vp-HKq_L/lib/python3.10/site-packages/airflow/example_dags/example_sla_dag.py
[2024-02-12T20:02:21.371+0000] {processor.py:840} INFO - DAG(s) 'example_sla_dag' retrieved from /home/codespace/.local/share/virtualenvs/airflow_sandbox-vp-HKq_L/lib/python3.10/site-packages/airflow/example_dags/example_sla_dag.py
[2024-02-12T20:02:21.382+0000] {logging_mixin.py:188} INFO - [2024-02-12T20:02:21.382+0000] {dag.py:3033} INFO - Sync 1 DAGs
[2024-02-12T20:02:21.399+0000] {logging_mixin.py:188} INFO - [2024-02-12T20:02:21.399+0000] {dag.py:3820} INFO - Setting next_dagrun for example_sla_dag to 2024-02-12T20:00:00+00:00, run_after=2024-02-12T20:02:00+00:00
[2024-02-12T20:02:21.439+0000] {processor.py:183} INFO - Processing /home/codespace/.local/share/virtualenvs/airflow_sandbox-vp-HKq_L/lib/python3.10/site-packages/airflow/example_dags/example_sla_dag.py took 0.078 seconds
