[2024-02-12T19:43:39.579+0000] {processor.py:161} INFO - Started process (PID=15829) to work on /home/codespace/.local/share/virtualenvs/airflow_sandbox-vp-HKq_L/lib/python3.10/site-packages/airflow/example_dags/example_skip_dag.py
[2024-02-12T19:43:39.580+0000] {processor.py:830} INFO - Processing file /home/codespace/.local/share/virtualenvs/airflow_sandbox-vp-HKq_L/lib/python3.10/site-packages/airflow/example_dags/example_skip_dag.py for tasks to queue
[2024-02-12T19:43:39.581+0000] {logging_mixin.py:188} INFO - [2024-02-12T19:43:39.581+0000] {dagbag.py:538} INFO - Filling up the DagBag from /home/codespace/.local/share/virtualenvs/airflow_sandbox-vp-HKq_L/lib/python3.10/site-packages/airflow/example_dags/example_skip_dag.py
[2024-02-12T19:43:39.589+0000] {processor.py:840} INFO - DAG(s) 'example_skip_dag' retrieved from /home/codespace/.local/share/virtualenvs/airflow_sandbox-vp-HKq_L/lib/python3.10/site-packages/airflow/example_dags/example_skip_dag.py
[2024-02-12T19:43:39.810+0000] {logging_mixin.py:188} INFO - [2024-02-12T19:43:39.809+0000] {override.py:1769} INFO - Created Permission View: can delete on DAG:example_skip_dag
[2024-02-12T19:43:39.842+0000] {logging_mixin.py:188} INFO - [2024-02-12T19:43:39.842+0000] {override.py:1769} INFO - Created Permission View: can read on DAG:example_skip_dag
[2024-02-12T19:43:39.870+0000] {logging_mixin.py:188} INFO - [2024-02-12T19:43:39.870+0000] {override.py:1769} INFO - Created Permission View: can edit on DAG:example_skip_dag
[2024-02-12T19:43:39.870+0000] {logging_mixin.py:188} INFO - [2024-02-12T19:43:39.870+0000] {dag.py:3033} INFO - Sync 1 DAGs
[2024-02-12T19:43:39.879+0000] {logging_mixin.py:188} INFO - [2024-02-12T19:43:39.879+0000] {dag.py:3055} INFO - Creating ORM DAG for example_skip_dag
[2024-02-12T19:43:39.885+0000] {logging_mixin.py:188} INFO - [2024-02-12T19:43:39.885+0000] {dag.py:3820} INFO - Setting next_dagrun for example_skip_dag to 2024-02-11T00:00:00+00:00, run_after=2024-02-12T00:00:00+00:00
[2024-02-12T19:43:39.929+0000] {processor.py:183} INFO - Processing /home/codespace/.local/share/virtualenvs/airflow_sandbox-vp-HKq_L/lib/python3.10/site-packages/airflow/example_dags/example_skip_dag.py took 0.351 seconds
[2024-02-12T19:59:50.026+0000] {processor.py:161} INFO - Started process (PID=25153) to work on /home/codespace/.local/share/virtualenvs/airflow_sandbox-vp-HKq_L/lib/python3.10/site-packages/airflow/example_dags/example_skip_dag.py
[2024-02-12T19:59:50.027+0000] {processor.py:830} INFO - Processing file /home/codespace/.local/share/virtualenvs/airflow_sandbox-vp-HKq_L/lib/python3.10/site-packages/airflow/example_dags/example_skip_dag.py for tasks to queue
[2024-02-12T19:59:50.027+0000] {logging_mixin.py:188} INFO - [2024-02-12T19:59:50.027+0000] {dagbag.py:538} INFO - Filling up the DagBag from /home/codespace/.local/share/virtualenvs/airflow_sandbox-vp-HKq_L/lib/python3.10/site-packages/airflow/example_dags/example_skip_dag.py
[2024-02-12T19:59:50.036+0000] {processor.py:840} INFO - DAG(s) 'example_skip_dag' retrieved from /home/codespace/.local/share/virtualenvs/airflow_sandbox-vp-HKq_L/lib/python3.10/site-packages/airflow/example_dags/example_skip_dag.py
[2024-02-12T19:59:50.053+0000] {logging_mixin.py:188} INFO - [2024-02-12T19:59:50.053+0000] {dag.py:3033} INFO - Sync 1 DAGs
[2024-02-12T19:59:50.069+0000] {logging_mixin.py:188} INFO - [2024-02-12T19:59:50.069+0000] {dag.py:3820} INFO - Setting next_dagrun for example_skip_dag to 2024-02-11T00:00:00+00:00, run_after=2024-02-12T00:00:00+00:00
[2024-02-12T19:59:50.189+0000] {processor.py:183} INFO - Processing /home/codespace/.local/share/virtualenvs/airflow_sandbox-vp-HKq_L/lib/python3.10/site-packages/airflow/example_dags/example_skip_dag.py took 0.165 seconds
[2024-02-12T20:00:42.728+0000] {processor.py:161} INFO - Started process (PID=25708) to work on /home/codespace/.local/share/virtualenvs/airflow_sandbox-vp-HKq_L/lib/python3.10/site-packages/airflow/example_dags/example_skip_dag.py
[2024-02-12T20:00:42.729+0000] {processor.py:830} INFO - Processing file /home/codespace/.local/share/virtualenvs/airflow_sandbox-vp-HKq_L/lib/python3.10/site-packages/airflow/example_dags/example_skip_dag.py for tasks to queue
[2024-02-12T20:00:42.729+0000] {logging_mixin.py:188} INFO - [2024-02-12T20:00:42.729+0000] {dagbag.py:538} INFO - Filling up the DagBag from /home/codespace/.local/share/virtualenvs/airflow_sandbox-vp-HKq_L/lib/python3.10/site-packages/airflow/example_dags/example_skip_dag.py
[2024-02-12T20:00:42.735+0000] {processor.py:840} INFO - DAG(s) 'example_skip_dag' retrieved from /home/codespace/.local/share/virtualenvs/airflow_sandbox-vp-HKq_L/lib/python3.10/site-packages/airflow/example_dags/example_skip_dag.py
[2024-02-12T20:00:42.748+0000] {logging_mixin.py:188} INFO - [2024-02-12T20:00:42.748+0000] {dag.py:3033} INFO - Sync 1 DAGs
[2024-02-12T20:00:42.763+0000] {logging_mixin.py:188} INFO - [2024-02-12T20:00:42.763+0000] {dag.py:3820} INFO - Setting next_dagrun for example_skip_dag to 2024-02-11T00:00:00+00:00, run_after=2024-02-12T00:00:00+00:00
[2024-02-12T20:00:42.804+0000] {processor.py:183} INFO - Processing /home/codespace/.local/share/virtualenvs/airflow_sandbox-vp-HKq_L/lib/python3.10/site-packages/airflow/example_dags/example_skip_dag.py took 0.079 seconds
[2024-02-12T20:01:21.217+0000] {processor.py:161} INFO - Started process (PID=26074) to work on /home/codespace/.local/share/virtualenvs/airflow_sandbox-vp-HKq_L/lib/python3.10/site-packages/airflow/example_dags/example_skip_dag.py
[2024-02-12T20:01:21.218+0000] {processor.py:830} INFO - Processing file /home/codespace/.local/share/virtualenvs/airflow_sandbox-vp-HKq_L/lib/python3.10/site-packages/airflow/example_dags/example_skip_dag.py for tasks to queue
[2024-02-12T20:01:21.219+0000] {logging_mixin.py:188} INFO - [2024-02-12T20:01:21.218+0000] {dagbag.py:538} INFO - Filling up the DagBag from /home/codespace/.local/share/virtualenvs/airflow_sandbox-vp-HKq_L/lib/python3.10/site-packages/airflow/example_dags/example_skip_dag.py
[2024-02-12T20:01:21.226+0000] {processor.py:840} INFO - DAG(s) 'example_skip_dag' retrieved from /home/codespace/.local/share/virtualenvs/airflow_sandbox-vp-HKq_L/lib/python3.10/site-packages/airflow/example_dags/example_skip_dag.py
[2024-02-12T20:01:21.240+0000] {logging_mixin.py:188} INFO - [2024-02-12T20:01:21.240+0000] {dag.py:3033} INFO - Sync 1 DAGs
[2024-02-12T20:01:21.264+0000] {logging_mixin.py:188} INFO - [2024-02-12T20:01:21.264+0000] {dag.py:3820} INFO - Setting next_dagrun for example_skip_dag to 2024-02-11T00:00:00+00:00, run_after=2024-02-12T00:00:00+00:00
[2024-02-12T20:01:21.309+0000] {processor.py:183} INFO - Processing /home/codespace/.local/share/virtualenvs/airflow_sandbox-vp-HKq_L/lib/python3.10/site-packages/airflow/example_dags/example_skip_dag.py took 0.095 seconds
[2024-02-12T20:01:55.392+0000] {processor.py:161} INFO - Started process (PID=26394) to work on /home/codespace/.local/share/virtualenvs/airflow_sandbox-vp-HKq_L/lib/python3.10/site-packages/airflow/example_dags/example_skip_dag.py
[2024-02-12T20:01:55.393+0000] {processor.py:830} INFO - Processing file /home/codespace/.local/share/virtualenvs/airflow_sandbox-vp-HKq_L/lib/python3.10/site-packages/airflow/example_dags/example_skip_dag.py for tasks to queue
[2024-02-12T20:01:55.394+0000] {logging_mixin.py:188} INFO - [2024-02-12T20:01:55.393+0000] {dagbag.py:538} INFO - Filling up the DagBag from /home/codespace/.local/share/virtualenvs/airflow_sandbox-vp-HKq_L/lib/python3.10/site-packages/airflow/example_dags/example_skip_dag.py
[2024-02-12T20:01:55.402+0000] {processor.py:840} INFO - DAG(s) 'example_skip_dag' retrieved from /home/codespace/.local/share/virtualenvs/airflow_sandbox-vp-HKq_L/lib/python3.10/site-packages/airflow/example_dags/example_skip_dag.py
[2024-02-12T20:01:55.419+0000] {logging_mixin.py:188} INFO - [2024-02-12T20:01:55.419+0000] {dag.py:3033} INFO - Sync 1 DAGs
[2024-02-12T20:01:55.435+0000] {logging_mixin.py:188} INFO - [2024-02-12T20:01:55.435+0000] {dag.py:3820} INFO - Setting next_dagrun for example_skip_dag to 2024-02-11T00:00:00+00:00, run_after=2024-02-12T00:00:00+00:00
[2024-02-12T20:01:55.480+0000] {processor.py:161} INFO - Started process (PID=26395) to work on /home/codespace/.local/share/virtualenvs/airflow_sandbox-vp-HKq_L/lib/python3.10/site-packages/airflow/example_dags/example_skip_dag.py
[2024-02-12T20:01:55.481+0000] {processor.py:830} INFO - Processing file /home/codespace/.local/share/virtualenvs/airflow_sandbox-vp-HKq_L/lib/python3.10/site-packages/airflow/example_dags/example_skip_dag.py for tasks to queue
[2024-02-12T20:01:55.482+0000] {logging_mixin.py:188} INFO - [2024-02-12T20:01:55.481+0000] {dagbag.py:538} INFO - Filling up the DagBag from /home/codespace/.local/share/virtualenvs/airflow_sandbox-vp-HKq_L/lib/python3.10/site-packages/airflow/example_dags/example_skip_dag.py
[2024-02-12T20:01:55.489+0000] {processor.py:840} INFO - DAG(s) 'example_skip_dag' retrieved from /home/codespace/.local/share/virtualenvs/airflow_sandbox-vp-HKq_L/lib/python3.10/site-packages/airflow/example_dags/example_skip_dag.py
[2024-02-12T20:01:55.506+0000] {logging_mixin.py:188} INFO - [2024-02-12T20:01:55.505+0000] {dag.py:3033} INFO - Sync 1 DAGs
[2024-02-12T20:01:55.526+0000] {logging_mixin.py:188} INFO - [2024-02-12T20:01:55.525+0000] {dag.py:3820} INFO - Setting next_dagrun for example_skip_dag to 2024-02-11T00:00:00+00:00, run_after=2024-02-12T00:00:00+00:00
[2024-02-12T20:01:55.598+0000] {processor.py:183} INFO - Processing /home/codespace/.local/share/virtualenvs/airflow_sandbox-vp-HKq_L/lib/python3.10/site-packages/airflow/example_dags/example_skip_dag.py took 0.208 seconds
[2024-02-12T20:01:55.604+0000] {processor.py:183} INFO - Processing /home/codespace/.local/share/virtualenvs/airflow_sandbox-vp-HKq_L/lib/python3.10/site-packages/airflow/example_dags/example_skip_dag.py took 0.127 seconds
[2024-02-12T20:02:43.201+0000] {processor.py:161} INFO - Started process (PID=26887) to work on /home/codespace/.local/share/virtualenvs/airflow_sandbox-vp-HKq_L/lib/python3.10/site-packages/airflow/example_dags/example_skip_dag.py
[2024-02-12T20:02:43.202+0000] {processor.py:830} INFO - Processing file /home/codespace/.local/share/virtualenvs/airflow_sandbox-vp-HKq_L/lib/python3.10/site-packages/airflow/example_dags/example_skip_dag.py for tasks to queue
[2024-02-12T20:02:43.203+0000] {logging_mixin.py:188} INFO - [2024-02-12T20:02:43.203+0000] {dagbag.py:538} INFO - Filling up the DagBag from /home/codespace/.local/share/virtualenvs/airflow_sandbox-vp-HKq_L/lib/python3.10/site-packages/airflow/example_dags/example_skip_dag.py
[2024-02-12T20:02:43.211+0000] {processor.py:840} INFO - DAG(s) 'example_skip_dag' retrieved from /home/codespace/.local/share/virtualenvs/airflow_sandbox-vp-HKq_L/lib/python3.10/site-packages/airflow/example_dags/example_skip_dag.py
[2024-02-12T20:02:43.233+0000] {logging_mixin.py:188} INFO - [2024-02-12T20:02:43.233+0000] {dag.py:3033} INFO - Sync 1 DAGs
[2024-02-12T20:02:43.260+0000] {logging_mixin.py:188} INFO - [2024-02-12T20:02:43.259+0000] {dag.py:3820} INFO - Setting next_dagrun for example_skip_dag to 2024-02-11T00:00:00+00:00, run_after=2024-02-12T00:00:00+00:00
[2024-02-12T20:02:43.306+0000] {processor.py:183} INFO - Processing /home/codespace/.local/share/virtualenvs/airflow_sandbox-vp-HKq_L/lib/python3.10/site-packages/airflow/example_dags/example_skip_dag.py took 0.108 seconds
[2024-02-12T20:03:20.938+0000] {processor.py:161} INFO - Started process (PID=27420) to work on /home/codespace/.local/share/virtualenvs/airflow_sandbox-vp-HKq_L/lib/python3.10/site-packages/airflow/example_dags/example_skip_dag.py
[2024-02-12T20:03:20.939+0000] {processor.py:830} INFO - Processing file /home/codespace/.local/share/virtualenvs/airflow_sandbox-vp-HKq_L/lib/python3.10/site-packages/airflow/example_dags/example_skip_dag.py for tasks to queue
[2024-02-12T20:03:20.940+0000] {logging_mixin.py:188} INFO - [2024-02-12T20:03:20.939+0000] {dagbag.py:538} INFO - Filling up the DagBag from /home/codespace/.local/share/virtualenvs/airflow_sandbox-vp-HKq_L/lib/python3.10/site-packages/airflow/example_dags/example_skip_dag.py
[2024-02-12T20:03:20.945+0000] {processor.py:840} INFO - DAG(s) 'example_skip_dag' retrieved from /home/codespace/.local/share/virtualenvs/airflow_sandbox-vp-HKq_L/lib/python3.10/site-packages/airflow/example_dags/example_skip_dag.py
[2024-02-12T20:03:20.961+0000] {logging_mixin.py:188} INFO - [2024-02-12T20:03:20.961+0000] {dag.py:3033} INFO - Sync 1 DAGs
[2024-02-12T20:03:20.978+0000] {logging_mixin.py:188} INFO - [2024-02-12T20:03:20.977+0000] {dag.py:3820} INFO - Setting next_dagrun for example_skip_dag to 2024-02-11T00:00:00+00:00, run_after=2024-02-12T00:00:00+00:00
[2024-02-12T20:03:21.019+0000] {processor.py:183} INFO - Processing /home/codespace/.local/share/virtualenvs/airflow_sandbox-vp-HKq_L/lib/python3.10/site-packages/airflow/example_dags/example_skip_dag.py took 0.083 seconds
[2024-02-12T20:03:56.942+0000] {processor.py:161} INFO - Started process (PID=27724) to work on /home/codespace/.local/share/virtualenvs/airflow_sandbox-vp-HKq_L/lib/python3.10/site-packages/airflow/example_dags/example_skip_dag.py
[2024-02-12T20:03:56.943+0000] {processor.py:830} INFO - Processing file /home/codespace/.local/share/virtualenvs/airflow_sandbox-vp-HKq_L/lib/python3.10/site-packages/airflow/example_dags/example_skip_dag.py for tasks to queue
[2024-02-12T20:03:56.943+0000] {logging_mixin.py:188} INFO - [2024-02-12T20:03:56.943+0000] {dagbag.py:538} INFO - Filling up the DagBag from /home/codespace/.local/share/virtualenvs/airflow_sandbox-vp-HKq_L/lib/python3.10/site-packages/airflow/example_dags/example_skip_dag.py
[2024-02-12T20:03:56.949+0000] {processor.py:840} INFO - DAG(s) 'example_skip_dag' retrieved from /home/codespace/.local/share/virtualenvs/airflow_sandbox-vp-HKq_L/lib/python3.10/site-packages/airflow/example_dags/example_skip_dag.py
[2024-02-12T20:03:56.961+0000] {logging_mixin.py:188} INFO - [2024-02-12T20:03:56.961+0000] {dag.py:3033} INFO - Sync 1 DAGs
[2024-02-12T20:03:56.979+0000] {logging_mixin.py:188} INFO - [2024-02-12T20:03:56.979+0000] {dag.py:3820} INFO - Setting next_dagrun for example_skip_dag to 2024-02-11T00:00:00+00:00, run_after=2024-02-12T00:00:00+00:00
[2024-02-12T20:03:57.019+0000] {processor.py:183} INFO - Processing /home/codespace/.local/share/virtualenvs/airflow_sandbox-vp-HKq_L/lib/python3.10/site-packages/airflow/example_dags/example_skip_dag.py took 0.080 seconds
[2024-02-12T20:04:31.961+0000] {processor.py:161} INFO - Started process (PID=28010) to work on /home/codespace/.local/share/virtualenvs/airflow_sandbox-vp-HKq_L/lib/python3.10/site-packages/airflow/example_dags/example_skip_dag.py
[2024-02-12T20:04:31.962+0000] {processor.py:830} INFO - Processing file /home/codespace/.local/share/virtualenvs/airflow_sandbox-vp-HKq_L/lib/python3.10/site-packages/airflow/example_dags/example_skip_dag.py for tasks to queue
[2024-02-12T20:04:31.963+0000] {logging_mixin.py:188} INFO - [2024-02-12T20:04:31.963+0000] {dagbag.py:538} INFO - Filling up the DagBag from /home/codespace/.local/share/virtualenvs/airflow_sandbox-vp-HKq_L/lib/python3.10/site-packages/airflow/example_dags/example_skip_dag.py
[2024-02-12T20:04:31.972+0000] {processor.py:840} INFO - DAG(s) 'example_skip_dag' retrieved from /home/codespace/.local/share/virtualenvs/airflow_sandbox-vp-HKq_L/lib/python3.10/site-packages/airflow/example_dags/example_skip_dag.py
[2024-02-12T20:04:31.988+0000] {logging_mixin.py:188} INFO - [2024-02-12T20:04:31.988+0000] {dag.py:3033} INFO - Sync 1 DAGs
[2024-02-12T20:04:32.004+0000] {logging_mixin.py:188} INFO - [2024-02-12T20:04:32.004+0000] {dag.py:3820} INFO - Setting next_dagrun for example_skip_dag to 2024-02-11T00:00:00+00:00, run_after=2024-02-12T00:00:00+00:00
[2024-02-12T20:04:32.043+0000] {processor.py:183} INFO - Processing /home/codespace/.local/share/virtualenvs/airflow_sandbox-vp-HKq_L/lib/python3.10/site-packages/airflow/example_dags/example_skip_dag.py took 0.085 seconds
[2024-02-12T20:05:07.027+0000] {processor.py:161} INFO - Started process (PID=28133) to work on /home/codespace/.local/share/virtualenvs/airflow_sandbox-vp-HKq_L/lib/python3.10/site-packages/airflow/example_dags/example_skip_dag.py
[2024-02-12T20:05:07.028+0000] {processor.py:830} INFO - Processing file /home/codespace/.local/share/virtualenvs/airflow_sandbox-vp-HKq_L/lib/python3.10/site-packages/airflow/example_dags/example_skip_dag.py for tasks to queue
[2024-02-12T20:05:07.029+0000] {logging_mixin.py:188} INFO - [2024-02-12T20:05:07.028+0000] {dagbag.py:538} INFO - Filling up the DagBag from /home/codespace/.local/share/virtualenvs/airflow_sandbox-vp-HKq_L/lib/python3.10/site-packages/airflow/example_dags/example_skip_dag.py
[2024-02-12T20:05:07.034+0000] {processor.py:840} INFO - DAG(s) 'example_skip_dag' retrieved from /home/codespace/.local/share/virtualenvs/airflow_sandbox-vp-HKq_L/lib/python3.10/site-packages/airflow/example_dags/example_skip_dag.py
[2024-02-12T20:05:07.047+0000] {logging_mixin.py:188} INFO - [2024-02-12T20:05:07.047+0000] {dag.py:3033} INFO - Sync 1 DAGs
[2024-02-12T20:05:07.063+0000] {logging_mixin.py:188} INFO - [2024-02-12T20:05:07.062+0000] {dag.py:3820} INFO - Setting next_dagrun for example_skip_dag to 2024-02-11T00:00:00+00:00, run_after=2024-02-12T00:00:00+00:00
[2024-02-12T20:05:07.101+0000] {processor.py:183} INFO - Processing /home/codespace/.local/share/virtualenvs/airflow_sandbox-vp-HKq_L/lib/python3.10/site-packages/airflow/example_dags/example_skip_dag.py took 0.076 seconds
[2024-02-12T20:05:43.135+0000] {processor.py:161} INFO - Started process (PID=28255) to work on /home/codespace/.local/share/virtualenvs/airflow_sandbox-vp-HKq_L/lib/python3.10/site-packages/airflow/example_dags/example_skip_dag.py
[2024-02-12T20:05:43.136+0000] {processor.py:830} INFO - Processing file /home/codespace/.local/share/virtualenvs/airflow_sandbox-vp-HKq_L/lib/python3.10/site-packages/airflow/example_dags/example_skip_dag.py for tasks to queue
[2024-02-12T20:05:43.136+0000] {logging_mixin.py:188} INFO - [2024-02-12T20:05:43.136+0000] {dagbag.py:538} INFO - Filling up the DagBag from /home/codespace/.local/share/virtualenvs/airflow_sandbox-vp-HKq_L/lib/python3.10/site-packages/airflow/example_dags/example_skip_dag.py
[2024-02-12T20:05:43.142+0000] {processor.py:840} INFO - DAG(s) 'example_skip_dag' retrieved from /home/codespace/.local/share/virtualenvs/airflow_sandbox-vp-HKq_L/lib/python3.10/site-packages/airflow/example_dags/example_skip_dag.py
[2024-02-12T20:05:43.155+0000] {logging_mixin.py:188} INFO - [2024-02-12T20:05:43.155+0000] {dag.py:3033} INFO - Sync 1 DAGs
[2024-02-12T20:05:43.170+0000] {logging_mixin.py:188} INFO - [2024-02-12T20:05:43.170+0000] {dag.py:3820} INFO - Setting next_dagrun for example_skip_dag to 2024-02-11T00:00:00+00:00, run_after=2024-02-12T00:00:00+00:00
[2024-02-12T20:05:43.208+0000] {processor.py:183} INFO - Processing /home/codespace/.local/share/virtualenvs/airflow_sandbox-vp-HKq_L/lib/python3.10/site-packages/airflow/example_dags/example_skip_dag.py took 0.076 seconds
[2024-02-12T20:06:19.087+0000] {processor.py:161} INFO - Started process (PID=28359) to work on /home/codespace/.local/share/virtualenvs/airflow_sandbox-vp-HKq_L/lib/python3.10/site-packages/airflow/example_dags/example_skip_dag.py
[2024-02-12T20:06:19.089+0000] {processor.py:830} INFO - Processing file /home/codespace/.local/share/virtualenvs/airflow_sandbox-vp-HKq_L/lib/python3.10/site-packages/airflow/example_dags/example_skip_dag.py for tasks to queue
[2024-02-12T20:06:19.089+0000] {logging_mixin.py:188} INFO - [2024-02-12T20:06:19.089+0000] {dagbag.py:538} INFO - Filling up the DagBag from /home/codespace/.local/share/virtualenvs/airflow_sandbox-vp-HKq_L/lib/python3.10/site-packages/airflow/example_dags/example_skip_dag.py
[2024-02-12T20:06:19.099+0000] {processor.py:840} INFO - DAG(s) 'example_skip_dag' retrieved from /home/codespace/.local/share/virtualenvs/airflow_sandbox-vp-HKq_L/lib/python3.10/site-packages/airflow/example_dags/example_skip_dag.py
[2024-02-12T20:06:19.112+0000] {logging_mixin.py:188} INFO - [2024-02-12T20:06:19.112+0000] {dag.py:3033} INFO - Sync 1 DAGs
[2024-02-12T20:06:19.135+0000] {logging_mixin.py:188} INFO - [2024-02-12T20:06:19.134+0000] {dag.py:3820} INFO - Setting next_dagrun for example_skip_dag to 2024-02-11T00:00:00+00:00, run_after=2024-02-12T00:00:00+00:00
[2024-02-12T20:06:19.173+0000] {processor.py:183} INFO - Processing /home/codespace/.local/share/virtualenvs/airflow_sandbox-vp-HKq_L/lib/python3.10/site-packages/airflow/example_dags/example_skip_dag.py took 0.089 seconds
[2024-02-12T20:06:54.631+0000] {processor.py:161} INFO - Started process (PID=28671) to work on /home/codespace/.local/share/virtualenvs/airflow_sandbox-vp-HKq_L/lib/python3.10/site-packages/airflow/example_dags/example_skip_dag.py
[2024-02-12T20:06:54.632+0000] {processor.py:830} INFO - Processing file /home/codespace/.local/share/virtualenvs/airflow_sandbox-vp-HKq_L/lib/python3.10/site-packages/airflow/example_dags/example_skip_dag.py for tasks to queue
[2024-02-12T20:06:54.633+0000] {logging_mixin.py:188} INFO - [2024-02-12T20:06:54.632+0000] {dagbag.py:538} INFO - Filling up the DagBag from /home/codespace/.local/share/virtualenvs/airflow_sandbox-vp-HKq_L/lib/python3.10/site-packages/airflow/example_dags/example_skip_dag.py
[2024-02-12T20:06:54.638+0000] {processor.py:840} INFO - DAG(s) 'example_skip_dag' retrieved from /home/codespace/.local/share/virtualenvs/airflow_sandbox-vp-HKq_L/lib/python3.10/site-packages/airflow/example_dags/example_skip_dag.py
[2024-02-12T20:06:54.650+0000] {logging_mixin.py:188} INFO - [2024-02-12T20:06:54.650+0000] {dag.py:3033} INFO - Sync 1 DAGs
[2024-02-12T20:06:54.665+0000] {logging_mixin.py:188} INFO - [2024-02-12T20:06:54.665+0000] {dag.py:3820} INFO - Setting next_dagrun for example_skip_dag to 2024-02-11T00:00:00+00:00, run_after=2024-02-12T00:00:00+00:00
[2024-02-12T20:06:54.724+0000] {processor.py:183} INFO - Processing /home/codespace/.local/share/virtualenvs/airflow_sandbox-vp-HKq_L/lib/python3.10/site-packages/airflow/example_dags/example_skip_dag.py took 0.096 seconds
