[2024-02-12T19:43:38.143+0000] {processor.py:161} INFO - Started process (PID=15800) to work on /home/codespace/.local/share/virtualenvs/airflow_sandbox-vp-HKq_L/lib/python3.10/site-packages/airflow/example_dags/example_task_group.py
[2024-02-12T19:43:38.143+0000] {processor.py:830} INFO - Processing file /home/codespace/.local/share/virtualenvs/airflow_sandbox-vp-HKq_L/lib/python3.10/site-packages/airflow/example_dags/example_task_group.py for tasks to queue
[2024-02-12T19:43:38.144+0000] {logging_mixin.py:188} INFO - [2024-02-12T19:43:38.144+0000] {dagbag.py:538} INFO - Filling up the DagBag from /home/codespace/.local/share/virtualenvs/airflow_sandbox-vp-HKq_L/lib/python3.10/site-packages/airflow/example_dags/example_task_group.py
[2024-02-12T19:43:38.152+0000] {processor.py:840} INFO - DAG(s) 'example_task_group' retrieved from /home/codespace/.local/share/virtualenvs/airflow_sandbox-vp-HKq_L/lib/python3.10/site-packages/airflow/example_dags/example_task_group.py
[2024-02-12T19:43:38.366+0000] {logging_mixin.py:188} INFO - [2024-02-12T19:43:38.365+0000] {override.py:1769} INFO - Created Permission View: can delete on DAG:example_task_group
[2024-02-12T19:43:38.396+0000] {logging_mixin.py:188} INFO - [2024-02-12T19:43:38.395+0000] {override.py:1769} INFO - Created Permission View: can read on DAG:example_task_group
[2024-02-12T19:43:38.423+0000] {logging_mixin.py:188} INFO - [2024-02-12T19:43:38.423+0000] {override.py:1769} INFO - Created Permission View: can edit on DAG:example_task_group
[2024-02-12T19:43:38.423+0000] {logging_mixin.py:188} INFO - [2024-02-12T19:43:38.423+0000] {dag.py:3033} INFO - Sync 1 DAGs
[2024-02-12T19:43:38.432+0000] {logging_mixin.py:188} INFO - [2024-02-12T19:43:38.432+0000] {dag.py:3055} INFO - Creating ORM DAG for example_task_group
[2024-02-12T19:43:38.438+0000] {logging_mixin.py:188} INFO - [2024-02-12T19:43:38.438+0000] {dag.py:3820} INFO - Setting next_dagrun for example_task_group to 2024-02-11T00:00:00+00:00, run_after=2024-02-12T00:00:00+00:00
[2024-02-12T19:43:38.486+0000] {processor.py:183} INFO - Processing /home/codespace/.local/share/virtualenvs/airflow_sandbox-vp-HKq_L/lib/python3.10/site-packages/airflow/example_dags/example_task_group.py took 0.346 seconds
[2024-02-12T19:59:48.787+0000] {processor.py:161} INFO - Started process (PID=25146) to work on /home/codespace/.local/share/virtualenvs/airflow_sandbox-vp-HKq_L/lib/python3.10/site-packages/airflow/example_dags/example_task_group.py
[2024-02-12T19:59:48.787+0000] {processor.py:830} INFO - Processing file /home/codespace/.local/share/virtualenvs/airflow_sandbox-vp-HKq_L/lib/python3.10/site-packages/airflow/example_dags/example_task_group.py for tasks to queue
[2024-02-12T19:59:48.788+0000] {logging_mixin.py:188} INFO - [2024-02-12T19:59:48.788+0000] {dagbag.py:538} INFO - Filling up the DagBag from /home/codespace/.local/share/virtualenvs/airflow_sandbox-vp-HKq_L/lib/python3.10/site-packages/airflow/example_dags/example_task_group.py
[2024-02-12T19:59:48.797+0000] {processor.py:840} INFO - DAG(s) 'example_task_group' retrieved from /home/codespace/.local/share/virtualenvs/airflow_sandbox-vp-HKq_L/lib/python3.10/site-packages/airflow/example_dags/example_task_group.py
[2024-02-12T19:59:48.814+0000] {logging_mixin.py:188} INFO - [2024-02-12T19:59:48.814+0000] {dag.py:3033} INFO - Sync 1 DAGs
[2024-02-12T19:59:48.831+0000] {logging_mixin.py:188} INFO - [2024-02-12T19:59:48.831+0000] {dag.py:3820} INFO - Setting next_dagrun for example_task_group to 2024-02-11T00:00:00+00:00, run_after=2024-02-12T00:00:00+00:00
[2024-02-12T19:59:48.949+0000] {processor.py:183} INFO - Processing /home/codespace/.local/share/virtualenvs/airflow_sandbox-vp-HKq_L/lib/python3.10/site-packages/airflow/example_dags/example_task_group.py took 0.165 seconds
[2024-02-12T20:00:42.125+0000] {processor.py:161} INFO - Started process (PID=25701) to work on /home/codespace/.local/share/virtualenvs/airflow_sandbox-vp-HKq_L/lib/python3.10/site-packages/airflow/example_dags/example_task_group.py
[2024-02-12T20:00:42.126+0000] {processor.py:830} INFO - Processing file /home/codespace/.local/share/virtualenvs/airflow_sandbox-vp-HKq_L/lib/python3.10/site-packages/airflow/example_dags/example_task_group.py for tasks to queue
[2024-02-12T20:00:42.127+0000] {logging_mixin.py:188} INFO - [2024-02-12T20:00:42.126+0000] {dagbag.py:538} INFO - Filling up the DagBag from /home/codespace/.local/share/virtualenvs/airflow_sandbox-vp-HKq_L/lib/python3.10/site-packages/airflow/example_dags/example_task_group.py
[2024-02-12T20:00:42.133+0000] {processor.py:840} INFO - DAG(s) 'example_task_group' retrieved from /home/codespace/.local/share/virtualenvs/airflow_sandbox-vp-HKq_L/lib/python3.10/site-packages/airflow/example_dags/example_task_group.py
[2024-02-12T20:00:42.146+0000] {logging_mixin.py:188} INFO - [2024-02-12T20:00:42.146+0000] {dag.py:3033} INFO - Sync 1 DAGs
[2024-02-12T20:00:42.165+0000] {logging_mixin.py:188} INFO - [2024-02-12T20:00:42.164+0000] {dag.py:3820} INFO - Setting next_dagrun for example_task_group to 2024-02-11T00:00:00+00:00, run_after=2024-02-12T00:00:00+00:00
[2024-02-12T20:00:42.212+0000] {processor.py:183} INFO - Processing /home/codespace/.local/share/virtualenvs/airflow_sandbox-vp-HKq_L/lib/python3.10/site-packages/airflow/example_dags/example_task_group.py took 0.089 seconds
[2024-02-12T20:01:20.084+0000] {processor.py:161} INFO - Started process (PID=26063) to work on /home/codespace/.local/share/virtualenvs/airflow_sandbox-vp-HKq_L/lib/python3.10/site-packages/airflow/example_dags/example_task_group.py
[2024-02-12T20:01:20.085+0000] {processor.py:830} INFO - Processing file /home/codespace/.local/share/virtualenvs/airflow_sandbox-vp-HKq_L/lib/python3.10/site-packages/airflow/example_dags/example_task_group.py for tasks to queue
[2024-02-12T20:01:20.085+0000] {logging_mixin.py:188} INFO - [2024-02-12T20:01:20.085+0000] {dagbag.py:538} INFO - Filling up the DagBag from /home/codespace/.local/share/virtualenvs/airflow_sandbox-vp-HKq_L/lib/python3.10/site-packages/airflow/example_dags/example_task_group.py
[2024-02-12T20:01:20.091+0000] {processor.py:840} INFO - DAG(s) 'example_task_group' retrieved from /home/codespace/.local/share/virtualenvs/airflow_sandbox-vp-HKq_L/lib/python3.10/site-packages/airflow/example_dags/example_task_group.py
[2024-02-12T20:01:20.104+0000] {logging_mixin.py:188} INFO - [2024-02-12T20:01:20.103+0000] {dag.py:3033} INFO - Sync 1 DAGs
[2024-02-12T20:01:20.119+0000] {logging_mixin.py:188} INFO - [2024-02-12T20:01:20.118+0000] {dag.py:3820} INFO - Setting next_dagrun for example_task_group to 2024-02-11T00:00:00+00:00, run_after=2024-02-12T00:00:00+00:00
[2024-02-12T20:01:20.158+0000] {processor.py:183} INFO - Processing /home/codespace/.local/share/virtualenvs/airflow_sandbox-vp-HKq_L/lib/python3.10/site-packages/airflow/example_dags/example_task_group.py took 0.077 seconds
[2024-02-12T20:01:54.153+0000] {processor.py:161} INFO - Started process (PID=26363) to work on /home/codespace/.local/share/virtualenvs/airflow_sandbox-vp-HKq_L/lib/python3.10/site-packages/airflow/example_dags/example_task_group.py
[2024-02-12T20:01:54.154+0000] {processor.py:830} INFO - Processing file /home/codespace/.local/share/virtualenvs/airflow_sandbox-vp-HKq_L/lib/python3.10/site-packages/airflow/example_dags/example_task_group.py for tasks to queue
[2024-02-12T20:01:54.154+0000] {logging_mixin.py:188} INFO - [2024-02-12T20:01:54.154+0000] {dagbag.py:538} INFO - Filling up the DagBag from /home/codespace/.local/share/virtualenvs/airflow_sandbox-vp-HKq_L/lib/python3.10/site-packages/airflow/example_dags/example_task_group.py
[2024-02-12T20:01:54.163+0000] {processor.py:840} INFO - DAG(s) 'example_task_group' retrieved from /home/codespace/.local/share/virtualenvs/airflow_sandbox-vp-HKq_L/lib/python3.10/site-packages/airflow/example_dags/example_task_group.py
[2024-02-12T20:01:54.181+0000] {logging_mixin.py:188} INFO - [2024-02-12T20:01:54.180+0000] {dag.py:3033} INFO - Sync 1 DAGs
[2024-02-12T20:01:54.196+0000] {logging_mixin.py:188} INFO - [2024-02-12T20:01:54.196+0000] {dag.py:3820} INFO - Setting next_dagrun for example_task_group to 2024-02-11T00:00:00+00:00, run_after=2024-02-12T00:00:00+00:00
[2024-02-12T20:01:54.320+0000] {processor.py:183} INFO - Processing /home/codespace/.local/share/virtualenvs/airflow_sandbox-vp-HKq_L/lib/python3.10/site-packages/airflow/example_dags/example_task_group.py took 0.170 seconds
[2024-02-12T20:01:54.880+0000] {processor.py:161} INFO - Started process (PID=26393) to work on /home/codespace/.local/share/virtualenvs/airflow_sandbox-vp-HKq_L/lib/python3.10/site-packages/airflow/example_dags/example_task_group.py
[2024-02-12T20:01:54.881+0000] {processor.py:830} INFO - Processing file /home/codespace/.local/share/virtualenvs/airflow_sandbox-vp-HKq_L/lib/python3.10/site-packages/airflow/example_dags/example_task_group.py for tasks to queue
[2024-02-12T20:01:54.882+0000] {logging_mixin.py:188} INFO - [2024-02-12T20:01:54.881+0000] {dagbag.py:538} INFO - Filling up the DagBag from /home/codespace/.local/share/virtualenvs/airflow_sandbox-vp-HKq_L/lib/python3.10/site-packages/airflow/example_dags/example_task_group.py
[2024-02-12T20:01:54.887+0000] {processor.py:840} INFO - DAG(s) 'example_task_group' retrieved from /home/codespace/.local/share/virtualenvs/airflow_sandbox-vp-HKq_L/lib/python3.10/site-packages/airflow/example_dags/example_task_group.py
[2024-02-12T20:01:54.899+0000] {logging_mixin.py:188} INFO - [2024-02-12T20:01:54.899+0000] {dag.py:3033} INFO - Sync 1 DAGs
[2024-02-12T20:01:54.915+0000] {logging_mixin.py:188} INFO - [2024-02-12T20:01:54.915+0000] {dag.py:3820} INFO - Setting next_dagrun for example_task_group to 2024-02-11T00:00:00+00:00, run_after=2024-02-12T00:00:00+00:00
[2024-02-12T20:01:54.956+0000] {processor.py:183} INFO - Processing /home/codespace/.local/share/virtualenvs/airflow_sandbox-vp-HKq_L/lib/python3.10/site-packages/airflow/example_dags/example_task_group.py took 0.078 seconds
[2024-02-12T20:02:42.029+0000] {processor.py:161} INFO - Started process (PID=26868) to work on /home/codespace/.local/share/virtualenvs/airflow_sandbox-vp-HKq_L/lib/python3.10/site-packages/airflow/example_dags/example_task_group.py
[2024-02-12T20:02:42.030+0000] {processor.py:830} INFO - Processing file /home/codespace/.local/share/virtualenvs/airflow_sandbox-vp-HKq_L/lib/python3.10/site-packages/airflow/example_dags/example_task_group.py for tasks to queue
[2024-02-12T20:02:42.030+0000] {logging_mixin.py:188} INFO - [2024-02-12T20:02:42.030+0000] {dagbag.py:538} INFO - Filling up the DagBag from /home/codespace/.local/share/virtualenvs/airflow_sandbox-vp-HKq_L/lib/python3.10/site-packages/airflow/example_dags/example_task_group.py
[2024-02-12T20:02:42.036+0000] {processor.py:840} INFO - DAG(s) 'example_task_group' retrieved from /home/codespace/.local/share/virtualenvs/airflow_sandbox-vp-HKq_L/lib/python3.10/site-packages/airflow/example_dags/example_task_group.py
[2024-02-12T20:02:42.049+0000] {logging_mixin.py:188} INFO - [2024-02-12T20:02:42.049+0000] {dag.py:3033} INFO - Sync 1 DAGs
[2024-02-12T20:02:42.065+0000] {logging_mixin.py:188} INFO - [2024-02-12T20:02:42.065+0000] {dag.py:3820} INFO - Setting next_dagrun for example_task_group to 2024-02-11T00:00:00+00:00, run_after=2024-02-12T00:00:00+00:00
[2024-02-12T20:02:42.108+0000] {processor.py:183} INFO - Processing /home/codespace/.local/share/virtualenvs/airflow_sandbox-vp-HKq_L/lib/python3.10/site-packages/airflow/example_dags/example_task_group.py took 0.081 seconds
[2024-02-12T20:03:19.700+0000] {processor.py:161} INFO - Started process (PID=27402) to work on /home/codespace/.local/share/virtualenvs/airflow_sandbox-vp-HKq_L/lib/python3.10/site-packages/airflow/example_dags/example_task_group.py
[2024-02-12T20:03:19.701+0000] {processor.py:830} INFO - Processing file /home/codespace/.local/share/virtualenvs/airflow_sandbox-vp-HKq_L/lib/python3.10/site-packages/airflow/example_dags/example_task_group.py for tasks to queue
[2024-02-12T20:03:19.701+0000] {logging_mixin.py:188} INFO - [2024-02-12T20:03:19.701+0000] {dagbag.py:538} INFO - Filling up the DagBag from /home/codespace/.local/share/virtualenvs/airflow_sandbox-vp-HKq_L/lib/python3.10/site-packages/airflow/example_dags/example_task_group.py
[2024-02-12T20:03:19.709+0000] {processor.py:840} INFO - DAG(s) 'example_task_group' retrieved from /home/codespace/.local/share/virtualenvs/airflow_sandbox-vp-HKq_L/lib/python3.10/site-packages/airflow/example_dags/example_task_group.py
[2024-02-12T20:03:19.731+0000] {logging_mixin.py:188} INFO - [2024-02-12T20:03:19.731+0000] {dag.py:3033} INFO - Sync 1 DAGs
[2024-02-12T20:03:19.755+0000] {logging_mixin.py:188} INFO - [2024-02-12T20:03:19.755+0000] {dag.py:3820} INFO - Setting next_dagrun for example_task_group to 2024-02-11T00:00:00+00:00, run_after=2024-02-12T00:00:00+00:00
[2024-02-12T20:03:19.800+0000] {processor.py:183} INFO - Processing /home/codespace/.local/share/virtualenvs/airflow_sandbox-vp-HKq_L/lib/python3.10/site-packages/airflow/example_dags/example_task_group.py took 0.102 seconds
[2024-02-12T20:03:55.808+0000] {processor.py:161} INFO - Started process (PID=27697) to work on /home/codespace/.local/share/virtualenvs/airflow_sandbox-vp-HKq_L/lib/python3.10/site-packages/airflow/example_dags/example_task_group.py
[2024-02-12T20:03:55.808+0000] {processor.py:830} INFO - Processing file /home/codespace/.local/share/virtualenvs/airflow_sandbox-vp-HKq_L/lib/python3.10/site-packages/airflow/example_dags/example_task_group.py for tasks to queue
[2024-02-12T20:03:55.809+0000] {logging_mixin.py:188} INFO - [2024-02-12T20:03:55.809+0000] {dagbag.py:538} INFO - Filling up the DagBag from /home/codespace/.local/share/virtualenvs/airflow_sandbox-vp-HKq_L/lib/python3.10/site-packages/airflow/example_dags/example_task_group.py
[2024-02-12T20:03:55.815+0000] {processor.py:840} INFO - DAG(s) 'example_task_group' retrieved from /home/codespace/.local/share/virtualenvs/airflow_sandbox-vp-HKq_L/lib/python3.10/site-packages/airflow/example_dags/example_task_group.py
[2024-02-12T20:03:55.827+0000] {logging_mixin.py:188} INFO - [2024-02-12T20:03:55.827+0000] {dag.py:3033} INFO - Sync 1 DAGs
[2024-02-12T20:03:55.842+0000] {logging_mixin.py:188} INFO - [2024-02-12T20:03:55.842+0000] {dag.py:3820} INFO - Setting next_dagrun for example_task_group to 2024-02-11T00:00:00+00:00, run_after=2024-02-12T00:00:00+00:00
[2024-02-12T20:03:55.882+0000] {processor.py:183} INFO - Processing /home/codespace/.local/share/virtualenvs/airflow_sandbox-vp-HKq_L/lib/python3.10/site-packages/airflow/example_dags/example_task_group.py took 0.076 seconds
[2024-02-12T20:04:30.794+0000] {processor.py:161} INFO - Started process (PID=28003) to work on /home/codespace/.local/share/virtualenvs/airflow_sandbox-vp-HKq_L/lib/python3.10/site-packages/airflow/example_dags/example_task_group.py
[2024-02-12T20:04:30.795+0000] {processor.py:830} INFO - Processing file /home/codespace/.local/share/virtualenvs/airflow_sandbox-vp-HKq_L/lib/python3.10/site-packages/airflow/example_dags/example_task_group.py for tasks to queue
[2024-02-12T20:04:30.796+0000] {logging_mixin.py:188} INFO - [2024-02-12T20:04:30.795+0000] {dagbag.py:538} INFO - Filling up the DagBag from /home/codespace/.local/share/virtualenvs/airflow_sandbox-vp-HKq_L/lib/python3.10/site-packages/airflow/example_dags/example_task_group.py
[2024-02-12T20:04:30.802+0000] {processor.py:840} INFO - DAG(s) 'example_task_group' retrieved from /home/codespace/.local/share/virtualenvs/airflow_sandbox-vp-HKq_L/lib/python3.10/site-packages/airflow/example_dags/example_task_group.py
[2024-02-12T20:04:30.814+0000] {logging_mixin.py:188} INFO - [2024-02-12T20:04:30.814+0000] {dag.py:3033} INFO - Sync 1 DAGs
[2024-02-12T20:04:30.829+0000] {logging_mixin.py:188} INFO - [2024-02-12T20:04:30.829+0000] {dag.py:3820} INFO - Setting next_dagrun for example_task_group to 2024-02-11T00:00:00+00:00, run_after=2024-02-12T00:00:00+00:00
[2024-02-12T20:04:30.869+0000] {processor.py:183} INFO - Processing /home/codespace/.local/share/virtualenvs/airflow_sandbox-vp-HKq_L/lib/python3.10/site-packages/airflow/example_dags/example_task_group.py took 0.078 seconds
[2024-02-12T20:05:05.924+0000] {processor.py:161} INFO - Started process (PID=28132) to work on /home/codespace/.local/share/virtualenvs/airflow_sandbox-vp-HKq_L/lib/python3.10/site-packages/airflow/example_dags/example_task_group.py
[2024-02-12T20:05:05.925+0000] {processor.py:830} INFO - Processing file /home/codespace/.local/share/virtualenvs/airflow_sandbox-vp-HKq_L/lib/python3.10/site-packages/airflow/example_dags/example_task_group.py for tasks to queue
[2024-02-12T20:05:05.926+0000] {logging_mixin.py:188} INFO - [2024-02-12T20:05:05.925+0000] {dagbag.py:538} INFO - Filling up the DagBag from /home/codespace/.local/share/virtualenvs/airflow_sandbox-vp-HKq_L/lib/python3.10/site-packages/airflow/example_dags/example_task_group.py
[2024-02-12T20:05:05.932+0000] {processor.py:840} INFO - DAG(s) 'example_task_group' retrieved from /home/codespace/.local/share/virtualenvs/airflow_sandbox-vp-HKq_L/lib/python3.10/site-packages/airflow/example_dags/example_task_group.py
[2024-02-12T20:05:05.945+0000] {logging_mixin.py:188} INFO - [2024-02-12T20:05:05.945+0000] {dag.py:3033} INFO - Sync 1 DAGs
[2024-02-12T20:05:05.960+0000] {logging_mixin.py:188} INFO - [2024-02-12T20:05:05.960+0000] {dag.py:3820} INFO - Setting next_dagrun for example_task_group to 2024-02-11T00:00:00+00:00, run_after=2024-02-12T00:00:00+00:00
[2024-02-12T20:05:06.001+0000] {processor.py:183} INFO - Processing /home/codespace/.local/share/virtualenvs/airflow_sandbox-vp-HKq_L/lib/python3.10/site-packages/airflow/example_dags/example_task_group.py took 0.079 seconds
[2024-02-12T20:05:42.445+0000] {processor.py:161} INFO - Started process (PID=28254) to work on /home/codespace/.local/share/virtualenvs/airflow_sandbox-vp-HKq_L/lib/python3.10/site-packages/airflow/example_dags/example_task_group.py
[2024-02-12T20:05:42.446+0000] {processor.py:830} INFO - Processing file /home/codespace/.local/share/virtualenvs/airflow_sandbox-vp-HKq_L/lib/python3.10/site-packages/airflow/example_dags/example_task_group.py for tasks to queue
[2024-02-12T20:05:42.447+0000] {logging_mixin.py:188} INFO - [2024-02-12T20:05:42.447+0000] {dagbag.py:538} INFO - Filling up the DagBag from /home/codespace/.local/share/virtualenvs/airflow_sandbox-vp-HKq_L/lib/python3.10/site-packages/airflow/example_dags/example_task_group.py
[2024-02-12T20:05:42.453+0000] {processor.py:840} INFO - DAG(s) 'example_task_group' retrieved from /home/codespace/.local/share/virtualenvs/airflow_sandbox-vp-HKq_L/lib/python3.10/site-packages/airflow/example_dags/example_task_group.py
[2024-02-12T20:05:42.466+0000] {logging_mixin.py:188} INFO - [2024-02-12T20:05:42.466+0000] {dag.py:3033} INFO - Sync 1 DAGs
[2024-02-12T20:05:42.480+0000] {logging_mixin.py:188} INFO - [2024-02-12T20:05:42.480+0000] {dag.py:3820} INFO - Setting next_dagrun for example_task_group to 2024-02-11T00:00:00+00:00, run_after=2024-02-12T00:00:00+00:00
[2024-02-12T20:05:42.520+0000] {processor.py:183} INFO - Processing /home/codespace/.local/share/virtualenvs/airflow_sandbox-vp-HKq_L/lib/python3.10/site-packages/airflow/example_dags/example_task_group.py took 0.077 seconds
[2024-02-12T20:06:18.476+0000] {processor.py:161} INFO - Started process (PID=28346) to work on /home/codespace/.local/share/virtualenvs/airflow_sandbox-vp-HKq_L/lib/python3.10/site-packages/airflow/example_dags/example_task_group.py
[2024-02-12T20:06:18.477+0000] {processor.py:830} INFO - Processing file /home/codespace/.local/share/virtualenvs/airflow_sandbox-vp-HKq_L/lib/python3.10/site-packages/airflow/example_dags/example_task_group.py for tasks to queue
[2024-02-12T20:06:18.477+0000] {logging_mixin.py:188} INFO - [2024-02-12T20:06:18.477+0000] {dagbag.py:538} INFO - Filling up the DagBag from /home/codespace/.local/share/virtualenvs/airflow_sandbox-vp-HKq_L/lib/python3.10/site-packages/airflow/example_dags/example_task_group.py
[2024-02-12T20:06:18.483+0000] {processor.py:840} INFO - DAG(s) 'example_task_group' retrieved from /home/codespace/.local/share/virtualenvs/airflow_sandbox-vp-HKq_L/lib/python3.10/site-packages/airflow/example_dags/example_task_group.py
[2024-02-12T20:06:18.496+0000] {logging_mixin.py:188} INFO - [2024-02-12T20:06:18.495+0000] {dag.py:3033} INFO - Sync 1 DAGs
[2024-02-12T20:06:18.511+0000] {logging_mixin.py:188} INFO - [2024-02-12T20:06:18.511+0000] {dag.py:3820} INFO - Setting next_dagrun for example_task_group to 2024-02-11T00:00:00+00:00, run_after=2024-02-12T00:00:00+00:00
[2024-02-12T20:06:18.549+0000] {processor.py:183} INFO - Processing /home/codespace/.local/share/virtualenvs/airflow_sandbox-vp-HKq_L/lib/python3.10/site-packages/airflow/example_dags/example_task_group.py took 0.075 seconds
[2024-02-12T20:06:53.500+0000] {processor.py:161} INFO - Started process (PID=28670) to work on /home/codespace/.local/share/virtualenvs/airflow_sandbox-vp-HKq_L/lib/python3.10/site-packages/airflow/example_dags/example_task_group.py
[2024-02-12T20:06:53.501+0000] {processor.py:830} INFO - Processing file /home/codespace/.local/share/virtualenvs/airflow_sandbox-vp-HKq_L/lib/python3.10/site-packages/airflow/example_dags/example_task_group.py for tasks to queue
[2024-02-12T20:06:53.501+0000] {logging_mixin.py:188} INFO - [2024-02-12T20:06:53.501+0000] {dagbag.py:538} INFO - Filling up the DagBag from /home/codespace/.local/share/virtualenvs/airflow_sandbox-vp-HKq_L/lib/python3.10/site-packages/airflow/example_dags/example_task_group.py
[2024-02-12T20:06:53.507+0000] {processor.py:840} INFO - DAG(s) 'example_task_group' retrieved from /home/codespace/.local/share/virtualenvs/airflow_sandbox-vp-HKq_L/lib/python3.10/site-packages/airflow/example_dags/example_task_group.py
[2024-02-12T20:06:53.520+0000] {logging_mixin.py:188} INFO - [2024-02-12T20:06:53.519+0000] {dag.py:3033} INFO - Sync 1 DAGs
[2024-02-12T20:06:53.535+0000] {logging_mixin.py:188} INFO - [2024-02-12T20:06:53.535+0000] {dag.py:3820} INFO - Setting next_dagrun for example_task_group to 2024-02-11T00:00:00+00:00, run_after=2024-02-12T00:00:00+00:00
[2024-02-12T20:06:53.575+0000] {processor.py:183} INFO - Processing /home/codespace/.local/share/virtualenvs/airflow_sandbox-vp-HKq_L/lib/python3.10/site-packages/airflow/example_dags/example_task_group.py took 0.078 seconds
