[2024-02-12T19:43:47.664+0000] {processor.py:161} INFO - Started process (PID=15902) to work on /home/codespace/.local/share/virtualenvs/airflow_sandbox-vp-HKq_L/lib/python3.10/site-packages/airflow/example_dags/example_task_group_decorator.py
[2024-02-12T19:43:47.664+0000] {processor.py:830} INFO - Processing file /home/codespace/.local/share/virtualenvs/airflow_sandbox-vp-HKq_L/lib/python3.10/site-packages/airflow/example_dags/example_task_group_decorator.py for tasks to queue
[2024-02-12T19:43:47.665+0000] {logging_mixin.py:188} INFO - [2024-02-12T19:43:47.665+0000] {dagbag.py:538} INFO - Filling up the DagBag from /home/codespace/.local/share/virtualenvs/airflow_sandbox-vp-HKq_L/lib/python3.10/site-packages/airflow/example_dags/example_task_group_decorator.py
[2024-02-12T19:43:47.679+0000] {processor.py:840} INFO - DAG(s) 'example_task_group_decorator' retrieved from /home/codespace/.local/share/virtualenvs/airflow_sandbox-vp-HKq_L/lib/python3.10/site-packages/airflow/example_dags/example_task_group_decorator.py
[2024-02-12T19:43:47.967+0000] {logging_mixin.py:188} INFO - [2024-02-12T19:43:47.966+0000] {override.py:1769} INFO - Created Permission View: can delete on DAG:example_task_group_decorator
[2024-02-12T19:43:48.005+0000] {logging_mixin.py:188} INFO - [2024-02-12T19:43:48.004+0000] {override.py:1769} INFO - Created Permission View: can read on DAG:example_task_group_decorator
[2024-02-12T19:43:48.035+0000] {logging_mixin.py:188} INFO - [2024-02-12T19:43:48.035+0000] {override.py:1769} INFO - Created Permission View: can edit on DAG:example_task_group_decorator
[2024-02-12T19:43:48.035+0000] {logging_mixin.py:188} INFO - [2024-02-12T19:43:48.035+0000] {dag.py:3033} INFO - Sync 1 DAGs
[2024-02-12T19:43:48.047+0000] {logging_mixin.py:188} INFO - [2024-02-12T19:43:48.046+0000] {dag.py:3055} INFO - Creating ORM DAG for example_task_group_decorator
[2024-02-12T19:43:48.053+0000] {logging_mixin.py:188} INFO - [2024-02-12T19:43:48.053+0000] {dag.py:3820} INFO - Setting next_dagrun for example_task_group_decorator to 2024-02-11T00:00:00+00:00, run_after=2024-02-12T00:00:00+00:00
[2024-02-12T19:43:48.100+0000] {processor.py:183} INFO - Processing /home/codespace/.local/share/virtualenvs/airflow_sandbox-vp-HKq_L/lib/python3.10/site-packages/airflow/example_dags/example_task_group_decorator.py took 0.439 seconds
[2024-02-12T19:59:56.727+0000] {processor.py:161} INFO - Started process (PID=25245) to work on /home/codespace/.local/share/virtualenvs/airflow_sandbox-vp-HKq_L/lib/python3.10/site-packages/airflow/example_dags/example_task_group_decorator.py
[2024-02-12T19:59:56.728+0000] {processor.py:830} INFO - Processing file /home/codespace/.local/share/virtualenvs/airflow_sandbox-vp-HKq_L/lib/python3.10/site-packages/airflow/example_dags/example_task_group_decorator.py for tasks to queue
[2024-02-12T19:59:56.729+0000] {logging_mixin.py:188} INFO - [2024-02-12T19:59:56.728+0000] {dagbag.py:538} INFO - Filling up the DagBag from /home/codespace/.local/share/virtualenvs/airflow_sandbox-vp-HKq_L/lib/python3.10/site-packages/airflow/example_dags/example_task_group_decorator.py
[2024-02-12T19:59:56.750+0000] {processor.py:840} INFO - DAG(s) 'example_task_group_decorator' retrieved from /home/codespace/.local/share/virtualenvs/airflow_sandbox-vp-HKq_L/lib/python3.10/site-packages/airflow/example_dags/example_task_group_decorator.py
[2024-02-12T19:59:56.782+0000] {logging_mixin.py:188} INFO - [2024-02-12T19:59:56.781+0000] {dag.py:3033} INFO - Sync 1 DAGs
[2024-02-12T19:59:56.937+0000] {logging_mixin.py:188} INFO - [2024-02-12T19:59:56.937+0000] {dag.py:3820} INFO - Setting next_dagrun for example_task_group_decorator to 2024-02-11T00:00:00+00:00, run_after=2024-02-12T00:00:00+00:00
[2024-02-12T19:59:56.984+0000] {processor.py:183} INFO - Processing /home/codespace/.local/share/virtualenvs/airflow_sandbox-vp-HKq_L/lib/python3.10/site-packages/airflow/example_dags/example_task_group_decorator.py took 0.260 seconds
[2024-02-12T20:00:47.806+0000] {processor.py:161} INFO - Started process (PID=25751) to work on /home/codespace/.local/share/virtualenvs/airflow_sandbox-vp-HKq_L/lib/python3.10/site-packages/airflow/example_dags/example_task_group_decorator.py
[2024-02-12T20:00:47.807+0000] {processor.py:830} INFO - Processing file /home/codespace/.local/share/virtualenvs/airflow_sandbox-vp-HKq_L/lib/python3.10/site-packages/airflow/example_dags/example_task_group_decorator.py for tasks to queue
[2024-02-12T20:00:47.807+0000] {logging_mixin.py:188} INFO - [2024-02-12T20:00:47.807+0000] {dagbag.py:538} INFO - Filling up the DagBag from /home/codespace/.local/share/virtualenvs/airflow_sandbox-vp-HKq_L/lib/python3.10/site-packages/airflow/example_dags/example_task_group_decorator.py
[2024-02-12T20:00:47.820+0000] {processor.py:840} INFO - DAG(s) 'example_task_group_decorator' retrieved from /home/codespace/.local/share/virtualenvs/airflow_sandbox-vp-HKq_L/lib/python3.10/site-packages/airflow/example_dags/example_task_group_decorator.py
[2024-02-12T20:00:47.834+0000] {logging_mixin.py:188} INFO - [2024-02-12T20:00:47.834+0000] {dag.py:3033} INFO - Sync 1 DAGs
[2024-02-12T20:00:47.848+0000] {logging_mixin.py:188} INFO - [2024-02-12T20:00:47.848+0000] {dag.py:3820} INFO - Setting next_dagrun for example_task_group_decorator to 2024-02-11T00:00:00+00:00, run_after=2024-02-12T00:00:00+00:00
[2024-02-12T20:00:47.888+0000] {processor.py:183} INFO - Processing /home/codespace/.local/share/virtualenvs/airflow_sandbox-vp-HKq_L/lib/python3.10/site-packages/airflow/example_dags/example_task_group_decorator.py took 0.084 seconds
[2024-02-12T20:01:35.875+0000] {processor.py:161} INFO - Started process (PID=26190) to work on /home/codespace/.local/share/virtualenvs/airflow_sandbox-vp-HKq_L/lib/python3.10/site-packages/airflow/example_dags/example_task_group_decorator.py
[2024-02-12T20:01:35.876+0000] {processor.py:830} INFO - Processing file /home/codespace/.local/share/virtualenvs/airflow_sandbox-vp-HKq_L/lib/python3.10/site-packages/airflow/example_dags/example_task_group_decorator.py for tasks to queue
[2024-02-12T20:01:35.877+0000] {logging_mixin.py:188} INFO - [2024-02-12T20:01:35.876+0000] {dagbag.py:538} INFO - Filling up the DagBag from /home/codespace/.local/share/virtualenvs/airflow_sandbox-vp-HKq_L/lib/python3.10/site-packages/airflow/example_dags/example_task_group_decorator.py
[2024-02-12T20:01:35.890+0000] {processor.py:840} INFO - DAG(s) 'example_task_group_decorator' retrieved from /home/codespace/.local/share/virtualenvs/airflow_sandbox-vp-HKq_L/lib/python3.10/site-packages/airflow/example_dags/example_task_group_decorator.py
[2024-02-12T20:01:35.904+0000] {logging_mixin.py:188} INFO - [2024-02-12T20:01:35.904+0000] {dag.py:3033} INFO - Sync 1 DAGs
[2024-02-12T20:01:35.919+0000] {logging_mixin.py:188} INFO - [2024-02-12T20:01:35.919+0000] {dag.py:3820} INFO - Setting next_dagrun for example_task_group_decorator to 2024-02-11T00:00:00+00:00, run_after=2024-02-12T00:00:00+00:00
[2024-02-12T20:01:35.960+0000] {processor.py:183} INFO - Processing /home/codespace/.local/share/virtualenvs/airflow_sandbox-vp-HKq_L/lib/python3.10/site-packages/airflow/example_dags/example_task_group_decorator.py took 0.087 seconds
[2024-02-12T20:02:12.238+0000] {processor.py:161} INFO - Started process (PID=26559) to work on /home/codespace/.local/share/virtualenvs/airflow_sandbox-vp-HKq_L/lib/python3.10/site-packages/airflow/example_dags/example_task_group_decorator.py
[2024-02-12T20:02:12.239+0000] {processor.py:830} INFO - Processing file /home/codespace/.local/share/virtualenvs/airflow_sandbox-vp-HKq_L/lib/python3.10/site-packages/airflow/example_dags/example_task_group_decorator.py for tasks to queue
[2024-02-12T20:02:12.239+0000] {logging_mixin.py:188} INFO - [2024-02-12T20:02:12.239+0000] {dagbag.py:538} INFO - Filling up the DagBag from /home/codespace/.local/share/virtualenvs/airflow_sandbox-vp-HKq_L/lib/python3.10/site-packages/airflow/example_dags/example_task_group_decorator.py
[2024-02-12T20:02:12.252+0000] {processor.py:840} INFO - DAG(s) 'example_task_group_decorator' retrieved from /home/codespace/.local/share/virtualenvs/airflow_sandbox-vp-HKq_L/lib/python3.10/site-packages/airflow/example_dags/example_task_group_decorator.py
[2024-02-12T20:02:12.270+0000] {logging_mixin.py:188} INFO - [2024-02-12T20:02:12.270+0000] {dag.py:3033} INFO - Sync 1 DAGs
[2024-02-12T20:02:12.286+0000] {logging_mixin.py:188} INFO - [2024-02-12T20:02:12.286+0000] {dag.py:3820} INFO - Setting next_dagrun for example_task_group_decorator to 2024-02-11T00:00:00+00:00, run_after=2024-02-12T00:00:00+00:00
[2024-02-12T20:02:12.328+0000] {processor.py:183} INFO - Processing /home/codespace/.local/share/virtualenvs/airflow_sandbox-vp-HKq_L/lib/python3.10/site-packages/airflow/example_dags/example_task_group_decorator.py took 0.092 seconds
