[2024-02-12T19:44:03.157+0000] {processor.py:161} INFO - Started process (PID=15998) to work on /home/codespace/.local/share/virtualenvs/airflow_sandbox-vp-HKq_L/lib/python3.10/site-packages/airflow/example_dags/example_setup_teardown_taskflow.py
[2024-02-12T19:44:03.158+0000] {processor.py:830} INFO - Processing file /home/codespace/.local/share/virtualenvs/airflow_sandbox-vp-HKq_L/lib/python3.10/site-packages/airflow/example_dags/example_setup_teardown_taskflow.py for tasks to queue
[2024-02-12T19:44:03.158+0000] {logging_mixin.py:188} INFO - [2024-02-12T19:44:03.158+0000] {dagbag.py:538} INFO - Filling up the DagBag from /home/codespace/.local/share/virtualenvs/airflow_sandbox-vp-HKq_L/lib/python3.10/site-packages/airflow/example_dags/example_setup_teardown_taskflow.py
[2024-02-12T19:44:03.166+0000] {processor.py:840} INFO - DAG(s) 'example_setup_teardown_taskflow' retrieved from /home/codespace/.local/share/virtualenvs/airflow_sandbox-vp-HKq_L/lib/python3.10/site-packages/airflow/example_dags/example_setup_teardown_taskflow.py
[2024-02-12T19:44:03.302+0000] {logging_mixin.py:188} INFO - [2024-02-12T19:44:03.302+0000] {override.py:1769} INFO - Created Permission View: can delete on DAG:example_setup_teardown_taskflow
[2024-02-12T19:44:03.332+0000] {logging_mixin.py:188} INFO - [2024-02-12T19:44:03.332+0000] {override.py:1769} INFO - Created Permission View: can read on DAG:example_setup_teardown_taskflow
[2024-02-12T19:44:03.362+0000] {logging_mixin.py:188} INFO - [2024-02-12T19:44:03.362+0000] {override.py:1769} INFO - Created Permission View: can edit on DAG:example_setup_teardown_taskflow
[2024-02-12T19:44:03.363+0000] {logging_mixin.py:188} INFO - [2024-02-12T19:44:03.362+0000] {dag.py:3033} INFO - Sync 1 DAGs
[2024-02-12T19:44:03.371+0000] {logging_mixin.py:188} INFO - [2024-02-12T19:44:03.371+0000] {dag.py:3055} INFO - Creating ORM DAG for example_setup_teardown_taskflow
[2024-02-12T19:44:03.378+0000] {logging_mixin.py:188} INFO - [2024-02-12T19:44:03.378+0000] {dag.py:3820} INFO - Setting next_dagrun for example_setup_teardown_taskflow to 2024-02-11T00:00:00+00:00, run_after=2024-02-12T00:00:00+00:00
[2024-02-12T19:44:03.423+0000] {processor.py:183} INFO - Processing /home/codespace/.local/share/virtualenvs/airflow_sandbox-vp-HKq_L/lib/python3.10/site-packages/airflow/example_dags/example_setup_teardown_taskflow.py took 0.269 seconds
[2024-02-12T20:00:10.942+0000] {processor.py:161} INFO - Started process (PID=25448) to work on /home/codespace/.local/share/virtualenvs/airflow_sandbox-vp-HKq_L/lib/python3.10/site-packages/airflow/example_dags/example_setup_teardown_taskflow.py
[2024-02-12T20:00:10.943+0000] {processor.py:830} INFO - Processing file /home/codespace/.local/share/virtualenvs/airflow_sandbox-vp-HKq_L/lib/python3.10/site-packages/airflow/example_dags/example_setup_teardown_taskflow.py for tasks to queue
[2024-02-12T20:00:10.943+0000] {logging_mixin.py:188} INFO - [2024-02-12T20:00:10.943+0000] {dagbag.py:538} INFO - Filling up the DagBag from /home/codespace/.local/share/virtualenvs/airflow_sandbox-vp-HKq_L/lib/python3.10/site-packages/airflow/example_dags/example_setup_teardown_taskflow.py
[2024-02-12T20:00:10.951+0000] {processor.py:840} INFO - DAG(s) 'example_setup_teardown_taskflow' retrieved from /home/codespace/.local/share/virtualenvs/airflow_sandbox-vp-HKq_L/lib/python3.10/site-packages/airflow/example_dags/example_setup_teardown_taskflow.py
[2024-02-12T20:00:10.965+0000] {logging_mixin.py:188} INFO - [2024-02-12T20:00:10.965+0000] {dag.py:3033} INFO - Sync 1 DAGs
[2024-02-12T20:00:10.980+0000] {logging_mixin.py:188} INFO - [2024-02-12T20:00:10.980+0000] {dag.py:3820} INFO - Setting next_dagrun for example_setup_teardown_taskflow to 2024-02-11T00:00:00+00:00, run_after=2024-02-12T00:00:00+00:00
[2024-02-12T20:00:11.021+0000] {processor.py:183} INFO - Processing /home/codespace/.local/share/virtualenvs/airflow_sandbox-vp-HKq_L/lib/python3.10/site-packages/airflow/example_dags/example_setup_teardown_taskflow.py took 0.081 seconds
[2024-02-12T20:01:00.439+0000] {processor.py:161} INFO - Started process (PID=25837) to work on /home/codespace/.local/share/virtualenvs/airflow_sandbox-vp-HKq_L/lib/python3.10/site-packages/airflow/example_dags/example_setup_teardown_taskflow.py
[2024-02-12T20:01:00.439+0000] {processor.py:830} INFO - Processing file /home/codespace/.local/share/virtualenvs/airflow_sandbox-vp-HKq_L/lib/python3.10/site-packages/airflow/example_dags/example_setup_teardown_taskflow.py for tasks to queue
[2024-02-12T20:01:00.440+0000] {logging_mixin.py:188} INFO - [2024-02-12T20:01:00.440+0000] {dagbag.py:538} INFO - Filling up the DagBag from /home/codespace/.local/share/virtualenvs/airflow_sandbox-vp-HKq_L/lib/python3.10/site-packages/airflow/example_dags/example_setup_teardown_taskflow.py
[2024-02-12T20:01:00.448+0000] {processor.py:840} INFO - DAG(s) 'example_setup_teardown_taskflow' retrieved from /home/codespace/.local/share/virtualenvs/airflow_sandbox-vp-HKq_L/lib/python3.10/site-packages/airflow/example_dags/example_setup_teardown_taskflow.py
[2024-02-12T20:01:00.461+0000] {logging_mixin.py:188} INFO - [2024-02-12T20:01:00.461+0000] {dag.py:3033} INFO - Sync 1 DAGs
[2024-02-12T20:01:00.478+0000] {logging_mixin.py:188} INFO - [2024-02-12T20:01:00.478+0000] {dag.py:3820} INFO - Setting next_dagrun for example_setup_teardown_taskflow to 2024-02-11T00:00:00+00:00, run_after=2024-02-12T00:00:00+00:00
[2024-02-12T20:01:00.517+0000] {processor.py:183} INFO - Processing /home/codespace/.local/share/virtualenvs/airflow_sandbox-vp-HKq_L/lib/python3.10/site-packages/airflow/example_dags/example_setup_teardown_taskflow.py took 0.080 seconds
[2024-02-12T20:01:46.590+0000] {processor.py:161} INFO - Started process (PID=26267) to work on /home/codespace/.local/share/virtualenvs/airflow_sandbox-vp-HKq_L/lib/python3.10/site-packages/airflow/example_dags/example_setup_teardown_taskflow.py
[2024-02-12T20:01:46.591+0000] {processor.py:830} INFO - Processing file /home/codespace/.local/share/virtualenvs/airflow_sandbox-vp-HKq_L/lib/python3.10/site-packages/airflow/example_dags/example_setup_teardown_taskflow.py for tasks to queue
[2024-02-12T20:01:46.592+0000] {logging_mixin.py:188} INFO - [2024-02-12T20:01:46.591+0000] {dagbag.py:538} INFO - Filling up the DagBag from /home/codespace/.local/share/virtualenvs/airflow_sandbox-vp-HKq_L/lib/python3.10/site-packages/airflow/example_dags/example_setup_teardown_taskflow.py
[2024-02-12T20:01:46.600+0000] {processor.py:840} INFO - DAG(s) 'example_setup_teardown_taskflow' retrieved from /home/codespace/.local/share/virtualenvs/airflow_sandbox-vp-HKq_L/lib/python3.10/site-packages/airflow/example_dags/example_setup_teardown_taskflow.py
[2024-02-12T20:01:46.618+0000] {logging_mixin.py:188} INFO - [2024-02-12T20:01:46.618+0000] {dag.py:3033} INFO - Sync 1 DAGs
[2024-02-12T20:01:46.642+0000] {logging_mixin.py:188} INFO - [2024-02-12T20:01:46.642+0000] {dag.py:3820} INFO - Setting next_dagrun for example_setup_teardown_taskflow to 2024-02-11T00:00:00+00:00, run_after=2024-02-12T00:00:00+00:00
[2024-02-12T20:01:46.686+0000] {processor.py:183} INFO - Processing /home/codespace/.local/share/virtualenvs/airflow_sandbox-vp-HKq_L/lib/python3.10/site-packages/airflow/example_dags/example_setup_teardown_taskflow.py took 0.098 seconds
[2024-02-12T20:02:32.319+0000] {processor.py:161} INFO - Started process (PID=26761) to work on /home/codespace/.local/share/virtualenvs/airflow_sandbox-vp-HKq_L/lib/python3.10/site-packages/airflow/example_dags/example_setup_teardown_taskflow.py
[2024-02-12T20:02:32.319+0000] {processor.py:830} INFO - Processing file /home/codespace/.local/share/virtualenvs/airflow_sandbox-vp-HKq_L/lib/python3.10/site-packages/airflow/example_dags/example_setup_teardown_taskflow.py for tasks to queue
[2024-02-12T20:02:32.320+0000] {logging_mixin.py:188} INFO - [2024-02-12T20:02:32.320+0000] {dagbag.py:538} INFO - Filling up the DagBag from /home/codespace/.local/share/virtualenvs/airflow_sandbox-vp-HKq_L/lib/python3.10/site-packages/airflow/example_dags/example_setup_teardown_taskflow.py
[2024-02-12T20:02:32.328+0000] {processor.py:840} INFO - DAG(s) 'example_setup_teardown_taskflow' retrieved from /home/codespace/.local/share/virtualenvs/airflow_sandbox-vp-HKq_L/lib/python3.10/site-packages/airflow/example_dags/example_setup_teardown_taskflow.py
[2024-02-12T20:02:32.340+0000] {logging_mixin.py:188} INFO - [2024-02-12T20:02:32.340+0000] {dag.py:3033} INFO - Sync 1 DAGs
[2024-02-12T20:02:32.356+0000] {logging_mixin.py:188} INFO - [2024-02-12T20:02:32.355+0000] {dag.py:3820} INFO - Setting next_dagrun for example_setup_teardown_taskflow to 2024-02-11T00:00:00+00:00, run_after=2024-02-12T00:00:00+00:00
[2024-02-12T20:02:32.397+0000] {processor.py:183} INFO - Processing /home/codespace/.local/share/virtualenvs/airflow_sandbox-vp-HKq_L/lib/python3.10/site-packages/airflow/example_dags/example_setup_teardown_taskflow.py took 0.081 seconds
[2024-02-12T20:03:28.634+0000] {processor.py:161} INFO - Started process (PID=27519) to work on /home/codespace/.local/share/virtualenvs/airflow_sandbox-vp-HKq_L/lib/python3.10/site-packages/airflow/example_dags/example_setup_teardown_taskflow.py
[2024-02-12T20:03:28.635+0000] {processor.py:830} INFO - Processing file /home/codespace/.local/share/virtualenvs/airflow_sandbox-vp-HKq_L/lib/python3.10/site-packages/airflow/example_dags/example_setup_teardown_taskflow.py for tasks to queue
[2024-02-12T20:03:28.636+0000] {logging_mixin.py:188} INFO - [2024-02-12T20:03:28.636+0000] {dagbag.py:538} INFO - Filling up the DagBag from /home/codespace/.local/share/virtualenvs/airflow_sandbox-vp-HKq_L/lib/python3.10/site-packages/airflow/example_dags/example_setup_teardown_taskflow.py
[2024-02-12T20:03:28.644+0000] {processor.py:840} INFO - DAG(s) 'example_setup_teardown_taskflow' retrieved from /home/codespace/.local/share/virtualenvs/airflow_sandbox-vp-HKq_L/lib/python3.10/site-packages/airflow/example_dags/example_setup_teardown_taskflow.py
[2024-02-12T20:03:28.656+0000] {logging_mixin.py:188} INFO - [2024-02-12T20:03:28.656+0000] {dag.py:3033} INFO - Sync 1 DAGs
[2024-02-12T20:03:28.671+0000] {logging_mixin.py:188} INFO - [2024-02-12T20:03:28.671+0000] {dag.py:3820} INFO - Setting next_dagrun for example_setup_teardown_taskflow to 2024-02-11T00:00:00+00:00, run_after=2024-02-12T00:00:00+00:00
[2024-02-12T20:03:28.710+0000] {processor.py:183} INFO - Processing /home/codespace/.local/share/virtualenvs/airflow_sandbox-vp-HKq_L/lib/python3.10/site-packages/airflow/example_dags/example_setup_teardown_taskflow.py took 0.077 seconds
[2024-02-12T20:04:21.633+0000] {processor.py:161} INFO - Started process (PID=27969) to work on /home/codespace/.local/share/virtualenvs/airflow_sandbox-vp-HKq_L/lib/python3.10/site-packages/airflow/example_dags/example_setup_teardown_taskflow.py
[2024-02-12T20:04:21.634+0000] {processor.py:830} INFO - Processing file /home/codespace/.local/share/virtualenvs/airflow_sandbox-vp-HKq_L/lib/python3.10/site-packages/airflow/example_dags/example_setup_teardown_taskflow.py for tasks to queue
[2024-02-12T20:04:21.634+0000] {logging_mixin.py:188} INFO - [2024-02-12T20:04:21.634+0000] {dagbag.py:538} INFO - Filling up the DagBag from /home/codespace/.local/share/virtualenvs/airflow_sandbox-vp-HKq_L/lib/python3.10/site-packages/airflow/example_dags/example_setup_teardown_taskflow.py
[2024-02-12T20:04:21.642+0000] {processor.py:840} INFO - DAG(s) 'example_setup_teardown_taskflow' retrieved from /home/codespace/.local/share/virtualenvs/airflow_sandbox-vp-HKq_L/lib/python3.10/site-packages/airflow/example_dags/example_setup_teardown_taskflow.py
[2024-02-12T20:04:21.655+0000] {logging_mixin.py:188} INFO - [2024-02-12T20:04:21.655+0000] {dag.py:3033} INFO - Sync 1 DAGs
[2024-02-12T20:04:21.670+0000] {logging_mixin.py:188} INFO - [2024-02-12T20:04:21.670+0000] {dag.py:3820} INFO - Setting next_dagrun for example_setup_teardown_taskflow to 2024-02-11T00:00:00+00:00, run_after=2024-02-12T00:00:00+00:00
[2024-02-12T20:04:21.708+0000] {processor.py:183} INFO - Processing /home/codespace/.local/share/virtualenvs/airflow_sandbox-vp-HKq_L/lib/python3.10/site-packages/airflow/example_dags/example_setup_teardown_taskflow.py took 0.078 seconds
[2024-02-12T20:05:13.333+0000] {processor.py:161} INFO - Started process (PID=28159) to work on /home/codespace/.local/share/virtualenvs/airflow_sandbox-vp-HKq_L/lib/python3.10/site-packages/airflow/example_dags/example_setup_teardown_taskflow.py
[2024-02-12T20:05:13.333+0000] {processor.py:830} INFO - Processing file /home/codespace/.local/share/virtualenvs/airflow_sandbox-vp-HKq_L/lib/python3.10/site-packages/airflow/example_dags/example_setup_teardown_taskflow.py for tasks to queue
[2024-02-12T20:05:13.334+0000] {logging_mixin.py:188} INFO - [2024-02-12T20:05:13.334+0000] {dagbag.py:538} INFO - Filling up the DagBag from /home/codespace/.local/share/virtualenvs/airflow_sandbox-vp-HKq_L/lib/python3.10/site-packages/airflow/example_dags/example_setup_teardown_taskflow.py
[2024-02-12T20:05:13.342+0000] {processor.py:840} INFO - DAG(s) 'example_setup_teardown_taskflow' retrieved from /home/codespace/.local/share/virtualenvs/airflow_sandbox-vp-HKq_L/lib/python3.10/site-packages/airflow/example_dags/example_setup_teardown_taskflow.py
[2024-02-12T20:05:13.355+0000] {logging_mixin.py:188} INFO - [2024-02-12T20:05:13.355+0000] {dag.py:3033} INFO - Sync 1 DAGs
[2024-02-12T20:05:13.370+0000] {logging_mixin.py:188} INFO - [2024-02-12T20:05:13.370+0000] {dag.py:3820} INFO - Setting next_dagrun for example_setup_teardown_taskflow to 2024-02-11T00:00:00+00:00, run_after=2024-02-12T00:00:00+00:00
[2024-02-12T20:05:13.415+0000] {processor.py:183} INFO - Processing /home/codespace/.local/share/virtualenvs/airflow_sandbox-vp-HKq_L/lib/python3.10/site-packages/airflow/example_dags/example_setup_teardown_taskflow.py took 0.085 seconds
[2024-02-12T20:06:07.605+0000] {processor.py:161} INFO - Started process (PID=28317) to work on /home/codespace/.local/share/virtualenvs/airflow_sandbox-vp-HKq_L/lib/python3.10/site-packages/airflow/example_dags/example_setup_teardown_taskflow.py
[2024-02-12T20:06:07.606+0000] {processor.py:830} INFO - Processing file /home/codespace/.local/share/virtualenvs/airflow_sandbox-vp-HKq_L/lib/python3.10/site-packages/airflow/example_dags/example_setup_teardown_taskflow.py for tasks to queue
[2024-02-12T20:06:07.607+0000] {logging_mixin.py:188} INFO - [2024-02-12T20:06:07.606+0000] {dagbag.py:538} INFO - Filling up the DagBag from /home/codespace/.local/share/virtualenvs/airflow_sandbox-vp-HKq_L/lib/python3.10/site-packages/airflow/example_dags/example_setup_teardown_taskflow.py
[2024-02-12T20:06:07.614+0000] {processor.py:840} INFO - DAG(s) 'example_setup_teardown_taskflow' retrieved from /home/codespace/.local/share/virtualenvs/airflow_sandbox-vp-HKq_L/lib/python3.10/site-packages/airflow/example_dags/example_setup_teardown_taskflow.py
[2024-02-12T20:06:07.627+0000] {logging_mixin.py:188} INFO - [2024-02-12T20:06:07.627+0000] {dag.py:3033} INFO - Sync 1 DAGs
[2024-02-12T20:06:07.641+0000] {logging_mixin.py:188} INFO - [2024-02-12T20:06:07.641+0000] {dag.py:3820} INFO - Setting next_dagrun for example_setup_teardown_taskflow to 2024-02-11T00:00:00+00:00, run_after=2024-02-12T00:00:00+00:00
[2024-02-12T20:06:07.680+0000] {processor.py:183} INFO - Processing /home/codespace/.local/share/virtualenvs/airflow_sandbox-vp-HKq_L/lib/python3.10/site-packages/airflow/example_dags/example_setup_teardown_taskflow.py took 0.077 seconds
[2024-02-12T20:07:01.367+0000] {processor.py:161} INFO - Started process (PID=28729) to work on /home/codespace/.local/share/virtualenvs/airflow_sandbox-vp-HKq_L/lib/python3.10/site-packages/airflow/example_dags/example_setup_teardown_taskflow.py
[2024-02-12T20:07:01.368+0000] {processor.py:830} INFO - Processing file /home/codespace/.local/share/virtualenvs/airflow_sandbox-vp-HKq_L/lib/python3.10/site-packages/airflow/example_dags/example_setup_teardown_taskflow.py for tasks to queue
[2024-02-12T20:07:01.369+0000] {logging_mixin.py:188} INFO - [2024-02-12T20:07:01.369+0000] {dagbag.py:538} INFO - Filling up the DagBag from /home/codespace/.local/share/virtualenvs/airflow_sandbox-vp-HKq_L/lib/python3.10/site-packages/airflow/example_dags/example_setup_teardown_taskflow.py
[2024-02-12T20:07:01.377+0000] {processor.py:840} INFO - DAG(s) 'example_setup_teardown_taskflow' retrieved from /home/codespace/.local/share/virtualenvs/airflow_sandbox-vp-HKq_L/lib/python3.10/site-packages/airflow/example_dags/example_setup_teardown_taskflow.py
[2024-02-12T20:07:01.389+0000] {logging_mixin.py:188} INFO - [2024-02-12T20:07:01.389+0000] {dag.py:3033} INFO - Sync 1 DAGs
[2024-02-12T20:07:01.404+0000] {logging_mixin.py:188} INFO - [2024-02-12T20:07:01.404+0000] {dag.py:3820} INFO - Setting next_dagrun for example_setup_teardown_taskflow to 2024-02-11T00:00:00+00:00, run_after=2024-02-12T00:00:00+00:00
[2024-02-12T20:07:01.443+0000] {processor.py:183} INFO - Processing /home/codespace/.local/share/virtualenvs/airflow_sandbox-vp-HKq_L/lib/python3.10/site-packages/airflow/example_dags/example_setup_teardown_taskflow.py took 0.078 seconds
