[2024-02-12T20:00:20.146+0000] {processor.py:161} INFO - Started process (PID=25558) to work on /home/codespace/.local/share/virtualenvs/airflow_sandbox-vp-HKq_L/lib/python3.10/site-packages/airflow/example_dags/example_kubernetes_executor.py
[2024-02-12T20:00:20.147+0000] {processor.py:830} INFO - Processing file /home/codespace/.local/share/virtualenvs/airflow_sandbox-vp-HKq_L/lib/python3.10/site-packages/airflow/example_dags/example_kubernetes_executor.py for tasks to queue
[2024-02-12T20:00:20.147+0000] {logging_mixin.py:188} INFO - [2024-02-12T20:00:20.147+0000] {dagbag.py:538} INFO - Filling up the DagBag from /home/codespace/.local/share/virtualenvs/airflow_sandbox-vp-HKq_L/lib/python3.10/site-packages/airflow/example_dags/example_kubernetes_executor.py
[2024-02-12T20:00:20.150+0000] {logging_mixin.py:188} INFO - [2024-02-12T20:00:20.150+0000] {example_kubernetes_executor.py:38} WARNING - The example_kubernetes_executor example DAG requires the kubernetes provider. Please install it with: pip install apache-airflow[cncf.kubernetes]
[2024-02-12T20:00:20.150+0000] {processor.py:842} WARNING - No viable dags retrieved from /home/codespace/.local/share/virtualenvs/airflow_sandbox-vp-HKq_L/lib/python3.10/site-packages/airflow/example_dags/example_kubernetes_executor.py
[2024-02-12T20:00:20.157+0000] {processor.py:183} INFO - Processing /home/codespace/.local/share/virtualenvs/airflow_sandbox-vp-HKq_L/lib/python3.10/site-packages/airflow/example_dags/example_kubernetes_executor.py took 0.013 seconds
[2024-02-12T20:01:10.875+0000] {processor.py:161} INFO - Started process (PID=25914) to work on /home/codespace/.local/share/virtualenvs/airflow_sandbox-vp-HKq_L/lib/python3.10/site-packages/airflow/example_dags/example_kubernetes_executor.py
[2024-02-12T20:01:10.876+0000] {processor.py:830} INFO - Processing file /home/codespace/.local/share/virtualenvs/airflow_sandbox-vp-HKq_L/lib/python3.10/site-packages/airflow/example_dags/example_kubernetes_executor.py for tasks to queue
[2024-02-12T20:01:10.877+0000] {logging_mixin.py:188} INFO - [2024-02-12T20:01:10.876+0000] {dagbag.py:538} INFO - Filling up the DagBag from /home/codespace/.local/share/virtualenvs/airflow_sandbox-vp-HKq_L/lib/python3.10/site-packages/airflow/example_dags/example_kubernetes_executor.py
[2024-02-12T20:01:10.879+0000] {logging_mixin.py:188} INFO - [2024-02-12T20:01:10.879+0000] {example_kubernetes_executor.py:38} WARNING - The example_kubernetes_executor example DAG requires the kubernetes provider. Please install it with: pip install apache-airflow[cncf.kubernetes]
[2024-02-12T20:01:10.879+0000] {processor.py:842} WARNING - No viable dags retrieved from /home/codespace/.local/share/virtualenvs/airflow_sandbox-vp-HKq_L/lib/python3.10/site-packages/airflow/example_dags/example_kubernetes_executor.py
[2024-02-12T20:01:10.886+0000] {processor.py:183} INFO - Processing /home/codespace/.local/share/virtualenvs/airflow_sandbox-vp-HKq_L/lib/python3.10/site-packages/airflow/example_dags/example_kubernetes_executor.py took 0.013 seconds
[2024-02-12T20:02:00.745+0000] {processor.py:161} INFO - Started process (PID=26461) to work on /home/codespace/.local/share/virtualenvs/airflow_sandbox-vp-HKq_L/lib/python3.10/site-packages/airflow/example_dags/example_kubernetes_executor.py
[2024-02-12T20:02:00.746+0000] {processor.py:830} INFO - Processing file /home/codespace/.local/share/virtualenvs/airflow_sandbox-vp-HKq_L/lib/python3.10/site-packages/airflow/example_dags/example_kubernetes_executor.py for tasks to queue
[2024-02-12T20:02:00.746+0000] {logging_mixin.py:188} INFO - [2024-02-12T20:02:00.746+0000] {dagbag.py:538} INFO - Filling up the DagBag from /home/codespace/.local/share/virtualenvs/airflow_sandbox-vp-HKq_L/lib/python3.10/site-packages/airflow/example_dags/example_kubernetes_executor.py
[2024-02-12T20:02:00.749+0000] {logging_mixin.py:188} INFO - [2024-02-12T20:02:00.749+0000] {example_kubernetes_executor.py:38} WARNING - The example_kubernetes_executor example DAG requires the kubernetes provider. Please install it with: pip install apache-airflow[cncf.kubernetes]
[2024-02-12T20:02:00.749+0000] {processor.py:842} WARNING - No viable dags retrieved from /home/codespace/.local/share/virtualenvs/airflow_sandbox-vp-HKq_L/lib/python3.10/site-packages/airflow/example_dags/example_kubernetes_executor.py
[2024-02-12T20:02:00.757+0000] {processor.py:183} INFO - Processing /home/codespace/.local/share/virtualenvs/airflow_sandbox-vp-HKq_L/lib/python3.10/site-packages/airflow/example_dags/example_kubernetes_executor.py took 0.014 seconds
[2024-02-12T20:02:51.670+0000] {processor.py:161} INFO - Started process (PID=27050) to work on /home/codespace/.local/share/virtualenvs/airflow_sandbox-vp-HKq_L/lib/python3.10/site-packages/airflow/example_dags/example_kubernetes_executor.py
[2024-02-12T20:02:51.671+0000] {processor.py:830} INFO - Processing file /home/codespace/.local/share/virtualenvs/airflow_sandbox-vp-HKq_L/lib/python3.10/site-packages/airflow/example_dags/example_kubernetes_executor.py for tasks to queue
[2024-02-12T20:02:51.672+0000] {logging_mixin.py:188} INFO - [2024-02-12T20:02:51.672+0000] {dagbag.py:538} INFO - Filling up the DagBag from /home/codespace/.local/share/virtualenvs/airflow_sandbox-vp-HKq_L/lib/python3.10/site-packages/airflow/example_dags/example_kubernetes_executor.py
[2024-02-12T20:02:51.674+0000] {logging_mixin.py:188} INFO - [2024-02-12T20:02:51.674+0000] {example_kubernetes_executor.py:38} WARNING - The example_kubernetes_executor example DAG requires the kubernetes provider. Please install it with: pip install apache-airflow[cncf.kubernetes]
[2024-02-12T20:02:51.674+0000] {processor.py:842} WARNING - No viable dags retrieved from /home/codespace/.local/share/virtualenvs/airflow_sandbox-vp-HKq_L/lib/python3.10/site-packages/airflow/example_dags/example_kubernetes_executor.py
[2024-02-12T20:02:51.681+0000] {processor.py:183} INFO - Processing /home/codespace/.local/share/virtualenvs/airflow_sandbox-vp-HKq_L/lib/python3.10/site-packages/airflow/example_dags/example_kubernetes_executor.py took 0.013 seconds
[2024-02-12T20:03:45.696+0000] {processor.py:161} INFO - Started process (PID=27624) to work on /home/codespace/.local/share/virtualenvs/airflow_sandbox-vp-HKq_L/lib/python3.10/site-packages/airflow/example_dags/example_kubernetes_executor.py
[2024-02-12T20:03:45.697+0000] {processor.py:830} INFO - Processing file /home/codespace/.local/share/virtualenvs/airflow_sandbox-vp-HKq_L/lib/python3.10/site-packages/airflow/example_dags/example_kubernetes_executor.py for tasks to queue
[2024-02-12T20:03:45.698+0000] {logging_mixin.py:188} INFO - [2024-02-12T20:03:45.698+0000] {dagbag.py:538} INFO - Filling up the DagBag from /home/codespace/.local/share/virtualenvs/airflow_sandbox-vp-HKq_L/lib/python3.10/site-packages/airflow/example_dags/example_kubernetes_executor.py
[2024-02-12T20:03:45.700+0000] {logging_mixin.py:188} INFO - [2024-02-12T20:03:45.700+0000] {example_kubernetes_executor.py:38} WARNING - The example_kubernetes_executor example DAG requires the kubernetes provider. Please install it with: pip install apache-airflow[cncf.kubernetes]
[2024-02-12T20:03:45.700+0000] {processor.py:842} WARNING - No viable dags retrieved from /home/codespace/.local/share/virtualenvs/airflow_sandbox-vp-HKq_L/lib/python3.10/site-packages/airflow/example_dags/example_kubernetes_executor.py
[2024-02-12T20:03:45.707+0000] {processor.py:183} INFO - Processing /home/codespace/.local/share/virtualenvs/airflow_sandbox-vp-HKq_L/lib/python3.10/site-packages/airflow/example_dags/example_kubernetes_executor.py took 0.013 seconds
[2024-02-12T20:04:39.493+0000] {processor.py:161} INFO - Started process (PID=28043) to work on /home/codespace/.local/share/virtualenvs/airflow_sandbox-vp-HKq_L/lib/python3.10/site-packages/airflow/example_dags/example_kubernetes_executor.py
[2024-02-12T20:04:39.494+0000] {processor.py:830} INFO - Processing file /home/codespace/.local/share/virtualenvs/airflow_sandbox-vp-HKq_L/lib/python3.10/site-packages/airflow/example_dags/example_kubernetes_executor.py for tasks to queue
[2024-02-12T20:04:39.494+0000] {logging_mixin.py:188} INFO - [2024-02-12T20:04:39.494+0000] {dagbag.py:538} INFO - Filling up the DagBag from /home/codespace/.local/share/virtualenvs/airflow_sandbox-vp-HKq_L/lib/python3.10/site-packages/airflow/example_dags/example_kubernetes_executor.py
[2024-02-12T20:04:39.497+0000] {logging_mixin.py:188} INFO - [2024-02-12T20:04:39.497+0000] {example_kubernetes_executor.py:38} WARNING - The example_kubernetes_executor example DAG requires the kubernetes provider. Please install it with: pip install apache-airflow[cncf.kubernetes]
[2024-02-12T20:04:39.497+0000] {processor.py:842} WARNING - No viable dags retrieved from /home/codespace/.local/share/virtualenvs/airflow_sandbox-vp-HKq_L/lib/python3.10/site-packages/airflow/example_dags/example_kubernetes_executor.py
[2024-02-12T20:04:39.504+0000] {processor.py:183} INFO - Processing /home/codespace/.local/share/virtualenvs/airflow_sandbox-vp-HKq_L/lib/python3.10/site-packages/airflow/example_dags/example_kubernetes_executor.py took 0.013 seconds
[2024-02-12T20:05:32.315+0000] {processor.py:161} INFO - Started process (PID=28224) to work on /home/codespace/.local/share/virtualenvs/airflow_sandbox-vp-HKq_L/lib/python3.10/site-packages/airflow/example_dags/example_kubernetes_executor.py
[2024-02-12T20:05:32.316+0000] {processor.py:830} INFO - Processing file /home/codespace/.local/share/virtualenvs/airflow_sandbox-vp-HKq_L/lib/python3.10/site-packages/airflow/example_dags/example_kubernetes_executor.py for tasks to queue
[2024-02-12T20:05:32.317+0000] {logging_mixin.py:188} INFO - [2024-02-12T20:05:32.316+0000] {dagbag.py:538} INFO - Filling up the DagBag from /home/codespace/.local/share/virtualenvs/airflow_sandbox-vp-HKq_L/lib/python3.10/site-packages/airflow/example_dags/example_kubernetes_executor.py
[2024-02-12T20:05:32.319+0000] {logging_mixin.py:188} INFO - [2024-02-12T20:05:32.319+0000] {example_kubernetes_executor.py:38} WARNING - The example_kubernetes_executor example DAG requires the kubernetes provider. Please install it with: pip install apache-airflow[cncf.kubernetes]
[2024-02-12T20:05:32.319+0000] {processor.py:842} WARNING - No viable dags retrieved from /home/codespace/.local/share/virtualenvs/airflow_sandbox-vp-HKq_L/lib/python3.10/site-packages/airflow/example_dags/example_kubernetes_executor.py
[2024-02-12T20:05:32.326+0000] {processor.py:183} INFO - Processing /home/codespace/.local/share/virtualenvs/airflow_sandbox-vp-HKq_L/lib/python3.10/site-packages/airflow/example_dags/example_kubernetes_executor.py took 0.013 seconds
[2024-02-12T20:06:25.416+0000] {processor.py:161} INFO - Started process (PID=28378) to work on /home/codespace/.local/share/virtualenvs/airflow_sandbox-vp-HKq_L/lib/python3.10/site-packages/airflow/example_dags/example_kubernetes_executor.py
[2024-02-12T20:06:25.417+0000] {processor.py:830} INFO - Processing file /home/codespace/.local/share/virtualenvs/airflow_sandbox-vp-HKq_L/lib/python3.10/site-packages/airflow/example_dags/example_kubernetes_executor.py for tasks to queue
[2024-02-12T20:06:25.417+0000] {logging_mixin.py:188} INFO - [2024-02-12T20:06:25.417+0000] {dagbag.py:538} INFO - Filling up the DagBag from /home/codespace/.local/share/virtualenvs/airflow_sandbox-vp-HKq_L/lib/python3.10/site-packages/airflow/example_dags/example_kubernetes_executor.py
[2024-02-12T20:06:25.420+0000] {logging_mixin.py:188} INFO - [2024-02-12T20:06:25.420+0000] {example_kubernetes_executor.py:38} WARNING - The example_kubernetes_executor example DAG requires the kubernetes provider. Please install it with: pip install apache-airflow[cncf.kubernetes]
[2024-02-12T20:06:25.420+0000] {processor.py:842} WARNING - No viable dags retrieved from /home/codespace/.local/share/virtualenvs/airflow_sandbox-vp-HKq_L/lib/python3.10/site-packages/airflow/example_dags/example_kubernetes_executor.py
[2024-02-12T20:06:25.427+0000] {processor.py:183} INFO - Processing /home/codespace/.local/share/virtualenvs/airflow_sandbox-vp-HKq_L/lib/python3.10/site-packages/airflow/example_dags/example_kubernetes_executor.py took 0.013 seconds
[2024-02-12T20:07:20.972+0000] {processor.py:161} INFO - Started process (PID=28857) to work on /home/codespace/.local/share/virtualenvs/airflow_sandbox-vp-HKq_L/lib/python3.10/site-packages/airflow/example_dags/example_kubernetes_executor.py
[2024-02-12T20:07:20.973+0000] {processor.py:830} INFO - Processing file /home/codespace/.local/share/virtualenvs/airflow_sandbox-vp-HKq_L/lib/python3.10/site-packages/airflow/example_dags/example_kubernetes_executor.py for tasks to queue
[2024-02-12T20:07:20.973+0000] {logging_mixin.py:188} INFO - [2024-02-12T20:07:20.973+0000] {dagbag.py:538} INFO - Filling up the DagBag from /home/codespace/.local/share/virtualenvs/airflow_sandbox-vp-HKq_L/lib/python3.10/site-packages/airflow/example_dags/example_kubernetes_executor.py
[2024-02-12T20:07:20.976+0000] {logging_mixin.py:188} INFO - [2024-02-12T20:07:20.976+0000] {example_kubernetes_executor.py:38} WARNING - The example_kubernetes_executor example DAG requires the kubernetes provider. Please install it with: pip install apache-airflow[cncf.kubernetes]
[2024-02-12T20:07:20.976+0000] {processor.py:842} WARNING - No viable dags retrieved from /home/codespace/.local/share/virtualenvs/airflow_sandbox-vp-HKq_L/lib/python3.10/site-packages/airflow/example_dags/example_kubernetes_executor.py
[2024-02-12T20:07:20.983+0000] {processor.py:183} INFO - Processing /home/codespace/.local/share/virtualenvs/airflow_sandbox-vp-HKq_L/lib/python3.10/site-packages/airflow/example_dags/example_kubernetes_executor.py took 0.013 seconds
