[2024-02-12T20:00:36.330+0000] {processor.py:161} INFO - Started process (PID=25678) to work on /home/codespace/.local/share/virtualenvs/airflow_sandbox-vp-HKq_L/lib/python3.10/site-packages/airflow/example_dags/example_branch_operator_decorator.py
[2024-02-12T20:00:36.331+0000] {processor.py:830} INFO - Processing file /home/codespace/.local/share/virtualenvs/airflow_sandbox-vp-HKq_L/lib/python3.10/site-packages/airflow/example_dags/example_branch_operator_decorator.py for tasks to queue
[2024-02-12T20:00:36.332+0000] {logging_mixin.py:188} INFO - [2024-02-12T20:00:36.331+0000] {dagbag.py:538} INFO - Filling up the DagBag from /home/codespace/.local/share/virtualenvs/airflow_sandbox-vp-HKq_L/lib/python3.10/site-packages/airflow/example_dags/example_branch_operator_decorator.py
[2024-02-12T20:00:36.347+0000] {processor.py:840} INFO - DAG(s) 'example_branch_python_operator_decorator' retrieved from /home/codespace/.local/share/virtualenvs/airflow_sandbox-vp-HKq_L/lib/python3.10/site-packages/airflow/example_dags/example_branch_operator_decorator.py
[2024-02-12T20:00:36.489+0000] {logging_mixin.py:188} INFO - [2024-02-12T20:00:36.488+0000] {override.py:1769} INFO - Created Permission View: can read on DAG:example_branch_python_operator_decorator
[2024-02-12T20:00:36.518+0000] {logging_mixin.py:188} INFO - [2024-02-12T20:00:36.518+0000] {override.py:1769} INFO - Created Permission View: can edit on DAG:example_branch_python_operator_decorator
[2024-02-12T20:00:36.546+0000] {logging_mixin.py:188} INFO - [2024-02-12T20:00:36.546+0000] {override.py:1769} INFO - Created Permission View: can delete on DAG:example_branch_python_operator_decorator
[2024-02-12T20:00:36.546+0000] {logging_mixin.py:188} INFO - [2024-02-12T20:00:36.546+0000] {dag.py:3033} INFO - Sync 1 DAGs
[2024-02-12T20:00:36.555+0000] {logging_mixin.py:188} INFO - [2024-02-12T20:00:36.555+0000] {dag.py:3055} INFO - Creating ORM DAG for example_branch_python_operator_decorator
[2024-02-12T20:00:36.563+0000] {logging_mixin.py:188} INFO - [2024-02-12T20:00:36.563+0000] {dag.py:3820} INFO - Setting next_dagrun for example_branch_python_operator_decorator to 2024-02-11T00:00:00+00:00, run_after=2024-02-12T00:00:00+00:00
[2024-02-12T20:00:36.607+0000] {processor.py:183} INFO - Processing /home/codespace/.local/share/virtualenvs/airflow_sandbox-vp-HKq_L/lib/python3.10/site-packages/airflow/example_dags/example_branch_operator_decorator.py took 0.279 seconds
[2024-02-12T20:01:34.143+0000] {processor.py:161} INFO - Started process (PID=26164) to work on /home/codespace/.local/share/virtualenvs/airflow_sandbox-vp-HKq_L/lib/python3.10/site-packages/airflow/example_dags/example_branch_operator_decorator.py
[2024-02-12T20:01:34.144+0000] {processor.py:830} INFO - Processing file /home/codespace/.local/share/virtualenvs/airflow_sandbox-vp-HKq_L/lib/python3.10/site-packages/airflow/example_dags/example_branch_operator_decorator.py for tasks to queue
[2024-02-12T20:01:34.145+0000] {logging_mixin.py:188} INFO - [2024-02-12T20:01:34.144+0000] {dagbag.py:538} INFO - Filling up the DagBag from /home/codespace/.local/share/virtualenvs/airflow_sandbox-vp-HKq_L/lib/python3.10/site-packages/airflow/example_dags/example_branch_operator_decorator.py
[2024-02-12T20:01:34.161+0000] {processor.py:840} INFO - DAG(s) 'example_branch_python_operator_decorator' retrieved from /home/codespace/.local/share/virtualenvs/airflow_sandbox-vp-HKq_L/lib/python3.10/site-packages/airflow/example_dags/example_branch_operator_decorator.py
[2024-02-12T20:01:34.191+0000] {logging_mixin.py:188} INFO - [2024-02-12T20:01:34.191+0000] {dag.py:3033} INFO - Sync 1 DAGs
[2024-02-12T20:01:34.214+0000] {logging_mixin.py:188} INFO - [2024-02-12T20:01:34.214+0000] {dag.py:3820} INFO - Setting next_dagrun for example_branch_python_operator_decorator to 2024-02-11T00:00:00+00:00, run_after=2024-02-12T00:00:00+00:00
[2024-02-12T20:01:34.259+0000] {processor.py:183} INFO - Processing /home/codespace/.local/share/virtualenvs/airflow_sandbox-vp-HKq_L/lib/python3.10/site-packages/airflow/example_dags/example_branch_operator_decorator.py took 0.118 seconds
[2024-02-12T20:02:18.998+0000] {processor.py:161} INFO - Started process (PID=26616) to work on /home/codespace/.local/share/virtualenvs/airflow_sandbox-vp-HKq_L/lib/python3.10/site-packages/airflow/example_dags/example_branch_operator_decorator.py
[2024-02-12T20:02:18.999+0000] {processor.py:830} INFO - Processing file /home/codespace/.local/share/virtualenvs/airflow_sandbox-vp-HKq_L/lib/python3.10/site-packages/airflow/example_dags/example_branch_operator_decorator.py for tasks to queue
[2024-02-12T20:02:19.000+0000] {logging_mixin.py:188} INFO - [2024-02-12T20:02:18.999+0000] {dagbag.py:538} INFO - Filling up the DagBag from /home/codespace/.local/share/virtualenvs/airflow_sandbox-vp-HKq_L/lib/python3.10/site-packages/airflow/example_dags/example_branch_operator_decorator.py
[2024-02-12T20:02:19.016+0000] {processor.py:840} INFO - DAG(s) 'example_branch_python_operator_decorator' retrieved from /home/codespace/.local/share/virtualenvs/airflow_sandbox-vp-HKq_L/lib/python3.10/site-packages/airflow/example_dags/example_branch_operator_decorator.py
[2024-02-12T20:02:19.035+0000] {logging_mixin.py:188} INFO - [2024-02-12T20:02:19.035+0000] {dag.py:3033} INFO - Sync 1 DAGs
[2024-02-12T20:02:19.054+0000] {logging_mixin.py:188} INFO - [2024-02-12T20:02:19.054+0000] {dag.py:3820} INFO - Setting next_dagrun for example_branch_python_operator_decorator to 2024-02-11T00:00:00+00:00, run_after=2024-02-12T00:00:00+00:00
[2024-02-12T20:02:19.096+0000] {processor.py:183} INFO - Processing /home/codespace/.local/share/virtualenvs/airflow_sandbox-vp-HKq_L/lib/python3.10/site-packages/airflow/example_dags/example_branch_operator_decorator.py took 0.101 seconds
[2024-02-12T20:03:15.438+0000] {processor.py:161} INFO - Started process (PID=27309) to work on /home/codespace/.local/share/virtualenvs/airflow_sandbox-vp-HKq_L/lib/python3.10/site-packages/airflow/example_dags/example_branch_operator_decorator.py
[2024-02-12T20:03:15.439+0000] {processor.py:830} INFO - Processing file /home/codespace/.local/share/virtualenvs/airflow_sandbox-vp-HKq_L/lib/python3.10/site-packages/airflow/example_dags/example_branch_operator_decorator.py for tasks to queue
[2024-02-12T20:03:15.439+0000] {logging_mixin.py:188} INFO - [2024-02-12T20:03:15.439+0000] {dagbag.py:538} INFO - Filling up the DagBag from /home/codespace/.local/share/virtualenvs/airflow_sandbox-vp-HKq_L/lib/python3.10/site-packages/airflow/example_dags/example_branch_operator_decorator.py
[2024-02-12T20:03:15.455+0000] {processor.py:840} INFO - DAG(s) 'example_branch_python_operator_decorator' retrieved from /home/codespace/.local/share/virtualenvs/airflow_sandbox-vp-HKq_L/lib/python3.10/site-packages/airflow/example_dags/example_branch_operator_decorator.py
[2024-02-12T20:03:15.472+0000] {logging_mixin.py:188} INFO - [2024-02-12T20:03:15.472+0000] {dag.py:3033} INFO - Sync 1 DAGs
[2024-02-12T20:03:15.488+0000] {logging_mixin.py:188} INFO - [2024-02-12T20:03:15.487+0000] {dag.py:3820} INFO - Setting next_dagrun for example_branch_python_operator_decorator to 2024-02-11T00:00:00+00:00, run_after=2024-02-12T00:00:00+00:00
[2024-02-12T20:03:15.527+0000] {processor.py:183} INFO - Processing /home/codespace/.local/share/virtualenvs/airflow_sandbox-vp-HKq_L/lib/python3.10/site-packages/airflow/example_dags/example_branch_operator_decorator.py took 0.092 seconds
[2024-02-12T20:04:08.437+0000] {processor.py:161} INFO - Started process (PID=27843) to work on /home/codespace/.local/share/virtualenvs/airflow_sandbox-vp-HKq_L/lib/python3.10/site-packages/airflow/example_dags/example_branch_operator_decorator.py
[2024-02-12T20:04:08.439+0000] {processor.py:830} INFO - Processing file /home/codespace/.local/share/virtualenvs/airflow_sandbox-vp-HKq_L/lib/python3.10/site-packages/airflow/example_dags/example_branch_operator_decorator.py for tasks to queue
[2024-02-12T20:04:08.440+0000] {logging_mixin.py:188} INFO - [2024-02-12T20:04:08.440+0000] {dagbag.py:538} INFO - Filling up the DagBag from /home/codespace/.local/share/virtualenvs/airflow_sandbox-vp-HKq_L/lib/python3.10/site-packages/airflow/example_dags/example_branch_operator_decorator.py
[2024-02-12T20:04:08.465+0000] {processor.py:840} INFO - DAG(s) 'example_branch_python_operator_decorator' retrieved from /home/codespace/.local/share/virtualenvs/airflow_sandbox-vp-HKq_L/lib/python3.10/site-packages/airflow/example_dags/example_branch_operator_decorator.py
[2024-02-12T20:04:08.490+0000] {logging_mixin.py:188} INFO - [2024-02-12T20:04:08.490+0000] {dag.py:3033} INFO - Sync 1 DAGs
[2024-02-12T20:04:08.506+0000] {logging_mixin.py:188} INFO - [2024-02-12T20:04:08.506+0000] {dag.py:3820} INFO - Setting next_dagrun for example_branch_python_operator_decorator to 2024-02-11T00:00:00+00:00, run_after=2024-02-12T00:00:00+00:00
[2024-02-12T20:04:08.548+0000] {processor.py:183} INFO - Processing /home/codespace/.local/share/virtualenvs/airflow_sandbox-vp-HKq_L/lib/python3.10/site-packages/airflow/example_dags/example_branch_operator_decorator.py took 0.115 seconds
[2024-02-12T20:05:00.898+0000] {processor.py:161} INFO - Started process (PID=28127) to work on /home/codespace/.local/share/virtualenvs/airflow_sandbox-vp-HKq_L/lib/python3.10/site-packages/airflow/example_dags/example_branch_operator_decorator.py
[2024-02-12T20:05:00.899+0000] {processor.py:830} INFO - Processing file /home/codespace/.local/share/virtualenvs/airflow_sandbox-vp-HKq_L/lib/python3.10/site-packages/airflow/example_dags/example_branch_operator_decorator.py for tasks to queue
[2024-02-12T20:05:00.900+0000] {logging_mixin.py:188} INFO - [2024-02-12T20:05:00.899+0000] {dagbag.py:538} INFO - Filling up the DagBag from /home/codespace/.local/share/virtualenvs/airflow_sandbox-vp-HKq_L/lib/python3.10/site-packages/airflow/example_dags/example_branch_operator_decorator.py
[2024-02-12T20:05:00.920+0000] {processor.py:840} INFO - DAG(s) 'example_branch_python_operator_decorator' retrieved from /home/codespace/.local/share/virtualenvs/airflow_sandbox-vp-HKq_L/lib/python3.10/site-packages/airflow/example_dags/example_branch_operator_decorator.py
[2024-02-12T20:05:00.938+0000] {logging_mixin.py:188} INFO - [2024-02-12T20:05:00.938+0000] {dag.py:3033} INFO - Sync 1 DAGs
[2024-02-12T20:05:00.956+0000] {logging_mixin.py:188} INFO - [2024-02-12T20:05:00.955+0000] {dag.py:3820} INFO - Setting next_dagrun for example_branch_python_operator_decorator to 2024-02-11T00:00:00+00:00, run_after=2024-02-12T00:00:00+00:00
[2024-02-12T20:05:00.994+0000] {processor.py:183} INFO - Processing /home/codespace/.local/share/virtualenvs/airflow_sandbox-vp-HKq_L/lib/python3.10/site-packages/airflow/example_dags/example_branch_operator_decorator.py took 0.097 seconds
[2024-02-12T20:05:54.557+0000] {processor.py:161} INFO - Started process (PID=28286) to work on /home/codespace/.local/share/virtualenvs/airflow_sandbox-vp-HKq_L/lib/python3.10/site-packages/airflow/example_dags/example_branch_operator_decorator.py
[2024-02-12T20:05:54.558+0000] {processor.py:830} INFO - Processing file /home/codespace/.local/share/virtualenvs/airflow_sandbox-vp-HKq_L/lib/python3.10/site-packages/airflow/example_dags/example_branch_operator_decorator.py for tasks to queue
[2024-02-12T20:05:54.559+0000] {logging_mixin.py:188} INFO - [2024-02-12T20:05:54.559+0000] {dagbag.py:538} INFO - Filling up the DagBag from /home/codespace/.local/share/virtualenvs/airflow_sandbox-vp-HKq_L/lib/python3.10/site-packages/airflow/example_dags/example_branch_operator_decorator.py
[2024-02-12T20:05:54.578+0000] {processor.py:840} INFO - DAG(s) 'example_branch_python_operator_decorator' retrieved from /home/codespace/.local/share/virtualenvs/airflow_sandbox-vp-HKq_L/lib/python3.10/site-packages/airflow/example_dags/example_branch_operator_decorator.py
[2024-02-12T20:05:54.595+0000] {logging_mixin.py:188} INFO - [2024-02-12T20:05:54.595+0000] {dag.py:3033} INFO - Sync 1 DAGs
[2024-02-12T20:05:54.611+0000] {logging_mixin.py:188} INFO - [2024-02-12T20:05:54.611+0000] {dag.py:3820} INFO - Setting next_dagrun for example_branch_python_operator_decorator to 2024-02-11T00:00:00+00:00, run_after=2024-02-12T00:00:00+00:00
[2024-02-12T20:05:54.651+0000] {processor.py:183} INFO - Processing /home/codespace/.local/share/virtualenvs/airflow_sandbox-vp-HKq_L/lib/python3.10/site-packages/airflow/example_dags/example_branch_operator_decorator.py took 0.097 seconds
[2024-02-12T20:06:48.314+0000] {processor.py:161} INFO - Started process (PID=28439) to work on /home/codespace/.local/share/virtualenvs/airflow_sandbox-vp-HKq_L/lib/python3.10/site-packages/airflow/example_dags/example_branch_operator_decorator.py
[2024-02-12T20:06:48.314+0000] {processor.py:830} INFO - Processing file /home/codespace/.local/share/virtualenvs/airflow_sandbox-vp-HKq_L/lib/python3.10/site-packages/airflow/example_dags/example_branch_operator_decorator.py for tasks to queue
[2024-02-12T20:06:48.315+0000] {logging_mixin.py:188} INFO - [2024-02-12T20:06:48.315+0000] {dagbag.py:538} INFO - Filling up the DagBag from /home/codespace/.local/share/virtualenvs/airflow_sandbox-vp-HKq_L/lib/python3.10/site-packages/airflow/example_dags/example_branch_operator_decorator.py
[2024-02-12T20:06:48.330+0000] {processor.py:840} INFO - DAG(s) 'example_branch_python_operator_decorator' retrieved from /home/codespace/.local/share/virtualenvs/airflow_sandbox-vp-HKq_L/lib/python3.10/site-packages/airflow/example_dags/example_branch_operator_decorator.py
[2024-02-12T20:06:48.348+0000] {logging_mixin.py:188} INFO - [2024-02-12T20:06:48.348+0000] {dag.py:3033} INFO - Sync 1 DAGs
[2024-02-12T20:06:48.364+0000] {logging_mixin.py:188} INFO - [2024-02-12T20:06:48.364+0000] {dag.py:3820} INFO - Setting next_dagrun for example_branch_python_operator_decorator to 2024-02-11T00:00:00+00:00, run_after=2024-02-12T00:00:00+00:00
[2024-02-12T20:06:48.403+0000] {processor.py:183} INFO - Processing /home/codespace/.local/share/virtualenvs/airflow_sandbox-vp-HKq_L/lib/python3.10/site-packages/airflow/example_dags/example_branch_operator_decorator.py took 0.091 seconds
