[2024-02-12T20:00:18.812+0000] {processor.py:161} INFO - Started process (PID=25548) to work on /home/codespace/.local/share/virtualenvs/airflow_sandbox-vp-HKq_L/lib/python3.10/site-packages/airflow/example_dags/example_sensor_decorator.py
[2024-02-12T20:00:18.813+0000] {processor.py:830} INFO - Processing file /home/codespace/.local/share/virtualenvs/airflow_sandbox-vp-HKq_L/lib/python3.10/site-packages/airflow/example_dags/example_sensor_decorator.py for tasks to queue
[2024-02-12T20:00:18.813+0000] {logging_mixin.py:188} INFO - [2024-02-12T20:00:18.813+0000] {dagbag.py:538} INFO - Filling up the DagBag from /home/codespace/.local/share/virtualenvs/airflow_sandbox-vp-HKq_L/lib/python3.10/site-packages/airflow/example_dags/example_sensor_decorator.py
[2024-02-12T20:00:18.818+0000] {processor.py:840} INFO - DAG(s) 'example_sensor_decorator' retrieved from /home/codespace/.local/share/virtualenvs/airflow_sandbox-vp-HKq_L/lib/python3.10/site-packages/airflow/example_dags/example_sensor_decorator.py
[2024-02-12T20:00:18.953+0000] {logging_mixin.py:188} INFO - [2024-02-12T20:00:18.953+0000] {override.py:1769} INFO - Created Permission View: can read on DAG:example_sensor_decorator
[2024-02-12T20:00:18.984+0000] {logging_mixin.py:188} INFO - [2024-02-12T20:00:18.984+0000] {override.py:1769} INFO - Created Permission View: can edit on DAG:example_sensor_decorator
[2024-02-12T20:00:19.014+0000] {logging_mixin.py:188} INFO - [2024-02-12T20:00:19.014+0000] {override.py:1769} INFO - Created Permission View: can delete on DAG:example_sensor_decorator
[2024-02-12T20:00:19.014+0000] {logging_mixin.py:188} INFO - [2024-02-12T20:00:19.014+0000] {dag.py:3033} INFO - Sync 1 DAGs
[2024-02-12T20:00:19.024+0000] {logging_mixin.py:188} INFO - [2024-02-12T20:00:19.024+0000] {dag.py:3055} INFO - Creating ORM DAG for example_sensor_decorator
[2024-02-12T20:00:19.025+0000] {logging_mixin.py:188} INFO - [2024-02-12T20:00:19.025+0000] {dag.py:3820} INFO - Setting next_dagrun for example_sensor_decorator to None, run_after=None
[2024-02-12T20:00:19.075+0000] {processor.py:183} INFO - Processing /home/codespace/.local/share/virtualenvs/airflow_sandbox-vp-HKq_L/lib/python3.10/site-packages/airflow/example_dags/example_sensor_decorator.py took 0.265 seconds
[2024-02-12T20:01:09.742+0000] {processor.py:161} INFO - Started process (PID=25901) to work on /home/codespace/.local/share/virtualenvs/airflow_sandbox-vp-HKq_L/lib/python3.10/site-packages/airflow/example_dags/example_sensor_decorator.py
[2024-02-12T20:01:09.743+0000] {processor.py:830} INFO - Processing file /home/codespace/.local/share/virtualenvs/airflow_sandbox-vp-HKq_L/lib/python3.10/site-packages/airflow/example_dags/example_sensor_decorator.py for tasks to queue
[2024-02-12T20:01:09.744+0000] {logging_mixin.py:188} INFO - [2024-02-12T20:01:09.743+0000] {dagbag.py:538} INFO - Filling up the DagBag from /home/codespace/.local/share/virtualenvs/airflow_sandbox-vp-HKq_L/lib/python3.10/site-packages/airflow/example_dags/example_sensor_decorator.py
[2024-02-12T20:01:09.748+0000] {processor.py:840} INFO - DAG(s) 'example_sensor_decorator' retrieved from /home/codespace/.local/share/virtualenvs/airflow_sandbox-vp-HKq_L/lib/python3.10/site-packages/airflow/example_dags/example_sensor_decorator.py
[2024-02-12T20:01:09.761+0000] {logging_mixin.py:188} INFO - [2024-02-12T20:01:09.761+0000] {dag.py:3033} INFO - Sync 1 DAGs
[2024-02-12T20:01:09.769+0000] {logging_mixin.py:188} INFO - [2024-02-12T20:01:09.769+0000] {dag.py:3820} INFO - Setting next_dagrun for example_sensor_decorator to None, run_after=None
[2024-02-12T20:01:09.808+0000] {processor.py:183} INFO - Processing /home/codespace/.local/share/virtualenvs/airflow_sandbox-vp-HKq_L/lib/python3.10/site-packages/airflow/example_dags/example_sensor_decorator.py took 0.068 seconds
[2024-02-12T20:01:59.969+0000] {processor.py:161} INFO - Started process (PID=26454) to work on /home/codespace/.local/share/virtualenvs/airflow_sandbox-vp-HKq_L/lib/python3.10/site-packages/airflow/example_dags/example_sensor_decorator.py
[2024-02-12T20:01:59.970+0000] {processor.py:830} INFO - Processing file /home/codespace/.local/share/virtualenvs/airflow_sandbox-vp-HKq_L/lib/python3.10/site-packages/airflow/example_dags/example_sensor_decorator.py for tasks to queue
[2024-02-12T20:01:59.971+0000] {logging_mixin.py:188} INFO - [2024-02-12T20:01:59.970+0000] {dagbag.py:538} INFO - Filling up the DagBag from /home/codespace/.local/share/virtualenvs/airflow_sandbox-vp-HKq_L/lib/python3.10/site-packages/airflow/example_dags/example_sensor_decorator.py
[2024-02-12T20:01:59.977+0000] {processor.py:840} INFO - DAG(s) 'example_sensor_decorator' retrieved from /home/codespace/.local/share/virtualenvs/airflow_sandbox-vp-HKq_L/lib/python3.10/site-packages/airflow/example_dags/example_sensor_decorator.py
[2024-02-12T20:01:59.997+0000] {logging_mixin.py:188} INFO - [2024-02-12T20:01:59.997+0000] {dag.py:3033} INFO - Sync 1 DAGs
[2024-02-12T20:02:00.010+0000] {logging_mixin.py:188} INFO - [2024-02-12T20:02:00.009+0000] {dag.py:3820} INFO - Setting next_dagrun for example_sensor_decorator to None, run_after=None
[2024-02-12T20:02:00.051+0000] {processor.py:183} INFO - Processing /home/codespace/.local/share/virtualenvs/airflow_sandbox-vp-HKq_L/lib/python3.10/site-packages/airflow/example_dags/example_sensor_decorator.py took 0.086 seconds
[2024-02-12T20:02:50.537+0000] {processor.py:161} INFO - Started process (PID=27036) to work on /home/codespace/.local/share/virtualenvs/airflow_sandbox-vp-HKq_L/lib/python3.10/site-packages/airflow/example_dags/example_sensor_decorator.py
[2024-02-12T20:02:50.538+0000] {processor.py:830} INFO - Processing file /home/codespace/.local/share/virtualenvs/airflow_sandbox-vp-HKq_L/lib/python3.10/site-packages/airflow/example_dags/example_sensor_decorator.py for tasks to queue
[2024-02-12T20:02:50.538+0000] {logging_mixin.py:188} INFO - [2024-02-12T20:02:50.538+0000] {dagbag.py:538} INFO - Filling up the DagBag from /home/codespace/.local/share/virtualenvs/airflow_sandbox-vp-HKq_L/lib/python3.10/site-packages/airflow/example_dags/example_sensor_decorator.py
[2024-02-12T20:02:50.543+0000] {processor.py:840} INFO - DAG(s) 'example_sensor_decorator' retrieved from /home/codespace/.local/share/virtualenvs/airflow_sandbox-vp-HKq_L/lib/python3.10/site-packages/airflow/example_dags/example_sensor_decorator.py
[2024-02-12T20:02:50.554+0000] {logging_mixin.py:188} INFO - [2024-02-12T20:02:50.554+0000] {dag.py:3033} INFO - Sync 1 DAGs
[2024-02-12T20:02:50.563+0000] {logging_mixin.py:188} INFO - [2024-02-12T20:02:50.563+0000] {dag.py:3820} INFO - Setting next_dagrun for example_sensor_decorator to None, run_after=None
[2024-02-12T20:02:50.605+0000] {processor.py:183} INFO - Processing /home/codespace/.local/share/virtualenvs/airflow_sandbox-vp-HKq_L/lib/python3.10/site-packages/airflow/example_dags/example_sensor_decorator.py took 0.070 seconds
[2024-02-12T20:03:45.453+0000] {processor.py:161} INFO - Started process (PID=27623) to work on /home/codespace/.local/share/virtualenvs/airflow_sandbox-vp-HKq_L/lib/python3.10/site-packages/airflow/example_dags/example_sensor_decorator.py
[2024-02-12T20:03:45.454+0000] {processor.py:830} INFO - Processing file /home/codespace/.local/share/virtualenvs/airflow_sandbox-vp-HKq_L/lib/python3.10/site-packages/airflow/example_dags/example_sensor_decorator.py for tasks to queue
[2024-02-12T20:03:45.455+0000] {logging_mixin.py:188} INFO - [2024-02-12T20:03:45.454+0000] {dagbag.py:538} INFO - Filling up the DagBag from /home/codespace/.local/share/virtualenvs/airflow_sandbox-vp-HKq_L/lib/python3.10/site-packages/airflow/example_dags/example_sensor_decorator.py
[2024-02-12T20:03:45.459+0000] {processor.py:840} INFO - DAG(s) 'example_sensor_decorator' retrieved from /home/codespace/.local/share/virtualenvs/airflow_sandbox-vp-HKq_L/lib/python3.10/site-packages/airflow/example_dags/example_sensor_decorator.py
[2024-02-12T20:03:45.471+0000] {logging_mixin.py:188} INFO - [2024-02-12T20:03:45.470+0000] {dag.py:3033} INFO - Sync 1 DAGs
[2024-02-12T20:03:45.479+0000] {logging_mixin.py:188} INFO - [2024-02-12T20:03:45.479+0000] {dag.py:3820} INFO - Setting next_dagrun for example_sensor_decorator to None, run_after=None
[2024-02-12T20:03:45.518+0000] {processor.py:183} INFO - Processing /home/codespace/.local/share/virtualenvs/airflow_sandbox-vp-HKq_L/lib/python3.10/site-packages/airflow/example_dags/example_sensor_decorator.py took 0.067 seconds
[2024-02-12T20:04:38.360+0000] {processor.py:161} INFO - Started process (PID=28042) to work on /home/codespace/.local/share/virtualenvs/airflow_sandbox-vp-HKq_L/lib/python3.10/site-packages/airflow/example_dags/example_sensor_decorator.py
[2024-02-12T20:04:38.361+0000] {processor.py:830} INFO - Processing file /home/codespace/.local/share/virtualenvs/airflow_sandbox-vp-HKq_L/lib/python3.10/site-packages/airflow/example_dags/example_sensor_decorator.py for tasks to queue
[2024-02-12T20:04:38.361+0000] {logging_mixin.py:188} INFO - [2024-02-12T20:04:38.361+0000] {dagbag.py:538} INFO - Filling up the DagBag from /home/codespace/.local/share/virtualenvs/airflow_sandbox-vp-HKq_L/lib/python3.10/site-packages/airflow/example_dags/example_sensor_decorator.py
[2024-02-12T20:04:38.366+0000] {processor.py:840} INFO - DAG(s) 'example_sensor_decorator' retrieved from /home/codespace/.local/share/virtualenvs/airflow_sandbox-vp-HKq_L/lib/python3.10/site-packages/airflow/example_dags/example_sensor_decorator.py
[2024-02-12T20:04:38.377+0000] {logging_mixin.py:188} INFO - [2024-02-12T20:04:38.377+0000] {dag.py:3033} INFO - Sync 1 DAGs
[2024-02-12T20:04:38.386+0000] {logging_mixin.py:188} INFO - [2024-02-12T20:04:38.386+0000] {dag.py:3820} INFO - Setting next_dagrun for example_sensor_decorator to None, run_after=None
[2024-02-12T20:04:38.424+0000] {processor.py:183} INFO - Processing /home/codespace/.local/share/virtualenvs/airflow_sandbox-vp-HKq_L/lib/python3.10/site-packages/airflow/example_dags/example_sensor_decorator.py took 0.066 seconds
[2024-02-12T20:05:31.180+0000] {processor.py:161} INFO - Started process (PID=28223) to work on /home/codespace/.local/share/virtualenvs/airflow_sandbox-vp-HKq_L/lib/python3.10/site-packages/airflow/example_dags/example_sensor_decorator.py
[2024-02-12T20:05:31.181+0000] {processor.py:830} INFO - Processing file /home/codespace/.local/share/virtualenvs/airflow_sandbox-vp-HKq_L/lib/python3.10/site-packages/airflow/example_dags/example_sensor_decorator.py for tasks to queue
[2024-02-12T20:05:31.181+0000] {logging_mixin.py:188} INFO - [2024-02-12T20:05:31.181+0000] {dagbag.py:538} INFO - Filling up the DagBag from /home/codespace/.local/share/virtualenvs/airflow_sandbox-vp-HKq_L/lib/python3.10/site-packages/airflow/example_dags/example_sensor_decorator.py
[2024-02-12T20:05:31.186+0000] {processor.py:840} INFO - DAG(s) 'example_sensor_decorator' retrieved from /home/codespace/.local/share/virtualenvs/airflow_sandbox-vp-HKq_L/lib/python3.10/site-packages/airflow/example_dags/example_sensor_decorator.py
[2024-02-12T20:05:31.197+0000] {logging_mixin.py:188} INFO - [2024-02-12T20:05:31.197+0000] {dag.py:3033} INFO - Sync 1 DAGs
[2024-02-12T20:05:31.206+0000] {logging_mixin.py:188} INFO - [2024-02-12T20:05:31.206+0000] {dag.py:3820} INFO - Setting next_dagrun for example_sensor_decorator to None, run_after=None
[2024-02-12T20:05:31.246+0000] {processor.py:183} INFO - Processing /home/codespace/.local/share/virtualenvs/airflow_sandbox-vp-HKq_L/lib/python3.10/site-packages/airflow/example_dags/example_sensor_decorator.py took 0.068 seconds
[2024-02-12T20:06:24.253+0000] {processor.py:161} INFO - Started process (PID=28371) to work on /home/codespace/.local/share/virtualenvs/airflow_sandbox-vp-HKq_L/lib/python3.10/site-packages/airflow/example_dags/example_sensor_decorator.py
[2024-02-12T20:06:24.254+0000] {processor.py:830} INFO - Processing file /home/codespace/.local/share/virtualenvs/airflow_sandbox-vp-HKq_L/lib/python3.10/site-packages/airflow/example_dags/example_sensor_decorator.py for tasks to queue
[2024-02-12T20:06:24.255+0000] {logging_mixin.py:188} INFO - [2024-02-12T20:06:24.254+0000] {dagbag.py:538} INFO - Filling up the DagBag from /home/codespace/.local/share/virtualenvs/airflow_sandbox-vp-HKq_L/lib/python3.10/site-packages/airflow/example_dags/example_sensor_decorator.py
[2024-02-12T20:06:24.260+0000] {processor.py:840} INFO - DAG(s) 'example_sensor_decorator' retrieved from /home/codespace/.local/share/virtualenvs/airflow_sandbox-vp-HKq_L/lib/python3.10/site-packages/airflow/example_dags/example_sensor_decorator.py
[2024-02-12T20:06:24.271+0000] {logging_mixin.py:188} INFO - [2024-02-12T20:06:24.271+0000] {dag.py:3033} INFO - Sync 1 DAGs
[2024-02-12T20:06:24.280+0000] {logging_mixin.py:188} INFO - [2024-02-12T20:06:24.280+0000] {dag.py:3820} INFO - Setting next_dagrun for example_sensor_decorator to None, run_after=None
[2024-02-12T20:06:24.319+0000] {processor.py:183} INFO - Processing /home/codespace/.local/share/virtualenvs/airflow_sandbox-vp-HKq_L/lib/python3.10/site-packages/airflow/example_dags/example_sensor_decorator.py took 0.068 seconds
[2024-02-12T20:07:19.830+0000] {processor.py:161} INFO - Started process (PID=28837) to work on /home/codespace/.local/share/virtualenvs/airflow_sandbox-vp-HKq_L/lib/python3.10/site-packages/airflow/example_dags/example_sensor_decorator.py
[2024-02-12T20:07:19.830+0000] {processor.py:830} INFO - Processing file /home/codespace/.local/share/virtualenvs/airflow_sandbox-vp-HKq_L/lib/python3.10/site-packages/airflow/example_dags/example_sensor_decorator.py for tasks to queue
[2024-02-12T20:07:19.831+0000] {logging_mixin.py:188} INFO - [2024-02-12T20:07:19.831+0000] {dagbag.py:538} INFO - Filling up the DagBag from /home/codespace/.local/share/virtualenvs/airflow_sandbox-vp-HKq_L/lib/python3.10/site-packages/airflow/example_dags/example_sensor_decorator.py
[2024-02-12T20:07:19.837+0000] {processor.py:840} INFO - DAG(s) 'example_sensor_decorator' retrieved from /home/codespace/.local/share/virtualenvs/airflow_sandbox-vp-HKq_L/lib/python3.10/site-packages/airflow/example_dags/example_sensor_decorator.py
[2024-02-12T20:07:19.848+0000] {logging_mixin.py:188} INFO - [2024-02-12T20:07:19.848+0000] {dag.py:3033} INFO - Sync 1 DAGs
[2024-02-12T20:07:19.857+0000] {logging_mixin.py:188} INFO - [2024-02-12T20:07:19.857+0000] {dag.py:3820} INFO - Setting next_dagrun for example_sensor_decorator to None, run_after=None
[2024-02-12T20:07:19.895+0000] {processor.py:183} INFO - Processing /home/codespace/.local/share/virtualenvs/airflow_sandbox-vp-HKq_L/lib/python3.10/site-packages/airflow/example_dags/example_sensor_decorator.py took 0.068 seconds
