[2024-02-12T19:43:42.486+0000] {processor.py:161} INFO - Started process (PID=15857) to work on /home/codespace/.local/share/virtualenvs/airflow_sandbox-vp-HKq_L/lib/python3.10/site-packages/airflow/example_dags/example_short_circuit_operator.py
[2024-02-12T19:43:42.487+0000] {processor.py:830} INFO - Processing file /home/codespace/.local/share/virtualenvs/airflow_sandbox-vp-HKq_L/lib/python3.10/site-packages/airflow/example_dags/example_short_circuit_operator.py for tasks to queue
[2024-02-12T19:43:42.488+0000] {logging_mixin.py:188} INFO - [2024-02-12T19:43:42.487+0000] {dagbag.py:538} INFO - Filling up the DagBag from /home/codespace/.local/share/virtualenvs/airflow_sandbox-vp-HKq_L/lib/python3.10/site-packages/airflow/example_dags/example_short_circuit_operator.py
[2024-02-12T19:43:42.495+0000] {processor.py:840} INFO - DAG(s) 'example_short_circuit_operator' retrieved from /home/codespace/.local/share/virtualenvs/airflow_sandbox-vp-HKq_L/lib/python3.10/site-packages/airflow/example_dags/example_short_circuit_operator.py
[2024-02-12T19:43:42.711+0000] {logging_mixin.py:188} INFO - [2024-02-12T19:43:42.710+0000] {override.py:1769} INFO - Created Permission View: can delete on DAG:example_short_circuit_operator
[2024-02-12T19:43:42.742+0000] {logging_mixin.py:188} INFO - [2024-02-12T19:43:42.742+0000] {override.py:1769} INFO - Created Permission View: can read on DAG:example_short_circuit_operator
[2024-02-12T19:43:42.770+0000] {logging_mixin.py:188} INFO - [2024-02-12T19:43:42.770+0000] {override.py:1769} INFO - Created Permission View: can edit on DAG:example_short_circuit_operator
[2024-02-12T19:43:42.770+0000] {logging_mixin.py:188} INFO - [2024-02-12T19:43:42.770+0000] {dag.py:3033} INFO - Sync 1 DAGs
[2024-02-12T19:43:42.779+0000] {logging_mixin.py:188} INFO - [2024-02-12T19:43:42.779+0000] {dag.py:3055} INFO - Creating ORM DAG for example_short_circuit_operator
[2024-02-12T19:43:42.786+0000] {logging_mixin.py:188} INFO - [2024-02-12T19:43:42.786+0000] {dag.py:3820} INFO - Setting next_dagrun for example_short_circuit_operator to 2024-02-11T00:00:00+00:00, run_after=2024-02-12T00:00:00+00:00
[2024-02-12T19:43:42.829+0000] {processor.py:183} INFO - Processing /home/codespace/.local/share/virtualenvs/airflow_sandbox-vp-HKq_L/lib/python3.10/site-packages/airflow/example_dags/example_short_circuit_operator.py took 0.345 seconds
[2024-02-12T19:59:51.455+0000] {processor.py:161} INFO - Started process (PID=25172) to work on /home/codespace/.local/share/virtualenvs/airflow_sandbox-vp-HKq_L/lib/python3.10/site-packages/airflow/example_dags/example_short_circuit_operator.py
[2024-02-12T19:59:51.455+0000] {processor.py:830} INFO - Processing file /home/codespace/.local/share/virtualenvs/airflow_sandbox-vp-HKq_L/lib/python3.10/site-packages/airflow/example_dags/example_short_circuit_operator.py for tasks to queue
[2024-02-12T19:59:51.456+0000] {logging_mixin.py:188} INFO - [2024-02-12T19:59:51.456+0000] {dagbag.py:538} INFO - Filling up the DagBag from /home/codespace/.local/share/virtualenvs/airflow_sandbox-vp-HKq_L/lib/python3.10/site-packages/airflow/example_dags/example_short_circuit_operator.py
[2024-02-12T19:59:51.464+0000] {processor.py:840} INFO - DAG(s) 'example_short_circuit_operator' retrieved from /home/codespace/.local/share/virtualenvs/airflow_sandbox-vp-HKq_L/lib/python3.10/site-packages/airflow/example_dags/example_short_circuit_operator.py
[2024-02-12T19:59:51.482+0000] {logging_mixin.py:188} INFO - [2024-02-12T19:59:51.482+0000] {dag.py:3033} INFO - Sync 1 DAGs
[2024-02-12T19:59:51.580+0000] {logging_mixin.py:188} INFO - [2024-02-12T19:59:51.580+0000] {dag.py:3820} INFO - Setting next_dagrun for example_short_circuit_operator to 2024-02-11T00:00:00+00:00, run_after=2024-02-12T00:00:00+00:00
[2024-02-12T19:59:51.619+0000] {processor.py:183} INFO - Processing /home/codespace/.local/share/virtualenvs/airflow_sandbox-vp-HKq_L/lib/python3.10/site-packages/airflow/example_dags/example_short_circuit_operator.py took 0.166 seconds
[2024-02-12T20:00:45.035+0000] {processor.py:161} INFO - Started process (PID=25741) to work on /home/codespace/.local/share/virtualenvs/airflow_sandbox-vp-HKq_L/lib/python3.10/site-packages/airflow/example_dags/example_short_circuit_operator.py
[2024-02-12T20:00:45.035+0000] {processor.py:830} INFO - Processing file /home/codespace/.local/share/virtualenvs/airflow_sandbox-vp-HKq_L/lib/python3.10/site-packages/airflow/example_dags/example_short_circuit_operator.py for tasks to queue
[2024-02-12T20:00:45.036+0000] {logging_mixin.py:188} INFO - [2024-02-12T20:00:45.036+0000] {dagbag.py:538} INFO - Filling up the DagBag from /home/codespace/.local/share/virtualenvs/airflow_sandbox-vp-HKq_L/lib/python3.10/site-packages/airflow/example_dags/example_short_circuit_operator.py
[2024-02-12T20:00:45.042+0000] {processor.py:840} INFO - DAG(s) 'example_short_circuit_operator' retrieved from /home/codespace/.local/share/virtualenvs/airflow_sandbox-vp-HKq_L/lib/python3.10/site-packages/airflow/example_dags/example_short_circuit_operator.py
[2024-02-12T20:00:45.056+0000] {logging_mixin.py:188} INFO - [2024-02-12T20:00:45.056+0000] {dag.py:3033} INFO - Sync 1 DAGs
[2024-02-12T20:00:45.072+0000] {logging_mixin.py:188} INFO - [2024-02-12T20:00:45.072+0000] {dag.py:3820} INFO - Setting next_dagrun for example_short_circuit_operator to 2024-02-11T00:00:00+00:00, run_after=2024-02-12T00:00:00+00:00
[2024-02-12T20:00:45.112+0000] {processor.py:183} INFO - Processing /home/codespace/.local/share/virtualenvs/airflow_sandbox-vp-HKq_L/lib/python3.10/site-packages/airflow/example_dags/example_short_circuit_operator.py took 0.079 seconds
[2024-02-12T20:01:23.485+0000] {processor.py:161} INFO - Started process (PID=26094) to work on /home/codespace/.local/share/virtualenvs/airflow_sandbox-vp-HKq_L/lib/python3.10/site-packages/airflow/example_dags/example_short_circuit_operator.py
[2024-02-12T20:01:23.486+0000] {processor.py:830} INFO - Processing file /home/codespace/.local/share/virtualenvs/airflow_sandbox-vp-HKq_L/lib/python3.10/site-packages/airflow/example_dags/example_short_circuit_operator.py for tasks to queue
[2024-02-12T20:01:23.487+0000] {logging_mixin.py:188} INFO - [2024-02-12T20:01:23.487+0000] {dagbag.py:538} INFO - Filling up the DagBag from /home/codespace/.local/share/virtualenvs/airflow_sandbox-vp-HKq_L/lib/python3.10/site-packages/airflow/example_dags/example_short_circuit_operator.py
[2024-02-12T20:01:23.494+0000] {processor.py:840} INFO - DAG(s) 'example_short_circuit_operator' retrieved from /home/codespace/.local/share/virtualenvs/airflow_sandbox-vp-HKq_L/lib/python3.10/site-packages/airflow/example_dags/example_short_circuit_operator.py
[2024-02-12T20:01:23.507+0000] {logging_mixin.py:188} INFO - [2024-02-12T20:01:23.507+0000] {dag.py:3033} INFO - Sync 1 DAGs
[2024-02-12T20:01:23.522+0000] {logging_mixin.py:188} INFO - [2024-02-12T20:01:23.522+0000] {dag.py:3820} INFO - Setting next_dagrun for example_short_circuit_operator to 2024-02-11T00:00:00+00:00, run_after=2024-02-12T00:00:00+00:00
[2024-02-12T20:01:23.563+0000] {processor.py:183} INFO - Processing /home/codespace/.local/share/virtualenvs/airflow_sandbox-vp-HKq_L/lib/python3.10/site-packages/airflow/example_dags/example_short_circuit_operator.py took 0.080 seconds
[2024-02-12T20:02:07.729+0000] {processor.py:161} INFO - Started process (PID=26533) to work on /home/codespace/.local/share/virtualenvs/airflow_sandbox-vp-HKq_L/lib/python3.10/site-packages/airflow/example_dags/example_short_circuit_operator.py
[2024-02-12T20:02:07.730+0000] {processor.py:830} INFO - Processing file /home/codespace/.local/share/virtualenvs/airflow_sandbox-vp-HKq_L/lib/python3.10/site-packages/airflow/example_dags/example_short_circuit_operator.py for tasks to queue
[2024-02-12T20:02:07.731+0000] {logging_mixin.py:188} INFO - [2024-02-12T20:02:07.730+0000] {dagbag.py:538} INFO - Filling up the DagBag from /home/codespace/.local/share/virtualenvs/airflow_sandbox-vp-HKq_L/lib/python3.10/site-packages/airflow/example_dags/example_short_circuit_operator.py
[2024-02-12T20:02:07.737+0000] {processor.py:840} INFO - DAG(s) 'example_short_circuit_operator' retrieved from /home/codespace/.local/share/virtualenvs/airflow_sandbox-vp-HKq_L/lib/python3.10/site-packages/airflow/example_dags/example_short_circuit_operator.py
[2024-02-12T20:02:07.751+0000] {logging_mixin.py:188} INFO - [2024-02-12T20:02:07.751+0000] {dag.py:3033} INFO - Sync 1 DAGs
[2024-02-12T20:02:07.766+0000] {logging_mixin.py:188} INFO - [2024-02-12T20:02:07.766+0000] {dag.py:3820} INFO - Setting next_dagrun for example_short_circuit_operator to 2024-02-11T00:00:00+00:00, run_after=2024-02-12T00:00:00+00:00
[2024-02-12T20:02:07.806+0000] {processor.py:183} INFO - Processing /home/codespace/.local/share/virtualenvs/airflow_sandbox-vp-HKq_L/lib/python3.10/site-packages/airflow/example_dags/example_short_circuit_operator.py took 0.079 seconds
