[2024-02-12T20:00:25.307+0000] {processor.py:161} INFO - Started process (PID=25599) to work on /home/codespace/.local/share/virtualenvs/airflow_sandbox-vp-HKq_L/lib/python3.10/site-packages/airflow/example_dags/example_params_trigger_ui.py
[2024-02-12T20:00:25.308+0000] {processor.py:830} INFO - Processing file /home/codespace/.local/share/virtualenvs/airflow_sandbox-vp-HKq_L/lib/python3.10/site-packages/airflow/example_dags/example_params_trigger_ui.py for tasks to queue
[2024-02-12T20:00:25.308+0000] {logging_mixin.py:188} INFO - [2024-02-12T20:00:25.308+0000] {dagbag.py:538} INFO - Filling up the DagBag from /home/codespace/.local/share/virtualenvs/airflow_sandbox-vp-HKq_L/lib/python3.10/site-packages/airflow/example_dags/example_params_trigger_ui.py
[2024-02-12T20:00:25.319+0000] {processor.py:840} INFO - DAG(s) 'example_params_trigger_ui' retrieved from /home/codespace/.local/share/virtualenvs/airflow_sandbox-vp-HKq_L/lib/python3.10/site-packages/airflow/example_dags/example_params_trigger_ui.py
[2024-02-12T20:00:25.496+0000] {logging_mixin.py:188} INFO - [2024-02-12T20:00:25.495+0000] {override.py:1769} INFO - Created Permission View: can read on DAG:example_params_trigger_ui
[2024-02-12T20:00:25.532+0000] {logging_mixin.py:188} INFO - [2024-02-12T20:00:25.532+0000] {override.py:1769} INFO - Created Permission View: can edit on DAG:example_params_trigger_ui
[2024-02-12T20:00:25.561+0000] {logging_mixin.py:188} INFO - [2024-02-12T20:00:25.560+0000] {override.py:1769} INFO - Created Permission View: can delete on DAG:example_params_trigger_ui
[2024-02-12T20:00:25.561+0000] {logging_mixin.py:188} INFO - [2024-02-12T20:00:25.561+0000] {dag.py:3033} INFO - Sync 1 DAGs
[2024-02-12T20:00:25.569+0000] {logging_mixin.py:188} INFO - [2024-02-12T20:00:25.569+0000] {dag.py:3055} INFO - Creating ORM DAG for example_params_trigger_ui
[2024-02-12T20:00:25.570+0000] {logging_mixin.py:188} INFO - [2024-02-12T20:00:25.570+0000] {dag.py:3820} INFO - Setting next_dagrun for example_params_trigger_ui to None, run_after=None
[2024-02-12T20:00:25.614+0000] {processor.py:183} INFO - Processing /home/codespace/.local/share/virtualenvs/airflow_sandbox-vp-HKq_L/lib/python3.10/site-packages/airflow/example_dags/example_params_trigger_ui.py took 0.309 seconds
[2024-02-12T20:01:14.936+0000] {processor.py:161} INFO - Started process (PID=25953) to work on /home/codespace/.local/share/virtualenvs/airflow_sandbox-vp-HKq_L/lib/python3.10/site-packages/airflow/example_dags/example_params_trigger_ui.py
[2024-02-12T20:01:14.937+0000] {processor.py:830} INFO - Processing file /home/codespace/.local/share/virtualenvs/airflow_sandbox-vp-HKq_L/lib/python3.10/site-packages/airflow/example_dags/example_params_trigger_ui.py for tasks to queue
[2024-02-12T20:01:14.938+0000] {logging_mixin.py:188} INFO - [2024-02-12T20:01:14.938+0000] {dagbag.py:538} INFO - Filling up the DagBag from /home/codespace/.local/share/virtualenvs/airflow_sandbox-vp-HKq_L/lib/python3.10/site-packages/airflow/example_dags/example_params_trigger_ui.py
[2024-02-12T20:01:14.961+0000] {processor.py:840} INFO - DAG(s) 'example_params_trigger_ui' retrieved from /home/codespace/.local/share/virtualenvs/airflow_sandbox-vp-HKq_L/lib/python3.10/site-packages/airflow/example_dags/example_params_trigger_ui.py
[2024-02-12T20:01:14.998+0000] {logging_mixin.py:188} INFO - [2024-02-12T20:01:14.998+0000] {dag.py:3033} INFO - Sync 1 DAGs
[2024-02-12T20:01:15.007+0000] {logging_mixin.py:188} INFO - [2024-02-12T20:01:15.007+0000] {dag.py:3820} INFO - Setting next_dagrun for example_params_trigger_ui to None, run_after=None
[2024-02-12T20:01:15.047+0000] {processor.py:183} INFO - Processing /home/codespace/.local/share/virtualenvs/airflow_sandbox-vp-HKq_L/lib/python3.10/site-packages/airflow/example_dags/example_params_trigger_ui.py took 0.118 seconds
[2024-02-12T20:02:04.316+0000] {processor.py:161} INFO - Started process (PID=26492) to work on /home/codespace/.local/share/virtualenvs/airflow_sandbox-vp-HKq_L/lib/python3.10/site-packages/airflow/example_dags/example_params_trigger_ui.py
[2024-02-12T20:02:04.317+0000] {processor.py:830} INFO - Processing file /home/codespace/.local/share/virtualenvs/airflow_sandbox-vp-HKq_L/lib/python3.10/site-packages/airflow/example_dags/example_params_trigger_ui.py for tasks to queue
[2024-02-12T20:02:04.318+0000] {logging_mixin.py:188} INFO - [2024-02-12T20:02:04.317+0000] {dagbag.py:538} INFO - Filling up the DagBag from /home/codespace/.local/share/virtualenvs/airflow_sandbox-vp-HKq_L/lib/python3.10/site-packages/airflow/example_dags/example_params_trigger_ui.py
[2024-02-12T20:02:04.333+0000] {processor.py:840} INFO - DAG(s) 'example_params_trigger_ui' retrieved from /home/codespace/.local/share/virtualenvs/airflow_sandbox-vp-HKq_L/lib/python3.10/site-packages/airflow/example_dags/example_params_trigger_ui.py
[2024-02-12T20:02:04.369+0000] {logging_mixin.py:188} INFO - [2024-02-12T20:02:04.369+0000] {dag.py:3033} INFO - Sync 1 DAGs
[2024-02-12T20:02:04.378+0000] {logging_mixin.py:188} INFO - [2024-02-12T20:02:04.378+0000] {dag.py:3820} INFO - Setting next_dagrun for example_params_trigger_ui to None, run_after=None
[2024-02-12T20:02:04.417+0000] {processor.py:183} INFO - Processing /home/codespace/.local/share/virtualenvs/airflow_sandbox-vp-HKq_L/lib/python3.10/site-packages/airflow/example_dags/example_params_trigger_ui.py took 0.104 seconds
[2024-02-12T20:02:55.903+0000] {processor.py:161} INFO - Started process (PID=27093) to work on /home/codespace/.local/share/virtualenvs/airflow_sandbox-vp-HKq_L/lib/python3.10/site-packages/airflow/example_dags/example_params_trigger_ui.py
[2024-02-12T20:02:55.904+0000] {processor.py:830} INFO - Processing file /home/codespace/.local/share/virtualenvs/airflow_sandbox-vp-HKq_L/lib/python3.10/site-packages/airflow/example_dags/example_params_trigger_ui.py for tasks to queue
[2024-02-12T20:02:55.905+0000] {logging_mixin.py:188} INFO - [2024-02-12T20:02:55.904+0000] {dagbag.py:538} INFO - Filling up the DagBag from /home/codespace/.local/share/virtualenvs/airflow_sandbox-vp-HKq_L/lib/python3.10/site-packages/airflow/example_dags/example_params_trigger_ui.py
[2024-02-12T20:02:55.915+0000] {processor.py:840} INFO - DAG(s) 'example_params_trigger_ui' retrieved from /home/codespace/.local/share/virtualenvs/airflow_sandbox-vp-HKq_L/lib/python3.10/site-packages/airflow/example_dags/example_params_trigger_ui.py
[2024-02-12T20:02:55.952+0000] {logging_mixin.py:188} INFO - [2024-02-12T20:02:55.952+0000] {dag.py:3033} INFO - Sync 1 DAGs
[2024-02-12T20:02:55.962+0000] {logging_mixin.py:188} INFO - [2024-02-12T20:02:55.962+0000] {dag.py:3820} INFO - Setting next_dagrun for example_params_trigger_ui to None, run_after=None
[2024-02-12T20:02:56.002+0000] {processor.py:183} INFO - Processing /home/codespace/.local/share/virtualenvs/airflow_sandbox-vp-HKq_L/lib/python3.10/site-packages/airflow/example_dags/example_params_trigger_ui.py took 0.101 seconds
[2024-02-12T20:03:49.482+0000] {processor.py:161} INFO - Started process (PID=27667) to work on /home/codespace/.local/share/virtualenvs/airflow_sandbox-vp-HKq_L/lib/python3.10/site-packages/airflow/example_dags/example_params_trigger_ui.py
[2024-02-12T20:03:49.482+0000] {processor.py:830} INFO - Processing file /home/codespace/.local/share/virtualenvs/airflow_sandbox-vp-HKq_L/lib/python3.10/site-packages/airflow/example_dags/example_params_trigger_ui.py for tasks to queue
[2024-02-12T20:03:49.483+0000] {logging_mixin.py:188} INFO - [2024-02-12T20:03:49.483+0000] {dagbag.py:538} INFO - Filling up the DagBag from /home/codespace/.local/share/virtualenvs/airflow_sandbox-vp-HKq_L/lib/python3.10/site-packages/airflow/example_dags/example_params_trigger_ui.py
[2024-02-12T20:03:49.494+0000] {processor.py:840} INFO - DAG(s) 'example_params_trigger_ui' retrieved from /home/codespace/.local/share/virtualenvs/airflow_sandbox-vp-HKq_L/lib/python3.10/site-packages/airflow/example_dags/example_params_trigger_ui.py
[2024-02-12T20:03:49.528+0000] {logging_mixin.py:188} INFO - [2024-02-12T20:03:49.528+0000] {dag.py:3033} INFO - Sync 1 DAGs
[2024-02-12T20:03:49.537+0000] {logging_mixin.py:188} INFO - [2024-02-12T20:03:49.537+0000] {dag.py:3820} INFO - Setting next_dagrun for example_params_trigger_ui to None, run_after=None
[2024-02-12T20:03:49.576+0000] {processor.py:183} INFO - Processing /home/codespace/.local/share/virtualenvs/airflow_sandbox-vp-HKq_L/lib/python3.10/site-packages/airflow/example_dags/example_params_trigger_ui.py took 0.097 seconds
[2024-02-12T20:04:43.408+0000] {processor.py:161} INFO - Started process (PID=28053) to work on /home/codespace/.local/share/virtualenvs/airflow_sandbox-vp-HKq_L/lib/python3.10/site-packages/airflow/example_dags/example_params_trigger_ui.py
[2024-02-12T20:04:43.409+0000] {processor.py:830} INFO - Processing file /home/codespace/.local/share/virtualenvs/airflow_sandbox-vp-HKq_L/lib/python3.10/site-packages/airflow/example_dags/example_params_trigger_ui.py for tasks to queue
[2024-02-12T20:04:43.409+0000] {logging_mixin.py:188} INFO - [2024-02-12T20:04:43.409+0000] {dagbag.py:538} INFO - Filling up the DagBag from /home/codespace/.local/share/virtualenvs/airflow_sandbox-vp-HKq_L/lib/python3.10/site-packages/airflow/example_dags/example_params_trigger_ui.py
[2024-02-12T20:04:43.420+0000] {processor.py:840} INFO - DAG(s) 'example_params_trigger_ui' retrieved from /home/codespace/.local/share/virtualenvs/airflow_sandbox-vp-HKq_L/lib/python3.10/site-packages/airflow/example_dags/example_params_trigger_ui.py
[2024-02-12T20:04:43.455+0000] {logging_mixin.py:188} INFO - [2024-02-12T20:04:43.454+0000] {dag.py:3033} INFO - Sync 1 DAGs
[2024-02-12T20:04:43.464+0000] {logging_mixin.py:188} INFO - [2024-02-12T20:04:43.464+0000] {dag.py:3820} INFO - Setting next_dagrun for example_params_trigger_ui to None, run_after=None
[2024-02-12T20:04:43.502+0000] {processor.py:183} INFO - Processing /home/codespace/.local/share/virtualenvs/airflow_sandbox-vp-HKq_L/lib/python3.10/site-packages/airflow/example_dags/example_params_trigger_ui.py took 0.097 seconds
[2024-02-12T20:05:36.200+0000] {processor.py:161} INFO - Started process (PID=28228) to work on /home/codespace/.local/share/virtualenvs/airflow_sandbox-vp-HKq_L/lib/python3.10/site-packages/airflow/example_dags/example_params_trigger_ui.py
[2024-02-12T20:05:36.201+0000] {processor.py:830} INFO - Processing file /home/codespace/.local/share/virtualenvs/airflow_sandbox-vp-HKq_L/lib/python3.10/site-packages/airflow/example_dags/example_params_trigger_ui.py for tasks to queue
[2024-02-12T20:05:36.201+0000] {logging_mixin.py:188} INFO - [2024-02-12T20:05:36.201+0000] {dagbag.py:538} INFO - Filling up the DagBag from /home/codespace/.local/share/virtualenvs/airflow_sandbox-vp-HKq_L/lib/python3.10/site-packages/airflow/example_dags/example_params_trigger_ui.py
[2024-02-12T20:05:36.212+0000] {processor.py:840} INFO - DAG(s) 'example_params_trigger_ui' retrieved from /home/codespace/.local/share/virtualenvs/airflow_sandbox-vp-HKq_L/lib/python3.10/site-packages/airflow/example_dags/example_params_trigger_ui.py
[2024-02-12T20:05:36.247+0000] {logging_mixin.py:188} INFO - [2024-02-12T20:05:36.246+0000] {dag.py:3033} INFO - Sync 1 DAGs
[2024-02-12T20:05:36.255+0000] {logging_mixin.py:188} INFO - [2024-02-12T20:05:36.255+0000] {dag.py:3820} INFO - Setting next_dagrun for example_params_trigger_ui to None, run_after=None
[2024-02-12T20:05:36.294+0000] {processor.py:183} INFO - Processing /home/codespace/.local/share/virtualenvs/airflow_sandbox-vp-HKq_L/lib/python3.10/site-packages/airflow/example_dags/example_params_trigger_ui.py took 0.096 seconds
[2024-02-12T20:06:29.415+0000] {processor.py:161} INFO - Started process (PID=28401) to work on /home/codespace/.local/share/virtualenvs/airflow_sandbox-vp-HKq_L/lib/python3.10/site-packages/airflow/example_dags/example_params_trigger_ui.py
[2024-02-12T20:06:29.416+0000] {processor.py:830} INFO - Processing file /home/codespace/.local/share/virtualenvs/airflow_sandbox-vp-HKq_L/lib/python3.10/site-packages/airflow/example_dags/example_params_trigger_ui.py for tasks to queue
[2024-02-12T20:06:29.416+0000] {logging_mixin.py:188} INFO - [2024-02-12T20:06:29.416+0000] {dagbag.py:538} INFO - Filling up the DagBag from /home/codespace/.local/share/virtualenvs/airflow_sandbox-vp-HKq_L/lib/python3.10/site-packages/airflow/example_dags/example_params_trigger_ui.py
[2024-02-12T20:06:29.427+0000] {processor.py:840} INFO - DAG(s) 'example_params_trigger_ui' retrieved from /home/codespace/.local/share/virtualenvs/airflow_sandbox-vp-HKq_L/lib/python3.10/site-packages/airflow/example_dags/example_params_trigger_ui.py
[2024-02-12T20:06:29.462+0000] {logging_mixin.py:188} INFO - [2024-02-12T20:06:29.462+0000] {dag.py:3033} INFO - Sync 1 DAGs
[2024-02-12T20:06:29.471+0000] {logging_mixin.py:188} INFO - [2024-02-12T20:06:29.471+0000] {dag.py:3820} INFO - Setting next_dagrun for example_params_trigger_ui to None, run_after=None
[2024-02-12T20:06:29.521+0000] {processor.py:183} INFO - Processing /home/codespace/.local/share/virtualenvs/airflow_sandbox-vp-HKq_L/lib/python3.10/site-packages/airflow/example_dags/example_params_trigger_ui.py took 0.109 seconds
[2024-02-12T20:07:25.153+0000] {processor.py:161} INFO - Started process (PID=28883) to work on /home/codespace/.local/share/virtualenvs/airflow_sandbox-vp-HKq_L/lib/python3.10/site-packages/airflow/example_dags/example_params_trigger_ui.py
[2024-02-12T20:07:25.153+0000] {processor.py:830} INFO - Processing file /home/codespace/.local/share/virtualenvs/airflow_sandbox-vp-HKq_L/lib/python3.10/site-packages/airflow/example_dags/example_params_trigger_ui.py for tasks to queue
[2024-02-12T20:07:25.154+0000] {logging_mixin.py:188} INFO - [2024-02-12T20:07:25.154+0000] {dagbag.py:538} INFO - Filling up the DagBag from /home/codespace/.local/share/virtualenvs/airflow_sandbox-vp-HKq_L/lib/python3.10/site-packages/airflow/example_dags/example_params_trigger_ui.py
[2024-02-12T20:07:25.165+0000] {processor.py:840} INFO - DAG(s) 'example_params_trigger_ui' retrieved from /home/codespace/.local/share/virtualenvs/airflow_sandbox-vp-HKq_L/lib/python3.10/site-packages/airflow/example_dags/example_params_trigger_ui.py
[2024-02-12T20:07:25.200+0000] {logging_mixin.py:188} INFO - [2024-02-12T20:07:25.200+0000] {dag.py:3033} INFO - Sync 1 DAGs
[2024-02-12T20:07:25.209+0000] {logging_mixin.py:188} INFO - [2024-02-12T20:07:25.209+0000] {dag.py:3820} INFO - Setting next_dagrun for example_params_trigger_ui to None, run_after=None
[2024-02-12T20:07:25.259+0000] {processor.py:183} INFO - Processing /home/codespace/.local/share/virtualenvs/airflow_sandbox-vp-HKq_L/lib/python3.10/site-packages/airflow/example_dags/example_params_trigger_ui.py took 0.109 seconds
