[2024-02-12T19:44:07.154+0000] {processor.py:161} INFO - Started process (PID=16038) to work on /home/codespace/.local/share/virtualenvs/airflow_sandbox-vp-HKq_L/lib/python3.10/site-packages/airflow/example_dags/example_short_circuit_decorator.py
[2024-02-12T19:44:07.155+0000] {processor.py:830} INFO - Processing file /home/codespace/.local/share/virtualenvs/airflow_sandbox-vp-HKq_L/lib/python3.10/site-packages/airflow/example_dags/example_short_circuit_decorator.py for tasks to queue
[2024-02-12T19:44:07.156+0000] {logging_mixin.py:188} INFO - [2024-02-12T19:44:07.155+0000] {dagbag.py:538} INFO - Filling up the DagBag from /home/codespace/.local/share/virtualenvs/airflow_sandbox-vp-HKq_L/lib/python3.10/site-packages/airflow/example_dags/example_short_circuit_decorator.py
[2024-02-12T19:44:07.163+0000] {processor.py:840} INFO - DAG(s) 'example_short_circuit_decorator' retrieved from /home/codespace/.local/share/virtualenvs/airflow_sandbox-vp-HKq_L/lib/python3.10/site-packages/airflow/example_dags/example_short_circuit_decorator.py
[2024-02-12T19:44:07.302+0000] {logging_mixin.py:188} INFO - [2024-02-12T19:44:07.302+0000] {override.py:1769} INFO - Created Permission View: can delete on DAG:example_short_circuit_decorator
[2024-02-12T19:44:07.334+0000] {logging_mixin.py:188} INFO - [2024-02-12T19:44:07.334+0000] {override.py:1769} INFO - Created Permission View: can read on DAG:example_short_circuit_decorator
[2024-02-12T19:44:07.364+0000] {logging_mixin.py:188} INFO - [2024-02-12T19:44:07.364+0000] {override.py:1769} INFO - Created Permission View: can edit on DAG:example_short_circuit_decorator
[2024-02-12T19:44:07.365+0000] {logging_mixin.py:188} INFO - [2024-02-12T19:44:07.364+0000] {dag.py:3033} INFO - Sync 1 DAGs
[2024-02-12T19:44:07.373+0000] {logging_mixin.py:188} INFO - [2024-02-12T19:44:07.373+0000] {dag.py:3055} INFO - Creating ORM DAG for example_short_circuit_decorator
[2024-02-12T19:44:07.381+0000] {logging_mixin.py:188} INFO - [2024-02-12T19:44:07.381+0000] {dag.py:3820} INFO - Setting next_dagrun for example_short_circuit_decorator to 2024-02-11T00:00:00+00:00, run_after=2024-02-12T00:00:00+00:00
[2024-02-12T19:44:07.426+0000] {processor.py:183} INFO - Processing /home/codespace/.local/share/virtualenvs/airflow_sandbox-vp-HKq_L/lib/python3.10/site-packages/airflow/example_dags/example_short_circuit_decorator.py took 0.274 seconds
[2024-02-12T20:00:14.680+0000] {processor.py:161} INFO - Started process (PID=25506) to work on /home/codespace/.local/share/virtualenvs/airflow_sandbox-vp-HKq_L/lib/python3.10/site-packages/airflow/example_dags/example_short_circuit_decorator.py
[2024-02-12T20:00:14.681+0000] {processor.py:830} INFO - Processing file /home/codespace/.local/share/virtualenvs/airflow_sandbox-vp-HKq_L/lib/python3.10/site-packages/airflow/example_dags/example_short_circuit_decorator.py for tasks to queue
[2024-02-12T20:00:14.681+0000] {logging_mixin.py:188} INFO - [2024-02-12T20:00:14.681+0000] {dagbag.py:538} INFO - Filling up the DagBag from /home/codespace/.local/share/virtualenvs/airflow_sandbox-vp-HKq_L/lib/python3.10/site-packages/airflow/example_dags/example_short_circuit_decorator.py
[2024-02-12T20:00:14.689+0000] {processor.py:840} INFO - DAG(s) 'example_short_circuit_decorator' retrieved from /home/codespace/.local/share/virtualenvs/airflow_sandbox-vp-HKq_L/lib/python3.10/site-packages/airflow/example_dags/example_short_circuit_decorator.py
[2024-02-12T20:00:14.702+0000] {logging_mixin.py:188} INFO - [2024-02-12T20:00:14.702+0000] {dag.py:3033} INFO - Sync 1 DAGs
[2024-02-12T20:00:14.716+0000] {logging_mixin.py:188} INFO - [2024-02-12T20:00:14.716+0000] {dag.py:3820} INFO - Setting next_dagrun for example_short_circuit_decorator to 2024-02-11T00:00:00+00:00, run_after=2024-02-12T00:00:00+00:00
[2024-02-12T20:00:14.757+0000] {processor.py:183} INFO - Processing /home/codespace/.local/share/virtualenvs/airflow_sandbox-vp-HKq_L/lib/python3.10/site-packages/airflow/example_dags/example_short_circuit_decorator.py took 0.079 seconds
[2024-02-12T20:01:04.575+0000] {processor.py:161} INFO - Started process (PID=25872) to work on /home/codespace/.local/share/virtualenvs/airflow_sandbox-vp-HKq_L/lib/python3.10/site-packages/airflow/example_dags/example_short_circuit_decorator.py
[2024-02-12T20:01:04.576+0000] {processor.py:830} INFO - Processing file /home/codespace/.local/share/virtualenvs/airflow_sandbox-vp-HKq_L/lib/python3.10/site-packages/airflow/example_dags/example_short_circuit_decorator.py for tasks to queue
[2024-02-12T20:01:04.576+0000] {logging_mixin.py:188} INFO - [2024-02-12T20:01:04.576+0000] {dagbag.py:538} INFO - Filling up the DagBag from /home/codespace/.local/share/virtualenvs/airflow_sandbox-vp-HKq_L/lib/python3.10/site-packages/airflow/example_dags/example_short_circuit_decorator.py
[2024-02-12T20:01:04.584+0000] {processor.py:840} INFO - DAG(s) 'example_short_circuit_decorator' retrieved from /home/codespace/.local/share/virtualenvs/airflow_sandbox-vp-HKq_L/lib/python3.10/site-packages/airflow/example_dags/example_short_circuit_decorator.py
[2024-02-12T20:01:04.597+0000] {logging_mixin.py:188} INFO - [2024-02-12T20:01:04.597+0000] {dag.py:3033} INFO - Sync 1 DAGs
[2024-02-12T20:01:04.611+0000] {logging_mixin.py:188} INFO - [2024-02-12T20:01:04.611+0000] {dag.py:3820} INFO - Setting next_dagrun for example_short_circuit_decorator to 2024-02-11T00:00:00+00:00, run_after=2024-02-12T00:00:00+00:00
[2024-02-12T20:01:04.649+0000] {processor.py:183} INFO - Processing /home/codespace/.local/share/virtualenvs/airflow_sandbox-vp-HKq_L/lib/python3.10/site-packages/airflow/example_dags/example_short_circuit_decorator.py took 0.076 seconds
[2024-02-12T20:01:49.870+0000] {processor.py:161} INFO - Started process (PID=26300) to work on /home/codespace/.local/share/virtualenvs/airflow_sandbox-vp-HKq_L/lib/python3.10/site-packages/airflow/example_dags/example_short_circuit_decorator.py
[2024-02-12T20:01:49.872+0000] {processor.py:830} INFO - Processing file /home/codespace/.local/share/virtualenvs/airflow_sandbox-vp-HKq_L/lib/python3.10/site-packages/airflow/example_dags/example_short_circuit_decorator.py for tasks to queue
[2024-02-12T20:01:49.875+0000] {logging_mixin.py:188} INFO - [2024-02-12T20:01:49.872+0000] {dagbag.py:538} INFO - Filling up the DagBag from /home/codespace/.local/share/virtualenvs/airflow_sandbox-vp-HKq_L/lib/python3.10/site-packages/airflow/example_dags/example_short_circuit_decorator.py
[2024-02-12T20:01:49.887+0000] {processor.py:840} INFO - DAG(s) 'example_short_circuit_decorator' retrieved from /home/codespace/.local/share/virtualenvs/airflow_sandbox-vp-HKq_L/lib/python3.10/site-packages/airflow/example_dags/example_short_circuit_decorator.py
[2024-02-12T20:01:49.935+0000] {logging_mixin.py:188} INFO - [2024-02-12T20:01:49.935+0000] {dag.py:3033} INFO - Sync 1 DAGs
[2024-02-12T20:01:49.959+0000] {logging_mixin.py:188} INFO - [2024-02-12T20:01:49.959+0000] {dag.py:3820} INFO - Setting next_dagrun for example_short_circuit_decorator to 2024-02-11T00:00:00+00:00, run_after=2024-02-12T00:00:00+00:00
[2024-02-12T20:01:50.010+0000] {processor.py:183} INFO - Processing /home/codespace/.local/share/virtualenvs/airflow_sandbox-vp-HKq_L/lib/python3.10/site-packages/airflow/example_dags/example_short_circuit_decorator.py took 0.143 seconds
