[2024-02-12T19:43:54.659+0000] {processor.py:161} INFO - Started process (PID=15936) to work on /home/codespace/.local/share/virtualenvs/airflow_sandbox-vp-HKq_L/lib/python3.10/site-packages/airflow/example_dags/example_trigger_target_dag.py
[2024-02-12T19:43:54.659+0000] {processor.py:830} INFO - Processing file /home/codespace/.local/share/virtualenvs/airflow_sandbox-vp-HKq_L/lib/python3.10/site-packages/airflow/example_dags/example_trigger_target_dag.py for tasks to queue
[2024-02-12T19:43:54.660+0000] {logging_mixin.py:188} INFO - [2024-02-12T19:43:54.660+0000] {dagbag.py:538} INFO - Filling up the DagBag from /home/codespace/.local/share/virtualenvs/airflow_sandbox-vp-HKq_L/lib/python3.10/site-packages/airflow/example_dags/example_trigger_target_dag.py
[2024-02-12T19:43:54.664+0000] {processor.py:840} INFO - DAG(s) 'example_trigger_target_dag' retrieved from /home/codespace/.local/share/virtualenvs/airflow_sandbox-vp-HKq_L/lib/python3.10/site-packages/airflow/example_dags/example_trigger_target_dag.py
[2024-02-12T19:43:54.877+0000] {logging_mixin.py:188} INFO - [2024-02-12T19:43:54.877+0000] {override.py:1769} INFO - Created Permission View: can delete on DAG:example_trigger_target_dag
[2024-02-12T19:43:54.916+0000] {logging_mixin.py:188} INFO - [2024-02-12T19:43:54.916+0000] {override.py:1769} INFO - Created Permission View: can read on DAG:example_trigger_target_dag
[2024-02-12T19:43:54.944+0000] {logging_mixin.py:188} INFO - [2024-02-12T19:43:54.943+0000] {override.py:1769} INFO - Created Permission View: can edit on DAG:example_trigger_target_dag
[2024-02-12T19:43:54.944+0000] {logging_mixin.py:188} INFO - [2024-02-12T19:43:54.944+0000] {dag.py:3033} INFO - Sync 1 DAGs
[2024-02-12T19:43:54.951+0000] {logging_mixin.py:188} INFO - [2024-02-12T19:43:54.951+0000] {dag.py:3055} INFO - Creating ORM DAG for example_trigger_target_dag
[2024-02-12T19:43:54.952+0000] {logging_mixin.py:188} INFO - [2024-02-12T19:43:54.952+0000] {dag.py:3820} INFO - Setting next_dagrun for example_trigger_target_dag to None, run_after=None
[2024-02-12T19:43:54.994+0000] {processor.py:183} INFO - Processing /home/codespace/.local/share/virtualenvs/airflow_sandbox-vp-HKq_L/lib/python3.10/site-packages/airflow/example_dags/example_trigger_target_dag.py took 0.338 seconds
[2024-02-12T20:00:03.244+0000] {processor.py:161} INFO - Started process (PID=25342) to work on /home/codespace/.local/share/virtualenvs/airflow_sandbox-vp-HKq_L/lib/python3.10/site-packages/airflow/example_dags/example_trigger_target_dag.py
[2024-02-12T20:00:03.245+0000] {processor.py:830} INFO - Processing file /home/codespace/.local/share/virtualenvs/airflow_sandbox-vp-HKq_L/lib/python3.10/site-packages/airflow/example_dags/example_trigger_target_dag.py for tasks to queue
[2024-02-12T20:00:03.246+0000] {logging_mixin.py:188} INFO - [2024-02-12T20:00:03.245+0000] {dagbag.py:538} INFO - Filling up the DagBag from /home/codespace/.local/share/virtualenvs/airflow_sandbox-vp-HKq_L/lib/python3.10/site-packages/airflow/example_dags/example_trigger_target_dag.py
[2024-02-12T20:00:03.251+0000] {processor.py:840} INFO - DAG(s) 'example_trigger_target_dag' retrieved from /home/codespace/.local/share/virtualenvs/airflow_sandbox-vp-HKq_L/lib/python3.10/site-packages/airflow/example_dags/example_trigger_target_dag.py
[2024-02-12T20:00:03.274+0000] {logging_mixin.py:188} INFO - [2024-02-12T20:00:03.274+0000] {dag.py:3033} INFO - Sync 1 DAGs
[2024-02-12T20:00:03.362+0000] {logging_mixin.py:188} INFO - [2024-02-12T20:00:03.362+0000] {dag.py:3820} INFO - Setting next_dagrun for example_trigger_target_dag to None, run_after=None
[2024-02-12T20:00:03.408+0000] {processor.py:183} INFO - Processing /home/codespace/.local/share/virtualenvs/airflow_sandbox-vp-HKq_L/lib/python3.10/site-packages/airflow/example_dags/example_trigger_target_dag.py took 0.167 seconds
[2024-02-12T20:00:54.140+0000] {processor.py:161} INFO - Started process (PID=25800) to work on /home/codespace/.local/share/virtualenvs/airflow_sandbox-vp-HKq_L/lib/python3.10/site-packages/airflow/example_dags/example_trigger_target_dag.py
[2024-02-12T20:00:54.141+0000] {processor.py:830} INFO - Processing file /home/codespace/.local/share/virtualenvs/airflow_sandbox-vp-HKq_L/lib/python3.10/site-packages/airflow/example_dags/example_trigger_target_dag.py for tasks to queue
[2024-02-12T20:00:54.142+0000] {logging_mixin.py:188} INFO - [2024-02-12T20:00:54.141+0000] {dagbag.py:538} INFO - Filling up the DagBag from /home/codespace/.local/share/virtualenvs/airflow_sandbox-vp-HKq_L/lib/python3.10/site-packages/airflow/example_dags/example_trigger_target_dag.py
[2024-02-12T20:00:54.147+0000] {processor.py:840} INFO - DAG(s) 'example_trigger_target_dag' retrieved from /home/codespace/.local/share/virtualenvs/airflow_sandbox-vp-HKq_L/lib/python3.10/site-packages/airflow/example_dags/example_trigger_target_dag.py
[2024-02-12T20:00:54.158+0000] {logging_mixin.py:188} INFO - [2024-02-12T20:00:54.158+0000] {dag.py:3033} INFO - Sync 1 DAGs
[2024-02-12T20:00:54.166+0000] {logging_mixin.py:188} INFO - [2024-02-12T20:00:54.166+0000] {dag.py:3820} INFO - Setting next_dagrun for example_trigger_target_dag to None, run_after=None
[2024-02-12T20:00:54.206+0000] {processor.py:183} INFO - Processing /home/codespace/.local/share/virtualenvs/airflow_sandbox-vp-HKq_L/lib/python3.10/site-packages/airflow/example_dags/example_trigger_target_dag.py took 0.069 seconds
[2024-02-12T20:01:41.036+0000] {processor.py:161} INFO - Started process (PID=26215) to work on /home/codespace/.local/share/virtualenvs/airflow_sandbox-vp-HKq_L/lib/python3.10/site-packages/airflow/example_dags/example_trigger_target_dag.py
[2024-02-12T20:01:41.036+0000] {processor.py:830} INFO - Processing file /home/codespace/.local/share/virtualenvs/airflow_sandbox-vp-HKq_L/lib/python3.10/site-packages/airflow/example_dags/example_trigger_target_dag.py for tasks to queue
[2024-02-12T20:01:41.037+0000] {logging_mixin.py:188} INFO - [2024-02-12T20:01:41.037+0000] {dagbag.py:538} INFO - Filling up the DagBag from /home/codespace/.local/share/virtualenvs/airflow_sandbox-vp-HKq_L/lib/python3.10/site-packages/airflow/example_dags/example_trigger_target_dag.py
[2024-02-12T20:01:41.042+0000] {processor.py:840} INFO - DAG(s) 'example_trigger_target_dag' retrieved from /home/codespace/.local/share/virtualenvs/airflow_sandbox-vp-HKq_L/lib/python3.10/site-packages/airflow/example_dags/example_trigger_target_dag.py
[2024-02-12T20:01:41.053+0000] {logging_mixin.py:188} INFO - [2024-02-12T20:01:41.053+0000] {dag.py:3033} INFO - Sync 1 DAGs
[2024-02-12T20:01:41.062+0000] {logging_mixin.py:188} INFO - [2024-02-12T20:01:41.062+0000] {dag.py:3820} INFO - Setting next_dagrun for example_trigger_target_dag to None, run_after=None
[2024-02-12T20:01:41.101+0000] {processor.py:183} INFO - Processing /home/codespace/.local/share/virtualenvs/airflow_sandbox-vp-HKq_L/lib/python3.10/site-packages/airflow/example_dags/example_trigger_target_dag.py took 0.068 seconds
[2024-02-12T20:02:26.528+0000] {processor.py:161} INFO - Started process (PID=26669) to work on /home/codespace/.local/share/virtualenvs/airflow_sandbox-vp-HKq_L/lib/python3.10/site-packages/airflow/example_dags/example_trigger_target_dag.py
[2024-02-12T20:02:26.528+0000] {processor.py:830} INFO - Processing file /home/codespace/.local/share/virtualenvs/airflow_sandbox-vp-HKq_L/lib/python3.10/site-packages/airflow/example_dags/example_trigger_target_dag.py for tasks to queue
[2024-02-12T20:02:26.529+0000] {logging_mixin.py:188} INFO - [2024-02-12T20:02:26.529+0000] {dagbag.py:538} INFO - Filling up the DagBag from /home/codespace/.local/share/virtualenvs/airflow_sandbox-vp-HKq_L/lib/python3.10/site-packages/airflow/example_dags/example_trigger_target_dag.py
[2024-02-12T20:02:26.534+0000] {processor.py:840} INFO - DAG(s) 'example_trigger_target_dag' retrieved from /home/codespace/.local/share/virtualenvs/airflow_sandbox-vp-HKq_L/lib/python3.10/site-packages/airflow/example_dags/example_trigger_target_dag.py
[2024-02-12T20:02:26.545+0000] {logging_mixin.py:188} INFO - [2024-02-12T20:02:26.545+0000] {dag.py:3033} INFO - Sync 1 DAGs
[2024-02-12T20:02:26.554+0000] {logging_mixin.py:188} INFO - [2024-02-12T20:02:26.553+0000] {dag.py:3820} INFO - Setting next_dagrun for example_trigger_target_dag to None, run_after=None
[2024-02-12T20:02:26.592+0000] {processor.py:183} INFO - Processing /home/codespace/.local/share/virtualenvs/airflow_sandbox-vp-HKq_L/lib/python3.10/site-packages/airflow/example_dags/example_trigger_target_dag.py took 0.067 seconds
