[2024-02-12T20:00:30.670+0000] {processor.py:161} INFO - Started process (PID=25629) to work on /home/codespace/.local/share/virtualenvs/airflow_sandbox-vp-HKq_L/lib/python3.10/site-packages/airflow/example_dags/example_dag_decorator.py
[2024-02-12T20:00:30.670+0000] {processor.py:830} INFO - Processing file /home/codespace/.local/share/virtualenvs/airflow_sandbox-vp-HKq_L/lib/python3.10/site-packages/airflow/example_dags/example_dag_decorator.py for tasks to queue
[2024-02-12T20:00:30.671+0000] {logging_mixin.py:188} INFO - [2024-02-12T20:00:30.671+0000] {dagbag.py:538} INFO - Filling up the DagBag from /home/codespace/.local/share/virtualenvs/airflow_sandbox-vp-HKq_L/lib/python3.10/site-packages/airflow/example_dags/example_dag_decorator.py
[2024-02-12T20:00:30.754+0000] {processor.py:840} INFO - DAG(s) 'example_dag_decorator' retrieved from /home/codespace/.local/share/virtualenvs/airflow_sandbox-vp-HKq_L/lib/python3.10/site-packages/airflow/example_dags/example_dag_decorator.py
[2024-02-12T20:00:30.921+0000] {logging_mixin.py:188} INFO - [2024-02-12T20:00:30.920+0000] {override.py:1769} INFO - Created Permission View: can read on DAG:example_dag_decorator
[2024-02-12T20:00:30.953+0000] {logging_mixin.py:188} INFO - [2024-02-12T20:00:30.952+0000] {override.py:1769} INFO - Created Permission View: can edit on DAG:example_dag_decorator
[2024-02-12T20:00:30.991+0000] {logging_mixin.py:188} INFO - [2024-02-12T20:00:30.991+0000] {override.py:1769} INFO - Created Permission View: can delete on DAG:example_dag_decorator
[2024-02-12T20:00:30.991+0000] {logging_mixin.py:188} INFO - [2024-02-12T20:00:30.991+0000] {dag.py:3033} INFO - Sync 1 DAGs
[2024-02-12T20:00:31.000+0000] {logging_mixin.py:188} INFO - [2024-02-12T20:00:30.999+0000] {dag.py:3055} INFO - Creating ORM DAG for example_dag_decorator
[2024-02-12T20:00:31.000+0000] {logging_mixin.py:188} INFO - [2024-02-12T20:00:31.000+0000] {dag.py:3820} INFO - Setting next_dagrun for example_dag_decorator to None, run_after=None
[2024-02-12T20:00:31.046+0000] {processor.py:183} INFO - Processing /home/codespace/.local/share/virtualenvs/airflow_sandbox-vp-HKq_L/lib/python3.10/site-packages/airflow/example_dags/example_dag_decorator.py took 0.378 seconds
[2024-02-12T20:01:29.353+0000] {processor.py:161} INFO - Started process (PID=26136) to work on /home/codespace/.local/share/virtualenvs/airflow_sandbox-vp-HKq_L/lib/python3.10/site-packages/airflow/example_dags/example_dag_decorator.py
[2024-02-12T20:01:29.354+0000] {processor.py:830} INFO - Processing file /home/codespace/.local/share/virtualenvs/airflow_sandbox-vp-HKq_L/lib/python3.10/site-packages/airflow/example_dags/example_dag_decorator.py for tasks to queue
[2024-02-12T20:01:29.355+0000] {logging_mixin.py:188} INFO - [2024-02-12T20:01:29.354+0000] {dagbag.py:538} INFO - Filling up the DagBag from /home/codespace/.local/share/virtualenvs/airflow_sandbox-vp-HKq_L/lib/python3.10/site-packages/airflow/example_dags/example_dag_decorator.py
[2024-02-12T20:01:29.439+0000] {processor.py:840} INFO - DAG(s) 'example_dag_decorator' retrieved from /home/codespace/.local/share/virtualenvs/airflow_sandbox-vp-HKq_L/lib/python3.10/site-packages/airflow/example_dags/example_dag_decorator.py
[2024-02-12T20:01:29.531+0000] {logging_mixin.py:188} INFO - [2024-02-12T20:01:29.531+0000] {dag.py:3033} INFO - Sync 1 DAGs
[2024-02-12T20:01:29.538+0000] {logging_mixin.py:188} INFO - [2024-02-12T20:01:29.538+0000] {dag.py:3820} INFO - Setting next_dagrun for example_dag_decorator to None, run_after=None
[2024-02-12T20:01:29.578+0000] {processor.py:183} INFO - Processing /home/codespace/.local/share/virtualenvs/airflow_sandbox-vp-HKq_L/lib/python3.10/site-packages/airflow/example_dags/example_dag_decorator.py took 0.228 seconds
[2024-02-12T20:02:15.640+0000] {processor.py:161} INFO - Started process (PID=26594) to work on /home/codespace/.local/share/virtualenvs/airflow_sandbox-vp-HKq_L/lib/python3.10/site-packages/airflow/example_dags/example_dag_decorator.py
[2024-02-12T20:02:15.641+0000] {processor.py:830} INFO - Processing file /home/codespace/.local/share/virtualenvs/airflow_sandbox-vp-HKq_L/lib/python3.10/site-packages/airflow/example_dags/example_dag_decorator.py for tasks to queue
[2024-02-12T20:02:15.642+0000] {logging_mixin.py:188} INFO - [2024-02-12T20:02:15.641+0000] {dagbag.py:538} INFO - Filling up the DagBag from /home/codespace/.local/share/virtualenvs/airflow_sandbox-vp-HKq_L/lib/python3.10/site-packages/airflow/example_dags/example_dag_decorator.py
[2024-02-12T20:02:15.713+0000] {processor.py:840} INFO - DAG(s) 'example_dag_decorator' retrieved from /home/codespace/.local/share/virtualenvs/airflow_sandbox-vp-HKq_L/lib/python3.10/site-packages/airflow/example_dags/example_dag_decorator.py
[2024-02-12T20:02:15.793+0000] {logging_mixin.py:188} INFO - [2024-02-12T20:02:15.793+0000] {dag.py:3033} INFO - Sync 1 DAGs
[2024-02-12T20:02:15.801+0000] {logging_mixin.py:188} INFO - [2024-02-12T20:02:15.800+0000] {dag.py:3820} INFO - Setting next_dagrun for example_dag_decorator to None, run_after=None
[2024-02-12T20:02:15.839+0000] {processor.py:183} INFO - Processing /home/codespace/.local/share/virtualenvs/airflow_sandbox-vp-HKq_L/lib/python3.10/site-packages/airflow/example_dags/example_dag_decorator.py took 0.201 seconds
