[2024-02-12T19:44:12.524+0000] {processor.py:161} INFO - Started process (PID=16101) to work on /home/codespace/.local/share/virtualenvs/airflow_sandbox-vp-HKq_L/lib/python3.10/site-packages/airflow/example_dags/example_datasets.py
[2024-02-12T19:44:12.525+0000] {processor.py:830} INFO - Processing file /home/codespace/.local/share/virtualenvs/airflow_sandbox-vp-HKq_L/lib/python3.10/site-packages/airflow/example_dags/example_datasets.py for tasks to queue
[2024-02-12T19:44:12.525+0000] {logging_mixin.py:188} INFO - [2024-02-12T19:44:12.525+0000] {dagbag.py:538} INFO - Filling up the DagBag from /home/codespace/.local/share/virtualenvs/airflow_sandbox-vp-HKq_L/lib/python3.10/site-packages/airflow/example_dags/example_datasets.py
[2024-02-12T19:44:12.533+0000] {processor.py:840} INFO - DAG(s) 'dataset_produces_2', 'dataset_consumes_1', 'dataset_consumes_unknown_never_scheduled', 'dataset_consumes_1_never_scheduled', 'dataset_produces_1', 'dataset_consumes_1_and_2' retrieved from /home/codespace/.local/share/virtualenvs/airflow_sandbox-vp-HKq_L/lib/python3.10/site-packages/airflow/example_dags/example_datasets.py
[2024-02-12T19:44:12.666+0000] {logging_mixin.py:188} INFO - [2024-02-12T19:44:12.666+0000] {override.py:1769} INFO - Created Permission View: can delete on DAG:dataset_produces_2
[2024-02-12T19:44:12.696+0000] {logging_mixin.py:188} INFO - [2024-02-12T19:44:12.696+0000] {override.py:1769} INFO - Created Permission View: can read on DAG:dataset_produces_2
[2024-02-12T19:44:12.724+0000] {logging_mixin.py:188} INFO - [2024-02-12T19:44:12.724+0000] {override.py:1769} INFO - Created Permission View: can edit on DAG:dataset_produces_2
[2024-02-12T19:44:12.784+0000] {logging_mixin.py:188} INFO - [2024-02-12T19:44:12.784+0000] {override.py:1769} INFO - Created Permission View: can delete on DAG:dataset_consumes_1
[2024-02-12T19:44:12.812+0000] {logging_mixin.py:188} INFO - [2024-02-12T19:44:12.812+0000] {override.py:1769} INFO - Created Permission View: can read on DAG:dataset_consumes_1
[2024-02-12T19:44:12.839+0000] {logging_mixin.py:188} INFO - [2024-02-12T19:44:12.839+0000] {override.py:1769} INFO - Created Permission View: can edit on DAG:dataset_consumes_1
[2024-02-12T19:44:12.925+0000] {logging_mixin.py:188} INFO - [2024-02-12T19:44:12.925+0000] {override.py:1769} INFO - Created Permission View: can delete on DAG:dataset_consumes_unknown_never_scheduled
[2024-02-12T19:44:12.952+0000] {logging_mixin.py:188} INFO - [2024-02-12T19:44:12.952+0000] {override.py:1769} INFO - Created Permission View: can read on DAG:dataset_consumes_unknown_never_scheduled
[2024-02-12T19:44:12.980+0000] {logging_mixin.py:188} INFO - [2024-02-12T19:44:12.980+0000] {override.py:1769} INFO - Created Permission View: can edit on DAG:dataset_consumes_unknown_never_scheduled
[2024-02-12T19:44:13.046+0000] {logging_mixin.py:188} INFO - [2024-02-12T19:44:13.045+0000] {override.py:1769} INFO - Created Permission View: can delete on DAG:dataset_consumes_1_never_scheduled
[2024-02-12T19:44:13.076+0000] {logging_mixin.py:188} INFO - [2024-02-12T19:44:13.076+0000] {override.py:1769} INFO - Created Permission View: can read on DAG:dataset_consumes_1_never_scheduled
[2024-02-12T19:44:13.107+0000] {logging_mixin.py:188} INFO - [2024-02-12T19:44:13.107+0000] {override.py:1769} INFO - Created Permission View: can edit on DAG:dataset_consumes_1_never_scheduled
[2024-02-12T19:44:13.171+0000] {logging_mixin.py:188} INFO - [2024-02-12T19:44:13.171+0000] {override.py:1769} INFO - Created Permission View: can delete on DAG:dataset_produces_1
[2024-02-12T19:44:13.199+0000] {logging_mixin.py:188} INFO - [2024-02-12T19:44:13.198+0000] {override.py:1769} INFO - Created Permission View: can read on DAG:dataset_produces_1
[2024-02-12T19:44:13.226+0000] {logging_mixin.py:188} INFO - [2024-02-12T19:44:13.225+0000] {override.py:1769} INFO - Created Permission View: can edit on DAG:dataset_produces_1
[2024-02-12T19:44:13.290+0000] {logging_mixin.py:188} INFO - [2024-02-12T19:44:13.289+0000] {override.py:1769} INFO - Created Permission View: can delete on DAG:dataset_consumes_1_and_2
[2024-02-12T19:44:13.326+0000] {logging_mixin.py:188} INFO - [2024-02-12T19:44:13.326+0000] {override.py:1769} INFO - Created Permission View: can read on DAG:dataset_consumes_1_and_2
[2024-02-12T19:44:13.354+0000] {logging_mixin.py:188} INFO - [2024-02-12T19:44:13.354+0000] {override.py:1769} INFO - Created Permission View: can edit on DAG:dataset_consumes_1_and_2
[2024-02-12T19:44:13.354+0000] {logging_mixin.py:188} INFO - [2024-02-12T19:44:13.354+0000] {dag.py:3033} INFO - Sync 6 DAGs
[2024-02-12T19:44:13.363+0000] {logging_mixin.py:188} INFO - [2024-02-12T19:44:13.363+0000] {dag.py:3055} INFO - Creating ORM DAG for dataset_consumes_1
[2024-02-12T19:44:13.364+0000] {logging_mixin.py:188} INFO - [2024-02-12T19:44:13.364+0000] {dag.py:3055} INFO - Creating ORM DAG for dataset_consumes_unknown_never_scheduled
[2024-02-12T19:44:13.364+0000] {logging_mixin.py:188} INFO - [2024-02-12T19:44:13.364+0000] {dag.py:3055} INFO - Creating ORM DAG for dataset_produces_2
[2024-02-12T19:44:13.365+0000] {logging_mixin.py:188} INFO - [2024-02-12T19:44:13.365+0000] {dag.py:3055} INFO - Creating ORM DAG for dataset_produces_1
[2024-02-12T19:44:13.365+0000] {logging_mixin.py:188} INFO - [2024-02-12T19:44:13.365+0000] {dag.py:3055} INFO - Creating ORM DAG for dataset_consumes_1_and_2
[2024-02-12T19:44:13.365+0000] {logging_mixin.py:188} INFO - [2024-02-12T19:44:13.365+0000] {dag.py:3055} INFO - Creating ORM DAG for dataset_consumes_1_never_scheduled
[2024-02-12T19:44:13.372+0000] {logging_mixin.py:188} INFO - [2024-02-12T19:44:13.372+0000] {dag.py:3820} INFO - Setting next_dagrun for dataset_consumes_1 to None, run_after=None
[2024-02-12T19:44:13.372+0000] {logging_mixin.py:188} INFO - [2024-02-12T19:44:13.372+0000] {dag.py:3820} INFO - Setting next_dagrun for dataset_consumes_1_and_2 to None, run_after=None
[2024-02-12T19:44:13.373+0000] {logging_mixin.py:188} INFO - [2024-02-12T19:44:13.373+0000] {dag.py:3820} INFO - Setting next_dagrun for dataset_consumes_1_never_scheduled to None, run_after=None
[2024-02-12T19:44:13.373+0000] {logging_mixin.py:188} INFO - [2024-02-12T19:44:13.373+0000] {dag.py:3820} INFO - Setting next_dagrun for dataset_consumes_unknown_never_scheduled to None, run_after=None
[2024-02-12T19:44:13.375+0000] {logging_mixin.py:188} INFO - [2024-02-12T19:44:13.375+0000] {dag.py:3820} INFO - Setting next_dagrun for dataset_produces_1 to 2024-02-11T00:00:00+00:00, run_after=2024-02-12T00:00:00+00:00
[2024-02-12T19:44:13.375+0000] {logging_mixin.py:188} INFO - [2024-02-12T19:44:13.375+0000] {dag.py:3820} INFO - Setting next_dagrun for dataset_produces_2 to None, run_after=None
[2024-02-12T19:44:13.434+0000] {processor.py:183} INFO - Processing /home/codespace/.local/share/virtualenvs/airflow_sandbox-vp-HKq_L/lib/python3.10/site-packages/airflow/example_dags/example_datasets.py took 0.912 seconds
[2024-02-12T20:00:17.579+0000] {processor.py:161} INFO - Started process (PID=25541) to work on /home/codespace/.local/share/virtualenvs/airflow_sandbox-vp-HKq_L/lib/python3.10/site-packages/airflow/example_dags/example_datasets.py
[2024-02-12T20:00:17.580+0000] {processor.py:830} INFO - Processing file /home/codespace/.local/share/virtualenvs/airflow_sandbox-vp-HKq_L/lib/python3.10/site-packages/airflow/example_dags/example_datasets.py for tasks to queue
[2024-02-12T20:00:17.581+0000] {logging_mixin.py:188} INFO - [2024-02-12T20:00:17.581+0000] {dagbag.py:538} INFO - Filling up the DagBag from /home/codespace/.local/share/virtualenvs/airflow_sandbox-vp-HKq_L/lib/python3.10/site-packages/airflow/example_dags/example_datasets.py
[2024-02-12T20:00:17.589+0000] {processor.py:840} INFO - DAG(s) 'dataset_produces_2', 'dataset_produces_1', 'dataset_consumes_unknown_never_scheduled', 'dataset_consumes_1', 'dataset_consumes_1_never_scheduled', 'dataset_consumes_1_and_2' retrieved from /home/codespace/.local/share/virtualenvs/airflow_sandbox-vp-HKq_L/lib/python3.10/site-packages/airflow/example_dags/example_datasets.py
[2024-02-12T20:00:17.609+0000] {logging_mixin.py:188} INFO - [2024-02-12T20:00:17.608+0000] {dag.py:3033} INFO - Sync 6 DAGs
[2024-02-12T20:00:17.624+0000] {logging_mixin.py:188} INFO - [2024-02-12T20:00:17.624+0000] {dag.py:3820} INFO - Setting next_dagrun for dataset_consumes_1 to None, run_after=None
[2024-02-12T20:00:17.627+0000] {logging_mixin.py:188} INFO - [2024-02-12T20:00:17.627+0000] {dag.py:3820} INFO - Setting next_dagrun for dataset_consumes_1_and_2 to None, run_after=None
[2024-02-12T20:00:17.628+0000] {logging_mixin.py:188} INFO - [2024-02-12T20:00:17.628+0000] {dag.py:3820} INFO - Setting next_dagrun for dataset_consumes_1_never_scheduled to None, run_after=None
[2024-02-12T20:00:17.628+0000] {logging_mixin.py:188} INFO - [2024-02-12T20:00:17.628+0000] {dag.py:3820} INFO - Setting next_dagrun for dataset_consumes_unknown_never_scheduled to None, run_after=None
[2024-02-12T20:00:17.630+0000] {logging_mixin.py:188} INFO - [2024-02-12T20:00:17.630+0000] {dag.py:3820} INFO - Setting next_dagrun for dataset_produces_1 to 2024-02-11T00:00:00+00:00, run_after=2024-02-12T00:00:00+00:00
[2024-02-12T20:00:17.631+0000] {logging_mixin.py:188} INFO - [2024-02-12T20:00:17.631+0000] {dag.py:3820} INFO - Setting next_dagrun for dataset_produces_2 to None, run_after=None
[2024-02-12T20:00:17.680+0000] {processor.py:183} INFO - Processing /home/codespace/.local/share/virtualenvs/airflow_sandbox-vp-HKq_L/lib/python3.10/site-packages/airflow/example_dags/example_datasets.py took 0.103 seconds
[2024-02-12T20:01:08.575+0000] {processor.py:161} INFO - Started process (PID=25894) to work on /home/codespace/.local/share/virtualenvs/airflow_sandbox-vp-HKq_L/lib/python3.10/site-packages/airflow/example_dags/example_datasets.py
[2024-02-12T20:01:08.575+0000] {processor.py:830} INFO - Processing file /home/codespace/.local/share/virtualenvs/airflow_sandbox-vp-HKq_L/lib/python3.10/site-packages/airflow/example_dags/example_datasets.py for tasks to queue
[2024-02-12T20:01:08.576+0000] {logging_mixin.py:188} INFO - [2024-02-12T20:01:08.576+0000] {dagbag.py:538} INFO - Filling up the DagBag from /home/codespace/.local/share/virtualenvs/airflow_sandbox-vp-HKq_L/lib/python3.10/site-packages/airflow/example_dags/example_datasets.py
[2024-02-12T20:01:08.584+0000] {processor.py:840} INFO - DAG(s) 'dataset_consumes_unknown_never_scheduled', 'dataset_consumes_1_never_scheduled', 'dataset_produces_1', 'dataset_produces_2', 'dataset_consumes_1_and_2', 'dataset_consumes_1' retrieved from /home/codespace/.local/share/virtualenvs/airflow_sandbox-vp-HKq_L/lib/python3.10/site-packages/airflow/example_dags/example_datasets.py
[2024-02-12T20:01:08.604+0000] {logging_mixin.py:188} INFO - [2024-02-12T20:01:08.604+0000] {dag.py:3033} INFO - Sync 6 DAGs
[2024-02-12T20:01:08.619+0000] {logging_mixin.py:188} INFO - [2024-02-12T20:01:08.619+0000] {dag.py:3820} INFO - Setting next_dagrun for dataset_consumes_1 to None, run_after=None
[2024-02-12T20:01:08.621+0000] {logging_mixin.py:188} INFO - [2024-02-12T20:01:08.621+0000] {dag.py:3820} INFO - Setting next_dagrun for dataset_consumes_1_and_2 to None, run_after=None
[2024-02-12T20:01:08.622+0000] {logging_mixin.py:188} INFO - [2024-02-12T20:01:08.622+0000] {dag.py:3820} INFO - Setting next_dagrun for dataset_consumes_1_never_scheduled to None, run_after=None
[2024-02-12T20:01:08.622+0000] {logging_mixin.py:188} INFO - [2024-02-12T20:01:08.622+0000] {dag.py:3820} INFO - Setting next_dagrun for dataset_consumes_unknown_never_scheduled to None, run_after=None
[2024-02-12T20:01:08.624+0000] {logging_mixin.py:188} INFO - [2024-02-12T20:01:08.624+0000] {dag.py:3820} INFO - Setting next_dagrun for dataset_produces_1 to 2024-02-11T00:00:00+00:00, run_after=2024-02-12T00:00:00+00:00
[2024-02-12T20:01:08.625+0000] {logging_mixin.py:188} INFO - [2024-02-12T20:01:08.625+0000] {dag.py:3820} INFO - Setting next_dagrun for dataset_produces_2 to None, run_after=None
[2024-02-12T20:01:08.670+0000] {processor.py:183} INFO - Processing /home/codespace/.local/share/virtualenvs/airflow_sandbox-vp-HKq_L/lib/python3.10/site-packages/airflow/example_dags/example_datasets.py took 0.097 seconds
[2024-02-12T20:01:58.729+0000] {processor.py:161} INFO - Started process (PID=26444) to work on /home/codespace/.local/share/virtualenvs/airflow_sandbox-vp-HKq_L/lib/python3.10/site-packages/airflow/example_dags/example_datasets.py
[2024-02-12T20:01:58.730+0000] {processor.py:830} INFO - Processing file /home/codespace/.local/share/virtualenvs/airflow_sandbox-vp-HKq_L/lib/python3.10/site-packages/airflow/example_dags/example_datasets.py for tasks to queue
[2024-02-12T20:01:58.730+0000] {logging_mixin.py:188} INFO - [2024-02-12T20:01:58.730+0000] {dagbag.py:538} INFO - Filling up the DagBag from /home/codespace/.local/share/virtualenvs/airflow_sandbox-vp-HKq_L/lib/python3.10/site-packages/airflow/example_dags/example_datasets.py
[2024-02-12T20:01:58.738+0000] {processor.py:840} INFO - DAG(s) 'dataset_consumes_1', 'dataset_consumes_1_never_scheduled', 'dataset_consumes_unknown_never_scheduled', 'dataset_produces_1', 'dataset_produces_2', 'dataset_consumes_1_and_2' retrieved from /home/codespace/.local/share/virtualenvs/airflow_sandbox-vp-HKq_L/lib/python3.10/site-packages/airflow/example_dags/example_datasets.py
[2024-02-12T20:01:58.761+0000] {logging_mixin.py:188} INFO - [2024-02-12T20:01:58.761+0000] {dag.py:3033} INFO - Sync 6 DAGs
[2024-02-12T20:01:58.777+0000] {logging_mixin.py:188} INFO - [2024-02-12T20:01:58.777+0000] {dag.py:3820} INFO - Setting next_dagrun for dataset_consumes_1 to None, run_after=None
[2024-02-12T20:01:58.779+0000] {logging_mixin.py:188} INFO - [2024-02-12T20:01:58.779+0000] {dag.py:3820} INFO - Setting next_dagrun for dataset_consumes_1_and_2 to None, run_after=None
[2024-02-12T20:01:58.780+0000] {logging_mixin.py:188} INFO - [2024-02-12T20:01:58.780+0000] {dag.py:3820} INFO - Setting next_dagrun for dataset_consumes_1_never_scheduled to None, run_after=None
[2024-02-12T20:01:58.780+0000] {logging_mixin.py:188} INFO - [2024-02-12T20:01:58.780+0000] {dag.py:3820} INFO - Setting next_dagrun for dataset_consumes_unknown_never_scheduled to None, run_after=None
[2024-02-12T20:01:58.782+0000] {logging_mixin.py:188} INFO - [2024-02-12T20:01:58.782+0000] {dag.py:3820} INFO - Setting next_dagrun for dataset_produces_1 to 2024-02-11T00:00:00+00:00, run_after=2024-02-12T00:00:00+00:00
[2024-02-12T20:01:58.783+0000] {logging_mixin.py:188} INFO - [2024-02-12T20:01:58.783+0000] {dag.py:3820} INFO - Setting next_dagrun for dataset_produces_2 to None, run_after=None
[2024-02-12T20:01:58.827+0000] {processor.py:183} INFO - Processing /home/codespace/.local/share/virtualenvs/airflow_sandbox-vp-HKq_L/lib/python3.10/site-packages/airflow/example_dags/example_datasets.py took 0.100 seconds
[2024-02-12T20:02:49.302+0000] {processor.py:161} INFO - Started process (PID=27019) to work on /home/codespace/.local/share/virtualenvs/airflow_sandbox-vp-HKq_L/lib/python3.10/site-packages/airflow/example_dags/example_datasets.py
[2024-02-12T20:02:49.303+0000] {processor.py:830} INFO - Processing file /home/codespace/.local/share/virtualenvs/airflow_sandbox-vp-HKq_L/lib/python3.10/site-packages/airflow/example_dags/example_datasets.py for tasks to queue
[2024-02-12T20:02:49.304+0000] {logging_mixin.py:188} INFO - [2024-02-12T20:02:49.304+0000] {dagbag.py:538} INFO - Filling up the DagBag from /home/codespace/.local/share/virtualenvs/airflow_sandbox-vp-HKq_L/lib/python3.10/site-packages/airflow/example_dags/example_datasets.py
[2024-02-12T20:02:49.311+0000] {processor.py:840} INFO - DAG(s) 'dataset_produces_2', 'dataset_consumes_unknown_never_scheduled', 'dataset_consumes_1_and_2', 'dataset_consumes_1', 'dataset_produces_1', 'dataset_consumes_1_never_scheduled' retrieved from /home/codespace/.local/share/virtualenvs/airflow_sandbox-vp-HKq_L/lib/python3.10/site-packages/airflow/example_dags/example_datasets.py
[2024-02-12T20:02:49.334+0000] {logging_mixin.py:188} INFO - [2024-02-12T20:02:49.334+0000] {dag.py:3033} INFO - Sync 6 DAGs
[2024-02-12T20:02:49.356+0000] {logging_mixin.py:188} INFO - [2024-02-12T20:02:49.356+0000] {dag.py:3820} INFO - Setting next_dagrun for dataset_consumes_1 to None, run_after=None
[2024-02-12T20:02:49.359+0000] {logging_mixin.py:188} INFO - [2024-02-12T20:02:49.359+0000] {dag.py:3820} INFO - Setting next_dagrun for dataset_consumes_1_and_2 to None, run_after=None
[2024-02-12T20:02:49.360+0000] {logging_mixin.py:188} INFO - [2024-02-12T20:02:49.359+0000] {dag.py:3820} INFO - Setting next_dagrun for dataset_consumes_1_never_scheduled to None, run_after=None
[2024-02-12T20:02:49.360+0000] {logging_mixin.py:188} INFO - [2024-02-12T20:02:49.360+0000] {dag.py:3820} INFO - Setting next_dagrun for dataset_consumes_unknown_never_scheduled to None, run_after=None
[2024-02-12T20:02:49.362+0000] {logging_mixin.py:188} INFO - [2024-02-12T20:02:49.362+0000] {dag.py:3820} INFO - Setting next_dagrun for dataset_produces_1 to 2024-02-11T00:00:00+00:00, run_after=2024-02-12T00:00:00+00:00
[2024-02-12T20:02:49.363+0000] {logging_mixin.py:188} INFO - [2024-02-12T20:02:49.363+0000] {dag.py:3820} INFO - Setting next_dagrun for dataset_produces_2 to None, run_after=None
[2024-02-12T20:02:49.411+0000] {processor.py:183} INFO - Processing /home/codespace/.local/share/virtualenvs/airflow_sandbox-vp-HKq_L/lib/python3.10/site-packages/airflow/example_dags/example_datasets.py took 0.112 seconds
[2024-02-12T20:03:44.219+0000] {processor.py:161} INFO - Started process (PID=27616) to work on /home/codespace/.local/share/virtualenvs/airflow_sandbox-vp-HKq_L/lib/python3.10/site-packages/airflow/example_dags/example_datasets.py
[2024-02-12T20:03:44.220+0000] {processor.py:830} INFO - Processing file /home/codespace/.local/share/virtualenvs/airflow_sandbox-vp-HKq_L/lib/python3.10/site-packages/airflow/example_dags/example_datasets.py for tasks to queue
[2024-02-12T20:03:44.220+0000] {logging_mixin.py:188} INFO - [2024-02-12T20:03:44.220+0000] {dagbag.py:538} INFO - Filling up the DagBag from /home/codespace/.local/share/virtualenvs/airflow_sandbox-vp-HKq_L/lib/python3.10/site-packages/airflow/example_dags/example_datasets.py
[2024-02-12T20:03:44.227+0000] {processor.py:840} INFO - DAG(s) 'dataset_consumes_1_never_scheduled', 'dataset_produces_1', 'dataset_consumes_1_and_2', 'dataset_consumes_1', 'dataset_produces_2', 'dataset_consumes_unknown_never_scheduled' retrieved from /home/codespace/.local/share/virtualenvs/airflow_sandbox-vp-HKq_L/lib/python3.10/site-packages/airflow/example_dags/example_datasets.py
[2024-02-12T20:03:44.248+0000] {logging_mixin.py:188} INFO - [2024-02-12T20:03:44.248+0000] {dag.py:3033} INFO - Sync 6 DAGs
[2024-02-12T20:03:44.264+0000] {logging_mixin.py:188} INFO - [2024-02-12T20:03:44.263+0000] {dag.py:3820} INFO - Setting next_dagrun for dataset_consumes_1 to None, run_after=None
[2024-02-12T20:03:44.266+0000] {logging_mixin.py:188} INFO - [2024-02-12T20:03:44.266+0000] {dag.py:3820} INFO - Setting next_dagrun for dataset_consumes_1_and_2 to None, run_after=None
[2024-02-12T20:03:44.267+0000] {logging_mixin.py:188} INFO - [2024-02-12T20:03:44.267+0000] {dag.py:3820} INFO - Setting next_dagrun for dataset_consumes_1_never_scheduled to None, run_after=None
[2024-02-12T20:03:44.268+0000] {logging_mixin.py:188} INFO - [2024-02-12T20:03:44.268+0000] {dag.py:3820} INFO - Setting next_dagrun for dataset_consumes_unknown_never_scheduled to None, run_after=None
[2024-02-12T20:03:44.270+0000] {logging_mixin.py:188} INFO - [2024-02-12T20:03:44.270+0000] {dag.py:3820} INFO - Setting next_dagrun for dataset_produces_1 to 2024-02-11T00:00:00+00:00, run_after=2024-02-12T00:00:00+00:00
[2024-02-12T20:03:44.270+0000] {logging_mixin.py:188} INFO - [2024-02-12T20:03:44.270+0000] {dag.py:3820} INFO - Setting next_dagrun for dataset_produces_2 to None, run_after=None
[2024-02-12T20:03:44.323+0000] {processor.py:183} INFO - Processing /home/codespace/.local/share/virtualenvs/airflow_sandbox-vp-HKq_L/lib/python3.10/site-packages/airflow/example_dags/example_datasets.py took 0.106 seconds
[2024-02-12T20:04:37.116+0000] {processor.py:161} INFO - Started process (PID=28022) to work on /home/codespace/.local/share/virtualenvs/airflow_sandbox-vp-HKq_L/lib/python3.10/site-packages/airflow/example_dags/example_datasets.py
[2024-02-12T20:04:37.116+0000] {processor.py:830} INFO - Processing file /home/codespace/.local/share/virtualenvs/airflow_sandbox-vp-HKq_L/lib/python3.10/site-packages/airflow/example_dags/example_datasets.py for tasks to queue
[2024-02-12T20:04:37.117+0000] {logging_mixin.py:188} INFO - [2024-02-12T20:04:37.117+0000] {dagbag.py:538} INFO - Filling up the DagBag from /home/codespace/.local/share/virtualenvs/airflow_sandbox-vp-HKq_L/lib/python3.10/site-packages/airflow/example_dags/example_datasets.py
[2024-02-12T20:04:37.124+0000] {processor.py:840} INFO - DAG(s) 'dataset_consumes_unknown_never_scheduled', 'dataset_consumes_1', 'dataset_consumes_1_never_scheduled', 'dataset_produces_1', 'dataset_consumes_1_and_2', 'dataset_produces_2' retrieved from /home/codespace/.local/share/virtualenvs/airflow_sandbox-vp-HKq_L/lib/python3.10/site-packages/airflow/example_dags/example_datasets.py
[2024-02-12T20:04:37.145+0000] {logging_mixin.py:188} INFO - [2024-02-12T20:04:37.145+0000] {dag.py:3033} INFO - Sync 6 DAGs
[2024-02-12T20:04:37.161+0000] {logging_mixin.py:188} INFO - [2024-02-12T20:04:37.161+0000] {dag.py:3820} INFO - Setting next_dagrun for dataset_consumes_1 to None, run_after=None
[2024-02-12T20:04:37.163+0000] {logging_mixin.py:188} INFO - [2024-02-12T20:04:37.163+0000] {dag.py:3820} INFO - Setting next_dagrun for dataset_consumes_1_and_2 to None, run_after=None
[2024-02-12T20:04:37.164+0000] {logging_mixin.py:188} INFO - [2024-02-12T20:04:37.164+0000] {dag.py:3820} INFO - Setting next_dagrun for dataset_consumes_1_never_scheduled to None, run_after=None
[2024-02-12T20:04:37.165+0000] {logging_mixin.py:188} INFO - [2024-02-12T20:04:37.165+0000] {dag.py:3820} INFO - Setting next_dagrun for dataset_consumes_unknown_never_scheduled to None, run_after=None
[2024-02-12T20:04:37.167+0000] {logging_mixin.py:188} INFO - [2024-02-12T20:04:37.167+0000] {dag.py:3820} INFO - Setting next_dagrun for dataset_produces_1 to 2024-02-11T00:00:00+00:00, run_after=2024-02-12T00:00:00+00:00
[2024-02-12T20:04:37.167+0000] {logging_mixin.py:188} INFO - [2024-02-12T20:04:37.167+0000] {dag.py:3820} INFO - Setting next_dagrun for dataset_produces_2 to None, run_after=None
[2024-02-12T20:04:37.214+0000] {processor.py:183} INFO - Processing /home/codespace/.local/share/virtualenvs/airflow_sandbox-vp-HKq_L/lib/python3.10/site-packages/airflow/example_dags/example_datasets.py took 0.100 seconds
[2024-02-12T20:05:29.947+0000] {processor.py:161} INFO - Started process (PID=28222) to work on /home/codespace/.local/share/virtualenvs/airflow_sandbox-vp-HKq_L/lib/python3.10/site-packages/airflow/example_dags/example_datasets.py
[2024-02-12T20:05:29.948+0000] {processor.py:830} INFO - Processing file /home/codespace/.local/share/virtualenvs/airflow_sandbox-vp-HKq_L/lib/python3.10/site-packages/airflow/example_dags/example_datasets.py for tasks to queue
[2024-02-12T20:05:29.949+0000] {logging_mixin.py:188} INFO - [2024-02-12T20:05:29.948+0000] {dagbag.py:538} INFO - Filling up the DagBag from /home/codespace/.local/share/virtualenvs/airflow_sandbox-vp-HKq_L/lib/python3.10/site-packages/airflow/example_dags/example_datasets.py
[2024-02-12T20:05:29.956+0000] {processor.py:840} INFO - DAG(s) 'dataset_consumes_unknown_never_scheduled', 'dataset_produces_1', 'dataset_produces_2', 'dataset_consumes_1_and_2', 'dataset_consumes_1', 'dataset_consumes_1_never_scheduled' retrieved from /home/codespace/.local/share/virtualenvs/airflow_sandbox-vp-HKq_L/lib/python3.10/site-packages/airflow/example_dags/example_datasets.py
[2024-02-12T20:05:29.977+0000] {logging_mixin.py:188} INFO - [2024-02-12T20:05:29.977+0000] {dag.py:3033} INFO - Sync 6 DAGs
[2024-02-12T20:05:29.992+0000] {logging_mixin.py:188} INFO - [2024-02-12T20:05:29.992+0000] {dag.py:3820} INFO - Setting next_dagrun for dataset_consumes_1 to None, run_after=None
[2024-02-12T20:05:29.995+0000] {logging_mixin.py:188} INFO - [2024-02-12T20:05:29.994+0000] {dag.py:3820} INFO - Setting next_dagrun for dataset_consumes_1_and_2 to None, run_after=None
[2024-02-12T20:05:29.995+0000] {logging_mixin.py:188} INFO - [2024-02-12T20:05:29.995+0000] {dag.py:3820} INFO - Setting next_dagrun for dataset_consumes_1_never_scheduled to None, run_after=None
[2024-02-12T20:05:29.996+0000] {logging_mixin.py:188} INFO - [2024-02-12T20:05:29.996+0000] {dag.py:3820} INFO - Setting next_dagrun for dataset_consumes_unknown_never_scheduled to None, run_after=None
[2024-02-12T20:05:29.998+0000] {logging_mixin.py:188} INFO - [2024-02-12T20:05:29.998+0000] {dag.py:3820} INFO - Setting next_dagrun for dataset_produces_1 to 2024-02-11T00:00:00+00:00, run_after=2024-02-12T00:00:00+00:00
[2024-02-12T20:05:29.999+0000] {logging_mixin.py:188} INFO - [2024-02-12T20:05:29.998+0000] {dag.py:3820} INFO - Setting next_dagrun for dataset_produces_2 to None, run_after=None
[2024-02-12T20:05:30.044+0000] {processor.py:183} INFO - Processing /home/codespace/.local/share/virtualenvs/airflow_sandbox-vp-HKq_L/lib/python3.10/site-packages/airflow/example_dags/example_datasets.py took 0.099 seconds
[2024-02-12T20:06:23.183+0000] {processor.py:161} INFO - Started process (PID=28370) to work on /home/codespace/.local/share/virtualenvs/airflow_sandbox-vp-HKq_L/lib/python3.10/site-packages/airflow/example_dags/example_datasets.py
[2024-02-12T20:06:23.183+0000] {processor.py:830} INFO - Processing file /home/codespace/.local/share/virtualenvs/airflow_sandbox-vp-HKq_L/lib/python3.10/site-packages/airflow/example_dags/example_datasets.py for tasks to queue
[2024-02-12T20:06:23.184+0000] {logging_mixin.py:188} INFO - [2024-02-12T20:06:23.184+0000] {dagbag.py:538} INFO - Filling up the DagBag from /home/codespace/.local/share/virtualenvs/airflow_sandbox-vp-HKq_L/lib/python3.10/site-packages/airflow/example_dags/example_datasets.py
[2024-02-12T20:06:23.191+0000] {processor.py:840} INFO - DAG(s) 'dataset_consumes_1', 'dataset_produces_1', 'dataset_produces_2', 'dataset_consumes_1_never_scheduled', 'dataset_consumes_1_and_2', 'dataset_consumes_unknown_never_scheduled' retrieved from /home/codespace/.local/share/virtualenvs/airflow_sandbox-vp-HKq_L/lib/python3.10/site-packages/airflow/example_dags/example_datasets.py
[2024-02-12T20:06:23.212+0000] {logging_mixin.py:188} INFO - [2024-02-12T20:06:23.212+0000] {dag.py:3033} INFO - Sync 6 DAGs
[2024-02-12T20:06:23.227+0000] {logging_mixin.py:188} INFO - [2024-02-12T20:06:23.227+0000] {dag.py:3820} INFO - Setting next_dagrun for dataset_consumes_1 to None, run_after=None
[2024-02-12T20:06:23.230+0000] {logging_mixin.py:188} INFO - [2024-02-12T20:06:23.230+0000] {dag.py:3820} INFO - Setting next_dagrun for dataset_consumes_1_and_2 to None, run_after=None
[2024-02-12T20:06:23.230+0000] {logging_mixin.py:188} INFO - [2024-02-12T20:06:23.230+0000] {dag.py:3820} INFO - Setting next_dagrun for dataset_consumes_1_never_scheduled to None, run_after=None
[2024-02-12T20:06:23.231+0000] {logging_mixin.py:188} INFO - [2024-02-12T20:06:23.231+0000] {dag.py:3820} INFO - Setting next_dagrun for dataset_consumes_unknown_never_scheduled to None, run_after=None
[2024-02-12T20:06:23.233+0000] {logging_mixin.py:188} INFO - [2024-02-12T20:06:23.233+0000] {dag.py:3820} INFO - Setting next_dagrun for dataset_produces_1 to 2024-02-11T00:00:00+00:00, run_after=2024-02-12T00:00:00+00:00
[2024-02-12T20:06:23.234+0000] {logging_mixin.py:188} INFO - [2024-02-12T20:06:23.234+0000] {dag.py:3820} INFO - Setting next_dagrun for dataset_produces_2 to None, run_after=None
[2024-02-12T20:06:23.279+0000] {processor.py:183} INFO - Processing /home/codespace/.local/share/virtualenvs/airflow_sandbox-vp-HKq_L/lib/python3.10/site-packages/airflow/example_dags/example_datasets.py took 0.098 seconds
[2024-02-12T20:07:19.311+0000] {processor.py:161} INFO - Started process (PID=28830) to work on /home/codespace/.local/share/virtualenvs/airflow_sandbox-vp-HKq_L/lib/python3.10/site-packages/airflow/example_dags/example_datasets.py
[2024-02-12T20:07:19.312+0000] {processor.py:830} INFO - Processing file /home/codespace/.local/share/virtualenvs/airflow_sandbox-vp-HKq_L/lib/python3.10/site-packages/airflow/example_dags/example_datasets.py for tasks to queue
[2024-02-12T20:07:19.312+0000] {logging_mixin.py:188} INFO - [2024-02-12T20:07:19.312+0000] {dagbag.py:538} INFO - Filling up the DagBag from /home/codespace/.local/share/virtualenvs/airflow_sandbox-vp-HKq_L/lib/python3.10/site-packages/airflow/example_dags/example_datasets.py
[2024-02-12T20:07:19.320+0000] {processor.py:840} INFO - DAG(s) 'dataset_produces_1', 'dataset_produces_2', 'dataset_consumes_1', 'dataset_consumes_1_and_2', 'dataset_consumes_unknown_never_scheduled', 'dataset_consumes_1_never_scheduled' retrieved from /home/codespace/.local/share/virtualenvs/airflow_sandbox-vp-HKq_L/lib/python3.10/site-packages/airflow/example_dags/example_datasets.py
[2024-02-12T20:07:19.340+0000] {logging_mixin.py:188} INFO - [2024-02-12T20:07:19.340+0000] {dag.py:3033} INFO - Sync 6 DAGs
[2024-02-12T20:07:19.356+0000] {logging_mixin.py:188} INFO - [2024-02-12T20:07:19.356+0000] {dag.py:3820} INFO - Setting next_dagrun for dataset_consumes_1 to None, run_after=None
[2024-02-12T20:07:19.359+0000] {logging_mixin.py:188} INFO - [2024-02-12T20:07:19.359+0000] {dag.py:3820} INFO - Setting next_dagrun for dataset_consumes_1_and_2 to None, run_after=None
[2024-02-12T20:07:19.360+0000] {logging_mixin.py:188} INFO - [2024-02-12T20:07:19.360+0000] {dag.py:3820} INFO - Setting next_dagrun for dataset_consumes_1_never_scheduled to None, run_after=None
[2024-02-12T20:07:19.361+0000] {logging_mixin.py:188} INFO - [2024-02-12T20:07:19.361+0000] {dag.py:3820} INFO - Setting next_dagrun for dataset_consumes_unknown_never_scheduled to None, run_after=None
[2024-02-12T20:07:19.363+0000] {logging_mixin.py:188} INFO - [2024-02-12T20:07:19.363+0000] {dag.py:3820} INFO - Setting next_dagrun for dataset_produces_1 to 2024-02-11T00:00:00+00:00, run_after=2024-02-12T00:00:00+00:00
[2024-02-12T20:07:19.363+0000] {logging_mixin.py:188} INFO - [2024-02-12T20:07:19.363+0000] {dag.py:3820} INFO - Setting next_dagrun for dataset_produces_2 to None, run_after=None
[2024-02-12T20:07:19.409+0000] {processor.py:183} INFO - Processing /home/codespace/.local/share/virtualenvs/airflow_sandbox-vp-HKq_L/lib/python3.10/site-packages/airflow/example_dags/example_datasets.py took 0.100 seconds
