[2024-02-12T19:43:51.691+0000] {processor.py:161} INFO - Started process (PID=15928) to work on /home/codespace/.local/share/virtualenvs/airflow_sandbox-vp-HKq_L/lib/python3.10/site-packages/airflow/example_dags/example_xcomargs.py
[2024-02-12T19:43:51.692+0000] {processor.py:830} INFO - Processing file /home/codespace/.local/share/virtualenvs/airflow_sandbox-vp-HKq_L/lib/python3.10/site-packages/airflow/example_dags/example_xcomargs.py for tasks to queue
[2024-02-12T19:43:51.693+0000] {logging_mixin.py:188} INFO - [2024-02-12T19:43:51.692+0000] {dagbag.py:538} INFO - Filling up the DagBag from /home/codespace/.local/share/virtualenvs/airflow_sandbox-vp-HKq_L/lib/python3.10/site-packages/airflow/example_dags/example_xcomargs.py
[2024-02-12T19:43:51.698+0000] {processor.py:840} INFO - DAG(s) 'example_xcom_args_with_operators', 'example_xcom_args' retrieved from /home/codespace/.local/share/virtualenvs/airflow_sandbox-vp-HKq_L/lib/python3.10/site-packages/airflow/example_dags/example_xcomargs.py
[2024-02-12T19:43:51.922+0000] {logging_mixin.py:188} INFO - [2024-02-12T19:43:51.922+0000] {override.py:1769} INFO - Created Permission View: can delete on DAG:example_xcom_args_with_operators
[2024-02-12T19:43:51.953+0000] {logging_mixin.py:188} INFO - [2024-02-12T19:43:51.953+0000] {override.py:1769} INFO - Created Permission View: can read on DAG:example_xcom_args_with_operators
[2024-02-12T19:43:51.984+0000] {logging_mixin.py:188} INFO - [2024-02-12T19:43:51.984+0000] {override.py:1769} INFO - Created Permission View: can edit on DAG:example_xcom_args_with_operators
[2024-02-12T19:43:52.047+0000] {logging_mixin.py:188} INFO - [2024-02-12T19:43:52.046+0000] {override.py:1769} INFO - Created Permission View: can delete on DAG:example_xcom_args
[2024-02-12T19:43:52.075+0000] {logging_mixin.py:188} INFO - [2024-02-12T19:43:52.074+0000] {override.py:1769} INFO - Created Permission View: can read on DAG:example_xcom_args
[2024-02-12T19:43:52.104+0000] {logging_mixin.py:188} INFO - [2024-02-12T19:43:52.104+0000] {override.py:1769} INFO - Created Permission View: can edit on DAG:example_xcom_args
[2024-02-12T19:43:52.104+0000] {logging_mixin.py:188} INFO - [2024-02-12T19:43:52.104+0000] {dag.py:3033} INFO - Sync 2 DAGs
[2024-02-12T19:43:52.112+0000] {logging_mixin.py:188} INFO - [2024-02-12T19:43:52.112+0000] {dag.py:3055} INFO - Creating ORM DAG for example_xcom_args
[2024-02-12T19:43:52.112+0000] {logging_mixin.py:188} INFO - [2024-02-12T19:43:52.112+0000] {dag.py:3055} INFO - Creating ORM DAG for example_xcom_args_with_operators
[2024-02-12T19:43:52.113+0000] {logging_mixin.py:188} INFO - [2024-02-12T19:43:52.113+0000] {dag.py:3820} INFO - Setting next_dagrun for example_xcom_args to None, run_after=None
[2024-02-12T19:43:52.113+0000] {logging_mixin.py:188} INFO - [2024-02-12T19:43:52.113+0000] {dag.py:3820} INFO - Setting next_dagrun for example_xcom_args_with_operators to None, run_after=None
[2024-02-12T19:43:52.157+0000] {processor.py:183} INFO - Processing /home/codespace/.local/share/virtualenvs/airflow_sandbox-vp-HKq_L/lib/python3.10/site-packages/airflow/example_dags/example_xcomargs.py took 0.467 seconds
[2024-02-12T20:00:00.720+0000] {processor.py:161} INFO - Started process (PID=25309) to work on /home/codespace/.local/share/virtualenvs/airflow_sandbox-vp-HKq_L/lib/python3.10/site-packages/airflow/example_dags/example_xcomargs.py
[2024-02-12T20:00:00.721+0000] {processor.py:830} INFO - Processing file /home/codespace/.local/share/virtualenvs/airflow_sandbox-vp-HKq_L/lib/python3.10/site-packages/airflow/example_dags/example_xcomargs.py for tasks to queue
[2024-02-12T20:00:00.721+0000] {logging_mixin.py:188} INFO - [2024-02-12T20:00:00.721+0000] {dagbag.py:538} INFO - Filling up the DagBag from /home/codespace/.local/share/virtualenvs/airflow_sandbox-vp-HKq_L/lib/python3.10/site-packages/airflow/example_dags/example_xcomargs.py
[2024-02-12T20:00:00.727+0000] {processor.py:840} INFO - DAG(s) 'example_xcom_args_with_operators', 'example_xcom_args' retrieved from /home/codespace/.local/share/virtualenvs/airflow_sandbox-vp-HKq_L/lib/python3.10/site-packages/airflow/example_dags/example_xcomargs.py
[2024-02-12T20:00:00.748+0000] {logging_mixin.py:188} INFO - [2024-02-12T20:00:00.748+0000] {dag.py:3033} INFO - Sync 2 DAGs
[2024-02-12T20:00:00.834+0000] {logging_mixin.py:188} INFO - [2024-02-12T20:00:00.834+0000] {dag.py:3820} INFO - Setting next_dagrun for example_xcom_args to None, run_after=None
[2024-02-12T20:00:00.836+0000] {logging_mixin.py:188} INFO - [2024-02-12T20:00:00.836+0000] {dag.py:3820} INFO - Setting next_dagrun for example_xcom_args_with_operators to None, run_after=None
[2024-02-12T20:00:00.872+0000] {processor.py:183} INFO - Processing /home/codespace/.local/share/virtualenvs/airflow_sandbox-vp-HKq_L/lib/python3.10/site-packages/airflow/example_dags/example_xcomargs.py took 0.154 seconds
[2024-02-12T20:00:52.396+0000] {processor.py:161} INFO - Started process (PID=25777) to work on /home/codespace/.local/share/virtualenvs/airflow_sandbox-vp-HKq_L/lib/python3.10/site-packages/airflow/example_dags/example_xcomargs.py
[2024-02-12T20:00:52.397+0000] {processor.py:830} INFO - Processing file /home/codespace/.local/share/virtualenvs/airflow_sandbox-vp-HKq_L/lib/python3.10/site-packages/airflow/example_dags/example_xcomargs.py for tasks to queue
[2024-02-12T20:00:52.398+0000] {logging_mixin.py:188} INFO - [2024-02-12T20:00:52.398+0000] {dagbag.py:538} INFO - Filling up the DagBag from /home/codespace/.local/share/virtualenvs/airflow_sandbox-vp-HKq_L/lib/python3.10/site-packages/airflow/example_dags/example_xcomargs.py
[2024-02-12T20:00:52.410+0000] {processor.py:840} INFO - DAG(s) 'example_xcom_args_with_operators', 'example_xcom_args' retrieved from /home/codespace/.local/share/virtualenvs/airflow_sandbox-vp-HKq_L/lib/python3.10/site-packages/airflow/example_dags/example_xcomargs.py
[2024-02-12T20:00:52.429+0000] {logging_mixin.py:188} INFO - [2024-02-12T20:00:52.428+0000] {dag.py:3033} INFO - Sync 2 DAGs
[2024-02-12T20:00:52.440+0000] {logging_mixin.py:188} INFO - [2024-02-12T20:00:52.440+0000] {dag.py:3820} INFO - Setting next_dagrun for example_xcom_args to None, run_after=None
[2024-02-12T20:00:52.443+0000] {logging_mixin.py:188} INFO - [2024-02-12T20:00:52.443+0000] {dag.py:3820} INFO - Setting next_dagrun for example_xcom_args_with_operators to None, run_after=None
[2024-02-12T20:00:52.485+0000] {processor.py:183} INFO - Processing /home/codespace/.local/share/virtualenvs/airflow_sandbox-vp-HKq_L/lib/python3.10/site-packages/airflow/example_dags/example_xcomargs.py took 0.092 seconds
[2024-02-12T20:01:39.595+0000] {processor.py:161} INFO - Started process (PID=26207) to work on /home/codespace/.local/share/virtualenvs/airflow_sandbox-vp-HKq_L/lib/python3.10/site-packages/airflow/example_dags/example_xcomargs.py
[2024-02-12T20:01:39.596+0000] {processor.py:830} INFO - Processing file /home/codespace/.local/share/virtualenvs/airflow_sandbox-vp-HKq_L/lib/python3.10/site-packages/airflow/example_dags/example_xcomargs.py for tasks to queue
[2024-02-12T20:01:39.597+0000] {logging_mixin.py:188} INFO - [2024-02-12T20:01:39.596+0000] {dagbag.py:538} INFO - Filling up the DagBag from /home/codespace/.local/share/virtualenvs/airflow_sandbox-vp-HKq_L/lib/python3.10/site-packages/airflow/example_dags/example_xcomargs.py
[2024-02-12T20:01:39.603+0000] {processor.py:840} INFO - DAG(s) 'example_xcom_args', 'example_xcom_args_with_operators' retrieved from /home/codespace/.local/share/virtualenvs/airflow_sandbox-vp-HKq_L/lib/python3.10/site-packages/airflow/example_dags/example_xcomargs.py
[2024-02-12T20:01:39.617+0000] {logging_mixin.py:188} INFO - [2024-02-12T20:01:39.617+0000] {dag.py:3033} INFO - Sync 2 DAGs
[2024-02-12T20:01:39.626+0000] {logging_mixin.py:188} INFO - [2024-02-12T20:01:39.626+0000] {dag.py:3820} INFO - Setting next_dagrun for example_xcom_args to None, run_after=None
[2024-02-12T20:01:39.629+0000] {logging_mixin.py:188} INFO - [2024-02-12T20:01:39.628+0000] {dag.py:3820} INFO - Setting next_dagrun for example_xcom_args_with_operators to None, run_after=None
[2024-02-12T20:01:39.679+0000] {processor.py:183} INFO - Processing /home/codespace/.local/share/virtualenvs/airflow_sandbox-vp-HKq_L/lib/python3.10/site-packages/airflow/example_dags/example_xcomargs.py took 0.086 seconds
[2024-02-12T20:02:24.793+0000] {processor.py:161} INFO - Started process (PID=26648) to work on /home/codespace/.local/share/virtualenvs/airflow_sandbox-vp-HKq_L/lib/python3.10/site-packages/airflow/example_dags/example_xcomargs.py
[2024-02-12T20:02:24.793+0000] {processor.py:830} INFO - Processing file /home/codespace/.local/share/virtualenvs/airflow_sandbox-vp-HKq_L/lib/python3.10/site-packages/airflow/example_dags/example_xcomargs.py for tasks to queue
[2024-02-12T20:02:24.794+0000] {logging_mixin.py:188} INFO - [2024-02-12T20:02:24.794+0000] {dagbag.py:538} INFO - Filling up the DagBag from /home/codespace/.local/share/virtualenvs/airflow_sandbox-vp-HKq_L/lib/python3.10/site-packages/airflow/example_dags/example_xcomargs.py
[2024-02-12T20:02:24.800+0000] {processor.py:840} INFO - DAG(s) 'example_xcom_args_with_operators', 'example_xcom_args' retrieved from /home/codespace/.local/share/virtualenvs/airflow_sandbox-vp-HKq_L/lib/python3.10/site-packages/airflow/example_dags/example_xcomargs.py
[2024-02-12T20:02:24.815+0000] {logging_mixin.py:188} INFO - [2024-02-12T20:02:24.815+0000] {dag.py:3033} INFO - Sync 2 DAGs
[2024-02-12T20:02:24.824+0000] {logging_mixin.py:188} INFO - [2024-02-12T20:02:24.823+0000] {dag.py:3820} INFO - Setting next_dagrun for example_xcom_args to None, run_after=None
[2024-02-12T20:02:24.826+0000] {logging_mixin.py:188} INFO - [2024-02-12T20:02:24.826+0000] {dag.py:3820} INFO - Setting next_dagrun for example_xcom_args_with_operators to None, run_after=None
[2024-02-12T20:02:24.865+0000] {processor.py:183} INFO - Processing /home/codespace/.local/share/virtualenvs/airflow_sandbox-vp-HKq_L/lib/python3.10/site-packages/airflow/example_dags/example_xcomargs.py took 0.074 seconds
