[2024-02-12T19:44:11.161+0000] {processor.py:161} INFO - Started process (PID=16089) to work on /home/codespace/.local/share/virtualenvs/airflow_sandbox-vp-HKq_L/lib/python3.10/site-packages/airflow/example_dags/example_python_operator.py
[2024-02-12T19:44:11.163+0000] {processor.py:830} INFO - Processing file /home/codespace/.local/share/virtualenvs/airflow_sandbox-vp-HKq_L/lib/python3.10/site-packages/airflow/example_dags/example_python_operator.py for tasks to queue
[2024-02-12T19:44:11.164+0000] {logging_mixin.py:188} INFO - [2024-02-12T19:44:11.163+0000] {dagbag.py:538} INFO - Filling up the DagBag from /home/codespace/.local/share/virtualenvs/airflow_sandbox-vp-HKq_L/lib/python3.10/site-packages/airflow/example_dags/example_python_operator.py
[2024-02-12T19:44:11.179+0000] {processor.py:840} INFO - DAG(s) 'example_python_operator' retrieved from /home/codespace/.local/share/virtualenvs/airflow_sandbox-vp-HKq_L/lib/python3.10/site-packages/airflow/example_dags/example_python_operator.py
[2024-02-12T19:44:11.331+0000] {logging_mixin.py:188} INFO - [2024-02-12T19:44:11.331+0000] {override.py:1769} INFO - Created Permission View: can delete on DAG:example_python_operator
[2024-02-12T19:44:11.361+0000] {logging_mixin.py:188} INFO - [2024-02-12T19:44:11.361+0000] {override.py:1769} INFO - Created Permission View: can read on DAG:example_python_operator
[2024-02-12T19:44:11.390+0000] {logging_mixin.py:188} INFO - [2024-02-12T19:44:11.390+0000] {override.py:1769} INFO - Created Permission View: can edit on DAG:example_python_operator
[2024-02-12T19:44:11.391+0000] {logging_mixin.py:188} INFO - [2024-02-12T19:44:11.391+0000] {dag.py:3033} INFO - Sync 1 DAGs
[2024-02-12T19:44:11.400+0000] {logging_mixin.py:188} INFO - [2024-02-12T19:44:11.400+0000] {dag.py:3055} INFO - Creating ORM DAG for example_python_operator
[2024-02-12T19:44:11.400+0000] {logging_mixin.py:188} INFO - [2024-02-12T19:44:11.400+0000] {dag.py:3820} INFO - Setting next_dagrun for example_python_operator to None, run_after=None
[2024-02-12T19:44:11.443+0000] {processor.py:183} INFO - Processing /home/codespace/.local/share/virtualenvs/airflow_sandbox-vp-HKq_L/lib/python3.10/site-packages/airflow/example_dags/example_python_operator.py took 0.285 seconds
[2024-02-12T20:00:16.312+0000] {processor.py:161} INFO - Started process (PID=25534) to work on /home/codespace/.local/share/virtualenvs/airflow_sandbox-vp-HKq_L/lib/python3.10/site-packages/airflow/example_dags/example_python_operator.py
[2024-02-12T20:00:16.312+0000] {processor.py:830} INFO - Processing file /home/codespace/.local/share/virtualenvs/airflow_sandbox-vp-HKq_L/lib/python3.10/site-packages/airflow/example_dags/example_python_operator.py for tasks to queue
[2024-02-12T20:00:16.313+0000] {logging_mixin.py:188} INFO - [2024-02-12T20:00:16.313+0000] {dagbag.py:538} INFO - Filling up the DagBag from /home/codespace/.local/share/virtualenvs/airflow_sandbox-vp-HKq_L/lib/python3.10/site-packages/airflow/example_dags/example_python_operator.py
[2024-02-12T20:00:16.323+0000] {processor.py:840} INFO - DAG(s) 'example_python_operator' retrieved from /home/codespace/.local/share/virtualenvs/airflow_sandbox-vp-HKq_L/lib/python3.10/site-packages/airflow/example_dags/example_python_operator.py
[2024-02-12T20:00:16.409+0000] {logging_mixin.py:188} INFO - [2024-02-12T20:00:16.409+0000] {dag.py:3033} INFO - Sync 1 DAGs
[2024-02-12T20:00:16.417+0000] {logging_mixin.py:188} INFO - [2024-02-12T20:00:16.417+0000] {dag.py:3820} INFO - Setting next_dagrun for example_python_operator to None, run_after=None
[2024-02-12T20:00:16.457+0000] {processor.py:183} INFO - Processing /home/codespace/.local/share/virtualenvs/airflow_sandbox-vp-HKq_L/lib/python3.10/site-packages/airflow/example_dags/example_python_operator.py took 0.147 seconds
[2024-02-12T20:01:07.991+0000] {processor.py:161} INFO - Started process (PID=25893) to work on /home/codespace/.local/share/virtualenvs/airflow_sandbox-vp-HKq_L/lib/python3.10/site-packages/airflow/example_dags/example_python_operator.py
[2024-02-12T20:01:07.991+0000] {processor.py:830} INFO - Processing file /home/codespace/.local/share/virtualenvs/airflow_sandbox-vp-HKq_L/lib/python3.10/site-packages/airflow/example_dags/example_python_operator.py for tasks to queue
[2024-02-12T20:01:07.992+0000] {logging_mixin.py:188} INFO - [2024-02-12T20:01:07.992+0000] {dagbag.py:538} INFO - Filling up the DagBag from /home/codespace/.local/share/virtualenvs/airflow_sandbox-vp-HKq_L/lib/python3.10/site-packages/airflow/example_dags/example_python_operator.py
[2024-02-12T20:01:08.001+0000] {processor.py:840} INFO - DAG(s) 'example_python_operator' retrieved from /home/codespace/.local/share/virtualenvs/airflow_sandbox-vp-HKq_L/lib/python3.10/site-packages/airflow/example_dags/example_python_operator.py
[2024-02-12T20:01:08.021+0000] {logging_mixin.py:188} INFO - [2024-02-12T20:01:08.020+0000] {dag.py:3033} INFO - Sync 1 DAGs
[2024-02-12T20:01:08.030+0000] {logging_mixin.py:188} INFO - [2024-02-12T20:01:08.030+0000] {dag.py:3820} INFO - Setting next_dagrun for example_python_operator to None, run_after=None
[2024-02-12T20:01:08.069+0000] {processor.py:183} INFO - Processing /home/codespace/.local/share/virtualenvs/airflow_sandbox-vp-HKq_L/lib/python3.10/site-packages/airflow/example_dags/example_python_operator.py took 0.080 seconds
[2024-02-12T20:01:57.595+0000] {processor.py:161} INFO - Started process (PID=26427) to work on /home/codespace/.local/share/virtualenvs/airflow_sandbox-vp-HKq_L/lib/python3.10/site-packages/airflow/example_dags/example_python_operator.py
[2024-02-12T20:01:57.596+0000] {processor.py:830} INFO - Processing file /home/codespace/.local/share/virtualenvs/airflow_sandbox-vp-HKq_L/lib/python3.10/site-packages/airflow/example_dags/example_python_operator.py for tasks to queue
[2024-02-12T20:01:57.597+0000] {logging_mixin.py:188} INFO - [2024-02-12T20:01:57.596+0000] {dagbag.py:538} INFO - Filling up the DagBag from /home/codespace/.local/share/virtualenvs/airflow_sandbox-vp-HKq_L/lib/python3.10/site-packages/airflow/example_dags/example_python_operator.py
[2024-02-12T20:01:57.607+0000] {processor.py:840} INFO - DAG(s) 'example_python_operator' retrieved from /home/codespace/.local/share/virtualenvs/airflow_sandbox-vp-HKq_L/lib/python3.10/site-packages/airflow/example_dags/example_python_operator.py
[2024-02-12T20:01:57.620+0000] {logging_mixin.py:188} INFO - [2024-02-12T20:01:57.620+0000] {dag.py:3033} INFO - Sync 1 DAGs
[2024-02-12T20:01:57.628+0000] {logging_mixin.py:188} INFO - [2024-02-12T20:01:57.628+0000] {dag.py:3820} INFO - Setting next_dagrun for example_python_operator to None, run_after=None
[2024-02-12T20:01:57.670+0000] {processor.py:183} INFO - Processing /home/codespace/.local/share/virtualenvs/airflow_sandbox-vp-HKq_L/lib/python3.10/site-packages/airflow/example_dags/example_python_operator.py took 0.077 seconds
[2024-02-12T20:02:48.166+0000] {processor.py:161} INFO - Started process (PID=26982) to work on /home/codespace/.local/share/virtualenvs/airflow_sandbox-vp-HKq_L/lib/python3.10/site-packages/airflow/example_dags/example_python_operator.py
[2024-02-12T20:02:48.166+0000] {processor.py:830} INFO - Processing file /home/codespace/.local/share/virtualenvs/airflow_sandbox-vp-HKq_L/lib/python3.10/site-packages/airflow/example_dags/example_python_operator.py for tasks to queue
[2024-02-12T20:02:48.167+0000] {logging_mixin.py:188} INFO - [2024-02-12T20:02:48.167+0000] {dagbag.py:538} INFO - Filling up the DagBag from /home/codespace/.local/share/virtualenvs/airflow_sandbox-vp-HKq_L/lib/python3.10/site-packages/airflow/example_dags/example_python_operator.py
[2024-02-12T20:02:48.180+0000] {processor.py:840} INFO - DAG(s) 'example_python_operator' retrieved from /home/codespace/.local/share/virtualenvs/airflow_sandbox-vp-HKq_L/lib/python3.10/site-packages/airflow/example_dags/example_python_operator.py
[2024-02-12T20:02:48.195+0000] {logging_mixin.py:188} INFO - [2024-02-12T20:02:48.195+0000] {dag.py:3033} INFO - Sync 1 DAGs
[2024-02-12T20:02:48.204+0000] {logging_mixin.py:188} INFO - [2024-02-12T20:02:48.204+0000] {dag.py:3820} INFO - Setting next_dagrun for example_python_operator to None, run_after=None
[2024-02-12T20:02:48.244+0000] {processor.py:183} INFO - Processing /home/codespace/.local/share/virtualenvs/airflow_sandbox-vp-HKq_L/lib/python3.10/site-packages/airflow/example_dags/example_python_operator.py took 0.082 seconds
[2024-02-12T20:03:43.616+0000] {processor.py:161} INFO - Started process (PID=27615) to work on /home/codespace/.local/share/virtualenvs/airflow_sandbox-vp-HKq_L/lib/python3.10/site-packages/airflow/example_dags/example_python_operator.py
[2024-02-12T20:03:43.617+0000] {processor.py:830} INFO - Processing file /home/codespace/.local/share/virtualenvs/airflow_sandbox-vp-HKq_L/lib/python3.10/site-packages/airflow/example_dags/example_python_operator.py for tasks to queue
[2024-02-12T20:03:43.618+0000] {logging_mixin.py:188} INFO - [2024-02-12T20:03:43.617+0000] {dagbag.py:538} INFO - Filling up the DagBag from /home/codespace/.local/share/virtualenvs/airflow_sandbox-vp-HKq_L/lib/python3.10/site-packages/airflow/example_dags/example_python_operator.py
[2024-02-12T20:03:43.626+0000] {processor.py:840} INFO - DAG(s) 'example_python_operator' retrieved from /home/codespace/.local/share/virtualenvs/airflow_sandbox-vp-HKq_L/lib/python3.10/site-packages/airflow/example_dags/example_python_operator.py
[2024-02-12T20:03:43.639+0000] {logging_mixin.py:188} INFO - [2024-02-12T20:03:43.639+0000] {dag.py:3033} INFO - Sync 1 DAGs
[2024-02-12T20:03:43.648+0000] {logging_mixin.py:188} INFO - [2024-02-12T20:03:43.648+0000] {dag.py:3820} INFO - Setting next_dagrun for example_python_operator to None, run_after=None
[2024-02-12T20:03:43.687+0000] {processor.py:183} INFO - Processing /home/codespace/.local/share/virtualenvs/airflow_sandbox-vp-HKq_L/lib/python3.10/site-packages/airflow/example_dags/example_python_operator.py took 0.073 seconds
[2024-02-12T20:04:35.956+0000] {processor.py:161} INFO - Started process (PID=28015) to work on /home/codespace/.local/share/virtualenvs/airflow_sandbox-vp-HKq_L/lib/python3.10/site-packages/airflow/example_dags/example_python_operator.py
[2024-02-12T20:04:35.957+0000] {processor.py:830} INFO - Processing file /home/codespace/.local/share/virtualenvs/airflow_sandbox-vp-HKq_L/lib/python3.10/site-packages/airflow/example_dags/example_python_operator.py for tasks to queue
[2024-02-12T20:04:35.957+0000] {logging_mixin.py:188} INFO - [2024-02-12T20:04:35.957+0000] {dagbag.py:538} INFO - Filling up the DagBag from /home/codespace/.local/share/virtualenvs/airflow_sandbox-vp-HKq_L/lib/python3.10/site-packages/airflow/example_dags/example_python_operator.py
[2024-02-12T20:04:35.966+0000] {processor.py:840} INFO - DAG(s) 'example_python_operator' retrieved from /home/codespace/.local/share/virtualenvs/airflow_sandbox-vp-HKq_L/lib/python3.10/site-packages/airflow/example_dags/example_python_operator.py
[2024-02-12T20:04:35.980+0000] {logging_mixin.py:188} INFO - [2024-02-12T20:04:35.979+0000] {dag.py:3033} INFO - Sync 1 DAGs
[2024-02-12T20:04:35.988+0000] {logging_mixin.py:188} INFO - [2024-02-12T20:04:35.988+0000] {dag.py:3820} INFO - Setting next_dagrun for example_python_operator to None, run_after=None
[2024-02-12T20:04:36.026+0000] {processor.py:183} INFO - Processing /home/codespace/.local/share/virtualenvs/airflow_sandbox-vp-HKq_L/lib/python3.10/site-packages/airflow/example_dags/example_python_operator.py took 0.073 seconds
[2024-02-12T20:05:28.814+0000] {processor.py:161} INFO - Started process (PID=28221) to work on /home/codespace/.local/share/virtualenvs/airflow_sandbox-vp-HKq_L/lib/python3.10/site-packages/airflow/example_dags/example_python_operator.py
[2024-02-12T20:05:28.815+0000] {processor.py:830} INFO - Processing file /home/codespace/.local/share/virtualenvs/airflow_sandbox-vp-HKq_L/lib/python3.10/site-packages/airflow/example_dags/example_python_operator.py for tasks to queue
[2024-02-12T20:05:28.815+0000] {logging_mixin.py:188} INFO - [2024-02-12T20:05:28.815+0000] {dagbag.py:538} INFO - Filling up the DagBag from /home/codespace/.local/share/virtualenvs/airflow_sandbox-vp-HKq_L/lib/python3.10/site-packages/airflow/example_dags/example_python_operator.py
[2024-02-12T20:05:28.824+0000] {processor.py:840} INFO - DAG(s) 'example_python_operator' retrieved from /home/codespace/.local/share/virtualenvs/airflow_sandbox-vp-HKq_L/lib/python3.10/site-packages/airflow/example_dags/example_python_operator.py
[2024-02-12T20:05:28.838+0000] {logging_mixin.py:188} INFO - [2024-02-12T20:05:28.838+0000] {dag.py:3033} INFO - Sync 1 DAGs
[2024-02-12T20:05:28.846+0000] {logging_mixin.py:188} INFO - [2024-02-12T20:05:28.846+0000] {dag.py:3820} INFO - Setting next_dagrun for example_python_operator to None, run_after=None
[2024-02-12T20:05:28.893+0000] {processor.py:183} INFO - Processing /home/codespace/.local/share/virtualenvs/airflow_sandbox-vp-HKq_L/lib/python3.10/site-packages/airflow/example_dags/example_python_operator.py took 0.081 seconds
[2024-02-12T20:06:22.052+0000] {processor.py:161} INFO - Started process (PID=28369) to work on /home/codespace/.local/share/virtualenvs/airflow_sandbox-vp-HKq_L/lib/python3.10/site-packages/airflow/example_dags/example_python_operator.py
[2024-02-12T20:06:22.053+0000] {processor.py:830} INFO - Processing file /home/codespace/.local/share/virtualenvs/airflow_sandbox-vp-HKq_L/lib/python3.10/site-packages/airflow/example_dags/example_python_operator.py for tasks to queue
[2024-02-12T20:06:22.053+0000] {logging_mixin.py:188} INFO - [2024-02-12T20:06:22.053+0000] {dagbag.py:538} INFO - Filling up the DagBag from /home/codespace/.local/share/virtualenvs/airflow_sandbox-vp-HKq_L/lib/python3.10/site-packages/airflow/example_dags/example_python_operator.py
[2024-02-12T20:06:22.063+0000] {processor.py:840} INFO - DAG(s) 'example_python_operator' retrieved from /home/codespace/.local/share/virtualenvs/airflow_sandbox-vp-HKq_L/lib/python3.10/site-packages/airflow/example_dags/example_python_operator.py
[2024-02-12T20:06:22.076+0000] {logging_mixin.py:188} INFO - [2024-02-12T20:06:22.076+0000] {dag.py:3033} INFO - Sync 1 DAGs
[2024-02-12T20:06:22.085+0000] {logging_mixin.py:188} INFO - [2024-02-12T20:06:22.084+0000] {dag.py:3820} INFO - Setting next_dagrun for example_python_operator to None, run_after=None
[2024-02-12T20:06:22.122+0000] {processor.py:183} INFO - Processing /home/codespace/.local/share/virtualenvs/airflow_sandbox-vp-HKq_L/lib/python3.10/site-packages/airflow/example_dags/example_python_operator.py took 0.073 seconds
[2024-02-12T20:07:18.181+0000] {processor.py:161} INFO - Started process (PID=28825) to work on /home/codespace/.local/share/virtualenvs/airflow_sandbox-vp-HKq_L/lib/python3.10/site-packages/airflow/example_dags/example_python_operator.py
[2024-02-12T20:07:18.183+0000] {processor.py:830} INFO - Processing file /home/codespace/.local/share/virtualenvs/airflow_sandbox-vp-HKq_L/lib/python3.10/site-packages/airflow/example_dags/example_python_operator.py for tasks to queue
[2024-02-12T20:07:18.184+0000] {logging_mixin.py:188} INFO - [2024-02-12T20:07:18.183+0000] {dagbag.py:538} INFO - Filling up the DagBag from /home/codespace/.local/share/virtualenvs/airflow_sandbox-vp-HKq_L/lib/python3.10/site-packages/airflow/example_dags/example_python_operator.py
[2024-02-12T20:07:18.195+0000] {processor.py:840} INFO - DAG(s) 'example_python_operator' retrieved from /home/codespace/.local/share/virtualenvs/airflow_sandbox-vp-HKq_L/lib/python3.10/site-packages/airflow/example_dags/example_python_operator.py
[2024-02-12T20:07:18.215+0000] {logging_mixin.py:188} INFO - [2024-02-12T20:07:18.215+0000] {dag.py:3033} INFO - Sync 1 DAGs
[2024-02-12T20:07:18.224+0000] {logging_mixin.py:188} INFO - [2024-02-12T20:07:18.223+0000] {dag.py:3820} INFO - Setting next_dagrun for example_python_operator to None, run_after=None
[2024-02-12T20:07:18.263+0000] {processor.py:183} INFO - Processing /home/codespace/.local/share/virtualenvs/airflow_sandbox-vp-HKq_L/lib/python3.10/site-packages/airflow/example_dags/example_python_operator.py took 0.085 seconds
