[2024-02-12T19:43:49.675+0000] {processor.py:161} INFO - Started process (PID=15920) to work on /home/codespace/.local/share/virtualenvs/airflow_sandbox-vp-HKq_L/lib/python3.10/site-packages/airflow/example_dags/example_subdag_operator.py
[2024-02-12T19:43:49.676+0000] {processor.py:830} INFO - Processing file /home/codespace/.local/share/virtualenvs/airflow_sandbox-vp-HKq_L/lib/python3.10/site-packages/airflow/example_dags/example_subdag_operator.py for tasks to queue
[2024-02-12T19:43:49.677+0000] {logging_mixin.py:188} INFO - [2024-02-12T19:43:49.677+0000] {dagbag.py:538} INFO - Filling up the DagBag from /home/codespace/.local/share/virtualenvs/airflow_sandbox-vp-HKq_L/lib/python3.10/site-packages/airflow/example_dags/example_subdag_operator.py
[2024-02-12T19:43:49.691+0000] {processor.py:840} INFO - DAG(s) 'example_subdag_operator.section-1', 'example_subdag_operator.section-2', 'example_subdag_operator' retrieved from /home/codespace/.local/share/virtualenvs/airflow_sandbox-vp-HKq_L/lib/python3.10/site-packages/airflow/example_dags/example_subdag_operator.py
[2024-02-12T19:43:49.934+0000] {logging_mixin.py:188} INFO - [2024-02-12T19:43:49.934+0000] {override.py:1769} INFO - Created Permission View: can delete on DAG:example_subdag_operator
[2024-02-12T19:43:49.968+0000] {logging_mixin.py:188} INFO - [2024-02-12T19:43:49.967+0000] {override.py:1769} INFO - Created Permission View: can read on DAG:example_subdag_operator
[2024-02-12T19:43:49.995+0000] {logging_mixin.py:188} INFO - [2024-02-12T19:43:49.995+0000] {override.py:1769} INFO - Created Permission View: can edit on DAG:example_subdag_operator
[2024-02-12T19:43:49.995+0000] {logging_mixin.py:188} INFO - [2024-02-12T19:43:49.995+0000] {dag.py:3033} INFO - Sync 3 DAGs
[2024-02-12T19:43:50.003+0000] {logging_mixin.py:188} INFO - [2024-02-12T19:43:50.002+0000] {dag.py:3055} INFO - Creating ORM DAG for example_subdag_operator.section-1
[2024-02-12T19:43:50.003+0000] {logging_mixin.py:188} INFO - [2024-02-12T19:43:50.003+0000] {dag.py:3055} INFO - Creating ORM DAG for example_subdag_operator.section-2
[2024-02-12T19:43:50.003+0000] {logging_mixin.py:188} INFO - [2024-02-12T19:43:50.003+0000] {dag.py:3055} INFO - Creating ORM DAG for example_subdag_operator
[2024-02-12T19:43:50.010+0000] {logging_mixin.py:188} INFO - [2024-02-12T19:43:50.010+0000] {dag.py:3820} INFO - Setting next_dagrun for example_subdag_operator to 2022-01-01T00:00:00+00:00, run_after=2022-01-01T00:00:00+00:00
[2024-02-12T19:43:50.010+0000] {logging_mixin.py:188} INFO - [2024-02-12T19:43:50.010+0000] {dag.py:3820} INFO - Setting next_dagrun for example_subdag_operator.section-1 to None, run_after=None
[2024-02-12T19:43:50.010+0000] {logging_mixin.py:188} INFO - [2024-02-12T19:43:50.010+0000] {dag.py:3820} INFO - Setting next_dagrun for example_subdag_operator.section-2 to None, run_after=None
[2024-02-12T19:43:50.015+0000] {logging_mixin.py:188} INFO - [2024-02-12T19:43:50.015+0000] {dag.py:3033} INFO - Sync 2 DAGs
[2024-02-12T19:43:50.018+0000] {logging_mixin.py:188} INFO - [2024-02-12T19:43:50.018+0000] {dag.py:3820} INFO - Setting next_dagrun for example_subdag_operator.section-1 to None, run_after=None
[2024-02-12T19:43:50.020+0000] {logging_mixin.py:188} INFO - [2024-02-12T19:43:50.020+0000] {dag.py:3820} INFO - Setting next_dagrun for example_subdag_operator.section-2 to None, run_after=None
[2024-02-12T19:43:50.059+0000] {processor.py:183} INFO - Processing /home/codespace/.local/share/virtualenvs/airflow_sandbox-vp-HKq_L/lib/python3.10/site-packages/airflow/example_dags/example_subdag_operator.py took 0.386 seconds
[2024-02-12T19:59:59.410+0000] {processor.py:161} INFO - Started process (PID=25265) to work on /home/codespace/.local/share/virtualenvs/airflow_sandbox-vp-HKq_L/lib/python3.10/site-packages/airflow/example_dags/example_subdag_operator.py
[2024-02-12T19:59:59.411+0000] {processor.py:830} INFO - Processing file /home/codespace/.local/share/virtualenvs/airflow_sandbox-vp-HKq_L/lib/python3.10/site-packages/airflow/example_dags/example_subdag_operator.py for tasks to queue
[2024-02-12T19:59:59.412+0000] {logging_mixin.py:188} INFO - [2024-02-12T19:59:59.411+0000] {dagbag.py:538} INFO - Filling up the DagBag from /home/codespace/.local/share/virtualenvs/airflow_sandbox-vp-HKq_L/lib/python3.10/site-packages/airflow/example_dags/example_subdag_operator.py
[2024-02-12T19:59:59.426+0000] {processor.py:840} INFO - DAG(s) 'example_subdag_operator.section-1', 'example_subdag_operator.section-2', 'example_subdag_operator' retrieved from /home/codespace/.local/share/virtualenvs/airflow_sandbox-vp-HKq_L/lib/python3.10/site-packages/airflow/example_dags/example_subdag_operator.py
[2024-02-12T19:59:59.446+0000] {logging_mixin.py:188} INFO - [2024-02-12T19:59:59.445+0000] {dag.py:3033} INFO - Sync 3 DAGs
[2024-02-12T19:59:59.541+0000] {logging_mixin.py:188} INFO - [2024-02-12T19:59:59.540+0000] {dag.py:3820} INFO - Setting next_dagrun for example_subdag_operator to 2022-01-01T00:00:00+00:00, run_after=2022-01-01T00:00:00+00:00
[2024-02-12T19:59:59.544+0000] {logging_mixin.py:188} INFO - [2024-02-12T19:59:59.544+0000] {dag.py:3820} INFO - Setting next_dagrun for example_subdag_operator.section-1 to None, run_after=None
[2024-02-12T19:59:59.545+0000] {logging_mixin.py:188} INFO - [2024-02-12T19:59:59.545+0000] {dag.py:3820} INFO - Setting next_dagrun for example_subdag_operator.section-2 to None, run_after=None
[2024-02-12T19:59:59.552+0000] {logging_mixin.py:188} INFO - [2024-02-12T19:59:59.551+0000] {dag.py:3033} INFO - Sync 2 DAGs
[2024-02-12T19:59:59.556+0000] {logging_mixin.py:188} INFO - [2024-02-12T19:59:59.556+0000] {dag.py:3820} INFO - Setting next_dagrun for example_subdag_operator.section-1 to None, run_after=None
[2024-02-12T19:59:59.556+0000] {logging_mixin.py:188} INFO - [2024-02-12T19:59:59.556+0000] {dag.py:3820} INFO - Setting next_dagrun for example_subdag_operator.section-2 to None, run_after=None
[2024-02-12T19:59:59.591+0000] {processor.py:183} INFO - Processing /home/codespace/.local/share/virtualenvs/airflow_sandbox-vp-HKq_L/lib/python3.10/site-packages/airflow/example_dags/example_subdag_operator.py took 0.183 seconds
[2024-02-12T20:00:50.121+0000] {processor.py:161} INFO - Started process (PID=25766) to work on /home/codespace/.local/share/virtualenvs/airflow_sandbox-vp-HKq_L/lib/python3.10/site-packages/airflow/example_dags/example_subdag_operator.py
[2024-02-12T20:00:50.122+0000] {processor.py:830} INFO - Processing file /home/codespace/.local/share/virtualenvs/airflow_sandbox-vp-HKq_L/lib/python3.10/site-packages/airflow/example_dags/example_subdag_operator.py for tasks to queue
[2024-02-12T20:00:50.122+0000] {logging_mixin.py:188} INFO - [2024-02-12T20:00:50.122+0000] {dagbag.py:538} INFO - Filling up the DagBag from /home/codespace/.local/share/virtualenvs/airflow_sandbox-vp-HKq_L/lib/python3.10/site-packages/airflow/example_dags/example_subdag_operator.py
[2024-02-12T20:00:50.137+0000] {processor.py:840} INFO - DAG(s) 'example_subdag_operator.section-1', 'example_subdag_operator.section-2', 'example_subdag_operator' retrieved from /home/codespace/.local/share/virtualenvs/airflow_sandbox-vp-HKq_L/lib/python3.10/site-packages/airflow/example_dags/example_subdag_operator.py
[2024-02-12T20:00:50.150+0000] {logging_mixin.py:188} INFO - [2024-02-12T20:00:50.150+0000] {dag.py:3033} INFO - Sync 3 DAGs
[2024-02-12T20:00:50.164+0000] {logging_mixin.py:188} INFO - [2024-02-12T20:00:50.164+0000] {dag.py:3820} INFO - Setting next_dagrun for example_subdag_operator to 2022-01-01T00:00:00+00:00, run_after=2022-01-01T00:00:00+00:00
[2024-02-12T20:00:50.166+0000] {logging_mixin.py:188} INFO - [2024-02-12T20:00:50.166+0000] {dag.py:3820} INFO - Setting next_dagrun for example_subdag_operator.section-1 to None, run_after=None
[2024-02-12T20:00:50.167+0000] {logging_mixin.py:188} INFO - [2024-02-12T20:00:50.167+0000] {dag.py:3820} INFO - Setting next_dagrun for example_subdag_operator.section-2 to None, run_after=None
[2024-02-12T20:00:50.172+0000] {logging_mixin.py:188} INFO - [2024-02-12T20:00:50.172+0000] {dag.py:3033} INFO - Sync 2 DAGs
[2024-02-12T20:00:50.174+0000] {logging_mixin.py:188} INFO - [2024-02-12T20:00:50.174+0000] {dag.py:3820} INFO - Setting next_dagrun for example_subdag_operator.section-1 to None, run_after=None
[2024-02-12T20:00:50.175+0000] {logging_mixin.py:188} INFO - [2024-02-12T20:00:50.175+0000] {dag.py:3820} INFO - Setting next_dagrun for example_subdag_operator.section-2 to None, run_after=None
[2024-02-12T20:00:50.216+0000] {processor.py:183} INFO - Processing /home/codespace/.local/share/virtualenvs/airflow_sandbox-vp-HKq_L/lib/python3.10/site-packages/airflow/example_dags/example_subdag_operator.py took 0.097 seconds
[2024-02-12T20:01:37.328+0000] {processor.py:161} INFO - Started process (PID=26192) to work on /home/codespace/.local/share/virtualenvs/airflow_sandbox-vp-HKq_L/lib/python3.10/site-packages/airflow/example_dags/example_subdag_operator.py
[2024-02-12T20:01:37.329+0000] {processor.py:830} INFO - Processing file /home/codespace/.local/share/virtualenvs/airflow_sandbox-vp-HKq_L/lib/python3.10/site-packages/airflow/example_dags/example_subdag_operator.py for tasks to queue
[2024-02-12T20:01:37.330+0000] {logging_mixin.py:188} INFO - [2024-02-12T20:01:37.329+0000] {dagbag.py:538} INFO - Filling up the DagBag from /home/codespace/.local/share/virtualenvs/airflow_sandbox-vp-HKq_L/lib/python3.10/site-packages/airflow/example_dags/example_subdag_operator.py
[2024-02-12T20:01:37.345+0000] {processor.py:840} INFO - DAG(s) 'example_subdag_operator.section-1', 'example_subdag_operator.section-2', 'example_subdag_operator' retrieved from /home/codespace/.local/share/virtualenvs/airflow_sandbox-vp-HKq_L/lib/python3.10/site-packages/airflow/example_dags/example_subdag_operator.py
[2024-02-12T20:01:37.357+0000] {logging_mixin.py:188} INFO - [2024-02-12T20:01:37.357+0000] {dag.py:3033} INFO - Sync 3 DAGs
[2024-02-12T20:01:37.372+0000] {logging_mixin.py:188} INFO - [2024-02-12T20:01:37.372+0000] {dag.py:3820} INFO - Setting next_dagrun for example_subdag_operator to 2022-01-01T00:00:00+00:00, run_after=2022-01-01T00:00:00+00:00
[2024-02-12T20:01:37.375+0000] {logging_mixin.py:188} INFO - [2024-02-12T20:01:37.375+0000] {dag.py:3820} INFO - Setting next_dagrun for example_subdag_operator.section-1 to None, run_after=None
[2024-02-12T20:01:37.376+0000] {logging_mixin.py:188} INFO - [2024-02-12T20:01:37.376+0000] {dag.py:3820} INFO - Setting next_dagrun for example_subdag_operator.section-2 to None, run_after=None
[2024-02-12T20:01:37.380+0000] {logging_mixin.py:188} INFO - [2024-02-12T20:01:37.380+0000] {dag.py:3033} INFO - Sync 2 DAGs
[2024-02-12T20:01:37.383+0000] {logging_mixin.py:188} INFO - [2024-02-12T20:01:37.383+0000] {dag.py:3820} INFO - Setting next_dagrun for example_subdag_operator.section-1 to None, run_after=None
[2024-02-12T20:01:37.383+0000] {logging_mixin.py:188} INFO - [2024-02-12T20:01:37.383+0000] {dag.py:3820} INFO - Setting next_dagrun for example_subdag_operator.section-2 to None, run_after=None
[2024-02-12T20:01:37.416+0000] {processor.py:183} INFO - Processing /home/codespace/.local/share/virtualenvs/airflow_sandbox-vp-HKq_L/lib/python3.10/site-packages/airflow/example_dags/example_subdag_operator.py took 0.090 seconds
[2024-02-12T20:02:22.528+0000] {processor.py:161} INFO - Started process (PID=26631) to work on /home/codespace/.local/share/virtualenvs/airflow_sandbox-vp-HKq_L/lib/python3.10/site-packages/airflow/example_dags/example_subdag_operator.py
[2024-02-12T20:02:22.529+0000] {processor.py:830} INFO - Processing file /home/codespace/.local/share/virtualenvs/airflow_sandbox-vp-HKq_L/lib/python3.10/site-packages/airflow/example_dags/example_subdag_operator.py for tasks to queue
[2024-02-12T20:02:22.530+0000] {logging_mixin.py:188} INFO - [2024-02-12T20:02:22.529+0000] {dagbag.py:538} INFO - Filling up the DagBag from /home/codespace/.local/share/virtualenvs/airflow_sandbox-vp-HKq_L/lib/python3.10/site-packages/airflow/example_dags/example_subdag_operator.py
[2024-02-12T20:02:22.545+0000] {processor.py:840} INFO - DAG(s) 'example_subdag_operator.section-1', 'example_subdag_operator.section-2', 'example_subdag_operator' retrieved from /home/codespace/.local/share/virtualenvs/airflow_sandbox-vp-HKq_L/lib/python3.10/site-packages/airflow/example_dags/example_subdag_operator.py
[2024-02-12T20:02:22.557+0000] {logging_mixin.py:188} INFO - [2024-02-12T20:02:22.557+0000] {dag.py:3033} INFO - Sync 3 DAGs
[2024-02-12T20:02:22.571+0000] {logging_mixin.py:188} INFO - [2024-02-12T20:02:22.571+0000] {dag.py:3820} INFO - Setting next_dagrun for example_subdag_operator to 2022-01-01T00:00:00+00:00, run_after=2022-01-01T00:00:00+00:00
[2024-02-12T20:02:22.574+0000] {logging_mixin.py:188} INFO - [2024-02-12T20:02:22.574+0000] {dag.py:3820} INFO - Setting next_dagrun for example_subdag_operator.section-1 to None, run_after=None
[2024-02-12T20:02:22.575+0000] {logging_mixin.py:188} INFO - [2024-02-12T20:02:22.575+0000] {dag.py:3820} INFO - Setting next_dagrun for example_subdag_operator.section-2 to None, run_after=None
[2024-02-12T20:02:22.579+0000] {logging_mixin.py:188} INFO - [2024-02-12T20:02:22.579+0000] {dag.py:3033} INFO - Sync 2 DAGs
[2024-02-12T20:02:22.582+0000] {logging_mixin.py:188} INFO - [2024-02-12T20:02:22.582+0000] {dag.py:3820} INFO - Setting next_dagrun for example_subdag_operator.section-1 to None, run_after=None
[2024-02-12T20:02:22.582+0000] {logging_mixin.py:188} INFO - [2024-02-12T20:02:22.582+0000] {dag.py:3820} INFO - Setting next_dagrun for example_subdag_operator.section-2 to None, run_after=None
[2024-02-12T20:02:22.616+0000] {processor.py:183} INFO - Processing /home/codespace/.local/share/virtualenvs/airflow_sandbox-vp-HKq_L/lib/python3.10/site-packages/airflow/example_dags/example_subdag_operator.py took 0.090 seconds
[2024-02-12T20:03:02.483+0000] {processor.py:161} INFO - Started process (PID=27157) to work on /home/codespace/.local/share/virtualenvs/airflow_sandbox-vp-HKq_L/lib/python3.10/site-packages/airflow/example_dags/example_subdag_operator.py
[2024-02-12T20:03:02.484+0000] {processor.py:830} INFO - Processing file /home/codespace/.local/share/virtualenvs/airflow_sandbox-vp-HKq_L/lib/python3.10/site-packages/airflow/example_dags/example_subdag_operator.py for tasks to queue
[2024-02-12T20:03:02.485+0000] {logging_mixin.py:188} INFO - [2024-02-12T20:03:02.484+0000] {dagbag.py:538} INFO - Filling up the DagBag from /home/codespace/.local/share/virtualenvs/airflow_sandbox-vp-HKq_L/lib/python3.10/site-packages/airflow/example_dags/example_subdag_operator.py
[2024-02-12T20:03:02.504+0000] {processor.py:840} INFO - DAG(s) 'example_subdag_operator.section-1', 'example_subdag_operator.section-2', 'example_subdag_operator' retrieved from /home/codespace/.local/share/virtualenvs/airflow_sandbox-vp-HKq_L/lib/python3.10/site-packages/airflow/example_dags/example_subdag_operator.py
[2024-02-12T20:03:02.526+0000] {logging_mixin.py:188} INFO - [2024-02-12T20:03:02.525+0000] {dag.py:3033} INFO - Sync 3 DAGs
[2024-02-12T20:03:02.545+0000] {logging_mixin.py:188} INFO - [2024-02-12T20:03:02.545+0000] {dag.py:3820} INFO - Setting next_dagrun for example_subdag_operator to 2022-01-01T00:00:00+00:00, run_after=2022-01-01T00:00:00+00:00
[2024-02-12T20:03:02.548+0000] {logging_mixin.py:188} INFO - [2024-02-12T20:03:02.548+0000] {dag.py:3820} INFO - Setting next_dagrun for example_subdag_operator.section-1 to None, run_after=None
[2024-02-12T20:03:02.548+0000] {logging_mixin.py:188} INFO - [2024-02-12T20:03:02.548+0000] {dag.py:3820} INFO - Setting next_dagrun for example_subdag_operator.section-2 to None, run_after=None
[2024-02-12T20:03:02.553+0000] {logging_mixin.py:188} INFO - [2024-02-12T20:03:02.553+0000] {dag.py:3033} INFO - Sync 2 DAGs
[2024-02-12T20:03:02.556+0000] {logging_mixin.py:188} INFO - [2024-02-12T20:03:02.556+0000] {dag.py:3820} INFO - Setting next_dagrun for example_subdag_operator.section-1 to None, run_after=None
[2024-02-12T20:03:02.556+0000] {logging_mixin.py:188} INFO - [2024-02-12T20:03:02.556+0000] {dag.py:3820} INFO - Setting next_dagrun for example_subdag_operator.section-2 to None, run_after=None
[2024-02-12T20:03:02.589+0000] {processor.py:183} INFO - Processing /home/codespace/.local/share/virtualenvs/airflow_sandbox-vp-HKq_L/lib/python3.10/site-packages/airflow/example_dags/example_subdag_operator.py took 0.108 seconds
[2024-02-12T20:03:38.957+0000] {processor.py:161} INFO - Started process (PID=27593) to work on /home/codespace/.local/share/virtualenvs/airflow_sandbox-vp-HKq_L/lib/python3.10/site-packages/airflow/example_dags/example_subdag_operator.py
[2024-02-12T20:03:38.958+0000] {processor.py:830} INFO - Processing file /home/codespace/.local/share/virtualenvs/airflow_sandbox-vp-HKq_L/lib/python3.10/site-packages/airflow/example_dags/example_subdag_operator.py for tasks to queue
[2024-02-12T20:03:38.959+0000] {logging_mixin.py:188} INFO - [2024-02-12T20:03:38.959+0000] {dagbag.py:538} INFO - Filling up the DagBag from /home/codespace/.local/share/virtualenvs/airflow_sandbox-vp-HKq_L/lib/python3.10/site-packages/airflow/example_dags/example_subdag_operator.py
[2024-02-12T20:03:38.977+0000] {processor.py:840} INFO - DAG(s) 'example_subdag_operator.section-1', 'example_subdag_operator.section-2', 'example_subdag_operator' retrieved from /home/codespace/.local/share/virtualenvs/airflow_sandbox-vp-HKq_L/lib/python3.10/site-packages/airflow/example_dags/example_subdag_operator.py
[2024-02-12T20:03:38.995+0000] {logging_mixin.py:188} INFO - [2024-02-12T20:03:38.995+0000] {dag.py:3033} INFO - Sync 3 DAGs
[2024-02-12T20:03:39.010+0000] {logging_mixin.py:188} INFO - [2024-02-12T20:03:39.010+0000] {dag.py:3820} INFO - Setting next_dagrun for example_subdag_operator to 2022-01-01T00:00:00+00:00, run_after=2022-01-01T00:00:00+00:00
[2024-02-12T20:03:39.012+0000] {logging_mixin.py:188} INFO - [2024-02-12T20:03:39.012+0000] {dag.py:3820} INFO - Setting next_dagrun for example_subdag_operator.section-1 to None, run_after=None
[2024-02-12T20:03:39.013+0000] {logging_mixin.py:188} INFO - [2024-02-12T20:03:39.013+0000] {dag.py:3820} INFO - Setting next_dagrun for example_subdag_operator.section-2 to None, run_after=None
[2024-02-12T20:03:39.018+0000] {logging_mixin.py:188} INFO - [2024-02-12T20:03:39.017+0000] {dag.py:3033} INFO - Sync 2 DAGs
[2024-02-12T20:03:39.020+0000] {logging_mixin.py:188} INFO - [2024-02-12T20:03:39.020+0000] {dag.py:3820} INFO - Setting next_dagrun for example_subdag_operator.section-1 to None, run_after=None
[2024-02-12T20:03:39.021+0000] {logging_mixin.py:188} INFO - [2024-02-12T20:03:39.021+0000] {dag.py:3820} INFO - Setting next_dagrun for example_subdag_operator.section-2 to None, run_after=None
[2024-02-12T20:03:39.055+0000] {processor.py:183} INFO - Processing /home/codespace/.local/share/virtualenvs/airflow_sandbox-vp-HKq_L/lib/python3.10/site-packages/airflow/example_dags/example_subdag_operator.py took 0.100 seconds
[2024-02-12T20:04:16.543+0000] {processor.py:161} INFO - Started process (PID=27928) to work on /home/codespace/.local/share/virtualenvs/airflow_sandbox-vp-HKq_L/lib/python3.10/site-packages/airflow/example_dags/example_subdag_operator.py
[2024-02-12T20:04:16.543+0000] {processor.py:830} INFO - Processing file /home/codespace/.local/share/virtualenvs/airflow_sandbox-vp-HKq_L/lib/python3.10/site-packages/airflow/example_dags/example_subdag_operator.py for tasks to queue
[2024-02-12T20:04:16.544+0000] {logging_mixin.py:188} INFO - [2024-02-12T20:04:16.544+0000] {dagbag.py:538} INFO - Filling up the DagBag from /home/codespace/.local/share/virtualenvs/airflow_sandbox-vp-HKq_L/lib/python3.10/site-packages/airflow/example_dags/example_subdag_operator.py
[2024-02-12T20:04:16.559+0000] {processor.py:840} INFO - DAG(s) 'example_subdag_operator.section-1', 'example_subdag_operator.section-2', 'example_subdag_operator' retrieved from /home/codespace/.local/share/virtualenvs/airflow_sandbox-vp-HKq_L/lib/python3.10/site-packages/airflow/example_dags/example_subdag_operator.py
[2024-02-12T20:04:16.571+0000] {logging_mixin.py:188} INFO - [2024-02-12T20:04:16.571+0000] {dag.py:3033} INFO - Sync 3 DAGs
[2024-02-12T20:04:16.585+0000] {logging_mixin.py:188} INFO - [2024-02-12T20:04:16.585+0000] {dag.py:3820} INFO - Setting next_dagrun for example_subdag_operator to 2022-01-01T00:00:00+00:00, run_after=2022-01-01T00:00:00+00:00
[2024-02-12T20:04:16.588+0000] {logging_mixin.py:188} INFO - [2024-02-12T20:04:16.588+0000] {dag.py:3820} INFO - Setting next_dagrun for example_subdag_operator.section-1 to None, run_after=None
[2024-02-12T20:04:16.588+0000] {logging_mixin.py:188} INFO - [2024-02-12T20:04:16.588+0000] {dag.py:3820} INFO - Setting next_dagrun for example_subdag_operator.section-2 to None, run_after=None
[2024-02-12T20:04:16.593+0000] {logging_mixin.py:188} INFO - [2024-02-12T20:04:16.593+0000] {dag.py:3033} INFO - Sync 2 DAGs
[2024-02-12T20:04:16.595+0000] {logging_mixin.py:188} INFO - [2024-02-12T20:04:16.595+0000] {dag.py:3820} INFO - Setting next_dagrun for example_subdag_operator.section-1 to None, run_after=None
[2024-02-12T20:04:16.596+0000] {logging_mixin.py:188} INFO - [2024-02-12T20:04:16.596+0000] {dag.py:3820} INFO - Setting next_dagrun for example_subdag_operator.section-2 to None, run_after=None
[2024-02-12T20:04:16.632+0000] {processor.py:183} INFO - Processing /home/codespace/.local/share/virtualenvs/airflow_sandbox-vp-HKq_L/lib/python3.10/site-packages/airflow/example_dags/example_subdag_operator.py took 0.092 seconds
[2024-02-12T20:05:08.187+0000] {processor.py:161} INFO - Started process (PID=28154) to work on /home/codespace/.local/share/virtualenvs/airflow_sandbox-vp-HKq_L/lib/python3.10/site-packages/airflow/example_dags/example_subdag_operator.py
[2024-02-12T20:05:08.188+0000] {processor.py:830} INFO - Processing file /home/codespace/.local/share/virtualenvs/airflow_sandbox-vp-HKq_L/lib/python3.10/site-packages/airflow/example_dags/example_subdag_operator.py for tasks to queue
[2024-02-12T20:05:08.188+0000] {logging_mixin.py:188} INFO - [2024-02-12T20:05:08.188+0000] {dagbag.py:538} INFO - Filling up the DagBag from /home/codespace/.local/share/virtualenvs/airflow_sandbox-vp-HKq_L/lib/python3.10/site-packages/airflow/example_dags/example_subdag_operator.py
[2024-02-12T20:05:08.203+0000] {processor.py:840} INFO - DAG(s) 'example_subdag_operator.section-1', 'example_subdag_operator.section-2', 'example_subdag_operator' retrieved from /home/codespace/.local/share/virtualenvs/airflow_sandbox-vp-HKq_L/lib/python3.10/site-packages/airflow/example_dags/example_subdag_operator.py
[2024-02-12T20:05:08.215+0000] {logging_mixin.py:188} INFO - [2024-02-12T20:05:08.215+0000] {dag.py:3033} INFO - Sync 3 DAGs
[2024-02-12T20:05:08.230+0000] {logging_mixin.py:188} INFO - [2024-02-12T20:05:08.229+0000] {dag.py:3820} INFO - Setting next_dagrun for example_subdag_operator to 2022-01-01T00:00:00+00:00, run_after=2022-01-01T00:00:00+00:00
[2024-02-12T20:05:08.232+0000] {logging_mixin.py:188} INFO - [2024-02-12T20:05:08.232+0000] {dag.py:3820} INFO - Setting next_dagrun for example_subdag_operator.section-1 to None, run_after=None
[2024-02-12T20:05:08.233+0000] {logging_mixin.py:188} INFO - [2024-02-12T20:05:08.233+0000] {dag.py:3820} INFO - Setting next_dagrun for example_subdag_operator.section-2 to None, run_after=None
[2024-02-12T20:05:08.237+0000] {logging_mixin.py:188} INFO - [2024-02-12T20:05:08.237+0000] {dag.py:3033} INFO - Sync 2 DAGs
[2024-02-12T20:05:08.240+0000] {logging_mixin.py:188} INFO - [2024-02-12T20:05:08.240+0000] {dag.py:3820} INFO - Setting next_dagrun for example_subdag_operator.section-1 to None, run_after=None
[2024-02-12T20:05:08.240+0000] {logging_mixin.py:188} INFO - [2024-02-12T20:05:08.240+0000] {dag.py:3820} INFO - Setting next_dagrun for example_subdag_operator.section-2 to None, run_after=None
[2024-02-12T20:05:08.282+0000] {processor.py:183} INFO - Processing /home/codespace/.local/share/virtualenvs/airflow_sandbox-vp-HKq_L/lib/python3.10/site-packages/airflow/example_dags/example_subdag_operator.py took 0.097 seconds
[2024-02-12T20:05:45.429+0000] {processor.py:161} INFO - Started process (PID=28257) to work on /home/codespace/.local/share/virtualenvs/airflow_sandbox-vp-HKq_L/lib/python3.10/site-packages/airflow/example_dags/example_subdag_operator.py
[2024-02-12T20:05:45.430+0000] {processor.py:830} INFO - Processing file /home/codespace/.local/share/virtualenvs/airflow_sandbox-vp-HKq_L/lib/python3.10/site-packages/airflow/example_dags/example_subdag_operator.py for tasks to queue
[2024-02-12T20:05:45.431+0000] {logging_mixin.py:188} INFO - [2024-02-12T20:05:45.431+0000] {dagbag.py:538} INFO - Filling up the DagBag from /home/codespace/.local/share/virtualenvs/airflow_sandbox-vp-HKq_L/lib/python3.10/site-packages/airflow/example_dags/example_subdag_operator.py
[2024-02-12T20:05:45.448+0000] {processor.py:840} INFO - DAG(s) 'example_subdag_operator.section-1', 'example_subdag_operator.section-2', 'example_subdag_operator' retrieved from /home/codespace/.local/share/virtualenvs/airflow_sandbox-vp-HKq_L/lib/python3.10/site-packages/airflow/example_dags/example_subdag_operator.py
[2024-02-12T20:05:45.465+0000] {logging_mixin.py:188} INFO - [2024-02-12T20:05:45.465+0000] {dag.py:3033} INFO - Sync 3 DAGs
[2024-02-12T20:05:45.479+0000] {logging_mixin.py:188} INFO - [2024-02-12T20:05:45.479+0000] {dag.py:3820} INFO - Setting next_dagrun for example_subdag_operator to 2022-01-01T00:00:00+00:00, run_after=2022-01-01T00:00:00+00:00
[2024-02-12T20:05:45.482+0000] {logging_mixin.py:188} INFO - [2024-02-12T20:05:45.482+0000] {dag.py:3820} INFO - Setting next_dagrun for example_subdag_operator.section-1 to None, run_after=None
[2024-02-12T20:05:45.482+0000] {logging_mixin.py:188} INFO - [2024-02-12T20:05:45.482+0000] {dag.py:3820} INFO - Setting next_dagrun for example_subdag_operator.section-2 to None, run_after=None
[2024-02-12T20:05:45.487+0000] {logging_mixin.py:188} INFO - [2024-02-12T20:05:45.486+0000] {dag.py:3033} INFO - Sync 2 DAGs
[2024-02-12T20:05:45.489+0000] {logging_mixin.py:188} INFO - [2024-02-12T20:05:45.489+0000] {dag.py:3820} INFO - Setting next_dagrun for example_subdag_operator.section-1 to None, run_after=None
[2024-02-12T20:05:45.490+0000] {logging_mixin.py:188} INFO - [2024-02-12T20:05:45.489+0000] {dag.py:3820} INFO - Setting next_dagrun for example_subdag_operator.section-2 to None, run_after=None
[2024-02-12T20:05:45.523+0000] {processor.py:183} INFO - Processing /home/codespace/.local/share/virtualenvs/airflow_sandbox-vp-HKq_L/lib/python3.10/site-packages/airflow/example_dags/example_subdag_operator.py took 0.096 seconds
[2024-02-12T20:06:38.100+0000] {processor.py:161} INFO - Started process (PID=28410) to work on /home/codespace/.local/share/virtualenvs/airflow_sandbox-vp-HKq_L/lib/python3.10/site-packages/airflow/example_dags/example_subdag_operator.py
[2024-02-12T20:06:38.100+0000] {processor.py:830} INFO - Processing file /home/codespace/.local/share/virtualenvs/airflow_sandbox-vp-HKq_L/lib/python3.10/site-packages/airflow/example_dags/example_subdag_operator.py for tasks to queue
[2024-02-12T20:06:38.101+0000] {logging_mixin.py:188} INFO - [2024-02-12T20:06:38.101+0000] {dagbag.py:538} INFO - Filling up the DagBag from /home/codespace/.local/share/virtualenvs/airflow_sandbox-vp-HKq_L/lib/python3.10/site-packages/airflow/example_dags/example_subdag_operator.py
[2024-02-12T20:06:38.115+0000] {processor.py:840} INFO - DAG(s) 'example_subdag_operator.section-1', 'example_subdag_operator.section-2', 'example_subdag_operator' retrieved from /home/codespace/.local/share/virtualenvs/airflow_sandbox-vp-HKq_L/lib/python3.10/site-packages/airflow/example_dags/example_subdag_operator.py
[2024-02-12T20:06:38.127+0000] {logging_mixin.py:188} INFO - [2024-02-12T20:06:38.127+0000] {dag.py:3033} INFO - Sync 3 DAGs
[2024-02-12T20:06:38.141+0000] {logging_mixin.py:188} INFO - [2024-02-12T20:06:38.141+0000] {dag.py:3820} INFO - Setting next_dagrun for example_subdag_operator to 2022-01-01T00:00:00+00:00, run_after=2022-01-01T00:00:00+00:00
[2024-02-12T20:06:38.144+0000] {logging_mixin.py:188} INFO - [2024-02-12T20:06:38.144+0000] {dag.py:3820} INFO - Setting next_dagrun for example_subdag_operator.section-1 to None, run_after=None
[2024-02-12T20:06:38.145+0000] {logging_mixin.py:188} INFO - [2024-02-12T20:06:38.145+0000] {dag.py:3820} INFO - Setting next_dagrun for example_subdag_operator.section-2 to None, run_after=None
[2024-02-12T20:06:38.149+0000] {logging_mixin.py:188} INFO - [2024-02-12T20:06:38.149+0000] {dag.py:3033} INFO - Sync 2 DAGs
[2024-02-12T20:06:38.152+0000] {logging_mixin.py:188} INFO - [2024-02-12T20:06:38.152+0000] {dag.py:3820} INFO - Setting next_dagrun for example_subdag_operator.section-1 to None, run_after=None
[2024-02-12T20:06:38.152+0000] {logging_mixin.py:188} INFO - [2024-02-12T20:06:38.152+0000] {dag.py:3820} INFO - Setting next_dagrun for example_subdag_operator.section-2 to None, run_after=None
[2024-02-12T20:06:38.186+0000] {processor.py:183} INFO - Processing /home/codespace/.local/share/virtualenvs/airflow_sandbox-vp-HKq_L/lib/python3.10/site-packages/airflow/example_dags/example_subdag_operator.py took 0.089 seconds
[2024-02-12T20:07:14.905+0000] {processor.py:161} INFO - Started process (PID=28809) to work on /home/codespace/.local/share/virtualenvs/airflow_sandbox-vp-HKq_L/lib/python3.10/site-packages/airflow/example_dags/example_subdag_operator.py
[2024-02-12T20:07:14.906+0000] {processor.py:830} INFO - Processing file /home/codespace/.local/share/virtualenvs/airflow_sandbox-vp-HKq_L/lib/python3.10/site-packages/airflow/example_dags/example_subdag_operator.py for tasks to queue
[2024-02-12T20:07:14.907+0000] {logging_mixin.py:188} INFO - [2024-02-12T20:07:14.907+0000] {dagbag.py:538} INFO - Filling up the DagBag from /home/codespace/.local/share/virtualenvs/airflow_sandbox-vp-HKq_L/lib/python3.10/site-packages/airflow/example_dags/example_subdag_operator.py
[2024-02-12T20:07:14.921+0000] {processor.py:840} INFO - DAG(s) 'example_subdag_operator.section-1', 'example_subdag_operator.section-2', 'example_subdag_operator' retrieved from /home/codespace/.local/share/virtualenvs/airflow_sandbox-vp-HKq_L/lib/python3.10/site-packages/airflow/example_dags/example_subdag_operator.py
[2024-02-12T20:07:14.933+0000] {logging_mixin.py:188} INFO - [2024-02-12T20:07:14.933+0000] {dag.py:3033} INFO - Sync 3 DAGs
[2024-02-12T20:07:14.947+0000] {logging_mixin.py:188} INFO - [2024-02-12T20:07:14.947+0000] {dag.py:3820} INFO - Setting next_dagrun for example_subdag_operator to 2022-01-01T00:00:00+00:00, run_after=2022-01-01T00:00:00+00:00
[2024-02-12T20:07:14.950+0000] {logging_mixin.py:188} INFO - [2024-02-12T20:07:14.950+0000] {dag.py:3820} INFO - Setting next_dagrun for example_subdag_operator.section-1 to None, run_after=None
[2024-02-12T20:07:14.951+0000] {logging_mixin.py:188} INFO - [2024-02-12T20:07:14.951+0000] {dag.py:3820} INFO - Setting next_dagrun for example_subdag_operator.section-2 to None, run_after=None
[2024-02-12T20:07:14.956+0000] {logging_mixin.py:188} INFO - [2024-02-12T20:07:14.956+0000] {dag.py:3033} INFO - Sync 2 DAGs
[2024-02-12T20:07:14.959+0000] {logging_mixin.py:188} INFO - [2024-02-12T20:07:14.959+0000] {dag.py:3820} INFO - Setting next_dagrun for example_subdag_operator.section-1 to None, run_after=None
[2024-02-12T20:07:14.959+0000] {logging_mixin.py:188} INFO - [2024-02-12T20:07:14.959+0000] {dag.py:3820} INFO - Setting next_dagrun for example_subdag_operator.section-2 to None, run_after=None
[2024-02-12T20:07:14.993+0000] {processor.py:183} INFO - Processing /home/codespace/.local/share/virtualenvs/airflow_sandbox-vp-HKq_L/lib/python3.10/site-packages/airflow/example_dags/example_subdag_operator.py took 0.090 seconds
