[2024-02-12T19:43:41.049+0000] {processor.py:161} INFO - Started process (PID=15853) to work on /home/codespace/.local/share/virtualenvs/airflow_sandbox-vp-HKq_L/lib/python3.10/site-packages/airflow/example_dags/example_time_delta_sensor_async.py
[2024-02-12T19:43:41.050+0000] {processor.py:830} INFO - Processing file /home/codespace/.local/share/virtualenvs/airflow_sandbox-vp-HKq_L/lib/python3.10/site-packages/airflow/example_dags/example_time_delta_sensor_async.py for tasks to queue
[2024-02-12T19:43:41.050+0000] {logging_mixin.py:188} INFO - [2024-02-12T19:43:41.050+0000] {dagbag.py:538} INFO - Filling up the DagBag from /home/codespace/.local/share/virtualenvs/airflow_sandbox-vp-HKq_L/lib/python3.10/site-packages/airflow/example_dags/example_time_delta_sensor_async.py
[2024-02-12T19:43:41.056+0000] {processor.py:840} INFO - DAG(s) 'example_time_delta_sensor_async' retrieved from /home/codespace/.local/share/virtualenvs/airflow_sandbox-vp-HKq_L/lib/python3.10/site-packages/airflow/example_dags/example_time_delta_sensor_async.py
[2024-02-12T19:43:41.311+0000] {logging_mixin.py:188} INFO - [2024-02-12T19:43:41.310+0000] {override.py:1769} INFO - Created Permission View: can delete on DAG:example_time_delta_sensor_async
[2024-02-12T19:43:41.341+0000] {logging_mixin.py:188} INFO - [2024-02-12T19:43:41.341+0000] {override.py:1769} INFO - Created Permission View: can read on DAG:example_time_delta_sensor_async
[2024-02-12T19:43:41.368+0000] {logging_mixin.py:188} INFO - [2024-02-12T19:43:41.368+0000] {override.py:1769} INFO - Created Permission View: can edit on DAG:example_time_delta_sensor_async
[2024-02-12T19:43:41.369+0000] {logging_mixin.py:188} INFO - [2024-02-12T19:43:41.369+0000] {dag.py:3033} INFO - Sync 1 DAGs
[2024-02-12T19:43:41.377+0000] {logging_mixin.py:188} INFO - [2024-02-12T19:43:41.377+0000] {dag.py:3055} INFO - Creating ORM DAG for example_time_delta_sensor_async
[2024-02-12T19:43:41.378+0000] {logging_mixin.py:188} INFO - [2024-02-12T19:43:41.378+0000] {dag.py:3820} INFO - Setting next_dagrun for example_time_delta_sensor_async to None, run_after=None
[2024-02-12T19:43:41.421+0000] {processor.py:183} INFO - Processing /home/codespace/.local/share/virtualenvs/airflow_sandbox-vp-HKq_L/lib/python3.10/site-packages/airflow/example_dags/example_time_delta_sensor_async.py took 0.375 seconds
[2024-02-12T19:59:50.318+0000] {processor.py:161} INFO - Started process (PID=25154) to work on /home/codespace/.local/share/virtualenvs/airflow_sandbox-vp-HKq_L/lib/python3.10/site-packages/airflow/example_dags/example_time_delta_sensor_async.py
[2024-02-12T19:59:50.319+0000] {processor.py:830} INFO - Processing file /home/codespace/.local/share/virtualenvs/airflow_sandbox-vp-HKq_L/lib/python3.10/site-packages/airflow/example_dags/example_time_delta_sensor_async.py for tasks to queue
[2024-02-12T19:59:50.319+0000] {logging_mixin.py:188} INFO - [2024-02-12T19:59:50.319+0000] {dagbag.py:538} INFO - Filling up the DagBag from /home/codespace/.local/share/virtualenvs/airflow_sandbox-vp-HKq_L/lib/python3.10/site-packages/airflow/example_dags/example_time_delta_sensor_async.py
[2024-02-12T19:59:50.325+0000] {processor.py:840} INFO - DAG(s) 'example_time_delta_sensor_async' retrieved from /home/codespace/.local/share/virtualenvs/airflow_sandbox-vp-HKq_L/lib/python3.10/site-packages/airflow/example_dags/example_time_delta_sensor_async.py
[2024-02-12T19:59:50.343+0000] {logging_mixin.py:188} INFO - [2024-02-12T19:59:50.343+0000] {dag.py:3033} INFO - Sync 1 DAGs
[2024-02-12T19:59:50.352+0000] {logging_mixin.py:188} INFO - [2024-02-12T19:59:50.352+0000] {dag.py:3820} INFO - Setting next_dagrun for example_time_delta_sensor_async to None, run_after=None
[2024-02-12T19:59:50.391+0000] {processor.py:183} INFO - Processing /home/codespace/.local/share/virtualenvs/airflow_sandbox-vp-HKq_L/lib/python3.10/site-packages/airflow/example_dags/example_time_delta_sensor_async.py took 0.075 seconds
[2024-02-12T20:00:43.894+0000] {processor.py:161} INFO - Started process (PID=25734) to work on /home/codespace/.local/share/virtualenvs/airflow_sandbox-vp-HKq_L/lib/python3.10/site-packages/airflow/example_dags/example_time_delta_sensor_async.py
[2024-02-12T20:00:43.894+0000] {processor.py:830} INFO - Processing file /home/codespace/.local/share/virtualenvs/airflow_sandbox-vp-HKq_L/lib/python3.10/site-packages/airflow/example_dags/example_time_delta_sensor_async.py for tasks to queue
[2024-02-12T20:00:43.895+0000] {logging_mixin.py:188} INFO - [2024-02-12T20:00:43.895+0000] {dagbag.py:538} INFO - Filling up the DagBag from /home/codespace/.local/share/virtualenvs/airflow_sandbox-vp-HKq_L/lib/python3.10/site-packages/airflow/example_dags/example_time_delta_sensor_async.py
[2024-02-12T20:00:43.899+0000] {processor.py:840} INFO - DAG(s) 'example_time_delta_sensor_async' retrieved from /home/codespace/.local/share/virtualenvs/airflow_sandbox-vp-HKq_L/lib/python3.10/site-packages/airflow/example_dags/example_time_delta_sensor_async.py
[2024-02-12T20:00:43.910+0000] {logging_mixin.py:188} INFO - [2024-02-12T20:00:43.910+0000] {dag.py:3033} INFO - Sync 1 DAGs
[2024-02-12T20:00:43.919+0000] {logging_mixin.py:188} INFO - [2024-02-12T20:00:43.919+0000] {dag.py:3820} INFO - Setting next_dagrun for example_time_delta_sensor_async to None, run_after=None
[2024-02-12T20:00:43.975+0000] {processor.py:183} INFO - Processing /home/codespace/.local/share/virtualenvs/airflow_sandbox-vp-HKq_L/lib/python3.10/site-packages/airflow/example_dags/example_time_delta_sensor_async.py took 0.084 seconds
[2024-02-12T20:01:22.352+0000] {processor.py:161} INFO - Started process (PID=26087) to work on /home/codespace/.local/share/virtualenvs/airflow_sandbox-vp-HKq_L/lib/python3.10/site-packages/airflow/example_dags/example_time_delta_sensor_async.py
[2024-02-12T20:01:22.353+0000] {processor.py:830} INFO - Processing file /home/codespace/.local/share/virtualenvs/airflow_sandbox-vp-HKq_L/lib/python3.10/site-packages/airflow/example_dags/example_time_delta_sensor_async.py for tasks to queue
[2024-02-12T20:01:22.354+0000] {logging_mixin.py:188} INFO - [2024-02-12T20:01:22.354+0000] {dagbag.py:538} INFO - Filling up the DagBag from /home/codespace/.local/share/virtualenvs/airflow_sandbox-vp-HKq_L/lib/python3.10/site-packages/airflow/example_dags/example_time_delta_sensor_async.py
[2024-02-12T20:01:22.357+0000] {processor.py:840} INFO - DAG(s) 'example_time_delta_sensor_async' retrieved from /home/codespace/.local/share/virtualenvs/airflow_sandbox-vp-HKq_L/lib/python3.10/site-packages/airflow/example_dags/example_time_delta_sensor_async.py
[2024-02-12T20:01:22.369+0000] {logging_mixin.py:188} INFO - [2024-02-12T20:01:22.369+0000] {dag.py:3033} INFO - Sync 1 DAGs
[2024-02-12T20:01:22.378+0000] {logging_mixin.py:188} INFO - [2024-02-12T20:01:22.378+0000] {dag.py:3820} INFO - Setting next_dagrun for example_time_delta_sensor_async to None, run_after=None
[2024-02-12T20:01:22.417+0000] {processor.py:183} INFO - Processing /home/codespace/.local/share/virtualenvs/airflow_sandbox-vp-HKq_L/lib/python3.10/site-packages/airflow/example_dags/example_time_delta_sensor_async.py took 0.067 seconds
[2024-02-12T20:02:07.073+0000] {processor.py:161} INFO - Started process (PID=26532) to work on /home/codespace/.local/share/virtualenvs/airflow_sandbox-vp-HKq_L/lib/python3.10/site-packages/airflow/example_dags/example_time_delta_sensor_async.py
[2024-02-12T20:02:07.074+0000] {processor.py:830} INFO - Processing file /home/codespace/.local/share/virtualenvs/airflow_sandbox-vp-HKq_L/lib/python3.10/site-packages/airflow/example_dags/example_time_delta_sensor_async.py for tasks to queue
[2024-02-12T20:02:07.074+0000] {logging_mixin.py:188} INFO - [2024-02-12T20:02:07.074+0000] {dagbag.py:538} INFO - Filling up the DagBag from /home/codespace/.local/share/virtualenvs/airflow_sandbox-vp-HKq_L/lib/python3.10/site-packages/airflow/example_dags/example_time_delta_sensor_async.py
[2024-02-12T20:02:07.078+0000] {processor.py:840} INFO - DAG(s) 'example_time_delta_sensor_async' retrieved from /home/codespace/.local/share/virtualenvs/airflow_sandbox-vp-HKq_L/lib/python3.10/site-packages/airflow/example_dags/example_time_delta_sensor_async.py
[2024-02-12T20:02:07.089+0000] {logging_mixin.py:188} INFO - [2024-02-12T20:02:07.089+0000] {dag.py:3033} INFO - Sync 1 DAGs
[2024-02-12T20:02:07.098+0000] {logging_mixin.py:188} INFO - [2024-02-12T20:02:07.098+0000] {dag.py:3820} INFO - Setting next_dagrun for example_time_delta_sensor_async to None, run_after=None
[2024-02-12T20:02:07.137+0000] {processor.py:183} INFO - Processing /home/codespace/.local/share/virtualenvs/airflow_sandbox-vp-HKq_L/lib/python3.10/site-packages/airflow/example_dags/example_time_delta_sensor_async.py took 0.067 seconds
