[2024-02-12T20:00:25.996+0000] {processor.py:161} INFO - Started process (PID=25606) to work on /home/codespace/.local/share/virtualenvs/airflow_sandbox-vp-HKq_L/lib/python3.10/site-packages/airflow/example_dags/example_setup_teardown.py
[2024-02-12T20:00:25.997+0000] {processor.py:830} INFO - Processing file /home/codespace/.local/share/virtualenvs/airflow_sandbox-vp-HKq_L/lib/python3.10/site-packages/airflow/example_dags/example_setup_teardown.py for tasks to queue
[2024-02-12T20:00:25.998+0000] {logging_mixin.py:188} INFO - [2024-02-12T20:00:25.997+0000] {dagbag.py:538} INFO - Filling up the DagBag from /home/codespace/.local/share/virtualenvs/airflow_sandbox-vp-HKq_L/lib/python3.10/site-packages/airflow/example_dags/example_setup_teardown.py
[2024-02-12T20:00:26.003+0000] {processor.py:840} INFO - DAG(s) 'example_setup_teardown' retrieved from /home/codespace/.local/share/virtualenvs/airflow_sandbox-vp-HKq_L/lib/python3.10/site-packages/airflow/example_dags/example_setup_teardown.py
[2024-02-12T20:00:26.143+0000] {logging_mixin.py:188} INFO - [2024-02-12T20:00:26.142+0000] {override.py:1769} INFO - Created Permission View: can read on DAG:example_setup_teardown
[2024-02-12T20:00:26.177+0000] {logging_mixin.py:188} INFO - [2024-02-12T20:00:26.176+0000] {override.py:1769} INFO - Created Permission View: can edit on DAG:example_setup_teardown
[2024-02-12T20:00:26.207+0000] {logging_mixin.py:188} INFO - [2024-02-12T20:00:26.207+0000] {override.py:1769} INFO - Created Permission View: can delete on DAG:example_setup_teardown
[2024-02-12T20:00:26.207+0000] {logging_mixin.py:188} INFO - [2024-02-12T20:00:26.207+0000] {dag.py:3033} INFO - Sync 1 DAGs
[2024-02-12T20:00:26.215+0000] {logging_mixin.py:188} INFO - [2024-02-12T20:00:26.215+0000] {dag.py:3055} INFO - Creating ORM DAG for example_setup_teardown
[2024-02-12T20:00:26.222+0000] {logging_mixin.py:188} INFO - [2024-02-12T20:00:26.222+0000] {dag.py:3820} INFO - Setting next_dagrun for example_setup_teardown to 2024-02-11T00:00:00+00:00, run_after=2024-02-12T00:00:00+00:00
[2024-02-12T20:00:26.268+0000] {processor.py:183} INFO - Processing /home/codespace/.local/share/virtualenvs/airflow_sandbox-vp-HKq_L/lib/python3.10/site-packages/airflow/example_dags/example_setup_teardown.py took 0.274 seconds
[2024-02-12T20:01:16.163+0000] {processor.py:161} INFO - Started process (PID=25989) to work on /home/codespace/.local/share/virtualenvs/airflow_sandbox-vp-HKq_L/lib/python3.10/site-packages/airflow/example_dags/example_setup_teardown.py
[2024-02-12T20:01:16.164+0000] {processor.py:830} INFO - Processing file /home/codespace/.local/share/virtualenvs/airflow_sandbox-vp-HKq_L/lib/python3.10/site-packages/airflow/example_dags/example_setup_teardown.py for tasks to queue
[2024-02-12T20:01:16.164+0000] {logging_mixin.py:188} INFO - [2024-02-12T20:01:16.164+0000] {dagbag.py:538} INFO - Filling up the DagBag from /home/codespace/.local/share/virtualenvs/airflow_sandbox-vp-HKq_L/lib/python3.10/site-packages/airflow/example_dags/example_setup_teardown.py
[2024-02-12T20:01:16.170+0000] {processor.py:840} INFO - DAG(s) 'example_setup_teardown' retrieved from /home/codespace/.local/share/virtualenvs/airflow_sandbox-vp-HKq_L/lib/python3.10/site-packages/airflow/example_dags/example_setup_teardown.py
[2024-02-12T20:01:16.182+0000] {logging_mixin.py:188} INFO - [2024-02-12T20:01:16.181+0000] {dag.py:3033} INFO - Sync 1 DAGs
[2024-02-12T20:01:16.196+0000] {logging_mixin.py:188} INFO - [2024-02-12T20:01:16.196+0000] {dag.py:3820} INFO - Setting next_dagrun for example_setup_teardown to 2024-02-11T00:00:00+00:00, run_after=2024-02-12T00:00:00+00:00
[2024-02-12T20:01:16.249+0000] {processor.py:183} INFO - Processing /home/codespace/.local/share/virtualenvs/airflow_sandbox-vp-HKq_L/lib/python3.10/site-packages/airflow/example_dags/example_setup_teardown.py took 0.088 seconds
[2024-02-12T20:02:05.547+0000] {processor.py:161} INFO - Started process (PID=26524) to work on /home/codespace/.local/share/virtualenvs/airflow_sandbox-vp-HKq_L/lib/python3.10/site-packages/airflow/example_dags/example_setup_teardown.py
[2024-02-12T20:02:05.547+0000] {processor.py:830} INFO - Processing file /home/codespace/.local/share/virtualenvs/airflow_sandbox-vp-HKq_L/lib/python3.10/site-packages/airflow/example_dags/example_setup_teardown.py for tasks to queue
[2024-02-12T20:02:05.548+0000] {logging_mixin.py:188} INFO - [2024-02-12T20:02:05.548+0000] {dagbag.py:538} INFO - Filling up the DagBag from /home/codespace/.local/share/virtualenvs/airflow_sandbox-vp-HKq_L/lib/python3.10/site-packages/airflow/example_dags/example_setup_teardown.py
[2024-02-12T20:02:05.554+0000] {processor.py:840} INFO - DAG(s) 'example_setup_teardown' retrieved from /home/codespace/.local/share/virtualenvs/airflow_sandbox-vp-HKq_L/lib/python3.10/site-packages/airflow/example_dags/example_setup_teardown.py
[2024-02-12T20:02:05.566+0000] {logging_mixin.py:188} INFO - [2024-02-12T20:02:05.565+0000] {dag.py:3033} INFO - Sync 1 DAGs
[2024-02-12T20:02:05.580+0000] {logging_mixin.py:188} INFO - [2024-02-12T20:02:05.580+0000] {dag.py:3820} INFO - Setting next_dagrun for example_setup_teardown to 2024-02-11T00:00:00+00:00, run_after=2024-02-12T00:00:00+00:00
[2024-02-12T20:02:05.622+0000] {processor.py:183} INFO - Processing /home/codespace/.local/share/virtualenvs/airflow_sandbox-vp-HKq_L/lib/python3.10/site-packages/airflow/example_dags/example_setup_teardown.py took 0.078 seconds
[2024-02-12T20:02:57.135+0000] {processor.py:161} INFO - Started process (PID=27094) to work on /home/codespace/.local/share/virtualenvs/airflow_sandbox-vp-HKq_L/lib/python3.10/site-packages/airflow/example_dags/example_setup_teardown.py
[2024-02-12T20:02:57.136+0000] {processor.py:830} INFO - Processing file /home/codespace/.local/share/virtualenvs/airflow_sandbox-vp-HKq_L/lib/python3.10/site-packages/airflow/example_dags/example_setup_teardown.py for tasks to queue
[2024-02-12T20:02:57.137+0000] {logging_mixin.py:188} INFO - [2024-02-12T20:02:57.136+0000] {dagbag.py:538} INFO - Filling up the DagBag from /home/codespace/.local/share/virtualenvs/airflow_sandbox-vp-HKq_L/lib/python3.10/site-packages/airflow/example_dags/example_setup_teardown.py
[2024-02-12T20:02:57.142+0000] {processor.py:840} INFO - DAG(s) 'example_setup_teardown' retrieved from /home/codespace/.local/share/virtualenvs/airflow_sandbox-vp-HKq_L/lib/python3.10/site-packages/airflow/example_dags/example_setup_teardown.py
[2024-02-12T20:02:57.154+0000] {logging_mixin.py:188} INFO - [2024-02-12T20:02:57.154+0000] {dag.py:3033} INFO - Sync 1 DAGs
[2024-02-12T20:02:57.169+0000] {logging_mixin.py:188} INFO - [2024-02-12T20:02:57.169+0000] {dag.py:3820} INFO - Setting next_dagrun for example_setup_teardown to 2024-02-11T00:00:00+00:00, run_after=2024-02-12T00:00:00+00:00
[2024-02-12T20:02:57.208+0000] {processor.py:183} INFO - Processing /home/codespace/.local/share/virtualenvs/airflow_sandbox-vp-HKq_L/lib/python3.10/site-packages/airflow/example_dags/example_setup_teardown.py took 0.075 seconds
[2024-02-12T20:03:50.648+0000] {processor.py:161} INFO - Started process (PID=27674) to work on /home/codespace/.local/share/virtualenvs/airflow_sandbox-vp-HKq_L/lib/python3.10/site-packages/airflow/example_dags/example_setup_teardown.py
[2024-02-12T20:03:50.649+0000] {processor.py:830} INFO - Processing file /home/codespace/.local/share/virtualenvs/airflow_sandbox-vp-HKq_L/lib/python3.10/site-packages/airflow/example_dags/example_setup_teardown.py for tasks to queue
[2024-02-12T20:03:50.649+0000] {logging_mixin.py:188} INFO - [2024-02-12T20:03:50.649+0000] {dagbag.py:538} INFO - Filling up the DagBag from /home/codespace/.local/share/virtualenvs/airflow_sandbox-vp-HKq_L/lib/python3.10/site-packages/airflow/example_dags/example_setup_teardown.py
[2024-02-12T20:03:50.655+0000] {processor.py:840} INFO - DAG(s) 'example_setup_teardown' retrieved from /home/codespace/.local/share/virtualenvs/airflow_sandbox-vp-HKq_L/lib/python3.10/site-packages/airflow/example_dags/example_setup_teardown.py
[2024-02-12T20:03:50.667+0000] {logging_mixin.py:188} INFO - [2024-02-12T20:03:50.667+0000] {dag.py:3033} INFO - Sync 1 DAGs
[2024-02-12T20:03:50.682+0000] {logging_mixin.py:188} INFO - [2024-02-12T20:03:50.682+0000] {dag.py:3820} INFO - Setting next_dagrun for example_setup_teardown to 2024-02-11T00:00:00+00:00, run_after=2024-02-12T00:00:00+00:00
[2024-02-12T20:03:50.724+0000] {processor.py:183} INFO - Processing /home/codespace/.local/share/virtualenvs/airflow_sandbox-vp-HKq_L/lib/python3.10/site-packages/airflow/example_dags/example_setup_teardown.py took 0.079 seconds
[2024-02-12T20:04:44.544+0000] {processor.py:161} INFO - Started process (PID=28054) to work on /home/codespace/.local/share/virtualenvs/airflow_sandbox-vp-HKq_L/lib/python3.10/site-packages/airflow/example_dags/example_setup_teardown.py
[2024-02-12T20:04:44.545+0000] {processor.py:830} INFO - Processing file /home/codespace/.local/share/virtualenvs/airflow_sandbox-vp-HKq_L/lib/python3.10/site-packages/airflow/example_dags/example_setup_teardown.py for tasks to queue
[2024-02-12T20:04:44.545+0000] {logging_mixin.py:188} INFO - [2024-02-12T20:04:44.545+0000] {dagbag.py:538} INFO - Filling up the DagBag from /home/codespace/.local/share/virtualenvs/airflow_sandbox-vp-HKq_L/lib/python3.10/site-packages/airflow/example_dags/example_setup_teardown.py
[2024-02-12T20:04:44.551+0000] {processor.py:840} INFO - DAG(s) 'example_setup_teardown' retrieved from /home/codespace/.local/share/virtualenvs/airflow_sandbox-vp-HKq_L/lib/python3.10/site-packages/airflow/example_dags/example_setup_teardown.py
[2024-02-12T20:04:44.563+0000] {logging_mixin.py:188} INFO - [2024-02-12T20:04:44.563+0000] {dag.py:3033} INFO - Sync 1 DAGs
[2024-02-12T20:04:44.578+0000] {logging_mixin.py:188} INFO - [2024-02-12T20:04:44.578+0000] {dag.py:3820} INFO - Setting next_dagrun for example_setup_teardown to 2024-02-11T00:00:00+00:00, run_after=2024-02-12T00:00:00+00:00
[2024-02-12T20:04:44.616+0000] {processor.py:183} INFO - Processing /home/codespace/.local/share/virtualenvs/airflow_sandbox-vp-HKq_L/lib/python3.10/site-packages/airflow/example_dags/example_setup_teardown.py took 0.075 seconds
[2024-02-12T20:05:37.335+0000] {processor.py:161} INFO - Started process (PID=28229) to work on /home/codespace/.local/share/virtualenvs/airflow_sandbox-vp-HKq_L/lib/python3.10/site-packages/airflow/example_dags/example_setup_teardown.py
[2024-02-12T20:05:37.336+0000] {processor.py:830} INFO - Processing file /home/codespace/.local/share/virtualenvs/airflow_sandbox-vp-HKq_L/lib/python3.10/site-packages/airflow/example_dags/example_setup_teardown.py for tasks to queue
[2024-02-12T20:05:37.336+0000] {logging_mixin.py:188} INFO - [2024-02-12T20:05:37.336+0000] {dagbag.py:538} INFO - Filling up the DagBag from /home/codespace/.local/share/virtualenvs/airflow_sandbox-vp-HKq_L/lib/python3.10/site-packages/airflow/example_dags/example_setup_teardown.py
[2024-02-12T20:05:37.345+0000] {processor.py:840} INFO - DAG(s) 'example_setup_teardown' retrieved from /home/codespace/.local/share/virtualenvs/airflow_sandbox-vp-HKq_L/lib/python3.10/site-packages/airflow/example_dags/example_setup_teardown.py
[2024-02-12T20:05:37.364+0000] {logging_mixin.py:188} INFO - [2024-02-12T20:05:37.364+0000] {dag.py:3033} INFO - Sync 1 DAGs
[2024-02-12T20:05:37.385+0000] {logging_mixin.py:188} INFO - [2024-02-12T20:05:37.385+0000] {dag.py:3820} INFO - Setting next_dagrun for example_setup_teardown to 2024-02-11T00:00:00+00:00, run_after=2024-02-12T00:00:00+00:00
[2024-02-12T20:05:37.424+0000] {processor.py:183} INFO - Processing /home/codespace/.local/share/virtualenvs/airflow_sandbox-vp-HKq_L/lib/python3.10/site-packages/airflow/example_dags/example_setup_teardown.py took 0.091 seconds
[2024-02-12T20:06:30.676+0000] {processor.py:161} INFO - Started process (PID=28402) to work on /home/codespace/.local/share/virtualenvs/airflow_sandbox-vp-HKq_L/lib/python3.10/site-packages/airflow/example_dags/example_setup_teardown.py
[2024-02-12T20:06:30.677+0000] {processor.py:830} INFO - Processing file /home/codespace/.local/share/virtualenvs/airflow_sandbox-vp-HKq_L/lib/python3.10/site-packages/airflow/example_dags/example_setup_teardown.py for tasks to queue
[2024-02-12T20:06:30.678+0000] {logging_mixin.py:188} INFO - [2024-02-12T20:06:30.677+0000] {dagbag.py:538} INFO - Filling up the DagBag from /home/codespace/.local/share/virtualenvs/airflow_sandbox-vp-HKq_L/lib/python3.10/site-packages/airflow/example_dags/example_setup_teardown.py
[2024-02-12T20:06:30.683+0000] {processor.py:840} INFO - DAG(s) 'example_setup_teardown' retrieved from /home/codespace/.local/share/virtualenvs/airflow_sandbox-vp-HKq_L/lib/python3.10/site-packages/airflow/example_dags/example_setup_teardown.py
[2024-02-12T20:06:30.696+0000] {logging_mixin.py:188} INFO - [2024-02-12T20:06:30.696+0000] {dag.py:3033} INFO - Sync 1 DAGs
[2024-02-12T20:06:30.711+0000] {logging_mixin.py:188} INFO - [2024-02-12T20:06:30.711+0000] {dag.py:3820} INFO - Setting next_dagrun for example_setup_teardown to 2024-02-11T00:00:00+00:00, run_after=2024-02-12T00:00:00+00:00
[2024-02-12T20:06:30.750+0000] {processor.py:183} INFO - Processing /home/codespace/.local/share/virtualenvs/airflow_sandbox-vp-HKq_L/lib/python3.10/site-packages/airflow/example_dags/example_setup_teardown.py took 0.077 seconds
[2024-02-12T20:07:26.137+0000] {processor.py:161} INFO - Started process (PID=28890) to work on /home/codespace/.local/share/virtualenvs/airflow_sandbox-vp-HKq_L/lib/python3.10/site-packages/airflow/example_dags/example_setup_teardown.py
[2024-02-12T20:07:26.137+0000] {processor.py:830} INFO - Processing file /home/codespace/.local/share/virtualenvs/airflow_sandbox-vp-HKq_L/lib/python3.10/site-packages/airflow/example_dags/example_setup_teardown.py for tasks to queue
[2024-02-12T20:07:26.138+0000] {logging_mixin.py:188} INFO - [2024-02-12T20:07:26.138+0000] {dagbag.py:538} INFO - Filling up the DagBag from /home/codespace/.local/share/virtualenvs/airflow_sandbox-vp-HKq_L/lib/python3.10/site-packages/airflow/example_dags/example_setup_teardown.py
[2024-02-12T20:07:26.144+0000] {processor.py:840} INFO - DAG(s) 'example_setup_teardown' retrieved from /home/codespace/.local/share/virtualenvs/airflow_sandbox-vp-HKq_L/lib/python3.10/site-packages/airflow/example_dags/example_setup_teardown.py
[2024-02-12T20:07:26.156+0000] {logging_mixin.py:188} INFO - [2024-02-12T20:07:26.156+0000] {dag.py:3033} INFO - Sync 1 DAGs
[2024-02-12T20:07:26.172+0000] {logging_mixin.py:188} INFO - [2024-02-12T20:07:26.172+0000] {dag.py:3820} INFO - Setting next_dagrun for example_setup_teardown to 2024-02-11T00:00:00+00:00, run_after=2024-02-12T00:00:00+00:00
[2024-02-12T20:07:26.215+0000] {processor.py:183} INFO - Processing /home/codespace/.local/share/virtualenvs/airflow_sandbox-vp-HKq_L/lib/python3.10/site-packages/airflow/example_dags/example_setup_teardown.py took 0.081 seconds
