[2024-02-12T20:00:33.367+0000] {processor.py:161} INFO - Started process (PID=25664) to work on /home/codespace/.local/share/virtualenvs/airflow_sandbox-vp-HKq_L/lib/python3.10/site-packages/airflow/example_dags/example_branch_datetime_operator.py
[2024-02-12T20:00:33.368+0000] {processor.py:830} INFO - Processing file /home/codespace/.local/share/virtualenvs/airflow_sandbox-vp-HKq_L/lib/python3.10/site-packages/airflow/example_dags/example_branch_datetime_operator.py for tasks to queue
[2024-02-12T20:00:33.368+0000] {logging_mixin.py:188} INFO - [2024-02-12T20:00:33.368+0000] {dagbag.py:538} INFO - Filling up the DagBag from /home/codespace/.local/share/virtualenvs/airflow_sandbox-vp-HKq_L/lib/python3.10/site-packages/airflow/example_dags/example_branch_datetime_operator.py
[2024-02-12T20:00:33.377+0000] {processor.py:840} INFO - DAG(s) 'example_branch_datetime_operator_2', 'example_branch_datetime_operator', 'example_branch_datetime_operator_3' retrieved from /home/codespace/.local/share/virtualenvs/airflow_sandbox-vp-HKq_L/lib/python3.10/site-packages/airflow/example_dags/example_branch_datetime_operator.py
[2024-02-12T20:00:33.525+0000] {logging_mixin.py:188} INFO - [2024-02-12T20:00:33.524+0000] {override.py:1769} INFO - Created Permission View: can read on DAG:example_branch_datetime_operator_2
[2024-02-12T20:00:33.557+0000] {logging_mixin.py:188} INFO - [2024-02-12T20:00:33.557+0000] {override.py:1769} INFO - Created Permission View: can edit on DAG:example_branch_datetime_operator_2
[2024-02-12T20:00:33.587+0000] {logging_mixin.py:188} INFO - [2024-02-12T20:00:33.587+0000] {override.py:1769} INFO - Created Permission View: can delete on DAG:example_branch_datetime_operator_2
[2024-02-12T20:00:33.657+0000] {logging_mixin.py:188} INFO - [2024-02-12T20:00:33.656+0000] {override.py:1769} INFO - Created Permission View: can read on DAG:example_branch_datetime_operator
[2024-02-12T20:00:33.685+0000] {logging_mixin.py:188} INFO - [2024-02-12T20:00:33.684+0000] {override.py:1769} INFO - Created Permission View: can edit on DAG:example_branch_datetime_operator
[2024-02-12T20:00:33.712+0000] {logging_mixin.py:188} INFO - [2024-02-12T20:00:33.712+0000] {override.py:1769} INFO - Created Permission View: can delete on DAG:example_branch_datetime_operator
[2024-02-12T20:00:33.785+0000] {logging_mixin.py:188} INFO - [2024-02-12T20:00:33.785+0000] {override.py:1769} INFO - Created Permission View: can read on DAG:example_branch_datetime_operator_3
[2024-02-12T20:00:33.823+0000] {logging_mixin.py:188} INFO - [2024-02-12T20:00:33.823+0000] {override.py:1769} INFO - Created Permission View: can edit on DAG:example_branch_datetime_operator_3
[2024-02-12T20:00:33.858+0000] {logging_mixin.py:188} INFO - [2024-02-12T20:00:33.857+0000] {override.py:1769} INFO - Created Permission View: can delete on DAG:example_branch_datetime_operator_3
[2024-02-12T20:00:33.858+0000] {logging_mixin.py:188} INFO - [2024-02-12T20:00:33.858+0000] {dag.py:3033} INFO - Sync 3 DAGs
[2024-02-12T20:00:33.867+0000] {logging_mixin.py:188} INFO - [2024-02-12T20:00:33.866+0000] {dag.py:3055} INFO - Creating ORM DAG for example_branch_datetime_operator_3
[2024-02-12T20:00:33.867+0000] {logging_mixin.py:188} INFO - [2024-02-12T20:00:33.867+0000] {dag.py:3055} INFO - Creating ORM DAG for example_branch_datetime_operator
[2024-02-12T20:00:33.867+0000] {logging_mixin.py:188} INFO - [2024-02-12T20:00:33.867+0000] {dag.py:3055} INFO - Creating ORM DAG for example_branch_datetime_operator_2
[2024-02-12T20:00:33.875+0000] {logging_mixin.py:188} INFO - [2024-02-12T20:00:33.875+0000] {dag.py:3820} INFO - Setting next_dagrun for example_branch_datetime_operator to 2024-02-11T00:00:00+00:00, run_after=2024-02-12T00:00:00+00:00
[2024-02-12T20:00:33.876+0000] {logging_mixin.py:188} INFO - [2024-02-12T20:00:33.876+0000] {dag.py:3820} INFO - Setting next_dagrun for example_branch_datetime_operator_2 to 2024-02-11T00:00:00+00:00, run_after=2024-02-12T00:00:00+00:00
[2024-02-12T20:00:33.878+0000] {logging_mixin.py:188} INFO - [2024-02-12T20:00:33.878+0000] {dag.py:3820} INFO - Setting next_dagrun for example_branch_datetime_operator_3 to 2024-02-11T00:00:00+00:00, run_after=2024-02-12T00:00:00+00:00
[2024-02-12T20:00:33.923+0000] {processor.py:183} INFO - Processing /home/codespace/.local/share/virtualenvs/airflow_sandbox-vp-HKq_L/lib/python3.10/site-packages/airflow/example_dags/example_branch_datetime_operator.py took 0.558 seconds
[2024-02-12T20:01:31.776+0000] {processor.py:161} INFO - Started process (PID=26150) to work on /home/codespace/.local/share/virtualenvs/airflow_sandbox-vp-HKq_L/lib/python3.10/site-packages/airflow/example_dags/example_branch_datetime_operator.py
[2024-02-12T20:01:31.776+0000] {processor.py:830} INFO - Processing file /home/codespace/.local/share/virtualenvs/airflow_sandbox-vp-HKq_L/lib/python3.10/site-packages/airflow/example_dags/example_branch_datetime_operator.py for tasks to queue
[2024-02-12T20:01:31.777+0000] {logging_mixin.py:188} INFO - [2024-02-12T20:01:31.777+0000] {dagbag.py:538} INFO - Filling up the DagBag from /home/codespace/.local/share/virtualenvs/airflow_sandbox-vp-HKq_L/lib/python3.10/site-packages/airflow/example_dags/example_branch_datetime_operator.py
[2024-02-12T20:01:31.786+0000] {processor.py:840} INFO - DAG(s) 'example_branch_datetime_operator_3', 'example_branch_datetime_operator_2', 'example_branch_datetime_operator' retrieved from /home/codespace/.local/share/virtualenvs/airflow_sandbox-vp-HKq_L/lib/python3.10/site-packages/airflow/example_dags/example_branch_datetime_operator.py
[2024-02-12T20:01:31.802+0000] {logging_mixin.py:188} INFO - [2024-02-12T20:01:31.802+0000] {dag.py:3033} INFO - Sync 3 DAGs
[2024-02-12T20:01:31.819+0000] {logging_mixin.py:188} INFO - [2024-02-12T20:01:31.819+0000] {dag.py:3820} INFO - Setting next_dagrun for example_branch_datetime_operator to 2024-02-11T00:00:00+00:00, run_after=2024-02-12T00:00:00+00:00
[2024-02-12T20:01:31.823+0000] {logging_mixin.py:188} INFO - [2024-02-12T20:01:31.823+0000] {dag.py:3820} INFO - Setting next_dagrun for example_branch_datetime_operator_2 to 2024-02-11T00:00:00+00:00, run_after=2024-02-12T00:00:00+00:00
[2024-02-12T20:01:31.824+0000] {logging_mixin.py:188} INFO - [2024-02-12T20:01:31.824+0000] {dag.py:3820} INFO - Setting next_dagrun for example_branch_datetime_operator_3 to 2024-02-11T00:00:00+00:00, run_after=2024-02-12T00:00:00+00:00
[2024-02-12T20:01:31.862+0000] {processor.py:183} INFO - Processing /home/codespace/.local/share/virtualenvs/airflow_sandbox-vp-HKq_L/lib/python3.10/site-packages/airflow/example_dags/example_branch_datetime_operator.py took 0.088 seconds
[2024-02-12T20:02:17.177+0000] {processor.py:161} INFO - Started process (PID=26608) to work on /home/codespace/.local/share/virtualenvs/airflow_sandbox-vp-HKq_L/lib/python3.10/site-packages/airflow/example_dags/example_branch_datetime_operator.py
[2024-02-12T20:02:17.178+0000] {processor.py:830} INFO - Processing file /home/codespace/.local/share/virtualenvs/airflow_sandbox-vp-HKq_L/lib/python3.10/site-packages/airflow/example_dags/example_branch_datetime_operator.py for tasks to queue
[2024-02-12T20:02:17.179+0000] {logging_mixin.py:188} INFO - [2024-02-12T20:02:17.178+0000] {dagbag.py:538} INFO - Filling up the DagBag from /home/codespace/.local/share/virtualenvs/airflow_sandbox-vp-HKq_L/lib/python3.10/site-packages/airflow/example_dags/example_branch_datetime_operator.py
[2024-02-12T20:02:17.187+0000] {processor.py:840} INFO - DAG(s) 'example_branch_datetime_operator_3', 'example_branch_datetime_operator_2', 'example_branch_datetime_operator' retrieved from /home/codespace/.local/share/virtualenvs/airflow_sandbox-vp-HKq_L/lib/python3.10/site-packages/airflow/example_dags/example_branch_datetime_operator.py
[2024-02-12T20:02:17.203+0000] {logging_mixin.py:188} INFO - [2024-02-12T20:02:17.203+0000] {dag.py:3033} INFO - Sync 3 DAGs
[2024-02-12T20:02:17.220+0000] {logging_mixin.py:188} INFO - [2024-02-12T20:02:17.220+0000] {dag.py:3820} INFO - Setting next_dagrun for example_branch_datetime_operator to 2024-02-11T00:00:00+00:00, run_after=2024-02-12T00:00:00+00:00
[2024-02-12T20:02:17.224+0000] {logging_mixin.py:188} INFO - [2024-02-12T20:02:17.224+0000] {dag.py:3820} INFO - Setting next_dagrun for example_branch_datetime_operator_2 to 2024-02-11T00:00:00+00:00, run_after=2024-02-12T00:00:00+00:00
[2024-02-12T20:02:17.227+0000] {logging_mixin.py:188} INFO - [2024-02-12T20:02:17.227+0000] {dag.py:3820} INFO - Setting next_dagrun for example_branch_datetime_operator_3 to 2024-02-11T00:00:00+00:00, run_after=2024-02-12T00:00:00+00:00
[2024-02-12T20:02:17.265+0000] {processor.py:183} INFO - Processing /home/codespace/.local/share/virtualenvs/airflow_sandbox-vp-HKq_L/lib/python3.10/site-packages/airflow/example_dags/example_branch_datetime_operator.py took 0.090 seconds
[2024-02-12T20:03:13.139+0000] {processor.py:161} INFO - Started process (PID=27295) to work on /home/codespace/.local/share/virtualenvs/airflow_sandbox-vp-HKq_L/lib/python3.10/site-packages/airflow/example_dags/example_branch_datetime_operator.py
[2024-02-12T20:03:13.140+0000] {processor.py:830} INFO - Processing file /home/codespace/.local/share/virtualenvs/airflow_sandbox-vp-HKq_L/lib/python3.10/site-packages/airflow/example_dags/example_branch_datetime_operator.py for tasks to queue
[2024-02-12T20:03:13.141+0000] {logging_mixin.py:188} INFO - [2024-02-12T20:03:13.140+0000] {dagbag.py:538} INFO - Filling up the DagBag from /home/codespace/.local/share/virtualenvs/airflow_sandbox-vp-HKq_L/lib/python3.10/site-packages/airflow/example_dags/example_branch_datetime_operator.py
[2024-02-12T20:03:13.149+0000] {processor.py:840} INFO - DAG(s) 'example_branch_datetime_operator_2', 'example_branch_datetime_operator_3', 'example_branch_datetime_operator' retrieved from /home/codespace/.local/share/virtualenvs/airflow_sandbox-vp-HKq_L/lib/python3.10/site-packages/airflow/example_dags/example_branch_datetime_operator.py
[2024-02-12T20:03:13.166+0000] {logging_mixin.py:188} INFO - [2024-02-12T20:03:13.166+0000] {dag.py:3033} INFO - Sync 3 DAGs
[2024-02-12T20:03:13.182+0000] {logging_mixin.py:188} INFO - [2024-02-12T20:03:13.182+0000] {dag.py:3820} INFO - Setting next_dagrun for example_branch_datetime_operator to 2024-02-11T00:00:00+00:00, run_after=2024-02-12T00:00:00+00:00
[2024-02-12T20:03:13.186+0000] {logging_mixin.py:188} INFO - [2024-02-12T20:03:13.186+0000] {dag.py:3820} INFO - Setting next_dagrun for example_branch_datetime_operator_2 to 2024-02-11T00:00:00+00:00, run_after=2024-02-12T00:00:00+00:00
[2024-02-12T20:03:13.188+0000] {logging_mixin.py:188} INFO - [2024-02-12T20:03:13.187+0000] {dag.py:3820} INFO - Setting next_dagrun for example_branch_datetime_operator_3 to 2024-02-11T00:00:00+00:00, run_after=2024-02-12T00:00:00+00:00
[2024-02-12T20:03:13.225+0000] {processor.py:183} INFO - Processing /home/codespace/.local/share/virtualenvs/airflow_sandbox-vp-HKq_L/lib/python3.10/site-packages/airflow/example_dags/example_branch_datetime_operator.py took 0.088 seconds
[2024-02-12T20:04:06.166+0000] {processor.py:161} INFO - Started process (PID=27804) to work on /home/codespace/.local/share/virtualenvs/airflow_sandbox-vp-HKq_L/lib/python3.10/site-packages/airflow/example_dags/example_branch_datetime_operator.py
[2024-02-12T20:04:06.167+0000] {processor.py:830} INFO - Processing file /home/codespace/.local/share/virtualenvs/airflow_sandbox-vp-HKq_L/lib/python3.10/site-packages/airflow/example_dags/example_branch_datetime_operator.py for tasks to queue
[2024-02-12T20:04:06.168+0000] {logging_mixin.py:188} INFO - [2024-02-12T20:04:06.168+0000] {dagbag.py:538} INFO - Filling up the DagBag from /home/codespace/.local/share/virtualenvs/airflow_sandbox-vp-HKq_L/lib/python3.10/site-packages/airflow/example_dags/example_branch_datetime_operator.py
[2024-02-12T20:04:06.176+0000] {processor.py:840} INFO - DAG(s) 'example_branch_datetime_operator_2', 'example_branch_datetime_operator_3', 'example_branch_datetime_operator' retrieved from /home/codespace/.local/share/virtualenvs/airflow_sandbox-vp-HKq_L/lib/python3.10/site-packages/airflow/example_dags/example_branch_datetime_operator.py
[2024-02-12T20:04:06.193+0000] {logging_mixin.py:188} INFO - [2024-02-12T20:04:06.193+0000] {dag.py:3033} INFO - Sync 3 DAGs
[2024-02-12T20:04:06.209+0000] {logging_mixin.py:188} INFO - [2024-02-12T20:04:06.209+0000] {dag.py:3820} INFO - Setting next_dagrun for example_branch_datetime_operator to 2024-02-11T00:00:00+00:00, run_after=2024-02-12T00:00:00+00:00
[2024-02-12T20:04:06.213+0000] {logging_mixin.py:188} INFO - [2024-02-12T20:04:06.213+0000] {dag.py:3820} INFO - Setting next_dagrun for example_branch_datetime_operator_2 to 2024-02-11T00:00:00+00:00, run_after=2024-02-12T00:00:00+00:00
[2024-02-12T20:04:06.215+0000] {logging_mixin.py:188} INFO - [2024-02-12T20:04:06.214+0000] {dag.py:3820} INFO - Setting next_dagrun for example_branch_datetime_operator_3 to 2024-02-11T00:00:00+00:00, run_after=2024-02-12T00:00:00+00:00
[2024-02-12T20:04:06.251+0000] {processor.py:183} INFO - Processing /home/codespace/.local/share/virtualenvs/airflow_sandbox-vp-HKq_L/lib/python3.10/site-packages/airflow/example_dags/example_branch_datetime_operator.py took 0.087 seconds
[2024-02-12T20:04:59.095+0000] {processor.py:161} INFO - Started process (PID=28125) to work on /home/codespace/.local/share/virtualenvs/airflow_sandbox-vp-HKq_L/lib/python3.10/site-packages/airflow/example_dags/example_branch_datetime_operator.py
[2024-02-12T20:04:59.096+0000] {processor.py:830} INFO - Processing file /home/codespace/.local/share/virtualenvs/airflow_sandbox-vp-HKq_L/lib/python3.10/site-packages/airflow/example_dags/example_branch_datetime_operator.py for tasks to queue
[2024-02-12T20:04:59.097+0000] {logging_mixin.py:188} INFO - [2024-02-12T20:04:59.096+0000] {dagbag.py:538} INFO - Filling up the DagBag from /home/codespace/.local/share/virtualenvs/airflow_sandbox-vp-HKq_L/lib/python3.10/site-packages/airflow/example_dags/example_branch_datetime_operator.py
[2024-02-12T20:04:59.105+0000] {processor.py:840} INFO - DAG(s) 'example_branch_datetime_operator_2', 'example_branch_datetime_operator', 'example_branch_datetime_operator_3' retrieved from /home/codespace/.local/share/virtualenvs/airflow_sandbox-vp-HKq_L/lib/python3.10/site-packages/airflow/example_dags/example_branch_datetime_operator.py
[2024-02-12T20:04:59.124+0000] {logging_mixin.py:188} INFO - [2024-02-12T20:04:59.124+0000] {dag.py:3033} INFO - Sync 3 DAGs
[2024-02-12T20:04:59.153+0000] {logging_mixin.py:188} INFO - [2024-02-12T20:04:59.150+0000] {dag.py:3820} INFO - Setting next_dagrun for example_branch_datetime_operator to 2024-02-11T00:00:00+00:00, run_after=2024-02-12T00:00:00+00:00
[2024-02-12T20:04:59.159+0000] {logging_mixin.py:188} INFO - [2024-02-12T20:04:59.159+0000] {dag.py:3820} INFO - Setting next_dagrun for example_branch_datetime_operator_2 to 2024-02-11T00:00:00+00:00, run_after=2024-02-12T00:00:00+00:00
[2024-02-12T20:04:59.162+0000] {logging_mixin.py:188} INFO - [2024-02-12T20:04:59.161+0000] {dag.py:3820} INFO - Setting next_dagrun for example_branch_datetime_operator_3 to 2024-02-11T00:00:00+00:00, run_after=2024-02-12T00:00:00+00:00
[2024-02-12T20:04:59.211+0000] {processor.py:183} INFO - Processing /home/codespace/.local/share/virtualenvs/airflow_sandbox-vp-HKq_L/lib/python3.10/site-packages/airflow/example_dags/example_branch_datetime_operator.py took 0.118 seconds
[2024-02-12T20:05:52.680+0000] {processor.py:161} INFO - Started process (PID=28284) to work on /home/codespace/.local/share/virtualenvs/airflow_sandbox-vp-HKq_L/lib/python3.10/site-packages/airflow/example_dags/example_branch_datetime_operator.py
[2024-02-12T20:05:52.681+0000] {processor.py:830} INFO - Processing file /home/codespace/.local/share/virtualenvs/airflow_sandbox-vp-HKq_L/lib/python3.10/site-packages/airflow/example_dags/example_branch_datetime_operator.py for tasks to queue
[2024-02-12T20:05:52.682+0000] {logging_mixin.py:188} INFO - [2024-02-12T20:05:52.681+0000] {dagbag.py:538} INFO - Filling up the DagBag from /home/codespace/.local/share/virtualenvs/airflow_sandbox-vp-HKq_L/lib/python3.10/site-packages/airflow/example_dags/example_branch_datetime_operator.py
[2024-02-12T20:05:52.690+0000] {processor.py:840} INFO - DAG(s) 'example_branch_datetime_operator', 'example_branch_datetime_operator_3', 'example_branch_datetime_operator_2' retrieved from /home/codespace/.local/share/virtualenvs/airflow_sandbox-vp-HKq_L/lib/python3.10/site-packages/airflow/example_dags/example_branch_datetime_operator.py
[2024-02-12T20:05:52.706+0000] {logging_mixin.py:188} INFO - [2024-02-12T20:05:52.706+0000] {dag.py:3033} INFO - Sync 3 DAGs
[2024-02-12T20:05:52.722+0000] {logging_mixin.py:188} INFO - [2024-02-12T20:05:52.722+0000] {dag.py:3820} INFO - Setting next_dagrun for example_branch_datetime_operator to 2024-02-11T00:00:00+00:00, run_after=2024-02-12T00:00:00+00:00
[2024-02-12T20:05:52.726+0000] {logging_mixin.py:188} INFO - [2024-02-12T20:05:52.726+0000] {dag.py:3820} INFO - Setting next_dagrun for example_branch_datetime_operator_2 to 2024-02-11T00:00:00+00:00, run_after=2024-02-12T00:00:00+00:00
[2024-02-12T20:05:52.727+0000] {logging_mixin.py:188} INFO - [2024-02-12T20:05:52.727+0000] {dag.py:3820} INFO - Setting next_dagrun for example_branch_datetime_operator_3 to 2024-02-11T00:00:00+00:00, run_after=2024-02-12T00:00:00+00:00
[2024-02-12T20:05:52.766+0000] {processor.py:183} INFO - Processing /home/codespace/.local/share/virtualenvs/airflow_sandbox-vp-HKq_L/lib/python3.10/site-packages/airflow/example_dags/example_branch_datetime_operator.py took 0.088 seconds
[2024-02-12T20:06:46.043+0000] {processor.py:161} INFO - Started process (PID=28437) to work on /home/codespace/.local/share/virtualenvs/airflow_sandbox-vp-HKq_L/lib/python3.10/site-packages/airflow/example_dags/example_branch_datetime_operator.py
[2024-02-12T20:06:46.043+0000] {processor.py:830} INFO - Processing file /home/codespace/.local/share/virtualenvs/airflow_sandbox-vp-HKq_L/lib/python3.10/site-packages/airflow/example_dags/example_branch_datetime_operator.py for tasks to queue
[2024-02-12T20:06:46.044+0000] {logging_mixin.py:188} INFO - [2024-02-12T20:06:46.044+0000] {dagbag.py:538} INFO - Filling up the DagBag from /home/codespace/.local/share/virtualenvs/airflow_sandbox-vp-HKq_L/lib/python3.10/site-packages/airflow/example_dags/example_branch_datetime_operator.py
[2024-02-12T20:06:46.052+0000] {processor.py:840} INFO - DAG(s) 'example_branch_datetime_operator_2', 'example_branch_datetime_operator', 'example_branch_datetime_operator_3' retrieved from /home/codespace/.local/share/virtualenvs/airflow_sandbox-vp-HKq_L/lib/python3.10/site-packages/airflow/example_dags/example_branch_datetime_operator.py
[2024-02-12T20:06:46.069+0000] {logging_mixin.py:188} INFO - [2024-02-12T20:06:46.069+0000] {dag.py:3033} INFO - Sync 3 DAGs
[2024-02-12T20:06:46.085+0000] {logging_mixin.py:188} INFO - [2024-02-12T20:06:46.085+0000] {dag.py:3820} INFO - Setting next_dagrun for example_branch_datetime_operator to 2024-02-11T00:00:00+00:00, run_after=2024-02-12T00:00:00+00:00
[2024-02-12T20:06:46.089+0000] {logging_mixin.py:188} INFO - [2024-02-12T20:06:46.089+0000] {dag.py:3820} INFO - Setting next_dagrun for example_branch_datetime_operator_2 to 2024-02-11T00:00:00+00:00, run_after=2024-02-12T00:00:00+00:00
[2024-02-12T20:06:46.091+0000] {logging_mixin.py:188} INFO - [2024-02-12T20:06:46.091+0000] {dag.py:3820} INFO - Setting next_dagrun for example_branch_datetime_operator_3 to 2024-02-11T00:00:00+00:00, run_after=2024-02-12T00:00:00+00:00
[2024-02-12T20:06:46.129+0000] {processor.py:183} INFO - Processing /home/codespace/.local/share/virtualenvs/airflow_sandbox-vp-HKq_L/lib/python3.10/site-packages/airflow/example_dags/example_branch_datetime_operator.py took 0.089 seconds
