[2024-02-12T20:00:21.278+0000] {processor.py:161} INFO - Started process (PID=25559) to work on /home/codespace/.local/share/virtualenvs/airflow_sandbox-vp-HKq_L/lib/python3.10/site-packages/airflow/example_dags/example_nested_branch_dag.py
[2024-02-12T20:00:21.279+0000] {processor.py:830} INFO - Processing file /home/codespace/.local/share/virtualenvs/airflow_sandbox-vp-HKq_L/lib/python3.10/site-packages/airflow/example_dags/example_nested_branch_dag.py for tasks to queue
[2024-02-12T20:00:21.279+0000] {logging_mixin.py:188} INFO - [2024-02-12T20:00:21.279+0000] {dagbag.py:538} INFO - Filling up the DagBag from /home/codespace/.local/share/virtualenvs/airflow_sandbox-vp-HKq_L/lib/python3.10/site-packages/airflow/example_dags/example_nested_branch_dag.py
[2024-02-12T20:00:21.287+0000] {processor.py:840} INFO - DAG(s) 'example_nested_branch_dag' retrieved from /home/codespace/.local/share/virtualenvs/airflow_sandbox-vp-HKq_L/lib/python3.10/site-packages/airflow/example_dags/example_nested_branch_dag.py
[2024-02-12T20:00:21.435+0000] {logging_mixin.py:188} INFO - [2024-02-12T20:00:21.434+0000] {override.py:1769} INFO - Created Permission View: can read on DAG:example_nested_branch_dag
[2024-02-12T20:00:21.468+0000] {logging_mixin.py:188} INFO - [2024-02-12T20:00:21.467+0000] {override.py:1769} INFO - Created Permission View: can edit on DAG:example_nested_branch_dag
[2024-02-12T20:00:21.496+0000] {logging_mixin.py:188} INFO - [2024-02-12T20:00:21.496+0000] {override.py:1769} INFO - Created Permission View: can delete on DAG:example_nested_branch_dag
[2024-02-12T20:00:21.497+0000] {logging_mixin.py:188} INFO - [2024-02-12T20:00:21.496+0000] {dag.py:3033} INFO - Sync 1 DAGs
[2024-02-12T20:00:21.505+0000] {logging_mixin.py:188} INFO - [2024-02-12T20:00:21.504+0000] {dag.py:3055} INFO - Creating ORM DAG for example_nested_branch_dag
[2024-02-12T20:00:21.512+0000] {logging_mixin.py:188} INFO - [2024-02-12T20:00:21.512+0000] {dag.py:3820} INFO - Setting next_dagrun for example_nested_branch_dag to 2024-02-11T00:00:00+00:00, run_after=2024-02-12T00:00:00+00:00
[2024-02-12T20:00:21.556+0000] {processor.py:183} INFO - Processing /home/codespace/.local/share/virtualenvs/airflow_sandbox-vp-HKq_L/lib/python3.10/site-packages/airflow/example_dags/example_nested_branch_dag.py took 0.280 seconds
[2024-02-12T20:01:12.015+0000] {processor.py:161} INFO - Started process (PID=25915) to work on /home/codespace/.local/share/virtualenvs/airflow_sandbox-vp-HKq_L/lib/python3.10/site-packages/airflow/example_dags/example_nested_branch_dag.py
[2024-02-12T20:01:12.016+0000] {processor.py:830} INFO - Processing file /home/codespace/.local/share/virtualenvs/airflow_sandbox-vp-HKq_L/lib/python3.10/site-packages/airflow/example_dags/example_nested_branch_dag.py for tasks to queue
[2024-02-12T20:01:12.016+0000] {logging_mixin.py:188} INFO - [2024-02-12T20:01:12.016+0000] {dagbag.py:538} INFO - Filling up the DagBag from /home/codespace/.local/share/virtualenvs/airflow_sandbox-vp-HKq_L/lib/python3.10/site-packages/airflow/example_dags/example_nested_branch_dag.py
[2024-02-12T20:01:12.024+0000] {processor.py:840} INFO - DAG(s) 'example_nested_branch_dag' retrieved from /home/codespace/.local/share/virtualenvs/airflow_sandbox-vp-HKq_L/lib/python3.10/site-packages/airflow/example_dags/example_nested_branch_dag.py
[2024-02-12T20:01:12.036+0000] {logging_mixin.py:188} INFO - [2024-02-12T20:01:12.036+0000] {dag.py:3033} INFO - Sync 1 DAGs
[2024-02-12T20:01:12.052+0000] {logging_mixin.py:188} INFO - [2024-02-12T20:01:12.052+0000] {dag.py:3820} INFO - Setting next_dagrun for example_nested_branch_dag to 2024-02-11T00:00:00+00:00, run_after=2024-02-12T00:00:00+00:00
[2024-02-12T20:01:12.095+0000] {processor.py:183} INFO - Processing /home/codespace/.local/share/virtualenvs/airflow_sandbox-vp-HKq_L/lib/python3.10/site-packages/airflow/example_dags/example_nested_branch_dag.py took 0.082 seconds
[2024-02-12T20:02:01.907+0000] {processor.py:161} INFO - Started process (PID=26473) to work on /home/codespace/.local/share/virtualenvs/airflow_sandbox-vp-HKq_L/lib/python3.10/site-packages/airflow/example_dags/example_nested_branch_dag.py
[2024-02-12T20:02:01.908+0000] {processor.py:830} INFO - Processing file /home/codespace/.local/share/virtualenvs/airflow_sandbox-vp-HKq_L/lib/python3.10/site-packages/airflow/example_dags/example_nested_branch_dag.py for tasks to queue
[2024-02-12T20:02:01.908+0000] {logging_mixin.py:188} INFO - [2024-02-12T20:02:01.908+0000] {dagbag.py:538} INFO - Filling up the DagBag from /home/codespace/.local/share/virtualenvs/airflow_sandbox-vp-HKq_L/lib/python3.10/site-packages/airflow/example_dags/example_nested_branch_dag.py
[2024-02-12T20:02:01.916+0000] {processor.py:840} INFO - DAG(s) 'example_nested_branch_dag' retrieved from /home/codespace/.local/share/virtualenvs/airflow_sandbox-vp-HKq_L/lib/python3.10/site-packages/airflow/example_dags/example_nested_branch_dag.py
[2024-02-12T20:02:01.929+0000] {logging_mixin.py:188} INFO - [2024-02-12T20:02:01.929+0000] {dag.py:3033} INFO - Sync 1 DAGs
[2024-02-12T20:02:01.948+0000] {logging_mixin.py:188} INFO - [2024-02-12T20:02:01.948+0000] {dag.py:3820} INFO - Setting next_dagrun for example_nested_branch_dag to 2024-02-11T00:00:00+00:00, run_after=2024-02-12T00:00:00+00:00
[2024-02-12T20:02:01.989+0000] {processor.py:183} INFO - Processing /home/codespace/.local/share/virtualenvs/airflow_sandbox-vp-HKq_L/lib/python3.10/site-packages/airflow/example_dags/example_nested_branch_dag.py took 0.084 seconds
