[2024-02-12T20:00:32.004+0000] {processor.py:161} INFO - Started process (PID=25636) to work on /home/codespace/.local/share/virtualenvs/airflow_sandbox-vp-HKq_L/lib/python3.10/site-packages/airflow/example_dags/example_branch_operator.py
[2024-02-12T20:00:32.005+0000] {processor.py:830} INFO - Processing file /home/codespace/.local/share/virtualenvs/airflow_sandbox-vp-HKq_L/lib/python3.10/site-packages/airflow/example_dags/example_branch_operator.py for tasks to queue
[2024-02-12T20:00:32.005+0000] {logging_mixin.py:188} INFO - [2024-02-12T20:00:32.005+0000] {dagbag.py:538} INFO - Filling up the DagBag from /home/codespace/.local/share/virtualenvs/airflow_sandbox-vp-HKq_L/lib/python3.10/site-packages/airflow/example_dags/example_branch_operator.py
[2024-02-12T20:00:32.021+0000] {processor.py:840} INFO - DAG(s) 'example_branch_operator' retrieved from /home/codespace/.local/share/virtualenvs/airflow_sandbox-vp-HKq_L/lib/python3.10/site-packages/airflow/example_dags/example_branch_operator.py
[2024-02-12T20:00:32.166+0000] {logging_mixin.py:188} INFO - [2024-02-12T20:00:32.165+0000] {override.py:1769} INFO - Created Permission View: can read on DAG:example_branch_operator
[2024-02-12T20:00:32.197+0000] {logging_mixin.py:188} INFO - [2024-02-12T20:00:32.197+0000] {override.py:1769} INFO - Created Permission View: can edit on DAG:example_branch_operator
[2024-02-12T20:00:32.229+0000] {logging_mixin.py:188} INFO - [2024-02-12T20:00:32.229+0000] {override.py:1769} INFO - Created Permission View: can delete on DAG:example_branch_operator
[2024-02-12T20:00:32.229+0000] {logging_mixin.py:188} INFO - [2024-02-12T20:00:32.229+0000] {dag.py:3033} INFO - Sync 1 DAGs
[2024-02-12T20:00:32.238+0000] {logging_mixin.py:188} INFO - [2024-02-12T20:00:32.237+0000] {dag.py:3055} INFO - Creating ORM DAG for example_branch_operator
[2024-02-12T20:00:32.245+0000] {logging_mixin.py:188} INFO - [2024-02-12T20:00:32.245+0000] {dag.py:3820} INFO - Setting next_dagrun for example_branch_operator to 2024-02-11T00:00:00+00:00, run_after=2024-02-12T00:00:00+00:00
[2024-02-12T20:00:32.293+0000] {processor.py:183} INFO - Processing /home/codespace/.local/share/virtualenvs/airflow_sandbox-vp-HKq_L/lib/python3.10/site-packages/airflow/example_dags/example_branch_operator.py took 0.291 seconds
[2024-02-12T20:01:30.714+0000] {processor.py:161} INFO - Started process (PID=26143) to work on /home/codespace/.local/share/virtualenvs/airflow_sandbox-vp-HKq_L/lib/python3.10/site-packages/airflow/example_dags/example_branch_operator.py
[2024-02-12T20:01:30.715+0000] {processor.py:830} INFO - Processing file /home/codespace/.local/share/virtualenvs/airflow_sandbox-vp-HKq_L/lib/python3.10/site-packages/airflow/example_dags/example_branch_operator.py for tasks to queue
[2024-02-12T20:01:30.715+0000] {logging_mixin.py:188} INFO - [2024-02-12T20:01:30.715+0000] {dagbag.py:538} INFO - Filling up the DagBag from /home/codespace/.local/share/virtualenvs/airflow_sandbox-vp-HKq_L/lib/python3.10/site-packages/airflow/example_dags/example_branch_operator.py
[2024-02-12T20:01:30.730+0000] {processor.py:840} INFO - DAG(s) 'example_branch_operator' retrieved from /home/codespace/.local/share/virtualenvs/airflow_sandbox-vp-HKq_L/lib/python3.10/site-packages/airflow/example_dags/example_branch_operator.py
[2024-02-12T20:01:30.748+0000] {logging_mixin.py:188} INFO - [2024-02-12T20:01:30.748+0000] {dag.py:3033} INFO - Sync 1 DAGs
[2024-02-12T20:01:30.764+0000] {logging_mixin.py:188} INFO - [2024-02-12T20:01:30.764+0000] {dag.py:3820} INFO - Setting next_dagrun for example_branch_operator to 2024-02-11T00:00:00+00:00, run_after=2024-02-12T00:00:00+00:00
[2024-02-12T20:01:30.803+0000] {processor.py:183} INFO - Processing /home/codespace/.local/share/virtualenvs/airflow_sandbox-vp-HKq_L/lib/python3.10/site-packages/airflow/example_dags/example_branch_operator.py took 0.091 seconds
[2024-02-12T20:02:16.238+0000] {processor.py:161} INFO - Started process (PID=26601) to work on /home/codespace/.local/share/virtualenvs/airflow_sandbox-vp-HKq_L/lib/python3.10/site-packages/airflow/example_dags/example_branch_operator.py
[2024-02-12T20:02:16.239+0000] {processor.py:830} INFO - Processing file /home/codespace/.local/share/virtualenvs/airflow_sandbox-vp-HKq_L/lib/python3.10/site-packages/airflow/example_dags/example_branch_operator.py for tasks to queue
[2024-02-12T20:02:16.239+0000] {logging_mixin.py:188} INFO - [2024-02-12T20:02:16.239+0000] {dagbag.py:538} INFO - Filling up the DagBag from /home/codespace/.local/share/virtualenvs/airflow_sandbox-vp-HKq_L/lib/python3.10/site-packages/airflow/example_dags/example_branch_operator.py
[2024-02-12T20:02:16.254+0000] {processor.py:840} INFO - DAG(s) 'example_branch_operator' retrieved from /home/codespace/.local/share/virtualenvs/airflow_sandbox-vp-HKq_L/lib/python3.10/site-packages/airflow/example_dags/example_branch_operator.py
[2024-02-12T20:02:16.272+0000] {logging_mixin.py:188} INFO - [2024-02-12T20:02:16.272+0000] {dag.py:3033} INFO - Sync 1 DAGs
[2024-02-12T20:02:16.287+0000] {logging_mixin.py:188} INFO - [2024-02-12T20:02:16.287+0000] {dag.py:3820} INFO - Setting next_dagrun for example_branch_operator to 2024-02-11T00:00:00+00:00, run_after=2024-02-12T00:00:00+00:00
[2024-02-12T20:02:16.335+0000] {processor.py:183} INFO - Processing /home/codespace/.local/share/virtualenvs/airflow_sandbox-vp-HKq_L/lib/python3.10/site-packages/airflow/example_dags/example_branch_operator.py took 0.101 seconds
