[2024-02-12T20:00:23.974+0000] {processor.py:161} INFO - Started process (PID=25598) to work on /home/codespace/.local/share/virtualenvs/airflow_sandbox-vp-HKq_L/lib/python3.10/site-packages/airflow/example_dags/example_latest_only.py
[2024-02-12T20:00:23.975+0000] {processor.py:830} INFO - Processing file /home/codespace/.local/share/virtualenvs/airflow_sandbox-vp-HKq_L/lib/python3.10/site-packages/airflow/example_dags/example_latest_only.py for tasks to queue
[2024-02-12T20:00:23.975+0000] {logging_mixin.py:188} INFO - [2024-02-12T20:00:23.975+0000] {dagbag.py:538} INFO - Filling up the DagBag from /home/codespace/.local/share/virtualenvs/airflow_sandbox-vp-HKq_L/lib/python3.10/site-packages/airflow/example_dags/example_latest_only.py
[2024-02-12T20:00:23.979+0000] {processor.py:840} INFO - DAG(s) 'latest_only' retrieved from /home/codespace/.local/share/virtualenvs/airflow_sandbox-vp-HKq_L/lib/python3.10/site-packages/airflow/example_dags/example_latest_only.py
[2024-02-12T20:00:24.118+0000] {logging_mixin.py:188} INFO - [2024-02-12T20:00:24.117+0000] {override.py:1769} INFO - Created Permission View: can read on DAG:latest_only
[2024-02-12T20:00:24.157+0000] {logging_mixin.py:188} INFO - [2024-02-12T20:00:24.157+0000] {override.py:1769} INFO - Created Permission View: can edit on DAG:latest_only
[2024-02-12T20:00:24.187+0000] {logging_mixin.py:188} INFO - [2024-02-12T20:00:24.187+0000] {override.py:1769} INFO - Created Permission View: can delete on DAG:latest_only
[2024-02-12T20:00:24.187+0000] {logging_mixin.py:188} INFO - [2024-02-12T20:00:24.187+0000] {dag.py:3033} INFO - Sync 1 DAGs
[2024-02-12T20:00:24.197+0000] {logging_mixin.py:188} INFO - [2024-02-12T20:00:24.197+0000] {dag.py:3055} INFO - Creating ORM DAG for latest_only
[2024-02-12T20:00:24.204+0000] {logging_mixin.py:188} INFO - [2024-02-12T20:00:24.203+0000] {dag.py:3820} INFO - Setting next_dagrun for latest_only to 2024-02-12T16:00:00+00:00, run_after=2024-02-12T20:00:00+00:00
[2024-02-12T20:00:24.247+0000] {processor.py:183} INFO - Processing /home/codespace/.local/share/virtualenvs/airflow_sandbox-vp-HKq_L/lib/python3.10/site-packages/airflow/example_dags/example_latest_only.py took 0.275 seconds
[2024-02-12T20:01:13.741+0000] {processor.py:161} INFO - Started process (PID=25926) to work on /home/codespace/.local/share/virtualenvs/airflow_sandbox-vp-HKq_L/lib/python3.10/site-packages/airflow/example_dags/example_latest_only.py
[2024-02-12T20:01:13.742+0000] {processor.py:830} INFO - Processing file /home/codespace/.local/share/virtualenvs/airflow_sandbox-vp-HKq_L/lib/python3.10/site-packages/airflow/example_dags/example_latest_only.py for tasks to queue
[2024-02-12T20:01:13.743+0000] {logging_mixin.py:188} INFO - [2024-02-12T20:01:13.742+0000] {dagbag.py:538} INFO - Filling up the DagBag from /home/codespace/.local/share/virtualenvs/airflow_sandbox-vp-HKq_L/lib/python3.10/site-packages/airflow/example_dags/example_latest_only.py
[2024-02-12T20:01:13.747+0000] {processor.py:840} INFO - DAG(s) 'latest_only' retrieved from /home/codespace/.local/share/virtualenvs/airflow_sandbox-vp-HKq_L/lib/python3.10/site-packages/airflow/example_dags/example_latest_only.py
[2024-02-12T20:01:13.758+0000] {logging_mixin.py:188} INFO - [2024-02-12T20:01:13.758+0000] {dag.py:3033} INFO - Sync 1 DAGs
[2024-02-12T20:01:13.773+0000] {logging_mixin.py:188} INFO - [2024-02-12T20:01:13.773+0000] {dag.py:3820} INFO - Setting next_dagrun for latest_only to 2024-02-12T16:00:00+00:00, run_after=2024-02-12T20:00:00+00:00
[2024-02-12T20:01:13.820+0000] {processor.py:183} INFO - Processing /home/codespace/.local/share/virtualenvs/airflow_sandbox-vp-HKq_L/lib/python3.10/site-packages/airflow/example_dags/example_latest_only.py took 0.081 seconds
[2024-02-12T20:02:03.177+0000] {processor.py:161} INFO - Started process (PID=26488) to work on /home/codespace/.local/share/virtualenvs/airflow_sandbox-vp-HKq_L/lib/python3.10/site-packages/airflow/example_dags/example_latest_only.py
[2024-02-12T20:02:03.178+0000] {processor.py:830} INFO - Processing file /home/codespace/.local/share/virtualenvs/airflow_sandbox-vp-HKq_L/lib/python3.10/site-packages/airflow/example_dags/example_latest_only.py for tasks to queue
[2024-02-12T20:02:03.179+0000] {logging_mixin.py:188} INFO - [2024-02-12T20:02:03.178+0000] {dagbag.py:538} INFO - Filling up the DagBag from /home/codespace/.local/share/virtualenvs/airflow_sandbox-vp-HKq_L/lib/python3.10/site-packages/airflow/example_dags/example_latest_only.py
[2024-02-12T20:02:03.183+0000] {processor.py:840} INFO - DAG(s) 'latest_only' retrieved from /home/codespace/.local/share/virtualenvs/airflow_sandbox-vp-HKq_L/lib/python3.10/site-packages/airflow/example_dags/example_latest_only.py
[2024-02-12T20:02:03.193+0000] {logging_mixin.py:188} INFO - [2024-02-12T20:02:03.193+0000] {dag.py:3033} INFO - Sync 1 DAGs
[2024-02-12T20:02:03.208+0000] {logging_mixin.py:188} INFO - [2024-02-12T20:02:03.208+0000] {dag.py:3820} INFO - Setting next_dagrun for latest_only to 2024-02-12T16:00:00+00:00, run_after=2024-02-12T20:00:00+00:00
[2024-02-12T20:02:03.249+0000] {processor.py:183} INFO - Processing /home/codespace/.local/share/virtualenvs/airflow_sandbox-vp-HKq_L/lib/python3.10/site-packages/airflow/example_dags/example_latest_only.py took 0.074 seconds
[2024-02-12T20:02:54.771+0000] {processor.py:161} INFO - Started process (PID=27068) to work on /home/codespace/.local/share/virtualenvs/airflow_sandbox-vp-HKq_L/lib/python3.10/site-packages/airflow/example_dags/example_latest_only.py
[2024-02-12T20:02:54.772+0000] {processor.py:830} INFO - Processing file /home/codespace/.local/share/virtualenvs/airflow_sandbox-vp-HKq_L/lib/python3.10/site-packages/airflow/example_dags/example_latest_only.py for tasks to queue
[2024-02-12T20:02:54.773+0000] {logging_mixin.py:188} INFO - [2024-02-12T20:02:54.772+0000] {dagbag.py:538} INFO - Filling up the DagBag from /home/codespace/.local/share/virtualenvs/airflow_sandbox-vp-HKq_L/lib/python3.10/site-packages/airflow/example_dags/example_latest_only.py
[2024-02-12T20:02:54.777+0000] {processor.py:840} INFO - DAG(s) 'latest_only' retrieved from /home/codespace/.local/share/virtualenvs/airflow_sandbox-vp-HKq_L/lib/python3.10/site-packages/airflow/example_dags/example_latest_only.py
[2024-02-12T20:02:54.788+0000] {logging_mixin.py:188} INFO - [2024-02-12T20:02:54.788+0000] {dag.py:3033} INFO - Sync 1 DAGs
[2024-02-12T20:02:54.804+0000] {logging_mixin.py:188} INFO - [2024-02-12T20:02:54.804+0000] {dag.py:3820} INFO - Setting next_dagrun for latest_only to 2024-02-12T16:00:00+00:00, run_after=2024-02-12T20:00:00+00:00
[2024-02-12T20:02:54.843+0000] {processor.py:183} INFO - Processing /home/codespace/.local/share/virtualenvs/airflow_sandbox-vp-HKq_L/lib/python3.10/site-packages/airflow/example_dags/example_latest_only.py took 0.074 seconds
[2024-02-12T20:03:48.931+0000] {processor.py:161} INFO - Started process (PID=27666) to work on /home/codespace/.local/share/virtualenvs/airflow_sandbox-vp-HKq_L/lib/python3.10/site-packages/airflow/example_dags/example_latest_only.py
[2024-02-12T20:03:48.931+0000] {processor.py:830} INFO - Processing file /home/codespace/.local/share/virtualenvs/airflow_sandbox-vp-HKq_L/lib/python3.10/site-packages/airflow/example_dags/example_latest_only.py for tasks to queue
[2024-02-12T20:03:48.932+0000] {logging_mixin.py:188} INFO - [2024-02-12T20:03:48.932+0000] {dagbag.py:538} INFO - Filling up the DagBag from /home/codespace/.local/share/virtualenvs/airflow_sandbox-vp-HKq_L/lib/python3.10/site-packages/airflow/example_dags/example_latest_only.py
[2024-02-12T20:03:48.936+0000] {processor.py:840} INFO - DAG(s) 'latest_only' retrieved from /home/codespace/.local/share/virtualenvs/airflow_sandbox-vp-HKq_L/lib/python3.10/site-packages/airflow/example_dags/example_latest_only.py
[2024-02-12T20:03:48.948+0000] {logging_mixin.py:188} INFO - [2024-02-12T20:03:48.948+0000] {dag.py:3033} INFO - Sync 1 DAGs
[2024-02-12T20:03:48.963+0000] {logging_mixin.py:188} INFO - [2024-02-12T20:03:48.963+0000] {dag.py:3820} INFO - Setting next_dagrun for latest_only to 2024-02-12T16:00:00+00:00, run_after=2024-02-12T20:00:00+00:00
[2024-02-12T20:03:49.016+0000] {processor.py:183} INFO - Processing /home/codespace/.local/share/virtualenvs/airflow_sandbox-vp-HKq_L/lib/python3.10/site-packages/airflow/example_dags/example_latest_only.py took 0.087 seconds
[2024-02-12T20:04:42.276+0000] {processor.py:161} INFO - Started process (PID=28046) to work on /home/codespace/.local/share/virtualenvs/airflow_sandbox-vp-HKq_L/lib/python3.10/site-packages/airflow/example_dags/example_latest_only.py
[2024-02-12T20:04:42.276+0000] {processor.py:830} INFO - Processing file /home/codespace/.local/share/virtualenvs/airflow_sandbox-vp-HKq_L/lib/python3.10/site-packages/airflow/example_dags/example_latest_only.py for tasks to queue
[2024-02-12T20:04:42.277+0000] {logging_mixin.py:188} INFO - [2024-02-12T20:04:42.277+0000] {dagbag.py:538} INFO - Filling up the DagBag from /home/codespace/.local/share/virtualenvs/airflow_sandbox-vp-HKq_L/lib/python3.10/site-packages/airflow/example_dags/example_latest_only.py
[2024-02-12T20:04:42.281+0000] {processor.py:840} INFO - DAG(s) 'latest_only' retrieved from /home/codespace/.local/share/virtualenvs/airflow_sandbox-vp-HKq_L/lib/python3.10/site-packages/airflow/example_dags/example_latest_only.py
[2024-02-12T20:04:42.292+0000] {logging_mixin.py:188} INFO - [2024-02-12T20:04:42.292+0000] {dag.py:3033} INFO - Sync 1 DAGs
[2024-02-12T20:04:42.307+0000] {logging_mixin.py:188} INFO - [2024-02-12T20:04:42.307+0000] {dag.py:3820} INFO - Setting next_dagrun for latest_only to 2024-02-12T16:00:00+00:00, run_after=2024-02-12T20:00:00+00:00
[2024-02-12T20:04:42.350+0000] {processor.py:183} INFO - Processing /home/codespace/.local/share/virtualenvs/airflow_sandbox-vp-HKq_L/lib/python3.10/site-packages/airflow/example_dags/example_latest_only.py took 0.077 seconds
[2024-02-12T20:05:35.067+0000] {processor.py:161} INFO - Started process (PID=28227) to work on /home/codespace/.local/share/virtualenvs/airflow_sandbox-vp-HKq_L/lib/python3.10/site-packages/airflow/example_dags/example_latest_only.py
[2024-02-12T20:05:35.068+0000] {processor.py:830} INFO - Processing file /home/codespace/.local/share/virtualenvs/airflow_sandbox-vp-HKq_L/lib/python3.10/site-packages/airflow/example_dags/example_latest_only.py for tasks to queue
[2024-02-12T20:05:35.069+0000] {logging_mixin.py:188} INFO - [2024-02-12T20:05:35.069+0000] {dagbag.py:538} INFO - Filling up the DagBag from /home/codespace/.local/share/virtualenvs/airflow_sandbox-vp-HKq_L/lib/python3.10/site-packages/airflow/example_dags/example_latest_only.py
[2024-02-12T20:05:35.073+0000] {processor.py:840} INFO - DAG(s) 'latest_only' retrieved from /home/codespace/.local/share/virtualenvs/airflow_sandbox-vp-HKq_L/lib/python3.10/site-packages/airflow/example_dags/example_latest_only.py
[2024-02-12T20:05:35.084+0000] {logging_mixin.py:188} INFO - [2024-02-12T20:05:35.084+0000] {dag.py:3033} INFO - Sync 1 DAGs
[2024-02-12T20:05:35.099+0000] {logging_mixin.py:188} INFO - [2024-02-12T20:05:35.099+0000] {dag.py:3820} INFO - Setting next_dagrun for latest_only to 2024-02-12T16:00:00+00:00, run_after=2024-02-12T20:00:00+00:00
[2024-02-12T20:05:35.140+0000] {processor.py:183} INFO - Processing /home/codespace/.local/share/virtualenvs/airflow_sandbox-vp-HKq_L/lib/python3.10/site-packages/airflow/example_dags/example_latest_only.py took 0.075 seconds
[2024-02-12T20:06:28.812+0000] {processor.py:161} INFO - Started process (PID=28381) to work on /home/codespace/.local/share/virtualenvs/airflow_sandbox-vp-HKq_L/lib/python3.10/site-packages/airflow/example_dags/example_latest_only.py
[2024-02-12T20:06:28.812+0000] {processor.py:830} INFO - Processing file /home/codespace/.local/share/virtualenvs/airflow_sandbox-vp-HKq_L/lib/python3.10/site-packages/airflow/example_dags/example_latest_only.py for tasks to queue
[2024-02-12T20:06:28.813+0000] {logging_mixin.py:188} INFO - [2024-02-12T20:06:28.813+0000] {dagbag.py:538} INFO - Filling up the DagBag from /home/codespace/.local/share/virtualenvs/airflow_sandbox-vp-HKq_L/lib/python3.10/site-packages/airflow/example_dags/example_latest_only.py
[2024-02-12T20:06:28.817+0000] {processor.py:840} INFO - DAG(s) 'latest_only' retrieved from /home/codespace/.local/share/virtualenvs/airflow_sandbox-vp-HKq_L/lib/python3.10/site-packages/airflow/example_dags/example_latest_only.py
[2024-02-12T20:06:28.828+0000] {logging_mixin.py:188} INFO - [2024-02-12T20:06:28.828+0000] {dag.py:3033} INFO - Sync 1 DAGs
[2024-02-12T20:06:28.844+0000] {logging_mixin.py:188} INFO - [2024-02-12T20:06:28.844+0000] {dag.py:3820} INFO - Setting next_dagrun for latest_only to 2024-02-12T16:00:00+00:00, run_after=2024-02-12T20:00:00+00:00
[2024-02-12T20:06:28.882+0000] {processor.py:183} INFO - Processing /home/codespace/.local/share/virtualenvs/airflow_sandbox-vp-HKq_L/lib/python3.10/site-packages/airflow/example_dags/example_latest_only.py took 0.073 seconds
[2024-02-12T20:07:24.020+0000] {processor.py:161} INFO - Started process (PID=28875) to work on /home/codespace/.local/share/virtualenvs/airflow_sandbox-vp-HKq_L/lib/python3.10/site-packages/airflow/example_dags/example_latest_only.py
[2024-02-12T20:07:24.021+0000] {processor.py:830} INFO - Processing file /home/codespace/.local/share/virtualenvs/airflow_sandbox-vp-HKq_L/lib/python3.10/site-packages/airflow/example_dags/example_latest_only.py for tasks to queue
[2024-02-12T20:07:24.021+0000] {logging_mixin.py:188} INFO - [2024-02-12T20:07:24.021+0000] {dagbag.py:538} INFO - Filling up the DagBag from /home/codespace/.local/share/virtualenvs/airflow_sandbox-vp-HKq_L/lib/python3.10/site-packages/airflow/example_dags/example_latest_only.py
[2024-02-12T20:07:24.025+0000] {processor.py:840} INFO - DAG(s) 'latest_only' retrieved from /home/codespace/.local/share/virtualenvs/airflow_sandbox-vp-HKq_L/lib/python3.10/site-packages/airflow/example_dags/example_latest_only.py
[2024-02-12T20:07:24.037+0000] {logging_mixin.py:188} INFO - [2024-02-12T20:07:24.037+0000] {dag.py:3033} INFO - Sync 1 DAGs
[2024-02-12T20:07:24.052+0000] {logging_mixin.py:188} INFO - [2024-02-12T20:07:24.052+0000] {dag.py:3820} INFO - Setting next_dagrun for latest_only to 2024-02-12T16:00:00+00:00, run_after=2024-02-12T20:00:00+00:00
[2024-02-12T20:07:24.093+0000] {processor.py:183} INFO - Processing /home/codespace/.local/share/virtualenvs/airflow_sandbox-vp-HKq_L/lib/python3.10/site-packages/airflow/example_dags/example_latest_only.py took 0.076 seconds
