[2024-02-12T20:00:37.366+0000] {processor.py:161} INFO - Started process (PID=25679) to work on /home/codespace/.local/share/virtualenvs/airflow_sandbox-vp-HKq_L/lib/python3.10/site-packages/airflow/example_dags/example_bash_operator.py
[2024-02-12T20:00:37.367+0000] {processor.py:830} INFO - Processing file /home/codespace/.local/share/virtualenvs/airflow_sandbox-vp-HKq_L/lib/python3.10/site-packages/airflow/example_dags/example_bash_operator.py for tasks to queue
[2024-02-12T20:00:37.368+0000] {logging_mixin.py:188} INFO - [2024-02-12T20:00:37.367+0000] {dagbag.py:538} INFO - Filling up the DagBag from /home/codespace/.local/share/virtualenvs/airflow_sandbox-vp-HKq_L/lib/python3.10/site-packages/airflow/example_dags/example_bash_operator.py
[2024-02-12T20:00:37.377+0000] {processor.py:840} INFO - DAG(s) 'example_bash_operator' retrieved from /home/codespace/.local/share/virtualenvs/airflow_sandbox-vp-HKq_L/lib/python3.10/site-packages/airflow/example_dags/example_bash_operator.py
[2024-02-12T20:00:37.522+0000] {logging_mixin.py:188} INFO - [2024-02-12T20:00:37.522+0000] {override.py:1769} INFO - Created Permission View: can read on DAG:example_bash_operator
[2024-02-12T20:00:37.553+0000] {logging_mixin.py:188} INFO - [2024-02-12T20:00:37.553+0000] {override.py:1769} INFO - Created Permission View: can edit on DAG:example_bash_operator
[2024-02-12T20:00:37.582+0000] {logging_mixin.py:188} INFO - [2024-02-12T20:00:37.581+0000] {override.py:1769} INFO - Created Permission View: can delete on DAG:example_bash_operator
[2024-02-12T20:00:37.582+0000] {logging_mixin.py:188} INFO - [2024-02-12T20:00:37.582+0000] {dag.py:3033} INFO - Sync 1 DAGs
[2024-02-12T20:00:37.590+0000] {logging_mixin.py:188} INFO - [2024-02-12T20:00:37.590+0000] {dag.py:3055} INFO - Creating ORM DAG for example_bash_operator
[2024-02-12T20:00:37.598+0000] {logging_mixin.py:188} INFO - [2024-02-12T20:00:37.598+0000] {dag.py:3820} INFO - Setting next_dagrun for example_bash_operator to 2024-02-11T00:00:00+00:00, run_after=2024-02-12T00:00:00+00:00
[2024-02-12T20:00:37.641+0000] {processor.py:183} INFO - Processing /home/codespace/.local/share/virtualenvs/airflow_sandbox-vp-HKq_L/lib/python3.10/site-packages/airflow/example_dags/example_bash_operator.py took 0.277 seconds
[2024-02-12T20:01:34.713+0000] {processor.py:161} INFO - Started process (PID=26183) to work on /home/codespace/.local/share/virtualenvs/airflow_sandbox-vp-HKq_L/lib/python3.10/site-packages/airflow/example_dags/example_bash_operator.py
[2024-02-12T20:01:34.713+0000] {processor.py:830} INFO - Processing file /home/codespace/.local/share/virtualenvs/airflow_sandbox-vp-HKq_L/lib/python3.10/site-packages/airflow/example_dags/example_bash_operator.py for tasks to queue
[2024-02-12T20:01:34.714+0000] {logging_mixin.py:188} INFO - [2024-02-12T20:01:34.714+0000] {dagbag.py:538} INFO - Filling up the DagBag from /home/codespace/.local/share/virtualenvs/airflow_sandbox-vp-HKq_L/lib/python3.10/site-packages/airflow/example_dags/example_bash_operator.py
[2024-02-12T20:01:34.723+0000] {processor.py:840} INFO - DAG(s) 'example_bash_operator' retrieved from /home/codespace/.local/share/virtualenvs/airflow_sandbox-vp-HKq_L/lib/python3.10/site-packages/airflow/example_dags/example_bash_operator.py
[2024-02-12T20:01:34.741+0000] {logging_mixin.py:188} INFO - [2024-02-12T20:01:34.741+0000] {dag.py:3033} INFO - Sync 1 DAGs
[2024-02-12T20:01:34.758+0000] {logging_mixin.py:188} INFO - [2024-02-12T20:01:34.758+0000] {dag.py:3820} INFO - Setting next_dagrun for example_bash_operator to 2024-02-11T00:00:00+00:00, run_after=2024-02-12T00:00:00+00:00
[2024-02-12T20:01:34.796+0000] {processor.py:183} INFO - Processing /home/codespace/.local/share/virtualenvs/airflow_sandbox-vp-HKq_L/lib/python3.10/site-packages/airflow/example_dags/example_bash_operator.py took 0.086 seconds
[2024-02-12T20:02:20.231+0000] {processor.py:161} INFO - Started process (PID=26617) to work on /home/codespace/.local/share/virtualenvs/airflow_sandbox-vp-HKq_L/lib/python3.10/site-packages/airflow/example_dags/example_bash_operator.py
[2024-02-12T20:02:20.231+0000] {processor.py:830} INFO - Processing file /home/codespace/.local/share/virtualenvs/airflow_sandbox-vp-HKq_L/lib/python3.10/site-packages/airflow/example_dags/example_bash_operator.py for tasks to queue
[2024-02-12T20:02:20.232+0000] {logging_mixin.py:188} INFO - [2024-02-12T20:02:20.232+0000] {dagbag.py:538} INFO - Filling up the DagBag from /home/codespace/.local/share/virtualenvs/airflow_sandbox-vp-HKq_L/lib/python3.10/site-packages/airflow/example_dags/example_bash_operator.py
[2024-02-12T20:02:20.244+0000] {processor.py:840} INFO - DAG(s) 'example_bash_operator' retrieved from /home/codespace/.local/share/virtualenvs/airflow_sandbox-vp-HKq_L/lib/python3.10/site-packages/airflow/example_dags/example_bash_operator.py
[2024-02-12T20:02:20.263+0000] {logging_mixin.py:188} INFO - [2024-02-12T20:02:20.263+0000] {dag.py:3033} INFO - Sync 1 DAGs
[2024-02-12T20:02:20.279+0000] {logging_mixin.py:188} INFO - [2024-02-12T20:02:20.279+0000] {dag.py:3820} INFO - Setting next_dagrun for example_bash_operator to 2024-02-11T00:00:00+00:00, run_after=2024-02-12T00:00:00+00:00
[2024-02-12T20:02:20.319+0000] {processor.py:183} INFO - Processing /home/codespace/.local/share/virtualenvs/airflow_sandbox-vp-HKq_L/lib/python3.10/site-packages/airflow/example_dags/example_bash_operator.py took 0.091 seconds
[2024-02-12T20:03:16.570+0000] {processor.py:161} INFO - Started process (PID=27354) to work on /home/codespace/.local/share/virtualenvs/airflow_sandbox-vp-HKq_L/lib/python3.10/site-packages/airflow/example_dags/example_bash_operator.py
[2024-02-12T20:03:16.570+0000] {processor.py:830} INFO - Processing file /home/codespace/.local/share/virtualenvs/airflow_sandbox-vp-HKq_L/lib/python3.10/site-packages/airflow/example_dags/example_bash_operator.py for tasks to queue
[2024-02-12T20:03:16.571+0000] {logging_mixin.py:188} INFO - [2024-02-12T20:03:16.571+0000] {dagbag.py:538} INFO - Filling up the DagBag from /home/codespace/.local/share/virtualenvs/airflow_sandbox-vp-HKq_L/lib/python3.10/site-packages/airflow/example_dags/example_bash_operator.py
[2024-02-12T20:03:16.580+0000] {processor.py:840} INFO - DAG(s) 'example_bash_operator' retrieved from /home/codespace/.local/share/virtualenvs/airflow_sandbox-vp-HKq_L/lib/python3.10/site-packages/airflow/example_dags/example_bash_operator.py
[2024-02-12T20:03:16.599+0000] {logging_mixin.py:188} INFO - [2024-02-12T20:03:16.599+0000] {dag.py:3033} INFO - Sync 1 DAGs
[2024-02-12T20:03:16.617+0000] {logging_mixin.py:188} INFO - [2024-02-12T20:03:16.617+0000] {dag.py:3820} INFO - Setting next_dagrun for example_bash_operator to 2024-02-11T00:00:00+00:00, run_after=2024-02-12T00:00:00+00:00
[2024-02-12T20:03:16.660+0000] {processor.py:183} INFO - Processing /home/codespace/.local/share/virtualenvs/airflow_sandbox-vp-HKq_L/lib/python3.10/site-packages/airflow/example_dags/example_bash_operator.py took 0.093 seconds
[2024-02-12T20:04:09.204+0000] {processor.py:161} INFO - Started process (PID=27857) to work on /home/codespace/.local/share/virtualenvs/airflow_sandbox-vp-HKq_L/lib/python3.10/site-packages/airflow/example_dags/example_bash_operator.py
[2024-02-12T20:04:09.205+0000] {processor.py:830} INFO - Processing file /home/codespace/.local/share/virtualenvs/airflow_sandbox-vp-HKq_L/lib/python3.10/site-packages/airflow/example_dags/example_bash_operator.py for tasks to queue
[2024-02-12T20:04:09.205+0000] {logging_mixin.py:188} INFO - [2024-02-12T20:04:09.205+0000] {dagbag.py:538} INFO - Filling up the DagBag from /home/codespace/.local/share/virtualenvs/airflow_sandbox-vp-HKq_L/lib/python3.10/site-packages/airflow/example_dags/example_bash_operator.py
[2024-02-12T20:04:09.215+0000] {processor.py:840} INFO - DAG(s) 'example_bash_operator' retrieved from /home/codespace/.local/share/virtualenvs/airflow_sandbox-vp-HKq_L/lib/python3.10/site-packages/airflow/example_dags/example_bash_operator.py
[2024-02-12T20:04:09.235+0000] {logging_mixin.py:188} INFO - [2024-02-12T20:04:09.235+0000] {dag.py:3033} INFO - Sync 1 DAGs
[2024-02-12T20:04:09.252+0000] {logging_mixin.py:188} INFO - [2024-02-12T20:04:09.252+0000] {dag.py:3820} INFO - Setting next_dagrun for example_bash_operator to 2024-02-11T00:00:00+00:00, run_after=2024-02-12T00:00:00+00:00
[2024-02-12T20:04:09.290+0000] {processor.py:183} INFO - Processing /home/codespace/.local/share/virtualenvs/airflow_sandbox-vp-HKq_L/lib/python3.10/site-packages/airflow/example_dags/example_bash_operator.py took 0.089 seconds
[2024-02-12T20:05:01.862+0000] {processor.py:161} INFO - Started process (PID=28128) to work on /home/codespace/.local/share/virtualenvs/airflow_sandbox-vp-HKq_L/lib/python3.10/site-packages/airflow/example_dags/example_bash_operator.py
[2024-02-12T20:05:01.863+0000] {processor.py:830} INFO - Processing file /home/codespace/.local/share/virtualenvs/airflow_sandbox-vp-HKq_L/lib/python3.10/site-packages/airflow/example_dags/example_bash_operator.py for tasks to queue
[2024-02-12T20:05:01.864+0000] {logging_mixin.py:188} INFO - [2024-02-12T20:05:01.863+0000] {dagbag.py:538} INFO - Filling up the DagBag from /home/codespace/.local/share/virtualenvs/airflow_sandbox-vp-HKq_L/lib/python3.10/site-packages/airflow/example_dags/example_bash_operator.py
[2024-02-12T20:05:01.873+0000] {processor.py:840} INFO - DAG(s) 'example_bash_operator' retrieved from /home/codespace/.local/share/virtualenvs/airflow_sandbox-vp-HKq_L/lib/python3.10/site-packages/airflow/example_dags/example_bash_operator.py
[2024-02-12T20:05:01.891+0000] {logging_mixin.py:188} INFO - [2024-02-12T20:05:01.891+0000] {dag.py:3033} INFO - Sync 1 DAGs
[2024-02-12T20:05:01.907+0000] {logging_mixin.py:188} INFO - [2024-02-12T20:05:01.907+0000] {dag.py:3820} INFO - Setting next_dagrun for example_bash_operator to 2024-02-11T00:00:00+00:00, run_after=2024-02-12T00:00:00+00:00
[2024-02-12T20:05:01.947+0000] {processor.py:183} INFO - Processing /home/codespace/.local/share/virtualenvs/airflow_sandbox-vp-HKq_L/lib/python3.10/site-packages/airflow/example_dags/example_bash_operator.py took 0.087 seconds
[2024-02-12T20:05:55.693+0000] {processor.py:161} INFO - Started process (PID=28287) to work on /home/codespace/.local/share/virtualenvs/airflow_sandbox-vp-HKq_L/lib/python3.10/site-packages/airflow/example_dags/example_bash_operator.py
[2024-02-12T20:05:55.694+0000] {processor.py:830} INFO - Processing file /home/codespace/.local/share/virtualenvs/airflow_sandbox-vp-HKq_L/lib/python3.10/site-packages/airflow/example_dags/example_bash_operator.py for tasks to queue
[2024-02-12T20:05:55.694+0000] {logging_mixin.py:188} INFO - [2024-02-12T20:05:55.694+0000] {dagbag.py:538} INFO - Filling up the DagBag from /home/codespace/.local/share/virtualenvs/airflow_sandbox-vp-HKq_L/lib/python3.10/site-packages/airflow/example_dags/example_bash_operator.py
[2024-02-12T20:05:55.703+0000] {processor.py:840} INFO - DAG(s) 'example_bash_operator' retrieved from /home/codespace/.local/share/virtualenvs/airflow_sandbox-vp-HKq_L/lib/python3.10/site-packages/airflow/example_dags/example_bash_operator.py
[2024-02-12T20:05:55.721+0000] {logging_mixin.py:188} INFO - [2024-02-12T20:05:55.721+0000] {dag.py:3033} INFO - Sync 1 DAGs
[2024-02-12T20:05:55.737+0000] {logging_mixin.py:188} INFO - [2024-02-12T20:05:55.737+0000] {dag.py:3820} INFO - Setting next_dagrun for example_bash_operator to 2024-02-11T00:00:00+00:00, run_after=2024-02-12T00:00:00+00:00
[2024-02-12T20:05:55.778+0000] {processor.py:183} INFO - Processing /home/codespace/.local/share/virtualenvs/airflow_sandbox-vp-HKq_L/lib/python3.10/site-packages/airflow/example_dags/example_bash_operator.py took 0.087 seconds
[2024-02-12T20:06:49.444+0000] {processor.py:161} INFO - Started process (PID=28440) to work on /home/codespace/.local/share/virtualenvs/airflow_sandbox-vp-HKq_L/lib/python3.10/site-packages/airflow/example_dags/example_bash_operator.py
[2024-02-12T20:06:49.445+0000] {processor.py:830} INFO - Processing file /home/codespace/.local/share/virtualenvs/airflow_sandbox-vp-HKq_L/lib/python3.10/site-packages/airflow/example_dags/example_bash_operator.py for tasks to queue
[2024-02-12T20:06:49.446+0000] {logging_mixin.py:188} INFO - [2024-02-12T20:06:49.445+0000] {dagbag.py:538} INFO - Filling up the DagBag from /home/codespace/.local/share/virtualenvs/airflow_sandbox-vp-HKq_L/lib/python3.10/site-packages/airflow/example_dags/example_bash_operator.py
[2024-02-12T20:06:49.455+0000] {processor.py:840} INFO - DAG(s) 'example_bash_operator' retrieved from /home/codespace/.local/share/virtualenvs/airflow_sandbox-vp-HKq_L/lib/python3.10/site-packages/airflow/example_dags/example_bash_operator.py
[2024-02-12T20:06:49.473+0000] {logging_mixin.py:188} INFO - [2024-02-12T20:06:49.473+0000] {dag.py:3033} INFO - Sync 1 DAGs
[2024-02-12T20:06:49.489+0000] {logging_mixin.py:188} INFO - [2024-02-12T20:06:49.489+0000] {dag.py:3820} INFO - Setting next_dagrun for example_bash_operator to 2024-02-11T00:00:00+00:00, run_after=2024-02-12T00:00:00+00:00
[2024-02-12T20:06:49.532+0000] {processor.py:183} INFO - Processing /home/codespace/.local/share/virtualenvs/airflow_sandbox-vp-HKq_L/lib/python3.10/site-packages/airflow/example_dags/example_bash_operator.py took 0.090 seconds
