[2024-02-12T20:00:26.641+0000] {processor.py:161} INFO - Started process (PID=25607) to work on /home/codespace/.local/share/virtualenvs/airflow_sandbox-vp-HKq_L/lib/python3.10/site-packages/airflow/example_dags/example_branch_python_dop_operator_3.py
[2024-02-12T20:00:26.641+0000] {processor.py:830} INFO - Processing file /home/codespace/.local/share/virtualenvs/airflow_sandbox-vp-HKq_L/lib/python3.10/site-packages/airflow/example_dags/example_branch_python_dop_operator_3.py for tasks to queue
[2024-02-12T20:00:26.642+0000] {logging_mixin.py:188} INFO - [2024-02-12T20:00:26.642+0000] {dagbag.py:538} INFO - Filling up the DagBag from /home/codespace/.local/share/virtualenvs/airflow_sandbox-vp-HKq_L/lib/python3.10/site-packages/airflow/example_dags/example_branch_python_dop_operator_3.py
[2024-02-12T20:00:26.649+0000] {processor.py:840} INFO - DAG(s) 'example_branch_dop_operator_v3' retrieved from /home/codespace/.local/share/virtualenvs/airflow_sandbox-vp-HKq_L/lib/python3.10/site-packages/airflow/example_dags/example_branch_python_dop_operator_3.py
[2024-02-12T20:00:26.781+0000] {logging_mixin.py:188} INFO - [2024-02-12T20:00:26.781+0000] {override.py:1769} INFO - Created Permission View: can read on DAG:example_branch_dop_operator_v3
[2024-02-12T20:00:26.813+0000] {logging_mixin.py:188} INFO - [2024-02-12T20:00:26.812+0000] {override.py:1769} INFO - Created Permission View: can edit on DAG:example_branch_dop_operator_v3
[2024-02-12T20:00:26.849+0000] {logging_mixin.py:188} INFO - [2024-02-12T20:00:26.849+0000] {override.py:1769} INFO - Created Permission View: can delete on DAG:example_branch_dop_operator_v3
[2024-02-12T20:00:26.849+0000] {logging_mixin.py:188} INFO - [2024-02-12T20:00:26.849+0000] {dag.py:3033} INFO - Sync 1 DAGs
[2024-02-12T20:00:26.858+0000] {logging_mixin.py:188} INFO - [2024-02-12T20:00:26.858+0000] {dag.py:3055} INFO - Creating ORM DAG for example_branch_dop_operator_v3
[2024-02-12T20:00:26.869+0000] {logging_mixin.py:188} INFO - [2024-02-12T20:00:26.868+0000] {dag.py:3820} INFO - Setting next_dagrun for example_branch_dop_operator_v3 to 2024-02-12T19:59:00+00:00, run_after=2024-02-12T20:00:00+00:00
[2024-02-12T20:00:26.912+0000] {processor.py:183} INFO - Processing /home/codespace/.local/share/virtualenvs/airflow_sandbox-vp-HKq_L/lib/python3.10/site-packages/airflow/example_dags/example_branch_python_dop_operator_3.py took 0.273 seconds
[2024-02-12T20:01:16.406+0000] {processor.py:161} INFO - Started process (PID=25996) to work on /home/codespace/.local/share/virtualenvs/airflow_sandbox-vp-HKq_L/lib/python3.10/site-packages/airflow/example_dags/example_branch_python_dop_operator_3.py
[2024-02-12T20:01:16.412+0000] {processor.py:830} INFO - Processing file /home/codespace/.local/share/virtualenvs/airflow_sandbox-vp-HKq_L/lib/python3.10/site-packages/airflow/example_dags/example_branch_python_dop_operator_3.py for tasks to queue
[2024-02-12T20:01:16.420+0000] {logging_mixin.py:188} INFO - [2024-02-12T20:01:16.420+0000] {dagbag.py:538} INFO - Filling up the DagBag from /home/codespace/.local/share/virtualenvs/airflow_sandbox-vp-HKq_L/lib/python3.10/site-packages/airflow/example_dags/example_branch_python_dop_operator_3.py
[2024-02-12T20:01:16.441+0000] {processor.py:840} INFO - DAG(s) 'example_branch_dop_operator_v3' retrieved from /home/codespace/.local/share/virtualenvs/airflow_sandbox-vp-HKq_L/lib/python3.10/site-packages/airflow/example_dags/example_branch_python_dop_operator_3.py
[2024-02-12T20:01:16.508+0000] {logging_mixin.py:188} INFO - [2024-02-12T20:01:16.495+0000] {dag.py:3033} INFO - Sync 1 DAGs
[2024-02-12T20:01:16.604+0000] {logging_mixin.py:188} INFO - [2024-02-12T20:01:16.603+0000] {dag.py:3820} INFO - Setting next_dagrun for example_branch_dop_operator_v3 to 2024-02-12T20:00:00+00:00, run_after=2024-02-12T20:01:00+00:00
[2024-02-12T20:01:16.687+0000] {processor.py:183} INFO - Processing /home/codespace/.local/share/virtualenvs/airflow_sandbox-vp-HKq_L/lib/python3.10/site-packages/airflow/example_dags/example_branch_python_dop_operator_3.py took 0.284 seconds
[2024-02-12T20:02:05.907+0000] {processor.py:161} INFO - Started process (PID=26525) to work on /home/codespace/.local/share/virtualenvs/airflow_sandbox-vp-HKq_L/lib/python3.10/site-packages/airflow/example_dags/example_branch_python_dop_operator_3.py
[2024-02-12T20:02:05.907+0000] {processor.py:830} INFO - Processing file /home/codespace/.local/share/virtualenvs/airflow_sandbox-vp-HKq_L/lib/python3.10/site-packages/airflow/example_dags/example_branch_python_dop_operator_3.py for tasks to queue
[2024-02-12T20:02:05.908+0000] {logging_mixin.py:188} INFO - [2024-02-12T20:02:05.908+0000] {dagbag.py:538} INFO - Filling up the DagBag from /home/codespace/.local/share/virtualenvs/airflow_sandbox-vp-HKq_L/lib/python3.10/site-packages/airflow/example_dags/example_branch_python_dop_operator_3.py
[2024-02-12T20:02:05.915+0000] {processor.py:840} INFO - DAG(s) 'example_branch_dop_operator_v3' retrieved from /home/codespace/.local/share/virtualenvs/airflow_sandbox-vp-HKq_L/lib/python3.10/site-packages/airflow/example_dags/example_branch_python_dop_operator_3.py
[2024-02-12T20:02:05.927+0000] {logging_mixin.py:188} INFO - [2024-02-12T20:02:05.926+0000] {dag.py:3033} INFO - Sync 1 DAGs
[2024-02-12T20:02:05.948+0000] {logging_mixin.py:188} INFO - [2024-02-12T20:02:05.947+0000] {dag.py:3820} INFO - Setting next_dagrun for example_branch_dop_operator_v3 to 2024-02-12T20:01:00+00:00, run_after=2024-02-12T20:02:00+00:00
[2024-02-12T20:02:06.000+0000] {processor.py:183} INFO - Processing /home/codespace/.local/share/virtualenvs/airflow_sandbox-vp-HKq_L/lib/python3.10/site-packages/airflow/example_dags/example_branch_python_dop_operator_3.py took 0.096 seconds
[2024-02-12T20:02:57.639+0000] {processor.py:161} INFO - Started process (PID=27101) to work on /home/codespace/.local/share/virtualenvs/airflow_sandbox-vp-HKq_L/lib/python3.10/site-packages/airflow/example_dags/example_branch_python_dop_operator_3.py
[2024-02-12T20:02:57.639+0000] {processor.py:830} INFO - Processing file /home/codespace/.local/share/virtualenvs/airflow_sandbox-vp-HKq_L/lib/python3.10/site-packages/airflow/example_dags/example_branch_python_dop_operator_3.py for tasks to queue
[2024-02-12T20:02:57.640+0000] {logging_mixin.py:188} INFO - [2024-02-12T20:02:57.640+0000] {dagbag.py:538} INFO - Filling up the DagBag from /home/codespace/.local/share/virtualenvs/airflow_sandbox-vp-HKq_L/lib/python3.10/site-packages/airflow/example_dags/example_branch_python_dop_operator_3.py
[2024-02-12T20:02:57.647+0000] {processor.py:840} INFO - DAG(s) 'example_branch_dop_operator_v3' retrieved from /home/codespace/.local/share/virtualenvs/airflow_sandbox-vp-HKq_L/lib/python3.10/site-packages/airflow/example_dags/example_branch_python_dop_operator_3.py
[2024-02-12T20:02:57.659+0000] {logging_mixin.py:188} INFO - [2024-02-12T20:02:57.659+0000] {dag.py:3033} INFO - Sync 1 DAGs
[2024-02-12T20:02:57.678+0000] {logging_mixin.py:188} INFO - [2024-02-12T20:02:57.678+0000] {dag.py:3820} INFO - Setting next_dagrun for example_branch_dop_operator_v3 to 2024-02-12T20:01:00+00:00, run_after=2024-02-12T20:02:00+00:00
[2024-02-12T20:02:57.716+0000] {processor.py:183} INFO - Processing /home/codespace/.local/share/virtualenvs/airflow_sandbox-vp-HKq_L/lib/python3.10/site-packages/airflow/example_dags/example_branch_python_dop_operator_3.py took 0.079 seconds
[2024-02-12T20:03:51.780+0000] {processor.py:161} INFO - Started process (PID=27675) to work on /home/codespace/.local/share/virtualenvs/airflow_sandbox-vp-HKq_L/lib/python3.10/site-packages/airflow/example_dags/example_branch_python_dop_operator_3.py
[2024-02-12T20:03:51.780+0000] {processor.py:830} INFO - Processing file /home/codespace/.local/share/virtualenvs/airflow_sandbox-vp-HKq_L/lib/python3.10/site-packages/airflow/example_dags/example_branch_python_dop_operator_3.py for tasks to queue
[2024-02-12T20:03:51.781+0000] {logging_mixin.py:188} INFO - [2024-02-12T20:03:51.781+0000] {dagbag.py:538} INFO - Filling up the DagBag from /home/codespace/.local/share/virtualenvs/airflow_sandbox-vp-HKq_L/lib/python3.10/site-packages/airflow/example_dags/example_branch_python_dop_operator_3.py
[2024-02-12T20:03:51.788+0000] {processor.py:840} INFO - DAG(s) 'example_branch_dop_operator_v3' retrieved from /home/codespace/.local/share/virtualenvs/airflow_sandbox-vp-HKq_L/lib/python3.10/site-packages/airflow/example_dags/example_branch_python_dop_operator_3.py
[2024-02-12T20:03:51.800+0000] {logging_mixin.py:188} INFO - [2024-02-12T20:03:51.800+0000] {dag.py:3033} INFO - Sync 1 DAGs
[2024-02-12T20:03:51.818+0000] {logging_mixin.py:188} INFO - [2024-02-12T20:03:51.818+0000] {dag.py:3820} INFO - Setting next_dagrun for example_branch_dop_operator_v3 to 2024-02-12T20:02:00+00:00, run_after=2024-02-12T20:03:00+00:00
[2024-02-12T20:03:51.862+0000] {processor.py:183} INFO - Processing /home/codespace/.local/share/virtualenvs/airflow_sandbox-vp-HKq_L/lib/python3.10/site-packages/airflow/example_dags/example_branch_python_dop_operator_3.py took 0.085 seconds
[2024-02-12T20:04:45.342+0000] {processor.py:161} INFO - Started process (PID=28055) to work on /home/codespace/.local/share/virtualenvs/airflow_sandbox-vp-HKq_L/lib/python3.10/site-packages/airflow/example_dags/example_branch_python_dop_operator_3.py
[2024-02-12T20:04:45.342+0000] {processor.py:830} INFO - Processing file /home/codespace/.local/share/virtualenvs/airflow_sandbox-vp-HKq_L/lib/python3.10/site-packages/airflow/example_dags/example_branch_python_dop_operator_3.py for tasks to queue
[2024-02-12T20:04:45.343+0000] {logging_mixin.py:188} INFO - [2024-02-12T20:04:45.343+0000] {dagbag.py:538} INFO - Filling up the DagBag from /home/codespace/.local/share/virtualenvs/airflow_sandbox-vp-HKq_L/lib/python3.10/site-packages/airflow/example_dags/example_branch_python_dop_operator_3.py
[2024-02-12T20:04:45.350+0000] {processor.py:840} INFO - DAG(s) 'example_branch_dop_operator_v3' retrieved from /home/codespace/.local/share/virtualenvs/airflow_sandbox-vp-HKq_L/lib/python3.10/site-packages/airflow/example_dags/example_branch_python_dop_operator_3.py
[2024-02-12T20:04:45.363+0000] {logging_mixin.py:188} INFO - [2024-02-12T20:04:45.362+0000] {dag.py:3033} INFO - Sync 1 DAGs
[2024-02-12T20:04:45.381+0000] {logging_mixin.py:188} INFO - [2024-02-12T20:04:45.381+0000] {dag.py:3820} INFO - Setting next_dagrun for example_branch_dop_operator_v3 to 2024-02-12T20:03:00+00:00, run_after=2024-02-12T20:04:00+00:00
[2024-02-12T20:04:45.420+0000] {processor.py:183} INFO - Processing /home/codespace/.local/share/virtualenvs/airflow_sandbox-vp-HKq_L/lib/python3.10/site-packages/airflow/example_dags/example_branch_python_dop_operator_3.py took 0.081 seconds
[2024-02-12T20:05:37.974+0000] {processor.py:161} INFO - Started process (PID=28230) to work on /home/codespace/.local/share/virtualenvs/airflow_sandbox-vp-HKq_L/lib/python3.10/site-packages/airflow/example_dags/example_branch_python_dop_operator_3.py
[2024-02-12T20:05:37.974+0000] {processor.py:830} INFO - Processing file /home/codespace/.local/share/virtualenvs/airflow_sandbox-vp-HKq_L/lib/python3.10/site-packages/airflow/example_dags/example_branch_python_dop_operator_3.py for tasks to queue
[2024-02-12T20:05:37.975+0000] {logging_mixin.py:188} INFO - [2024-02-12T20:05:37.975+0000] {dagbag.py:538} INFO - Filling up the DagBag from /home/codespace/.local/share/virtualenvs/airflow_sandbox-vp-HKq_L/lib/python3.10/site-packages/airflow/example_dags/example_branch_python_dop_operator_3.py
[2024-02-12T20:05:37.982+0000] {processor.py:840} INFO - DAG(s) 'example_branch_dop_operator_v3' retrieved from /home/codespace/.local/share/virtualenvs/airflow_sandbox-vp-HKq_L/lib/python3.10/site-packages/airflow/example_dags/example_branch_python_dop_operator_3.py
[2024-02-12T20:05:37.996+0000] {logging_mixin.py:188} INFO - [2024-02-12T20:05:37.996+0000] {dag.py:3033} INFO - Sync 1 DAGs
[2024-02-12T20:05:38.015+0000] {logging_mixin.py:188} INFO - [2024-02-12T20:05:38.015+0000] {dag.py:3820} INFO - Setting next_dagrun for example_branch_dop_operator_v3 to 2024-02-12T20:04:00+00:00, run_after=2024-02-12T20:05:00+00:00
[2024-02-12T20:05:38.054+0000] {processor.py:183} INFO - Processing /home/codespace/.local/share/virtualenvs/airflow_sandbox-vp-HKq_L/lib/python3.10/site-packages/airflow/example_dags/example_branch_python_dop_operator_3.py took 0.083 seconds
[2024-02-12T20:06:31.049+0000] {processor.py:161} INFO - Started process (PID=28403) to work on /home/codespace/.local/share/virtualenvs/airflow_sandbox-vp-HKq_L/lib/python3.10/site-packages/airflow/example_dags/example_branch_python_dop_operator_3.py
[2024-02-12T20:06:31.050+0000] {processor.py:830} INFO - Processing file /home/codespace/.local/share/virtualenvs/airflow_sandbox-vp-HKq_L/lib/python3.10/site-packages/airflow/example_dags/example_branch_python_dop_operator_3.py for tasks to queue
[2024-02-12T20:06:31.050+0000] {logging_mixin.py:188} INFO - [2024-02-12T20:06:31.050+0000] {dagbag.py:538} INFO - Filling up the DagBag from /home/codespace/.local/share/virtualenvs/airflow_sandbox-vp-HKq_L/lib/python3.10/site-packages/airflow/example_dags/example_branch_python_dop_operator_3.py
[2024-02-12T20:06:31.058+0000] {processor.py:840} INFO - DAG(s) 'example_branch_dop_operator_v3' retrieved from /home/codespace/.local/share/virtualenvs/airflow_sandbox-vp-HKq_L/lib/python3.10/site-packages/airflow/example_dags/example_branch_python_dop_operator_3.py
[2024-02-12T20:06:31.070+0000] {logging_mixin.py:188} INFO - [2024-02-12T20:06:31.070+0000] {dag.py:3033} INFO - Sync 1 DAGs
[2024-02-12T20:06:31.088+0000] {logging_mixin.py:188} INFO - [2024-02-12T20:06:31.088+0000] {dag.py:3820} INFO - Setting next_dagrun for example_branch_dop_operator_v3 to 2024-02-12T20:05:00+00:00, run_after=2024-02-12T20:06:00+00:00
[2024-02-12T20:06:31.126+0000] {processor.py:183} INFO - Processing /home/codespace/.local/share/virtualenvs/airflow_sandbox-vp-HKq_L/lib/python3.10/site-packages/airflow/example_dags/example_branch_python_dop_operator_3.py took 0.080 seconds
[2024-02-12T20:07:27.310+0000] {processor.py:161} INFO - Started process (PID=28891) to work on /home/codespace/.local/share/virtualenvs/airflow_sandbox-vp-HKq_L/lib/python3.10/site-packages/airflow/example_dags/example_branch_python_dop_operator_3.py
[2024-02-12T20:07:27.310+0000] {processor.py:830} INFO - Processing file /home/codespace/.local/share/virtualenvs/airflow_sandbox-vp-HKq_L/lib/python3.10/site-packages/airflow/example_dags/example_branch_python_dop_operator_3.py for tasks to queue
[2024-02-12T20:07:27.311+0000] {logging_mixin.py:188} INFO - [2024-02-12T20:07:27.311+0000] {dagbag.py:538} INFO - Filling up the DagBag from /home/codespace/.local/share/virtualenvs/airflow_sandbox-vp-HKq_L/lib/python3.10/site-packages/airflow/example_dags/example_branch_python_dop_operator_3.py
[2024-02-12T20:07:27.323+0000] {processor.py:840} INFO - DAG(s) 'example_branch_dop_operator_v3' retrieved from /home/codespace/.local/share/virtualenvs/airflow_sandbox-vp-HKq_L/lib/python3.10/site-packages/airflow/example_dags/example_branch_python_dop_operator_3.py
[2024-02-12T20:07:27.339+0000] {logging_mixin.py:188} INFO - [2024-02-12T20:07:27.339+0000] {dag.py:3033} INFO - Sync 1 DAGs
[2024-02-12T20:07:27.365+0000] {logging_mixin.py:188} INFO - [2024-02-12T20:07:27.365+0000] {dag.py:3820} INFO - Setting next_dagrun for example_branch_dop_operator_v3 to 2024-02-12T20:06:00+00:00, run_after=2024-02-12T20:07:00+00:00
[2024-02-12T20:07:27.406+0000] {processor.py:183} INFO - Processing /home/codespace/.local/share/virtualenvs/airflow_sandbox-vp-HKq_L/lib/python3.10/site-packages/airflow/example_dags/example_branch_python_dop_operator_3.py took 0.100 seconds
