[2024-02-12T19:43:59.322+0000] {processor.py:161} INFO - Started process (PID=15976) to work on /home/codespace/.local/share/virtualenvs/airflow_sandbox-vp-HKq_L/lib/python3.10/site-packages/airflow/example_dags/example_python_decorator.py
[2024-02-12T19:43:59.322+0000] {processor.py:830} INFO - Processing file /home/codespace/.local/share/virtualenvs/airflow_sandbox-vp-HKq_L/lib/python3.10/site-packages/airflow/example_dags/example_python_decorator.py for tasks to queue
[2024-02-12T19:43:59.323+0000] {logging_mixin.py:188} INFO - [2024-02-12T19:43:59.323+0000] {dagbag.py:538} INFO - Filling up the DagBag from /home/codespace/.local/share/virtualenvs/airflow_sandbox-vp-HKq_L/lib/python3.10/site-packages/airflow/example_dags/example_python_decorator.py
[2024-02-12T19:43:59.331+0000] {processor.py:840} INFO - DAG(s) 'example_python_decorator' retrieved from /home/codespace/.local/share/virtualenvs/airflow_sandbox-vp-HKq_L/lib/python3.10/site-packages/airflow/example_dags/example_python_decorator.py
[2024-02-12T19:43:59.487+0000] {logging_mixin.py:188} INFO - [2024-02-12T19:43:59.487+0000] {override.py:1769} INFO - Created Permission View: can delete on DAG:example_python_decorator
[2024-02-12T19:43:59.532+0000] {logging_mixin.py:188} INFO - [2024-02-12T19:43:59.532+0000] {override.py:1769} INFO - Created Permission View: can read on DAG:example_python_decorator
[2024-02-12T19:43:59.562+0000] {logging_mixin.py:188} INFO - [2024-02-12T19:43:59.561+0000] {override.py:1769} INFO - Created Permission View: can edit on DAG:example_python_decorator
[2024-02-12T19:43:59.562+0000] {logging_mixin.py:188} INFO - [2024-02-12T19:43:59.562+0000] {dag.py:3033} INFO - Sync 1 DAGs
[2024-02-12T19:43:59.570+0000] {logging_mixin.py:188} INFO - [2024-02-12T19:43:59.570+0000] {dag.py:3055} INFO - Creating ORM DAG for example_python_decorator
[2024-02-12T19:43:59.570+0000] {logging_mixin.py:188} INFO - [2024-02-12T19:43:59.570+0000] {dag.py:3820} INFO - Setting next_dagrun for example_python_decorator to None, run_after=None
[2024-02-12T19:43:59.615+0000] {processor.py:183} INFO - Processing /home/codespace/.local/share/virtualenvs/airflow_sandbox-vp-HKq_L/lib/python3.10/site-packages/airflow/example_dags/example_python_decorator.py took 0.296 seconds
[2024-02-12T20:00:07.229+0000] {processor.py:161} INFO - Started process (PID=25397) to work on /home/codespace/.local/share/virtualenvs/airflow_sandbox-vp-HKq_L/lib/python3.10/site-packages/airflow/example_dags/example_python_decorator.py
[2024-02-12T20:00:07.230+0000] {processor.py:830} INFO - Processing file /home/codespace/.local/share/virtualenvs/airflow_sandbox-vp-HKq_L/lib/python3.10/site-packages/airflow/example_dags/example_python_decorator.py for tasks to queue
[2024-02-12T20:00:07.231+0000] {logging_mixin.py:188} INFO - [2024-02-12T20:00:07.230+0000] {dagbag.py:538} INFO - Filling up the DagBag from /home/codespace/.local/share/virtualenvs/airflow_sandbox-vp-HKq_L/lib/python3.10/site-packages/airflow/example_dags/example_python_decorator.py
[2024-02-12T20:00:07.273+0000] {processor.py:840} INFO - DAG(s) 'example_python_decorator' retrieved from /home/codespace/.local/share/virtualenvs/airflow_sandbox-vp-HKq_L/lib/python3.10/site-packages/airflow/example_dags/example_python_decorator.py
[2024-02-12T20:00:07.336+0000] {logging_mixin.py:188} INFO - [2024-02-12T20:00:07.336+0000] {dag.py:3033} INFO - Sync 1 DAGs
[2024-02-12T20:00:07.371+0000] {logging_mixin.py:188} INFO - [2024-02-12T20:00:07.370+0000] {dag.py:3820} INFO - Setting next_dagrun for example_python_decorator to None, run_after=None
[2024-02-12T20:00:07.493+0000] {processor.py:183} INFO - Processing /home/codespace/.local/share/virtualenvs/airflow_sandbox-vp-HKq_L/lib/python3.10/site-packages/airflow/example_dags/example_python_decorator.py took 0.270 seconds
[2024-02-12T20:00:57.943+0000] {processor.py:161} INFO - Started process (PID=25822) to work on /home/codespace/.local/share/virtualenvs/airflow_sandbox-vp-HKq_L/lib/python3.10/site-packages/airflow/example_dags/example_python_decorator.py
[2024-02-12T20:00:57.943+0000] {processor.py:830} INFO - Processing file /home/codespace/.local/share/virtualenvs/airflow_sandbox-vp-HKq_L/lib/python3.10/site-packages/airflow/example_dags/example_python_decorator.py for tasks to queue
[2024-02-12T20:00:57.944+0000] {logging_mixin.py:188} INFO - [2024-02-12T20:00:57.944+0000] {dagbag.py:538} INFO - Filling up the DagBag from /home/codespace/.local/share/virtualenvs/airflow_sandbox-vp-HKq_L/lib/python3.10/site-packages/airflow/example_dags/example_python_decorator.py
[2024-02-12T20:00:57.952+0000] {processor.py:840} INFO - DAG(s) 'example_python_decorator' retrieved from /home/codespace/.local/share/virtualenvs/airflow_sandbox-vp-HKq_L/lib/python3.10/site-packages/airflow/example_dags/example_python_decorator.py
[2024-02-12T20:00:57.965+0000] {logging_mixin.py:188} INFO - [2024-02-12T20:00:57.965+0000] {dag.py:3033} INFO - Sync 1 DAGs
[2024-02-12T20:00:57.973+0000] {logging_mixin.py:188} INFO - [2024-02-12T20:00:57.973+0000] {dag.py:3820} INFO - Setting next_dagrun for example_python_decorator to None, run_after=None
[2024-02-12T20:00:58.012+0000] {processor.py:183} INFO - Processing /home/codespace/.local/share/virtualenvs/airflow_sandbox-vp-HKq_L/lib/python3.10/site-packages/airflow/example_dags/example_python_decorator.py took 0.072 seconds
[2024-02-12T20:01:45.035+0000] {processor.py:161} INFO - Started process (PID=26258) to work on /home/codespace/.local/share/virtualenvs/airflow_sandbox-vp-HKq_L/lib/python3.10/site-packages/airflow/example_dags/example_python_decorator.py
[2024-02-12T20:01:45.036+0000] {processor.py:830} INFO - Processing file /home/codespace/.local/share/virtualenvs/airflow_sandbox-vp-HKq_L/lib/python3.10/site-packages/airflow/example_dags/example_python_decorator.py for tasks to queue
[2024-02-12T20:01:45.037+0000] {logging_mixin.py:188} INFO - [2024-02-12T20:01:45.036+0000] {dagbag.py:538} INFO - Filling up the DagBag from /home/codespace/.local/share/virtualenvs/airflow_sandbox-vp-HKq_L/lib/python3.10/site-packages/airflow/example_dags/example_python_decorator.py
[2024-02-12T20:01:45.045+0000] {processor.py:840} INFO - DAG(s) 'example_python_decorator' retrieved from /home/codespace/.local/share/virtualenvs/airflow_sandbox-vp-HKq_L/lib/python3.10/site-packages/airflow/example_dags/example_python_decorator.py
[2024-02-12T20:01:45.058+0000] {logging_mixin.py:188} INFO - [2024-02-12T20:01:45.058+0000] {dag.py:3033} INFO - Sync 1 DAGs
[2024-02-12T20:01:45.068+0000] {logging_mixin.py:188} INFO - [2024-02-12T20:01:45.068+0000] {dag.py:3820} INFO - Setting next_dagrun for example_python_decorator to None, run_after=None
[2024-02-12T20:01:45.108+0000] {processor.py:183} INFO - Processing /home/codespace/.local/share/virtualenvs/airflow_sandbox-vp-HKq_L/lib/python3.10/site-packages/airflow/example_dags/example_python_decorator.py took 0.075 seconds
[2024-02-12T20:02:30.263+0000] {processor.py:161} INFO - Started process (PID=26723) to work on /home/codespace/.local/share/virtualenvs/airflow_sandbox-vp-HKq_L/lib/python3.10/site-packages/airflow/example_dags/example_python_decorator.py
[2024-02-12T20:02:30.263+0000] {processor.py:830} INFO - Processing file /home/codespace/.local/share/virtualenvs/airflow_sandbox-vp-HKq_L/lib/python3.10/site-packages/airflow/example_dags/example_python_decorator.py for tasks to queue
[2024-02-12T20:02:30.264+0000] {logging_mixin.py:188} INFO - [2024-02-12T20:02:30.264+0000] {dagbag.py:538} INFO - Filling up the DagBag from /home/codespace/.local/share/virtualenvs/airflow_sandbox-vp-HKq_L/lib/python3.10/site-packages/airflow/example_dags/example_python_decorator.py
[2024-02-12T20:02:30.272+0000] {processor.py:840} INFO - DAG(s) 'example_python_decorator' retrieved from /home/codespace/.local/share/virtualenvs/airflow_sandbox-vp-HKq_L/lib/python3.10/site-packages/airflow/example_dags/example_python_decorator.py
[2024-02-12T20:02:30.285+0000] {logging_mixin.py:188} INFO - [2024-02-12T20:02:30.285+0000] {dag.py:3033} INFO - Sync 1 DAGs
[2024-02-12T20:02:30.298+0000] {logging_mixin.py:188} INFO - [2024-02-12T20:02:30.298+0000] {dag.py:3820} INFO - Setting next_dagrun for example_python_decorator to None, run_after=None
[2024-02-12T20:02:30.349+0000] {processor.py:183} INFO - Processing /home/codespace/.local/share/virtualenvs/airflow_sandbox-vp-HKq_L/lib/python3.10/site-packages/airflow/example_dags/example_python_decorator.py took 0.089 seconds
[2024-02-12T20:03:25.769+0000] {processor.py:161} INFO - Started process (PID=27471) to work on /home/codespace/.local/share/virtualenvs/airflow_sandbox-vp-HKq_L/lib/python3.10/site-packages/airflow/example_dags/example_python_decorator.py
[2024-02-12T20:03:25.769+0000] {processor.py:830} INFO - Processing file /home/codespace/.local/share/virtualenvs/airflow_sandbox-vp-HKq_L/lib/python3.10/site-packages/airflow/example_dags/example_python_decorator.py for tasks to queue
[2024-02-12T20:03:25.770+0000] {logging_mixin.py:188} INFO - [2024-02-12T20:03:25.770+0000] {dagbag.py:538} INFO - Filling up the DagBag from /home/codespace/.local/share/virtualenvs/airflow_sandbox-vp-HKq_L/lib/python3.10/site-packages/airflow/example_dags/example_python_decorator.py
[2024-02-12T20:03:25.778+0000] {processor.py:840} INFO - DAG(s) 'example_python_decorator' retrieved from /home/codespace/.local/share/virtualenvs/airflow_sandbox-vp-HKq_L/lib/python3.10/site-packages/airflow/example_dags/example_python_decorator.py
[2024-02-12T20:03:25.791+0000] {logging_mixin.py:188} INFO - [2024-02-12T20:03:25.791+0000] {dag.py:3033} INFO - Sync 1 DAGs
[2024-02-12T20:03:25.800+0000] {logging_mixin.py:188} INFO - [2024-02-12T20:03:25.799+0000] {dag.py:3820} INFO - Setting next_dagrun for example_python_decorator to None, run_after=None
[2024-02-12T20:03:25.839+0000] {processor.py:183} INFO - Processing /home/codespace/.local/share/virtualenvs/airflow_sandbox-vp-HKq_L/lib/python3.10/site-packages/airflow/example_dags/example_python_decorator.py took 0.073 seconds
[2024-02-12T20:04:18.244+0000] {processor.py:161} INFO - Started process (PID=27954) to work on /home/codespace/.local/share/virtualenvs/airflow_sandbox-vp-HKq_L/lib/python3.10/site-packages/airflow/example_dags/example_python_decorator.py
[2024-02-12T20:04:18.244+0000] {processor.py:830} INFO - Processing file /home/codespace/.local/share/virtualenvs/airflow_sandbox-vp-HKq_L/lib/python3.10/site-packages/airflow/example_dags/example_python_decorator.py for tasks to queue
[2024-02-12T20:04:18.245+0000] {logging_mixin.py:188} INFO - [2024-02-12T20:04:18.245+0000] {dagbag.py:538} INFO - Filling up the DagBag from /home/codespace/.local/share/virtualenvs/airflow_sandbox-vp-HKq_L/lib/python3.10/site-packages/airflow/example_dags/example_python_decorator.py
[2024-02-12T20:04:18.253+0000] {processor.py:840} INFO - DAG(s) 'example_python_decorator' retrieved from /home/codespace/.local/share/virtualenvs/airflow_sandbox-vp-HKq_L/lib/python3.10/site-packages/airflow/example_dags/example_python_decorator.py
[2024-02-12T20:04:18.267+0000] {logging_mixin.py:188} INFO - [2024-02-12T20:04:18.267+0000] {dag.py:3033} INFO - Sync 1 DAGs
[2024-02-12T20:04:18.276+0000] {logging_mixin.py:188} INFO - [2024-02-12T20:04:18.275+0000] {dag.py:3820} INFO - Setting next_dagrun for example_python_decorator to None, run_after=None
[2024-02-12T20:04:18.315+0000] {processor.py:183} INFO - Processing /home/codespace/.local/share/virtualenvs/airflow_sandbox-vp-HKq_L/lib/python3.10/site-packages/airflow/example_dags/example_python_decorator.py took 0.073 seconds
[2024-02-12T20:05:09.898+0000] {processor.py:161} INFO - Started process (PID=28156) to work on /home/codespace/.local/share/virtualenvs/airflow_sandbox-vp-HKq_L/lib/python3.10/site-packages/airflow/example_dags/example_python_decorator.py
[2024-02-12T20:05:09.899+0000] {processor.py:830} INFO - Processing file /home/codespace/.local/share/virtualenvs/airflow_sandbox-vp-HKq_L/lib/python3.10/site-packages/airflow/example_dags/example_python_decorator.py for tasks to queue
[2024-02-12T20:05:09.899+0000] {logging_mixin.py:188} INFO - [2024-02-12T20:05:09.899+0000] {dagbag.py:538} INFO - Filling up the DagBag from /home/codespace/.local/share/virtualenvs/airflow_sandbox-vp-HKq_L/lib/python3.10/site-packages/airflow/example_dags/example_python_decorator.py
[2024-02-12T20:05:09.907+0000] {processor.py:840} INFO - DAG(s) 'example_python_decorator' retrieved from /home/codespace/.local/share/virtualenvs/airflow_sandbox-vp-HKq_L/lib/python3.10/site-packages/airflow/example_dags/example_python_decorator.py
[2024-02-12T20:05:09.920+0000] {logging_mixin.py:188} INFO - [2024-02-12T20:05:09.920+0000] {dag.py:3033} INFO - Sync 1 DAGs
[2024-02-12T20:05:09.929+0000] {logging_mixin.py:188} INFO - [2024-02-12T20:05:09.929+0000] {dag.py:3820} INFO - Setting next_dagrun for example_python_decorator to None, run_after=None
[2024-02-12T20:05:09.967+0000] {processor.py:183} INFO - Processing /home/codespace/.local/share/virtualenvs/airflow_sandbox-vp-HKq_L/lib/python3.10/site-packages/airflow/example_dags/example_python_decorator.py took 0.072 seconds
[2024-02-12T20:06:04.209+0000] {processor.py:161} INFO - Started process (PID=28314) to work on /home/codespace/.local/share/virtualenvs/airflow_sandbox-vp-HKq_L/lib/python3.10/site-packages/airflow/example_dags/example_python_decorator.py
[2024-02-12T20:06:04.209+0000] {processor.py:830} INFO - Processing file /home/codespace/.local/share/virtualenvs/airflow_sandbox-vp-HKq_L/lib/python3.10/site-packages/airflow/example_dags/example_python_decorator.py for tasks to queue
[2024-02-12T20:06:04.210+0000] {logging_mixin.py:188} INFO - [2024-02-12T20:06:04.210+0000] {dagbag.py:538} INFO - Filling up the DagBag from /home/codespace/.local/share/virtualenvs/airflow_sandbox-vp-HKq_L/lib/python3.10/site-packages/airflow/example_dags/example_python_decorator.py
[2024-02-12T20:06:04.218+0000] {processor.py:840} INFO - DAG(s) 'example_python_decorator' retrieved from /home/codespace/.local/share/virtualenvs/airflow_sandbox-vp-HKq_L/lib/python3.10/site-packages/airflow/example_dags/example_python_decorator.py
[2024-02-12T20:06:04.231+0000] {logging_mixin.py:188} INFO - [2024-02-12T20:06:04.231+0000] {dag.py:3033} INFO - Sync 1 DAGs
[2024-02-12T20:06:04.239+0000] {logging_mixin.py:188} INFO - [2024-02-12T20:06:04.239+0000] {dag.py:3820} INFO - Setting next_dagrun for example_python_decorator to None, run_after=None
[2024-02-12T20:06:04.279+0000] {processor.py:183} INFO - Processing /home/codespace/.local/share/virtualenvs/airflow_sandbox-vp-HKq_L/lib/python3.10/site-packages/airflow/example_dags/example_python_decorator.py took 0.073 seconds
[2024-02-12T20:06:58.661+0000] {processor.py:161} INFO - Started process (PID=28688) to work on /home/codespace/.local/share/virtualenvs/airflow_sandbox-vp-HKq_L/lib/python3.10/site-packages/airflow/example_dags/example_python_decorator.py
[2024-02-12T20:06:58.662+0000] {processor.py:830} INFO - Processing file /home/codespace/.local/share/virtualenvs/airflow_sandbox-vp-HKq_L/lib/python3.10/site-packages/airflow/example_dags/example_python_decorator.py for tasks to queue
[2024-02-12T20:06:58.663+0000] {logging_mixin.py:188} INFO - [2024-02-12T20:06:58.663+0000] {dagbag.py:538} INFO - Filling up the DagBag from /home/codespace/.local/share/virtualenvs/airflow_sandbox-vp-HKq_L/lib/python3.10/site-packages/airflow/example_dags/example_python_decorator.py
[2024-02-12T20:06:58.674+0000] {processor.py:840} INFO - DAG(s) 'example_python_decorator' retrieved from /home/codespace/.local/share/virtualenvs/airflow_sandbox-vp-HKq_L/lib/python3.10/site-packages/airflow/example_dags/example_python_decorator.py
[2024-02-12T20:06:58.694+0000] {logging_mixin.py:188} INFO - [2024-02-12T20:06:58.694+0000] {dag.py:3033} INFO - Sync 1 DAGs
[2024-02-12T20:06:58.707+0000] {logging_mixin.py:188} INFO - [2024-02-12T20:06:58.707+0000] {dag.py:3820} INFO - Setting next_dagrun for example_python_decorator to None, run_after=None
[2024-02-12T20:06:58.756+0000] {processor.py:183} INFO - Processing /home/codespace/.local/share/virtualenvs/airflow_sandbox-vp-HKq_L/lib/python3.10/site-packages/airflow/example_dags/example_python_decorator.py took 0.098 seconds
