[2024-02-12T20:00:29.337+0000] {processor.py:161} INFO - Started process (PID=25622) to work on /home/codespace/.local/share/virtualenvs/airflow_sandbox-vp-HKq_L/lib/python3.10/site-packages/airflow/example_dags/example_branch_day_of_week_operator.py
[2024-02-12T20:00:29.337+0000] {processor.py:830} INFO - Processing file /home/codespace/.local/share/virtualenvs/airflow_sandbox-vp-HKq_L/lib/python3.10/site-packages/airflow/example_dags/example_branch_day_of_week_operator.py for tasks to queue
[2024-02-12T20:00:29.338+0000] {logging_mixin.py:188} INFO - [2024-02-12T20:00:29.338+0000] {dagbag.py:538} INFO - Filling up the DagBag from /home/codespace/.local/share/virtualenvs/airflow_sandbox-vp-HKq_L/lib/python3.10/site-packages/airflow/example_dags/example_branch_day_of_week_operator.py
[2024-02-12T20:00:29.344+0000] {processor.py:840} INFO - DAG(s) 'example_weekday_branch_operator' retrieved from /home/codespace/.local/share/virtualenvs/airflow_sandbox-vp-HKq_L/lib/python3.10/site-packages/airflow/example_dags/example_branch_day_of_week_operator.py
[2024-02-12T20:00:29.488+0000] {logging_mixin.py:188} INFO - [2024-02-12T20:00:29.488+0000] {override.py:1769} INFO - Created Permission View: can read on DAG:example_weekday_branch_operator
[2024-02-12T20:00:29.529+0000] {logging_mixin.py:188} INFO - [2024-02-12T20:00:29.528+0000] {override.py:1769} INFO - Created Permission View: can edit on DAG:example_weekday_branch_operator
[2024-02-12T20:00:29.564+0000] {logging_mixin.py:188} INFO - [2024-02-12T20:00:29.563+0000] {override.py:1769} INFO - Created Permission View: can delete on DAG:example_weekday_branch_operator
[2024-02-12T20:00:29.564+0000] {logging_mixin.py:188} INFO - [2024-02-12T20:00:29.564+0000] {dag.py:3033} INFO - Sync 1 DAGs
[2024-02-12T20:00:29.573+0000] {logging_mixin.py:188} INFO - [2024-02-12T20:00:29.572+0000] {dag.py:3055} INFO - Creating ORM DAG for example_weekday_branch_operator
[2024-02-12T20:00:29.580+0000] {logging_mixin.py:188} INFO - [2024-02-12T20:00:29.580+0000] {dag.py:3820} INFO - Setting next_dagrun for example_weekday_branch_operator to 2024-02-11T00:00:00+00:00, run_after=2024-02-12T00:00:00+00:00
[2024-02-12T20:00:29.624+0000] {processor.py:183} INFO - Processing /home/codespace/.local/share/virtualenvs/airflow_sandbox-vp-HKq_L/lib/python3.10/site-packages/airflow/example_dags/example_branch_day_of_week_operator.py took 0.290 seconds
[2024-02-12T20:01:28.330+0000] {processor.py:161} INFO - Started process (PID=26135) to work on /home/codespace/.local/share/virtualenvs/airflow_sandbox-vp-HKq_L/lib/python3.10/site-packages/airflow/example_dags/example_branch_day_of_week_operator.py
[2024-02-12T20:01:28.331+0000] {processor.py:830} INFO - Processing file /home/codespace/.local/share/virtualenvs/airflow_sandbox-vp-HKq_L/lib/python3.10/site-packages/airflow/example_dags/example_branch_day_of_week_operator.py for tasks to queue
[2024-02-12T20:01:28.331+0000] {logging_mixin.py:188} INFO - [2024-02-12T20:01:28.331+0000] {dagbag.py:538} INFO - Filling up the DagBag from /home/codespace/.local/share/virtualenvs/airflow_sandbox-vp-HKq_L/lib/python3.10/site-packages/airflow/example_dags/example_branch_day_of_week_operator.py
[2024-02-12T20:01:28.338+0000] {processor.py:840} INFO - DAG(s) 'example_weekday_branch_operator' retrieved from /home/codespace/.local/share/virtualenvs/airflow_sandbox-vp-HKq_L/lib/python3.10/site-packages/airflow/example_dags/example_branch_day_of_week_operator.py
[2024-02-12T20:01:28.351+0000] {logging_mixin.py:188} INFO - [2024-02-12T20:01:28.351+0000] {dag.py:3033} INFO - Sync 1 DAGs
[2024-02-12T20:01:28.368+0000] {logging_mixin.py:188} INFO - [2024-02-12T20:01:28.367+0000] {dag.py:3820} INFO - Setting next_dagrun for example_weekday_branch_operator to 2024-02-11T00:00:00+00:00, run_after=2024-02-12T00:00:00+00:00
[2024-02-12T20:01:28.407+0000] {processor.py:183} INFO - Processing /home/codespace/.local/share/virtualenvs/airflow_sandbox-vp-HKq_L/lib/python3.10/site-packages/airflow/example_dags/example_branch_day_of_week_operator.py took 0.080 seconds
[2024-02-12T20:02:14.507+0000] {processor.py:161} INFO - Started process (PID=26570) to work on /home/codespace/.local/share/virtualenvs/airflow_sandbox-vp-HKq_L/lib/python3.10/site-packages/airflow/example_dags/example_branch_day_of_week_operator.py
[2024-02-12T20:02:14.508+0000] {processor.py:830} INFO - Processing file /home/codespace/.local/share/virtualenvs/airflow_sandbox-vp-HKq_L/lib/python3.10/site-packages/airflow/example_dags/example_branch_day_of_week_operator.py for tasks to queue
[2024-02-12T20:02:14.509+0000] {logging_mixin.py:188} INFO - [2024-02-12T20:02:14.509+0000] {dagbag.py:538} INFO - Filling up the DagBag from /home/codespace/.local/share/virtualenvs/airflow_sandbox-vp-HKq_L/lib/python3.10/site-packages/airflow/example_dags/example_branch_day_of_week_operator.py
[2024-02-12T20:02:14.520+0000] {processor.py:840} INFO - DAG(s) 'example_weekday_branch_operator' retrieved from /home/codespace/.local/share/virtualenvs/airflow_sandbox-vp-HKq_L/lib/python3.10/site-packages/airflow/example_dags/example_branch_day_of_week_operator.py
[2024-02-12T20:02:14.537+0000] {logging_mixin.py:188} INFO - [2024-02-12T20:02:14.537+0000] {dag.py:3033} INFO - Sync 1 DAGs
[2024-02-12T20:02:14.558+0000] {logging_mixin.py:188} INFO - [2024-02-12T20:02:14.557+0000] {dag.py:3820} INFO - Setting next_dagrun for example_weekday_branch_operator to 2024-02-11T00:00:00+00:00, run_after=2024-02-12T00:00:00+00:00
[2024-02-12T20:02:14.598+0000] {processor.py:183} INFO - Processing /home/codespace/.local/share/virtualenvs/airflow_sandbox-vp-HKq_L/lib/python3.10/site-packages/airflow/example_dags/example_branch_day_of_week_operator.py took 0.094 seconds
[2024-02-12T20:03:09.566+0000] {processor.py:161} INFO - Started process (PID=27242) to work on /home/codespace/.local/share/virtualenvs/airflow_sandbox-vp-HKq_L/lib/python3.10/site-packages/airflow/example_dags/example_branch_day_of_week_operator.py
[2024-02-12T20:03:09.567+0000] {processor.py:830} INFO - Processing file /home/codespace/.local/share/virtualenvs/airflow_sandbox-vp-HKq_L/lib/python3.10/site-packages/airflow/example_dags/example_branch_day_of_week_operator.py for tasks to queue
[2024-02-12T20:03:09.568+0000] {logging_mixin.py:188} INFO - [2024-02-12T20:03:09.568+0000] {dagbag.py:538} INFO - Filling up the DagBag from /home/codespace/.local/share/virtualenvs/airflow_sandbox-vp-HKq_L/lib/python3.10/site-packages/airflow/example_dags/example_branch_day_of_week_operator.py
[2024-02-12T20:03:09.574+0000] {processor.py:840} INFO - DAG(s) 'example_weekday_branch_operator' retrieved from /home/codespace/.local/share/virtualenvs/airflow_sandbox-vp-HKq_L/lib/python3.10/site-packages/airflow/example_dags/example_branch_day_of_week_operator.py
[2024-02-12T20:03:09.586+0000] {logging_mixin.py:188} INFO - [2024-02-12T20:03:09.586+0000] {dag.py:3033} INFO - Sync 1 DAGs
[2024-02-12T20:03:09.609+0000] {logging_mixin.py:188} INFO - [2024-02-12T20:03:09.609+0000] {dag.py:3820} INFO - Setting next_dagrun for example_weekday_branch_operator to 2024-02-11T00:00:00+00:00, run_after=2024-02-12T00:00:00+00:00
[2024-02-12T20:03:09.678+0000] {processor.py:183} INFO - Processing /home/codespace/.local/share/virtualenvs/airflow_sandbox-vp-HKq_L/lib/python3.10/site-packages/airflow/example_dags/example_branch_day_of_week_operator.py took 0.113 seconds
[2024-02-12T20:04:03.111+0000] {processor.py:161} INFO - Started process (PID=27768) to work on /home/codespace/.local/share/virtualenvs/airflow_sandbox-vp-HKq_L/lib/python3.10/site-packages/airflow/example_dags/example_branch_day_of_week_operator.py
[2024-02-12T20:04:03.112+0000] {processor.py:830} INFO - Processing file /home/codespace/.local/share/virtualenvs/airflow_sandbox-vp-HKq_L/lib/python3.10/site-packages/airflow/example_dags/example_branch_day_of_week_operator.py for tasks to queue
[2024-02-12T20:04:03.112+0000] {logging_mixin.py:188} INFO - [2024-02-12T20:04:03.112+0000] {dagbag.py:538} INFO - Filling up the DagBag from /home/codespace/.local/share/virtualenvs/airflow_sandbox-vp-HKq_L/lib/python3.10/site-packages/airflow/example_dags/example_branch_day_of_week_operator.py
[2024-02-12T20:04:03.119+0000] {processor.py:840} INFO - DAG(s) 'example_weekday_branch_operator' retrieved from /home/codespace/.local/share/virtualenvs/airflow_sandbox-vp-HKq_L/lib/python3.10/site-packages/airflow/example_dags/example_branch_day_of_week_operator.py
[2024-02-12T20:04:03.131+0000] {logging_mixin.py:188} INFO - [2024-02-12T20:04:03.131+0000] {dag.py:3033} INFO - Sync 1 DAGs
[2024-02-12T20:04:03.148+0000] {logging_mixin.py:188} INFO - [2024-02-12T20:04:03.148+0000] {dag.py:3820} INFO - Setting next_dagrun for example_weekday_branch_operator to 2024-02-11T00:00:00+00:00, run_after=2024-02-12T00:00:00+00:00
[2024-02-12T20:04:03.187+0000] {processor.py:183} INFO - Processing /home/codespace/.local/share/virtualenvs/airflow_sandbox-vp-HKq_L/lib/python3.10/site-packages/airflow/example_dags/example_branch_day_of_week_operator.py took 0.079 seconds
[2024-02-12T20:04:55.996+0000] {processor.py:161} INFO - Started process (PID=28097) to work on /home/codespace/.local/share/virtualenvs/airflow_sandbox-vp-HKq_L/lib/python3.10/site-packages/airflow/example_dags/example_branch_day_of_week_operator.py
[2024-02-12T20:04:55.997+0000] {processor.py:830} INFO - Processing file /home/codespace/.local/share/virtualenvs/airflow_sandbox-vp-HKq_L/lib/python3.10/site-packages/airflow/example_dags/example_branch_day_of_week_operator.py for tasks to queue
[2024-02-12T20:04:55.997+0000] {logging_mixin.py:188} INFO - [2024-02-12T20:04:55.997+0000] {dagbag.py:538} INFO - Filling up the DagBag from /home/codespace/.local/share/virtualenvs/airflow_sandbox-vp-HKq_L/lib/python3.10/site-packages/airflow/example_dags/example_branch_day_of_week_operator.py
[2024-02-12T20:04:56.003+0000] {processor.py:840} INFO - DAG(s) 'example_weekday_branch_operator' retrieved from /home/codespace/.local/share/virtualenvs/airflow_sandbox-vp-HKq_L/lib/python3.10/site-packages/airflow/example_dags/example_branch_day_of_week_operator.py
[2024-02-12T20:04:56.017+0000] {logging_mixin.py:188} INFO - [2024-02-12T20:04:56.017+0000] {dag.py:3033} INFO - Sync 1 DAGs
[2024-02-12T20:04:56.033+0000] {logging_mixin.py:188} INFO - [2024-02-12T20:04:56.033+0000] {dag.py:3820} INFO - Setting next_dagrun for example_weekday_branch_operator to 2024-02-11T00:00:00+00:00, run_after=2024-02-12T00:00:00+00:00
[2024-02-12T20:04:56.074+0000] {processor.py:183} INFO - Processing /home/codespace/.local/share/virtualenvs/airflow_sandbox-vp-HKq_L/lib/python3.10/site-packages/airflow/example_dags/example_branch_day_of_week_operator.py took 0.081 seconds
[2024-02-12T20:05:49.067+0000] {processor.py:161} INFO - Started process (PID=28281) to work on /home/codespace/.local/share/virtualenvs/airflow_sandbox-vp-HKq_L/lib/python3.10/site-packages/airflow/example_dags/example_branch_day_of_week_operator.py
[2024-02-12T20:05:49.068+0000] {processor.py:830} INFO - Processing file /home/codespace/.local/share/virtualenvs/airflow_sandbox-vp-HKq_L/lib/python3.10/site-packages/airflow/example_dags/example_branch_day_of_week_operator.py for tasks to queue
[2024-02-12T20:05:49.068+0000] {logging_mixin.py:188} INFO - [2024-02-12T20:05:49.068+0000] {dagbag.py:538} INFO - Filling up the DagBag from /home/codespace/.local/share/virtualenvs/airflow_sandbox-vp-HKq_L/lib/python3.10/site-packages/airflow/example_dags/example_branch_day_of_week_operator.py
[2024-02-12T20:05:49.075+0000] {processor.py:840} INFO - DAG(s) 'example_weekday_branch_operator' retrieved from /home/codespace/.local/share/virtualenvs/airflow_sandbox-vp-HKq_L/lib/python3.10/site-packages/airflow/example_dags/example_branch_day_of_week_operator.py
[2024-02-12T20:05:49.087+0000] {logging_mixin.py:188} INFO - [2024-02-12T20:05:49.087+0000] {dag.py:3033} INFO - Sync 1 DAGs
[2024-02-12T20:05:49.103+0000] {logging_mixin.py:188} INFO - [2024-02-12T20:05:49.103+0000] {dag.py:3820} INFO - Setting next_dagrun for example_weekday_branch_operator to 2024-02-11T00:00:00+00:00, run_after=2024-02-12T00:00:00+00:00
[2024-02-12T20:05:49.141+0000] {processor.py:183} INFO - Processing /home/codespace/.local/share/virtualenvs/airflow_sandbox-vp-HKq_L/lib/python3.10/site-packages/airflow/example_dags/example_branch_day_of_week_operator.py took 0.077 seconds
[2024-02-12T20:06:42.315+0000] {processor.py:161} INFO - Started process (PID=28434) to work on /home/codespace/.local/share/virtualenvs/airflow_sandbox-vp-HKq_L/lib/python3.10/site-packages/airflow/example_dags/example_branch_day_of_week_operator.py
[2024-02-12T20:06:42.316+0000] {processor.py:830} INFO - Processing file /home/codespace/.local/share/virtualenvs/airflow_sandbox-vp-HKq_L/lib/python3.10/site-packages/airflow/example_dags/example_branch_day_of_week_operator.py for tasks to queue
[2024-02-12T20:06:42.316+0000] {logging_mixin.py:188} INFO - [2024-02-12T20:06:42.316+0000] {dagbag.py:538} INFO - Filling up the DagBag from /home/codespace/.local/share/virtualenvs/airflow_sandbox-vp-HKq_L/lib/python3.10/site-packages/airflow/example_dags/example_branch_day_of_week_operator.py
[2024-02-12T20:06:42.322+0000] {processor.py:840} INFO - DAG(s) 'example_weekday_branch_operator' retrieved from /home/codespace/.local/share/virtualenvs/airflow_sandbox-vp-HKq_L/lib/python3.10/site-packages/airflow/example_dags/example_branch_day_of_week_operator.py
[2024-02-12T20:06:42.334+0000] {logging_mixin.py:188} INFO - [2024-02-12T20:06:42.334+0000] {dag.py:3033} INFO - Sync 1 DAGs
[2024-02-12T20:06:42.350+0000] {logging_mixin.py:188} INFO - [2024-02-12T20:06:42.350+0000] {dag.py:3820} INFO - Setting next_dagrun for example_weekday_branch_operator to 2024-02-11T00:00:00+00:00, run_after=2024-02-12T00:00:00+00:00
[2024-02-12T20:06:42.389+0000] {processor.py:183} INFO - Processing /home/codespace/.local/share/virtualenvs/airflow_sandbox-vp-HKq_L/lib/python3.10/site-packages/airflow/example_dags/example_branch_day_of_week_operator.py took 0.077 seconds
