[2024-02-12T19:44:04.490+0000] {processor.py:161} INFO - Started process (PID=16005) to work on /home/codespace/.local/share/virtualenvs/airflow_sandbox-vp-HKq_L/lib/python3.10/site-packages/airflow/example_dags/example_dynamic_task_mapping_with_no_taskflow_operators.py
[2024-02-12T19:44:04.490+0000] {processor.py:830} INFO - Processing file /home/codespace/.local/share/virtualenvs/airflow_sandbox-vp-HKq_L/lib/python3.10/site-packages/airflow/example_dags/example_dynamic_task_mapping_with_no_taskflow_operators.py for tasks to queue
[2024-02-12T19:44:04.491+0000] {logging_mixin.py:188} INFO - [2024-02-12T19:44:04.491+0000] {dagbag.py:538} INFO - Filling up the DagBag from /home/codespace/.local/share/virtualenvs/airflow_sandbox-vp-HKq_L/lib/python3.10/site-packages/airflow/example_dags/example_dynamic_task_mapping_with_no_taskflow_operators.py
[2024-02-12T19:44:04.496+0000] {processor.py:840} INFO - DAG(s) 'example_dynamic_task_mapping_with_no_taskflow_operators' retrieved from /home/codespace/.local/share/virtualenvs/airflow_sandbox-vp-HKq_L/lib/python3.10/site-packages/airflow/example_dags/example_dynamic_task_mapping_with_no_taskflow_operators.py
[2024-02-12T19:44:04.645+0000] {logging_mixin.py:188} INFO - [2024-02-12T19:44:04.645+0000] {override.py:1769} INFO - Created Permission View: can delete on DAG:example_dynamic_task_mapping_with_no_taskflow_operators
[2024-02-12T19:44:04.676+0000] {logging_mixin.py:188} INFO - [2024-02-12T19:44:04.676+0000] {override.py:1769} INFO - Created Permission View: can read on DAG:example_dynamic_task_mapping_with_no_taskflow_operators
[2024-02-12T19:44:04.703+0000] {logging_mixin.py:188} INFO - [2024-02-12T19:44:04.703+0000] {override.py:1769} INFO - Created Permission View: can edit on DAG:example_dynamic_task_mapping_with_no_taskflow_operators
[2024-02-12T19:44:04.704+0000] {logging_mixin.py:188} INFO - [2024-02-12T19:44:04.704+0000] {dag.py:3033} INFO - Sync 1 DAGs
[2024-02-12T19:44:04.711+0000] {logging_mixin.py:188} INFO - [2024-02-12T19:44:04.711+0000] {dag.py:3055} INFO - Creating ORM DAG for example_dynamic_task_mapping_with_no_taskflow_operators
[2024-02-12T19:44:04.719+0000] {logging_mixin.py:188} INFO - [2024-02-12T19:44:04.719+0000] {dag.py:3820} INFO - Setting next_dagrun for example_dynamic_task_mapping_with_no_taskflow_operators to 2024-02-11T00:00:00+00:00, run_after=2024-02-12T00:00:00+00:00
[2024-02-12T19:44:04.760+0000] {processor.py:183} INFO - Processing /home/codespace/.local/share/virtualenvs/airflow_sandbox-vp-HKq_L/lib/python3.10/site-packages/airflow/example_dags/example_dynamic_task_mapping_with_no_taskflow_operators.py took 0.273 seconds
[2024-02-12T20:00:11.152+0000] {processor.py:161} INFO - Started process (PID=25455) to work on /home/codespace/.local/share/virtualenvs/airflow_sandbox-vp-HKq_L/lib/python3.10/site-packages/airflow/example_dags/example_dynamic_task_mapping_with_no_taskflow_operators.py
[2024-02-12T20:00:11.153+0000] {processor.py:830} INFO - Processing file /home/codespace/.local/share/virtualenvs/airflow_sandbox-vp-HKq_L/lib/python3.10/site-packages/airflow/example_dags/example_dynamic_task_mapping_with_no_taskflow_operators.py for tasks to queue
[2024-02-12T20:00:11.154+0000] {logging_mixin.py:188} INFO - [2024-02-12T20:00:11.154+0000] {dagbag.py:538} INFO - Filling up the DagBag from /home/codespace/.local/share/virtualenvs/airflow_sandbox-vp-HKq_L/lib/python3.10/site-packages/airflow/example_dags/example_dynamic_task_mapping_with_no_taskflow_operators.py
[2024-02-12T20:00:11.159+0000] {processor.py:840} INFO - DAG(s) 'example_dynamic_task_mapping_with_no_taskflow_operators' retrieved from /home/codespace/.local/share/virtualenvs/airflow_sandbox-vp-HKq_L/lib/python3.10/site-packages/airflow/example_dags/example_dynamic_task_mapping_with_no_taskflow_operators.py
[2024-02-12T20:00:11.172+0000] {logging_mixin.py:188} INFO - [2024-02-12T20:00:11.172+0000] {dag.py:3033} INFO - Sync 1 DAGs
[2024-02-12T20:00:11.189+0000] {logging_mixin.py:188} INFO - [2024-02-12T20:00:11.189+0000] {dag.py:3820} INFO - Setting next_dagrun for example_dynamic_task_mapping_with_no_taskflow_operators to 2024-02-11T00:00:00+00:00, run_after=2024-02-12T00:00:00+00:00
[2024-02-12T20:00:11.228+0000] {processor.py:183} INFO - Processing /home/codespace/.local/share/virtualenvs/airflow_sandbox-vp-HKq_L/lib/python3.10/site-packages/airflow/example_dags/example_dynamic_task_mapping_with_no_taskflow_operators.py took 0.080 seconds
[2024-02-12T20:01:01.247+0000] {processor.py:161} INFO - Started process (PID=25844) to work on /home/codespace/.local/share/virtualenvs/airflow_sandbox-vp-HKq_L/lib/python3.10/site-packages/airflow/example_dags/example_dynamic_task_mapping_with_no_taskflow_operators.py
[2024-02-12T20:01:01.248+0000] {processor.py:830} INFO - Processing file /home/codespace/.local/share/virtualenvs/airflow_sandbox-vp-HKq_L/lib/python3.10/site-packages/airflow/example_dags/example_dynamic_task_mapping_with_no_taskflow_operators.py for tasks to queue
[2024-02-12T20:01:01.249+0000] {logging_mixin.py:188} INFO - [2024-02-12T20:01:01.248+0000] {dagbag.py:538} INFO - Filling up the DagBag from /home/codespace/.local/share/virtualenvs/airflow_sandbox-vp-HKq_L/lib/python3.10/site-packages/airflow/example_dags/example_dynamic_task_mapping_with_no_taskflow_operators.py
[2024-02-12T20:01:01.254+0000] {processor.py:840} INFO - DAG(s) 'example_dynamic_task_mapping_with_no_taskflow_operators' retrieved from /home/codespace/.local/share/virtualenvs/airflow_sandbox-vp-HKq_L/lib/python3.10/site-packages/airflow/example_dags/example_dynamic_task_mapping_with_no_taskflow_operators.py
[2024-02-12T20:01:01.265+0000] {logging_mixin.py:188} INFO - [2024-02-12T20:01:01.265+0000] {dag.py:3033} INFO - Sync 1 DAGs
[2024-02-12T20:01:01.281+0000] {logging_mixin.py:188} INFO - [2024-02-12T20:01:01.280+0000] {dag.py:3820} INFO - Setting next_dagrun for example_dynamic_task_mapping_with_no_taskflow_operators to 2024-02-11T00:00:00+00:00, run_after=2024-02-12T00:00:00+00:00
[2024-02-12T20:01:01.319+0000] {processor.py:183} INFO - Processing /home/codespace/.local/share/virtualenvs/airflow_sandbox-vp-HKq_L/lib/python3.10/site-packages/airflow/example_dags/example_dynamic_task_mapping_with_no_taskflow_operators.py took 0.074 seconds
[2024-02-12T20:01:46.910+0000] {processor.py:161} INFO - Started process (PID=26268) to work on /home/codespace/.local/share/virtualenvs/airflow_sandbox-vp-HKq_L/lib/python3.10/site-packages/airflow/example_dags/example_dynamic_task_mapping_with_no_taskflow_operators.py
[2024-02-12T20:01:46.910+0000] {processor.py:830} INFO - Processing file /home/codespace/.local/share/virtualenvs/airflow_sandbox-vp-HKq_L/lib/python3.10/site-packages/airflow/example_dags/example_dynamic_task_mapping_with_no_taskflow_operators.py for tasks to queue
[2024-02-12T20:01:46.911+0000] {logging_mixin.py:188} INFO - [2024-02-12T20:01:46.911+0000] {dagbag.py:538} INFO - Filling up the DagBag from /home/codespace/.local/share/virtualenvs/airflow_sandbox-vp-HKq_L/lib/python3.10/site-packages/airflow/example_dags/example_dynamic_task_mapping_with_no_taskflow_operators.py
[2024-02-12T20:01:46.917+0000] {processor.py:840} INFO - DAG(s) 'example_dynamic_task_mapping_with_no_taskflow_operators' retrieved from /home/codespace/.local/share/virtualenvs/airflow_sandbox-vp-HKq_L/lib/python3.10/site-packages/airflow/example_dags/example_dynamic_task_mapping_with_no_taskflow_operators.py
[2024-02-12T20:01:46.928+0000] {logging_mixin.py:188} INFO - [2024-02-12T20:01:46.928+0000] {dag.py:3033} INFO - Sync 1 DAGs
[2024-02-12T20:01:46.945+0000] {logging_mixin.py:188} INFO - [2024-02-12T20:01:46.945+0000] {dag.py:3820} INFO - Setting next_dagrun for example_dynamic_task_mapping_with_no_taskflow_operators to 2024-02-11T00:00:00+00:00, run_after=2024-02-12T00:00:00+00:00
[2024-02-12T20:01:46.986+0000] {processor.py:183} INFO - Processing /home/codespace/.local/share/virtualenvs/airflow_sandbox-vp-HKq_L/lib/python3.10/site-packages/airflow/example_dags/example_dynamic_task_mapping_with_no_taskflow_operators.py took 0.079 seconds
[2024-02-12T20:02:33.455+0000] {processor.py:161} INFO - Started process (PID=26774) to work on /home/codespace/.local/share/virtualenvs/airflow_sandbox-vp-HKq_L/lib/python3.10/site-packages/airflow/example_dags/example_dynamic_task_mapping_with_no_taskflow_operators.py
[2024-02-12T20:02:33.456+0000] {processor.py:830} INFO - Processing file /home/codespace/.local/share/virtualenvs/airflow_sandbox-vp-HKq_L/lib/python3.10/site-packages/airflow/example_dags/example_dynamic_task_mapping_with_no_taskflow_operators.py for tasks to queue
[2024-02-12T20:02:33.456+0000] {logging_mixin.py:188} INFO - [2024-02-12T20:02:33.456+0000] {dagbag.py:538} INFO - Filling up the DagBag from /home/codespace/.local/share/virtualenvs/airflow_sandbox-vp-HKq_L/lib/python3.10/site-packages/airflow/example_dags/example_dynamic_task_mapping_with_no_taskflow_operators.py
[2024-02-12T20:02:33.462+0000] {processor.py:840} INFO - DAG(s) 'example_dynamic_task_mapping_with_no_taskflow_operators' retrieved from /home/codespace/.local/share/virtualenvs/airflow_sandbox-vp-HKq_L/lib/python3.10/site-packages/airflow/example_dags/example_dynamic_task_mapping_with_no_taskflow_operators.py
[2024-02-12T20:02:33.472+0000] {logging_mixin.py:188} INFO - [2024-02-12T20:02:33.472+0000] {dag.py:3033} INFO - Sync 1 DAGs
[2024-02-12T20:02:33.487+0000] {logging_mixin.py:188} INFO - [2024-02-12T20:02:33.487+0000] {dag.py:3820} INFO - Setting next_dagrun for example_dynamic_task_mapping_with_no_taskflow_operators to 2024-02-11T00:00:00+00:00, run_after=2024-02-12T00:00:00+00:00
[2024-02-12T20:02:33.525+0000] {processor.py:183} INFO - Processing /home/codespace/.local/share/virtualenvs/airflow_sandbox-vp-HKq_L/lib/python3.10/site-packages/airflow/example_dags/example_dynamic_task_mapping_with_no_taskflow_operators.py took 0.072 seconds
