[2024-02-12T20:00:35.002+0000] {processor.py:161} INFO - Started process (PID=25671) to work on /home/codespace/.local/share/virtualenvs/airflow_sandbox-vp-HKq_L/lib/python3.10/site-packages/airflow/example_dags/example_complex.py
[2024-02-12T20:00:35.003+0000] {processor.py:830} INFO - Processing file /home/codespace/.local/share/virtualenvs/airflow_sandbox-vp-HKq_L/lib/python3.10/site-packages/airflow/example_dags/example_complex.py for tasks to queue
[2024-02-12T20:00:35.003+0000] {logging_mixin.py:188} INFO - [2024-02-12T20:00:35.003+0000] {dagbag.py:538} INFO - Filling up the DagBag from /home/codespace/.local/share/virtualenvs/airflow_sandbox-vp-HKq_L/lib/python3.10/site-packages/airflow/example_dags/example_complex.py
[2024-02-12T20:00:35.012+0000] {processor.py:840} INFO - DAG(s) 'example_complex' retrieved from /home/codespace/.local/share/virtualenvs/airflow_sandbox-vp-HKq_L/lib/python3.10/site-packages/airflow/example_dags/example_complex.py
[2024-02-12T20:00:35.158+0000] {logging_mixin.py:188} INFO - [2024-02-12T20:00:35.157+0000] {override.py:1769} INFO - Created Permission View: can read on DAG:example_complex
[2024-02-12T20:00:35.189+0000] {logging_mixin.py:188} INFO - [2024-02-12T20:00:35.188+0000] {override.py:1769} INFO - Created Permission View: can edit on DAG:example_complex
[2024-02-12T20:00:35.217+0000] {logging_mixin.py:188} INFO - [2024-02-12T20:00:35.217+0000] {override.py:1769} INFO - Created Permission View: can delete on DAG:example_complex
[2024-02-12T20:00:35.217+0000] {logging_mixin.py:188} INFO - [2024-02-12T20:00:35.217+0000] {dag.py:3033} INFO - Sync 1 DAGs
[2024-02-12T20:00:35.225+0000] {logging_mixin.py:188} INFO - [2024-02-12T20:00:35.225+0000] {dag.py:3055} INFO - Creating ORM DAG for example_complex
[2024-02-12T20:00:35.226+0000] {logging_mixin.py:188} INFO - [2024-02-12T20:00:35.226+0000] {dag.py:3820} INFO - Setting next_dagrun for example_complex to None, run_after=None
[2024-02-12T20:00:35.269+0000] {processor.py:183} INFO - Processing /home/codespace/.local/share/virtualenvs/airflow_sandbox-vp-HKq_L/lib/python3.10/site-packages/airflow/example_dags/example_complex.py took 0.269 seconds
[2024-02-12T20:01:32.911+0000] {processor.py:161} INFO - Started process (PID=26157) to work on /home/codespace/.local/share/virtualenvs/airflow_sandbox-vp-HKq_L/lib/python3.10/site-packages/airflow/example_dags/example_complex.py
[2024-02-12T20:01:32.912+0000] {processor.py:830} INFO - Processing file /home/codespace/.local/share/virtualenvs/airflow_sandbox-vp-HKq_L/lib/python3.10/site-packages/airflow/example_dags/example_complex.py for tasks to queue
[2024-02-12T20:01:32.913+0000] {logging_mixin.py:188} INFO - [2024-02-12T20:01:32.912+0000] {dagbag.py:538} INFO - Filling up the DagBag from /home/codespace/.local/share/virtualenvs/airflow_sandbox-vp-HKq_L/lib/python3.10/site-packages/airflow/example_dags/example_complex.py
[2024-02-12T20:01:32.936+0000] {processor.py:840} INFO - DAG(s) 'example_complex' retrieved from /home/codespace/.local/share/virtualenvs/airflow_sandbox-vp-HKq_L/lib/python3.10/site-packages/airflow/example_dags/example_complex.py
[2024-02-12T20:01:32.971+0000] {logging_mixin.py:188} INFO - [2024-02-12T20:01:32.971+0000] {dag.py:3033} INFO - Sync 1 DAGs
[2024-02-12T20:01:32.980+0000] {logging_mixin.py:188} INFO - [2024-02-12T20:01:32.980+0000] {dag.py:3820} INFO - Setting next_dagrun for example_complex to None, run_after=None
[2024-02-12T20:01:33.020+0000] {processor.py:183} INFO - Processing /home/codespace/.local/share/virtualenvs/airflow_sandbox-vp-HKq_L/lib/python3.10/site-packages/airflow/example_dags/example_complex.py took 0.113 seconds
[2024-02-12T20:02:17.864+0000] {processor.py:161} INFO - Started process (PID=26609) to work on /home/codespace/.local/share/virtualenvs/airflow_sandbox-vp-HKq_L/lib/python3.10/site-packages/airflow/example_dags/example_complex.py
[2024-02-12T20:02:17.865+0000] {processor.py:830} INFO - Processing file /home/codespace/.local/share/virtualenvs/airflow_sandbox-vp-HKq_L/lib/python3.10/site-packages/airflow/example_dags/example_complex.py for tasks to queue
[2024-02-12T20:02:17.865+0000] {logging_mixin.py:188} INFO - [2024-02-12T20:02:17.865+0000] {dagbag.py:538} INFO - Filling up the DagBag from /home/codespace/.local/share/virtualenvs/airflow_sandbox-vp-HKq_L/lib/python3.10/site-packages/airflow/example_dags/example_complex.py
[2024-02-12T20:02:17.874+0000] {processor.py:840} INFO - DAG(s) 'example_complex' retrieved from /home/codespace/.local/share/virtualenvs/airflow_sandbox-vp-HKq_L/lib/python3.10/site-packages/airflow/example_dags/example_complex.py
[2024-02-12T20:02:17.901+0000] {logging_mixin.py:188} INFO - [2024-02-12T20:02:17.900+0000] {dag.py:3033} INFO - Sync 1 DAGs
[2024-02-12T20:02:17.911+0000] {logging_mixin.py:188} INFO - [2024-02-12T20:02:17.911+0000] {dag.py:3820} INFO - Setting next_dagrun for example_complex to None, run_after=None
[2024-02-12T20:02:17.950+0000] {processor.py:183} INFO - Processing /home/codespace/.local/share/virtualenvs/airflow_sandbox-vp-HKq_L/lib/python3.10/site-packages/airflow/example_dags/example_complex.py took 0.089 seconds
