[2024-02-12T19:43:44.683+0000] {processor.py:161} INFO - Started process (PID=15871) to work on /home/codespace/.local/share/virtualenvs/airflow_sandbox-vp-HKq_L/lib/python3.10/site-packages/airflow/example_dags/tutorial_taskflow_api.py
[2024-02-12T19:43:44.683+0000] {processor.py:830} INFO - Processing file /home/codespace/.local/share/virtualenvs/airflow_sandbox-vp-HKq_L/lib/python3.10/site-packages/airflow/example_dags/tutorial_taskflow_api.py for tasks to queue
[2024-02-12T19:43:44.684+0000] {logging_mixin.py:188} INFO - [2024-02-12T19:43:44.684+0000] {dagbag.py:538} INFO - Filling up the DagBag from /home/codespace/.local/share/virtualenvs/airflow_sandbox-vp-HKq_L/lib/python3.10/site-packages/airflow/example_dags/tutorial_taskflow_api.py
[2024-02-12T19:43:44.690+0000] {processor.py:840} INFO - DAG(s) 'tutorial_taskflow_api' retrieved from /home/codespace/.local/share/virtualenvs/airflow_sandbox-vp-HKq_L/lib/python3.10/site-packages/airflow/example_dags/tutorial_taskflow_api.py
[2024-02-12T19:43:44.920+0000] {logging_mixin.py:188} INFO - [2024-02-12T19:43:44.920+0000] {override.py:1769} INFO - Created Permission View: can delete on DAG:tutorial_taskflow_api
[2024-02-12T19:43:44.950+0000] {logging_mixin.py:188} INFO - [2024-02-12T19:43:44.950+0000] {override.py:1769} INFO - Created Permission View: can read on DAG:tutorial_taskflow_api
[2024-02-12T19:43:44.978+0000] {logging_mixin.py:188} INFO - [2024-02-12T19:43:44.978+0000] {override.py:1769} INFO - Created Permission View: can edit on DAG:tutorial_taskflow_api
[2024-02-12T19:43:44.978+0000] {logging_mixin.py:188} INFO - [2024-02-12T19:43:44.978+0000] {dag.py:3033} INFO - Sync 1 DAGs
[2024-02-12T19:43:44.987+0000] {logging_mixin.py:188} INFO - [2024-02-12T19:43:44.987+0000] {dag.py:3055} INFO - Creating ORM DAG for tutorial_taskflow_api
[2024-02-12T19:43:44.988+0000] {logging_mixin.py:188} INFO - [2024-02-12T19:43:44.987+0000] {dag.py:3820} INFO - Setting next_dagrun for tutorial_taskflow_api to None, run_after=None
[2024-02-12T19:43:45.036+0000] {processor.py:183} INFO - Processing /home/codespace/.local/share/virtualenvs/airflow_sandbox-vp-HKq_L/lib/python3.10/site-packages/airflow/example_dags/tutorial_taskflow_api.py took 0.356 seconds
[2024-02-12T19:59:53.929+0000] {processor.py:161} INFO - Started process (PID=25209) to work on /home/codespace/.local/share/virtualenvs/airflow_sandbox-vp-HKq_L/lib/python3.10/site-packages/airflow/example_dags/tutorial_taskflow_api.py
[2024-02-12T19:59:53.930+0000] {processor.py:830} INFO - Processing file /home/codespace/.local/share/virtualenvs/airflow_sandbox-vp-HKq_L/lib/python3.10/site-packages/airflow/example_dags/tutorial_taskflow_api.py for tasks to queue
[2024-02-12T19:59:53.930+0000] {logging_mixin.py:188} INFO - [2024-02-12T19:59:53.930+0000] {dagbag.py:538} INFO - Filling up the DagBag from /home/codespace/.local/share/virtualenvs/airflow_sandbox-vp-HKq_L/lib/python3.10/site-packages/airflow/example_dags/tutorial_taskflow_api.py
[2024-02-12T19:59:53.937+0000] {processor.py:840} INFO - DAG(s) 'tutorial_taskflow_api' retrieved from /home/codespace/.local/share/virtualenvs/airflow_sandbox-vp-HKq_L/lib/python3.10/site-packages/airflow/example_dags/tutorial_taskflow_api.py
[2024-02-12T19:59:53.954+0000] {logging_mixin.py:188} INFO - [2024-02-12T19:59:53.954+0000] {dag.py:3033} INFO - Sync 1 DAGs
[2024-02-12T19:59:54.041+0000] {logging_mixin.py:188} INFO - [2024-02-12T19:59:54.041+0000] {dag.py:3820} INFO - Setting next_dagrun for tutorial_taskflow_api to None, run_after=None
[2024-02-12T19:59:54.079+0000] {processor.py:183} INFO - Processing /home/codespace/.local/share/virtualenvs/airflow_sandbox-vp-HKq_L/lib/python3.10/site-packages/airflow/example_dags/tutorial_taskflow_api.py took 0.153 seconds
[2024-02-12T20:00:46.105+0000] {processor.py:161} INFO - Started process (PID=25743) to work on /home/codespace/.local/share/virtualenvs/airflow_sandbox-vp-HKq_L/lib/python3.10/site-packages/airflow/example_dags/tutorial_taskflow_api.py
[2024-02-12T20:00:46.106+0000] {processor.py:830} INFO - Processing file /home/codespace/.local/share/virtualenvs/airflow_sandbox-vp-HKq_L/lib/python3.10/site-packages/airflow/example_dags/tutorial_taskflow_api.py for tasks to queue
[2024-02-12T20:00:46.107+0000] {logging_mixin.py:188} INFO - [2024-02-12T20:00:46.106+0000] {dagbag.py:538} INFO - Filling up the DagBag from /home/codespace/.local/share/virtualenvs/airflow_sandbox-vp-HKq_L/lib/python3.10/site-packages/airflow/example_dags/tutorial_taskflow_api.py
[2024-02-12T20:00:46.111+0000] {processor.py:840} INFO - DAG(s) 'tutorial_taskflow_api' retrieved from /home/codespace/.local/share/virtualenvs/airflow_sandbox-vp-HKq_L/lib/python3.10/site-packages/airflow/example_dags/tutorial_taskflow_api.py
[2024-02-12T20:00:46.123+0000] {logging_mixin.py:188} INFO - [2024-02-12T20:00:46.123+0000] {dag.py:3033} INFO - Sync 1 DAGs
[2024-02-12T20:00:46.131+0000] {logging_mixin.py:188} INFO - [2024-02-12T20:00:46.131+0000] {dag.py:3820} INFO - Setting next_dagrun for tutorial_taskflow_api to None, run_after=None
[2024-02-12T20:00:46.170+0000] {processor.py:183} INFO - Processing /home/codespace/.local/share/virtualenvs/airflow_sandbox-vp-HKq_L/lib/python3.10/site-packages/airflow/example_dags/tutorial_taskflow_api.py took 0.067 seconds
[2024-02-12T20:01:25.353+0000] {processor.py:161} INFO - Started process (PID=26117) to work on /home/codespace/.local/share/virtualenvs/airflow_sandbox-vp-HKq_L/lib/python3.10/site-packages/airflow/example_dags/tutorial_taskflow_api.py
[2024-02-12T20:01:25.354+0000] {processor.py:830} INFO - Processing file /home/codespace/.local/share/virtualenvs/airflow_sandbox-vp-HKq_L/lib/python3.10/site-packages/airflow/example_dags/tutorial_taskflow_api.py for tasks to queue
[2024-02-12T20:01:25.355+0000] {logging_mixin.py:188} INFO - [2024-02-12T20:01:25.355+0000] {dagbag.py:538} INFO - Filling up the DagBag from /home/codespace/.local/share/virtualenvs/airflow_sandbox-vp-HKq_L/lib/python3.10/site-packages/airflow/example_dags/tutorial_taskflow_api.py
[2024-02-12T20:01:25.362+0000] {processor.py:840} INFO - DAG(s) 'tutorial_taskflow_api' retrieved from /home/codespace/.local/share/virtualenvs/airflow_sandbox-vp-HKq_L/lib/python3.10/site-packages/airflow/example_dags/tutorial_taskflow_api.py
[2024-02-12T20:01:25.378+0000] {logging_mixin.py:188} INFO - [2024-02-12T20:01:25.377+0000] {dag.py:3033} INFO - Sync 1 DAGs
[2024-02-12T20:01:25.386+0000] {logging_mixin.py:188} INFO - [2024-02-12T20:01:25.386+0000] {dag.py:3820} INFO - Setting next_dagrun for tutorial_taskflow_api to None, run_after=None
[2024-02-12T20:01:25.426+0000] {processor.py:183} INFO - Processing /home/codespace/.local/share/virtualenvs/airflow_sandbox-vp-HKq_L/lib/python3.10/site-packages/airflow/example_dags/tutorial_taskflow_api.py took 0.077 seconds
[2024-02-12T20:02:09.996+0000] {processor.py:161} INFO - Started process (PID=26544) to work on /home/codespace/.local/share/virtualenvs/airflow_sandbox-vp-HKq_L/lib/python3.10/site-packages/airflow/example_dags/tutorial_taskflow_api.py
[2024-02-12T20:02:09.997+0000] {processor.py:830} INFO - Processing file /home/codespace/.local/share/virtualenvs/airflow_sandbox-vp-HKq_L/lib/python3.10/site-packages/airflow/example_dags/tutorial_taskflow_api.py for tasks to queue
[2024-02-12T20:02:09.998+0000] {logging_mixin.py:188} INFO - [2024-02-12T20:02:09.998+0000] {dagbag.py:538} INFO - Filling up the DagBag from /home/codespace/.local/share/virtualenvs/airflow_sandbox-vp-HKq_L/lib/python3.10/site-packages/airflow/example_dags/tutorial_taskflow_api.py
[2024-02-12T20:02:10.003+0000] {processor.py:840} INFO - DAG(s) 'tutorial_taskflow_api' retrieved from /home/codespace/.local/share/virtualenvs/airflow_sandbox-vp-HKq_L/lib/python3.10/site-packages/airflow/example_dags/tutorial_taskflow_api.py
[2024-02-12T20:02:10.015+0000] {logging_mixin.py:188} INFO - [2024-02-12T20:02:10.015+0000] {dag.py:3033} INFO - Sync 1 DAGs
[2024-02-12T20:02:10.023+0000] {logging_mixin.py:188} INFO - [2024-02-12T20:02:10.023+0000] {dag.py:3820} INFO - Setting next_dagrun for tutorial_taskflow_api to None, run_after=None
[2024-02-12T20:02:10.063+0000] {processor.py:183} INFO - Processing /home/codespace/.local/share/virtualenvs/airflow_sandbox-vp-HKq_L/lib/python3.10/site-packages/airflow/example_dags/tutorial_taskflow_api.py took 0.068 seconds
[2024-02-12T20:02:58.298+0000] {processor.py:161} INFO - Started process (PID=27102) to work on /home/codespace/.local/share/virtualenvs/airflow_sandbox-vp-HKq_L/lib/python3.10/site-packages/airflow/example_dags/tutorial_taskflow_api.py
[2024-02-12T20:02:58.299+0000] {processor.py:830} INFO - Processing file /home/codespace/.local/share/virtualenvs/airflow_sandbox-vp-HKq_L/lib/python3.10/site-packages/airflow/example_dags/tutorial_taskflow_api.py for tasks to queue
[2024-02-12T20:02:58.299+0000] {logging_mixin.py:188} INFO - [2024-02-12T20:02:58.299+0000] {dagbag.py:538} INFO - Filling up the DagBag from /home/codespace/.local/share/virtualenvs/airflow_sandbox-vp-HKq_L/lib/python3.10/site-packages/airflow/example_dags/tutorial_taskflow_api.py
[2024-02-12T20:02:58.304+0000] {processor.py:840} INFO - DAG(s) 'tutorial_taskflow_api' retrieved from /home/codespace/.local/share/virtualenvs/airflow_sandbox-vp-HKq_L/lib/python3.10/site-packages/airflow/example_dags/tutorial_taskflow_api.py
[2024-02-12T20:02:58.315+0000] {logging_mixin.py:188} INFO - [2024-02-12T20:02:58.315+0000] {dag.py:3033} INFO - Sync 1 DAGs
[2024-02-12T20:02:58.324+0000] {logging_mixin.py:188} INFO - [2024-02-12T20:02:58.324+0000] {dag.py:3820} INFO - Setting next_dagrun for tutorial_taskflow_api to None, run_after=None
[2024-02-12T20:02:58.362+0000] {processor.py:183} INFO - Processing /home/codespace/.local/share/virtualenvs/airflow_sandbox-vp-HKq_L/lib/python3.10/site-packages/airflow/example_dags/tutorial_taskflow_api.py took 0.067 seconds
[2024-02-12T20:03:36.092+0000] {processor.py:161} INFO - Started process (PID=27553) to work on /home/codespace/.local/share/virtualenvs/airflow_sandbox-vp-HKq_L/lib/python3.10/site-packages/airflow/example_dags/tutorial_taskflow_api.py
[2024-02-12T20:03:36.093+0000] {processor.py:830} INFO - Processing file /home/codespace/.local/share/virtualenvs/airflow_sandbox-vp-HKq_L/lib/python3.10/site-packages/airflow/example_dags/tutorial_taskflow_api.py for tasks to queue
[2024-02-12T20:03:36.093+0000] {logging_mixin.py:188} INFO - [2024-02-12T20:03:36.093+0000] {dagbag.py:538} INFO - Filling up the DagBag from /home/codespace/.local/share/virtualenvs/airflow_sandbox-vp-HKq_L/lib/python3.10/site-packages/airflow/example_dags/tutorial_taskflow_api.py
[2024-02-12T20:03:36.098+0000] {processor.py:840} INFO - DAG(s) 'tutorial_taskflow_api' retrieved from /home/codespace/.local/share/virtualenvs/airflow_sandbox-vp-HKq_L/lib/python3.10/site-packages/airflow/example_dags/tutorial_taskflow_api.py
[2024-02-12T20:03:36.110+0000] {logging_mixin.py:188} INFO - [2024-02-12T20:03:36.109+0000] {dag.py:3033} INFO - Sync 1 DAGs
[2024-02-12T20:03:36.118+0000] {logging_mixin.py:188} INFO - [2024-02-12T20:03:36.118+0000] {dag.py:3820} INFO - Setting next_dagrun for tutorial_taskflow_api to None, run_after=None
[2024-02-12T20:03:36.163+0000] {processor.py:183} INFO - Processing /home/codespace/.local/share/virtualenvs/airflow_sandbox-vp-HKq_L/lib/python3.10/site-packages/airflow/example_dags/tutorial_taskflow_api.py took 0.073 seconds
[2024-02-12T20:04:12.508+0000] {processor.py:161} INFO - Started process (PID=27875) to work on /home/codespace/.local/share/virtualenvs/airflow_sandbox-vp-HKq_L/lib/python3.10/site-packages/airflow/example_dags/tutorial_taskflow_api.py
[2024-02-12T20:04:12.509+0000] {processor.py:830} INFO - Processing file /home/codespace/.local/share/virtualenvs/airflow_sandbox-vp-HKq_L/lib/python3.10/site-packages/airflow/example_dags/tutorial_taskflow_api.py for tasks to queue
[2024-02-12T20:04:12.510+0000] {logging_mixin.py:188} INFO - [2024-02-12T20:04:12.509+0000] {dagbag.py:538} INFO - Filling up the DagBag from /home/codespace/.local/share/virtualenvs/airflow_sandbox-vp-HKq_L/lib/python3.10/site-packages/airflow/example_dags/tutorial_taskflow_api.py
[2024-02-12T20:04:12.515+0000] {processor.py:840} INFO - DAG(s) 'tutorial_taskflow_api' retrieved from /home/codespace/.local/share/virtualenvs/airflow_sandbox-vp-HKq_L/lib/python3.10/site-packages/airflow/example_dags/tutorial_taskflow_api.py
[2024-02-12T20:04:12.526+0000] {logging_mixin.py:188} INFO - [2024-02-12T20:04:12.526+0000] {dag.py:3033} INFO - Sync 1 DAGs
[2024-02-12T20:04:12.534+0000] {logging_mixin.py:188} INFO - [2024-02-12T20:04:12.534+0000] {dag.py:3820} INFO - Setting next_dagrun for tutorial_taskflow_api to None, run_after=None
[2024-02-12T20:04:12.575+0000] {processor.py:183} INFO - Processing /home/codespace/.local/share/virtualenvs/airflow_sandbox-vp-HKq_L/lib/python3.10/site-packages/airflow/example_dags/tutorial_taskflow_api.py took 0.069 seconds
[2024-02-12T20:04:47.439+0000] {processor.py:161} INFO - Started process (PID=28058) to work on /home/codespace/.local/share/virtualenvs/airflow_sandbox-vp-HKq_L/lib/python3.10/site-packages/airflow/example_dags/tutorial_taskflow_api.py
[2024-02-12T20:04:47.439+0000] {processor.py:830} INFO - Processing file /home/codespace/.local/share/virtualenvs/airflow_sandbox-vp-HKq_L/lib/python3.10/site-packages/airflow/example_dags/tutorial_taskflow_api.py for tasks to queue
[2024-02-12T20:04:47.440+0000] {logging_mixin.py:188} INFO - [2024-02-12T20:04:47.440+0000] {dagbag.py:538} INFO - Filling up the DagBag from /home/codespace/.local/share/virtualenvs/airflow_sandbox-vp-HKq_L/lib/python3.10/site-packages/airflow/example_dags/tutorial_taskflow_api.py
[2024-02-12T20:04:47.446+0000] {processor.py:840} INFO - DAG(s) 'tutorial_taskflow_api' retrieved from /home/codespace/.local/share/virtualenvs/airflow_sandbox-vp-HKq_L/lib/python3.10/site-packages/airflow/example_dags/tutorial_taskflow_api.py
[2024-02-12T20:04:47.462+0000] {logging_mixin.py:188} INFO - [2024-02-12T20:04:47.462+0000] {dag.py:3033} INFO - Sync 1 DAGs
[2024-02-12T20:04:47.477+0000] {logging_mixin.py:188} INFO - [2024-02-12T20:04:47.477+0000] {dag.py:3820} INFO - Setting next_dagrun for tutorial_taskflow_api to None, run_after=None
[2024-02-12T20:04:47.526+0000] {processor.py:183} INFO - Processing /home/codespace/.local/share/virtualenvs/airflow_sandbox-vp-HKq_L/lib/python3.10/site-packages/airflow/example_dags/tutorial_taskflow_api.py took 0.090 seconds
[2024-02-12T20:05:22.492+0000] {processor.py:161} INFO - Started process (PID=28188) to work on /home/codespace/.local/share/virtualenvs/airflow_sandbox-vp-HKq_L/lib/python3.10/site-packages/airflow/example_dags/tutorial_taskflow_api.py
[2024-02-12T20:05:22.493+0000] {processor.py:830} INFO - Processing file /home/codespace/.local/share/virtualenvs/airflow_sandbox-vp-HKq_L/lib/python3.10/site-packages/airflow/example_dags/tutorial_taskflow_api.py for tasks to queue
[2024-02-12T20:05:22.493+0000] {logging_mixin.py:188} INFO - [2024-02-12T20:05:22.493+0000] {dagbag.py:538} INFO - Filling up the DagBag from /home/codespace/.local/share/virtualenvs/airflow_sandbox-vp-HKq_L/lib/python3.10/site-packages/airflow/example_dags/tutorial_taskflow_api.py
[2024-02-12T20:05:22.498+0000] {processor.py:840} INFO - DAG(s) 'tutorial_taskflow_api' retrieved from /home/codespace/.local/share/virtualenvs/airflow_sandbox-vp-HKq_L/lib/python3.10/site-packages/airflow/example_dags/tutorial_taskflow_api.py
[2024-02-12T20:05:22.510+0000] {logging_mixin.py:188} INFO - [2024-02-12T20:05:22.510+0000] {dag.py:3033} INFO - Sync 1 DAGs
[2024-02-12T20:05:22.518+0000] {logging_mixin.py:188} INFO - [2024-02-12T20:05:22.518+0000] {dag.py:3820} INFO - Setting next_dagrun for tutorial_taskflow_api to None, run_after=None
[2024-02-12T20:05:22.557+0000] {processor.py:183} INFO - Processing /home/codespace/.local/share/virtualenvs/airflow_sandbox-vp-HKq_L/lib/python3.10/site-packages/airflow/example_dags/tutorial_taskflow_api.py took 0.067 seconds
[2024-02-12T20:05:59.727+0000] {processor.py:161} INFO - Started process (PID=28309) to work on /home/codespace/.local/share/virtualenvs/airflow_sandbox-vp-HKq_L/lib/python3.10/site-packages/airflow/example_dags/tutorial_taskflow_api.py
[2024-02-12T20:05:59.727+0000] {processor.py:830} INFO - Processing file /home/codespace/.local/share/virtualenvs/airflow_sandbox-vp-HKq_L/lib/python3.10/site-packages/airflow/example_dags/tutorial_taskflow_api.py for tasks to queue
[2024-02-12T20:05:59.728+0000] {logging_mixin.py:188} INFO - [2024-02-12T20:05:59.728+0000] {dagbag.py:538} INFO - Filling up the DagBag from /home/codespace/.local/share/virtualenvs/airflow_sandbox-vp-HKq_L/lib/python3.10/site-packages/airflow/example_dags/tutorial_taskflow_api.py
[2024-02-12T20:05:59.733+0000] {processor.py:840} INFO - DAG(s) 'tutorial_taskflow_api' retrieved from /home/codespace/.local/share/virtualenvs/airflow_sandbox-vp-HKq_L/lib/python3.10/site-packages/airflow/example_dags/tutorial_taskflow_api.py
[2024-02-12T20:05:59.744+0000] {logging_mixin.py:188} INFO - [2024-02-12T20:05:59.744+0000] {dag.py:3033} INFO - Sync 1 DAGs
[2024-02-12T20:05:59.753+0000] {logging_mixin.py:188} INFO - [2024-02-12T20:05:59.753+0000] {dag.py:3820} INFO - Setting next_dagrun for tutorial_taskflow_api to None, run_after=None
[2024-02-12T20:05:59.794+0000] {processor.py:183} INFO - Processing /home/codespace/.local/share/virtualenvs/airflow_sandbox-vp-HKq_L/lib/python3.10/site-packages/airflow/example_dags/tutorial_taskflow_api.py took 0.069 seconds
[2024-02-12T20:06:34.675+0000] {processor.py:161} INFO - Started process (PID=28407) to work on /home/codespace/.local/share/virtualenvs/airflow_sandbox-vp-HKq_L/lib/python3.10/site-packages/airflow/example_dags/tutorial_taskflow_api.py
[2024-02-12T20:06:34.676+0000] {processor.py:830} INFO - Processing file /home/codespace/.local/share/virtualenvs/airflow_sandbox-vp-HKq_L/lib/python3.10/site-packages/airflow/example_dags/tutorial_taskflow_api.py for tasks to queue
[2024-02-12T20:06:34.677+0000] {logging_mixin.py:188} INFO - [2024-02-12T20:06:34.676+0000] {dagbag.py:538} INFO - Filling up the DagBag from /home/codespace/.local/share/virtualenvs/airflow_sandbox-vp-HKq_L/lib/python3.10/site-packages/airflow/example_dags/tutorial_taskflow_api.py
[2024-02-12T20:06:34.682+0000] {processor.py:840} INFO - DAG(s) 'tutorial_taskflow_api' retrieved from /home/codespace/.local/share/virtualenvs/airflow_sandbox-vp-HKq_L/lib/python3.10/site-packages/airflow/example_dags/tutorial_taskflow_api.py
[2024-02-12T20:06:34.693+0000] {logging_mixin.py:188} INFO - [2024-02-12T20:06:34.693+0000] {dag.py:3033} INFO - Sync 1 DAGs
[2024-02-12T20:06:34.701+0000] {logging_mixin.py:188} INFO - [2024-02-12T20:06:34.701+0000] {dag.py:3820} INFO - Setting next_dagrun for tutorial_taskflow_api to None, run_after=None
[2024-02-12T20:06:34.739+0000] {processor.py:183} INFO - Processing /home/codespace/.local/share/virtualenvs/airflow_sandbox-vp-HKq_L/lib/python3.10/site-packages/airflow/example_dags/tutorial_taskflow_api.py took 0.066 seconds
[2024-02-12T20:07:11.501+0000] {processor.py:161} INFO - Started process (PID=28796) to work on /home/codespace/.local/share/virtualenvs/airflow_sandbox-vp-HKq_L/lib/python3.10/site-packages/airflow/example_dags/tutorial_taskflow_api.py
[2024-02-12T20:07:11.502+0000] {processor.py:830} INFO - Processing file /home/codespace/.local/share/virtualenvs/airflow_sandbox-vp-HKq_L/lib/python3.10/site-packages/airflow/example_dags/tutorial_taskflow_api.py for tasks to queue
[2024-02-12T20:07:11.503+0000] {logging_mixin.py:188} INFO - [2024-02-12T20:07:11.502+0000] {dagbag.py:538} INFO - Filling up the DagBag from /home/codespace/.local/share/virtualenvs/airflow_sandbox-vp-HKq_L/lib/python3.10/site-packages/airflow/example_dags/tutorial_taskflow_api.py
[2024-02-12T20:07:11.508+0000] {processor.py:840} INFO - DAG(s) 'tutorial_taskflow_api' retrieved from /home/codespace/.local/share/virtualenvs/airflow_sandbox-vp-HKq_L/lib/python3.10/site-packages/airflow/example_dags/tutorial_taskflow_api.py
[2024-02-12T20:07:11.519+0000] {logging_mixin.py:188} INFO - [2024-02-12T20:07:11.519+0000] {dag.py:3033} INFO - Sync 1 DAGs
[2024-02-12T20:07:11.528+0000] {logging_mixin.py:188} INFO - [2024-02-12T20:07:11.528+0000] {dag.py:3820} INFO - Setting next_dagrun for tutorial_taskflow_api to None, run_after=None
[2024-02-12T20:07:11.566+0000] {processor.py:183} INFO - Processing /home/codespace/.local/share/virtualenvs/airflow_sandbox-vp-HKq_L/lib/python3.10/site-packages/airflow/example_dags/tutorial_taskflow_api.py took 0.067 seconds
