[2024-02-12T19:43:50.230+0000] {processor.py:161} INFO - Started process (PID=15921) to work on /home/codespace/.local/share/virtualenvs/airflow_sandbox-vp-HKq_L/lib/python3.10/site-packages/airflow/example_dags/tutorial_dag.py
[2024-02-12T19:43:50.231+0000] {processor.py:830} INFO - Processing file /home/codespace/.local/share/virtualenvs/airflow_sandbox-vp-HKq_L/lib/python3.10/site-packages/airflow/example_dags/tutorial_dag.py for tasks to queue
[2024-02-12T19:43:50.232+0000] {logging_mixin.py:188} INFO - [2024-02-12T19:43:50.231+0000] {dagbag.py:538} INFO - Filling up the DagBag from /home/codespace/.local/share/virtualenvs/airflow_sandbox-vp-HKq_L/lib/python3.10/site-packages/airflow/example_dags/tutorial_dag.py
[2024-02-12T19:43:50.235+0000] {processor.py:840} INFO - DAG(s) 'tutorial_dag' retrieved from /home/codespace/.local/share/virtualenvs/airflow_sandbox-vp-HKq_L/lib/python3.10/site-packages/airflow/example_dags/tutorial_dag.py
[2024-02-12T19:43:50.472+0000] {logging_mixin.py:188} INFO - [2024-02-12T19:43:50.472+0000] {override.py:1769} INFO - Created Permission View: can delete on DAG:tutorial_dag
[2024-02-12T19:43:50.503+0000] {logging_mixin.py:188} INFO - [2024-02-12T19:43:50.503+0000] {override.py:1769} INFO - Created Permission View: can read on DAG:tutorial_dag
[2024-02-12T19:43:50.531+0000] {logging_mixin.py:188} INFO - [2024-02-12T19:43:50.531+0000] {override.py:1769} INFO - Created Permission View: can edit on DAG:tutorial_dag
[2024-02-12T19:43:50.532+0000] {logging_mixin.py:188} INFO - [2024-02-12T19:43:50.531+0000] {dag.py:3033} INFO - Sync 1 DAGs
[2024-02-12T19:43:50.539+0000] {logging_mixin.py:188} INFO - [2024-02-12T19:43:50.539+0000] {dag.py:3055} INFO - Creating ORM DAG for tutorial_dag
[2024-02-12T19:43:50.540+0000] {logging_mixin.py:188} INFO - [2024-02-12T19:43:50.539+0000] {dag.py:3820} INFO - Setting next_dagrun for tutorial_dag to None, run_after=None
[2024-02-12T19:43:50.582+0000] {processor.py:183} INFO - Processing /home/codespace/.local/share/virtualenvs/airflow_sandbox-vp-HKq_L/lib/python3.10/site-packages/airflow/example_dags/tutorial_dag.py took 0.353 seconds
[2024-02-12T20:00:00.316+0000] {processor.py:161} INFO - Started process (PID=25289) to work on /home/codespace/.local/share/virtualenvs/airflow_sandbox-vp-HKq_L/lib/python3.10/site-packages/airflow/example_dags/tutorial_dag.py
[2024-02-12T20:00:00.317+0000] {processor.py:830} INFO - Processing file /home/codespace/.local/share/virtualenvs/airflow_sandbox-vp-HKq_L/lib/python3.10/site-packages/airflow/example_dags/tutorial_dag.py for tasks to queue
[2024-02-12T20:00:00.318+0000] {logging_mixin.py:188} INFO - [2024-02-12T20:00:00.318+0000] {dagbag.py:538} INFO - Filling up the DagBag from /home/codespace/.local/share/virtualenvs/airflow_sandbox-vp-HKq_L/lib/python3.10/site-packages/airflow/example_dags/tutorial_dag.py
[2024-02-12T20:00:00.322+0000] {processor.py:840} INFO - DAG(s) 'tutorial_dag' retrieved from /home/codespace/.local/share/virtualenvs/airflow_sandbox-vp-HKq_L/lib/python3.10/site-packages/airflow/example_dags/tutorial_dag.py
[2024-02-12T20:00:00.339+0000] {logging_mixin.py:188} INFO - [2024-02-12T20:00:00.339+0000] {dag.py:3033} INFO - Sync 1 DAGs
[2024-02-12T20:00:00.430+0000] {logging_mixin.py:188} INFO - [2024-02-12T20:00:00.429+0000] {dag.py:3820} INFO - Setting next_dagrun for tutorial_dag to None, run_after=None
[2024-02-12T20:00:00.475+0000] {processor.py:183} INFO - Processing /home/codespace/.local/share/virtualenvs/airflow_sandbox-vp-HKq_L/lib/python3.10/site-packages/airflow/example_dags/tutorial_dag.py took 0.161 seconds
[2024-02-12T20:00:51.258+0000] {processor.py:161} INFO - Started process (PID=25773) to work on /home/codespace/.local/share/virtualenvs/airflow_sandbox-vp-HKq_L/lib/python3.10/site-packages/airflow/example_dags/tutorial_dag.py
[2024-02-12T20:00:51.259+0000] {processor.py:830} INFO - Processing file /home/codespace/.local/share/virtualenvs/airflow_sandbox-vp-HKq_L/lib/python3.10/site-packages/airflow/example_dags/tutorial_dag.py for tasks to queue
[2024-02-12T20:00:51.260+0000] {logging_mixin.py:188} INFO - [2024-02-12T20:00:51.259+0000] {dagbag.py:538} INFO - Filling up the DagBag from /home/codespace/.local/share/virtualenvs/airflow_sandbox-vp-HKq_L/lib/python3.10/site-packages/airflow/example_dags/tutorial_dag.py
[2024-02-12T20:00:51.264+0000] {processor.py:840} INFO - DAG(s) 'tutorial_dag' retrieved from /home/codespace/.local/share/virtualenvs/airflow_sandbox-vp-HKq_L/lib/python3.10/site-packages/airflow/example_dags/tutorial_dag.py
[2024-02-12T20:00:51.277+0000] {logging_mixin.py:188} INFO - [2024-02-12T20:00:51.276+0000] {dag.py:3033} INFO - Sync 1 DAGs
[2024-02-12T20:00:51.285+0000] {logging_mixin.py:188} INFO - [2024-02-12T20:00:51.285+0000] {dag.py:3820} INFO - Setting next_dagrun for tutorial_dag to None, run_after=None
[2024-02-12T20:00:51.324+0000] {processor.py:183} INFO - Processing /home/codespace/.local/share/virtualenvs/airflow_sandbox-vp-HKq_L/lib/python3.10/site-packages/airflow/example_dags/tutorial_dag.py took 0.068 seconds
[2024-02-12T20:01:38.463+0000] {processor.py:161} INFO - Started process (PID=26206) to work on /home/codespace/.local/share/virtualenvs/airflow_sandbox-vp-HKq_L/lib/python3.10/site-packages/airflow/example_dags/tutorial_dag.py
[2024-02-12T20:01:38.463+0000] {processor.py:830} INFO - Processing file /home/codespace/.local/share/virtualenvs/airflow_sandbox-vp-HKq_L/lib/python3.10/site-packages/airflow/example_dags/tutorial_dag.py for tasks to queue
[2024-02-12T20:01:38.464+0000] {logging_mixin.py:188} INFO - [2024-02-12T20:01:38.464+0000] {dagbag.py:538} INFO - Filling up the DagBag from /home/codespace/.local/share/virtualenvs/airflow_sandbox-vp-HKq_L/lib/python3.10/site-packages/airflow/example_dags/tutorial_dag.py
[2024-02-12T20:01:38.468+0000] {processor.py:840} INFO - DAG(s) 'tutorial_dag' retrieved from /home/codespace/.local/share/virtualenvs/airflow_sandbox-vp-HKq_L/lib/python3.10/site-packages/airflow/example_dags/tutorial_dag.py
[2024-02-12T20:01:38.480+0000] {logging_mixin.py:188} INFO - [2024-02-12T20:01:38.480+0000] {dag.py:3033} INFO - Sync 1 DAGs
[2024-02-12T20:01:38.489+0000] {logging_mixin.py:188} INFO - [2024-02-12T20:01:38.489+0000] {dag.py:3820} INFO - Setting next_dagrun for tutorial_dag to None, run_after=None
[2024-02-12T20:01:38.529+0000] {processor.py:183} INFO - Processing /home/codespace/.local/share/virtualenvs/airflow_sandbox-vp-HKq_L/lib/python3.10/site-packages/airflow/example_dags/tutorial_dag.py took 0.069 seconds
[2024-02-12T20:02:23.660+0000] {processor.py:161} INFO - Started process (PID=26638) to work on /home/codespace/.local/share/virtualenvs/airflow_sandbox-vp-HKq_L/lib/python3.10/site-packages/airflow/example_dags/tutorial_dag.py
[2024-02-12T20:02:23.661+0000] {processor.py:830} INFO - Processing file /home/codespace/.local/share/virtualenvs/airflow_sandbox-vp-HKq_L/lib/python3.10/site-packages/airflow/example_dags/tutorial_dag.py for tasks to queue
[2024-02-12T20:02:23.662+0000] {logging_mixin.py:188} INFO - [2024-02-12T20:02:23.661+0000] {dagbag.py:538} INFO - Filling up the DagBag from /home/codespace/.local/share/virtualenvs/airflow_sandbox-vp-HKq_L/lib/python3.10/site-packages/airflow/example_dags/tutorial_dag.py
[2024-02-12T20:02:23.666+0000] {processor.py:840} INFO - DAG(s) 'tutorial_dag' retrieved from /home/codespace/.local/share/virtualenvs/airflow_sandbox-vp-HKq_L/lib/python3.10/site-packages/airflow/example_dags/tutorial_dag.py
[2024-02-12T20:02:23.677+0000] {logging_mixin.py:188} INFO - [2024-02-12T20:02:23.677+0000] {dag.py:3033} INFO - Sync 1 DAGs
[2024-02-12T20:02:23.685+0000] {logging_mixin.py:188} INFO - [2024-02-12T20:02:23.685+0000] {dag.py:3820} INFO - Setting next_dagrun for tutorial_dag to None, run_after=None
[2024-02-12T20:02:23.725+0000] {processor.py:183} INFO - Processing /home/codespace/.local/share/virtualenvs/airflow_sandbox-vp-HKq_L/lib/python3.10/site-packages/airflow/example_dags/tutorial_dag.py took 0.067 seconds
[2024-02-12T20:03:02.799+0000] {processor.py:161} INFO - Started process (PID=27158) to work on /home/codespace/.local/share/virtualenvs/airflow_sandbox-vp-HKq_L/lib/python3.10/site-packages/airflow/example_dags/tutorial_dag.py
[2024-02-12T20:03:02.800+0000] {processor.py:830} INFO - Processing file /home/codespace/.local/share/virtualenvs/airflow_sandbox-vp-HKq_L/lib/python3.10/site-packages/airflow/example_dags/tutorial_dag.py for tasks to queue
[2024-02-12T20:03:02.801+0000] {logging_mixin.py:188} INFO - [2024-02-12T20:03:02.800+0000] {dagbag.py:538} INFO - Filling up the DagBag from /home/codespace/.local/share/virtualenvs/airflow_sandbox-vp-HKq_L/lib/python3.10/site-packages/airflow/example_dags/tutorial_dag.py
[2024-02-12T20:03:02.805+0000] {processor.py:840} INFO - DAG(s) 'tutorial_dag' retrieved from /home/codespace/.local/share/virtualenvs/airflow_sandbox-vp-HKq_L/lib/python3.10/site-packages/airflow/example_dags/tutorial_dag.py
[2024-02-12T20:03:02.819+0000] {logging_mixin.py:188} INFO - [2024-02-12T20:03:02.819+0000] {dag.py:3033} INFO - Sync 1 DAGs
[2024-02-12T20:03:02.828+0000] {logging_mixin.py:188} INFO - [2024-02-12T20:03:02.827+0000] {dag.py:3820} INFO - Setting next_dagrun for tutorial_dag to None, run_after=None
[2024-02-12T20:03:02.867+0000] {processor.py:183} INFO - Processing /home/codespace/.local/share/virtualenvs/airflow_sandbox-vp-HKq_L/lib/python3.10/site-packages/airflow/example_dags/tutorial_dag.py took 0.070 seconds
[2024-02-12T20:03:40.219+0000] {processor.py:161} INFO - Started process (PID=27594) to work on /home/codespace/.local/share/virtualenvs/airflow_sandbox-vp-HKq_L/lib/python3.10/site-packages/airflow/example_dags/tutorial_dag.py
[2024-02-12T20:03:40.220+0000] {processor.py:830} INFO - Processing file /home/codespace/.local/share/virtualenvs/airflow_sandbox-vp-HKq_L/lib/python3.10/site-packages/airflow/example_dags/tutorial_dag.py for tasks to queue
[2024-02-12T20:03:40.220+0000] {logging_mixin.py:188} INFO - [2024-02-12T20:03:40.220+0000] {dagbag.py:538} INFO - Filling up the DagBag from /home/codespace/.local/share/virtualenvs/airflow_sandbox-vp-HKq_L/lib/python3.10/site-packages/airflow/example_dags/tutorial_dag.py
[2024-02-12T20:03:40.225+0000] {processor.py:840} INFO - DAG(s) 'tutorial_dag' retrieved from /home/codespace/.local/share/virtualenvs/airflow_sandbox-vp-HKq_L/lib/python3.10/site-packages/airflow/example_dags/tutorial_dag.py
[2024-02-12T20:03:40.236+0000] {logging_mixin.py:188} INFO - [2024-02-12T20:03:40.236+0000] {dag.py:3033} INFO - Sync 1 DAGs
[2024-02-12T20:03:40.244+0000] {logging_mixin.py:188} INFO - [2024-02-12T20:03:40.244+0000] {dag.py:3820} INFO - Setting next_dagrun for tutorial_dag to None, run_after=None
[2024-02-12T20:03:40.283+0000] {processor.py:183} INFO - Processing /home/codespace/.local/share/virtualenvs/airflow_sandbox-vp-HKq_L/lib/python3.10/site-packages/airflow/example_dags/tutorial_dag.py took 0.066 seconds
[2024-02-12T20:04:33.385+0000] {processor.py:161} INFO - Started process (PID=28012) to work on /home/codespace/.local/share/virtualenvs/airflow_sandbox-vp-HKq_L/lib/python3.10/site-packages/airflow/example_dags/tutorial_dag.py
[2024-02-12T20:04:33.386+0000] {processor.py:830} INFO - Processing file /home/codespace/.local/share/virtualenvs/airflow_sandbox-vp-HKq_L/lib/python3.10/site-packages/airflow/example_dags/tutorial_dag.py for tasks to queue
[2024-02-12T20:04:33.387+0000] {logging_mixin.py:188} INFO - [2024-02-12T20:04:33.387+0000] {dagbag.py:538} INFO - Filling up the DagBag from /home/codespace/.local/share/virtualenvs/airflow_sandbox-vp-HKq_L/lib/python3.10/site-packages/airflow/example_dags/tutorial_dag.py
[2024-02-12T20:04:33.391+0000] {processor.py:840} INFO - DAG(s) 'tutorial_dag' retrieved from /home/codespace/.local/share/virtualenvs/airflow_sandbox-vp-HKq_L/lib/python3.10/site-packages/airflow/example_dags/tutorial_dag.py
[2024-02-12T20:04:33.402+0000] {logging_mixin.py:188} INFO - [2024-02-12T20:04:33.402+0000] {dag.py:3033} INFO - Sync 1 DAGs
[2024-02-12T20:04:33.410+0000] {logging_mixin.py:188} INFO - [2024-02-12T20:04:33.410+0000] {dag.py:3820} INFO - Setting next_dagrun for tutorial_dag to None, run_after=None
[2024-02-12T20:04:33.449+0000] {processor.py:183} INFO - Processing /home/codespace/.local/share/virtualenvs/airflow_sandbox-vp-HKq_L/lib/python3.10/site-packages/airflow/example_dags/tutorial_dag.py took 0.066 seconds
[2024-02-12T20:05:25.917+0000] {processor.py:161} INFO - Started process (PID=28198) to work on /home/codespace/.local/share/virtualenvs/airflow_sandbox-vp-HKq_L/lib/python3.10/site-packages/airflow/example_dags/tutorial_dag.py
[2024-02-12T20:05:25.917+0000] {processor.py:830} INFO - Processing file /home/codespace/.local/share/virtualenvs/airflow_sandbox-vp-HKq_L/lib/python3.10/site-packages/airflow/example_dags/tutorial_dag.py for tasks to queue
[2024-02-12T20:05:25.918+0000] {logging_mixin.py:188} INFO - [2024-02-12T20:05:25.918+0000] {dagbag.py:538} INFO - Filling up the DagBag from /home/codespace/.local/share/virtualenvs/airflow_sandbox-vp-HKq_L/lib/python3.10/site-packages/airflow/example_dags/tutorial_dag.py
[2024-02-12T20:05:25.922+0000] {processor.py:840} INFO - DAG(s) 'tutorial_dag' retrieved from /home/codespace/.local/share/virtualenvs/airflow_sandbox-vp-HKq_L/lib/python3.10/site-packages/airflow/example_dags/tutorial_dag.py
[2024-02-12T20:05:25.934+0000] {logging_mixin.py:188} INFO - [2024-02-12T20:05:25.934+0000] {dag.py:3033} INFO - Sync 1 DAGs
[2024-02-12T20:05:25.943+0000] {logging_mixin.py:188} INFO - [2024-02-12T20:05:25.943+0000] {dag.py:3820} INFO - Setting next_dagrun for tutorial_dag to None, run_after=None
[2024-02-12T20:05:25.982+0000] {processor.py:183} INFO - Processing /home/codespace/.local/share/virtualenvs/airflow_sandbox-vp-HKq_L/lib/python3.10/site-packages/airflow/example_dags/tutorial_dag.py took 0.068 seconds
[2024-02-12T20:06:02.813+0000] {processor.py:161} INFO - Started process (PID=28312) to work on /home/codespace/.local/share/virtualenvs/airflow_sandbox-vp-HKq_L/lib/python3.10/site-packages/airflow/example_dags/tutorial_dag.py
[2024-02-12T20:06:02.813+0000] {processor.py:830} INFO - Processing file /home/codespace/.local/share/virtualenvs/airflow_sandbox-vp-HKq_L/lib/python3.10/site-packages/airflow/example_dags/tutorial_dag.py for tasks to queue
[2024-02-12T20:06:02.814+0000] {logging_mixin.py:188} INFO - [2024-02-12T20:06:02.814+0000] {dagbag.py:538} INFO - Filling up the DagBag from /home/codespace/.local/share/virtualenvs/airflow_sandbox-vp-HKq_L/lib/python3.10/site-packages/airflow/example_dags/tutorial_dag.py
[2024-02-12T20:06:02.818+0000] {processor.py:840} INFO - DAG(s) 'tutorial_dag' retrieved from /home/codespace/.local/share/virtualenvs/airflow_sandbox-vp-HKq_L/lib/python3.10/site-packages/airflow/example_dags/tutorial_dag.py
[2024-02-12T20:06:02.829+0000] {logging_mixin.py:188} INFO - [2024-02-12T20:06:02.829+0000] {dag.py:3033} INFO - Sync 1 DAGs
[2024-02-12T20:06:02.838+0000] {logging_mixin.py:188} INFO - [2024-02-12T20:06:02.838+0000] {dag.py:3820} INFO - Setting next_dagrun for tutorial_dag to None, run_after=None
[2024-02-12T20:06:02.877+0000] {processor.py:183} INFO - Processing /home/codespace/.local/share/virtualenvs/airflow_sandbox-vp-HKq_L/lib/python3.10/site-packages/airflow/example_dags/tutorial_dag.py took 0.066 seconds
[2024-02-12T20:06:56.391+0000] {processor.py:161} INFO - Started process (PID=28680) to work on /home/codespace/.local/share/virtualenvs/airflow_sandbox-vp-HKq_L/lib/python3.10/site-packages/airflow/example_dags/tutorial_dag.py
[2024-02-12T20:06:56.392+0000] {processor.py:830} INFO - Processing file /home/codespace/.local/share/virtualenvs/airflow_sandbox-vp-HKq_L/lib/python3.10/site-packages/airflow/example_dags/tutorial_dag.py for tasks to queue
[2024-02-12T20:06:56.393+0000] {logging_mixin.py:188} INFO - [2024-02-12T20:06:56.393+0000] {dagbag.py:538} INFO - Filling up the DagBag from /home/codespace/.local/share/virtualenvs/airflow_sandbox-vp-HKq_L/lib/python3.10/site-packages/airflow/example_dags/tutorial_dag.py
[2024-02-12T20:06:56.397+0000] {processor.py:840} INFO - DAG(s) 'tutorial_dag' retrieved from /home/codespace/.local/share/virtualenvs/airflow_sandbox-vp-HKq_L/lib/python3.10/site-packages/airflow/example_dags/tutorial_dag.py
[2024-02-12T20:06:56.409+0000] {logging_mixin.py:188} INFO - [2024-02-12T20:06:56.409+0000] {dag.py:3033} INFO - Sync 1 DAGs
[2024-02-12T20:06:56.417+0000] {logging_mixin.py:188} INFO - [2024-02-12T20:06:56.417+0000] {dag.py:3820} INFO - Setting next_dagrun for tutorial_dag to None, run_after=None
[2024-02-12T20:06:56.455+0000] {processor.py:183} INFO - Processing /home/codespace/.local/share/virtualenvs/airflow_sandbox-vp-HKq_L/lib/python3.10/site-packages/airflow/example_dags/tutorial_dag.py took 0.066 seconds
