[2024-02-12T19:43:55.312+0000] {processor.py:161} INFO - Started process (PID=15946) to work on /home/codespace/.local/share/virtualenvs/airflow_sandbox-vp-HKq_L/lib/python3.10/site-packages/airflow/example_dags/tutorial_objectstorage.py
[2024-02-12T19:43:55.312+0000] {processor.py:830} INFO - Processing file /home/codespace/.local/share/virtualenvs/airflow_sandbox-vp-HKq_L/lib/python3.10/site-packages/airflow/example_dags/tutorial_objectstorage.py for tasks to queue
[2024-02-12T19:43:55.313+0000] {logging_mixin.py:188} INFO - [2024-02-12T19:43:55.313+0000] {dagbag.py:538} INFO - Filling up the DagBag from /home/codespace/.local/share/virtualenvs/airflow_sandbox-vp-HKq_L/lib/python3.10/site-packages/airflow/example_dags/tutorial_objectstorage.py
[2024-02-12T19:43:55.406+0000] {processor.py:840} INFO - DAG(s) 'tutorial_objectstorage' retrieved from /home/codespace/.local/share/virtualenvs/airflow_sandbox-vp-HKq_L/lib/python3.10/site-packages/airflow/example_dags/tutorial_objectstorage.py
[2024-02-12T19:43:55.542+0000] {logging_mixin.py:188} INFO - [2024-02-12T19:43:55.541+0000] {override.py:1769} INFO - Created Permission View: can delete on DAG:tutorial_objectstorage
[2024-02-12T19:43:55.573+0000] {logging_mixin.py:188} INFO - [2024-02-12T19:43:55.573+0000] {override.py:1769} INFO - Created Permission View: can read on DAG:tutorial_objectstorage
[2024-02-12T19:43:55.601+0000] {logging_mixin.py:188} INFO - [2024-02-12T19:43:55.601+0000] {override.py:1769} INFO - Created Permission View: can edit on DAG:tutorial_objectstorage
[2024-02-12T19:43:55.602+0000] {logging_mixin.py:188} INFO - [2024-02-12T19:43:55.602+0000] {dag.py:3033} INFO - Sync 1 DAGs
[2024-02-12T19:43:55.609+0000] {logging_mixin.py:188} INFO - [2024-02-12T19:43:55.609+0000] {dag.py:3055} INFO - Creating ORM DAG for tutorial_objectstorage
[2024-02-12T19:43:55.610+0000] {logging_mixin.py:188} INFO - [2024-02-12T19:43:55.610+0000] {dag.py:3820} INFO - Setting next_dagrun for tutorial_objectstorage to None, run_after=None
[2024-02-12T19:43:55.652+0000] {processor.py:183} INFO - Processing /home/codespace/.local/share/virtualenvs/airflow_sandbox-vp-HKq_L/lib/python3.10/site-packages/airflow/example_dags/tutorial_objectstorage.py took 0.344 seconds
[2024-02-12T20:00:04.598+0000] {processor.py:161} INFO - Started process (PID=25363) to work on /home/codespace/.local/share/virtualenvs/airflow_sandbox-vp-HKq_L/lib/python3.10/site-packages/airflow/example_dags/tutorial_objectstorage.py
[2024-02-12T20:00:04.599+0000] {processor.py:830} INFO - Processing file /home/codespace/.local/share/virtualenvs/airflow_sandbox-vp-HKq_L/lib/python3.10/site-packages/airflow/example_dags/tutorial_objectstorage.py for tasks to queue
[2024-02-12T20:00:04.600+0000] {logging_mixin.py:188} INFO - [2024-02-12T20:00:04.599+0000] {dagbag.py:538} INFO - Filling up the DagBag from /home/codespace/.local/share/virtualenvs/airflow_sandbox-vp-HKq_L/lib/python3.10/site-packages/airflow/example_dags/tutorial_objectstorage.py
[2024-02-12T20:00:04.605+0000] {processor.py:840} INFO - DAG(s) 'tutorial_objectstorage' retrieved from /home/codespace/.local/share/virtualenvs/airflow_sandbox-vp-HKq_L/lib/python3.10/site-packages/airflow/example_dags/tutorial_objectstorage.py
[2024-02-12T20:00:04.621+0000] {logging_mixin.py:188} INFO - [2024-02-12T20:00:04.620+0000] {dag.py:3033} INFO - Sync 1 DAGs
[2024-02-12T20:00:04.629+0000] {logging_mixin.py:188} INFO - [2024-02-12T20:00:04.629+0000] {dag.py:3820} INFO - Setting next_dagrun for tutorial_objectstorage to None, run_after=None
[2024-02-12T20:00:04.668+0000] {processor.py:183} INFO - Processing /home/codespace/.local/share/virtualenvs/airflow_sandbox-vp-HKq_L/lib/python3.10/site-packages/airflow/example_dags/tutorial_objectstorage.py took 0.072 seconds
[2024-02-12T20:00:55.272+0000] {processor.py:161} INFO - Started process (PID=25813) to work on /home/codespace/.local/share/virtualenvs/airflow_sandbox-vp-HKq_L/lib/python3.10/site-packages/airflow/example_dags/tutorial_objectstorage.py
[2024-02-12T20:00:55.273+0000] {processor.py:830} INFO - Processing file /home/codespace/.local/share/virtualenvs/airflow_sandbox-vp-HKq_L/lib/python3.10/site-packages/airflow/example_dags/tutorial_objectstorage.py for tasks to queue
[2024-02-12T20:00:55.274+0000] {logging_mixin.py:188} INFO - [2024-02-12T20:00:55.273+0000] {dagbag.py:538} INFO - Filling up the DagBag from /home/codespace/.local/share/virtualenvs/airflow_sandbox-vp-HKq_L/lib/python3.10/site-packages/airflow/example_dags/tutorial_objectstorage.py
[2024-02-12T20:00:55.279+0000] {processor.py:840} INFO - DAG(s) 'tutorial_objectstorage' retrieved from /home/codespace/.local/share/virtualenvs/airflow_sandbox-vp-HKq_L/lib/python3.10/site-packages/airflow/example_dags/tutorial_objectstorage.py
[2024-02-12T20:00:55.290+0000] {logging_mixin.py:188} INFO - [2024-02-12T20:00:55.290+0000] {dag.py:3033} INFO - Sync 1 DAGs
[2024-02-12T20:00:55.298+0000] {logging_mixin.py:188} INFO - [2024-02-12T20:00:55.298+0000] {dag.py:3820} INFO - Setting next_dagrun for tutorial_objectstorage to None, run_after=None
[2024-02-12T20:00:55.345+0000] {processor.py:183} INFO - Processing /home/codespace/.local/share/virtualenvs/airflow_sandbox-vp-HKq_L/lib/python3.10/site-packages/airflow/example_dags/tutorial_objectstorage.py took 0.075 seconds
[2024-02-12T20:01:42.168+0000] {processor.py:161} INFO - Started process (PID=26222) to work on /home/codespace/.local/share/virtualenvs/airflow_sandbox-vp-HKq_L/lib/python3.10/site-packages/airflow/example_dags/tutorial_objectstorage.py
[2024-02-12T20:01:42.169+0000] {processor.py:830} INFO - Processing file /home/codespace/.local/share/virtualenvs/airflow_sandbox-vp-HKq_L/lib/python3.10/site-packages/airflow/example_dags/tutorial_objectstorage.py for tasks to queue
[2024-02-12T20:01:42.170+0000] {logging_mixin.py:188} INFO - [2024-02-12T20:01:42.170+0000] {dagbag.py:538} INFO - Filling up the DagBag from /home/codespace/.local/share/virtualenvs/airflow_sandbox-vp-HKq_L/lib/python3.10/site-packages/airflow/example_dags/tutorial_objectstorage.py
[2024-02-12T20:01:42.175+0000] {processor.py:840} INFO - DAG(s) 'tutorial_objectstorage' retrieved from /home/codespace/.local/share/virtualenvs/airflow_sandbox-vp-HKq_L/lib/python3.10/site-packages/airflow/example_dags/tutorial_objectstorage.py
[2024-02-12T20:01:42.185+0000] {logging_mixin.py:188} INFO - [2024-02-12T20:01:42.185+0000] {dag.py:3033} INFO - Sync 1 DAGs
[2024-02-12T20:01:42.194+0000] {logging_mixin.py:188} INFO - [2024-02-12T20:01:42.194+0000] {dag.py:3820} INFO - Setting next_dagrun for tutorial_objectstorage to None, run_after=None
[2024-02-12T20:01:42.233+0000] {processor.py:183} INFO - Processing /home/codespace/.local/share/virtualenvs/airflow_sandbox-vp-HKq_L/lib/python3.10/site-packages/airflow/example_dags/tutorial_objectstorage.py took 0.067 seconds
[2024-02-12T20:02:27.695+0000] {processor.py:161} INFO - Started process (PID=26704) to work on /home/codespace/.local/share/virtualenvs/airflow_sandbox-vp-HKq_L/lib/python3.10/site-packages/airflow/example_dags/tutorial_objectstorage.py
[2024-02-12T20:02:27.696+0000] {processor.py:830} INFO - Processing file /home/codespace/.local/share/virtualenvs/airflow_sandbox-vp-HKq_L/lib/python3.10/site-packages/airflow/example_dags/tutorial_objectstorage.py for tasks to queue
[2024-02-12T20:02:27.696+0000] {logging_mixin.py:188} INFO - [2024-02-12T20:02:27.696+0000] {dagbag.py:538} INFO - Filling up the DagBag from /home/codespace/.local/share/virtualenvs/airflow_sandbox-vp-HKq_L/lib/python3.10/site-packages/airflow/example_dags/tutorial_objectstorage.py
[2024-02-12T20:02:27.701+0000] {processor.py:840} INFO - DAG(s) 'tutorial_objectstorage' retrieved from /home/codespace/.local/share/virtualenvs/airflow_sandbox-vp-HKq_L/lib/python3.10/site-packages/airflow/example_dags/tutorial_objectstorage.py
[2024-02-12T20:02:27.713+0000] {logging_mixin.py:188} INFO - [2024-02-12T20:02:27.712+0000] {dag.py:3033} INFO - Sync 1 DAGs
[2024-02-12T20:02:27.721+0000] {logging_mixin.py:188} INFO - [2024-02-12T20:02:27.721+0000] {dag.py:3820} INFO - Setting next_dagrun for tutorial_objectstorage to None, run_after=None
[2024-02-12T20:02:27.761+0000] {processor.py:183} INFO - Processing /home/codespace/.local/share/virtualenvs/airflow_sandbox-vp-HKq_L/lib/python3.10/site-packages/airflow/example_dags/tutorial_objectstorage.py took 0.068 seconds
[2024-02-12T20:03:07.465+0000] {processor.py:161} INFO - Started process (PID=27219) to work on /home/codespace/.local/share/virtualenvs/airflow_sandbox-vp-HKq_L/lib/python3.10/site-packages/airflow/example_dags/tutorial_objectstorage.py
[2024-02-12T20:03:07.466+0000] {processor.py:830} INFO - Processing file /home/codespace/.local/share/virtualenvs/airflow_sandbox-vp-HKq_L/lib/python3.10/site-packages/airflow/example_dags/tutorial_objectstorage.py for tasks to queue
[2024-02-12T20:03:07.467+0000] {logging_mixin.py:188} INFO - [2024-02-12T20:03:07.466+0000] {dagbag.py:538} INFO - Filling up the DagBag from /home/codespace/.local/share/virtualenvs/airflow_sandbox-vp-HKq_L/lib/python3.10/site-packages/airflow/example_dags/tutorial_objectstorage.py
[2024-02-12T20:03:07.474+0000] {processor.py:840} INFO - DAG(s) 'tutorial_objectstorage' retrieved from /home/codespace/.local/share/virtualenvs/airflow_sandbox-vp-HKq_L/lib/python3.10/site-packages/airflow/example_dags/tutorial_objectstorage.py
[2024-02-12T20:03:07.492+0000] {logging_mixin.py:188} INFO - [2024-02-12T20:03:07.492+0000] {dag.py:3033} INFO - Sync 1 DAGs
[2024-02-12T20:03:07.506+0000] {logging_mixin.py:188} INFO - [2024-02-12T20:03:07.506+0000] {dag.py:3820} INFO - Setting next_dagrun for tutorial_objectstorage to None, run_after=None
[2024-02-12T20:03:07.550+0000] {processor.py:183} INFO - Processing /home/codespace/.local/share/virtualenvs/airflow_sandbox-vp-HKq_L/lib/python3.10/site-packages/airflow/example_dags/tutorial_objectstorage.py took 0.090 seconds
[2024-02-12T20:03:59.813+0000] {processor.py:161} INFO - Started process (PID=27739) to work on /home/codespace/.local/share/virtualenvs/airflow_sandbox-vp-HKq_L/lib/python3.10/site-packages/airflow/example_dags/tutorial_objectstorage.py
[2024-02-12T20:03:59.814+0000] {processor.py:830} INFO - Processing file /home/codespace/.local/share/virtualenvs/airflow_sandbox-vp-HKq_L/lib/python3.10/site-packages/airflow/example_dags/tutorial_objectstorage.py for tasks to queue
[2024-02-12T20:03:59.815+0000] {logging_mixin.py:188} INFO - [2024-02-12T20:03:59.814+0000] {dagbag.py:538} INFO - Filling up the DagBag from /home/codespace/.local/share/virtualenvs/airflow_sandbox-vp-HKq_L/lib/python3.10/site-packages/airflow/example_dags/tutorial_objectstorage.py
[2024-02-12T20:03:59.821+0000] {processor.py:840} INFO - DAG(s) 'tutorial_objectstorage' retrieved from /home/codespace/.local/share/virtualenvs/airflow_sandbox-vp-HKq_L/lib/python3.10/site-packages/airflow/example_dags/tutorial_objectstorage.py
[2024-02-12T20:03:59.836+0000] {logging_mixin.py:188} INFO - [2024-02-12T20:03:59.836+0000] {dag.py:3033} INFO - Sync 1 DAGs
[2024-02-12T20:03:59.848+0000] {logging_mixin.py:188} INFO - [2024-02-12T20:03:59.848+0000] {dag.py:3820} INFO - Setting next_dagrun for tutorial_objectstorage to None, run_after=None
[2024-02-12T20:03:59.892+0000] {processor.py:183} INFO - Processing /home/codespace/.local/share/virtualenvs/airflow_sandbox-vp-HKq_L/lib/python3.10/site-packages/airflow/example_dags/tutorial_objectstorage.py took 0.082 seconds
[2024-02-12T20:04:52.597+0000] {processor.py:161} INFO - Started process (PID=28088) to work on /home/codespace/.local/share/virtualenvs/airflow_sandbox-vp-HKq_L/lib/python3.10/site-packages/airflow/example_dags/tutorial_objectstorage.py
[2024-02-12T20:04:52.598+0000] {processor.py:830} INFO - Processing file /home/codespace/.local/share/virtualenvs/airflow_sandbox-vp-HKq_L/lib/python3.10/site-packages/airflow/example_dags/tutorial_objectstorage.py for tasks to queue
[2024-02-12T20:04:52.598+0000] {logging_mixin.py:188} INFO - [2024-02-12T20:04:52.598+0000] {dagbag.py:538} INFO - Filling up the DagBag from /home/codespace/.local/share/virtualenvs/airflow_sandbox-vp-HKq_L/lib/python3.10/site-packages/airflow/example_dags/tutorial_objectstorage.py
[2024-02-12T20:04:52.603+0000] {processor.py:840} INFO - DAG(s) 'tutorial_objectstorage' retrieved from /home/codespace/.local/share/virtualenvs/airflow_sandbox-vp-HKq_L/lib/python3.10/site-packages/airflow/example_dags/tutorial_objectstorage.py
[2024-02-12T20:04:52.614+0000] {logging_mixin.py:188} INFO - [2024-02-12T20:04:52.614+0000] {dag.py:3033} INFO - Sync 1 DAGs
[2024-02-12T20:04:52.622+0000] {logging_mixin.py:188} INFO - [2024-02-12T20:04:52.622+0000] {dag.py:3820} INFO - Setting next_dagrun for tutorial_objectstorage to None, run_after=None
[2024-02-12T20:04:52.662+0000] {processor.py:183} INFO - Processing /home/codespace/.local/share/virtualenvs/airflow_sandbox-vp-HKq_L/lib/python3.10/site-packages/airflow/example_dags/tutorial_objectstorage.py took 0.067 seconds
[2024-02-12T20:05:45.963+0000] {processor.py:161} INFO - Started process (PID=28259) to work on /home/codespace/.local/share/virtualenvs/airflow_sandbox-vp-HKq_L/lib/python3.10/site-packages/airflow/example_dags/tutorial_objectstorage.py
[2024-02-12T20:05:45.964+0000] {processor.py:830} INFO - Processing file /home/codespace/.local/share/virtualenvs/airflow_sandbox-vp-HKq_L/lib/python3.10/site-packages/airflow/example_dags/tutorial_objectstorage.py for tasks to queue
[2024-02-12T20:05:45.964+0000] {logging_mixin.py:188} INFO - [2024-02-12T20:05:45.964+0000] {dagbag.py:538} INFO - Filling up the DagBag from /home/codespace/.local/share/virtualenvs/airflow_sandbox-vp-HKq_L/lib/python3.10/site-packages/airflow/example_dags/tutorial_objectstorage.py
[2024-02-12T20:05:45.969+0000] {processor.py:840} INFO - DAG(s) 'tutorial_objectstorage' retrieved from /home/codespace/.local/share/virtualenvs/airflow_sandbox-vp-HKq_L/lib/python3.10/site-packages/airflow/example_dags/tutorial_objectstorage.py
[2024-02-12T20:05:45.980+0000] {logging_mixin.py:188} INFO - [2024-02-12T20:05:45.980+0000] {dag.py:3033} INFO - Sync 1 DAGs
[2024-02-12T20:05:45.989+0000] {logging_mixin.py:188} INFO - [2024-02-12T20:05:45.989+0000] {dag.py:3820} INFO - Setting next_dagrun for tutorial_objectstorage to None, run_after=None
[2024-02-12T20:05:46.026+0000] {processor.py:183} INFO - Processing /home/codespace/.local/share/virtualenvs/airflow_sandbox-vp-HKq_L/lib/python3.10/site-packages/airflow/example_dags/tutorial_objectstorage.py took 0.066 seconds
[2024-02-12T20:06:39.836+0000] {processor.py:161} INFO - Started process (PID=28431) to work on /home/codespace/.local/share/virtualenvs/airflow_sandbox-vp-HKq_L/lib/python3.10/site-packages/airflow/example_dags/tutorial_objectstorage.py
[2024-02-12T20:06:39.837+0000] {processor.py:830} INFO - Processing file /home/codespace/.local/share/virtualenvs/airflow_sandbox-vp-HKq_L/lib/python3.10/site-packages/airflow/example_dags/tutorial_objectstorage.py for tasks to queue
[2024-02-12T20:06:39.838+0000] {logging_mixin.py:188} INFO - [2024-02-12T20:06:39.837+0000] {dagbag.py:538} INFO - Filling up the DagBag from /home/codespace/.local/share/virtualenvs/airflow_sandbox-vp-HKq_L/lib/python3.10/site-packages/airflow/example_dags/tutorial_objectstorage.py
[2024-02-12T20:06:39.843+0000] {processor.py:840} INFO - DAG(s) 'tutorial_objectstorage' retrieved from /home/codespace/.local/share/virtualenvs/airflow_sandbox-vp-HKq_L/lib/python3.10/site-packages/airflow/example_dags/tutorial_objectstorage.py
[2024-02-12T20:06:39.854+0000] {logging_mixin.py:188} INFO - [2024-02-12T20:06:39.854+0000] {dag.py:3033} INFO - Sync 1 DAGs
[2024-02-12T20:06:39.863+0000] {logging_mixin.py:188} INFO - [2024-02-12T20:06:39.863+0000] {dag.py:3820} INFO - Setting next_dagrun for tutorial_objectstorage to None, run_after=None
[2024-02-12T20:06:39.901+0000] {processor.py:183} INFO - Processing /home/codespace/.local/share/virtualenvs/airflow_sandbox-vp-HKq_L/lib/python3.10/site-packages/airflow/example_dags/tutorial_objectstorage.py took 0.067 seconds
