[2024-02-12T19:43:43.925+0000] {processor.py:161} INFO - Started process (PID=15864) to work on /home/codespace/.local/share/virtualenvs/airflow_sandbox-vp-HKq_L/lib/python3.10/site-packages/airflow/example_dags/tutorial.py
[2024-02-12T19:43:43.926+0000] {processor.py:830} INFO - Processing file /home/codespace/.local/share/virtualenvs/airflow_sandbox-vp-HKq_L/lib/python3.10/site-packages/airflow/example_dags/tutorial.py for tasks to queue
[2024-02-12T19:43:43.927+0000] {logging_mixin.py:188} INFO - [2024-02-12T19:43:43.927+0000] {dagbag.py:538} INFO - Filling up the DagBag from /home/codespace/.local/share/virtualenvs/airflow_sandbox-vp-HKq_L/lib/python3.10/site-packages/airflow/example_dags/tutorial.py
[2024-02-12T19:43:43.937+0000] {processor.py:840} INFO - DAG(s) 'tutorial' retrieved from /home/codespace/.local/share/virtualenvs/airflow_sandbox-vp-HKq_L/lib/python3.10/site-packages/airflow/example_dags/tutorial.py
[2024-02-12T19:43:44.165+0000] {logging_mixin.py:188} INFO - [2024-02-12T19:43:44.165+0000] {override.py:1769} INFO - Created Permission View: can delete on DAG:tutorial
[2024-02-12T19:43:44.196+0000] {logging_mixin.py:188} INFO - [2024-02-12T19:43:44.195+0000] {override.py:1769} INFO - Created Permission View: can read on DAG:tutorial
[2024-02-12T19:43:44.223+0000] {logging_mixin.py:188} INFO - [2024-02-12T19:43:44.223+0000] {override.py:1769} INFO - Created Permission View: can edit on DAG:tutorial
[2024-02-12T19:43:44.223+0000] {logging_mixin.py:188} INFO - [2024-02-12T19:43:44.223+0000] {dag.py:3033} INFO - Sync 1 DAGs
[2024-02-12T19:43:44.232+0000] {logging_mixin.py:188} INFO - [2024-02-12T19:43:44.232+0000] {dag.py:3055} INFO - Creating ORM DAG for tutorial
[2024-02-12T19:43:44.239+0000] {logging_mixin.py:188} INFO - [2024-02-12T19:43:44.238+0000] {dag.py:3820} INFO - Setting next_dagrun for tutorial to 2024-02-11T00:00:00+00:00, run_after=2024-02-12T00:00:00+00:00
[2024-02-12T19:43:44.280+0000] {processor.py:183} INFO - Processing /home/codespace/.local/share/virtualenvs/airflow_sandbox-vp-HKq_L/lib/python3.10/site-packages/airflow/example_dags/tutorial.py took 0.359 seconds
[2024-02-12T19:59:52.688+0000] {processor.py:161} INFO - Started process (PID=25199) to work on /home/codespace/.local/share/virtualenvs/airflow_sandbox-vp-HKq_L/lib/python3.10/site-packages/airflow/example_dags/tutorial.py
[2024-02-12T19:59:52.688+0000] {processor.py:830} INFO - Processing file /home/codespace/.local/share/virtualenvs/airflow_sandbox-vp-HKq_L/lib/python3.10/site-packages/airflow/example_dags/tutorial.py for tasks to queue
[2024-02-12T19:59:52.689+0000] {logging_mixin.py:188} INFO - [2024-02-12T19:59:52.689+0000] {dagbag.py:538} INFO - Filling up the DagBag from /home/codespace/.local/share/virtualenvs/airflow_sandbox-vp-HKq_L/lib/python3.10/site-packages/airflow/example_dags/tutorial.py
[2024-02-12T19:59:52.696+0000] {processor.py:840} INFO - DAG(s) 'tutorial' retrieved from /home/codespace/.local/share/virtualenvs/airflow_sandbox-vp-HKq_L/lib/python3.10/site-packages/airflow/example_dags/tutorial.py
[2024-02-12T19:59:52.712+0000] {logging_mixin.py:188} INFO - [2024-02-12T19:59:52.712+0000] {dag.py:3033} INFO - Sync 1 DAGs
[2024-02-12T19:59:52.816+0000] {logging_mixin.py:188} INFO - [2024-02-12T19:59:52.816+0000] {dag.py:3820} INFO - Setting next_dagrun for tutorial to 2024-02-11T00:00:00+00:00, run_after=2024-02-12T00:00:00+00:00
[2024-02-12T19:59:52.854+0000] {processor.py:183} INFO - Processing /home/codespace/.local/share/virtualenvs/airflow_sandbox-vp-HKq_L/lib/python3.10/site-packages/airflow/example_dags/tutorial.py took 0.168 seconds
[2024-02-12T20:00:45.315+0000] {processor.py:161} INFO - Started process (PID=25742) to work on /home/codespace/.local/share/virtualenvs/airflow_sandbox-vp-HKq_L/lib/python3.10/site-packages/airflow/example_dags/tutorial.py
[2024-02-12T20:00:45.316+0000] {processor.py:830} INFO - Processing file /home/codespace/.local/share/virtualenvs/airflow_sandbox-vp-HKq_L/lib/python3.10/site-packages/airflow/example_dags/tutorial.py for tasks to queue
[2024-02-12T20:00:45.317+0000] {logging_mixin.py:188} INFO - [2024-02-12T20:00:45.316+0000] {dagbag.py:538} INFO - Filling up the DagBag from /home/codespace/.local/share/virtualenvs/airflow_sandbox-vp-HKq_L/lib/python3.10/site-packages/airflow/example_dags/tutorial.py
[2024-02-12T20:00:45.322+0000] {processor.py:840} INFO - DAG(s) 'tutorial' retrieved from /home/codespace/.local/share/virtualenvs/airflow_sandbox-vp-HKq_L/lib/python3.10/site-packages/airflow/example_dags/tutorial.py
[2024-02-12T20:00:45.334+0000] {logging_mixin.py:188} INFO - [2024-02-12T20:00:45.334+0000] {dag.py:3033} INFO - Sync 1 DAGs
[2024-02-12T20:00:45.349+0000] {logging_mixin.py:188} INFO - [2024-02-12T20:00:45.349+0000] {dag.py:3820} INFO - Setting next_dagrun for tutorial to 2024-02-11T00:00:00+00:00, run_after=2024-02-12T00:00:00+00:00
[2024-02-12T20:00:45.398+0000] {processor.py:183} INFO - Processing /home/codespace/.local/share/virtualenvs/airflow_sandbox-vp-HKq_L/lib/python3.10/site-packages/airflow/example_dags/tutorial.py took 0.085 seconds
[2024-02-12T20:01:24.089+0000] {processor.py:161} INFO - Started process (PID=26107) to work on /home/codespace/.local/share/virtualenvs/airflow_sandbox-vp-HKq_L/lib/python3.10/site-packages/airflow/example_dags/tutorial.py
[2024-02-12T20:01:24.091+0000] {processor.py:830} INFO - Processing file /home/codespace/.local/share/virtualenvs/airflow_sandbox-vp-HKq_L/lib/python3.10/site-packages/airflow/example_dags/tutorial.py for tasks to queue
[2024-02-12T20:01:24.091+0000] {logging_mixin.py:188} INFO - [2024-02-12T20:01:24.091+0000] {dagbag.py:538} INFO - Filling up the DagBag from /home/codespace/.local/share/virtualenvs/airflow_sandbox-vp-HKq_L/lib/python3.10/site-packages/airflow/example_dags/tutorial.py
[2024-02-12T20:01:24.098+0000] {processor.py:840} INFO - DAG(s) 'tutorial' retrieved from /home/codespace/.local/share/virtualenvs/airflow_sandbox-vp-HKq_L/lib/python3.10/site-packages/airflow/example_dags/tutorial.py
[2024-02-12T20:01:24.116+0000] {logging_mixin.py:188} INFO - [2024-02-12T20:01:24.116+0000] {dag.py:3033} INFO - Sync 1 DAGs
[2024-02-12T20:01:24.139+0000] {logging_mixin.py:188} INFO - [2024-02-12T20:01:24.139+0000] {dag.py:3820} INFO - Setting next_dagrun for tutorial to 2024-02-11T00:00:00+00:00, run_after=2024-02-12T00:00:00+00:00
[2024-02-12T20:01:24.183+0000] {processor.py:183} INFO - Processing /home/codespace/.local/share/virtualenvs/airflow_sandbox-vp-HKq_L/lib/python3.10/site-packages/airflow/example_dags/tutorial.py took 0.098 seconds
[2024-02-12T20:02:08.863+0000] {processor.py:161} INFO - Started process (PID=26540) to work on /home/codespace/.local/share/virtualenvs/airflow_sandbox-vp-HKq_L/lib/python3.10/site-packages/airflow/example_dags/tutorial.py
[2024-02-12T20:02:08.864+0000] {processor.py:830} INFO - Processing file /home/codespace/.local/share/virtualenvs/airflow_sandbox-vp-HKq_L/lib/python3.10/site-packages/airflow/example_dags/tutorial.py for tasks to queue
[2024-02-12T20:02:08.865+0000] {logging_mixin.py:188} INFO - [2024-02-12T20:02:08.865+0000] {dagbag.py:538} INFO - Filling up the DagBag from /home/codespace/.local/share/virtualenvs/airflow_sandbox-vp-HKq_L/lib/python3.10/site-packages/airflow/example_dags/tutorial.py
[2024-02-12T20:02:08.870+0000] {processor.py:840} INFO - DAG(s) 'tutorial' retrieved from /home/codespace/.local/share/virtualenvs/airflow_sandbox-vp-HKq_L/lib/python3.10/site-packages/airflow/example_dags/tutorial.py
[2024-02-12T20:02:08.881+0000] {logging_mixin.py:188} INFO - [2024-02-12T20:02:08.881+0000] {dag.py:3033} INFO - Sync 1 DAGs
[2024-02-12T20:02:08.896+0000] {logging_mixin.py:188} INFO - [2024-02-12T20:02:08.896+0000] {dag.py:3820} INFO - Setting next_dagrun for tutorial to 2024-02-11T00:00:00+00:00, run_after=2024-02-12T00:00:00+00:00
[2024-02-12T20:02:08.935+0000] {processor.py:183} INFO - Processing /home/codespace/.local/share/virtualenvs/airflow_sandbox-vp-HKq_L/lib/python3.10/site-packages/airflow/example_dags/tutorial.py took 0.074 seconds
[2024-02-12T20:02:46.699+0000] {processor.py:161} INFO - Started process (PID=26950) to work on /home/codespace/.local/share/virtualenvs/airflow_sandbox-vp-HKq_L/lib/python3.10/site-packages/airflow/example_dags/tutorial.py
[2024-02-12T20:02:46.700+0000] {processor.py:830} INFO - Processing file /home/codespace/.local/share/virtualenvs/airflow_sandbox-vp-HKq_L/lib/python3.10/site-packages/airflow/example_dags/tutorial.py for tasks to queue
[2024-02-12T20:02:46.700+0000] {logging_mixin.py:188} INFO - [2024-02-12T20:02:46.700+0000] {dagbag.py:538} INFO - Filling up the DagBag from /home/codespace/.local/share/virtualenvs/airflow_sandbox-vp-HKq_L/lib/python3.10/site-packages/airflow/example_dags/tutorial.py
[2024-02-12T20:02:46.705+0000] {processor.py:840} INFO - DAG(s) 'tutorial' retrieved from /home/codespace/.local/share/virtualenvs/airflow_sandbox-vp-HKq_L/lib/python3.10/site-packages/airflow/example_dags/tutorial.py
[2024-02-12T20:02:46.717+0000] {logging_mixin.py:188} INFO - [2024-02-12T20:02:46.717+0000] {dag.py:3033} INFO - Sync 1 DAGs
[2024-02-12T20:02:46.732+0000] {logging_mixin.py:188} INFO - [2024-02-12T20:02:46.732+0000] {dag.py:3820} INFO - Setting next_dagrun for tutorial to 2024-02-11T00:00:00+00:00, run_after=2024-02-12T00:00:00+00:00
[2024-02-12T20:02:46.772+0000] {processor.py:183} INFO - Processing /home/codespace/.local/share/virtualenvs/airflow_sandbox-vp-HKq_L/lib/python3.10/site-packages/airflow/example_dags/tutorial.py took 0.075 seconds
[2024-02-12T20:03:23.468+0000] {processor.py:161} INFO - Started process (PID=27438) to work on /home/codespace/.local/share/virtualenvs/airflow_sandbox-vp-HKq_L/lib/python3.10/site-packages/airflow/example_dags/tutorial.py
[2024-02-12T20:03:23.469+0000] {processor.py:830} INFO - Processing file /home/codespace/.local/share/virtualenvs/airflow_sandbox-vp-HKq_L/lib/python3.10/site-packages/airflow/example_dags/tutorial.py for tasks to queue
[2024-02-12T20:03:23.469+0000] {logging_mixin.py:188} INFO - [2024-02-12T20:03:23.469+0000] {dagbag.py:538} INFO - Filling up the DagBag from /home/codespace/.local/share/virtualenvs/airflow_sandbox-vp-HKq_L/lib/python3.10/site-packages/airflow/example_dags/tutorial.py
[2024-02-12T20:03:23.474+0000] {processor.py:840} INFO - DAG(s) 'tutorial' retrieved from /home/codespace/.local/share/virtualenvs/airflow_sandbox-vp-HKq_L/lib/python3.10/site-packages/airflow/example_dags/tutorial.py
[2024-02-12T20:03:23.486+0000] {logging_mixin.py:188} INFO - [2024-02-12T20:03:23.485+0000] {dag.py:3033} INFO - Sync 1 DAGs
[2024-02-12T20:03:23.500+0000] {logging_mixin.py:188} INFO - [2024-02-12T20:03:23.500+0000] {dag.py:3820} INFO - Setting next_dagrun for tutorial to 2024-02-11T00:00:00+00:00, run_after=2024-02-12T00:00:00+00:00
[2024-02-12T20:03:23.538+0000] {processor.py:183} INFO - Processing /home/codespace/.local/share/virtualenvs/airflow_sandbox-vp-HKq_L/lib/python3.10/site-packages/airflow/example_dags/tutorial.py took 0.073 seconds
[2024-02-12T20:04:11.375+0000] {processor.py:161} INFO - Started process (PID=27874) to work on /home/codespace/.local/share/virtualenvs/airflow_sandbox-vp-HKq_L/lib/python3.10/site-packages/airflow/example_dags/tutorial.py
[2024-02-12T20:04:11.376+0000] {processor.py:830} INFO - Processing file /home/codespace/.local/share/virtualenvs/airflow_sandbox-vp-HKq_L/lib/python3.10/site-packages/airflow/example_dags/tutorial.py for tasks to queue
[2024-02-12T20:04:11.377+0000] {logging_mixin.py:188} INFO - [2024-02-12T20:04:11.376+0000] {dagbag.py:538} INFO - Filling up the DagBag from /home/codespace/.local/share/virtualenvs/airflow_sandbox-vp-HKq_L/lib/python3.10/site-packages/airflow/example_dags/tutorial.py
[2024-02-12T20:04:11.382+0000] {processor.py:840} INFO - DAG(s) 'tutorial' retrieved from /home/codespace/.local/share/virtualenvs/airflow_sandbox-vp-HKq_L/lib/python3.10/site-packages/airflow/example_dags/tutorial.py
[2024-02-12T20:04:11.393+0000] {logging_mixin.py:188} INFO - [2024-02-12T20:04:11.393+0000] {dag.py:3033} INFO - Sync 1 DAGs
[2024-02-12T20:04:11.408+0000] {logging_mixin.py:188} INFO - [2024-02-12T20:04:11.407+0000] {dag.py:3820} INFO - Setting next_dagrun for tutorial to 2024-02-11T00:00:00+00:00, run_after=2024-02-12T00:00:00+00:00
[2024-02-12T20:04:11.451+0000] {processor.py:183} INFO - Processing /home/codespace/.local/share/virtualenvs/airflow_sandbox-vp-HKq_L/lib/python3.10/site-packages/airflow/example_dags/tutorial.py took 0.079 seconds
[2024-02-12T20:04:46.276+0000] {processor.py:161} INFO - Started process (PID=28057) to work on /home/codespace/.local/share/virtualenvs/airflow_sandbox-vp-HKq_L/lib/python3.10/site-packages/airflow/example_dags/tutorial.py
[2024-02-12T20:04:46.276+0000] {processor.py:830} INFO - Processing file /home/codespace/.local/share/virtualenvs/airflow_sandbox-vp-HKq_L/lib/python3.10/site-packages/airflow/example_dags/tutorial.py for tasks to queue
[2024-02-12T20:04:46.277+0000] {logging_mixin.py:188} INFO - [2024-02-12T20:04:46.277+0000] {dagbag.py:538} INFO - Filling up the DagBag from /home/codespace/.local/share/virtualenvs/airflow_sandbox-vp-HKq_L/lib/python3.10/site-packages/airflow/example_dags/tutorial.py
[2024-02-12T20:04:46.282+0000] {processor.py:840} INFO - DAG(s) 'tutorial' retrieved from /home/codespace/.local/share/virtualenvs/airflow_sandbox-vp-HKq_L/lib/python3.10/site-packages/airflow/example_dags/tutorial.py
[2024-02-12T20:04:46.293+0000] {logging_mixin.py:188} INFO - [2024-02-12T20:04:46.293+0000] {dag.py:3033} INFO - Sync 1 DAGs
[2024-02-12T20:04:46.308+0000] {logging_mixin.py:188} INFO - [2024-02-12T20:04:46.308+0000] {dag.py:3820} INFO - Setting next_dagrun for tutorial to 2024-02-11T00:00:00+00:00, run_after=2024-02-12T00:00:00+00:00
[2024-02-12T20:04:46.347+0000] {processor.py:183} INFO - Processing /home/codespace/.local/share/virtualenvs/airflow_sandbox-vp-HKq_L/lib/python3.10/site-packages/airflow/example_dags/tutorial.py took 0.073 seconds
[2024-02-12T20:05:22.201+0000] {processor.py:161} INFO - Started process (PID=28187) to work on /home/codespace/.local/share/virtualenvs/airflow_sandbox-vp-HKq_L/lib/python3.10/site-packages/airflow/example_dags/tutorial.py
[2024-02-12T20:05:22.201+0000] {processor.py:830} INFO - Processing file /home/codespace/.local/share/virtualenvs/airflow_sandbox-vp-HKq_L/lib/python3.10/site-packages/airflow/example_dags/tutorial.py for tasks to queue
[2024-02-12T20:05:22.202+0000] {logging_mixin.py:188} INFO - [2024-02-12T20:05:22.202+0000] {dagbag.py:538} INFO - Filling up the DagBag from /home/codespace/.local/share/virtualenvs/airflow_sandbox-vp-HKq_L/lib/python3.10/site-packages/airflow/example_dags/tutorial.py
[2024-02-12T20:05:22.207+0000] {processor.py:840} INFO - DAG(s) 'tutorial' retrieved from /home/codespace/.local/share/virtualenvs/airflow_sandbox-vp-HKq_L/lib/python3.10/site-packages/airflow/example_dags/tutorial.py
[2024-02-12T20:05:22.218+0000] {logging_mixin.py:188} INFO - [2024-02-12T20:05:22.218+0000] {dag.py:3033} INFO - Sync 1 DAGs
[2024-02-12T20:05:22.232+0000] {logging_mixin.py:188} INFO - [2024-02-12T20:05:22.232+0000] {dag.py:3820} INFO - Setting next_dagrun for tutorial to 2024-02-11T00:00:00+00:00, run_after=2024-02-12T00:00:00+00:00
[2024-02-12T20:05:22.272+0000] {processor.py:183} INFO - Processing /home/codespace/.local/share/virtualenvs/airflow_sandbox-vp-HKq_L/lib/python3.10/site-packages/airflow/example_dags/tutorial.py took 0.074 seconds
[2024-02-12T20:05:58.555+0000] {processor.py:161} INFO - Started process (PID=28290) to work on /home/codespace/.local/share/virtualenvs/airflow_sandbox-vp-HKq_L/lib/python3.10/site-packages/airflow/example_dags/tutorial.py
[2024-02-12T20:05:58.556+0000] {processor.py:830} INFO - Processing file /home/codespace/.local/share/virtualenvs/airflow_sandbox-vp-HKq_L/lib/python3.10/site-packages/airflow/example_dags/tutorial.py for tasks to queue
[2024-02-12T20:05:58.556+0000] {logging_mixin.py:188} INFO - [2024-02-12T20:05:58.556+0000] {dagbag.py:538} INFO - Filling up the DagBag from /home/codespace/.local/share/virtualenvs/airflow_sandbox-vp-HKq_L/lib/python3.10/site-packages/airflow/example_dags/tutorial.py
[2024-02-12T20:05:58.561+0000] {processor.py:840} INFO - DAG(s) 'tutorial' retrieved from /home/codespace/.local/share/virtualenvs/airflow_sandbox-vp-HKq_L/lib/python3.10/site-packages/airflow/example_dags/tutorial.py
[2024-02-12T20:05:58.572+0000] {logging_mixin.py:188} INFO - [2024-02-12T20:05:58.572+0000] {dag.py:3033} INFO - Sync 1 DAGs
[2024-02-12T20:05:58.587+0000] {logging_mixin.py:188} INFO - [2024-02-12T20:05:58.587+0000] {dag.py:3820} INFO - Setting next_dagrun for tutorial to 2024-02-11T00:00:00+00:00, run_after=2024-02-12T00:00:00+00:00
[2024-02-12T20:05:58.630+0000] {processor.py:183} INFO - Processing /home/codespace/.local/share/virtualenvs/airflow_sandbox-vp-HKq_L/lib/python3.10/site-packages/airflow/example_dags/tutorial.py took 0.078 seconds
[2024-02-12T20:06:34.446+0000] {processor.py:161} INFO - Started process (PID=28406) to work on /home/codespace/.local/share/virtualenvs/airflow_sandbox-vp-HKq_L/lib/python3.10/site-packages/airflow/example_dags/tutorial.py
[2024-02-12T20:06:34.447+0000] {processor.py:830} INFO - Processing file /home/codespace/.local/share/virtualenvs/airflow_sandbox-vp-HKq_L/lib/python3.10/site-packages/airflow/example_dags/tutorial.py for tasks to queue
[2024-02-12T20:06:34.448+0000] {logging_mixin.py:188} INFO - [2024-02-12T20:06:34.448+0000] {dagbag.py:538} INFO - Filling up the DagBag from /home/codespace/.local/share/virtualenvs/airflow_sandbox-vp-HKq_L/lib/python3.10/site-packages/airflow/example_dags/tutorial.py
[2024-02-12T20:06:34.453+0000] {processor.py:840} INFO - DAG(s) 'tutorial' retrieved from /home/codespace/.local/share/virtualenvs/airflow_sandbox-vp-HKq_L/lib/python3.10/site-packages/airflow/example_dags/tutorial.py
[2024-02-12T20:06:34.464+0000] {logging_mixin.py:188} INFO - [2024-02-12T20:06:34.464+0000] {dag.py:3033} INFO - Sync 1 DAGs
[2024-02-12T20:06:34.479+0000] {logging_mixin.py:188} INFO - [2024-02-12T20:06:34.478+0000] {dag.py:3820} INFO - Setting next_dagrun for tutorial to 2024-02-11T00:00:00+00:00, run_after=2024-02-12T00:00:00+00:00
[2024-02-12T20:06:34.517+0000] {processor.py:183} INFO - Processing /home/codespace/.local/share/virtualenvs/airflow_sandbox-vp-HKq_L/lib/python3.10/site-packages/airflow/example_dags/tutorial.py took 0.072 seconds
[2024-02-12T20:07:10.721+0000] {processor.py:161} INFO - Started process (PID=28789) to work on /home/codespace/.local/share/virtualenvs/airflow_sandbox-vp-HKq_L/lib/python3.10/site-packages/airflow/example_dags/tutorial.py
[2024-02-12T20:07:10.722+0000] {processor.py:830} INFO - Processing file /home/codespace/.local/share/virtualenvs/airflow_sandbox-vp-HKq_L/lib/python3.10/site-packages/airflow/example_dags/tutorial.py for tasks to queue
[2024-02-12T20:07:10.723+0000] {logging_mixin.py:188} INFO - [2024-02-12T20:07:10.723+0000] {dagbag.py:538} INFO - Filling up the DagBag from /home/codespace/.local/share/virtualenvs/airflow_sandbox-vp-HKq_L/lib/python3.10/site-packages/airflow/example_dags/tutorial.py
[2024-02-12T20:07:10.732+0000] {processor.py:840} INFO - DAG(s) 'tutorial' retrieved from /home/codespace/.local/share/virtualenvs/airflow_sandbox-vp-HKq_L/lib/python3.10/site-packages/airflow/example_dags/tutorial.py
[2024-02-12T20:07:10.747+0000] {logging_mixin.py:188} INFO - [2024-02-12T20:07:10.747+0000] {dag.py:3033} INFO - Sync 1 DAGs
[2024-02-12T20:07:10.762+0000] {logging_mixin.py:188} INFO - [2024-02-12T20:07:10.762+0000] {dag.py:3820} INFO - Setting next_dagrun for tutorial to 2024-02-11T00:00:00+00:00, run_after=2024-02-12T00:00:00+00:00
[2024-02-12T20:07:10.801+0000] {processor.py:183} INFO - Processing /home/codespace/.local/share/virtualenvs/airflow_sandbox-vp-HKq_L/lib/python3.10/site-packages/airflow/example_dags/tutorial.py took 0.083 seconds
