[2024-02-14T10:13:56.654+0000] {taskinstance.py:1957} INFO - Dependencies all met for dep_context=non-requeueable deps ti=<TaskInstance: python_operator_dag_v1.greet_fn scheduled__2024-02-10T00:00:00+00:00 [queued]>
[2024-02-14T10:13:56.659+0000] {taskinstance.py:1957} INFO - Dependencies all met for dep_context=requeueable deps ti=<TaskInstance: python_operator_dag_v1.greet_fn scheduled__2024-02-10T00:00:00+00:00 [queued]>
[2024-02-14T10:13:56.659+0000] {taskinstance.py:2171} INFO - Starting attempt 1 of 6
[2024-02-14T10:13:56.695+0000] {taskinstance.py:2192} INFO - Executing <Task(PythonOperator): greet_fn> on 2024-02-10 00:00:00+00:00
[2024-02-14T10:13:56.699+0000] {standard_task_runner.py:60} INFO - Started process 42642 to run task
[2024-02-14T10:13:56.702+0000] {standard_task_runner.py:87} INFO - Running: ['airflow', 'tasks', 'run', 'python_operator_dag_v1', 'greet_fn', 'scheduled__2024-02-10T00:00:00+00:00', '--job-id', '179', '--raw', '--subdir', 'DAGS_FOLDER/python_operator_dag.py', '--cfg-path', '/tmp/tmp07gqyfmd']
[2024-02-14T10:13:56.703+0000] {standard_task_runner.py:88} INFO - Job 179: Subtask greet_fn
[2024-02-14T10:13:56.755+0000] {task_command.py:423} INFO - Running <TaskInstance: python_operator_dag_v1.greet_fn scheduled__2024-02-10T00:00:00+00:00 [running]> on host codespaces-57ffd0
[2024-02-14T10:13:56.883+0000] {taskinstance.py:2481} INFO - Exporting env vars: AIRFLOW_CTX_DAG_OWNER='raghu' AIRFLOW_CTX_DAG_ID='python_operator_dag_v1' AIRFLOW_CTX_TASK_ID='greet_fn' AIRFLOW_CTX_EXECUTION_DATE='2024-02-10T00:00:00+00:00' AIRFLOW_CTX_TRY_NUMBER='1' AIRFLOW_CTX_DAG_RUN_ID='scheduled__2024-02-10T00:00:00+00:00'
[2024-02-14T10:13:56.883+0000] {logging_mixin.py:188} INFO - Python Operator
[2024-02-14T10:13:56.883+0000] {python.py:201} INFO - Done. Returned value was: None
[2024-02-14T10:13:56.892+0000] {taskinstance.py:1138} INFO - Marking task as SUCCESS. dag_id=python_operator_dag_v1, task_id=greet_fn, execution_date=20240210T000000, start_date=20240214T101356, end_date=20240214T101356
[2024-02-14T10:13:56.955+0000] {local_task_job_runner.py:234} INFO - Task exited with return code 0
[2024-02-14T10:13:56.967+0000] {taskinstance.py:3281} INFO - 0 downstream tasks scheduled from follow-on schedule check
[2024-02-14T10:16:08.236+0000] {taskinstance.py:1957} INFO - Dependencies all met for dep_context=non-requeueable deps ti=<TaskInstance: python_operator_dag_v1.greet_fn scheduled__2024-02-10T00:00:00+00:00 [queued]>
[2024-02-14T10:16:08.241+0000] {taskinstance.py:1957} INFO - Dependencies all met for dep_context=requeueable deps ti=<TaskInstance: python_operator_dag_v1.greet_fn scheduled__2024-02-10T00:00:00+00:00 [queued]>
[2024-02-14T10:16:08.241+0000] {taskinstance.py:2171} INFO - Starting attempt 1 of 6
[2024-02-14T10:16:08.279+0000] {taskinstance.py:2192} INFO - Executing <Task(PythonOperator): greet_fn> on 2024-02-10 00:00:00+00:00
[2024-02-14T10:16:08.283+0000] {standard_task_runner.py:60} INFO - Started process 44112 to run task
[2024-02-14T10:16:08.286+0000] {standard_task_runner.py:87} INFO - Running: ['airflow', 'tasks', 'run', 'python_operator_dag_v1', 'greet_fn', 'scheduled__2024-02-10T00:00:00+00:00', '--job-id', '178', '--raw', '--subdir', 'DAGS_FOLDER/python_operator_dag.py', '--cfg-path', '/tmp/tmpzn42j5ue']
[2024-02-14T10:16:08.288+0000] {standard_task_runner.py:88} INFO - Job 178: Subtask greet_fn
[2024-02-14T10:16:08.339+0000] {task_command.py:423} INFO - Running <TaskInstance: python_operator_dag_v1.greet_fn scheduled__2024-02-10T00:00:00+00:00 [running]> on host codespaces-57ffd0
[2024-02-14T10:16:08.441+0000] {taskinstance.py:2481} INFO - Exporting env vars: AIRFLOW_CTX_DAG_OWNER='raghu' AIRFLOW_CTX_DAG_ID='python_operator_dag_v1' AIRFLOW_CTX_TASK_ID='greet_fn' AIRFLOW_CTX_EXECUTION_DATE='2024-02-10T00:00:00+00:00' AIRFLOW_CTX_TRY_NUMBER='1' AIRFLOW_CTX_DAG_RUN_ID='scheduled__2024-02-10T00:00:00+00:00'
[2024-02-14T10:16:08.442+0000] {logging_mixin.py:188} INFO - My name is Raghu and I am 22 years old
[2024-02-14T10:16:08.442+0000] {python.py:201} INFO - Done. Returned value was: None
[2024-02-14T10:16:08.445+0000] {taskinstance.py:1138} INFO - Marking task as SUCCESS. dag_id=python_operator_dag_v1, task_id=greet_fn, execution_date=20240210T000000, start_date=20240214T101608, end_date=20240214T101608
[2024-02-14T10:16:08.501+0000] {local_task_job_runner.py:234} INFO - Task exited with return code 0
[2024-02-14T10:16:08.512+0000] {taskinstance.py:3281} INFO - 0 downstream tasks scheduled from follow-on schedule check
