[2024-02-14T10:36:22.719+0000] {taskinstance.py:1957} INFO - Dependencies all met for dep_context=non-requeueable deps ti=<TaskInstance: python_xcom_dag_v1.get_name scheduled__2024-02-08T00:00:00+00:00 [queued]>
[2024-02-14T10:36:22.745+0000] {taskinstance.py:1957} INFO - Dependencies all met for dep_context=requeueable deps ti=<TaskInstance: python_xcom_dag_v1.get_name scheduled__2024-02-08T00:00:00+00:00 [queued]>
[2024-02-14T10:36:22.754+0000] {taskinstance.py:2171} INFO - Starting attempt 1 of 6
[2024-02-14T10:36:22.811+0000] {taskinstance.py:2192} INFO - Executing <Task(PythonOperator): get_name> on 2024-02-08 00:00:00+00:00
[2024-02-14T10:36:22.815+0000] {standard_task_runner.py:60} INFO - Started process 52984 to run task
[2024-02-14T10:36:22.830+0000] {standard_task_runner.py:87} INFO - Running: ['airflow', 'tasks', 'run', 'python_xcom_dag_v1', 'get_name', 'scheduled__2024-02-08T00:00:00+00:00', '--job-id', '203', '--raw', '--subdir', 'DAGS_FOLDER/dag_with_xcoms.py', '--cfg-path', '/tmp/tmp4h7y63h1']
[2024-02-14T10:36:22.835+0000] {standard_task_runner.py:88} INFO - Job 203: Subtask get_name
[2024-02-14T10:36:22.924+0000] {task_command.py:423} INFO - Running <TaskInstance: python_xcom_dag_v1.get_name scheduled__2024-02-08T00:00:00+00:00 [running]> on host codespaces-57ffd0
[2024-02-14T10:36:23.036+0000] {taskinstance.py:2481} INFO - Exporting env vars: AIRFLOW_CTX_DAG_OWNER='raghu' AIRFLOW_CTX_DAG_ID='python_xcom_dag_v1' AIRFLOW_CTX_TASK_ID='get_name' AIRFLOW_CTX_EXECUTION_DATE='2024-02-08T00:00:00+00:00' AIRFLOW_CTX_TRY_NUMBER='1' AIRFLOW_CTX_DAG_RUN_ID='scheduled__2024-02-08T00:00:00+00:00'
[2024-02-14T10:36:23.070+0000] {python.py:201} INFO - Done. Returned value was: None
[2024-02-14T10:36:23.073+0000] {taskinstance.py:1138} INFO - Marking task as SUCCESS. dag_id=python_xcom_dag_v1, task_id=get_name, execution_date=20240208T000000, start_date=20240214T103622, end_date=20240214T103623
[2024-02-14T10:36:23.116+0000] {local_task_job_runner.py:234} INFO - Task exited with return code 0
[2024-02-14T10:36:23.130+0000] {taskinstance.py:3281} INFO - 0 downstream tasks scheduled from follow-on schedule check
[2024-02-14T10:40:31.192+0000] {taskinstance.py:1957} INFO - Dependencies all met for dep_context=non-requeueable deps ti=<TaskInstance: python_xcom_dag_v1.get_name scheduled__2024-02-08T00:00:00+00:00 [queued]>
[2024-02-14T10:40:31.197+0000] {taskinstance.py:1957} INFO - Dependencies all met for dep_context=requeueable deps ti=<TaskInstance: python_xcom_dag_v1.get_name scheduled__2024-02-08T00:00:00+00:00 [queued]>
[2024-02-14T10:40:31.197+0000] {taskinstance.py:2171} INFO - Starting attempt 1 of 6
[2024-02-14T10:40:31.245+0000] {taskinstance.py:2192} INFO - Executing <Task(PythonOperator): get_name> on 2024-02-08 00:00:00+00:00
[2024-02-14T10:40:31.248+0000] {standard_task_runner.py:60} INFO - Started process 56856 to run task
[2024-02-14T10:40:31.251+0000] {standard_task_runner.py:87} INFO - Running: ['airflow', 'tasks', 'run', 'python_xcom_dag_v1', 'get_name', 'scheduled__2024-02-08T00:00:00+00:00', '--job-id', '203', '--raw', '--subdir', 'DAGS_FOLDER/dag_with_xcoms.py', '--cfg-path', '/tmp/tmpyas0fi9z']
[2024-02-14T10:40:31.253+0000] {standard_task_runner.py:88} INFO - Job 203: Subtask get_name
[2024-02-14T10:40:31.304+0000] {task_command.py:423} INFO - Running <TaskInstance: python_xcom_dag_v1.get_name scheduled__2024-02-08T00:00:00+00:00 [running]> on host codespaces-57ffd0
[2024-02-14T10:40:31.405+0000] {taskinstance.py:2481} INFO - Exporting env vars: AIRFLOW_CTX_DAG_OWNER='raghu' AIRFLOW_CTX_DAG_ID='python_xcom_dag_v1' AIRFLOW_CTX_TASK_ID='get_name' AIRFLOW_CTX_EXECUTION_DATE='2024-02-08T00:00:00+00:00' AIRFLOW_CTX_TRY_NUMBER='1' AIRFLOW_CTX_DAG_RUN_ID='scheduled__2024-02-08T00:00:00+00:00'
[2024-02-14T10:40:31.439+0000] {python.py:201} INFO - Done. Returned value was: None
[2024-02-14T10:40:31.443+0000] {taskinstance.py:1138} INFO - Marking task as SUCCESS. dag_id=python_xcom_dag_v1, task_id=get_name, execution_date=20240208T000000, start_date=20240214T104031, end_date=20240214T104031
[2024-02-14T10:40:31.503+0000] {local_task_job_runner.py:234} INFO - Task exited with return code 0
[2024-02-14T10:40:31.517+0000] {taskinstance.py:3281} INFO - 0 downstream tasks scheduled from follow-on schedule check
