[2024-02-14T10:36:17.750+0000] {taskinstance.py:1957} INFO - Dependencies all met for dep_context=non-requeueable deps ti=<TaskInstance: python_xcom_dag_v1.get_age scheduled__2024-02-07T00:00:00+00:00 [queued]>
[2024-02-14T10:36:17.757+0000] {taskinstance.py:1957} INFO - Dependencies all met for dep_context=requeueable deps ti=<TaskInstance: python_xcom_dag_v1.get_age scheduled__2024-02-07T00:00:00+00:00 [queued]>
[2024-02-14T10:36:17.759+0000] {taskinstance.py:2171} INFO - Starting attempt 1 of 6
[2024-02-14T10:36:17.812+0000] {taskinstance.py:2192} INFO - Executing <Task(PythonOperator): get_age> on 2024-02-07 00:00:00+00:00
[2024-02-14T10:36:17.817+0000] {standard_task_runner.py:60} INFO - Started process 52875 to run task
[2024-02-14T10:36:17.830+0000] {standard_task_runner.py:87} INFO - Running: ['airflow', 'tasks', 'run', 'python_xcom_dag_v1', 'get_age', 'scheduled__2024-02-07T00:00:00+00:00', '--job-id', '201', '--raw', '--subdir', 'DAGS_FOLDER/dag_with_xcoms.py', '--cfg-path', '/tmp/tmpc_nwy24z']
[2024-02-14T10:36:17.833+0000] {standard_task_runner.py:88} INFO - Job 201: Subtask get_age
[2024-02-14T10:36:17.926+0000] {task_command.py:423} INFO - Running <TaskInstance: python_xcom_dag_v1.get_age scheduled__2024-02-07T00:00:00+00:00 [running]> on host codespaces-57ffd0
[2024-02-14T10:36:18.057+0000] {taskinstance.py:2481} INFO - Exporting env vars: AIRFLOW_CTX_DAG_OWNER='raghu' AIRFLOW_CTX_DAG_ID='python_xcom_dag_v1' AIRFLOW_CTX_TASK_ID='get_age' AIRFLOW_CTX_EXECUTION_DATE='2024-02-07T00:00:00+00:00' AIRFLOW_CTX_TRY_NUMBER='1' AIRFLOW_CTX_DAG_RUN_ID='scheduled__2024-02-07T00:00:00+00:00'
[2024-02-14T10:36:18.096+0000] {python.py:201} INFO - Done. Returned value was: None
[2024-02-14T10:36:18.101+0000] {taskinstance.py:1138} INFO - Marking task as SUCCESS. dag_id=python_xcom_dag_v1, task_id=get_age, execution_date=20240207T000000, start_date=20240214T103617, end_date=20240214T103618
[2024-02-14T10:36:18.164+0000] {local_task_job_runner.py:234} INFO - Task exited with return code 0
[2024-02-14T10:36:18.177+0000] {taskinstance.py:3281} INFO - 1 downstream tasks scheduled from follow-on schedule check
[2024-02-14T10:40:26.478+0000] {taskinstance.py:1957} INFO - Dependencies all met for dep_context=non-requeueable deps ti=<TaskInstance: python_xcom_dag_v1.get_age scheduled__2024-02-07T00:00:00+00:00 [queued]>
[2024-02-14T10:40:26.483+0000] {taskinstance.py:1957} INFO - Dependencies all met for dep_context=requeueable deps ti=<TaskInstance: python_xcom_dag_v1.get_age scheduled__2024-02-07T00:00:00+00:00 [queued]>
[2024-02-14T10:40:26.483+0000] {taskinstance.py:2171} INFO - Starting attempt 1 of 6
[2024-02-14T10:40:26.526+0000] {taskinstance.py:2192} INFO - Executing <Task(PythonOperator): get_age> on 2024-02-07 00:00:00+00:00
[2024-02-14T10:40:26.529+0000] {standard_task_runner.py:60} INFO - Started process 56761 to run task
[2024-02-14T10:40:26.532+0000] {standard_task_runner.py:87} INFO - Running: ['airflow', 'tasks', 'run', 'python_xcom_dag_v1', 'get_age', 'scheduled__2024-02-07T00:00:00+00:00', '--job-id', '201', '--raw', '--subdir', 'DAGS_FOLDER/dag_with_xcoms.py', '--cfg-path', '/tmp/tmpoc_ztb_k']
[2024-02-14T10:40:26.533+0000] {standard_task_runner.py:88} INFO - Job 201: Subtask get_age
[2024-02-14T10:40:26.583+0000] {task_command.py:423} INFO - Running <TaskInstance: python_xcom_dag_v1.get_age scheduled__2024-02-07T00:00:00+00:00 [running]> on host codespaces-57ffd0
[2024-02-14T10:40:26.690+0000] {taskinstance.py:2481} INFO - Exporting env vars: AIRFLOW_CTX_DAG_OWNER='raghu' AIRFLOW_CTX_DAG_ID='python_xcom_dag_v1' AIRFLOW_CTX_TASK_ID='get_age' AIRFLOW_CTX_EXECUTION_DATE='2024-02-07T00:00:00+00:00' AIRFLOW_CTX_TRY_NUMBER='1' AIRFLOW_CTX_DAG_RUN_ID='scheduled__2024-02-07T00:00:00+00:00'
[2024-02-14T10:40:26.728+0000] {python.py:201} INFO - Done. Returned value was: None
[2024-02-14T10:40:26.731+0000] {taskinstance.py:1138} INFO - Marking task as SUCCESS. dag_id=python_xcom_dag_v1, task_id=get_age, execution_date=20240207T000000, start_date=20240214T104026, end_date=20240214T104026
[2024-02-14T10:40:26.786+0000] {local_task_job_runner.py:234} INFO - Task exited with return code 0
[2024-02-14T10:40:26.798+0000] {taskinstance.py:3281} INFO - 1 downstream tasks scheduled from follow-on schedule check
