[2024-02-14T10:36:10.120+0000] {taskinstance.py:1957} INFO - Dependencies all met for dep_context=non-requeueable deps ti=<TaskInstance: python_xcom_dag_v1.get_age scheduled__2024-02-06T00:00:00+00:00 [queued]>
[2024-02-14T10:36:10.128+0000] {taskinstance.py:1957} INFO - Dependencies all met for dep_context=requeueable deps ti=<TaskInstance: python_xcom_dag_v1.get_age scheduled__2024-02-06T00:00:00+00:00 [queued]>
[2024-02-14T10:36:10.128+0000] {taskinstance.py:2171} INFO - Starting attempt 1 of 6
[2024-02-14T10:36:10.219+0000] {taskinstance.py:2192} INFO - Executing <Task(PythonOperator): get_age> on 2024-02-06 00:00:00+00:00
[2024-02-14T10:36:10.222+0000] {standard_task_runner.py:60} INFO - Started process 52768 to run task
[2024-02-14T10:36:10.225+0000] {standard_task_runner.py:87} INFO - Running: ['airflow', 'tasks', 'run', 'python_xcom_dag_v1', 'get_age', 'scheduled__2024-02-06T00:00:00+00:00', '--job-id', '198', '--raw', '--subdir', 'DAGS_FOLDER/dag_with_xcoms.py', '--cfg-path', '/tmp/tmp6dx5ir7_']
[2024-02-14T10:36:10.226+0000] {standard_task_runner.py:88} INFO - Job 198: Subtask get_age
[2024-02-14T10:36:10.333+0000] {task_command.py:423} INFO - Running <TaskInstance: python_xcom_dag_v1.get_age scheduled__2024-02-06T00:00:00+00:00 [running]> on host codespaces-57ffd0
[2024-02-14T10:36:10.665+0000] {taskinstance.py:2481} INFO - Exporting env vars: AIRFLOW_CTX_DAG_OWNER='raghu' AIRFLOW_CTX_DAG_ID='python_xcom_dag_v1' AIRFLOW_CTX_TASK_ID='get_age' AIRFLOW_CTX_EXECUTION_DATE='2024-02-06T00:00:00+00:00' AIRFLOW_CTX_TRY_NUMBER='1' AIRFLOW_CTX_DAG_RUN_ID='scheduled__2024-02-06T00:00:00+00:00'
[2024-02-14T10:36:10.707+0000] {python.py:201} INFO - Done. Returned value was: None
[2024-02-14T10:36:10.712+0000] {taskinstance.py:1138} INFO - Marking task as SUCCESS. dag_id=python_xcom_dag_v1, task_id=get_age, execution_date=20240206T000000, start_date=20240214T103610, end_date=20240214T103610
[2024-02-14T10:36:10.800+0000] {local_task_job_runner.py:234} INFO - Task exited with return code 0
[2024-02-14T10:36:10.870+0000] {taskinstance.py:3281} INFO - 1 downstream tasks scheduled from follow-on schedule check
[2024-02-14T10:40:20.796+0000] {taskinstance.py:1957} INFO - Dependencies all met for dep_context=non-requeueable deps ti=<TaskInstance: python_xcom_dag_v1.get_age scheduled__2024-02-06T00:00:00+00:00 [queued]>
[2024-02-14T10:40:20.801+0000] {taskinstance.py:1957} INFO - Dependencies all met for dep_context=requeueable deps ti=<TaskInstance: python_xcom_dag_v1.get_age scheduled__2024-02-06T00:00:00+00:00 [queued]>
[2024-02-14T10:40:20.801+0000] {taskinstance.py:2171} INFO - Starting attempt 1 of 6
[2024-02-14T10:40:20.851+0000] {taskinstance.py:2192} INFO - Executing <Task(PythonOperator): get_age> on 2024-02-06 00:00:00+00:00
[2024-02-14T10:40:20.854+0000] {standard_task_runner.py:60} INFO - Started process 56649 to run task
[2024-02-14T10:40:20.858+0000] {standard_task_runner.py:87} INFO - Running: ['airflow', 'tasks', 'run', 'python_xcom_dag_v1', 'get_age', 'scheduled__2024-02-06T00:00:00+00:00', '--job-id', '199', '--raw', '--subdir', 'DAGS_FOLDER/dag_with_xcoms.py', '--cfg-path', '/tmp/tmpa1cdpep0']
[2024-02-14T10:40:20.859+0000] {standard_task_runner.py:88} INFO - Job 199: Subtask get_age
[2024-02-14T10:40:20.988+0000] {task_command.py:423} INFO - Running <TaskInstance: python_xcom_dag_v1.get_age scheduled__2024-02-06T00:00:00+00:00 [running]> on host codespaces-57ffd0
[2024-02-14T10:40:21.087+0000] {taskinstance.py:2481} INFO - Exporting env vars: AIRFLOW_CTX_DAG_OWNER='raghu' AIRFLOW_CTX_DAG_ID='python_xcom_dag_v1' AIRFLOW_CTX_TASK_ID='get_age' AIRFLOW_CTX_EXECUTION_DATE='2024-02-06T00:00:00+00:00' AIRFLOW_CTX_TRY_NUMBER='1' AIRFLOW_CTX_DAG_RUN_ID='scheduled__2024-02-06T00:00:00+00:00'
[2024-02-14T10:40:21.121+0000] {python.py:201} INFO - Done. Returned value was: None
[2024-02-14T10:40:21.126+0000] {taskinstance.py:1138} INFO - Marking task as SUCCESS. dag_id=python_xcom_dag_v1, task_id=get_age, execution_date=20240206T000000, start_date=20240214T104020, end_date=20240214T104021
[2024-02-14T10:40:21.189+0000] {local_task_job_runner.py:234} INFO - Task exited with return code 0
[2024-02-14T10:40:21.203+0000] {taskinstance.py:3281} INFO - 1 downstream tasks scheduled from follow-on schedule check
