[2024-02-14T10:35:31.951+0000] {taskinstance.py:1957} INFO - Dependencies all met for dep_context=non-requeueable deps ti=<TaskInstance: python_xcom_dag_v1.get_age scheduled__2024-02-02T00:00:00+00:00 [queued]>
[2024-02-14T10:35:31.956+0000] {taskinstance.py:1957} INFO - Dependencies all met for dep_context=requeueable deps ti=<TaskInstance: python_xcom_dag_v1.get_age scheduled__2024-02-02T00:00:00+00:00 [queued]>
[2024-02-14T10:35:31.956+0000] {taskinstance.py:2171} INFO - Starting attempt 1 of 6
[2024-02-14T10:35:31.993+0000] {taskinstance.py:2192} INFO - Executing <Task(PythonOperator): get_age> on 2024-02-02 00:00:00+00:00
[2024-02-14T10:35:31.996+0000] {standard_task_runner.py:60} INFO - Started process 51968 to run task
[2024-02-14T10:35:32.000+0000] {standard_task_runner.py:87} INFO - Running: ['airflow', 'tasks', 'run', 'python_xcom_dag_v1', 'get_age', 'scheduled__2024-02-02T00:00:00+00:00', '--job-id', '184', '--raw', '--subdir', 'DAGS_FOLDER/dag_with_xcoms.py', '--cfg-path', '/tmp/tmpl30efij6']
[2024-02-14T10:35:32.001+0000] {standard_task_runner.py:88} INFO - Job 184: Subtask get_age
[2024-02-14T10:35:32.053+0000] {task_command.py:423} INFO - Running <TaskInstance: python_xcom_dag_v1.get_age scheduled__2024-02-02T00:00:00+00:00 [running]> on host codespaces-57ffd0
[2024-02-14T10:35:32.155+0000] {taskinstance.py:2481} INFO - Exporting env vars: AIRFLOW_CTX_DAG_OWNER='raghu' AIRFLOW_CTX_DAG_ID='python_xcom_dag_v1' AIRFLOW_CTX_TASK_ID='get_age' AIRFLOW_CTX_EXECUTION_DATE='2024-02-02T00:00:00+00:00' AIRFLOW_CTX_TRY_NUMBER='1' AIRFLOW_CTX_DAG_RUN_ID='scheduled__2024-02-02T00:00:00+00:00'
[2024-02-14T10:35:32.188+0000] {python.py:201} INFO - Done. Returned value was: None
[2024-02-14T10:35:32.193+0000] {taskinstance.py:1138} INFO - Marking task as SUCCESS. dag_id=python_xcom_dag_v1, task_id=get_age, execution_date=20240202T000000, start_date=20240214T103531, end_date=20240214T103532
[2024-02-14T10:35:32.253+0000] {local_task_job_runner.py:234} INFO - Task exited with return code 0
[2024-02-14T10:35:32.265+0000] {taskinstance.py:3281} INFO - 1 downstream tasks scheduled from follow-on schedule check
[2024-02-14T10:39:40.723+0000] {taskinstance.py:1957} INFO - Dependencies all met for dep_context=non-requeueable deps ti=<TaskInstance: python_xcom_dag_v1.get_age scheduled__2024-02-02T00:00:00+00:00 [queued]>
[2024-02-14T10:39:40.728+0000] {taskinstance.py:1957} INFO - Dependencies all met for dep_context=requeueable deps ti=<TaskInstance: python_xcom_dag_v1.get_age scheduled__2024-02-02T00:00:00+00:00 [queued]>
[2024-02-14T10:39:40.728+0000] {taskinstance.py:2171} INFO - Starting attempt 1 of 6
[2024-02-14T10:39:40.765+0000] {taskinstance.py:2192} INFO - Executing <Task(PythonOperator): get_age> on 2024-02-02 00:00:00+00:00
[2024-02-14T10:39:40.768+0000] {standard_task_runner.py:60} INFO - Started process 55835 to run task
[2024-02-14T10:39:40.771+0000] {standard_task_runner.py:87} INFO - Running: ['airflow', 'tasks', 'run', 'python_xcom_dag_v1', 'get_age', 'scheduled__2024-02-02T00:00:00+00:00', '--job-id', '184', '--raw', '--subdir', 'DAGS_FOLDER/dag_with_xcoms.py', '--cfg-path', '/tmp/tmpjf7m_n8c']
[2024-02-14T10:39:40.772+0000] {standard_task_runner.py:88} INFO - Job 184: Subtask get_age
[2024-02-14T10:39:40.834+0000] {task_command.py:423} INFO - Running <TaskInstance: python_xcom_dag_v1.get_age scheduled__2024-02-02T00:00:00+00:00 [running]> on host codespaces-57ffd0
[2024-02-14T10:39:40.925+0000] {taskinstance.py:2481} INFO - Exporting env vars: AIRFLOW_CTX_DAG_OWNER='raghu' AIRFLOW_CTX_DAG_ID='python_xcom_dag_v1' AIRFLOW_CTX_TASK_ID='get_age' AIRFLOW_CTX_EXECUTION_DATE='2024-02-02T00:00:00+00:00' AIRFLOW_CTX_TRY_NUMBER='1' AIRFLOW_CTX_DAG_RUN_ID='scheduled__2024-02-02T00:00:00+00:00'
[2024-02-14T10:39:40.957+0000] {python.py:201} INFO - Done. Returned value was: None
[2024-02-14T10:39:40.961+0000] {taskinstance.py:1138} INFO - Marking task as SUCCESS. dag_id=python_xcom_dag_v1, task_id=get_age, execution_date=20240202T000000, start_date=20240214T103940, end_date=20240214T103940
[2024-02-14T10:39:41.023+0000] {local_task_job_runner.py:234} INFO - Task exited with return code 0
[2024-02-14T10:39:41.036+0000] {taskinstance.py:3281} INFO - 1 downstream tasks scheduled from follow-on schedule check
