[2024-02-14T10:13:47.818+0000] {taskinstance.py:1957} INFO - Dependencies all met for dep_context=non-requeueable deps ti=<TaskInstance: python_operator_dag_v1.greet_fn scheduled__2024-02-07T00:00:00+00:00 [queued]>
[2024-02-14T10:13:47.823+0000] {taskinstance.py:1957} INFO - Dependencies all met for dep_context=requeueable deps ti=<TaskInstance: python_operator_dag_v1.greet_fn scheduled__2024-02-07T00:00:00+00:00 [queued]>
[2024-02-14T10:13:47.823+0000] {taskinstance.py:2171} INFO - Starting attempt 1 of 6
[2024-02-14T10:13:47.859+0000] {taskinstance.py:2192} INFO - Executing <Task(PythonOperator): greet_fn> on 2024-02-07 00:00:00+00:00
[2024-02-14T10:13:47.862+0000] {standard_task_runner.py:60} INFO - Started process 42447 to run task
[2024-02-14T10:13:47.865+0000] {standard_task_runner.py:87} INFO - Running: ['airflow', 'tasks', 'run', 'python_operator_dag_v1', 'greet_fn', 'scheduled__2024-02-07T00:00:00+00:00', '--job-id', '176', '--raw', '--subdir', 'DAGS_FOLDER/python_operator_dag.py', '--cfg-path', '/tmp/tmp5yk37zqi']
[2024-02-14T10:13:47.866+0000] {standard_task_runner.py:88} INFO - Job 176: Subtask greet_fn
[2024-02-14T10:13:47.917+0000] {task_command.py:423} INFO - Running <TaskInstance: python_operator_dag_v1.greet_fn scheduled__2024-02-07T00:00:00+00:00 [running]> on host codespaces-57ffd0
[2024-02-14T10:13:48.034+0000] {taskinstance.py:2481} INFO - Exporting env vars: AIRFLOW_CTX_DAG_OWNER='raghu' AIRFLOW_CTX_DAG_ID='python_operator_dag_v1' AIRFLOW_CTX_TASK_ID='greet_fn' AIRFLOW_CTX_EXECUTION_DATE='2024-02-07T00:00:00+00:00' AIRFLOW_CTX_TRY_NUMBER='1' AIRFLOW_CTX_DAG_RUN_ID='scheduled__2024-02-07T00:00:00+00:00'
[2024-02-14T10:13:48.036+0000] {logging_mixin.py:188} INFO - Python Operator
[2024-02-14T10:13:48.036+0000] {python.py:201} INFO - Done. Returned value was: None
[2024-02-14T10:13:48.041+0000] {taskinstance.py:1138} INFO - Marking task as SUCCESS. dag_id=python_operator_dag_v1, task_id=greet_fn, execution_date=20240207T000000, start_date=20240214T101347, end_date=20240214T101348
[2024-02-14T10:13:48.122+0000] {local_task_job_runner.py:234} INFO - Task exited with return code 0
[2024-02-14T10:13:48.136+0000] {taskinstance.py:3281} INFO - 0 downstream tasks scheduled from follow-on schedule check
[2024-02-14T10:16:00.247+0000] {taskinstance.py:1957} INFO - Dependencies all met for dep_context=non-requeueable deps ti=<TaskInstance: python_operator_dag_v1.greet_fn scheduled__2024-02-07T00:00:00+00:00 [queued]>
[2024-02-14T10:16:00.252+0000] {taskinstance.py:1957} INFO - Dependencies all met for dep_context=requeueable deps ti=<TaskInstance: python_operator_dag_v1.greet_fn scheduled__2024-02-07T00:00:00+00:00 [queued]>
[2024-02-14T10:16:00.252+0000] {taskinstance.py:2171} INFO - Starting attempt 1 of 6
[2024-02-14T10:16:00.298+0000] {taskinstance.py:2192} INFO - Executing <Task(PythonOperator): greet_fn> on 2024-02-07 00:00:00+00:00
[2024-02-14T10:16:00.302+0000] {standard_task_runner.py:60} INFO - Started process 44013 to run task
[2024-02-14T10:16:00.305+0000] {standard_task_runner.py:87} INFO - Running: ['airflow', 'tasks', 'run', 'python_operator_dag_v1', 'greet_fn', 'scheduled__2024-02-07T00:00:00+00:00', '--job-id', '175', '--raw', '--subdir', 'DAGS_FOLDER/python_operator_dag.py', '--cfg-path', '/tmp/tmp0veag13q']
[2024-02-14T10:16:00.306+0000] {standard_task_runner.py:88} INFO - Job 175: Subtask greet_fn
[2024-02-14T10:16:00.355+0000] {task_command.py:423} INFO - Running <TaskInstance: python_operator_dag_v1.greet_fn scheduled__2024-02-07T00:00:00+00:00 [running]> on host codespaces-57ffd0
[2024-02-14T10:16:00.457+0000] {taskinstance.py:2481} INFO - Exporting env vars: AIRFLOW_CTX_DAG_OWNER='raghu' AIRFLOW_CTX_DAG_ID='python_operator_dag_v1' AIRFLOW_CTX_TASK_ID='greet_fn' AIRFLOW_CTX_EXECUTION_DATE='2024-02-07T00:00:00+00:00' AIRFLOW_CTX_TRY_NUMBER='1' AIRFLOW_CTX_DAG_RUN_ID='scheduled__2024-02-07T00:00:00+00:00'
[2024-02-14T10:16:00.457+0000] {logging_mixin.py:188} INFO - My name is {name} and I am {age} years old
[2024-02-14T10:16:00.457+0000] {python.py:201} INFO - Done. Returned value was: None
[2024-02-14T10:16:00.461+0000] {taskinstance.py:1138} INFO - Marking task as SUCCESS. dag_id=python_operator_dag_v1, task_id=greet_fn, execution_date=20240207T000000, start_date=20240214T101600, end_date=20240214T101600
[2024-02-14T10:16:00.517+0000] {local_task_job_runner.py:234} INFO - Task exited with return code 0
[2024-02-14T10:16:00.526+0000] {taskinstance.py:3281} INFO - 0 downstream tasks scheduled from follow-on schedule check
