[2024-02-14T10:13:53.971+0000] {taskinstance.py:1957} INFO - Dependencies all met for dep_context=non-requeueable deps ti=<TaskInstance: python_operator_dag_v1.greet_fn scheduled__2024-02-09T00:00:00+00:00 [queued]>
[2024-02-14T10:13:53.976+0000] {taskinstance.py:1957} INFO - Dependencies all met for dep_context=requeueable deps ti=<TaskInstance: python_operator_dag_v1.greet_fn scheduled__2024-02-09T00:00:00+00:00 [queued]>
[2024-02-14T10:13:53.976+0000] {taskinstance.py:2171} INFO - Starting attempt 1 of 6
[2024-02-14T10:13:54.013+0000] {taskinstance.py:2192} INFO - Executing <Task(PythonOperator): greet_fn> on 2024-02-09 00:00:00+00:00
[2024-02-14T10:13:54.017+0000] {standard_task_runner.py:60} INFO - Started process 42564 to run task
[2024-02-14T10:13:54.023+0000] {standard_task_runner.py:87} INFO - Running: ['airflow', 'tasks', 'run', 'python_operator_dag_v1', 'greet_fn', 'scheduled__2024-02-09T00:00:00+00:00', '--job-id', '178', '--raw', '--subdir', 'DAGS_FOLDER/python_operator_dag.py', '--cfg-path', '/tmp/tmpt6wvgute']
[2024-02-14T10:13:54.025+0000] {standard_task_runner.py:88} INFO - Job 178: Subtask greet_fn
[2024-02-14T10:13:54.076+0000] {task_command.py:423} INFO - Running <TaskInstance: python_operator_dag_v1.greet_fn scheduled__2024-02-09T00:00:00+00:00 [running]> on host codespaces-57ffd0
[2024-02-14T10:13:54.178+0000] {taskinstance.py:2481} INFO - Exporting env vars: AIRFLOW_CTX_DAG_OWNER='raghu' AIRFLOW_CTX_DAG_ID='python_operator_dag_v1' AIRFLOW_CTX_TASK_ID='greet_fn' AIRFLOW_CTX_EXECUTION_DATE='2024-02-09T00:00:00+00:00' AIRFLOW_CTX_TRY_NUMBER='1' AIRFLOW_CTX_DAG_RUN_ID='scheduled__2024-02-09T00:00:00+00:00'
[2024-02-14T10:13:54.179+0000] {logging_mixin.py:188} INFO - Python Operator
[2024-02-14T10:13:54.179+0000] {python.py:201} INFO - Done. Returned value was: None
[2024-02-14T10:13:54.183+0000] {taskinstance.py:1138} INFO - Marking task as SUCCESS. dag_id=python_operator_dag_v1, task_id=greet_fn, execution_date=20240209T000000, start_date=20240214T101353, end_date=20240214T101354
[2024-02-14T10:13:54.233+0000] {local_task_job_runner.py:234} INFO - Task exited with return code 0
[2024-02-14T10:13:54.243+0000] {taskinstance.py:3281} INFO - 0 downstream tasks scheduled from follow-on schedule check
[2024-02-14T10:16:05.640+0000] {taskinstance.py:1957} INFO - Dependencies all met for dep_context=non-requeueable deps ti=<TaskInstance: python_operator_dag_v1.greet_fn scheduled__2024-02-09T00:00:00+00:00 [queued]>
[2024-02-14T10:16:05.645+0000] {taskinstance.py:1957} INFO - Dependencies all met for dep_context=requeueable deps ti=<TaskInstance: python_operator_dag_v1.greet_fn scheduled__2024-02-09T00:00:00+00:00 [queued]>
[2024-02-14T10:16:05.645+0000] {taskinstance.py:2171} INFO - Starting attempt 1 of 6
[2024-02-14T10:16:05.686+0000] {taskinstance.py:2192} INFO - Executing <Task(PythonOperator): greet_fn> on 2024-02-09 00:00:00+00:00
[2024-02-14T10:16:05.690+0000] {standard_task_runner.py:60} INFO - Started process 44097 to run task
[2024-02-14T10:16:05.693+0000] {standard_task_runner.py:87} INFO - Running: ['airflow', 'tasks', 'run', 'python_operator_dag_v1', 'greet_fn', 'scheduled__2024-02-09T00:00:00+00:00', '--job-id', '177', '--raw', '--subdir', 'DAGS_FOLDER/python_operator_dag.py', '--cfg-path', '/tmp/tmpc2obrow7']
[2024-02-14T10:16:05.694+0000] {standard_task_runner.py:88} INFO - Job 177: Subtask greet_fn
[2024-02-14T10:16:05.752+0000] {task_command.py:423} INFO - Running <TaskInstance: python_operator_dag_v1.greet_fn scheduled__2024-02-09T00:00:00+00:00 [running]> on host codespaces-57ffd0
[2024-02-14T10:16:05.868+0000] {taskinstance.py:2481} INFO - Exporting env vars: AIRFLOW_CTX_DAG_OWNER='raghu' AIRFLOW_CTX_DAG_ID='python_operator_dag_v1' AIRFLOW_CTX_TASK_ID='greet_fn' AIRFLOW_CTX_EXECUTION_DATE='2024-02-09T00:00:00+00:00' AIRFLOW_CTX_TRY_NUMBER='1' AIRFLOW_CTX_DAG_RUN_ID='scheduled__2024-02-09T00:00:00+00:00'
[2024-02-14T10:16:05.869+0000] {logging_mixin.py:188} INFO - My name is Raghu and I am 22 years old
[2024-02-14T10:16:05.869+0000] {python.py:201} INFO - Done. Returned value was: None
[2024-02-14T10:16:05.875+0000] {taskinstance.py:1138} INFO - Marking task as SUCCESS. dag_id=python_operator_dag_v1, task_id=greet_fn, execution_date=20240209T000000, start_date=20240214T101605, end_date=20240214T101605
[2024-02-14T10:16:05.945+0000] {local_task_job_runner.py:234} INFO - Task exited with return code 0
[2024-02-14T10:16:05.959+0000] {taskinstance.py:3281} INFO - 0 downstream tasks scheduled from follow-on schedule check
