[2024-02-14T10:30:06.699+0000] {processor.py:161} INFO - Started process (PID=49532) to work on /workspaces/airflow_sandbox/airflow/dags/dag_with_xcoms.py
[2024-02-14T10:30:06.700+0000] {processor.py:830} INFO - Processing file /workspaces/airflow_sandbox/airflow/dags/dag_with_xcoms.py for tasks to queue
[2024-02-14T10:30:06.701+0000] {logging_mixin.py:188} INFO - [2024-02-14T10:30:06.700+0000] {dagbag.py:538} INFO - Filling up the DagBag from /workspaces/airflow_sandbox/airflow/dags/dag_with_xcoms.py
[2024-02-14T10:30:06.703+0000] {logging_mixin.py:188} INFO - [2024-02-14T10:30:06.702+0000] {dagbag.py:348} ERROR - Failed to import: /workspaces/airflow_sandbox/airflow/dags/dag_with_xcoms.py
Traceback (most recent call last):
  File "/home/codespace/.local/share/virtualenvs/airflow_sandbox-vp-HKq_L/lib/python3.10/site-packages/airflow/models/dagbag.py", line 344, in parse
    loader.exec_module(new_module)
  File "<frozen importlib._bootstrap_external>", line 879, in exec_module
  File "<frozen importlib._bootstrap_external>", line 1017, in get_code
  File "<frozen importlib._bootstrap_external>", line 947, in source_to_code
  File "<frozen importlib._bootstrap>", line 241, in _call_with_frames_removed
  File "/workspaces/airflow_sandbox/airflow/dags/dag_with_xcoms.py", line 6
    name = ti.xcom_pull(task_ids=["get_name"])["name"])
                                                      ^
SyntaxError: unmatched ')'
[2024-02-14T10:30:06.703+0000] {processor.py:842} WARNING - No viable dags retrieved from /workspaces/airflow_sandbox/airflow/dags/dag_with_xcoms.py
[2024-02-14T10:30:06.744+0000] {processor.py:183} INFO - Processing /workspaces/airflow_sandbox/airflow/dags/dag_with_xcoms.py took 0.047 seconds
[2024-02-14T10:30:07.846+0000] {processor.py:161} INFO - Started process (PID=49537) to work on /workspaces/airflow_sandbox/airflow/dags/dag_with_xcoms.py
[2024-02-14T10:30:07.847+0000] {processor.py:830} INFO - Processing file /workspaces/airflow_sandbox/airflow/dags/dag_with_xcoms.py for tasks to queue
[2024-02-14T10:30:07.848+0000] {logging_mixin.py:188} INFO - [2024-02-14T10:30:07.848+0000] {dagbag.py:538} INFO - Filling up the DagBag from /workspaces/airflow_sandbox/airflow/dags/dag_with_xcoms.py
[2024-02-14T10:30:07.852+0000] {logging_mixin.py:188} INFO - [2024-02-14T10:30:07.851+0000] {dagbag.py:348} ERROR - Failed to import: /workspaces/airflow_sandbox/airflow/dags/dag_with_xcoms.py
Traceback (most recent call last):
  File "/home/codespace/.local/share/virtualenvs/airflow_sandbox-vp-HKq_L/lib/python3.10/site-packages/airflow/models/dagbag.py", line 344, in parse
    loader.exec_module(new_module)
  File "<frozen importlib._bootstrap_external>", line 879, in exec_module
  File "<frozen importlib._bootstrap_external>", line 1017, in get_code
  File "<frozen importlib._bootstrap_external>", line 947, in source_to_code
  File "<frozen importlib._bootstrap>", line 241, in _call_with_frames_removed
  File "/workspaces/airflow_sandbox/airflow/dags/dag_with_xcoms.py", line 6
    name = ti.xcom_pull(task_ids=["get_name"])["name"])
                                                      ^
SyntaxError: unmatched ')'
[2024-02-14T10:30:07.852+0000] {processor.py:842} WARNING - No viable dags retrieved from /workspaces/airflow_sandbox/airflow/dags/dag_with_xcoms.py
[2024-02-14T10:30:07.898+0000] {processor.py:183} INFO - Processing /workspaces/airflow_sandbox/airflow/dags/dag_with_xcoms.py took 0.055 seconds
[2024-02-14T10:30:10.992+0000] {processor.py:161} INFO - Started process (PID=49608) to work on /workspaces/airflow_sandbox/airflow/dags/dag_with_xcoms.py
[2024-02-14T10:30:10.993+0000] {processor.py:830} INFO - Processing file /workspaces/airflow_sandbox/airflow/dags/dag_with_xcoms.py for tasks to queue
[2024-02-14T10:30:10.994+0000] {logging_mixin.py:188} INFO - [2024-02-14T10:30:10.993+0000] {dagbag.py:538} INFO - Filling up the DagBag from /workspaces/airflow_sandbox/airflow/dags/dag_with_xcoms.py
[2024-02-14T10:30:10.997+0000] {logging_mixin.py:188} INFO - [2024-02-14T10:30:10.995+0000] {dagbag.py:348} ERROR - Failed to import: /workspaces/airflow_sandbox/airflow/dags/dag_with_xcoms.py
Traceback (most recent call last):
  File "/home/codespace/.local/share/virtualenvs/airflow_sandbox-vp-HKq_L/lib/python3.10/site-packages/airflow/models/dagbag.py", line 344, in parse
    loader.exec_module(new_module)
  File "<frozen importlib._bootstrap_external>", line 879, in exec_module
  File "<frozen importlib._bootstrap_external>", line 1017, in get_code
  File "<frozen importlib._bootstrap_external>", line 947, in source_to_code
  File "<frozen importlib._bootstrap>", line 241, in _call_with_frames_removed
  File "/workspaces/airflow_sandbox/airflow/dags/dag_with_xcoms.py", line 6
    name = ti.xcom_pull(task_ids=["get_name"])["name"])
                                                      ^
SyntaxError: unmatched ')'
[2024-02-14T10:30:10.997+0000] {processor.py:842} WARNING - No viable dags retrieved from /workspaces/airflow_sandbox/airflow/dags/dag_with_xcoms.py
[2024-02-14T10:30:11.035+0000] {processor.py:183} INFO - Processing /workspaces/airflow_sandbox/airflow/dags/dag_with_xcoms.py took 0.045 seconds
[2024-02-14T10:30:14.192+0000] {processor.py:161} INFO - Started process (PID=49618) to work on /workspaces/airflow_sandbox/airflow/dags/dag_with_xcoms.py
[2024-02-14T10:30:14.192+0000] {processor.py:830} INFO - Processing file /workspaces/airflow_sandbox/airflow/dags/dag_with_xcoms.py for tasks to queue
[2024-02-14T10:30:14.193+0000] {logging_mixin.py:188} INFO - [2024-02-14T10:30:14.193+0000] {dagbag.py:538} INFO - Filling up the DagBag from /workspaces/airflow_sandbox/airflow/dags/dag_with_xcoms.py
[2024-02-14T10:30:14.196+0000] {logging_mixin.py:188} INFO - [2024-02-14T10:30:14.195+0000] {dagbag.py:348} ERROR - Failed to import: /workspaces/airflow_sandbox/airflow/dags/dag_with_xcoms.py
Traceback (most recent call last):
  File "/home/codespace/.local/share/virtualenvs/airflow_sandbox-vp-HKq_L/lib/python3.10/site-packages/airflow/models/dagbag.py", line 344, in parse
    loader.exec_module(new_module)
  File "<frozen importlib._bootstrap_external>", line 879, in exec_module
  File "<frozen importlib._bootstrap_external>", line 1017, in get_code
  File "<frozen importlib._bootstrap_external>", line 947, in source_to_code
  File "<frozen importlib._bootstrap>", line 241, in _call_with_frames_removed
  File "/workspaces/airflow_sandbox/airflow/dags/dag_with_xcoms.py", line 6
    name = ti.xcom_pull(task_ids=["get_name"])["name"])
                                                      ^
SyntaxError: unmatched ')'
[2024-02-14T10:30:14.196+0000] {processor.py:842} WARNING - No viable dags retrieved from /workspaces/airflow_sandbox/airflow/dags/dag_with_xcoms.py
[2024-02-14T10:30:14.259+0000] {processor.py:183} INFO - Processing /workspaces/airflow_sandbox/airflow/dags/dag_with_xcoms.py took 0.070 seconds
[2024-02-14T10:30:44.668+0000] {processor.py:161} INFO - Started process (PID=49797) to work on /workspaces/airflow_sandbox/airflow/dags/dag_with_xcoms.py
[2024-02-14T10:30:44.669+0000] {processor.py:830} INFO - Processing file /workspaces/airflow_sandbox/airflow/dags/dag_with_xcoms.py for tasks to queue
[2024-02-14T10:30:44.670+0000] {logging_mixin.py:188} INFO - [2024-02-14T10:30:44.670+0000] {dagbag.py:538} INFO - Filling up the DagBag from /workspaces/airflow_sandbox/airflow/dags/dag_with_xcoms.py
[2024-02-14T10:30:44.674+0000] {logging_mixin.py:188} INFO - [2024-02-14T10:30:44.673+0000] {dagbag.py:348} ERROR - Failed to import: /workspaces/airflow_sandbox/airflow/dags/dag_with_xcoms.py
Traceback (most recent call last):
  File "/home/codespace/.local/share/virtualenvs/airflow_sandbox-vp-HKq_L/lib/python3.10/site-packages/airflow/models/dagbag.py", line 344, in parse
    loader.exec_module(new_module)
  File "<frozen importlib._bootstrap_external>", line 879, in exec_module
  File "<frozen importlib._bootstrap_external>", line 1017, in get_code
  File "<frozen importlib._bootstrap_external>", line 947, in source_to_code
  File "<frozen importlib._bootstrap>", line 241, in _call_with_frames_removed
  File "/workspaces/airflow_sandbox/airflow/dags/dag_with_xcoms.py", line 6
    name = ti.xcom_pull(task_ids=["get_name"])["name"])
                                                      ^
SyntaxError: unmatched ')'
[2024-02-14T10:30:44.674+0000] {processor.py:842} WARNING - No viable dags retrieved from /workspaces/airflow_sandbox/airflow/dags/dag_with_xcoms.py
[2024-02-14T10:30:44.715+0000] {processor.py:183} INFO - Processing /workspaces/airflow_sandbox/airflow/dags/dag_with_xcoms.py took 0.050 seconds
[2024-02-14T10:30:51.618+0000] {processor.py:161} INFO - Started process (PID=49842) to work on /workspaces/airflow_sandbox/airflow/dags/dag_with_xcoms.py
[2024-02-14T10:30:51.620+0000] {processor.py:830} INFO - Processing file /workspaces/airflow_sandbox/airflow/dags/dag_with_xcoms.py for tasks to queue
[2024-02-14T10:30:51.621+0000] {logging_mixin.py:188} INFO - [2024-02-14T10:30:51.621+0000] {dagbag.py:538} INFO - Filling up the DagBag from /workspaces/airflow_sandbox/airflow/dags/dag_with_xcoms.py
[2024-02-14T10:30:51.633+0000] {logging_mixin.py:188} INFO - [2024-02-14T10:30:51.624+0000] {dagbag.py:348} ERROR - Failed to import: /workspaces/airflow_sandbox/airflow/dags/dag_with_xcoms.py
Traceback (most recent call last):
  File "/home/codespace/.local/share/virtualenvs/airflow_sandbox-vp-HKq_L/lib/python3.10/site-packages/airflow/models/dagbag.py", line 344, in parse
    loader.exec_module(new_module)
  File "<frozen importlib._bootstrap_external>", line 879, in exec_module
  File "<frozen importlib._bootstrap_external>", line 1017, in get_code
  File "<frozen importlib._bootstrap_external>", line 947, in source_to_code
  File "<frozen importlib._bootstrap>", line 241, in _call_with_frames_removed
  File "/workspaces/airflow_sandbox/airflow/dags/dag_with_xcoms.py", line 6
    name = ti.xcoms_pull(task_ids=["get_name"])["name"])
                                                       ^
SyntaxError: unmatched ')'
[2024-02-14T10:30:51.633+0000] {processor.py:842} WARNING - No viable dags retrieved from /workspaces/airflow_sandbox/airflow/dags/dag_with_xcoms.py
[2024-02-14T10:30:51.700+0000] {processor.py:183} INFO - Processing /workspaces/airflow_sandbox/airflow/dags/dag_with_xcoms.py took 0.090 seconds
[2024-02-14T10:30:52.843+0000] {processor.py:161} INFO - Started process (PID=49846) to work on /workspaces/airflow_sandbox/airflow/dags/dag_with_xcoms.py
[2024-02-14T10:30:52.844+0000] {processor.py:830} INFO - Processing file /workspaces/airflow_sandbox/airflow/dags/dag_with_xcoms.py for tasks to queue
[2024-02-14T10:30:52.844+0000] {logging_mixin.py:188} INFO - [2024-02-14T10:30:52.844+0000] {dagbag.py:538} INFO - Filling up the DagBag from /workspaces/airflow_sandbox/airflow/dags/dag_with_xcoms.py
[2024-02-14T10:30:52.847+0000] {logging_mixin.py:188} INFO - [2024-02-14T10:30:52.846+0000] {dagbag.py:348} ERROR - Failed to import: /workspaces/airflow_sandbox/airflow/dags/dag_with_xcoms.py
Traceback (most recent call last):
  File "/home/codespace/.local/share/virtualenvs/airflow_sandbox-vp-HKq_L/lib/python3.10/site-packages/airflow/models/dagbag.py", line 344, in parse
    loader.exec_module(new_module)
  File "<frozen importlib._bootstrap_external>", line 879, in exec_module
  File "<frozen importlib._bootstrap_external>", line 1017, in get_code
  File "<frozen importlib._bootstrap_external>", line 947, in source_to_code
  File "<frozen importlib._bootstrap>", line 241, in _call_with_frames_removed
  File "/workspaces/airflow_sandbox/airflow/dags/dag_with_xcoms.py", line 6
    name = ti.xcom_pull(task_ids=["get_name"])["name"])
                                                      ^
SyntaxError: unmatched ')'
[2024-02-14T10:30:52.847+0000] {processor.py:842} WARNING - No viable dags retrieved from /workspaces/airflow_sandbox/airflow/dags/dag_with_xcoms.py
[2024-02-14T10:30:52.888+0000] {processor.py:183} INFO - Processing /workspaces/airflow_sandbox/airflow/dags/dag_with_xcoms.py took 0.047 seconds
[2024-02-14T10:31:23.019+0000] {processor.py:161} INFO - Started process (PID=50018) to work on /workspaces/airflow_sandbox/airflow/dags/dag_with_xcoms.py
[2024-02-14T10:31:23.020+0000] {processor.py:830} INFO - Processing file /workspaces/airflow_sandbox/airflow/dags/dag_with_xcoms.py for tasks to queue
[2024-02-14T10:31:23.021+0000] {logging_mixin.py:188} INFO - [2024-02-14T10:31:23.020+0000] {dagbag.py:538} INFO - Filling up the DagBag from /workspaces/airflow_sandbox/airflow/dags/dag_with_xcoms.py
[2024-02-14T10:31:23.024+0000] {logging_mixin.py:188} INFO - [2024-02-14T10:31:23.023+0000] {dagbag.py:348} ERROR - Failed to import: /workspaces/airflow_sandbox/airflow/dags/dag_with_xcoms.py
Traceback (most recent call last):
  File "/home/codespace/.local/share/virtualenvs/airflow_sandbox-vp-HKq_L/lib/python3.10/site-packages/airflow/models/dagbag.py", line 344, in parse
    loader.exec_module(new_module)
  File "<frozen importlib._bootstrap_external>", line 879, in exec_module
  File "<frozen importlib._bootstrap_external>", line 1017, in get_code
  File "<frozen importlib._bootstrap_external>", line 947, in source_to_code
  File "<frozen importlib._bootstrap>", line 241, in _call_with_frames_removed
  File "/workspaces/airflow_sandbox/airflow/dags/dag_with_xcoms.py", line 6
    name = ti.xcom_pull(task_ids=["get_name"])["name"])
                                                      ^
SyntaxError: unmatched ')'
[2024-02-14T10:31:23.024+0000] {processor.py:842} WARNING - No viable dags retrieved from /workspaces/airflow_sandbox/airflow/dags/dag_with_xcoms.py
[2024-02-14T10:31:23.064+0000] {processor.py:183} INFO - Processing /workspaces/airflow_sandbox/airflow/dags/dag_with_xcoms.py took 0.047 seconds
[2024-02-14T10:31:25.297+0000] {processor.py:161} INFO - Started process (PID=50027) to work on /workspaces/airflow_sandbox/airflow/dags/dag_with_xcoms.py
[2024-02-14T10:31:25.298+0000] {processor.py:830} INFO - Processing file /workspaces/airflow_sandbox/airflow/dags/dag_with_xcoms.py for tasks to queue
[2024-02-14T10:31:25.299+0000] {logging_mixin.py:188} INFO - [2024-02-14T10:31:25.299+0000] {dagbag.py:538} INFO - Filling up the DagBag from /workspaces/airflow_sandbox/airflow/dags/dag_with_xcoms.py
[2024-02-14T10:31:25.305+0000] {logging_mixin.py:188} INFO - [2024-02-14T10:31:25.304+0000] {dagbag.py:348} ERROR - Failed to import: /workspaces/airflow_sandbox/airflow/dags/dag_with_xcoms.py
Traceback (most recent call last):
  File "/home/codespace/.local/share/virtualenvs/airflow_sandbox-vp-HKq_L/lib/python3.10/site-packages/airflow/models/dagbag.py", line 344, in parse
    loader.exec_module(new_module)
  File "<frozen importlib._bootstrap_external>", line 879, in exec_module
  File "<frozen importlib._bootstrap_external>", line 1017, in get_code
  File "<frozen importlib._bootstrap_external>", line 947, in source_to_code
  File "<frozen importlib._bootstrap>", line 241, in _call_with_frames_removed
  File "/workspaces/airflow_sandbox/airflow/dags/dag_with_xcoms.py", line 6
    name = ti.xcom_pull(task_ids=["get_name"])["name"])
                                                      ^
SyntaxError: unmatched ')'
[2024-02-14T10:31:25.306+0000] {processor.py:842} WARNING - No viable dags retrieved from /workspaces/airflow_sandbox/airflow/dags/dag_with_xcoms.py
[2024-02-14T10:31:25.353+0000] {processor.py:183} INFO - Processing /workspaces/airflow_sandbox/airflow/dags/dag_with_xcoms.py took 0.059 seconds
[2024-02-14T10:31:29.189+0000] {processor.py:161} INFO - Started process (PID=50049) to work on /workspaces/airflow_sandbox/airflow/dags/dag_with_xcoms.py
[2024-02-14T10:31:29.189+0000] {processor.py:830} INFO - Processing file /workspaces/airflow_sandbox/airflow/dags/dag_with_xcoms.py for tasks to queue
[2024-02-14T10:31:29.190+0000] {logging_mixin.py:188} INFO - [2024-02-14T10:31:29.190+0000] {dagbag.py:538} INFO - Filling up the DagBag from /workspaces/airflow_sandbox/airflow/dags/dag_with_xcoms.py
[2024-02-14T10:31:29.192+0000] {logging_mixin.py:188} INFO - [2024-02-14T10:31:29.192+0000] {dagbag.py:348} ERROR - Failed to import: /workspaces/airflow_sandbox/airflow/dags/dag_with_xcoms.py
Traceback (most recent call last):
  File "/home/codespace/.local/share/virtualenvs/airflow_sandbox-vp-HKq_L/lib/python3.10/site-packages/airflow/models/dagbag.py", line 344, in parse
    loader.exec_module(new_module)
  File "<frozen importlib._bootstrap_external>", line 879, in exec_module
  File "<frozen importlib._bootstrap_external>", line 1017, in get_code
  File "<frozen importlib._bootstrap_external>", line 947, in source_to_code
  File "<frozen importlib._bootstrap>", line 241, in _call_with_frames_removed
  File "/workspaces/airflow_sandbox/airflow/dags/dag_with_xcoms.py", line 6
    name = ti.xcom_pull(task_ids=["get_name"])["name"])
                                                      ^
SyntaxError: unmatched ')'
[2024-02-14T10:31:29.193+0000] {processor.py:842} WARNING - No viable dags retrieved from /workspaces/airflow_sandbox/airflow/dags/dag_with_xcoms.py
[2024-02-14T10:31:29.241+0000] {processor.py:183} INFO - Processing /workspaces/airflow_sandbox/airflow/dags/dag_with_xcoms.py took 0.054 seconds
[2024-02-14T10:31:37.259+0000] {processor.py:161} INFO - Started process (PID=50101) to work on /workspaces/airflow_sandbox/airflow/dags/dag_with_xcoms.py
[2024-02-14T10:31:37.260+0000] {processor.py:830} INFO - Processing file /workspaces/airflow_sandbox/airflow/dags/dag_with_xcoms.py for tasks to queue
[2024-02-14T10:31:37.261+0000] {logging_mixin.py:188} INFO - [2024-02-14T10:31:37.261+0000] {dagbag.py:538} INFO - Filling up the DagBag from /workspaces/airflow_sandbox/airflow/dags/dag_with_xcoms.py
[2024-02-14T10:31:37.264+0000] {logging_mixin.py:188} INFO - [2024-02-14T10:31:37.263+0000] {dagbag.py:348} ERROR - Failed to import: /workspaces/airflow_sandbox/airflow/dags/dag_with_xcoms.py
Traceback (most recent call last):
  File "/home/codespace/.local/share/virtualenvs/airflow_sandbox-vp-HKq_L/lib/python3.10/site-packages/airflow/models/dagbag.py", line 344, in parse
    loader.exec_module(new_module)
  File "<frozen importlib._bootstrap_external>", line 879, in exec_module
  File "<frozen importlib._bootstrap_external>", line 1017, in get_code
  File "<frozen importlib._bootstrap_external>", line 947, in source_to_code
  File "<frozen importlib._bootstrap>", line 241, in _call_with_frames_removed
  File "/workspaces/airflow_sandbox/airflow/dags/dag_with_xcoms.py", line 7
    age = ti.xcom_pull(task_ids=["get_age"])["age"])
                                                   ^
SyntaxError: unmatched ')'
[2024-02-14T10:31:37.265+0000] {processor.py:842} WARNING - No viable dags retrieved from /workspaces/airflow_sandbox/airflow/dags/dag_with_xcoms.py
[2024-02-14T10:31:37.308+0000] {processor.py:183} INFO - Processing /workspaces/airflow_sandbox/airflow/dags/dag_with_xcoms.py took 0.052 seconds
[2024-02-14T10:31:49.393+0000] {processor.py:161} INFO - Started process (PID=50174) to work on /workspaces/airflow_sandbox/airflow/dags/dag_with_xcoms.py
[2024-02-14T10:31:49.394+0000] {processor.py:830} INFO - Processing file /workspaces/airflow_sandbox/airflow/dags/dag_with_xcoms.py for tasks to queue
[2024-02-14T10:31:49.395+0000] {logging_mixin.py:188} INFO - [2024-02-14T10:31:49.394+0000] {dagbag.py:538} INFO - Filling up the DagBag from /workspaces/airflow_sandbox/airflow/dags/dag_with_xcoms.py
[2024-02-14T10:31:49.397+0000] {logging_mixin.py:188} INFO - [2024-02-14T10:31:49.396+0000] {dagbag.py:348} ERROR - Failed to import: /workspaces/airflow_sandbox/airflow/dags/dag_with_xcoms.py
Traceback (most recent call last):
  File "/home/codespace/.local/share/virtualenvs/airflow_sandbox-vp-HKq_L/lib/python3.10/site-packages/airflow/models/dagbag.py", line 344, in parse
    loader.exec_module(new_module)
  File "<frozen importlib._bootstrap_external>", line 879, in exec_module
  File "<frozen importlib._bootstrap_external>", line 1017, in get_code
  File "<frozen importlib._bootstrap_external>", line 947, in source_to_code
  File "<frozen importlib._bootstrap>", line 241, in _call_with_frames_removed
  File "/workspaces/airflow_sandbox/airflow/dags/dag_with_xcoms.py", line 7
    age = ti.xcom_pull(task_ids=["get_age"])["age"])
        ^
SyntaxError: invalid syntax
[2024-02-14T10:31:49.397+0000] {processor.py:842} WARNING - No viable dags retrieved from /workspaces/airflow_sandbox/airflow/dags/dag_with_xcoms.py
[2024-02-14T10:31:49.435+0000] {processor.py:183} INFO - Processing /workspaces/airflow_sandbox/airflow/dags/dag_with_xcoms.py took 0.044 seconds
[2024-02-14T10:31:53.420+0000] {processor.py:161} INFO - Started process (PID=50209) to work on /workspaces/airflow_sandbox/airflow/dags/dag_with_xcoms.py
[2024-02-14T10:31:53.421+0000] {processor.py:830} INFO - Processing file /workspaces/airflow_sandbox/airflow/dags/dag_with_xcoms.py for tasks to queue
[2024-02-14T10:31:53.422+0000] {logging_mixin.py:188} INFO - [2024-02-14T10:31:53.421+0000] {dagbag.py:538} INFO - Filling up the DagBag from /workspaces/airflow_sandbox/airflow/dags/dag_with_xcoms.py
[2024-02-14T10:31:53.425+0000] {logging_mixin.py:188} INFO - [2024-02-14T10:31:53.424+0000] {dagbag.py:348} ERROR - Failed to import: /workspaces/airflow_sandbox/airflow/dags/dag_with_xcoms.py
Traceback (most recent call last):
  File "/home/codespace/.local/share/virtualenvs/airflow_sandbox-vp-HKq_L/lib/python3.10/site-packages/airflow/models/dagbag.py", line 344, in parse
    loader.exec_module(new_module)
  File "<frozen importlib._bootstrap_external>", line 879, in exec_module
  File "<frozen importlib._bootstrap_external>", line 1017, in get_code
  File "<frozen importlib._bootstrap_external>", line 947, in source_to_code
  File "<frozen importlib._bootstrap>", line 241, in _call_with_frames_removed
  File "/workspaces/airflow_sandbox/airflow/dags/dag_with_xcoms.py", line 6
    name = ti.xcom_pull(task_id = "get_name"
                                  
SyntaxError: invalid syntax. Perhaps you forgot a comma?
[2024-02-14T10:31:53.426+0000] {processor.py:842} WARNING - No viable dags retrieved from /workspaces/airflow_sandbox/airflow/dags/dag_with_xcoms.py
[2024-02-14T10:31:53.468+0000] {processor.py:183} INFO - Processing /workspaces/airflow_sandbox/airflow/dags/dag_with_xcoms.py took 0.052 seconds
[2024-02-14T10:32:00.568+0000] {processor.py:161} INFO - Started process (PID=50246) to work on /workspaces/airflow_sandbox/airflow/dags/dag_with_xcoms.py
[2024-02-14T10:32:00.569+0000] {processor.py:830} INFO - Processing file /workspaces/airflow_sandbox/airflow/dags/dag_with_xcoms.py for tasks to queue
[2024-02-14T10:32:00.570+0000] {logging_mixin.py:188} INFO - [2024-02-14T10:32:00.570+0000] {dagbag.py:538} INFO - Filling up the DagBag from /workspaces/airflow_sandbox/airflow/dags/dag_with_xcoms.py
[2024-02-14T10:32:00.574+0000] {logging_mixin.py:188} INFO - [2024-02-14T10:32:00.573+0000] {dagbag.py:348} ERROR - Failed to import: /workspaces/airflow_sandbox/airflow/dags/dag_with_xcoms.py
Traceback (most recent call last):
  File "/home/codespace/.local/share/virtualenvs/airflow_sandbox-vp-HKq_L/lib/python3.10/site-packages/airflow/models/dagbag.py", line 344, in parse
    loader.exec_module(new_module)
  File "<frozen importlib._bootstrap_external>", line 879, in exec_module
  File "<frozen importlib._bootstrap_external>", line 1017, in get_code
  File "<frozen importlib._bootstrap_external>", line 947, in source_to_code
  File "<frozen importlib._bootstrap>", line 241, in _call_with_frames_removed
  File "/workspaces/airflow_sandbox/airflow/dags/dag_with_xcoms.py", line 7
    age = ti.xcom_pull(task_ids=["get_age"])["age"])
                                                   ^
SyntaxError: unmatched ')'
[2024-02-14T10:32:00.574+0000] {processor.py:842} WARNING - No viable dags retrieved from /workspaces/airflow_sandbox/airflow/dags/dag_with_xcoms.py
[2024-02-14T10:32:00.613+0000] {processor.py:183} INFO - Processing /workspaces/airflow_sandbox/airflow/dags/dag_with_xcoms.py took 0.048 seconds
[2024-02-14T10:32:06.513+0000] {processor.py:161} INFO - Started process (PID=50290) to work on /workspaces/airflow_sandbox/airflow/dags/dag_with_xcoms.py
[2024-02-14T10:32:06.514+0000] {processor.py:830} INFO - Processing file /workspaces/airflow_sandbox/airflow/dags/dag_with_xcoms.py for tasks to queue
[2024-02-14T10:32:06.514+0000] {logging_mixin.py:188} INFO - [2024-02-14T10:32:06.514+0000] {dagbag.py:538} INFO - Filling up the DagBag from /workspaces/airflow_sandbox/airflow/dags/dag_with_xcoms.py
[2024-02-14T10:32:06.522+0000] {logging_mixin.py:188} INFO - [2024-02-14T10:32:06.521+0000] {dagbag.py:348} ERROR - Failed to import: /workspaces/airflow_sandbox/airflow/dags/dag_with_xcoms.py
Traceback (most recent call last):
  File "/home/codespace/.local/share/virtualenvs/airflow_sandbox-vp-HKq_L/lib/python3.10/site-packages/airflow/models/dagbag.py", line 344, in parse
    loader.exec_module(new_module)
  File "<frozen importlib._bootstrap_external>", line 883, in exec_module
  File "<frozen importlib._bootstrap>", line 241, in _call_with_frames_removed
  File "/workspaces/airflow_sandbox/airflow/dags/dag_with_xcoms.py", line 35, in <module>
    task_3 = PythonOperator(
  File "/home/codespace/.local/share/virtualenvs/airflow_sandbox-vp-HKq_L/lib/python3.10/site-packages/airflow/models/baseoperator.py", line 437, in apply_defaults
    result = func(self, **kwargs, default_args=default_args)
  File "/home/codespace/.local/share/virtualenvs/airflow_sandbox-vp-HKq_L/lib/python3.10/site-packages/airflow/operators/python.py", line 184, in __init__
    super().__init__(**kwargs)
  File "/home/codespace/.local/share/virtualenvs/airflow_sandbox-vp-HKq_L/lib/python3.10/site-packages/airflow/models/baseoperator.py", line 437, in apply_defaults
    result = func(self, **kwargs, default_args=default_args)
  File "/home/codespace/.local/share/virtualenvs/airflow_sandbox-vp-HKq_L/lib/python3.10/site-packages/airflow/models/baseoperator.py", line 816, in __init__
    task_group.add(self)
  File "/home/codespace/.local/share/virtualenvs/airflow_sandbox-vp-HKq_L/lib/python3.10/site-packages/airflow/utils/task_group.py", line 231, in add
    raise DuplicateTaskIdFound(f"{node_type} id '{key}' has already been added to the DAG")
airflow.exceptions.DuplicateTaskIdFound: Task id 'greet_fn' has already been added to the DAG
[2024-02-14T10:32:06.522+0000] {processor.py:842} WARNING - No viable dags retrieved from /workspaces/airflow_sandbox/airflow/dags/dag_with_xcoms.py
[2024-02-14T10:32:06.565+0000] {processor.py:183} INFO - Processing /workspaces/airflow_sandbox/airflow/dags/dag_with_xcoms.py took 0.054 seconds
[2024-02-14T10:32:10.841+0000] {processor.py:161} INFO - Started process (PID=50310) to work on /workspaces/airflow_sandbox/airflow/dags/dag_with_xcoms.py
[2024-02-14T10:32:10.841+0000] {processor.py:830} INFO - Processing file /workspaces/airflow_sandbox/airflow/dags/dag_with_xcoms.py for tasks to queue
[2024-02-14T10:32:10.842+0000] {logging_mixin.py:188} INFO - [2024-02-14T10:32:10.842+0000] {dagbag.py:538} INFO - Filling up the DagBag from /workspaces/airflow_sandbox/airflow/dags/dag_with_xcoms.py
[2024-02-14T10:32:10.850+0000] {logging_mixin.py:188} INFO - [2024-02-14T10:32:10.848+0000] {dagbag.py:348} ERROR - Failed to import: /workspaces/airflow_sandbox/airflow/dags/dag_with_xcoms.py
Traceback (most recent call last):
  File "/home/codespace/.local/share/virtualenvs/airflow_sandbox-vp-HKq_L/lib/python3.10/site-packages/airflow/models/dagbag.py", line 344, in parse
    loader.exec_module(new_module)
  File "<frozen importlib._bootstrap_external>", line 883, in exec_module
  File "<frozen importlib._bootstrap>", line 241, in _call_with_frames_removed
  File "/workspaces/airflow_sandbox/airflow/dags/dag_with_xcoms.py", line 35, in <module>
    task_3 = PythonOperator(
  File "/home/codespace/.local/share/virtualenvs/airflow_sandbox-vp-HKq_L/lib/python3.10/site-packages/airflow/models/baseoperator.py", line 437, in apply_defaults
    result = func(self, **kwargs, default_args=default_args)
  File "/home/codespace/.local/share/virtualenvs/airflow_sandbox-vp-HKq_L/lib/python3.10/site-packages/airflow/operators/python.py", line 184, in __init__
    super().__init__(**kwargs)
  File "/home/codespace/.local/share/virtualenvs/airflow_sandbox-vp-HKq_L/lib/python3.10/site-packages/airflow/models/baseoperator.py", line 437, in apply_defaults
    result = func(self, **kwargs, default_args=default_args)
  File "/home/codespace/.local/share/virtualenvs/airflow_sandbox-vp-HKq_L/lib/python3.10/site-packages/airflow/models/baseoperator.py", line 816, in __init__
    task_group.add(self)
  File "/home/codespace/.local/share/virtualenvs/airflow_sandbox-vp-HKq_L/lib/python3.10/site-packages/airflow/utils/task_group.py", line 231, in add
    raise DuplicateTaskIdFound(f"{node_type} id '{key}' has already been added to the DAG")
airflow.exceptions.DuplicateTaskIdFound: Task id 'greet_fn' has already been added to the DAG
[2024-02-14T10:32:10.850+0000] {processor.py:842} WARNING - No viable dags retrieved from /workspaces/airflow_sandbox/airflow/dags/dag_with_xcoms.py
[2024-02-14T10:32:10.888+0000] {processor.py:183} INFO - Processing /workspaces/airflow_sandbox/airflow/dags/dag_with_xcoms.py took 0.050 seconds
[2024-02-14T10:32:13.608+0000] {processor.py:161} INFO - Started process (PID=50340) to work on /workspaces/airflow_sandbox/airflow/dags/dag_with_xcoms.py
[2024-02-14T10:32:13.620+0000] {processor.py:830} INFO - Processing file /workspaces/airflow_sandbox/airflow/dags/dag_with_xcoms.py for tasks to queue
[2024-02-14T10:32:13.622+0000] {logging_mixin.py:188} INFO - [2024-02-14T10:32:13.621+0000] {dagbag.py:538} INFO - Filling up the DagBag from /workspaces/airflow_sandbox/airflow/dags/dag_with_xcoms.py
[2024-02-14T10:32:13.652+0000] {logging_mixin.py:188} INFO - [2024-02-14T10:32:13.632+0000] {dagbag.py:348} ERROR - Failed to import: /workspaces/airflow_sandbox/airflow/dags/dag_with_xcoms.py
Traceback (most recent call last):
  File "/home/codespace/.local/share/virtualenvs/airflow_sandbox-vp-HKq_L/lib/python3.10/site-packages/airflow/models/dagbag.py", line 344, in parse
    loader.exec_module(new_module)
  File "<frozen importlib._bootstrap_external>", line 883, in exec_module
  File "<frozen importlib._bootstrap>", line 241, in _call_with_frames_removed
  File "/workspaces/airflow_sandbox/airflow/dags/dag_with_xcoms.py", line 35, in <module>
    task_3 = PythonOperator(
  File "/home/codespace/.local/share/virtualenvs/airflow_sandbox-vp-HKq_L/lib/python3.10/site-packages/airflow/models/baseoperator.py", line 437, in apply_defaults
    result = func(self, **kwargs, default_args=default_args)
  File "/home/codespace/.local/share/virtualenvs/airflow_sandbox-vp-HKq_L/lib/python3.10/site-packages/airflow/operators/python.py", line 184, in __init__
    super().__init__(**kwargs)
  File "/home/codespace/.local/share/virtualenvs/airflow_sandbox-vp-HKq_L/lib/python3.10/site-packages/airflow/models/baseoperator.py", line 437, in apply_defaults
    result = func(self, **kwargs, default_args=default_args)
  File "/home/codespace/.local/share/virtualenvs/airflow_sandbox-vp-HKq_L/lib/python3.10/site-packages/airflow/models/baseoperator.py", line 816, in __init__
    task_group.add(self)
  File "/home/codespace/.local/share/virtualenvs/airflow_sandbox-vp-HKq_L/lib/python3.10/site-packages/airflow/utils/task_group.py", line 231, in add
    raise DuplicateTaskIdFound(f"{node_type} id '{key}' has already been added to the DAG")
airflow.exceptions.DuplicateTaskIdFound: Task id 'greet_fn' has already been added to the DAG
[2024-02-14T10:32:13.657+0000] {processor.py:842} WARNING - No viable dags retrieved from /workspaces/airflow_sandbox/airflow/dags/dag_with_xcoms.py
[2024-02-14T10:32:13.737+0000] {processor.py:183} INFO - Processing /workspaces/airflow_sandbox/airflow/dags/dag_with_xcoms.py took 0.132 seconds
[2024-02-14T10:32:18.840+0000] {processor.py:161} INFO - Started process (PID=50362) to work on /workspaces/airflow_sandbox/airflow/dags/dag_with_xcoms.py
[2024-02-14T10:32:18.841+0000] {processor.py:830} INFO - Processing file /workspaces/airflow_sandbox/airflow/dags/dag_with_xcoms.py for tasks to queue
[2024-02-14T10:32:18.842+0000] {logging_mixin.py:188} INFO - [2024-02-14T10:32:18.842+0000] {dagbag.py:538} INFO - Filling up the DagBag from /workspaces/airflow_sandbox/airflow/dags/dag_with_xcoms.py
[2024-02-14T10:32:18.851+0000] {logging_mixin.py:188} INFO - [2024-02-14T10:32:18.850+0000] {dagbag.py:348} ERROR - Failed to import: /workspaces/airflow_sandbox/airflow/dags/dag_with_xcoms.py
Traceback (most recent call last):
  File "/home/codespace/.local/share/virtualenvs/airflow_sandbox-vp-HKq_L/lib/python3.10/site-packages/airflow/models/dagbag.py", line 344, in parse
    loader.exec_module(new_module)
  File "<frozen importlib._bootstrap_external>", line 883, in exec_module
  File "<frozen importlib._bootstrap>", line 241, in _call_with_frames_removed
  File "/workspaces/airflow_sandbox/airflow/dags/dag_with_xcoms.py", line 38, in <module>
    task_3 = PythonOperator(
  File "/home/codespace/.local/share/virtualenvs/airflow_sandbox-vp-HKq_L/lib/python3.10/site-packages/airflow/models/baseoperator.py", line 437, in apply_defaults
    result = func(self, **kwargs, default_args=default_args)
  File "/home/codespace/.local/share/virtualenvs/airflow_sandbox-vp-HKq_L/lib/python3.10/site-packages/airflow/operators/python.py", line 184, in __init__
    super().__init__(**kwargs)
  File "/home/codespace/.local/share/virtualenvs/airflow_sandbox-vp-HKq_L/lib/python3.10/site-packages/airflow/models/baseoperator.py", line 437, in apply_defaults
    result = func(self, **kwargs, default_args=default_args)
  File "/home/codespace/.local/share/virtualenvs/airflow_sandbox-vp-HKq_L/lib/python3.10/site-packages/airflow/models/baseoperator.py", line 816, in __init__
    task_group.add(self)
  File "/home/codespace/.local/share/virtualenvs/airflow_sandbox-vp-HKq_L/lib/python3.10/site-packages/airflow/utils/task_group.py", line 231, in add
    raise DuplicateTaskIdFound(f"{node_type} id '{key}' has already been added to the DAG")
airflow.exceptions.DuplicateTaskIdFound: Task id 'greet_fn' has already been added to the DAG
[2024-02-14T10:32:18.852+0000] {processor.py:842} WARNING - No viable dags retrieved from /workspaces/airflow_sandbox/airflow/dags/dag_with_xcoms.py
[2024-02-14T10:32:18.899+0000] {processor.py:183} INFO - Processing /workspaces/airflow_sandbox/airflow/dags/dag_with_xcoms.py took 0.061 seconds
[2024-02-14T10:32:25.319+0000] {processor.py:161} INFO - Started process (PID=50408) to work on /workspaces/airflow_sandbox/airflow/dags/dag_with_xcoms.py
[2024-02-14T10:32:25.319+0000] {processor.py:830} INFO - Processing file /workspaces/airflow_sandbox/airflow/dags/dag_with_xcoms.py for tasks to queue
[2024-02-14T10:32:25.320+0000] {logging_mixin.py:188} INFO - [2024-02-14T10:32:25.320+0000] {dagbag.py:538} INFO - Filling up the DagBag from /workspaces/airflow_sandbox/airflow/dags/dag_with_xcoms.py
[2024-02-14T10:32:25.332+0000] {processor.py:840} INFO - DAG(s) 'python_operator_dag_v1' retrieved from /workspaces/airflow_sandbox/airflow/dags/dag_with_xcoms.py
[2024-02-14T10:32:25.423+0000] {logging_mixin.py:188} INFO - [2024-02-14T10:32:25.423+0000] {dag.py:3033} INFO - Sync 1 DAGs
[2024-02-14T10:32:25.438+0000] {logging_mixin.py:188} INFO - [2024-02-14T10:32:25.438+0000] {dag.py:3820} INFO - Setting next_dagrun for python_operator_dag_v1 to 2024-02-14T00:00:00+00:00, run_after=2024-02-15T00:00:00+00:00
[2024-02-14T10:32:25.522+0000] {processor.py:183} INFO - Processing /workspaces/airflow_sandbox/airflow/dags/dag_with_xcoms.py took 0.206 seconds
[2024-02-14T10:32:28.718+0000] {processor.py:161} INFO - Started process (PID=50426) to work on /workspaces/airflow_sandbox/airflow/dags/dag_with_xcoms.py
[2024-02-14T10:32:28.719+0000] {processor.py:830} INFO - Processing file /workspaces/airflow_sandbox/airflow/dags/dag_with_xcoms.py for tasks to queue
[2024-02-14T10:32:28.720+0000] {logging_mixin.py:188} INFO - [2024-02-14T10:32:28.720+0000] {dagbag.py:538} INFO - Filling up the DagBag from /workspaces/airflow_sandbox/airflow/dags/dag_with_xcoms.py
[2024-02-14T10:32:28.734+0000] {logging_mixin.py:188} INFO - [2024-02-14T10:32:28.733+0000] {dagbag.py:348} ERROR - Failed to import: /workspaces/airflow_sandbox/airflow/dags/dag_with_xcoms.py
Traceback (most recent call last):
  File "/home/codespace/.local/share/virtualenvs/airflow_sandbox-vp-HKq_L/lib/python3.10/site-packages/airflow/models/dagbag.py", line 344, in parse
    loader.exec_module(new_module)
  File "<frozen importlib._bootstrap_external>", line 879, in exec_module
  File "<frozen importlib._bootstrap_external>", line 1017, in get_code
  File "<frozen importlib._bootstrap_external>", line 947, in source_to_code
  File "<frozen importlib._bootstrap>", line 241, in _call_with_frames_removed
  File "/workspaces/airflow_sandbox/airflow/dags/dag_with_xcoms.py", line 36
    python_callable = return,
                      ^^^^^^
SyntaxError: invalid syntax
[2024-02-14T10:32:28.738+0000] {processor.py:842} WARNING - No viable dags retrieved from /workspaces/airflow_sandbox/airflow/dags/dag_with_xcoms.py
[2024-02-14T10:32:28.806+0000] {processor.py:183} INFO - Processing /workspaces/airflow_sandbox/airflow/dags/dag_with_xcoms.py took 0.094 seconds
[2024-02-14T10:32:29.869+0000] {processor.py:161} INFO - Started process (PID=50432) to work on /workspaces/airflow_sandbox/airflow/dags/dag_with_xcoms.py
[2024-02-14T10:32:29.870+0000] {processor.py:830} INFO - Processing file /workspaces/airflow_sandbox/airflow/dags/dag_with_xcoms.py for tasks to queue
[2024-02-14T10:32:29.871+0000] {logging_mixin.py:188} INFO - [2024-02-14T10:32:29.871+0000] {dagbag.py:538} INFO - Filling up the DagBag from /workspaces/airflow_sandbox/airflow/dags/dag_with_xcoms.py
[2024-02-14T10:32:29.888+0000] {processor.py:840} INFO - DAG(s) 'python_operator_dag_v1' retrieved from /workspaces/airflow_sandbox/airflow/dags/dag_with_xcoms.py
[2024-02-14T10:32:29.897+0000] {logging_mixin.py:188} INFO - [2024-02-14T10:32:29.896+0000] {dag.py:3033} INFO - Sync 1 DAGs
[2024-02-14T10:32:29.924+0000] {logging_mixin.py:188} INFO - [2024-02-14T10:32:29.924+0000] {dag.py:3820} INFO - Setting next_dagrun for python_operator_dag_v1 to 2024-02-14T00:00:00+00:00, run_after=2024-02-15T00:00:00+00:00
[2024-02-14T10:32:30.031+0000] {processor.py:183} INFO - Processing /workspaces/airflow_sandbox/airflow/dags/dag_with_xcoms.py took 0.164 seconds
[2024-02-14T10:32:31.980+0000] {processor.py:161} INFO - Started process (PID=50448) to work on /workspaces/airflow_sandbox/airflow/dags/dag_with_xcoms.py
[2024-02-14T10:32:31.981+0000] {processor.py:830} INFO - Processing file /workspaces/airflow_sandbox/airflow/dags/dag_with_xcoms.py for tasks to queue
[2024-02-14T10:32:31.981+0000] {logging_mixin.py:188} INFO - [2024-02-14T10:32:31.981+0000] {dagbag.py:538} INFO - Filling up the DagBag from /workspaces/airflow_sandbox/airflow/dags/dag_with_xcoms.py
[2024-02-14T10:32:31.993+0000] {processor.py:840} INFO - DAG(s) 'python_operator_dag_v1' retrieved from /workspaces/airflow_sandbox/airflow/dags/dag_with_xcoms.py
[2024-02-14T10:32:31.999+0000] {logging_mixin.py:188} INFO - [2024-02-14T10:32:31.998+0000] {dag.py:3033} INFO - Sync 1 DAGs
[2024-02-14T10:32:32.017+0000] {logging_mixin.py:188} INFO - [2024-02-14T10:32:32.016+0000] {dag.py:3820} INFO - Setting next_dagrun for python_operator_dag_v1 to 2024-02-14T00:00:00+00:00, run_after=2024-02-15T00:00:00+00:00
[2024-02-14T10:32:32.072+0000] {processor.py:183} INFO - Processing /workspaces/airflow_sandbox/airflow/dags/dag_with_xcoms.py took 0.095 seconds
[2024-02-14T10:32:35.209+0000] {processor.py:161} INFO - Started process (PID=50474) to work on /workspaces/airflow_sandbox/airflow/dags/dag_with_xcoms.py
[2024-02-14T10:32:35.210+0000] {processor.py:830} INFO - Processing file /workspaces/airflow_sandbox/airflow/dags/dag_with_xcoms.py for tasks to queue
[2024-02-14T10:32:35.211+0000] {logging_mixin.py:188} INFO - [2024-02-14T10:32:35.211+0000] {dagbag.py:538} INFO - Filling up the DagBag from /workspaces/airflow_sandbox/airflow/dags/dag_with_xcoms.py
[2024-02-14T10:32:35.223+0000] {processor.py:840} INFO - DAG(s) 'python_operator_dag_v1' retrieved from /workspaces/airflow_sandbox/airflow/dags/dag_with_xcoms.py
[2024-02-14T10:32:35.229+0000] {logging_mixin.py:188} INFO - [2024-02-14T10:32:35.229+0000] {dag.py:3033} INFO - Sync 1 DAGs
[2024-02-14T10:32:35.251+0000] {logging_mixin.py:188} INFO - [2024-02-14T10:32:35.251+0000] {dag.py:3820} INFO - Setting next_dagrun for python_operator_dag_v1 to 2024-02-14T00:00:00+00:00, run_after=2024-02-15T00:00:00+00:00
[2024-02-14T10:32:35.296+0000] {processor.py:183} INFO - Processing /workspaces/airflow_sandbox/airflow/dags/dag_with_xcoms.py took 0.089 seconds
[2024-02-14T10:33:05.578+0000] {processor.py:161} INFO - Started process (PID=50648) to work on /workspaces/airflow_sandbox/airflow/dags/dag_with_xcoms.py
[2024-02-14T10:33:05.578+0000] {processor.py:830} INFO - Processing file /workspaces/airflow_sandbox/airflow/dags/dag_with_xcoms.py for tasks to queue
[2024-02-14T10:33:05.579+0000] {logging_mixin.py:188} INFO - [2024-02-14T10:33:05.579+0000] {dagbag.py:538} INFO - Filling up the DagBag from /workspaces/airflow_sandbox/airflow/dags/dag_with_xcoms.py
[2024-02-14T10:33:05.591+0000] {processor.py:840} INFO - DAG(s) 'python_operator_dag_v1' retrieved from /workspaces/airflow_sandbox/airflow/dags/dag_with_xcoms.py
[2024-02-14T10:33:05.703+0000] {logging_mixin.py:188} INFO - [2024-02-14T10:33:05.703+0000] {dag.py:3033} INFO - Sync 1 DAGs
[2024-02-14T10:33:05.728+0000] {logging_mixin.py:188} INFO - [2024-02-14T10:33:05.728+0000] {dag.py:3820} INFO - Setting next_dagrun for python_operator_dag_v1 to 2024-02-14T00:00:00+00:00, run_after=2024-02-15T00:00:00+00:00
[2024-02-14T10:33:05.775+0000] {processor.py:183} INFO - Processing /workspaces/airflow_sandbox/airflow/dags/dag_with_xcoms.py took 0.200 seconds
[2024-02-14T10:33:35.992+0000] {processor.py:161} INFO - Started process (PID=50837) to work on /workspaces/airflow_sandbox/airflow/dags/dag_with_xcoms.py
[2024-02-14T10:33:35.993+0000] {processor.py:830} INFO - Processing file /workspaces/airflow_sandbox/airflow/dags/dag_with_xcoms.py for tasks to queue
[2024-02-14T10:33:35.994+0000] {logging_mixin.py:188} INFO - [2024-02-14T10:33:35.994+0000] {dagbag.py:538} INFO - Filling up the DagBag from /workspaces/airflow_sandbox/airflow/dags/dag_with_xcoms.py
[2024-02-14T10:33:36.009+0000] {processor.py:840} INFO - DAG(s) 'python_operator_dag_v1' retrieved from /workspaces/airflow_sandbox/airflow/dags/dag_with_xcoms.py
[2024-02-14T10:33:36.032+0000] {logging_mixin.py:188} INFO - [2024-02-14T10:33:36.032+0000] {dag.py:3033} INFO - Sync 1 DAGs
[2024-02-14T10:33:36.055+0000] {logging_mixin.py:188} INFO - [2024-02-14T10:33:36.054+0000] {dag.py:3820} INFO - Setting next_dagrun for python_operator_dag_v1 to 2024-02-14T00:00:00+00:00, run_after=2024-02-15T00:00:00+00:00
[2024-02-14T10:33:36.116+0000] {processor.py:183} INFO - Processing /workspaces/airflow_sandbox/airflow/dags/dag_with_xcoms.py took 0.127 seconds
[2024-02-14T10:34:06.285+0000] {processor.py:161} INFO - Started process (PID=51026) to work on /workspaces/airflow_sandbox/airflow/dags/dag_with_xcoms.py
[2024-02-14T10:34:06.286+0000] {processor.py:830} INFO - Processing file /workspaces/airflow_sandbox/airflow/dags/dag_with_xcoms.py for tasks to queue
[2024-02-14T10:34:06.287+0000] {logging_mixin.py:188} INFO - [2024-02-14T10:34:06.287+0000] {dagbag.py:538} INFO - Filling up the DagBag from /workspaces/airflow_sandbox/airflow/dags/dag_with_xcoms.py
[2024-02-14T10:34:06.301+0000] {processor.py:840} INFO - DAG(s) 'python_operator_dag_v1' retrieved from /workspaces/airflow_sandbox/airflow/dags/dag_with_xcoms.py
[2024-02-14T10:34:06.308+0000] {logging_mixin.py:188} INFO - [2024-02-14T10:34:06.307+0000] {dag.py:3033} INFO - Sync 1 DAGs
[2024-02-14T10:34:06.332+0000] {logging_mixin.py:188} INFO - [2024-02-14T10:34:06.331+0000] {dag.py:3820} INFO - Setting next_dagrun for python_operator_dag_v1 to 2024-02-14T00:00:00+00:00, run_after=2024-02-15T00:00:00+00:00
[2024-02-14T10:34:06.379+0000] {processor.py:183} INFO - Processing /workspaces/airflow_sandbox/airflow/dags/dag_with_xcoms.py took 0.097 seconds
[2024-02-14T10:34:27.472+0000] {processor.py:161} INFO - Started process (PID=51153) to work on /workspaces/airflow_sandbox/airflow/dags/dag_with_xcoms.py
[2024-02-14T10:34:27.473+0000] {processor.py:830} INFO - Processing file /workspaces/airflow_sandbox/airflow/dags/dag_with_xcoms.py for tasks to queue
[2024-02-14T10:34:27.474+0000] {logging_mixin.py:188} INFO - [2024-02-14T10:34:27.473+0000] {dagbag.py:538} INFO - Filling up the DagBag from /workspaces/airflow_sandbox/airflow/dags/dag_with_xcoms.py
[2024-02-14T10:34:27.485+0000] {processor.py:840} INFO - DAG(s) 'python_operator_dag_v1' retrieved from /workspaces/airflow_sandbox/airflow/dags/dag_with_xcoms.py
[2024-02-14T10:34:27.577+0000] {logging_mixin.py:188} INFO - [2024-02-14T10:34:27.577+0000] {dag.py:3033} INFO - Sync 1 DAGs
[2024-02-14T10:34:27.595+0000] {logging_mixin.py:188} INFO - [2024-02-14T10:34:27.595+0000] {dag.py:3820} INFO - Setting next_dagrun for python_operator_dag_v1 to 2024-02-14T00:00:00+00:00, run_after=2024-02-15T00:00:00+00:00
[2024-02-14T10:34:27.637+0000] {processor.py:183} INFO - Processing /workspaces/airflow_sandbox/airflow/dags/dag_with_xcoms.py took 0.167 seconds
[2024-02-14T10:34:33.320+0000] {processor.py:161} INFO - Started process (PID=51183) to work on /workspaces/airflow_sandbox/airflow/dags/dag_with_xcoms.py
[2024-02-14T10:34:33.321+0000] {processor.py:830} INFO - Processing file /workspaces/airflow_sandbox/airflow/dags/dag_with_xcoms.py for tasks to queue
[2024-02-14T10:34:33.321+0000] {logging_mixin.py:188} INFO - [2024-02-14T10:34:33.321+0000] {dagbag.py:538} INFO - Filling up the DagBag from /workspaces/airflow_sandbox/airflow/dags/dag_with_xcoms.py
[2024-02-14T10:34:33.331+0000] {processor.py:840} INFO - DAG(s) 'python_operator_dag_v1' retrieved from /workspaces/airflow_sandbox/airflow/dags/dag_with_xcoms.py
[2024-02-14T10:34:33.337+0000] {logging_mixin.py:188} INFO - [2024-02-14T10:34:33.336+0000] {dag.py:3033} INFO - Sync 1 DAGs
[2024-02-14T10:34:33.355+0000] {logging_mixin.py:188} INFO - [2024-02-14T10:34:33.355+0000] {dag.py:3820} INFO - Setting next_dagrun for python_operator_dag_v1 to 2024-02-14T00:00:00+00:00, run_after=2024-02-15T00:00:00+00:00
[2024-02-14T10:34:33.405+0000] {processor.py:183} INFO - Processing /workspaces/airflow_sandbox/airflow/dags/dag_with_xcoms.py took 0.088 seconds
[2024-02-14T10:34:37.931+0000] {processor.py:161} INFO - Started process (PID=51223) to work on /workspaces/airflow_sandbox/airflow/dags/dag_with_xcoms.py
[2024-02-14T10:34:37.931+0000] {processor.py:830} INFO - Processing file /workspaces/airflow_sandbox/airflow/dags/dag_with_xcoms.py for tasks to queue
[2024-02-14T10:34:37.932+0000] {logging_mixin.py:188} INFO - [2024-02-14T10:34:37.932+0000] {dagbag.py:538} INFO - Filling up the DagBag from /workspaces/airflow_sandbox/airflow/dags/dag_with_xcoms.py
[2024-02-14T10:34:37.942+0000] {processor.py:840} INFO - DAG(s) 'python_operator_dag_v1' retrieved from /workspaces/airflow_sandbox/airflow/dags/dag_with_xcoms.py
[2024-02-14T10:34:37.947+0000] {logging_mixin.py:188} INFO - [2024-02-14T10:34:37.947+0000] {dag.py:3033} INFO - Sync 1 DAGs
[2024-02-14T10:34:37.964+0000] {logging_mixin.py:188} INFO - [2024-02-14T10:34:37.964+0000] {dag.py:3820} INFO - Setting next_dagrun for python_operator_dag_v1 to 2024-02-14T00:00:00+00:00, run_after=2024-02-15T00:00:00+00:00
[2024-02-14T10:34:38.004+0000] {processor.py:183} INFO - Processing /workspaces/airflow_sandbox/airflow/dags/dag_with_xcoms.py took 0.075 seconds
[2024-02-14T10:34:39.895+0000] {processor.py:161} INFO - Started process (PID=51230) to work on /workspaces/airflow_sandbox/airflow/dags/dag_with_xcoms.py
[2024-02-14T10:34:39.896+0000] {processor.py:830} INFO - Processing file /workspaces/airflow_sandbox/airflow/dags/dag_with_xcoms.py for tasks to queue
[2024-02-14T10:34:39.897+0000] {logging_mixin.py:188} INFO - [2024-02-14T10:34:39.897+0000] {dagbag.py:538} INFO - Filling up the DagBag from /workspaces/airflow_sandbox/airflow/dags/dag_with_xcoms.py
[2024-02-14T10:34:39.909+0000] {processor.py:840} INFO - DAG(s) 'python_operator_dag_v1' retrieved from /workspaces/airflow_sandbox/airflow/dags/dag_with_xcoms.py
[2024-02-14T10:34:39.915+0000] {logging_mixin.py:188} INFO - [2024-02-14T10:34:39.915+0000] {dag.py:3033} INFO - Sync 1 DAGs
[2024-02-14T10:34:39.931+0000] {logging_mixin.py:188} INFO - [2024-02-14T10:34:39.931+0000] {dag.py:3820} INFO - Setting next_dagrun for python_operator_dag_v1 to 2024-02-14T00:00:00+00:00, run_after=2024-02-15T00:00:00+00:00
[2024-02-14T10:34:39.973+0000] {processor.py:183} INFO - Processing /workspaces/airflow_sandbox/airflow/dags/dag_with_xcoms.py took 0.080 seconds
[2024-02-14T10:35:08.981+0000] {processor.py:161} INFO - Started process (PID=51601) to work on /workspaces/airflow_sandbox/airflow/dags/dag_with_xcoms.py
[2024-02-14T10:35:08.982+0000] {processor.py:830} INFO - Processing file /workspaces/airflow_sandbox/airflow/dags/dag_with_xcoms.py for tasks to queue
[2024-02-14T10:35:08.983+0000] {logging_mixin.py:188} INFO - [2024-02-14T10:35:08.983+0000] {dagbag.py:538} INFO - Filling up the DagBag from /workspaces/airflow_sandbox/airflow/dags/dag_with_xcoms.py
[2024-02-14T10:35:08.997+0000] {processor.py:840} INFO - DAG(s) 'python_xcom_dag_v1' retrieved from /workspaces/airflow_sandbox/airflow/dags/dag_with_xcoms.py
[2024-02-14T10:35:09.137+0000] {logging_mixin.py:188} INFO - [2024-02-14T10:35:09.137+0000] {override.py:1769} INFO - Created Permission View: can edit on DAG:python_xcom_dag_v1
[2024-02-14T10:35:09.171+0000] {logging_mixin.py:188} INFO - [2024-02-14T10:35:09.170+0000] {override.py:1769} INFO - Created Permission View: can read on DAG:python_xcom_dag_v1
[2024-02-14T10:35:09.201+0000] {logging_mixin.py:188} INFO - [2024-02-14T10:35:09.201+0000] {override.py:1769} INFO - Created Permission View: can delete on DAG:python_xcom_dag_v1
[2024-02-14T10:35:09.202+0000] {logging_mixin.py:188} INFO - [2024-02-14T10:35:09.201+0000] {dag.py:3033} INFO - Sync 1 DAGs
[2024-02-14T10:35:09.213+0000] {logging_mixin.py:188} INFO - [2024-02-14T10:35:09.212+0000] {dag.py:3055} INFO - Creating ORM DAG for python_xcom_dag_v1
[2024-02-14T10:35:09.227+0000] {logging_mixin.py:188} INFO - [2024-02-14T10:35:09.226+0000] {dag.py:3820} INFO - Setting next_dagrun for python_xcom_dag_v1 to 2024-02-02T00:00:00+00:00, run_after=2024-02-03T00:00:00+00:00
[2024-02-14T10:35:09.267+0000] {processor.py:183} INFO - Processing /workspaces/airflow_sandbox/airflow/dags/dag_with_xcoms.py took 0.289 seconds
[2024-02-14T10:35:13.029+0000] {processor.py:161} INFO - Started process (PID=51672) to work on /workspaces/airflow_sandbox/airflow/dags/dag_with_xcoms.py
[2024-02-14T10:35:13.030+0000] {processor.py:830} INFO - Processing file /workspaces/airflow_sandbox/airflow/dags/dag_with_xcoms.py for tasks to queue
[2024-02-14T10:35:13.031+0000] {logging_mixin.py:188} INFO - [2024-02-14T10:35:13.030+0000] {dagbag.py:538} INFO - Filling up the DagBag from /workspaces/airflow_sandbox/airflow/dags/dag_with_xcoms.py
[2024-02-14T10:35:13.042+0000] {processor.py:840} INFO - DAG(s) 'python_xcom_dag_v1' retrieved from /workspaces/airflow_sandbox/airflow/dags/dag_with_xcoms.py
[2024-02-14T10:35:13.047+0000] {logging_mixin.py:188} INFO - [2024-02-14T10:35:13.047+0000] {dag.py:3033} INFO - Sync 1 DAGs
[2024-02-14T10:35:13.067+0000] {logging_mixin.py:188} INFO - [2024-02-14T10:35:13.067+0000] {dag.py:3820} INFO - Setting next_dagrun for python_xcom_dag_v1 to 2024-02-02T00:00:00+00:00, run_after=2024-02-03T00:00:00+00:00
[2024-02-14T10:35:13.111+0000] {processor.py:183} INFO - Processing /workspaces/airflow_sandbox/airflow/dags/dag_with_xcoms.py took 0.085 seconds
[2024-02-14T10:35:13.919+0000] {processor.py:161} INFO - Started process (PID=51692) to work on /workspaces/airflow_sandbox/airflow/dags/dag_with_xcoms.py
[2024-02-14T10:35:13.920+0000] {processor.py:830} INFO - Processing file /workspaces/airflow_sandbox/airflow/dags/dag_with_xcoms.py for tasks to queue
[2024-02-14T10:35:13.921+0000] {logging_mixin.py:188} INFO - [2024-02-14T10:35:13.921+0000] {dagbag.py:538} INFO - Filling up the DagBag from /workspaces/airflow_sandbox/airflow/dags/dag_with_xcoms.py
[2024-02-14T10:35:13.931+0000] {processor.py:840} INFO - DAG(s) 'python_xcom_dag_v1' retrieved from /workspaces/airflow_sandbox/airflow/dags/dag_with_xcoms.py
[2024-02-14T10:35:13.937+0000] {logging_mixin.py:188} INFO - [2024-02-14T10:35:13.937+0000] {dag.py:3033} INFO - Sync 1 DAGs
[2024-02-14T10:35:13.954+0000] {logging_mixin.py:188} INFO - [2024-02-14T10:35:13.954+0000] {dag.py:3820} INFO - Setting next_dagrun for python_xcom_dag_v1 to 2024-02-02T00:00:00+00:00, run_after=2024-02-03T00:00:00+00:00
[2024-02-14T10:35:13.997+0000] {processor.py:183} INFO - Processing /workspaces/airflow_sandbox/airflow/dags/dag_with_xcoms.py took 0.080 seconds
[2024-02-14T10:35:15.641+0000] {processor.py:161} INFO - Started process (PID=51722) to work on /workspaces/airflow_sandbox/airflow/dags/dag_with_xcoms.py
[2024-02-14T10:35:15.641+0000] {processor.py:830} INFO - Processing file /workspaces/airflow_sandbox/airflow/dags/dag_with_xcoms.py for tasks to queue
[2024-02-14T10:35:15.642+0000] {logging_mixin.py:188} INFO - [2024-02-14T10:35:15.642+0000] {dagbag.py:538} INFO - Filling up the DagBag from /workspaces/airflow_sandbox/airflow/dags/dag_with_xcoms.py
[2024-02-14T10:35:15.653+0000] {processor.py:840} INFO - DAG(s) 'python_xcom_dag_v1' retrieved from /workspaces/airflow_sandbox/airflow/dags/dag_with_xcoms.py
[2024-02-14T10:35:15.658+0000] {logging_mixin.py:188} INFO - [2024-02-14T10:35:15.658+0000] {dag.py:3033} INFO - Sync 1 DAGs
[2024-02-14T10:35:15.675+0000] {logging_mixin.py:188} INFO - [2024-02-14T10:35:15.675+0000] {dag.py:3820} INFO - Setting next_dagrun for python_xcom_dag_v1 to 2024-02-02T00:00:00+00:00, run_after=2024-02-03T00:00:00+00:00
[2024-02-14T10:35:15.718+0000] {processor.py:183} INFO - Processing /workspaces/airflow_sandbox/airflow/dags/dag_with_xcoms.py took 0.080 seconds
[2024-02-14T10:35:54.258+0000] {processor.py:161} INFO - Started process (PID=52418) to work on /workspaces/airflow_sandbox/airflow/dags/dag_with_xcoms.py
[2024-02-14T10:35:54.259+0000] {processor.py:830} INFO - Processing file /workspaces/airflow_sandbox/airflow/dags/dag_with_xcoms.py for tasks to queue
[2024-02-14T10:35:54.260+0000] {logging_mixin.py:188} INFO - [2024-02-14T10:35:54.259+0000] {dagbag.py:538} INFO - Filling up the DagBag from /workspaces/airflow_sandbox/airflow/dags/dag_with_xcoms.py
[2024-02-14T10:35:54.270+0000] {processor.py:840} INFO - DAG(s) 'python_xcom_dag_v1' retrieved from /workspaces/airflow_sandbox/airflow/dags/dag_with_xcoms.py
[2024-02-14T10:35:54.358+0000] {logging_mixin.py:188} INFO - [2024-02-14T10:35:54.358+0000] {dag.py:3033} INFO - Sync 1 DAGs
[2024-02-14T10:35:54.382+0000] {logging_mixin.py:188} INFO - [2024-02-14T10:35:54.382+0000] {dag.py:3820} INFO - Setting next_dagrun for python_xcom_dag_v1 to 2024-02-05T00:00:00+00:00, run_after=2024-02-06T00:00:00+00:00
[2024-02-14T10:35:54.422+0000] {processor.py:183} INFO - Processing /workspaces/airflow_sandbox/airflow/dags/dag_with_xcoms.py took 0.166 seconds
[2024-02-14T10:36:28.708+0000] {processor.py:161} INFO - Started process (PID=53117) to work on /workspaces/airflow_sandbox/airflow/dags/dag_with_xcoms.py
[2024-02-14T10:36:28.709+0000] {processor.py:830} INFO - Processing file /workspaces/airflow_sandbox/airflow/dags/dag_with_xcoms.py for tasks to queue
[2024-02-14T10:36:28.710+0000] {logging_mixin.py:188} INFO - [2024-02-14T10:36:28.710+0000] {dagbag.py:538} INFO - Filling up the DagBag from /workspaces/airflow_sandbox/airflow/dags/dag_with_xcoms.py
[2024-02-14T10:36:28.721+0000] {processor.py:840} INFO - DAG(s) 'python_xcom_dag_v1' retrieved from /workspaces/airflow_sandbox/airflow/dags/dag_with_xcoms.py
[2024-02-14T10:36:28.738+0000] {logging_mixin.py:188} INFO - [2024-02-14T10:36:28.738+0000] {dag.py:3033} INFO - Sync 1 DAGs
[2024-02-14T10:36:28.762+0000] {logging_mixin.py:188} INFO - [2024-02-14T10:36:28.761+0000] {dag.py:3820} INFO - Setting next_dagrun for python_xcom_dag_v1 to 2024-02-09T00:00:00+00:00, run_after=2024-02-10T00:00:00+00:00
[2024-02-14T10:36:28.803+0000] {processor.py:183} INFO - Processing /workspaces/airflow_sandbox/airflow/dags/dag_with_xcoms.py took 0.098 seconds
[2024-02-14T10:37:06.005+0000] {processor.py:161} INFO - Started process (PID=53905) to work on /workspaces/airflow_sandbox/airflow/dags/dag_with_xcoms.py
[2024-02-14T10:37:06.006+0000] {processor.py:830} INFO - Processing file /workspaces/airflow_sandbox/airflow/dags/dag_with_xcoms.py for tasks to queue
[2024-02-14T10:37:06.007+0000] {logging_mixin.py:188} INFO - [2024-02-14T10:37:06.007+0000] {dagbag.py:538} INFO - Filling up the DagBag from /workspaces/airflow_sandbox/airflow/dags/dag_with_xcoms.py
[2024-02-14T10:37:06.018+0000] {processor.py:840} INFO - DAG(s) 'python_xcom_dag_v1' retrieved from /workspaces/airflow_sandbox/airflow/dags/dag_with_xcoms.py
[2024-02-14T10:37:06.035+0000] {logging_mixin.py:188} INFO - [2024-02-14T10:37:06.035+0000] {dag.py:3033} INFO - Sync 1 DAGs
[2024-02-14T10:37:06.058+0000] {logging_mixin.py:188} INFO - [2024-02-14T10:37:06.057+0000] {dag.py:3820} INFO - Setting next_dagrun for python_xcom_dag_v1 to 2024-02-14T00:00:00+00:00, run_after=2024-02-15T00:00:00+00:00
[2024-02-14T10:37:06.099+0000] {processor.py:183} INFO - Processing /workspaces/airflow_sandbox/airflow/dags/dag_with_xcoms.py took 0.097 seconds
[2024-02-14T10:37:36.122+0000] {processor.py:161} INFO - Started process (PID=54287) to work on /workspaces/airflow_sandbox/airflow/dags/dag_with_xcoms.py
[2024-02-14T10:37:36.123+0000] {processor.py:830} INFO - Processing file /workspaces/airflow_sandbox/airflow/dags/dag_with_xcoms.py for tasks to queue
[2024-02-14T10:37:36.123+0000] {logging_mixin.py:188} INFO - [2024-02-14T10:37:36.123+0000] {dagbag.py:538} INFO - Filling up the DagBag from /workspaces/airflow_sandbox/airflow/dags/dag_with_xcoms.py
[2024-02-14T10:37:36.134+0000] {processor.py:840} INFO - DAG(s) 'python_xcom_dag_v1' retrieved from /workspaces/airflow_sandbox/airflow/dags/dag_with_xcoms.py
[2024-02-14T10:37:36.151+0000] {logging_mixin.py:188} INFO - [2024-02-14T10:37:36.151+0000] {dag.py:3033} INFO - Sync 1 DAGs
[2024-02-14T10:37:36.169+0000] {logging_mixin.py:188} INFO - [2024-02-14T10:37:36.168+0000] {dag.py:3820} INFO - Setting next_dagrun for python_xcom_dag_v1 to 2024-02-14T00:00:00+00:00, run_after=2024-02-15T00:00:00+00:00
[2024-02-14T10:37:36.210+0000] {processor.py:183} INFO - Processing /workspaces/airflow_sandbox/airflow/dags/dag_with_xcoms.py took 0.091 seconds
[2024-02-14T10:37:57.591+0000] {processor.py:161} INFO - Started process (PID=54409) to work on /workspaces/airflow_sandbox/airflow/dags/dag_with_xcoms.py
[2024-02-14T10:37:57.613+0000] {processor.py:830} INFO - Processing file /workspaces/airflow_sandbox/airflow/dags/dag_with_xcoms.py for tasks to queue
[2024-02-14T10:37:57.615+0000] {logging_mixin.py:188} INFO - [2024-02-14T10:37:57.614+0000] {dagbag.py:538} INFO - Filling up the DagBag from /workspaces/airflow_sandbox/airflow/dags/dag_with_xcoms.py
[2024-02-14T10:37:57.663+0000] {processor.py:840} INFO - DAG(s) 'python_xcom_dag_v1' retrieved from /workspaces/airflow_sandbox/airflow/dags/dag_with_xcoms.py
[2024-02-14T10:37:57.701+0000] {logging_mixin.py:188} INFO - [2024-02-14T10:37:57.700+0000] {dag.py:3033} INFO - Sync 1 DAGs
[2024-02-14T10:37:57.767+0000] {logging_mixin.py:188} INFO - [2024-02-14T10:37:57.767+0000] {dag.py:3820} INFO - Setting next_dagrun for python_xcom_dag_v1 to 2024-02-14T00:00:00+00:00, run_after=2024-02-15T00:00:00+00:00
[2024-02-14T10:37:57.840+0000] {processor.py:183} INFO - Processing /workspaces/airflow_sandbox/airflow/dags/dag_with_xcoms.py took 0.252 seconds
[2024-02-14T10:37:59.143+0000] {processor.py:161} INFO - Started process (PID=54410) to work on /workspaces/airflow_sandbox/airflow/dags/dag_with_xcoms.py
[2024-02-14T10:37:59.143+0000] {processor.py:830} INFO - Processing file /workspaces/airflow_sandbox/airflow/dags/dag_with_xcoms.py for tasks to queue
[2024-02-14T10:37:59.144+0000] {logging_mixin.py:188} INFO - [2024-02-14T10:37:59.144+0000] {dagbag.py:538} INFO - Filling up the DagBag from /workspaces/airflow_sandbox/airflow/dags/dag_with_xcoms.py
[2024-02-14T10:37:59.155+0000] {processor.py:840} INFO - DAG(s) 'python_xcom_dag_v1' retrieved from /workspaces/airflow_sandbox/airflow/dags/dag_with_xcoms.py
[2024-02-14T10:37:59.171+0000] {logging_mixin.py:188} INFO - [2024-02-14T10:37:59.171+0000] {dag.py:3033} INFO - Sync 1 DAGs
[2024-02-14T10:37:59.187+0000] {logging_mixin.py:188} INFO - [2024-02-14T10:37:59.187+0000] {dag.py:3820} INFO - Setting next_dagrun for python_xcom_dag_v1 to 2024-02-14T00:00:00+00:00, run_after=2024-02-15T00:00:00+00:00
[2024-02-14T10:37:59.230+0000] {processor.py:183} INFO - Processing /workspaces/airflow_sandbox/airflow/dags/dag_with_xcoms.py took 0.090 seconds
[2024-02-14T10:38:00.390+0000] {processor.py:161} INFO - Started process (PID=54445) to work on /workspaces/airflow_sandbox/airflow/dags/dag_with_xcoms.py
[2024-02-14T10:38:00.391+0000] {processor.py:830} INFO - Processing file /workspaces/airflow_sandbox/airflow/dags/dag_with_xcoms.py for tasks to queue
[2024-02-14T10:38:00.392+0000] {logging_mixin.py:188} INFO - [2024-02-14T10:38:00.391+0000] {dagbag.py:538} INFO - Filling up the DagBag from /workspaces/airflow_sandbox/airflow/dags/dag_with_xcoms.py
[2024-02-14T10:38:00.403+0000] {processor.py:840} INFO - DAG(s) 'python_xcom_dag_v1' retrieved from /workspaces/airflow_sandbox/airflow/dags/dag_with_xcoms.py
[2024-02-14T10:38:00.422+0000] {logging_mixin.py:188} INFO - [2024-02-14T10:38:00.422+0000] {dag.py:3033} INFO - Sync 1 DAGs
[2024-02-14T10:38:00.439+0000] {logging_mixin.py:188} INFO - [2024-02-14T10:38:00.439+0000] {dag.py:3820} INFO - Setting next_dagrun for python_xcom_dag_v1 to 2024-02-14T00:00:00+00:00, run_after=2024-02-15T00:00:00+00:00
[2024-02-14T10:38:00.485+0000] {processor.py:183} INFO - Processing /workspaces/airflow_sandbox/airflow/dags/dag_with_xcoms.py took 0.097 seconds
[2024-02-14T10:38:31.016+0000] {processor.py:161} INFO - Started process (PID=54947) to work on /workspaces/airflow_sandbox/airflow/dags/dag_with_xcoms.py
[2024-02-14T10:38:31.017+0000] {processor.py:830} INFO - Processing file /workspaces/airflow_sandbox/airflow/dags/dag_with_xcoms.py for tasks to queue
[2024-02-14T10:38:31.018+0000] {logging_mixin.py:188} INFO - [2024-02-14T10:38:31.018+0000] {dagbag.py:538} INFO - Filling up the DagBag from /workspaces/airflow_sandbox/airflow/dags/dag_with_xcoms.py
[2024-02-14T10:38:31.034+0000] {processor.py:840} INFO - DAG(s) 'python_xcom_dag_v1' retrieved from /workspaces/airflow_sandbox/airflow/dags/dag_with_xcoms.py
[2024-02-14T10:38:31.090+0000] {logging_mixin.py:188} INFO - [2024-02-14T10:38:31.090+0000] {dag.py:3033} INFO - Sync 1 DAGs
[2024-02-14T10:38:31.184+0000] {logging_mixin.py:188} INFO - [2024-02-14T10:38:31.184+0000] {dag.py:3820} INFO - Setting next_dagrun for python_xcom_dag_v1 to 2024-02-14T00:00:00+00:00, run_after=2024-02-15T00:00:00+00:00
[2024-02-14T10:38:31.235+0000] {processor.py:183} INFO - Processing /workspaces/airflow_sandbox/airflow/dags/dag_with_xcoms.py took 0.223 seconds
[2024-02-14T10:39:02.154+0000] {processor.py:161} INFO - Started process (PID=55305) to work on /workspaces/airflow_sandbox/airflow/dags/dag_with_xcoms.py
[2024-02-14T10:39:02.155+0000] {processor.py:830} INFO - Processing file /workspaces/airflow_sandbox/airflow/dags/dag_with_xcoms.py for tasks to queue
[2024-02-14T10:39:02.156+0000] {logging_mixin.py:188} INFO - [2024-02-14T10:39:02.156+0000] {dagbag.py:538} INFO - Filling up the DagBag from /workspaces/airflow_sandbox/airflow/dags/dag_with_xcoms.py
[2024-02-14T10:39:02.175+0000] {processor.py:840} INFO - DAG(s) 'python_xcom_dag_v1' retrieved from /workspaces/airflow_sandbox/airflow/dags/dag_with_xcoms.py
[2024-02-14T10:39:02.202+0000] {logging_mixin.py:188} INFO - [2024-02-14T10:39:02.202+0000] {dag.py:3033} INFO - Sync 1 DAGs
[2024-02-14T10:39:02.315+0000] {logging_mixin.py:188} INFO - [2024-02-14T10:39:02.314+0000] {dag.py:3820} INFO - Setting next_dagrun for python_xcom_dag_v1 to 2024-02-14T00:00:00+00:00, run_after=2024-02-15T00:00:00+00:00
[2024-02-14T10:39:02.445+0000] {processor.py:183} INFO - Processing /workspaces/airflow_sandbox/airflow/dags/dag_with_xcoms.py took 0.295 seconds
[2024-02-14T10:39:24.549+0000] {processor.py:161} INFO - Started process (PID=55607) to work on /workspaces/airflow_sandbox/airflow/dags/dag_with_xcoms.py
[2024-02-14T10:39:24.550+0000] {processor.py:830} INFO - Processing file /workspaces/airflow_sandbox/airflow/dags/dag_with_xcoms.py for tasks to queue
[2024-02-14T10:39:24.550+0000] {logging_mixin.py:188} INFO - [2024-02-14T10:39:24.550+0000] {dagbag.py:538} INFO - Filling up the DagBag from /workspaces/airflow_sandbox/airflow/dags/dag_with_xcoms.py
[2024-02-14T10:39:24.561+0000] {processor.py:840} INFO - DAG(s) 'python_xcom_dag_v1' retrieved from /workspaces/airflow_sandbox/airflow/dags/dag_with_xcoms.py
[2024-02-14T10:39:24.646+0000] {logging_mixin.py:188} INFO - [2024-02-14T10:39:24.646+0000] {dag.py:3033} INFO - Sync 1 DAGs
[2024-02-14T10:39:24.655+0000] {logging_mixin.py:188} INFO - [2024-02-14T10:39:24.654+0000] {dag.py:3055} INFO - Creating ORM DAG for python_xcom_dag_v1
[2024-02-14T10:39:24.664+0000] {logging_mixin.py:188} INFO - [2024-02-14T10:39:24.664+0000] {dag.py:3820} INFO - Setting next_dagrun for python_xcom_dag_v1 to 2024-02-02T00:00:00+00:00, run_after=2024-02-03T00:00:00+00:00
[2024-02-14T10:39:24.705+0000] {processor.py:183} INFO - Processing /workspaces/airflow_sandbox/airflow/dags/dag_with_xcoms.py took 0.158 seconds
[2024-02-14T10:40:01.929+0000] {processor.py:161} INFO - Started process (PID=56243) to work on /workspaces/airflow_sandbox/airflow/dags/dag_with_xcoms.py
[2024-02-14T10:40:01.930+0000] {processor.py:830} INFO - Processing file /workspaces/airflow_sandbox/airflow/dags/dag_with_xcoms.py for tasks to queue
[2024-02-14T10:40:01.930+0000] {logging_mixin.py:188} INFO - [2024-02-14T10:40:01.930+0000] {dagbag.py:538} INFO - Filling up the DagBag from /workspaces/airflow_sandbox/airflow/dags/dag_with_xcoms.py
[2024-02-14T10:40:01.941+0000] {processor.py:840} INFO - DAG(s) 'python_xcom_dag_v1' retrieved from /workspaces/airflow_sandbox/airflow/dags/dag_with_xcoms.py
[2024-02-14T10:40:01.957+0000] {logging_mixin.py:188} INFO - [2024-02-14T10:40:01.957+0000] {dag.py:3033} INFO - Sync 1 DAGs
[2024-02-14T10:40:01.973+0000] {logging_mixin.py:188} INFO - [2024-02-14T10:40:01.973+0000] {dag.py:3820} INFO - Setting next_dagrun for python_xcom_dag_v1 to 2024-02-05T00:00:00+00:00, run_after=2024-02-06T00:00:00+00:00
[2024-02-14T10:40:02.026+0000] {processor.py:183} INFO - Processing /workspaces/airflow_sandbox/airflow/dags/dag_with_xcoms.py took 0.100 seconds
[2024-02-14T10:40:36.546+0000] {processor.py:161} INFO - Started process (PID=56968) to work on /workspaces/airflow_sandbox/airflow/dags/dag_with_xcoms.py
[2024-02-14T10:40:36.547+0000] {processor.py:830} INFO - Processing file /workspaces/airflow_sandbox/airflow/dags/dag_with_xcoms.py for tasks to queue
[2024-02-14T10:40:36.547+0000] {logging_mixin.py:188} INFO - [2024-02-14T10:40:36.547+0000] {dagbag.py:538} INFO - Filling up the DagBag from /workspaces/airflow_sandbox/airflow/dags/dag_with_xcoms.py
[2024-02-14T10:40:36.559+0000] {processor.py:840} INFO - DAG(s) 'python_xcom_dag_v1' retrieved from /workspaces/airflow_sandbox/airflow/dags/dag_with_xcoms.py
[2024-02-14T10:40:36.576+0000] {logging_mixin.py:188} INFO - [2024-02-14T10:40:36.576+0000] {dag.py:3033} INFO - Sync 1 DAGs
[2024-02-14T10:40:36.592+0000] {logging_mixin.py:188} INFO - [2024-02-14T10:40:36.592+0000] {dag.py:3820} INFO - Setting next_dagrun for python_xcom_dag_v1 to 2024-02-09T00:00:00+00:00, run_after=2024-02-10T00:00:00+00:00
[2024-02-14T10:40:36.634+0000] {processor.py:183} INFO - Processing /workspaces/airflow_sandbox/airflow/dags/dag_with_xcoms.py took 0.090 seconds
[2024-02-14T10:41:08.301+0000] {processor.py:161} INFO - Started process (PID=57499) to work on /workspaces/airflow_sandbox/airflow/dags/dag_with_xcoms.py
[2024-02-14T10:41:08.302+0000] {processor.py:830} INFO - Processing file /workspaces/airflow_sandbox/airflow/dags/dag_with_xcoms.py for tasks to queue
[2024-02-14T10:41:08.303+0000] {logging_mixin.py:188} INFO - [2024-02-14T10:41:08.302+0000] {dagbag.py:538} INFO - Filling up the DagBag from /workspaces/airflow_sandbox/airflow/dags/dag_with_xcoms.py
[2024-02-14T10:41:08.314+0000] {processor.py:840} INFO - DAG(s) 'python_xcom_dag_v1' retrieved from /workspaces/airflow_sandbox/airflow/dags/dag_with_xcoms.py
[2024-02-14T10:41:08.331+0000] {logging_mixin.py:188} INFO - [2024-02-14T10:41:08.331+0000] {dag.py:3033} INFO - Sync 1 DAGs
[2024-02-14T10:41:08.348+0000] {logging_mixin.py:188} INFO - [2024-02-14T10:41:08.348+0000] {dag.py:3820} INFO - Setting next_dagrun for python_xcom_dag_v1 to 2024-02-13T00:00:00+00:00, run_after=2024-02-14T00:00:00+00:00
[2024-02-14T10:41:08.389+0000] {processor.py:183} INFO - Processing /workspaces/airflow_sandbox/airflow/dags/dag_with_xcoms.py took 0.090 seconds
[2024-02-14T10:41:38.418+0000] {processor.py:161} INFO - Started process (PID=57900) to work on /workspaces/airflow_sandbox/airflow/dags/dag_with_xcoms.py
[2024-02-14T10:41:38.418+0000] {processor.py:830} INFO - Processing file /workspaces/airflow_sandbox/airflow/dags/dag_with_xcoms.py for tasks to queue
[2024-02-14T10:41:38.419+0000] {logging_mixin.py:188} INFO - [2024-02-14T10:41:38.419+0000] {dagbag.py:538} INFO - Filling up the DagBag from /workspaces/airflow_sandbox/airflow/dags/dag_with_xcoms.py
[2024-02-14T10:41:38.431+0000] {processor.py:840} INFO - DAG(s) 'python_xcom_dag_v1' retrieved from /workspaces/airflow_sandbox/airflow/dags/dag_with_xcoms.py
[2024-02-14T10:41:38.447+0000] {logging_mixin.py:188} INFO - [2024-02-14T10:41:38.447+0000] {dag.py:3033} INFO - Sync 1 DAGs
[2024-02-14T10:41:38.463+0000] {logging_mixin.py:188} INFO - [2024-02-14T10:41:38.463+0000] {dag.py:3820} INFO - Setting next_dagrun for python_xcom_dag_v1 to 2024-02-14T00:00:00+00:00, run_after=2024-02-15T00:00:00+00:00
[2024-02-14T10:41:38.505+0000] {processor.py:183} INFO - Processing /workspaces/airflow_sandbox/airflow/dags/dag_with_xcoms.py took 0.089 seconds
[2024-02-14T10:42:09.097+0000] {processor.py:161} INFO - Started process (PID=58298) to work on /workspaces/airflow_sandbox/airflow/dags/dag_with_xcoms.py
[2024-02-14T10:42:09.098+0000] {processor.py:830} INFO - Processing file /workspaces/airflow_sandbox/airflow/dags/dag_with_xcoms.py for tasks to queue
[2024-02-14T10:42:09.099+0000] {logging_mixin.py:188} INFO - [2024-02-14T10:42:09.099+0000] {dagbag.py:538} INFO - Filling up the DagBag from /workspaces/airflow_sandbox/airflow/dags/dag_with_xcoms.py
[2024-02-14T10:42:09.109+0000] {processor.py:840} INFO - DAG(s) 'python_xcom_dag_v1' retrieved from /workspaces/airflow_sandbox/airflow/dags/dag_with_xcoms.py
[2024-02-14T10:42:09.127+0000] {logging_mixin.py:188} INFO - [2024-02-14T10:42:09.127+0000] {dag.py:3033} INFO - Sync 1 DAGs
[2024-02-14T10:42:09.143+0000] {logging_mixin.py:188} INFO - [2024-02-14T10:42:09.143+0000] {dag.py:3820} INFO - Setting next_dagrun for python_xcom_dag_v1 to 2024-02-14T00:00:00+00:00, run_after=2024-02-15T00:00:00+00:00
[2024-02-14T10:42:09.185+0000] {processor.py:183} INFO - Processing /workspaces/airflow_sandbox/airflow/dags/dag_with_xcoms.py took 0.090 seconds
