[2024-02-14T10:35:46.220+0000] {taskinstance.py:1957} INFO - Dependencies all met for dep_context=non-requeueable deps ti=<TaskInstance: python_xcom_dag_v1.get_age scheduled__2024-02-04T00:00:00+00:00 [queued]>
[2024-02-14T10:35:46.261+0000] {taskinstance.py:1957} INFO - Dependencies all met for dep_context=requeueable deps ti=<TaskInstance: python_xcom_dag_v1.get_age scheduled__2024-02-04T00:00:00+00:00 [queued]>
[2024-02-14T10:35:46.262+0000] {taskinstance.py:2171} INFO - Starting attempt 1 of 6
[2024-02-14T10:35:46.304+0000] {taskinstance.py:2192} INFO - Executing <Task(PythonOperator): get_age> on 2024-02-04 00:00:00+00:00
[2024-02-14T10:35:46.307+0000] {standard_task_runner.py:60} INFO - Started process 52259 to run task
[2024-02-14T10:35:46.313+0000] {standard_task_runner.py:87} INFO - Running: ['airflow', 'tasks', 'run', 'python_xcom_dag_v1', 'get_age', 'scheduled__2024-02-04T00:00:00+00:00', '--job-id', '189', '--raw', '--subdir', 'DAGS_FOLDER/dag_with_xcoms.py', '--cfg-path', '/tmp/tmpq1xsktmc']
[2024-02-14T10:35:46.314+0000] {standard_task_runner.py:88} INFO - Job 189: Subtask get_age
[2024-02-14T10:35:46.545+0000] {task_command.py:423} INFO - Running <TaskInstance: python_xcom_dag_v1.get_age scheduled__2024-02-04T00:00:00+00:00 [running]> on host codespaces-57ffd0
[2024-02-14T10:35:46.660+0000] {taskinstance.py:2481} INFO - Exporting env vars: AIRFLOW_CTX_DAG_OWNER='raghu' AIRFLOW_CTX_DAG_ID='python_xcom_dag_v1' AIRFLOW_CTX_TASK_ID='get_age' AIRFLOW_CTX_EXECUTION_DATE='2024-02-04T00:00:00+00:00' AIRFLOW_CTX_TRY_NUMBER='1' AIRFLOW_CTX_DAG_RUN_ID='scheduled__2024-02-04T00:00:00+00:00'
[2024-02-14T10:35:46.712+0000] {python.py:201} INFO - Done. Returned value was: None
[2024-02-14T10:35:46.715+0000] {taskinstance.py:1138} INFO - Marking task as SUCCESS. dag_id=python_xcom_dag_v1, task_id=get_age, execution_date=20240204T000000, start_date=20240214T103546, end_date=20240214T103546
[2024-02-14T10:35:46.773+0000] {local_task_job_runner.py:234} INFO - Task exited with return code 0
[2024-02-14T10:35:46.786+0000] {taskinstance.py:3281} INFO - 1 downstream tasks scheduled from follow-on schedule check
[2024-02-14T10:39:53.552+0000] {taskinstance.py:1957} INFO - Dependencies all met for dep_context=non-requeueable deps ti=<TaskInstance: python_xcom_dag_v1.get_age scheduled__2024-02-04T00:00:00+00:00 [queued]>
[2024-02-14T10:39:53.557+0000] {taskinstance.py:1957} INFO - Dependencies all met for dep_context=requeueable deps ti=<TaskInstance: python_xcom_dag_v1.get_age scheduled__2024-02-04T00:00:00+00:00 [queued]>
[2024-02-14T10:39:53.558+0000] {taskinstance.py:2171} INFO - Starting attempt 1 of 6
[2024-02-14T10:39:53.594+0000] {taskinstance.py:2192} INFO - Executing <Task(PythonOperator): get_age> on 2024-02-04 00:00:00+00:00
[2024-02-14T10:39:53.597+0000] {standard_task_runner.py:60} INFO - Started process 56118 to run task
[2024-02-14T10:39:53.601+0000] {standard_task_runner.py:87} INFO - Running: ['airflow', 'tasks', 'run', 'python_xcom_dag_v1', 'get_age', 'scheduled__2024-02-04T00:00:00+00:00', '--job-id', '189', '--raw', '--subdir', 'DAGS_FOLDER/dag_with_xcoms.py', '--cfg-path', '/tmp/tmp0rb2isge']
[2024-02-14T10:39:53.602+0000] {standard_task_runner.py:88} INFO - Job 189: Subtask get_age
[2024-02-14T10:39:53.654+0000] {task_command.py:423} INFO - Running <TaskInstance: python_xcom_dag_v1.get_age scheduled__2024-02-04T00:00:00+00:00 [running]> on host codespaces-57ffd0
[2024-02-14T10:39:53.777+0000] {taskinstance.py:2481} INFO - Exporting env vars: AIRFLOW_CTX_DAG_OWNER='raghu' AIRFLOW_CTX_DAG_ID='python_xcom_dag_v1' AIRFLOW_CTX_TASK_ID='get_age' AIRFLOW_CTX_EXECUTION_DATE='2024-02-04T00:00:00+00:00' AIRFLOW_CTX_TRY_NUMBER='1' AIRFLOW_CTX_DAG_RUN_ID='scheduled__2024-02-04T00:00:00+00:00'
[2024-02-14T10:39:53.809+0000] {python.py:201} INFO - Done. Returned value was: None
[2024-02-14T10:39:53.815+0000] {taskinstance.py:1138} INFO - Marking task as SUCCESS. dag_id=python_xcom_dag_v1, task_id=get_age, execution_date=20240204T000000, start_date=20240214T103953, end_date=20240214T103953
[2024-02-14T10:39:53.895+0000] {local_task_job_runner.py:234} INFO - Task exited with return code 0
[2024-02-14T10:39:53.914+0000] {taskinstance.py:3281} INFO - 1 downstream tasks scheduled from follow-on schedule check
