[2024-02-14T10:13:30.459+0000] {taskinstance.py:1957} INFO - Dependencies all met for dep_context=non-requeueable deps ti=<TaskInstance: python_operator_dag_v1.greet_fn scheduled__2024-02-02T00:00:00+00:00 [queued]>
[2024-02-14T10:13:30.469+0000] {taskinstance.py:1957} INFO - Dependencies all met for dep_context=requeueable deps ti=<TaskInstance: python_operator_dag_v1.greet_fn scheduled__2024-02-02T00:00:00+00:00 [queued]>
[2024-02-14T10:13:30.469+0000] {taskinstance.py:2171} INFO - Starting attempt 1 of 6
[2024-02-14T10:13:30.525+0000] {taskinstance.py:2192} INFO - Executing <Task(PythonOperator): greet_fn> on 2024-02-02 00:00:00+00:00
[2024-02-14T10:13:30.532+0000] {standard_task_runner.py:60} INFO - Started process 42122 to run task
[2024-02-14T10:13:30.539+0000] {standard_task_runner.py:87} INFO - Running: ['airflow', 'tasks', 'run', 'python_operator_dag_v1', 'greet_fn', 'scheduled__2024-02-02T00:00:00+00:00', '--job-id', '170', '--raw', '--subdir', 'DAGS_FOLDER/python_operator_dag.py', '--cfg-path', '/tmp/tmp2u_15ylz']
[2024-02-14T10:13:30.540+0000] {standard_task_runner.py:88} INFO - Job 170: Subtask greet_fn
[2024-02-14T10:13:30.724+0000] {task_command.py:423} INFO - Running <TaskInstance: python_operator_dag_v1.greet_fn scheduled__2024-02-02T00:00:00+00:00 [running]> on host codespaces-57ffd0
[2024-02-14T10:13:30.826+0000] {taskinstance.py:2481} INFO - Exporting env vars: AIRFLOW_CTX_DAG_OWNER='raghu' AIRFLOW_CTX_DAG_ID='python_operator_dag_v1' AIRFLOW_CTX_TASK_ID='greet_fn' AIRFLOW_CTX_EXECUTION_DATE='2024-02-02T00:00:00+00:00' AIRFLOW_CTX_TRY_NUMBER='1' AIRFLOW_CTX_DAG_RUN_ID='scheduled__2024-02-02T00:00:00+00:00'
[2024-02-14T10:13:30.826+0000] {logging_mixin.py:188} INFO - Python Operator
[2024-02-14T10:13:30.826+0000] {python.py:201} INFO - Done. Returned value was: None
[2024-02-14T10:13:30.830+0000] {taskinstance.py:1138} INFO - Marking task as SUCCESS. dag_id=python_operator_dag_v1, task_id=greet_fn, execution_date=20240202T000000, start_date=20240214T101330, end_date=20240214T101330
[2024-02-14T10:13:30.911+0000] {local_task_job_runner.py:234} INFO - Task exited with return code 0
[2024-02-14T10:13:30.955+0000] {taskinstance.py:3281} INFO - 0 downstream tasks scheduled from follow-on schedule check
[2024-02-14T10:15:45.047+0000] {taskinstance.py:1957} INFO - Dependencies all met for dep_context=non-requeueable deps ti=<TaskInstance: python_operator_dag_v1.greet_fn scheduled__2024-02-02T00:00:00+00:00 [queued]>
[2024-02-14T10:15:45.052+0000] {taskinstance.py:1957} INFO - Dependencies all met for dep_context=requeueable deps ti=<TaskInstance: python_operator_dag_v1.greet_fn scheduled__2024-02-02T00:00:00+00:00 [queued]>
[2024-02-14T10:15:45.052+0000] {taskinstance.py:2171} INFO - Starting attempt 1 of 6
[2024-02-14T10:15:45.088+0000] {taskinstance.py:2192} INFO - Executing <Task(PythonOperator): greet_fn> on 2024-02-02 00:00:00+00:00
[2024-02-14T10:15:45.091+0000] {standard_task_runner.py:60} INFO - Started process 43711 to run task
[2024-02-14T10:15:45.094+0000] {standard_task_runner.py:87} INFO - Running: ['airflow', 'tasks', 'run', 'python_operator_dag_v1', 'greet_fn', 'scheduled__2024-02-02T00:00:00+00:00', '--job-id', '170', '--raw', '--subdir', 'DAGS_FOLDER/python_operator_dag.py', '--cfg-path', '/tmp/tmpzs4k1rdc']
[2024-02-14T10:15:45.095+0000] {standard_task_runner.py:88} INFO - Job 170: Subtask greet_fn
[2024-02-14T10:15:45.145+0000] {task_command.py:423} INFO - Running <TaskInstance: python_operator_dag_v1.greet_fn scheduled__2024-02-02T00:00:00+00:00 [running]> on host codespaces-57ffd0
[2024-02-14T10:15:45.366+0000] {taskinstance.py:2481} INFO - Exporting env vars: AIRFLOW_CTX_DAG_OWNER='raghu' AIRFLOW_CTX_DAG_ID='python_operator_dag_v1' AIRFLOW_CTX_TASK_ID='greet_fn' AIRFLOW_CTX_EXECUTION_DATE='2024-02-02T00:00:00+00:00' AIRFLOW_CTX_TRY_NUMBER='1' AIRFLOW_CTX_DAG_RUN_ID='scheduled__2024-02-02T00:00:00+00:00'
[2024-02-14T10:15:45.367+0000] {logging_mixin.py:188} INFO - My name is {name} and I am {age} years old
[2024-02-14T10:15:45.367+0000] {python.py:201} INFO - Done. Returned value was: None
[2024-02-14T10:15:45.412+0000] {taskinstance.py:1138} INFO - Marking task as SUCCESS. dag_id=python_operator_dag_v1, task_id=greet_fn, execution_date=20240202T000000, start_date=20240214T101545, end_date=20240214T101545
[2024-02-14T10:15:45.515+0000] {local_task_job_runner.py:234} INFO - Task exited with return code 0
[2024-02-14T10:15:45.562+0000] {taskinstance.py:3281} INFO - 0 downstream tasks scheduled from follow-on schedule check
