[2024-02-14T10:35:56.367+0000] {taskinstance.py:1957} INFO - Dependencies all met for dep_context=non-requeueable deps ti=<TaskInstance: python_xcom_dag_v1.get_name scheduled__2024-02-05T00:00:00+00:00 [queued]>
[2024-02-14T10:35:56.372+0000] {taskinstance.py:1957} INFO - Dependencies all met for dep_context=requeueable deps ti=<TaskInstance: python_xcom_dag_v1.get_name scheduled__2024-02-05T00:00:00+00:00 [queued]>
[2024-02-14T10:35:56.372+0000] {taskinstance.py:2171} INFO - Starting attempt 1 of 6
[2024-02-14T10:35:56.410+0000] {taskinstance.py:2192} INFO - Executing <Task(PythonOperator): get_name> on 2024-02-05 00:00:00+00:00
[2024-02-14T10:35:56.413+0000] {standard_task_runner.py:60} INFO - Started process 52464 to run task
[2024-02-14T10:35:56.416+0000] {standard_task_runner.py:87} INFO - Running: ['airflow', 'tasks', 'run', 'python_xcom_dag_v1', 'get_name', 'scheduled__2024-02-05T00:00:00+00:00', '--job-id', '193', '--raw', '--subdir', 'DAGS_FOLDER/dag_with_xcoms.py', '--cfg-path', '/tmp/tmpgv46azca']
[2024-02-14T10:35:56.417+0000] {standard_task_runner.py:88} INFO - Job 193: Subtask get_name
[2024-02-14T10:35:56.469+0000] {task_command.py:423} INFO - Running <TaskInstance: python_xcom_dag_v1.get_name scheduled__2024-02-05T00:00:00+00:00 [running]> on host codespaces-57ffd0
[2024-02-14T10:35:56.565+0000] {taskinstance.py:2481} INFO - Exporting env vars: AIRFLOW_CTX_DAG_OWNER='raghu' AIRFLOW_CTX_DAG_ID='python_xcom_dag_v1' AIRFLOW_CTX_TASK_ID='get_name' AIRFLOW_CTX_EXECUTION_DATE='2024-02-05T00:00:00+00:00' AIRFLOW_CTX_TRY_NUMBER='1' AIRFLOW_CTX_DAG_RUN_ID='scheduled__2024-02-05T00:00:00+00:00'
[2024-02-14T10:35:56.596+0000] {python.py:201} INFO - Done. Returned value was: None
[2024-02-14T10:35:56.600+0000] {taskinstance.py:1138} INFO - Marking task as SUCCESS. dag_id=python_xcom_dag_v1, task_id=get_name, execution_date=20240205T000000, start_date=20240214T103556, end_date=20240214T103556
[2024-02-14T10:35:56.667+0000] {local_task_job_runner.py:234} INFO - Task exited with return code 0
[2024-02-14T10:35:56.739+0000] {taskinstance.py:3281} INFO - 0 downstream tasks scheduled from follow-on schedule check
[2024-02-14T10:40:04.531+0000] {taskinstance.py:1957} INFO - Dependencies all met for dep_context=non-requeueable deps ti=<TaskInstance: python_xcom_dag_v1.get_name scheduled__2024-02-05T00:00:00+00:00 [queued]>
[2024-02-14T10:40:04.539+0000] {taskinstance.py:1957} INFO - Dependencies all met for dep_context=requeueable deps ti=<TaskInstance: python_xcom_dag_v1.get_name scheduled__2024-02-05T00:00:00+00:00 [queued]>
[2024-02-14T10:40:04.540+0000] {taskinstance.py:2171} INFO - Starting attempt 1 of 6
[2024-02-14T10:40:04.619+0000] {taskinstance.py:2192} INFO - Executing <Task(PythonOperator): get_name> on 2024-02-05 00:00:00+00:00
[2024-02-14T10:40:04.622+0000] {standard_task_runner.py:60} INFO - Started process 56341 to run task
[2024-02-14T10:40:04.626+0000] {standard_task_runner.py:87} INFO - Running: ['airflow', 'tasks', 'run', 'python_xcom_dag_v1', 'get_name', 'scheduled__2024-02-05T00:00:00+00:00', '--job-id', '193', '--raw', '--subdir', 'DAGS_FOLDER/dag_with_xcoms.py', '--cfg-path', '/tmp/tmp5d5dkpi3']
[2024-02-14T10:40:04.630+0000] {standard_task_runner.py:88} INFO - Job 193: Subtask get_name
[2024-02-14T10:40:04.892+0000] {task_command.py:423} INFO - Running <TaskInstance: python_xcom_dag_v1.get_name scheduled__2024-02-05T00:00:00+00:00 [running]> on host codespaces-57ffd0
[2024-02-14T10:40:05.043+0000] {taskinstance.py:2481} INFO - Exporting env vars: AIRFLOW_CTX_DAG_OWNER='raghu' AIRFLOW_CTX_DAG_ID='python_xcom_dag_v1' AIRFLOW_CTX_TASK_ID='get_name' AIRFLOW_CTX_EXECUTION_DATE='2024-02-05T00:00:00+00:00' AIRFLOW_CTX_TRY_NUMBER='1' AIRFLOW_CTX_DAG_RUN_ID='scheduled__2024-02-05T00:00:00+00:00'
[2024-02-14T10:40:05.077+0000] {python.py:201} INFO - Done. Returned value was: None
[2024-02-14T10:40:05.081+0000] {taskinstance.py:1138} INFO - Marking task as SUCCESS. dag_id=python_xcom_dag_v1, task_id=get_name, execution_date=20240205T000000, start_date=20240214T104004, end_date=20240214T104005
[2024-02-14T10:40:05.204+0000] {local_task_job_runner.py:234} INFO - Task exited with return code 0
[2024-02-14T10:40:05.336+0000] {taskinstance.py:3281} INFO - 0 downstream tasks scheduled from follow-on schedule check
