[2024-02-14T10:13:35.758+0000] {taskinstance.py:1957} INFO - Dependencies all met for dep_context=non-requeueable deps ti=<TaskInstance: python_operator_dag_v1.greet_fn scheduled__2024-02-03T00:00:00+00:00 [queued]>
[2024-02-14T10:13:35.763+0000] {taskinstance.py:1957} INFO - Dependencies all met for dep_context=requeueable deps ti=<TaskInstance: python_operator_dag_v1.greet_fn scheduled__2024-02-03T00:00:00+00:00 [queued]>
[2024-02-14T10:13:35.763+0000] {taskinstance.py:2171} INFO - Starting attempt 1 of 6
[2024-02-14T10:13:35.799+0000] {taskinstance.py:2192} INFO - Executing <Task(PythonOperator): greet_fn> on 2024-02-03 00:00:00+00:00
[2024-02-14T10:13:35.802+0000] {standard_task_runner.py:60} INFO - Started process 42234 to run task
[2024-02-14T10:13:35.806+0000] {standard_task_runner.py:87} INFO - Running: ['airflow', 'tasks', 'run', 'python_operator_dag_v1', 'greet_fn', 'scheduled__2024-02-03T00:00:00+00:00', '--job-id', '172', '--raw', '--subdir', 'DAGS_FOLDER/python_operator_dag.py', '--cfg-path', '/tmp/tmp45qzmhh_']
[2024-02-14T10:13:35.807+0000] {standard_task_runner.py:88} INFO - Job 172: Subtask greet_fn
[2024-02-14T10:13:35.855+0000] {task_command.py:423} INFO - Running <TaskInstance: python_operator_dag_v1.greet_fn scheduled__2024-02-03T00:00:00+00:00 [running]> on host codespaces-57ffd0
[2024-02-14T10:13:35.954+0000] {taskinstance.py:2481} INFO - Exporting env vars: AIRFLOW_CTX_DAG_OWNER='raghu' AIRFLOW_CTX_DAG_ID='python_operator_dag_v1' AIRFLOW_CTX_TASK_ID='greet_fn' AIRFLOW_CTX_EXECUTION_DATE='2024-02-03T00:00:00+00:00' AIRFLOW_CTX_TRY_NUMBER='1' AIRFLOW_CTX_DAG_RUN_ID='scheduled__2024-02-03T00:00:00+00:00'
[2024-02-14T10:13:35.955+0000] {logging_mixin.py:188} INFO - Python Operator
[2024-02-14T10:13:35.955+0000] {python.py:201} INFO - Done. Returned value was: None
[2024-02-14T10:13:35.958+0000] {taskinstance.py:1138} INFO - Marking task as SUCCESS. dag_id=python_operator_dag_v1, task_id=greet_fn, execution_date=20240203T000000, start_date=20240214T101335, end_date=20240214T101335
[2024-02-14T10:13:36.019+0000] {local_task_job_runner.py:234} INFO - Task exited with return code 0
[2024-02-14T10:13:36.031+0000] {taskinstance.py:3281} INFO - 0 downstream tasks scheduled from follow-on schedule check
[2024-02-14T10:15:47.784+0000] {taskinstance.py:1957} INFO - Dependencies all met for dep_context=non-requeueable deps ti=<TaskInstance: python_operator_dag_v1.greet_fn scheduled__2024-02-03T00:00:00+00:00 [queued]>
[2024-02-14T10:15:47.789+0000] {taskinstance.py:1957} INFO - Dependencies all met for dep_context=requeueable deps ti=<TaskInstance: python_operator_dag_v1.greet_fn scheduled__2024-02-03T00:00:00+00:00 [queued]>
[2024-02-14T10:15:47.789+0000] {taskinstance.py:2171} INFO - Starting attempt 1 of 6
[2024-02-14T10:15:47.825+0000] {taskinstance.py:2192} INFO - Executing <Task(PythonOperator): greet_fn> on 2024-02-03 00:00:00+00:00
[2024-02-14T10:15:47.828+0000] {standard_task_runner.py:60} INFO - Started process 43731 to run task
[2024-02-14T10:15:47.831+0000] {standard_task_runner.py:87} INFO - Running: ['airflow', 'tasks', 'run', 'python_operator_dag_v1', 'greet_fn', 'scheduled__2024-02-03T00:00:00+00:00', '--job-id', '171', '--raw', '--subdir', 'DAGS_FOLDER/python_operator_dag.py', '--cfg-path', '/tmp/tmpc4eub5qe']
[2024-02-14T10:15:47.832+0000] {standard_task_runner.py:88} INFO - Job 171: Subtask greet_fn
[2024-02-14T10:15:47.881+0000] {task_command.py:423} INFO - Running <TaskInstance: python_operator_dag_v1.greet_fn scheduled__2024-02-03T00:00:00+00:00 [running]> on host codespaces-57ffd0
[2024-02-14T10:15:47.981+0000] {taskinstance.py:2481} INFO - Exporting env vars: AIRFLOW_CTX_DAG_OWNER='raghu' AIRFLOW_CTX_DAG_ID='python_operator_dag_v1' AIRFLOW_CTX_TASK_ID='greet_fn' AIRFLOW_CTX_EXECUTION_DATE='2024-02-03T00:00:00+00:00' AIRFLOW_CTX_TRY_NUMBER='1' AIRFLOW_CTX_DAG_RUN_ID='scheduled__2024-02-03T00:00:00+00:00'
[2024-02-14T10:15:47.983+0000] {logging_mixin.py:188} INFO - My name is {name} and I am {age} years old
[2024-02-14T10:15:47.983+0000] {python.py:201} INFO - Done. Returned value was: None
[2024-02-14T10:15:47.989+0000] {taskinstance.py:1138} INFO - Marking task as SUCCESS. dag_id=python_operator_dag_v1, task_id=greet_fn, execution_date=20240203T000000, start_date=20240214T101547, end_date=20240214T101547
[2024-02-14T10:15:48.044+0000] {local_task_job_runner.py:234} INFO - Task exited with return code 0
[2024-02-14T10:15:48.089+0000] {taskinstance.py:3281} INFO - 0 downstream tasks scheduled from follow-on schedule check
