[2024-02-12T19:43:37.010+0000] {processor.py:161} INFO - Started process (PID=15796) to work on /home/codespace/.local/share/virtualenvs/airflow_sandbox-vp-HKq_L/lib/python3.10/site-packages/airflow/example_dags/subdags/subdag.py
[2024-02-12T19:43:37.011+0000] {processor.py:830} INFO - Processing file /home/codespace/.local/share/virtualenvs/airflow_sandbox-vp-HKq_L/lib/python3.10/site-packages/airflow/example_dags/subdags/subdag.py for tasks to queue
[2024-02-12T19:43:37.011+0000] {logging_mixin.py:188} INFO - [2024-02-12T19:43:37.011+0000] {dagbag.py:538} INFO - Filling up the DagBag from /home/codespace/.local/share/virtualenvs/airflow_sandbox-vp-HKq_L/lib/python3.10/site-packages/airflow/example_dags/subdags/subdag.py
[2024-02-12T19:43:37.013+0000] {processor.py:842} WARNING - No viable dags retrieved from /home/codespace/.local/share/virtualenvs/airflow_sandbox-vp-HKq_L/lib/python3.10/site-packages/airflow/example_dags/subdags/subdag.py
[2024-02-12T19:43:37.020+0000] {processor.py:183} INFO - Processing /home/codespace/.local/share/virtualenvs/airflow_sandbox-vp-HKq_L/lib/python3.10/site-packages/airflow/example_dags/subdags/subdag.py took 0.012 seconds
[2024-02-12T19:59:47.653+0000] {processor.py:161} INFO - Started process (PID=25139) to work on /home/codespace/.local/share/virtualenvs/airflow_sandbox-vp-HKq_L/lib/python3.10/site-packages/airflow/example_dags/subdags/subdag.py
[2024-02-12T19:59:47.654+0000] {processor.py:830} INFO - Processing file /home/codespace/.local/share/virtualenvs/airflow_sandbox-vp-HKq_L/lib/python3.10/site-packages/airflow/example_dags/subdags/subdag.py for tasks to queue
[2024-02-12T19:59:47.654+0000] {logging_mixin.py:188} INFO - [2024-02-12T19:59:47.654+0000] {dagbag.py:538} INFO - Filling up the DagBag from /home/codespace/.local/share/virtualenvs/airflow_sandbox-vp-HKq_L/lib/python3.10/site-packages/airflow/example_dags/subdags/subdag.py
[2024-02-12T19:59:47.656+0000] {processor.py:842} WARNING - No viable dags retrieved from /home/codespace/.local/share/virtualenvs/airflow_sandbox-vp-HKq_L/lib/python3.10/site-packages/airflow/example_dags/subdags/subdag.py
[2024-02-12T19:59:47.663+0000] {processor.py:183} INFO - Processing /home/codespace/.local/share/virtualenvs/airflow_sandbox-vp-HKq_L/lib/python3.10/site-packages/airflow/example_dags/subdags/subdag.py took 0.012 seconds
[2024-02-12T20:00:40.993+0000] {processor.py:161} INFO - Started process (PID=25700) to work on /home/codespace/.local/share/virtualenvs/airflow_sandbox-vp-HKq_L/lib/python3.10/site-packages/airflow/example_dags/subdags/subdag.py
[2024-02-12T20:00:40.994+0000] {processor.py:830} INFO - Processing file /home/codespace/.local/share/virtualenvs/airflow_sandbox-vp-HKq_L/lib/python3.10/site-packages/airflow/example_dags/subdags/subdag.py for tasks to queue
[2024-02-12T20:00:40.994+0000] {logging_mixin.py:188} INFO - [2024-02-12T20:00:40.994+0000] {dagbag.py:538} INFO - Filling up the DagBag from /home/codespace/.local/share/virtualenvs/airflow_sandbox-vp-HKq_L/lib/python3.10/site-packages/airflow/example_dags/subdags/subdag.py
[2024-02-12T20:00:40.996+0000] {processor.py:842} WARNING - No viable dags retrieved from /home/codespace/.local/share/virtualenvs/airflow_sandbox-vp-HKq_L/lib/python3.10/site-packages/airflow/example_dags/subdags/subdag.py
[2024-02-12T20:00:41.003+0000] {processor.py:183} INFO - Processing /home/codespace/.local/share/virtualenvs/airflow_sandbox-vp-HKq_L/lib/python3.10/site-packages/airflow/example_dags/subdags/subdag.py took 0.012 seconds
[2024-02-12T20:01:18.917+0000] {processor.py:161} INFO - Started process (PID=26045) to work on /home/codespace/.local/share/virtualenvs/airflow_sandbox-vp-HKq_L/lib/python3.10/site-packages/airflow/example_dags/subdags/subdag.py
[2024-02-12T20:01:18.917+0000] {processor.py:830} INFO - Processing file /home/codespace/.local/share/virtualenvs/airflow_sandbox-vp-HKq_L/lib/python3.10/site-packages/airflow/example_dags/subdags/subdag.py for tasks to queue
[2024-02-12T20:01:18.918+0000] {logging_mixin.py:188} INFO - [2024-02-12T20:01:18.918+0000] {dagbag.py:538} INFO - Filling up the DagBag from /home/codespace/.local/share/virtualenvs/airflow_sandbox-vp-HKq_L/lib/python3.10/site-packages/airflow/example_dags/subdags/subdag.py
[2024-02-12T20:01:18.920+0000] {processor.py:842} WARNING - No viable dags retrieved from /home/codespace/.local/share/virtualenvs/airflow_sandbox-vp-HKq_L/lib/python3.10/site-packages/airflow/example_dags/subdags/subdag.py
[2024-02-12T20:01:18.927+0000] {processor.py:183} INFO - Processing /home/codespace/.local/share/virtualenvs/airflow_sandbox-vp-HKq_L/lib/python3.10/site-packages/airflow/example_dags/subdags/subdag.py took 0.012 seconds
[2024-02-12T20:01:53.020+0000] {processor.py:161} INFO - Started process (PID=26355) to work on /home/codespace/.local/share/virtualenvs/airflow_sandbox-vp-HKq_L/lib/python3.10/site-packages/airflow/example_dags/subdags/subdag.py
[2024-02-12T20:01:53.020+0000] {processor.py:830} INFO - Processing file /home/codespace/.local/share/virtualenvs/airflow_sandbox-vp-HKq_L/lib/python3.10/site-packages/airflow/example_dags/subdags/subdag.py for tasks to queue
[2024-02-12T20:01:53.021+0000] {logging_mixin.py:188} INFO - [2024-02-12T20:01:53.021+0000] {dagbag.py:538} INFO - Filling up the DagBag from /home/codespace/.local/share/virtualenvs/airflow_sandbox-vp-HKq_L/lib/python3.10/site-packages/airflow/example_dags/subdags/subdag.py
[2024-02-12T20:01:53.022+0000] {processor.py:842} WARNING - No viable dags retrieved from /home/codespace/.local/share/virtualenvs/airflow_sandbox-vp-HKq_L/lib/python3.10/site-packages/airflow/example_dags/subdags/subdag.py
[2024-02-12T20:01:53.029+0000] {processor.py:183} INFO - Processing /home/codespace/.local/share/virtualenvs/airflow_sandbox-vp-HKq_L/lib/python3.10/site-packages/airflow/example_dags/subdags/subdag.py took 0.012 seconds
[2024-02-12T20:01:53.749+0000] {processor.py:161} INFO - Started process (PID=26356) to work on /home/codespace/.local/share/virtualenvs/airflow_sandbox-vp-HKq_L/lib/python3.10/site-packages/airflow/example_dags/subdags/subdag.py
[2024-02-12T20:01:53.749+0000] {processor.py:830} INFO - Processing file /home/codespace/.local/share/virtualenvs/airflow_sandbox-vp-HKq_L/lib/python3.10/site-packages/airflow/example_dags/subdags/subdag.py for tasks to queue
[2024-02-12T20:01:53.750+0000] {logging_mixin.py:188} INFO - [2024-02-12T20:01:53.749+0000] {dagbag.py:538} INFO - Filling up the DagBag from /home/codespace/.local/share/virtualenvs/airflow_sandbox-vp-HKq_L/lib/python3.10/site-packages/airflow/example_dags/subdags/subdag.py
[2024-02-12T20:01:53.751+0000] {processor.py:842} WARNING - No viable dags retrieved from /home/codespace/.local/share/virtualenvs/airflow_sandbox-vp-HKq_L/lib/python3.10/site-packages/airflow/example_dags/subdags/subdag.py
[2024-02-12T20:01:53.758+0000] {processor.py:183} INFO - Processing /home/codespace/.local/share/virtualenvs/airflow_sandbox-vp-HKq_L/lib/python3.10/site-packages/airflow/example_dags/subdags/subdag.py took 0.012 seconds
