[2024-02-14T10:35:29.643+0000] {taskinstance.py:1957} INFO - Dependencies all met for dep_context=non-requeueable deps ti=<TaskInstance: python_xcom_dag_v1.get_name scheduled__2024-02-02T00:00:00+00:00 [queued]>
[2024-02-14T10:35:29.647+0000] {taskinstance.py:1957} INFO - Dependencies all met for dep_context=requeueable deps ti=<TaskInstance: python_xcom_dag_v1.get_name scheduled__2024-02-02T00:00:00+00:00 [queued]>
[2024-02-14T10:35:29.647+0000] {taskinstance.py:2171} INFO - Starting attempt 1 of 6
[2024-02-14T10:35:29.685+0000] {taskinstance.py:2192} INFO - Executing <Task(PythonOperator): get_name> on 2024-02-02 00:00:00+00:00
[2024-02-14T10:35:29.693+0000] {standard_task_runner.py:60} INFO - Started process 51935 to run task
[2024-02-14T10:35:29.700+0000] {standard_task_runner.py:87} INFO - Running: ['airflow', 'tasks', 'run', 'python_xcom_dag_v1', 'get_name', 'scheduled__2024-02-02T00:00:00+00:00', '--job-id', '183', '--raw', '--subdir', 'DAGS_FOLDER/dag_with_xcoms.py', '--cfg-path', '/tmp/tmpy3oth56h']
[2024-02-14T10:35:29.701+0000] {standard_task_runner.py:88} INFO - Job 183: Subtask get_name
[2024-02-14T10:35:29.769+0000] {task_command.py:423} INFO - Running <TaskInstance: python_xcom_dag_v1.get_name scheduled__2024-02-02T00:00:00+00:00 [running]> on host codespaces-57ffd0
[2024-02-14T10:35:29.875+0000] {taskinstance.py:2481} INFO - Exporting env vars: AIRFLOW_CTX_DAG_OWNER='raghu' AIRFLOW_CTX_DAG_ID='python_xcom_dag_v1' AIRFLOW_CTX_TASK_ID='get_name' AIRFLOW_CTX_EXECUTION_DATE='2024-02-02T00:00:00+00:00' AIRFLOW_CTX_TRY_NUMBER='1' AIRFLOW_CTX_DAG_RUN_ID='scheduled__2024-02-02T00:00:00+00:00'
[2024-02-14T10:35:29.907+0000] {python.py:201} INFO - Done. Returned value was: None
[2024-02-14T10:35:29.912+0000] {taskinstance.py:1138} INFO - Marking task as SUCCESS. dag_id=python_xcom_dag_v1, task_id=get_name, execution_date=20240202T000000, start_date=20240214T103529, end_date=20240214T103529
[2024-02-14T10:35:29.958+0000] {local_task_job_runner.py:234} INFO - Task exited with return code 0
[2024-02-14T10:35:29.971+0000] {taskinstance.py:3281} INFO - 0 downstream tasks scheduled from follow-on schedule check
[2024-02-14T10:39:38.596+0000] {taskinstance.py:1957} INFO - Dependencies all met for dep_context=non-requeueable deps ti=<TaskInstance: python_xcom_dag_v1.get_name scheduled__2024-02-02T00:00:00+00:00 [queued]>
[2024-02-14T10:39:38.601+0000] {taskinstance.py:1957} INFO - Dependencies all met for dep_context=requeueable deps ti=<TaskInstance: python_xcom_dag_v1.get_name scheduled__2024-02-02T00:00:00+00:00 [queued]>
[2024-02-14T10:39:38.601+0000] {taskinstance.py:2171} INFO - Starting attempt 1 of 6
[2024-02-14T10:39:38.640+0000] {taskinstance.py:2192} INFO - Executing <Task(PythonOperator): get_name> on 2024-02-02 00:00:00+00:00
[2024-02-14T10:39:38.643+0000] {standard_task_runner.py:60} INFO - Started process 55808 to run task
[2024-02-14T10:39:38.646+0000] {standard_task_runner.py:87} INFO - Running: ['airflow', 'tasks', 'run', 'python_xcom_dag_v1', 'get_name', 'scheduled__2024-02-02T00:00:00+00:00', '--job-id', '183', '--raw', '--subdir', 'DAGS_FOLDER/dag_with_xcoms.py', '--cfg-path', '/tmp/tmpletx7ehy']
[2024-02-14T10:39:38.647+0000] {standard_task_runner.py:88} INFO - Job 183: Subtask get_name
[2024-02-14T10:39:38.709+0000] {task_command.py:423} INFO - Running <TaskInstance: python_xcom_dag_v1.get_name scheduled__2024-02-02T00:00:00+00:00 [running]> on host codespaces-57ffd0
[2024-02-14T10:39:38.809+0000] {taskinstance.py:2481} INFO - Exporting env vars: AIRFLOW_CTX_DAG_OWNER='raghu' AIRFLOW_CTX_DAG_ID='python_xcom_dag_v1' AIRFLOW_CTX_TASK_ID='get_name' AIRFLOW_CTX_EXECUTION_DATE='2024-02-02T00:00:00+00:00' AIRFLOW_CTX_TRY_NUMBER='1' AIRFLOW_CTX_DAG_RUN_ID='scheduled__2024-02-02T00:00:00+00:00'
[2024-02-14T10:39:38.840+0000] {python.py:201} INFO - Done. Returned value was: None
[2024-02-14T10:39:38.844+0000] {taskinstance.py:1138} INFO - Marking task as SUCCESS. dag_id=python_xcom_dag_v1, task_id=get_name, execution_date=20240202T000000, start_date=20240214T103938, end_date=20240214T103938
[2024-02-14T10:39:38.899+0000] {local_task_job_runner.py:234} INFO - Task exited with return code 0
[2024-02-14T10:39:38.913+0000] {taskinstance.py:3281} INFO - 0 downstream tasks scheduled from follow-on schedule check
