[2024-02-14T10:13:45.321+0000] {taskinstance.py:1957} INFO - Dependencies all met for dep_context=non-requeueable deps ti=<TaskInstance: python_operator_dag_v1.greet_fn scheduled__2024-02-06T00:00:00+00:00 [queued]>
[2024-02-14T10:13:45.328+0000] {taskinstance.py:1957} INFO - Dependencies all met for dep_context=requeueable deps ti=<TaskInstance: python_operator_dag_v1.greet_fn scheduled__2024-02-06T00:00:00+00:00 [queued]>
[2024-02-14T10:13:45.328+0000] {taskinstance.py:2171} INFO - Starting attempt 1 of 6
[2024-02-14T10:13:45.370+0000] {taskinstance.py:2192} INFO - Executing <Task(PythonOperator): greet_fn> on 2024-02-06 00:00:00+00:00
[2024-02-14T10:13:45.373+0000] {standard_task_runner.py:60} INFO - Started process 42433 to run task
[2024-02-14T10:13:45.376+0000] {standard_task_runner.py:87} INFO - Running: ['airflow', 'tasks', 'run', 'python_operator_dag_v1', 'greet_fn', 'scheduled__2024-02-06T00:00:00+00:00', '--job-id', '175', '--raw', '--subdir', 'DAGS_FOLDER/python_operator_dag.py', '--cfg-path', '/tmp/tmpbp2k3x0g']
[2024-02-14T10:13:45.377+0000] {standard_task_runner.py:88} INFO - Job 175: Subtask greet_fn
[2024-02-14T10:13:45.429+0000] {task_command.py:423} INFO - Running <TaskInstance: python_operator_dag_v1.greet_fn scheduled__2024-02-06T00:00:00+00:00 [running]> on host codespaces-57ffd0
[2024-02-14T10:13:45.530+0000] {taskinstance.py:2481} INFO - Exporting env vars: AIRFLOW_CTX_DAG_OWNER='raghu' AIRFLOW_CTX_DAG_ID='python_operator_dag_v1' AIRFLOW_CTX_TASK_ID='greet_fn' AIRFLOW_CTX_EXECUTION_DATE='2024-02-06T00:00:00+00:00' AIRFLOW_CTX_TRY_NUMBER='1' AIRFLOW_CTX_DAG_RUN_ID='scheduled__2024-02-06T00:00:00+00:00'
[2024-02-14T10:13:45.531+0000] {logging_mixin.py:188} INFO - Python Operator
[2024-02-14T10:13:45.531+0000] {python.py:201} INFO - Done. Returned value was: None
[2024-02-14T10:13:45.534+0000] {taskinstance.py:1138} INFO - Marking task as SUCCESS. dag_id=python_operator_dag_v1, task_id=greet_fn, execution_date=20240206T000000, start_date=20240214T101345, end_date=20240214T101345
[2024-02-14T10:13:45.588+0000] {local_task_job_runner.py:234} INFO - Task exited with return code 0
[2024-02-14T10:13:45.598+0000] {taskinstance.py:3281} INFO - 0 downstream tasks scheduled from follow-on schedule check
[2024-02-14T10:15:57.659+0000] {taskinstance.py:1957} INFO - Dependencies all met for dep_context=non-requeueable deps ti=<TaskInstance: python_operator_dag_v1.greet_fn scheduled__2024-02-06T00:00:00+00:00 [queued]>
[2024-02-14T10:15:57.664+0000] {taskinstance.py:1957} INFO - Dependencies all met for dep_context=requeueable deps ti=<TaskInstance: python_operator_dag_v1.greet_fn scheduled__2024-02-06T00:00:00+00:00 [queued]>
[2024-02-14T10:15:57.664+0000] {taskinstance.py:2171} INFO - Starting attempt 1 of 6
[2024-02-14T10:15:57.701+0000] {taskinstance.py:2192} INFO - Executing <Task(PythonOperator): greet_fn> on 2024-02-06 00:00:00+00:00
[2024-02-14T10:15:57.704+0000] {standard_task_runner.py:60} INFO - Started process 43930 to run task
[2024-02-14T10:15:57.710+0000] {standard_task_runner.py:87} INFO - Running: ['airflow', 'tasks', 'run', 'python_operator_dag_v1', 'greet_fn', 'scheduled__2024-02-06T00:00:00+00:00', '--job-id', '174', '--raw', '--subdir', 'DAGS_FOLDER/python_operator_dag.py', '--cfg-path', '/tmp/tmparpxci1s']
[2024-02-14T10:15:57.712+0000] {standard_task_runner.py:88} INFO - Job 174: Subtask greet_fn
[2024-02-14T10:15:57.763+0000] {task_command.py:423} INFO - Running <TaskInstance: python_operator_dag_v1.greet_fn scheduled__2024-02-06T00:00:00+00:00 [running]> on host codespaces-57ffd0
[2024-02-14T10:15:57.861+0000] {taskinstance.py:2481} INFO - Exporting env vars: AIRFLOW_CTX_DAG_OWNER='raghu' AIRFLOW_CTX_DAG_ID='python_operator_dag_v1' AIRFLOW_CTX_TASK_ID='greet_fn' AIRFLOW_CTX_EXECUTION_DATE='2024-02-06T00:00:00+00:00' AIRFLOW_CTX_TRY_NUMBER='1' AIRFLOW_CTX_DAG_RUN_ID='scheduled__2024-02-06T00:00:00+00:00'
[2024-02-14T10:15:57.862+0000] {logging_mixin.py:188} INFO - My name is {name} and I am {age} years old
[2024-02-14T10:15:57.862+0000] {python.py:201} INFO - Done. Returned value was: None
[2024-02-14T10:15:57.865+0000] {taskinstance.py:1138} INFO - Marking task as SUCCESS. dag_id=python_operator_dag_v1, task_id=greet_fn, execution_date=20240206T000000, start_date=20240214T101557, end_date=20240214T101557
[2024-02-14T10:15:57.928+0000] {local_task_job_runner.py:234} INFO - Task exited with return code 0
[2024-02-14T10:15:57.938+0000] {taskinstance.py:3281} INFO - 0 downstream tasks scheduled from follow-on schedule check
