[2024-02-14T10:35:43.149+0000] {taskinstance.py:1957} INFO - Dependencies all met for dep_context=non-requeueable deps ti=<TaskInstance: python_xcom_dag_v1.get_name scheduled__2024-02-04T00:00:00+00:00 [queued]>
[2024-02-14T10:35:43.153+0000] {taskinstance.py:1957} INFO - Dependencies all met for dep_context=requeueable deps ti=<TaskInstance: python_xcom_dag_v1.get_name scheduled__2024-02-04T00:00:00+00:00 [queued]>
[2024-02-14T10:35:43.153+0000] {taskinstance.py:2171} INFO - Starting attempt 1 of 6
[2024-02-14T10:35:43.191+0000] {taskinstance.py:2192} INFO - Executing <Task(PythonOperator): get_name> on 2024-02-04 00:00:00+00:00
[2024-02-14T10:35:43.194+0000] {standard_task_runner.py:60} INFO - Started process 52176 to run task
[2024-02-14T10:35:43.199+0000] {standard_task_runner.py:87} INFO - Running: ['airflow', 'tasks', 'run', 'python_xcom_dag_v1', 'get_name', 'scheduled__2024-02-04T00:00:00+00:00', '--job-id', '188', '--raw', '--subdir', 'DAGS_FOLDER/dag_with_xcoms.py', '--cfg-path', '/tmp/tmpkyg5_zbq']
[2024-02-14T10:35:43.201+0000] {standard_task_runner.py:88} INFO - Job 188: Subtask get_name
[2024-02-14T10:35:43.256+0000] {task_command.py:423} INFO - Running <TaskInstance: python_xcom_dag_v1.get_name scheduled__2024-02-04T00:00:00+00:00 [running]> on host codespaces-57ffd0
[2024-02-14T10:35:43.353+0000] {taskinstance.py:2481} INFO - Exporting env vars: AIRFLOW_CTX_DAG_OWNER='raghu' AIRFLOW_CTX_DAG_ID='python_xcom_dag_v1' AIRFLOW_CTX_TASK_ID='get_name' AIRFLOW_CTX_EXECUTION_DATE='2024-02-04T00:00:00+00:00' AIRFLOW_CTX_TRY_NUMBER='1' AIRFLOW_CTX_DAG_RUN_ID='scheduled__2024-02-04T00:00:00+00:00'
[2024-02-14T10:35:43.385+0000] {python.py:201} INFO - Done. Returned value was: None
[2024-02-14T10:35:43.390+0000] {taskinstance.py:1138} INFO - Marking task as SUCCESS. dag_id=python_xcom_dag_v1, task_id=get_name, execution_date=20240204T000000, start_date=20240214T103543, end_date=20240214T103543
[2024-02-14T10:35:43.453+0000] {local_task_job_runner.py:234} INFO - Task exited with return code 0
[2024-02-14T10:35:43.467+0000] {taskinstance.py:3281} INFO - 0 downstream tasks scheduled from follow-on schedule check
[2024-02-14T10:39:51.204+0000] {taskinstance.py:1957} INFO - Dependencies all met for dep_context=non-requeueable deps ti=<TaskInstance: python_xcom_dag_v1.get_name scheduled__2024-02-04T00:00:00+00:00 [queued]>
[2024-02-14T10:39:51.209+0000] {taskinstance.py:1957} INFO - Dependencies all met for dep_context=requeueable deps ti=<TaskInstance: python_xcom_dag_v1.get_name scheduled__2024-02-04T00:00:00+00:00 [queued]>
[2024-02-14T10:39:51.209+0000] {taskinstance.py:2171} INFO - Starting attempt 1 of 6
[2024-02-14T10:39:51.247+0000] {taskinstance.py:2192} INFO - Executing <Task(PythonOperator): get_name> on 2024-02-04 00:00:00+00:00
[2024-02-14T10:39:51.250+0000] {standard_task_runner.py:60} INFO - Started process 56039 to run task
[2024-02-14T10:39:51.254+0000] {standard_task_runner.py:87} INFO - Running: ['airflow', 'tasks', 'run', 'python_xcom_dag_v1', 'get_name', 'scheduled__2024-02-04T00:00:00+00:00', '--job-id', '188', '--raw', '--subdir', 'DAGS_FOLDER/dag_with_xcoms.py', '--cfg-path', '/tmp/tmpyq4huzpq']
[2024-02-14T10:39:51.255+0000] {standard_task_runner.py:88} INFO - Job 188: Subtask get_name
[2024-02-14T10:39:51.307+0000] {task_command.py:423} INFO - Running <TaskInstance: python_xcom_dag_v1.get_name scheduled__2024-02-04T00:00:00+00:00 [running]> on host codespaces-57ffd0
[2024-02-14T10:39:51.407+0000] {taskinstance.py:2481} INFO - Exporting env vars: AIRFLOW_CTX_DAG_OWNER='raghu' AIRFLOW_CTX_DAG_ID='python_xcom_dag_v1' AIRFLOW_CTX_TASK_ID='get_name' AIRFLOW_CTX_EXECUTION_DATE='2024-02-04T00:00:00+00:00' AIRFLOW_CTX_TRY_NUMBER='1' AIRFLOW_CTX_DAG_RUN_ID='scheduled__2024-02-04T00:00:00+00:00'
[2024-02-14T10:39:51.439+0000] {python.py:201} INFO - Done. Returned value was: None
[2024-02-14T10:39:51.444+0000] {taskinstance.py:1138} INFO - Marking task as SUCCESS. dag_id=python_xcom_dag_v1, task_id=get_name, execution_date=20240204T000000, start_date=20240214T103951, end_date=20240214T103951
[2024-02-14T10:39:51.505+0000] {local_task_job_runner.py:234} INFO - Task exited with return code 0
[2024-02-14T10:39:51.520+0000] {taskinstance.py:3281} INFO - 0 downstream tasks scheduled from follow-on schedule check
