[2024-02-14T09:07:50.753+0000] {processor.py:161} INFO - Started process (PID=4640) to work on /home/codespace/.local/share/virtualenvs/airflow_sandbox-vp-HKq_L/lib/python3.10/site-packages/airflow/example_dags/plugins/event_listener.py
[2024-02-14T09:07:50.754+0000] {processor.py:830} INFO - Processing file /home/codespace/.local/share/virtualenvs/airflow_sandbox-vp-HKq_L/lib/python3.10/site-packages/airflow/example_dags/plugins/event_listener.py for tasks to queue
[2024-02-14T09:07:50.755+0000] {logging_mixin.py:188} INFO - [2024-02-14T09:07:50.755+0000] {dagbag.py:538} INFO - Filling up the DagBag from /home/codespace/.local/share/virtualenvs/airflow_sandbox-vp-HKq_L/lib/python3.10/site-packages/airflow/example_dags/plugins/event_listener.py
[2024-02-14T09:07:50.757+0000] {processor.py:842} WARNING - No viable dags retrieved from /home/codespace/.local/share/virtualenvs/airflow_sandbox-vp-HKq_L/lib/python3.10/site-packages/airflow/example_dags/plugins/event_listener.py
[2024-02-14T09:07:50.764+0000] {processor.py:183} INFO - Processing /home/codespace/.local/share/virtualenvs/airflow_sandbox-vp-HKq_L/lib/python3.10/site-packages/airflow/example_dags/plugins/event_listener.py took 0.013 seconds
[2024-02-14T09:08:40.564+0000] {processor.py:161} INFO - Started process (PID=5226) to work on /home/codespace/.local/share/virtualenvs/airflow_sandbox-vp-HKq_L/lib/python3.10/site-packages/airflow/example_dags/plugins/event_listener.py
[2024-02-14T09:08:40.565+0000] {processor.py:830} INFO - Processing file /home/codespace/.local/share/virtualenvs/airflow_sandbox-vp-HKq_L/lib/python3.10/site-packages/airflow/example_dags/plugins/event_listener.py for tasks to queue
[2024-02-14T09:08:40.566+0000] {logging_mixin.py:188} INFO - [2024-02-14T09:08:40.566+0000] {dagbag.py:538} INFO - Filling up the DagBag from /home/codespace/.local/share/virtualenvs/airflow_sandbox-vp-HKq_L/lib/python3.10/site-packages/airflow/example_dags/plugins/event_listener.py
[2024-02-14T09:08:40.569+0000] {processor.py:842} WARNING - No viable dags retrieved from /home/codespace/.local/share/virtualenvs/airflow_sandbox-vp-HKq_L/lib/python3.10/site-packages/airflow/example_dags/plugins/event_listener.py
[2024-02-14T09:08:40.579+0000] {processor.py:183} INFO - Processing /home/codespace/.local/share/virtualenvs/airflow_sandbox-vp-HKq_L/lib/python3.10/site-packages/airflow/example_dags/plugins/event_listener.py took 0.019 seconds
[2024-02-14T09:09:34.785+0000] {processor.py:161} INFO - Started process (PID=6069) to work on /home/codespace/.local/share/virtualenvs/airflow_sandbox-vp-HKq_L/lib/python3.10/site-packages/airflow/example_dags/plugins/event_listener.py
[2024-02-14T09:09:34.786+0000] {processor.py:830} INFO - Processing file /home/codespace/.local/share/virtualenvs/airflow_sandbox-vp-HKq_L/lib/python3.10/site-packages/airflow/example_dags/plugins/event_listener.py for tasks to queue
[2024-02-14T09:09:34.787+0000] {logging_mixin.py:188} INFO - [2024-02-14T09:09:34.786+0000] {dagbag.py:538} INFO - Filling up the DagBag from /home/codespace/.local/share/virtualenvs/airflow_sandbox-vp-HKq_L/lib/python3.10/site-packages/airflow/example_dags/plugins/event_listener.py
[2024-02-14T09:09:34.788+0000] {processor.py:842} WARNING - No viable dags retrieved from /home/codespace/.local/share/virtualenvs/airflow_sandbox-vp-HKq_L/lib/python3.10/site-packages/airflow/example_dags/plugins/event_listener.py
[2024-02-14T09:09:34.796+0000] {processor.py:183} INFO - Processing /home/codespace/.local/share/virtualenvs/airflow_sandbox-vp-HKq_L/lib/python3.10/site-packages/airflow/example_dags/plugins/event_listener.py took 0.013 seconds
[2024-02-14T09:10:21.111+0000] {processor.py:161} INFO - Started process (PID=6664) to work on /home/codespace/.local/share/virtualenvs/airflow_sandbox-vp-HKq_L/lib/python3.10/site-packages/airflow/example_dags/plugins/event_listener.py
[2024-02-14T09:10:21.112+0000] {processor.py:830} INFO - Processing file /home/codespace/.local/share/virtualenvs/airflow_sandbox-vp-HKq_L/lib/python3.10/site-packages/airflow/example_dags/plugins/event_listener.py for tasks to queue
[2024-02-14T09:10:21.113+0000] {logging_mixin.py:188} INFO - [2024-02-14T09:10:21.113+0000] {dagbag.py:538} INFO - Filling up the DagBag from /home/codespace/.local/share/virtualenvs/airflow_sandbox-vp-HKq_L/lib/python3.10/site-packages/airflow/example_dags/plugins/event_listener.py
[2024-02-14T09:10:21.116+0000] {processor.py:842} WARNING - No viable dags retrieved from /home/codespace/.local/share/virtualenvs/airflow_sandbox-vp-HKq_L/lib/python3.10/site-packages/airflow/example_dags/plugins/event_listener.py
[2024-02-14T09:10:21.125+0000] {processor.py:183} INFO - Processing /home/codespace/.local/share/virtualenvs/airflow_sandbox-vp-HKq_L/lib/python3.10/site-packages/airflow/example_dags/plugins/event_listener.py took 0.017 seconds
[2024-02-14T09:11:14.469+0000] {processor.py:161} INFO - Started process (PID=7241) to work on /home/codespace/.local/share/virtualenvs/airflow_sandbox-vp-HKq_L/lib/python3.10/site-packages/airflow/example_dags/plugins/event_listener.py
[2024-02-14T09:11:14.470+0000] {processor.py:830} INFO - Processing file /home/codespace/.local/share/virtualenvs/airflow_sandbox-vp-HKq_L/lib/python3.10/site-packages/airflow/example_dags/plugins/event_listener.py for tasks to queue
[2024-02-14T09:11:14.470+0000] {logging_mixin.py:188} INFO - [2024-02-14T09:11:14.470+0000] {dagbag.py:538} INFO - Filling up the DagBag from /home/codespace/.local/share/virtualenvs/airflow_sandbox-vp-HKq_L/lib/python3.10/site-packages/airflow/example_dags/plugins/event_listener.py
[2024-02-14T09:11:14.472+0000] {processor.py:842} WARNING - No viable dags retrieved from /home/codespace/.local/share/virtualenvs/airflow_sandbox-vp-HKq_L/lib/python3.10/site-packages/airflow/example_dags/plugins/event_listener.py
[2024-02-14T09:11:14.479+0000] {processor.py:183} INFO - Processing /home/codespace/.local/share/virtualenvs/airflow_sandbox-vp-HKq_L/lib/python3.10/site-packages/airflow/example_dags/plugins/event_listener.py took 0.013 seconds
[2024-02-14T09:11:56.911+0000] {processor.py:161} INFO - Started process (PID=7874) to work on /home/codespace/.local/share/virtualenvs/airflow_sandbox-vp-HKq_L/lib/python3.10/site-packages/airflow/example_dags/plugins/event_listener.py
[2024-02-14T09:11:56.912+0000] {processor.py:830} INFO - Processing file /home/codespace/.local/share/virtualenvs/airflow_sandbox-vp-HKq_L/lib/python3.10/site-packages/airflow/example_dags/plugins/event_listener.py for tasks to queue
[2024-02-14T09:11:56.913+0000] {logging_mixin.py:188} INFO - [2024-02-14T09:11:56.912+0000] {dagbag.py:538} INFO - Filling up the DagBag from /home/codespace/.local/share/virtualenvs/airflow_sandbox-vp-HKq_L/lib/python3.10/site-packages/airflow/example_dags/plugins/event_listener.py
[2024-02-14T09:11:56.914+0000] {processor.py:842} WARNING - No viable dags retrieved from /home/codespace/.local/share/virtualenvs/airflow_sandbox-vp-HKq_L/lib/python3.10/site-packages/airflow/example_dags/plugins/event_listener.py
[2024-02-14T09:11:56.922+0000] {processor.py:183} INFO - Processing /home/codespace/.local/share/virtualenvs/airflow_sandbox-vp-HKq_L/lib/python3.10/site-packages/airflow/example_dags/plugins/event_listener.py took 0.013 seconds
[2024-02-14T09:12:51.806+0000] {processor.py:161} INFO - Started process (PID=8348) to work on /home/codespace/.local/share/virtualenvs/airflow_sandbox-vp-HKq_L/lib/python3.10/site-packages/airflow/example_dags/plugins/event_listener.py
[2024-02-14T09:12:51.807+0000] {processor.py:830} INFO - Processing file /home/codespace/.local/share/virtualenvs/airflow_sandbox-vp-HKq_L/lib/python3.10/site-packages/airflow/example_dags/plugins/event_listener.py for tasks to queue
[2024-02-14T09:12:51.807+0000] {logging_mixin.py:188} INFO - [2024-02-14T09:12:51.807+0000] {dagbag.py:538} INFO - Filling up the DagBag from /home/codespace/.local/share/virtualenvs/airflow_sandbox-vp-HKq_L/lib/python3.10/site-packages/airflow/example_dags/plugins/event_listener.py
[2024-02-14T09:12:51.809+0000] {processor.py:842} WARNING - No viable dags retrieved from /home/codespace/.local/share/virtualenvs/airflow_sandbox-vp-HKq_L/lib/python3.10/site-packages/airflow/example_dags/plugins/event_listener.py
[2024-02-14T09:12:51.816+0000] {processor.py:183} INFO - Processing /home/codespace/.local/share/virtualenvs/airflow_sandbox-vp-HKq_L/lib/python3.10/site-packages/airflow/example_dags/plugins/event_listener.py took 0.013 seconds
[2024-02-14T09:13:45.072+0000] {processor.py:161} INFO - Started process (PID=8732) to work on /home/codespace/.local/share/virtualenvs/airflow_sandbox-vp-HKq_L/lib/python3.10/site-packages/airflow/example_dags/plugins/event_listener.py
[2024-02-14T09:13:45.073+0000] {processor.py:830} INFO - Processing file /home/codespace/.local/share/virtualenvs/airflow_sandbox-vp-HKq_L/lib/python3.10/site-packages/airflow/example_dags/plugins/event_listener.py for tasks to queue
[2024-02-14T09:13:45.074+0000] {logging_mixin.py:188} INFO - [2024-02-14T09:13:45.073+0000] {dagbag.py:538} INFO - Filling up the DagBag from /home/codespace/.local/share/virtualenvs/airflow_sandbox-vp-HKq_L/lib/python3.10/site-packages/airflow/example_dags/plugins/event_listener.py
[2024-02-14T09:13:45.075+0000] {processor.py:842} WARNING - No viable dags retrieved from /home/codespace/.local/share/virtualenvs/airflow_sandbox-vp-HKq_L/lib/python3.10/site-packages/airflow/example_dags/plugins/event_listener.py
[2024-02-14T09:13:45.083+0000] {processor.py:183} INFO - Processing /home/codespace/.local/share/virtualenvs/airflow_sandbox-vp-HKq_L/lib/python3.10/site-packages/airflow/example_dags/plugins/event_listener.py took 0.013 seconds
[2024-02-14T09:14:36.679+0000] {processor.py:161} INFO - Started process (PID=9147) to work on /home/codespace/.local/share/virtualenvs/airflow_sandbox-vp-HKq_L/lib/python3.10/site-packages/airflow/example_dags/plugins/event_listener.py
[2024-02-14T09:14:36.680+0000] {processor.py:830} INFO - Processing file /home/codespace/.local/share/virtualenvs/airflow_sandbox-vp-HKq_L/lib/python3.10/site-packages/airflow/example_dags/plugins/event_listener.py for tasks to queue
[2024-02-14T09:14:36.681+0000] {logging_mixin.py:188} INFO - [2024-02-14T09:14:36.680+0000] {dagbag.py:538} INFO - Filling up the DagBag from /home/codespace/.local/share/virtualenvs/airflow_sandbox-vp-HKq_L/lib/python3.10/site-packages/airflow/example_dags/plugins/event_listener.py
[2024-02-14T09:14:36.683+0000] {processor.py:842} WARNING - No viable dags retrieved from /home/codespace/.local/share/virtualenvs/airflow_sandbox-vp-HKq_L/lib/python3.10/site-packages/airflow/example_dags/plugins/event_listener.py
[2024-02-14T09:14:36.696+0000] {processor.py:183} INFO - Processing /home/codespace/.local/share/virtualenvs/airflow_sandbox-vp-HKq_L/lib/python3.10/site-packages/airflow/example_dags/plugins/event_listener.py took 0.021 seconds
[2024-02-14T09:15:29.857+0000] {processor.py:161} INFO - Started process (PID=9506) to work on /home/codespace/.local/share/virtualenvs/airflow_sandbox-vp-HKq_L/lib/python3.10/site-packages/airflow/example_dags/plugins/event_listener.py
[2024-02-14T09:15:29.858+0000] {processor.py:830} INFO - Processing file /home/codespace/.local/share/virtualenvs/airflow_sandbox-vp-HKq_L/lib/python3.10/site-packages/airflow/example_dags/plugins/event_listener.py for tasks to queue
[2024-02-14T09:15:29.858+0000] {logging_mixin.py:188} INFO - [2024-02-14T09:15:29.858+0000] {dagbag.py:538} INFO - Filling up the DagBag from /home/codespace/.local/share/virtualenvs/airflow_sandbox-vp-HKq_L/lib/python3.10/site-packages/airflow/example_dags/plugins/event_listener.py
[2024-02-14T09:15:29.860+0000] {processor.py:842} WARNING - No viable dags retrieved from /home/codespace/.local/share/virtualenvs/airflow_sandbox-vp-HKq_L/lib/python3.10/site-packages/airflow/example_dags/plugins/event_listener.py
[2024-02-14T09:15:29.868+0000] {processor.py:183} INFO - Processing /home/codespace/.local/share/virtualenvs/airflow_sandbox-vp-HKq_L/lib/python3.10/site-packages/airflow/example_dags/plugins/event_listener.py took 0.014 seconds
[2024-02-14T09:16:20.382+0000] {processor.py:161} INFO - Started process (PID=9867) to work on /home/codespace/.local/share/virtualenvs/airflow_sandbox-vp-HKq_L/lib/python3.10/site-packages/airflow/example_dags/plugins/event_listener.py
[2024-02-14T09:16:20.383+0000] {processor.py:830} INFO - Processing file /home/codespace/.local/share/virtualenvs/airflow_sandbox-vp-HKq_L/lib/python3.10/site-packages/airflow/example_dags/plugins/event_listener.py for tasks to queue
[2024-02-14T09:16:20.384+0000] {logging_mixin.py:188} INFO - [2024-02-14T09:16:20.384+0000] {dagbag.py:538} INFO - Filling up the DagBag from /home/codespace/.local/share/virtualenvs/airflow_sandbox-vp-HKq_L/lib/python3.10/site-packages/airflow/example_dags/plugins/event_listener.py
[2024-02-14T09:16:20.386+0000] {processor.py:842} WARNING - No viable dags retrieved from /home/codespace/.local/share/virtualenvs/airflow_sandbox-vp-HKq_L/lib/python3.10/site-packages/airflow/example_dags/plugins/event_listener.py
[2024-02-14T09:16:20.393+0000] {processor.py:183} INFO - Processing /home/codespace/.local/share/virtualenvs/airflow_sandbox-vp-HKq_L/lib/python3.10/site-packages/airflow/example_dags/plugins/event_listener.py took 0.013 seconds
[2024-02-14T09:17:15.483+0000] {processor.py:161} INFO - Started process (PID=10269) to work on /home/codespace/.local/share/virtualenvs/airflow_sandbox-vp-HKq_L/lib/python3.10/site-packages/airflow/example_dags/plugins/event_listener.py
[2024-02-14T09:17:15.484+0000] {processor.py:830} INFO - Processing file /home/codespace/.local/share/virtualenvs/airflow_sandbox-vp-HKq_L/lib/python3.10/site-packages/airflow/example_dags/plugins/event_listener.py for tasks to queue
[2024-02-14T09:17:15.485+0000] {logging_mixin.py:188} INFO - [2024-02-14T09:17:15.484+0000] {dagbag.py:538} INFO - Filling up the DagBag from /home/codespace/.local/share/virtualenvs/airflow_sandbox-vp-HKq_L/lib/python3.10/site-packages/airflow/example_dags/plugins/event_listener.py
[2024-02-14T09:17:15.487+0000] {processor.py:842} WARNING - No viable dags retrieved from /home/codespace/.local/share/virtualenvs/airflow_sandbox-vp-HKq_L/lib/python3.10/site-packages/airflow/example_dags/plugins/event_listener.py
[2024-02-14T09:17:15.494+0000] {processor.py:183} INFO - Processing /home/codespace/.local/share/virtualenvs/airflow_sandbox-vp-HKq_L/lib/python3.10/site-packages/airflow/example_dags/plugins/event_listener.py took 0.014 seconds
[2024-02-14T09:18:04.714+0000] {processor.py:161} INFO - Started process (PID=10660) to work on /home/codespace/.local/share/virtualenvs/airflow_sandbox-vp-HKq_L/lib/python3.10/site-packages/airflow/example_dags/plugins/event_listener.py
[2024-02-14T09:18:04.715+0000] {processor.py:830} INFO - Processing file /home/codespace/.local/share/virtualenvs/airflow_sandbox-vp-HKq_L/lib/python3.10/site-packages/airflow/example_dags/plugins/event_listener.py for tasks to queue
[2024-02-14T09:18:04.716+0000] {logging_mixin.py:188} INFO - [2024-02-14T09:18:04.716+0000] {dagbag.py:538} INFO - Filling up the DagBag from /home/codespace/.local/share/virtualenvs/airflow_sandbox-vp-HKq_L/lib/python3.10/site-packages/airflow/example_dags/plugins/event_listener.py
[2024-02-14T09:18:04.721+0000] {processor.py:842} WARNING - No viable dags retrieved from /home/codespace/.local/share/virtualenvs/airflow_sandbox-vp-HKq_L/lib/python3.10/site-packages/airflow/example_dags/plugins/event_listener.py
[2024-02-14T09:18:04.734+0000] {processor.py:183} INFO - Processing /home/codespace/.local/share/virtualenvs/airflow_sandbox-vp-HKq_L/lib/python3.10/site-packages/airflow/example_dags/plugins/event_listener.py took 0.023 seconds
[2024-02-14T09:18:57.824+0000] {processor.py:161} INFO - Started process (PID=11043) to work on /home/codespace/.local/share/virtualenvs/airflow_sandbox-vp-HKq_L/lib/python3.10/site-packages/airflow/example_dags/plugins/event_listener.py
[2024-02-14T09:18:57.825+0000] {processor.py:830} INFO - Processing file /home/codespace/.local/share/virtualenvs/airflow_sandbox-vp-HKq_L/lib/python3.10/site-packages/airflow/example_dags/plugins/event_listener.py for tasks to queue
[2024-02-14T09:18:57.826+0000] {logging_mixin.py:188} INFO - [2024-02-14T09:18:57.825+0000] {dagbag.py:538} INFO - Filling up the DagBag from /home/codespace/.local/share/virtualenvs/airflow_sandbox-vp-HKq_L/lib/python3.10/site-packages/airflow/example_dags/plugins/event_listener.py
[2024-02-14T09:18:57.828+0000] {processor.py:842} WARNING - No viable dags retrieved from /home/codespace/.local/share/virtualenvs/airflow_sandbox-vp-HKq_L/lib/python3.10/site-packages/airflow/example_dags/plugins/event_listener.py
[2024-02-14T09:18:57.838+0000] {processor.py:183} INFO - Processing /home/codespace/.local/share/virtualenvs/airflow_sandbox-vp-HKq_L/lib/python3.10/site-packages/airflow/example_dags/plugins/event_listener.py took 0.016 seconds
[2024-02-14T09:19:53.813+0000] {processor.py:161} INFO - Started process (PID=11428) to work on /home/codespace/.local/share/virtualenvs/airflow_sandbox-vp-HKq_L/lib/python3.10/site-packages/airflow/example_dags/plugins/event_listener.py
[2024-02-14T09:19:53.814+0000] {processor.py:830} INFO - Processing file /home/codespace/.local/share/virtualenvs/airflow_sandbox-vp-HKq_L/lib/python3.10/site-packages/airflow/example_dags/plugins/event_listener.py for tasks to queue
[2024-02-14T09:19:53.815+0000] {logging_mixin.py:188} INFO - [2024-02-14T09:19:53.815+0000] {dagbag.py:538} INFO - Filling up the DagBag from /home/codespace/.local/share/virtualenvs/airflow_sandbox-vp-HKq_L/lib/python3.10/site-packages/airflow/example_dags/plugins/event_listener.py
[2024-02-14T09:19:53.818+0000] {processor.py:842} WARNING - No viable dags retrieved from /home/codespace/.local/share/virtualenvs/airflow_sandbox-vp-HKq_L/lib/python3.10/site-packages/airflow/example_dags/plugins/event_listener.py
[2024-02-14T09:19:53.826+0000] {processor.py:183} INFO - Processing /home/codespace/.local/share/virtualenvs/airflow_sandbox-vp-HKq_L/lib/python3.10/site-packages/airflow/example_dags/plugins/event_listener.py took 0.015 seconds
[2024-02-14T09:20:45.728+0000] {processor.py:161} INFO - Started process (PID=12296) to work on /home/codespace/.local/share/virtualenvs/airflow_sandbox-vp-HKq_L/lib/python3.10/site-packages/airflow/example_dags/plugins/event_listener.py
[2024-02-14T09:20:45.729+0000] {processor.py:830} INFO - Processing file /home/codespace/.local/share/virtualenvs/airflow_sandbox-vp-HKq_L/lib/python3.10/site-packages/airflow/example_dags/plugins/event_listener.py for tasks to queue
[2024-02-14T09:20:45.730+0000] {logging_mixin.py:188} INFO - [2024-02-14T09:20:45.730+0000] {dagbag.py:538} INFO - Filling up the DagBag from /home/codespace/.local/share/virtualenvs/airflow_sandbox-vp-HKq_L/lib/python3.10/site-packages/airflow/example_dags/plugins/event_listener.py
[2024-02-14T09:20:45.732+0000] {processor.py:842} WARNING - No viable dags retrieved from /home/codespace/.local/share/virtualenvs/airflow_sandbox-vp-HKq_L/lib/python3.10/site-packages/airflow/example_dags/plugins/event_listener.py
[2024-02-14T09:20:45.739+0000] {processor.py:183} INFO - Processing /home/codespace/.local/share/virtualenvs/airflow_sandbox-vp-HKq_L/lib/python3.10/site-packages/airflow/example_dags/plugins/event_listener.py took 0.015 seconds
[2024-02-14T09:21:37.507+0000] {processor.py:161} INFO - Started process (PID=12668) to work on /home/codespace/.local/share/virtualenvs/airflow_sandbox-vp-HKq_L/lib/python3.10/site-packages/airflow/example_dags/plugins/event_listener.py
[2024-02-14T09:21:37.507+0000] {processor.py:830} INFO - Processing file /home/codespace/.local/share/virtualenvs/airflow_sandbox-vp-HKq_L/lib/python3.10/site-packages/airflow/example_dags/plugins/event_listener.py for tasks to queue
[2024-02-14T09:21:37.508+0000] {logging_mixin.py:188} INFO - [2024-02-14T09:21:37.508+0000] {dagbag.py:538} INFO - Filling up the DagBag from /home/codespace/.local/share/virtualenvs/airflow_sandbox-vp-HKq_L/lib/python3.10/site-packages/airflow/example_dags/plugins/event_listener.py
[2024-02-14T09:21:37.510+0000] {processor.py:842} WARNING - No viable dags retrieved from /home/codespace/.local/share/virtualenvs/airflow_sandbox-vp-HKq_L/lib/python3.10/site-packages/airflow/example_dags/plugins/event_listener.py
[2024-02-14T09:21:37.518+0000] {processor.py:183} INFO - Processing /home/codespace/.local/share/virtualenvs/airflow_sandbox-vp-HKq_L/lib/python3.10/site-packages/airflow/example_dags/plugins/event_listener.py took 0.013 seconds
[2024-02-14T09:22:35.397+0000] {processor.py:161} INFO - Started process (PID=13102) to work on /home/codespace/.local/share/virtualenvs/airflow_sandbox-vp-HKq_L/lib/python3.10/site-packages/airflow/example_dags/plugins/event_listener.py
[2024-02-14T09:22:35.397+0000] {processor.py:830} INFO - Processing file /home/codespace/.local/share/virtualenvs/airflow_sandbox-vp-HKq_L/lib/python3.10/site-packages/airflow/example_dags/plugins/event_listener.py for tasks to queue
[2024-02-14T09:22:35.398+0000] {logging_mixin.py:188} INFO - [2024-02-14T09:22:35.398+0000] {dagbag.py:538} INFO - Filling up the DagBag from /home/codespace/.local/share/virtualenvs/airflow_sandbox-vp-HKq_L/lib/python3.10/site-packages/airflow/example_dags/plugins/event_listener.py
[2024-02-14T09:22:35.400+0000] {processor.py:842} WARNING - No viable dags retrieved from /home/codespace/.local/share/virtualenvs/airflow_sandbox-vp-HKq_L/lib/python3.10/site-packages/airflow/example_dags/plugins/event_listener.py
[2024-02-14T09:22:35.407+0000] {processor.py:183} INFO - Processing /home/codespace/.local/share/virtualenvs/airflow_sandbox-vp-HKq_L/lib/python3.10/site-packages/airflow/example_dags/plugins/event_listener.py took 0.013 seconds
[2024-02-14T09:23:31.903+0000] {processor.py:161} INFO - Started process (PID=13499) to work on /home/codespace/.local/share/virtualenvs/airflow_sandbox-vp-HKq_L/lib/python3.10/site-packages/airflow/example_dags/plugins/event_listener.py
[2024-02-14T09:23:31.903+0000] {processor.py:830} INFO - Processing file /home/codespace/.local/share/virtualenvs/airflow_sandbox-vp-HKq_L/lib/python3.10/site-packages/airflow/example_dags/plugins/event_listener.py for tasks to queue
[2024-02-14T09:23:31.904+0000] {logging_mixin.py:188} INFO - [2024-02-14T09:23:31.904+0000] {dagbag.py:538} INFO - Filling up the DagBag from /home/codespace/.local/share/virtualenvs/airflow_sandbox-vp-HKq_L/lib/python3.10/site-packages/airflow/example_dags/plugins/event_listener.py
[2024-02-14T09:23:31.906+0000] {processor.py:842} WARNING - No viable dags retrieved from /home/codespace/.local/share/virtualenvs/airflow_sandbox-vp-HKq_L/lib/python3.10/site-packages/airflow/example_dags/plugins/event_listener.py
[2024-02-14T09:23:31.913+0000] {processor.py:183} INFO - Processing /home/codespace/.local/share/virtualenvs/airflow_sandbox-vp-HKq_L/lib/python3.10/site-packages/airflow/example_dags/plugins/event_listener.py took 0.013 seconds
[2024-02-14T09:24:30.398+0000] {processor.py:161} INFO - Started process (PID=13908) to work on /home/codespace/.local/share/virtualenvs/airflow_sandbox-vp-HKq_L/lib/python3.10/site-packages/airflow/example_dags/plugins/event_listener.py
[2024-02-14T09:24:30.399+0000] {processor.py:830} INFO - Processing file /home/codespace/.local/share/virtualenvs/airflow_sandbox-vp-HKq_L/lib/python3.10/site-packages/airflow/example_dags/plugins/event_listener.py for tasks to queue
[2024-02-14T09:24:30.400+0000] {logging_mixin.py:188} INFO - [2024-02-14T09:24:30.399+0000] {dagbag.py:538} INFO - Filling up the DagBag from /home/codespace/.local/share/virtualenvs/airflow_sandbox-vp-HKq_L/lib/python3.10/site-packages/airflow/example_dags/plugins/event_listener.py
[2024-02-14T09:24:30.401+0000] {processor.py:842} WARNING - No viable dags retrieved from /home/codespace/.local/share/virtualenvs/airflow_sandbox-vp-HKq_L/lib/python3.10/site-packages/airflow/example_dags/plugins/event_listener.py
[2024-02-14T09:24:30.408+0000] {processor.py:183} INFO - Processing /home/codespace/.local/share/virtualenvs/airflow_sandbox-vp-HKq_L/lib/python3.10/site-packages/airflow/example_dags/plugins/event_listener.py took 0.013 seconds
[2024-02-14T09:25:23.299+0000] {processor.py:161} INFO - Started process (PID=14271) to work on /home/codespace/.local/share/virtualenvs/airflow_sandbox-vp-HKq_L/lib/python3.10/site-packages/airflow/example_dags/plugins/event_listener.py
[2024-02-14T09:25:23.300+0000] {processor.py:830} INFO - Processing file /home/codespace/.local/share/virtualenvs/airflow_sandbox-vp-HKq_L/lib/python3.10/site-packages/airflow/example_dags/plugins/event_listener.py for tasks to queue
[2024-02-14T09:25:23.300+0000] {logging_mixin.py:188} INFO - [2024-02-14T09:25:23.300+0000] {dagbag.py:538} INFO - Filling up the DagBag from /home/codespace/.local/share/virtualenvs/airflow_sandbox-vp-HKq_L/lib/python3.10/site-packages/airflow/example_dags/plugins/event_listener.py
[2024-02-14T09:25:23.302+0000] {processor.py:842} WARNING - No viable dags retrieved from /home/codespace/.local/share/virtualenvs/airflow_sandbox-vp-HKq_L/lib/python3.10/site-packages/airflow/example_dags/plugins/event_listener.py
[2024-02-14T09:25:23.310+0000] {processor.py:183} INFO - Processing /home/codespace/.local/share/virtualenvs/airflow_sandbox-vp-HKq_L/lib/python3.10/site-packages/airflow/example_dags/plugins/event_listener.py took 0.013 seconds
[2024-02-14T09:26:14.423+0000] {processor.py:161} INFO - Started process (PID=14618) to work on /home/codespace/.local/share/virtualenvs/airflow_sandbox-vp-HKq_L/lib/python3.10/site-packages/airflow/example_dags/plugins/event_listener.py
[2024-02-14T09:26:14.424+0000] {processor.py:830} INFO - Processing file /home/codespace/.local/share/virtualenvs/airflow_sandbox-vp-HKq_L/lib/python3.10/site-packages/airflow/example_dags/plugins/event_listener.py for tasks to queue
[2024-02-14T09:26:14.425+0000] {logging_mixin.py:188} INFO - [2024-02-14T09:26:14.425+0000] {dagbag.py:538} INFO - Filling up the DagBag from /home/codespace/.local/share/virtualenvs/airflow_sandbox-vp-HKq_L/lib/python3.10/site-packages/airflow/example_dags/plugins/event_listener.py
[2024-02-14T09:26:14.427+0000] {processor.py:842} WARNING - No viable dags retrieved from /home/codespace/.local/share/virtualenvs/airflow_sandbox-vp-HKq_L/lib/python3.10/site-packages/airflow/example_dags/plugins/event_listener.py
[2024-02-14T09:26:14.434+0000] {processor.py:183} INFO - Processing /home/codespace/.local/share/virtualenvs/airflow_sandbox-vp-HKq_L/lib/python3.10/site-packages/airflow/example_dags/plugins/event_listener.py took 0.012 seconds
[2024-02-14T09:27:09.189+0000] {processor.py:161} INFO - Started process (PID=14991) to work on /home/codespace/.local/share/virtualenvs/airflow_sandbox-vp-HKq_L/lib/python3.10/site-packages/airflow/example_dags/plugins/event_listener.py
[2024-02-14T09:27:09.190+0000] {processor.py:830} INFO - Processing file /home/codespace/.local/share/virtualenvs/airflow_sandbox-vp-HKq_L/lib/python3.10/site-packages/airflow/example_dags/plugins/event_listener.py for tasks to queue
[2024-02-14T09:27:09.190+0000] {logging_mixin.py:188} INFO - [2024-02-14T09:27:09.190+0000] {dagbag.py:538} INFO - Filling up the DagBag from /home/codespace/.local/share/virtualenvs/airflow_sandbox-vp-HKq_L/lib/python3.10/site-packages/airflow/example_dags/plugins/event_listener.py
[2024-02-14T09:27:09.192+0000] {processor.py:842} WARNING - No viable dags retrieved from /home/codespace/.local/share/virtualenvs/airflow_sandbox-vp-HKq_L/lib/python3.10/site-packages/airflow/example_dags/plugins/event_listener.py
[2024-02-14T09:27:09.200+0000] {processor.py:183} INFO - Processing /home/codespace/.local/share/virtualenvs/airflow_sandbox-vp-HKq_L/lib/python3.10/site-packages/airflow/example_dags/plugins/event_listener.py took 0.013 seconds
[2024-02-14T09:27:47.024+0000] {processor.py:161} INFO - Started process (PID=15286) to work on /home/codespace/.local/share/virtualenvs/airflow_sandbox-vp-HKq_L/lib/python3.10/site-packages/airflow/example_dags/plugins/event_listener.py
[2024-02-14T09:27:47.025+0000] {processor.py:830} INFO - Processing file /home/codespace/.local/share/virtualenvs/airflow_sandbox-vp-HKq_L/lib/python3.10/site-packages/airflow/example_dags/plugins/event_listener.py for tasks to queue
[2024-02-14T09:27:47.026+0000] {logging_mixin.py:188} INFO - [2024-02-14T09:27:47.025+0000] {dagbag.py:538} INFO - Filling up the DagBag from /home/codespace/.local/share/virtualenvs/airflow_sandbox-vp-HKq_L/lib/python3.10/site-packages/airflow/example_dags/plugins/event_listener.py
[2024-02-14T09:27:47.027+0000] {processor.py:842} WARNING - No viable dags retrieved from /home/codespace/.local/share/virtualenvs/airflow_sandbox-vp-HKq_L/lib/python3.10/site-packages/airflow/example_dags/plugins/event_listener.py
[2024-02-14T09:27:47.038+0000] {processor.py:183} INFO - Processing /home/codespace/.local/share/virtualenvs/airflow_sandbox-vp-HKq_L/lib/python3.10/site-packages/airflow/example_dags/plugins/event_listener.py took 0.016 seconds
[2024-02-14T09:28:40.264+0000] {processor.py:161} INFO - Started process (PID=15712) to work on /home/codespace/.local/share/virtualenvs/airflow_sandbox-vp-HKq_L/lib/python3.10/site-packages/airflow/example_dags/plugins/event_listener.py
[2024-02-14T09:28:40.264+0000] {processor.py:830} INFO - Processing file /home/codespace/.local/share/virtualenvs/airflow_sandbox-vp-HKq_L/lib/python3.10/site-packages/airflow/example_dags/plugins/event_listener.py for tasks to queue
[2024-02-14T09:28:40.265+0000] {logging_mixin.py:188} INFO - [2024-02-14T09:28:40.265+0000] {dagbag.py:538} INFO - Filling up the DagBag from /home/codespace/.local/share/virtualenvs/airflow_sandbox-vp-HKq_L/lib/python3.10/site-packages/airflow/example_dags/plugins/event_listener.py
[2024-02-14T09:28:40.267+0000] {processor.py:842} WARNING - No viable dags retrieved from /home/codespace/.local/share/virtualenvs/airflow_sandbox-vp-HKq_L/lib/python3.10/site-packages/airflow/example_dags/plugins/event_listener.py
[2024-02-14T09:28:40.274+0000] {processor.py:183} INFO - Processing /home/codespace/.local/share/virtualenvs/airflow_sandbox-vp-HKq_L/lib/python3.10/site-packages/airflow/example_dags/plugins/event_listener.py took 0.013 seconds
[2024-02-14T09:29:33.925+0000] {processor.py:161} INFO - Started process (PID=16179) to work on /home/codespace/.local/share/virtualenvs/airflow_sandbox-vp-HKq_L/lib/python3.10/site-packages/airflow/example_dags/plugins/event_listener.py
[2024-02-14T09:29:33.926+0000] {processor.py:830} INFO - Processing file /home/codespace/.local/share/virtualenvs/airflow_sandbox-vp-HKq_L/lib/python3.10/site-packages/airflow/example_dags/plugins/event_listener.py for tasks to queue
[2024-02-14T09:29:33.927+0000] {logging_mixin.py:188} INFO - [2024-02-14T09:29:33.926+0000] {dagbag.py:538} INFO - Filling up the DagBag from /home/codespace/.local/share/virtualenvs/airflow_sandbox-vp-HKq_L/lib/python3.10/site-packages/airflow/example_dags/plugins/event_listener.py
[2024-02-14T09:29:33.929+0000] {processor.py:842} WARNING - No viable dags retrieved from /home/codespace/.local/share/virtualenvs/airflow_sandbox-vp-HKq_L/lib/python3.10/site-packages/airflow/example_dags/plugins/event_listener.py
[2024-02-14T09:29:33.936+0000] {processor.py:183} INFO - Processing /home/codespace/.local/share/virtualenvs/airflow_sandbox-vp-HKq_L/lib/python3.10/site-packages/airflow/example_dags/plugins/event_listener.py took 0.013 seconds
[2024-02-14T09:30:25.511+0000] {processor.py:161} INFO - Started process (PID=16535) to work on /home/codespace/.local/share/virtualenvs/airflow_sandbox-vp-HKq_L/lib/python3.10/site-packages/airflow/example_dags/plugins/event_listener.py
[2024-02-14T09:30:25.512+0000] {processor.py:830} INFO - Processing file /home/codespace/.local/share/virtualenvs/airflow_sandbox-vp-HKq_L/lib/python3.10/site-packages/airflow/example_dags/plugins/event_listener.py for tasks to queue
[2024-02-14T09:30:25.513+0000] {logging_mixin.py:188} INFO - [2024-02-14T09:30:25.513+0000] {dagbag.py:538} INFO - Filling up the DagBag from /home/codespace/.local/share/virtualenvs/airflow_sandbox-vp-HKq_L/lib/python3.10/site-packages/airflow/example_dags/plugins/event_listener.py
[2024-02-14T09:30:25.515+0000] {processor.py:842} WARNING - No viable dags retrieved from /home/codespace/.local/share/virtualenvs/airflow_sandbox-vp-HKq_L/lib/python3.10/site-packages/airflow/example_dags/plugins/event_listener.py
[2024-02-14T09:30:25.527+0000] {processor.py:183} INFO - Processing /home/codespace/.local/share/virtualenvs/airflow_sandbox-vp-HKq_L/lib/python3.10/site-packages/airflow/example_dags/plugins/event_listener.py took 0.019 seconds
[2024-02-14T09:31:17.215+0000] {processor.py:161} INFO - Started process (PID=16912) to work on /home/codespace/.local/share/virtualenvs/airflow_sandbox-vp-HKq_L/lib/python3.10/site-packages/airflow/example_dags/plugins/event_listener.py
[2024-02-14T09:31:17.216+0000] {processor.py:830} INFO - Processing file /home/codespace/.local/share/virtualenvs/airflow_sandbox-vp-HKq_L/lib/python3.10/site-packages/airflow/example_dags/plugins/event_listener.py for tasks to queue
[2024-02-14T09:31:17.216+0000] {logging_mixin.py:188} INFO - [2024-02-14T09:31:17.216+0000] {dagbag.py:538} INFO - Filling up the DagBag from /home/codespace/.local/share/virtualenvs/airflow_sandbox-vp-HKq_L/lib/python3.10/site-packages/airflow/example_dags/plugins/event_listener.py
[2024-02-14T09:31:17.218+0000] {processor.py:842} WARNING - No viable dags retrieved from /home/codespace/.local/share/virtualenvs/airflow_sandbox-vp-HKq_L/lib/python3.10/site-packages/airflow/example_dags/plugins/event_listener.py
[2024-02-14T09:31:17.225+0000] {processor.py:183} INFO - Processing /home/codespace/.local/share/virtualenvs/airflow_sandbox-vp-HKq_L/lib/python3.10/site-packages/airflow/example_dags/plugins/event_listener.py took 0.012 seconds
[2024-02-14T09:32:11.266+0000] {processor.py:161} INFO - Started process (PID=17302) to work on /home/codespace/.local/share/virtualenvs/airflow_sandbox-vp-HKq_L/lib/python3.10/site-packages/airflow/example_dags/plugins/event_listener.py
[2024-02-14T09:32:11.267+0000] {processor.py:830} INFO - Processing file /home/codespace/.local/share/virtualenvs/airflow_sandbox-vp-HKq_L/lib/python3.10/site-packages/airflow/example_dags/plugins/event_listener.py for tasks to queue
[2024-02-14T09:32:11.268+0000] {logging_mixin.py:188} INFO - [2024-02-14T09:32:11.267+0000] {dagbag.py:538} INFO - Filling up the DagBag from /home/codespace/.local/share/virtualenvs/airflow_sandbox-vp-HKq_L/lib/python3.10/site-packages/airflow/example_dags/plugins/event_listener.py
[2024-02-14T09:32:11.269+0000] {processor.py:842} WARNING - No viable dags retrieved from /home/codespace/.local/share/virtualenvs/airflow_sandbox-vp-HKq_L/lib/python3.10/site-packages/airflow/example_dags/plugins/event_listener.py
[2024-02-14T09:32:11.277+0000] {processor.py:183} INFO - Processing /home/codespace/.local/share/virtualenvs/airflow_sandbox-vp-HKq_L/lib/python3.10/site-packages/airflow/example_dags/plugins/event_listener.py took 0.013 seconds
[2024-02-14T09:33:03.632+0000] {processor.py:161} INFO - Started process (PID=17687) to work on /home/codespace/.local/share/virtualenvs/airflow_sandbox-vp-HKq_L/lib/python3.10/site-packages/airflow/example_dags/plugins/event_listener.py
[2024-02-14T09:33:03.633+0000] {processor.py:830} INFO - Processing file /home/codespace/.local/share/virtualenvs/airflow_sandbox-vp-HKq_L/lib/python3.10/site-packages/airflow/example_dags/plugins/event_listener.py for tasks to queue
[2024-02-14T09:33:03.634+0000] {logging_mixin.py:188} INFO - [2024-02-14T09:33:03.634+0000] {dagbag.py:538} INFO - Filling up the DagBag from /home/codespace/.local/share/virtualenvs/airflow_sandbox-vp-HKq_L/lib/python3.10/site-packages/airflow/example_dags/plugins/event_listener.py
[2024-02-14T09:33:03.636+0000] {processor.py:842} WARNING - No viable dags retrieved from /home/codespace/.local/share/virtualenvs/airflow_sandbox-vp-HKq_L/lib/python3.10/site-packages/airflow/example_dags/plugins/event_listener.py
[2024-02-14T09:33:03.643+0000] {processor.py:183} INFO - Processing /home/codespace/.local/share/virtualenvs/airflow_sandbox-vp-HKq_L/lib/python3.10/site-packages/airflow/example_dags/plugins/event_listener.py took 0.013 seconds
[2024-02-14T09:33:56.177+0000] {processor.py:161} INFO - Started process (PID=18060) to work on /home/codespace/.local/share/virtualenvs/airflow_sandbox-vp-HKq_L/lib/python3.10/site-packages/airflow/example_dags/plugins/event_listener.py
[2024-02-14T09:33:56.178+0000] {processor.py:830} INFO - Processing file /home/codespace/.local/share/virtualenvs/airflow_sandbox-vp-HKq_L/lib/python3.10/site-packages/airflow/example_dags/plugins/event_listener.py for tasks to queue
[2024-02-14T09:33:56.178+0000] {logging_mixin.py:188} INFO - [2024-02-14T09:33:56.178+0000] {dagbag.py:538} INFO - Filling up the DagBag from /home/codespace/.local/share/virtualenvs/airflow_sandbox-vp-HKq_L/lib/python3.10/site-packages/airflow/example_dags/plugins/event_listener.py
[2024-02-14T09:33:56.180+0000] {processor.py:842} WARNING - No viable dags retrieved from /home/codespace/.local/share/virtualenvs/airflow_sandbox-vp-HKq_L/lib/python3.10/site-packages/airflow/example_dags/plugins/event_listener.py
[2024-02-14T09:33:56.188+0000] {processor.py:183} INFO - Processing /home/codespace/.local/share/virtualenvs/airflow_sandbox-vp-HKq_L/lib/python3.10/site-packages/airflow/example_dags/plugins/event_listener.py took 0.014 seconds
[2024-02-14T09:34:51.851+0000] {processor.py:161} INFO - Started process (PID=18633) to work on /home/codespace/.local/share/virtualenvs/airflow_sandbox-vp-HKq_L/lib/python3.10/site-packages/airflow/example_dags/plugins/event_listener.py
[2024-02-14T09:34:51.852+0000] {processor.py:830} INFO - Processing file /home/codespace/.local/share/virtualenvs/airflow_sandbox-vp-HKq_L/lib/python3.10/site-packages/airflow/example_dags/plugins/event_listener.py for tasks to queue
[2024-02-14T09:34:51.853+0000] {logging_mixin.py:188} INFO - [2024-02-14T09:34:51.853+0000] {dagbag.py:538} INFO - Filling up the DagBag from /home/codespace/.local/share/virtualenvs/airflow_sandbox-vp-HKq_L/lib/python3.10/site-packages/airflow/example_dags/plugins/event_listener.py
[2024-02-14T09:34:51.855+0000] {processor.py:842} WARNING - No viable dags retrieved from /home/codespace/.local/share/virtualenvs/airflow_sandbox-vp-HKq_L/lib/python3.10/site-packages/airflow/example_dags/plugins/event_listener.py
[2024-02-14T09:34:51.867+0000] {processor.py:183} INFO - Processing /home/codespace/.local/share/virtualenvs/airflow_sandbox-vp-HKq_L/lib/python3.10/site-packages/airflow/example_dags/plugins/event_listener.py took 0.019 seconds
