[2024-02-14T09:07:29.840+0000] {processor.py:161} INFO - Started process (PID=4368) to work on /home/codespace/.local/share/virtualenvs/airflow_sandbox-vp-HKq_L/lib/python3.10/site-packages/airflow/example_dags/plugins/listener_plugin.py
[2024-02-14T09:07:29.841+0000] {processor.py:830} INFO - Processing file /home/codespace/.local/share/virtualenvs/airflow_sandbox-vp-HKq_L/lib/python3.10/site-packages/airflow/example_dags/plugins/listener_plugin.py for tasks to queue
[2024-02-14T09:07:29.842+0000] {logging_mixin.py:188} INFO - [2024-02-14T09:07:29.842+0000] {dagbag.py:538} INFO - Filling up the DagBag from /home/codespace/.local/share/virtualenvs/airflow_sandbox-vp-HKq_L/lib/python3.10/site-packages/airflow/example_dags/plugins/listener_plugin.py
[2024-02-14T09:07:29.850+0000] {processor.py:842} WARNING - No viable dags retrieved from /home/codespace/.local/share/virtualenvs/airflow_sandbox-vp-HKq_L/lib/python3.10/site-packages/airflow/example_dags/plugins/listener_plugin.py
[2024-02-14T09:07:29.874+0000] {processor.py:183} INFO - Processing /home/codespace/.local/share/virtualenvs/airflow_sandbox-vp-HKq_L/lib/python3.10/site-packages/airflow/example_dags/plugins/listener_plugin.py took 0.036 seconds
[2024-02-14T09:08:21.755+0000] {processor.py:161} INFO - Started process (PID=4969) to work on /home/codespace/.local/share/virtualenvs/airflow_sandbox-vp-HKq_L/lib/python3.10/site-packages/airflow/example_dags/plugins/listener_plugin.py
[2024-02-14T09:08:21.756+0000] {processor.py:830} INFO - Processing file /home/codespace/.local/share/virtualenvs/airflow_sandbox-vp-HKq_L/lib/python3.10/site-packages/airflow/example_dags/plugins/listener_plugin.py for tasks to queue
[2024-02-14T09:08:21.756+0000] {logging_mixin.py:188} INFO - [2024-02-14T09:08:21.756+0000] {dagbag.py:538} INFO - Filling up the DagBag from /home/codespace/.local/share/virtualenvs/airflow_sandbox-vp-HKq_L/lib/python3.10/site-packages/airflow/example_dags/plugins/listener_plugin.py
[2024-02-14T09:08:21.759+0000] {processor.py:842} WARNING - No viable dags retrieved from /home/codespace/.local/share/virtualenvs/airflow_sandbox-vp-HKq_L/lib/python3.10/site-packages/airflow/example_dags/plugins/listener_plugin.py
[2024-02-14T09:08:21.767+0000] {processor.py:183} INFO - Processing /home/codespace/.local/share/virtualenvs/airflow_sandbox-vp-HKq_L/lib/python3.10/site-packages/airflow/example_dags/plugins/listener_plugin.py took 0.015 seconds
[2024-02-14T09:09:01.976+0000] {processor.py:161} INFO - Started process (PID=5502) to work on /home/codespace/.local/share/virtualenvs/airflow_sandbox-vp-HKq_L/lib/python3.10/site-packages/airflow/example_dags/plugins/listener_plugin.py
[2024-02-14T09:09:01.977+0000] {processor.py:830} INFO - Processing file /home/codespace/.local/share/virtualenvs/airflow_sandbox-vp-HKq_L/lib/python3.10/site-packages/airflow/example_dags/plugins/listener_plugin.py for tasks to queue
[2024-02-14T09:09:01.978+0000] {logging_mixin.py:188} INFO - [2024-02-14T09:09:01.977+0000] {dagbag.py:538} INFO - Filling up the DagBag from /home/codespace/.local/share/virtualenvs/airflow_sandbox-vp-HKq_L/lib/python3.10/site-packages/airflow/example_dags/plugins/listener_plugin.py
[2024-02-14T09:09:01.980+0000] {processor.py:842} WARNING - No viable dags retrieved from /home/codespace/.local/share/virtualenvs/airflow_sandbox-vp-HKq_L/lib/python3.10/site-packages/airflow/example_dags/plugins/listener_plugin.py
[2024-02-14T09:09:01.988+0000] {processor.py:183} INFO - Processing /home/codespace/.local/share/virtualenvs/airflow_sandbox-vp-HKq_L/lib/python3.10/site-packages/airflow/example_dags/plugins/listener_plugin.py took 0.014 seconds
[2024-02-14T09:09:54.169+0000] {processor.py:161} INFO - Started process (PID=6292) to work on /home/codespace/.local/share/virtualenvs/airflow_sandbox-vp-HKq_L/lib/python3.10/site-packages/airflow/example_dags/plugins/listener_plugin.py
[2024-02-14T09:09:54.169+0000] {processor.py:830} INFO - Processing file /home/codespace/.local/share/virtualenvs/airflow_sandbox-vp-HKq_L/lib/python3.10/site-packages/airflow/example_dags/plugins/listener_plugin.py for tasks to queue
[2024-02-14T09:09:54.170+0000] {logging_mixin.py:188} INFO - [2024-02-14T09:09:54.170+0000] {dagbag.py:538} INFO - Filling up the DagBag from /home/codespace/.local/share/virtualenvs/airflow_sandbox-vp-HKq_L/lib/python3.10/site-packages/airflow/example_dags/plugins/listener_plugin.py
[2024-02-14T09:09:54.172+0000] {processor.py:842} WARNING - No viable dags retrieved from /home/codespace/.local/share/virtualenvs/airflow_sandbox-vp-HKq_L/lib/python3.10/site-packages/airflow/example_dags/plugins/listener_plugin.py
[2024-02-14T09:09:54.181+0000] {processor.py:183} INFO - Processing /home/codespace/.local/share/virtualenvs/airflow_sandbox-vp-HKq_L/lib/python3.10/site-packages/airflow/example_dags/plugins/listener_plugin.py took 0.016 seconds
[2024-02-14T09:10:31.708+0000] {processor.py:161} INFO - Started process (PID=6731) to work on /home/codespace/.local/share/virtualenvs/airflow_sandbox-vp-HKq_L/lib/python3.10/site-packages/airflow/example_dags/plugins/listener_plugin.py
[2024-02-14T09:10:31.709+0000] {processor.py:830} INFO - Processing file /home/codespace/.local/share/virtualenvs/airflow_sandbox-vp-HKq_L/lib/python3.10/site-packages/airflow/example_dags/plugins/listener_plugin.py for tasks to queue
[2024-02-14T09:10:31.709+0000] {logging_mixin.py:188} INFO - [2024-02-14T09:10:31.709+0000] {dagbag.py:538} INFO - Filling up the DagBag from /home/codespace/.local/share/virtualenvs/airflow_sandbox-vp-HKq_L/lib/python3.10/site-packages/airflow/example_dags/plugins/listener_plugin.py
[2024-02-14T09:10:31.712+0000] {processor.py:842} WARNING - No viable dags retrieved from /home/codespace/.local/share/virtualenvs/airflow_sandbox-vp-HKq_L/lib/python3.10/site-packages/airflow/example_dags/plugins/listener_plugin.py
[2024-02-14T09:10:31.719+0000] {processor.py:183} INFO - Processing /home/codespace/.local/share/virtualenvs/airflow_sandbox-vp-HKq_L/lib/python3.10/site-packages/airflow/example_dags/plugins/listener_plugin.py took 0.014 seconds
[2024-02-14T09:11:07.165+0000] {processor.py:161} INFO - Started process (PID=7174) to work on /home/codespace/.local/share/virtualenvs/airflow_sandbox-vp-HKq_L/lib/python3.10/site-packages/airflow/example_dags/plugins/listener_plugin.py
[2024-02-14T09:11:07.166+0000] {processor.py:830} INFO - Processing file /home/codespace/.local/share/virtualenvs/airflow_sandbox-vp-HKq_L/lib/python3.10/site-packages/airflow/example_dags/plugins/listener_plugin.py for tasks to queue
[2024-02-14T09:11:07.166+0000] {logging_mixin.py:188} INFO - [2024-02-14T09:11:07.166+0000] {dagbag.py:538} INFO - Filling up the DagBag from /home/codespace/.local/share/virtualenvs/airflow_sandbox-vp-HKq_L/lib/python3.10/site-packages/airflow/example_dags/plugins/listener_plugin.py
[2024-02-14T09:11:07.169+0000] {processor.py:842} WARNING - No viable dags retrieved from /home/codespace/.local/share/virtualenvs/airflow_sandbox-vp-HKq_L/lib/python3.10/site-packages/airflow/example_dags/plugins/listener_plugin.py
[2024-02-14T09:11:07.176+0000] {processor.py:183} INFO - Processing /home/codespace/.local/share/virtualenvs/airflow_sandbox-vp-HKq_L/lib/python3.10/site-packages/airflow/example_dags/plugins/listener_plugin.py took 0.013 seconds
[2024-02-14T09:11:45.769+0000] {processor.py:161} INFO - Started process (PID=7676) to work on /home/codespace/.local/share/virtualenvs/airflow_sandbox-vp-HKq_L/lib/python3.10/site-packages/airflow/example_dags/plugins/listener_plugin.py
[2024-02-14T09:11:45.770+0000] {processor.py:830} INFO - Processing file /home/codespace/.local/share/virtualenvs/airflow_sandbox-vp-HKq_L/lib/python3.10/site-packages/airflow/example_dags/plugins/listener_plugin.py for tasks to queue
[2024-02-14T09:11:45.771+0000] {logging_mixin.py:188} INFO - [2024-02-14T09:11:45.770+0000] {dagbag.py:538} INFO - Filling up the DagBag from /home/codespace/.local/share/virtualenvs/airflow_sandbox-vp-HKq_L/lib/python3.10/site-packages/airflow/example_dags/plugins/listener_plugin.py
[2024-02-14T09:11:45.773+0000] {processor.py:842} WARNING - No viable dags retrieved from /home/codespace/.local/share/virtualenvs/airflow_sandbox-vp-HKq_L/lib/python3.10/site-packages/airflow/example_dags/plugins/listener_plugin.py
[2024-02-14T09:11:45.781+0000] {processor.py:183} INFO - Processing /home/codespace/.local/share/virtualenvs/airflow_sandbox-vp-HKq_L/lib/python3.10/site-packages/airflow/example_dags/plugins/listener_plugin.py took 0.014 seconds
[2024-02-14T09:12:22.130+0000] {processor.py:161} INFO - Started process (PID=8038) to work on /home/codespace/.local/share/virtualenvs/airflow_sandbox-vp-HKq_L/lib/python3.10/site-packages/airflow/example_dags/plugins/listener_plugin.py
[2024-02-14T09:12:22.130+0000] {processor.py:830} INFO - Processing file /home/codespace/.local/share/virtualenvs/airflow_sandbox-vp-HKq_L/lib/python3.10/site-packages/airflow/example_dags/plugins/listener_plugin.py for tasks to queue
[2024-02-14T09:12:22.131+0000] {logging_mixin.py:188} INFO - [2024-02-14T09:12:22.131+0000] {dagbag.py:538} INFO - Filling up the DagBag from /home/codespace/.local/share/virtualenvs/airflow_sandbox-vp-HKq_L/lib/python3.10/site-packages/airflow/example_dags/plugins/listener_plugin.py
[2024-02-14T09:12:22.133+0000] {processor.py:842} WARNING - No viable dags retrieved from /home/codespace/.local/share/virtualenvs/airflow_sandbox-vp-HKq_L/lib/python3.10/site-packages/airflow/example_dags/plugins/listener_plugin.py
[2024-02-14T09:12:22.141+0000] {processor.py:183} INFO - Processing /home/codespace/.local/share/virtualenvs/airflow_sandbox-vp-HKq_L/lib/python3.10/site-packages/airflow/example_dags/plugins/listener_plugin.py took 0.013 seconds
[2024-02-14T09:12:58.738+0000] {processor.py:161} INFO - Started process (PID=8404) to work on /home/codespace/.local/share/virtualenvs/airflow_sandbox-vp-HKq_L/lib/python3.10/site-packages/airflow/example_dags/plugins/listener_plugin.py
[2024-02-14T09:12:58.739+0000] {processor.py:830} INFO - Processing file /home/codespace/.local/share/virtualenvs/airflow_sandbox-vp-HKq_L/lib/python3.10/site-packages/airflow/example_dags/plugins/listener_plugin.py for tasks to queue
[2024-02-14T09:12:58.740+0000] {logging_mixin.py:188} INFO - [2024-02-14T09:12:58.739+0000] {dagbag.py:538} INFO - Filling up the DagBag from /home/codespace/.local/share/virtualenvs/airflow_sandbox-vp-HKq_L/lib/python3.10/site-packages/airflow/example_dags/plugins/listener_plugin.py
[2024-02-14T09:12:58.742+0000] {processor.py:842} WARNING - No viable dags retrieved from /home/codespace/.local/share/virtualenvs/airflow_sandbox-vp-HKq_L/lib/python3.10/site-packages/airflow/example_dags/plugins/listener_plugin.py
[2024-02-14T09:12:58.749+0000] {processor.py:183} INFO - Processing /home/codespace/.local/share/virtualenvs/airflow_sandbox-vp-HKq_L/lib/python3.10/site-packages/airflow/example_dags/plugins/listener_plugin.py took 0.013 seconds
[2024-02-14T09:13:34.956+0000] {processor.py:161} INFO - Started process (PID=8643) to work on /home/codespace/.local/share/virtualenvs/airflow_sandbox-vp-HKq_L/lib/python3.10/site-packages/airflow/example_dags/plugins/listener_plugin.py
[2024-02-14T09:13:34.957+0000] {processor.py:830} INFO - Processing file /home/codespace/.local/share/virtualenvs/airflow_sandbox-vp-HKq_L/lib/python3.10/site-packages/airflow/example_dags/plugins/listener_plugin.py for tasks to queue
[2024-02-14T09:13:34.958+0000] {logging_mixin.py:188} INFO - [2024-02-14T09:13:34.957+0000] {dagbag.py:538} INFO - Filling up the DagBag from /home/codespace/.local/share/virtualenvs/airflow_sandbox-vp-HKq_L/lib/python3.10/site-packages/airflow/example_dags/plugins/listener_plugin.py
[2024-02-14T09:13:34.960+0000] {processor.py:842} WARNING - No viable dags retrieved from /home/codespace/.local/share/virtualenvs/airflow_sandbox-vp-HKq_L/lib/python3.10/site-packages/airflow/example_dags/plugins/listener_plugin.py
[2024-02-14T09:13:34.967+0000] {processor.py:183} INFO - Processing /home/codespace/.local/share/virtualenvs/airflow_sandbox-vp-HKq_L/lib/python3.10/site-packages/airflow/example_dags/plugins/listener_plugin.py took 0.013 seconds
[2024-02-14T09:14:09.721+0000] {processor.py:161} INFO - Started process (PID=8971) to work on /home/codespace/.local/share/virtualenvs/airflow_sandbox-vp-HKq_L/lib/python3.10/site-packages/airflow/example_dags/plugins/listener_plugin.py
[2024-02-14T09:14:09.722+0000] {processor.py:830} INFO - Processing file /home/codespace/.local/share/virtualenvs/airflow_sandbox-vp-HKq_L/lib/python3.10/site-packages/airflow/example_dags/plugins/listener_plugin.py for tasks to queue
[2024-02-14T09:14:09.723+0000] {logging_mixin.py:188} INFO - [2024-02-14T09:14:09.723+0000] {dagbag.py:538} INFO - Filling up the DagBag from /home/codespace/.local/share/virtualenvs/airflow_sandbox-vp-HKq_L/lib/python3.10/site-packages/airflow/example_dags/plugins/listener_plugin.py
[2024-02-14T09:14:09.725+0000] {processor.py:842} WARNING - No viable dags retrieved from /home/codespace/.local/share/virtualenvs/airflow_sandbox-vp-HKq_L/lib/python3.10/site-packages/airflow/example_dags/plugins/listener_plugin.py
[2024-02-14T09:14:09.737+0000] {processor.py:183} INFO - Processing /home/codespace/.local/share/virtualenvs/airflow_sandbox-vp-HKq_L/lib/python3.10/site-packages/airflow/example_dags/plugins/listener_plugin.py took 0.018 seconds
[2024-02-14T09:14:45.843+0000] {processor.py:161} INFO - Started process (PID=9206) to work on /home/codespace/.local/share/virtualenvs/airflow_sandbox-vp-HKq_L/lib/python3.10/site-packages/airflow/example_dags/plugins/listener_plugin.py
[2024-02-14T09:14:45.843+0000] {processor.py:830} INFO - Processing file /home/codespace/.local/share/virtualenvs/airflow_sandbox-vp-HKq_L/lib/python3.10/site-packages/airflow/example_dags/plugins/listener_plugin.py for tasks to queue
[2024-02-14T09:14:45.844+0000] {logging_mixin.py:188} INFO - [2024-02-14T09:14:45.844+0000] {dagbag.py:538} INFO - Filling up the DagBag from /home/codespace/.local/share/virtualenvs/airflow_sandbox-vp-HKq_L/lib/python3.10/site-packages/airflow/example_dags/plugins/listener_plugin.py
[2024-02-14T09:14:45.846+0000] {processor.py:842} WARNING - No viable dags retrieved from /home/codespace/.local/share/virtualenvs/airflow_sandbox-vp-HKq_L/lib/python3.10/site-packages/airflow/example_dags/plugins/listener_plugin.py
[2024-02-14T09:14:45.854+0000] {processor.py:183} INFO - Processing /home/codespace/.local/share/virtualenvs/airflow_sandbox-vp-HKq_L/lib/python3.10/site-packages/airflow/example_dags/plugins/listener_plugin.py took 0.013 seconds
[2024-02-14T09:15:19.709+0000] {processor.py:161} INFO - Started process (PID=9435) to work on /home/codespace/.local/share/virtualenvs/airflow_sandbox-vp-HKq_L/lib/python3.10/site-packages/airflow/example_dags/plugins/listener_plugin.py
[2024-02-14T09:15:19.709+0000] {processor.py:830} INFO - Processing file /home/codespace/.local/share/virtualenvs/airflow_sandbox-vp-HKq_L/lib/python3.10/site-packages/airflow/example_dags/plugins/listener_plugin.py for tasks to queue
[2024-02-14T09:15:19.710+0000] {logging_mixin.py:188} INFO - [2024-02-14T09:15:19.710+0000] {dagbag.py:538} INFO - Filling up the DagBag from /home/codespace/.local/share/virtualenvs/airflow_sandbox-vp-HKq_L/lib/python3.10/site-packages/airflow/example_dags/plugins/listener_plugin.py
[2024-02-14T09:15:19.712+0000] {processor.py:842} WARNING - No viable dags retrieved from /home/codespace/.local/share/virtualenvs/airflow_sandbox-vp-HKq_L/lib/python3.10/site-packages/airflow/example_dags/plugins/listener_plugin.py
[2024-02-14T09:15:19.722+0000] {processor.py:183} INFO - Processing /home/codespace/.local/share/virtualenvs/airflow_sandbox-vp-HKq_L/lib/python3.10/site-packages/airflow/example_dags/plugins/listener_plugin.py took 0.016 seconds
[2024-02-14T09:15:54.218+0000] {processor.py:161} INFO - Started process (PID=9689) to work on /home/codespace/.local/share/virtualenvs/airflow_sandbox-vp-HKq_L/lib/python3.10/site-packages/airflow/example_dags/plugins/listener_plugin.py
[2024-02-14T09:15:54.219+0000] {processor.py:830} INFO - Processing file /home/codespace/.local/share/virtualenvs/airflow_sandbox-vp-HKq_L/lib/python3.10/site-packages/airflow/example_dags/plugins/listener_plugin.py for tasks to queue
[2024-02-14T09:15:54.220+0000] {logging_mixin.py:188} INFO - [2024-02-14T09:15:54.219+0000] {dagbag.py:538} INFO - Filling up the DagBag from /home/codespace/.local/share/virtualenvs/airflow_sandbox-vp-HKq_L/lib/python3.10/site-packages/airflow/example_dags/plugins/listener_plugin.py
[2024-02-14T09:15:54.222+0000] {processor.py:842} WARNING - No viable dags retrieved from /home/codespace/.local/share/virtualenvs/airflow_sandbox-vp-HKq_L/lib/python3.10/site-packages/airflow/example_dags/plugins/listener_plugin.py
[2024-02-14T09:15:54.229+0000] {processor.py:183} INFO - Processing /home/codespace/.local/share/virtualenvs/airflow_sandbox-vp-HKq_L/lib/python3.10/site-packages/airflow/example_dags/plugins/listener_plugin.py took 0.013 seconds
[2024-02-14T09:16:29.326+0000] {processor.py:161} INFO - Started process (PID=9936) to work on /home/codespace/.local/share/virtualenvs/airflow_sandbox-vp-HKq_L/lib/python3.10/site-packages/airflow/example_dags/plugins/listener_plugin.py
[2024-02-14T09:16:29.327+0000] {processor.py:830} INFO - Processing file /home/codespace/.local/share/virtualenvs/airflow_sandbox-vp-HKq_L/lib/python3.10/site-packages/airflow/example_dags/plugins/listener_plugin.py for tasks to queue
[2024-02-14T09:16:29.328+0000] {logging_mixin.py:188} INFO - [2024-02-14T09:16:29.327+0000] {dagbag.py:538} INFO - Filling up the DagBag from /home/codespace/.local/share/virtualenvs/airflow_sandbox-vp-HKq_L/lib/python3.10/site-packages/airflow/example_dags/plugins/listener_plugin.py
[2024-02-14T09:16:29.331+0000] {processor.py:842} WARNING - No viable dags retrieved from /home/codespace/.local/share/virtualenvs/airflow_sandbox-vp-HKq_L/lib/python3.10/site-packages/airflow/example_dags/plugins/listener_plugin.py
[2024-02-14T09:16:29.339+0000] {processor.py:183} INFO - Processing /home/codespace/.local/share/virtualenvs/airflow_sandbox-vp-HKq_L/lib/python3.10/site-packages/airflow/example_dags/plugins/listener_plugin.py took 0.016 seconds
[2024-02-14T09:17:05.798+0000] {processor.py:161} INFO - Started process (PID=10195) to work on /home/codespace/.local/share/virtualenvs/airflow_sandbox-vp-HKq_L/lib/python3.10/site-packages/airflow/example_dags/plugins/listener_plugin.py
[2024-02-14T09:17:05.799+0000] {processor.py:830} INFO - Processing file /home/codespace/.local/share/virtualenvs/airflow_sandbox-vp-HKq_L/lib/python3.10/site-packages/airflow/example_dags/plugins/listener_plugin.py for tasks to queue
[2024-02-14T09:17:05.799+0000] {logging_mixin.py:188} INFO - [2024-02-14T09:17:05.799+0000] {dagbag.py:538} INFO - Filling up the DagBag from /home/codespace/.local/share/virtualenvs/airflow_sandbox-vp-HKq_L/lib/python3.10/site-packages/airflow/example_dags/plugins/listener_plugin.py
[2024-02-14T09:17:05.802+0000] {processor.py:842} WARNING - No viable dags retrieved from /home/codespace/.local/share/virtualenvs/airflow_sandbox-vp-HKq_L/lib/python3.10/site-packages/airflow/example_dags/plugins/listener_plugin.py
[2024-02-14T09:17:05.809+0000] {processor.py:183} INFO - Processing /home/codespace/.local/share/virtualenvs/airflow_sandbox-vp-HKq_L/lib/python3.10/site-packages/airflow/example_dags/plugins/listener_plugin.py took 0.014 seconds
[2024-02-14T09:17:41.013+0000] {processor.py:161} INFO - Started process (PID=10476) to work on /home/codespace/.local/share/virtualenvs/airflow_sandbox-vp-HKq_L/lib/python3.10/site-packages/airflow/example_dags/plugins/listener_plugin.py
[2024-02-14T09:17:41.014+0000] {processor.py:830} INFO - Processing file /home/codespace/.local/share/virtualenvs/airflow_sandbox-vp-HKq_L/lib/python3.10/site-packages/airflow/example_dags/plugins/listener_plugin.py for tasks to queue
[2024-02-14T09:17:41.015+0000] {logging_mixin.py:188} INFO - [2024-02-14T09:17:41.014+0000] {dagbag.py:538} INFO - Filling up the DagBag from /home/codespace/.local/share/virtualenvs/airflow_sandbox-vp-HKq_L/lib/python3.10/site-packages/airflow/example_dags/plugins/listener_plugin.py
[2024-02-14T09:17:41.018+0000] {processor.py:842} WARNING - No viable dags retrieved from /home/codespace/.local/share/virtualenvs/airflow_sandbox-vp-HKq_L/lib/python3.10/site-packages/airflow/example_dags/plugins/listener_plugin.py
[2024-02-14T09:17:41.028+0000] {processor.py:183} INFO - Processing /home/codespace/.local/share/virtualenvs/airflow_sandbox-vp-HKq_L/lib/python3.10/site-packages/airflow/example_dags/plugins/listener_plugin.py took 0.017 seconds
[2024-02-14T09:18:13.985+0000] {processor.py:161} INFO - Started process (PID=10727) to work on /home/codespace/.local/share/virtualenvs/airflow_sandbox-vp-HKq_L/lib/python3.10/site-packages/airflow/example_dags/plugins/listener_plugin.py
[2024-02-14T09:18:13.986+0000] {processor.py:830} INFO - Processing file /home/codespace/.local/share/virtualenvs/airflow_sandbox-vp-HKq_L/lib/python3.10/site-packages/airflow/example_dags/plugins/listener_plugin.py for tasks to queue
[2024-02-14T09:18:13.987+0000] {logging_mixin.py:188} INFO - [2024-02-14T09:18:13.987+0000] {dagbag.py:538} INFO - Filling up the DagBag from /home/codespace/.local/share/virtualenvs/airflow_sandbox-vp-HKq_L/lib/python3.10/site-packages/airflow/example_dags/plugins/listener_plugin.py
[2024-02-14T09:18:13.994+0000] {processor.py:842} WARNING - No viable dags retrieved from /home/codespace/.local/share/virtualenvs/airflow_sandbox-vp-HKq_L/lib/python3.10/site-packages/airflow/example_dags/plugins/listener_plugin.py
[2024-02-14T09:18:14.011+0000] {processor.py:183} INFO - Processing /home/codespace/.local/share/virtualenvs/airflow_sandbox-vp-HKq_L/lib/python3.10/site-packages/airflow/example_dags/plugins/listener_plugin.py took 0.029 seconds
[2024-02-14T09:18:50.388+0000] {processor.py:161} INFO - Started process (PID=10978) to work on /home/codespace/.local/share/virtualenvs/airflow_sandbox-vp-HKq_L/lib/python3.10/site-packages/airflow/example_dags/plugins/listener_plugin.py
[2024-02-14T09:18:50.388+0000] {processor.py:830} INFO - Processing file /home/codespace/.local/share/virtualenvs/airflow_sandbox-vp-HKq_L/lib/python3.10/site-packages/airflow/example_dags/plugins/listener_plugin.py for tasks to queue
[2024-02-14T09:18:50.389+0000] {logging_mixin.py:188} INFO - [2024-02-14T09:18:50.389+0000] {dagbag.py:538} INFO - Filling up the DagBag from /home/codespace/.local/share/virtualenvs/airflow_sandbox-vp-HKq_L/lib/python3.10/site-packages/airflow/example_dags/plugins/listener_plugin.py
[2024-02-14T09:18:50.392+0000] {processor.py:842} WARNING - No viable dags retrieved from /home/codespace/.local/share/virtualenvs/airflow_sandbox-vp-HKq_L/lib/python3.10/site-packages/airflow/example_dags/plugins/listener_plugin.py
[2024-02-14T09:18:50.400+0000] {processor.py:183} INFO - Processing /home/codespace/.local/share/virtualenvs/airflow_sandbox-vp-HKq_L/lib/python3.10/site-packages/airflow/example_dags/plugins/listener_plugin.py took 0.014 seconds
[2024-02-14T09:19:26.752+0000] {processor.py:161} INFO - Started process (PID=11241) to work on /home/codespace/.local/share/virtualenvs/airflow_sandbox-vp-HKq_L/lib/python3.10/site-packages/airflow/example_dags/plugins/listener_plugin.py
[2024-02-14T09:19:26.752+0000] {processor.py:830} INFO - Processing file /home/codespace/.local/share/virtualenvs/airflow_sandbox-vp-HKq_L/lib/python3.10/site-packages/airflow/example_dags/plugins/listener_plugin.py for tasks to queue
[2024-02-14T09:19:26.753+0000] {logging_mixin.py:188} INFO - [2024-02-14T09:19:26.753+0000] {dagbag.py:538} INFO - Filling up the DagBag from /home/codespace/.local/share/virtualenvs/airflow_sandbox-vp-HKq_L/lib/python3.10/site-packages/airflow/example_dags/plugins/listener_plugin.py
[2024-02-14T09:19:26.755+0000] {processor.py:842} WARNING - No viable dags retrieved from /home/codespace/.local/share/virtualenvs/airflow_sandbox-vp-HKq_L/lib/python3.10/site-packages/airflow/example_dags/plugins/listener_plugin.py
[2024-02-14T09:19:26.762+0000] {processor.py:183} INFO - Processing /home/codespace/.local/share/virtualenvs/airflow_sandbox-vp-HKq_L/lib/python3.10/site-packages/airflow/example_dags/plugins/listener_plugin.py took 0.013 seconds
[2024-02-14T09:20:02.813+0000] {processor.py:161} INFO - Started process (PID=11501) to work on /home/codespace/.local/share/virtualenvs/airflow_sandbox-vp-HKq_L/lib/python3.10/site-packages/airflow/example_dags/plugins/listener_plugin.py
[2024-02-14T09:20:02.814+0000] {processor.py:830} INFO - Processing file /home/codespace/.local/share/virtualenvs/airflow_sandbox-vp-HKq_L/lib/python3.10/site-packages/airflow/example_dags/plugins/listener_plugin.py for tasks to queue
[2024-02-14T09:20:02.815+0000] {logging_mixin.py:188} INFO - [2024-02-14T09:20:02.815+0000] {dagbag.py:538} INFO - Filling up the DagBag from /home/codespace/.local/share/virtualenvs/airflow_sandbox-vp-HKq_L/lib/python3.10/site-packages/airflow/example_dags/plugins/listener_plugin.py
[2024-02-14T09:20:02.817+0000] {processor.py:842} WARNING - No viable dags retrieved from /home/codespace/.local/share/virtualenvs/airflow_sandbox-vp-HKq_L/lib/python3.10/site-packages/airflow/example_dags/plugins/listener_plugin.py
[2024-02-14T09:20:02.828+0000] {processor.py:183} INFO - Processing /home/codespace/.local/share/virtualenvs/airflow_sandbox-vp-HKq_L/lib/python3.10/site-packages/airflow/example_dags/plugins/listener_plugin.py took 0.017 seconds
[2024-02-14T09:20:38.079+0000] {processor.py:161} INFO - Started process (PID=12241) to work on /home/codespace/.local/share/virtualenvs/airflow_sandbox-vp-HKq_L/lib/python3.10/site-packages/airflow/example_dags/plugins/listener_plugin.py
[2024-02-14T09:20:38.080+0000] {processor.py:830} INFO - Processing file /home/codespace/.local/share/virtualenvs/airflow_sandbox-vp-HKq_L/lib/python3.10/site-packages/airflow/example_dags/plugins/listener_plugin.py for tasks to queue
[2024-02-14T09:20:38.081+0000] {logging_mixin.py:188} INFO - [2024-02-14T09:20:38.080+0000] {dagbag.py:538} INFO - Filling up the DagBag from /home/codespace/.local/share/virtualenvs/airflow_sandbox-vp-HKq_L/lib/python3.10/site-packages/airflow/example_dags/plugins/listener_plugin.py
[2024-02-14T09:20:38.083+0000] {processor.py:842} WARNING - No viable dags retrieved from /home/codespace/.local/share/virtualenvs/airflow_sandbox-vp-HKq_L/lib/python3.10/site-packages/airflow/example_dags/plugins/listener_plugin.py
[2024-02-14T09:20:38.092+0000] {processor.py:183} INFO - Processing /home/codespace/.local/share/virtualenvs/airflow_sandbox-vp-HKq_L/lib/python3.10/site-packages/airflow/example_dags/plugins/listener_plugin.py took 0.015 seconds
[2024-02-14T09:21:11.688+0000] {processor.py:161} INFO - Started process (PID=12481) to work on /home/codespace/.local/share/virtualenvs/airflow_sandbox-vp-HKq_L/lib/python3.10/site-packages/airflow/example_dags/plugins/listener_plugin.py
[2024-02-14T09:21:11.689+0000] {processor.py:830} INFO - Processing file /home/codespace/.local/share/virtualenvs/airflow_sandbox-vp-HKq_L/lib/python3.10/site-packages/airflow/example_dags/plugins/listener_plugin.py for tasks to queue
[2024-02-14T09:21:11.690+0000] {logging_mixin.py:188} INFO - [2024-02-14T09:21:11.689+0000] {dagbag.py:538} INFO - Filling up the DagBag from /home/codespace/.local/share/virtualenvs/airflow_sandbox-vp-HKq_L/lib/python3.10/site-packages/airflow/example_dags/plugins/listener_plugin.py
[2024-02-14T09:21:11.692+0000] {processor.py:842} WARNING - No viable dags retrieved from /home/codespace/.local/share/virtualenvs/airflow_sandbox-vp-HKq_L/lib/python3.10/site-packages/airflow/example_dags/plugins/listener_plugin.py
[2024-02-14T09:21:11.699+0000] {processor.py:183} INFO - Processing /home/codespace/.local/share/virtualenvs/airflow_sandbox-vp-HKq_L/lib/python3.10/site-packages/airflow/example_dags/plugins/listener_plugin.py took 0.013 seconds
[2024-02-14T09:21:47.001+0000] {processor.py:161} INFO - Started process (PID=12721) to work on /home/codespace/.local/share/virtualenvs/airflow_sandbox-vp-HKq_L/lib/python3.10/site-packages/airflow/example_dags/plugins/listener_plugin.py
[2024-02-14T09:21:47.002+0000] {processor.py:830} INFO - Processing file /home/codespace/.local/share/virtualenvs/airflow_sandbox-vp-HKq_L/lib/python3.10/site-packages/airflow/example_dags/plugins/listener_plugin.py for tasks to queue
[2024-02-14T09:21:47.003+0000] {logging_mixin.py:188} INFO - [2024-02-14T09:21:47.002+0000] {dagbag.py:538} INFO - Filling up the DagBag from /home/codespace/.local/share/virtualenvs/airflow_sandbox-vp-HKq_L/lib/python3.10/site-packages/airflow/example_dags/plugins/listener_plugin.py
[2024-02-14T09:21:47.005+0000] {processor.py:842} WARNING - No viable dags retrieved from /home/codespace/.local/share/virtualenvs/airflow_sandbox-vp-HKq_L/lib/python3.10/site-packages/airflow/example_dags/plugins/listener_plugin.py
[2024-02-14T09:21:47.013+0000] {processor.py:183} INFO - Processing /home/codespace/.local/share/virtualenvs/airflow_sandbox-vp-HKq_L/lib/python3.10/site-packages/airflow/example_dags/plugins/listener_plugin.py took 0.014 seconds
[2024-02-14T09:22:25.261+0000] {processor.py:161} INFO - Started process (PID=12998) to work on /home/codespace/.local/share/virtualenvs/airflow_sandbox-vp-HKq_L/lib/python3.10/site-packages/airflow/example_dags/plugins/listener_plugin.py
[2024-02-14T09:22:25.262+0000] {processor.py:830} INFO - Processing file /home/codespace/.local/share/virtualenvs/airflow_sandbox-vp-HKq_L/lib/python3.10/site-packages/airflow/example_dags/plugins/listener_plugin.py for tasks to queue
[2024-02-14T09:22:25.263+0000] {logging_mixin.py:188} INFO - [2024-02-14T09:22:25.262+0000] {dagbag.py:538} INFO - Filling up the DagBag from /home/codespace/.local/share/virtualenvs/airflow_sandbox-vp-HKq_L/lib/python3.10/site-packages/airflow/example_dags/plugins/listener_plugin.py
[2024-02-14T09:22:25.265+0000] {processor.py:842} WARNING - No viable dags retrieved from /home/codespace/.local/share/virtualenvs/airflow_sandbox-vp-HKq_L/lib/python3.10/site-packages/airflow/example_dags/plugins/listener_plugin.py
[2024-02-14T09:22:25.273+0000] {processor.py:183} INFO - Processing /home/codespace/.local/share/virtualenvs/airflow_sandbox-vp-HKq_L/lib/python3.10/site-packages/airflow/example_dags/plugins/listener_plugin.py took 0.014 seconds
[2024-02-14T09:23:04.242+0000] {processor.py:161} INFO - Started process (PID=13300) to work on /home/codespace/.local/share/virtualenvs/airflow_sandbox-vp-HKq_L/lib/python3.10/site-packages/airflow/example_dags/plugins/listener_plugin.py
[2024-02-14T09:23:04.243+0000] {processor.py:830} INFO - Processing file /home/codespace/.local/share/virtualenvs/airflow_sandbox-vp-HKq_L/lib/python3.10/site-packages/airflow/example_dags/plugins/listener_plugin.py for tasks to queue
[2024-02-14T09:23:04.244+0000] {logging_mixin.py:188} INFO - [2024-02-14T09:23:04.243+0000] {dagbag.py:538} INFO - Filling up the DagBag from /home/codespace/.local/share/virtualenvs/airflow_sandbox-vp-HKq_L/lib/python3.10/site-packages/airflow/example_dags/plugins/listener_plugin.py
[2024-02-14T09:23:04.246+0000] {processor.py:842} WARNING - No viable dags retrieved from /home/codespace/.local/share/virtualenvs/airflow_sandbox-vp-HKq_L/lib/python3.10/site-packages/airflow/example_dags/plugins/listener_plugin.py
[2024-02-14T09:23:04.254+0000] {processor.py:183} INFO - Processing /home/codespace/.local/share/virtualenvs/airflow_sandbox-vp-HKq_L/lib/python3.10/site-packages/airflow/example_dags/plugins/listener_plugin.py took 0.014 seconds
[2024-02-14T09:23:41.900+0000] {processor.py:161} INFO - Started process (PID=13568) to work on /home/codespace/.local/share/virtualenvs/airflow_sandbox-vp-HKq_L/lib/python3.10/site-packages/airflow/example_dags/plugins/listener_plugin.py
[2024-02-14T09:23:41.901+0000] {processor.py:830} INFO - Processing file /home/codespace/.local/share/virtualenvs/airflow_sandbox-vp-HKq_L/lib/python3.10/site-packages/airflow/example_dags/plugins/listener_plugin.py for tasks to queue
[2024-02-14T09:23:41.901+0000] {logging_mixin.py:188} INFO - [2024-02-14T09:23:41.901+0000] {dagbag.py:538} INFO - Filling up the DagBag from /home/codespace/.local/share/virtualenvs/airflow_sandbox-vp-HKq_L/lib/python3.10/site-packages/airflow/example_dags/plugins/listener_plugin.py
[2024-02-14T09:23:41.903+0000] {processor.py:842} WARNING - No viable dags retrieved from /home/codespace/.local/share/virtualenvs/airflow_sandbox-vp-HKq_L/lib/python3.10/site-packages/airflow/example_dags/plugins/listener_plugin.py
[2024-02-14T09:23:41.911+0000] {processor.py:183} INFO - Processing /home/codespace/.local/share/virtualenvs/airflow_sandbox-vp-HKq_L/lib/python3.10/site-packages/airflow/example_dags/plugins/listener_plugin.py took 0.014 seconds
[2024-02-14T09:24:21.270+0000] {processor.py:161} INFO - Started process (PID=13845) to work on /home/codespace/.local/share/virtualenvs/airflow_sandbox-vp-HKq_L/lib/python3.10/site-packages/airflow/example_dags/plugins/listener_plugin.py
[2024-02-14T09:24:21.271+0000] {processor.py:830} INFO - Processing file /home/codespace/.local/share/virtualenvs/airflow_sandbox-vp-HKq_L/lib/python3.10/site-packages/airflow/example_dags/plugins/listener_plugin.py for tasks to queue
[2024-02-14T09:24:21.272+0000] {logging_mixin.py:188} INFO - [2024-02-14T09:24:21.271+0000] {dagbag.py:538} INFO - Filling up the DagBag from /home/codespace/.local/share/virtualenvs/airflow_sandbox-vp-HKq_L/lib/python3.10/site-packages/airflow/example_dags/plugins/listener_plugin.py
[2024-02-14T09:24:21.274+0000] {processor.py:842} WARNING - No viable dags retrieved from /home/codespace/.local/share/virtualenvs/airflow_sandbox-vp-HKq_L/lib/python3.10/site-packages/airflow/example_dags/plugins/listener_plugin.py
[2024-02-14T09:24:21.287+0000] {processor.py:183} INFO - Processing /home/codespace/.local/share/virtualenvs/airflow_sandbox-vp-HKq_L/lib/python3.10/site-packages/airflow/example_dags/plugins/listener_plugin.py took 0.019 seconds
[2024-02-14T09:24:57.963+0000] {processor.py:161} INFO - Started process (PID=14088) to work on /home/codespace/.local/share/virtualenvs/airflow_sandbox-vp-HKq_L/lib/python3.10/site-packages/airflow/example_dags/plugins/listener_plugin.py
[2024-02-14T09:24:57.963+0000] {processor.py:830} INFO - Processing file /home/codespace/.local/share/virtualenvs/airflow_sandbox-vp-HKq_L/lib/python3.10/site-packages/airflow/example_dags/plugins/listener_plugin.py for tasks to queue
[2024-02-14T09:24:57.964+0000] {logging_mixin.py:188} INFO - [2024-02-14T09:24:57.964+0000] {dagbag.py:538} INFO - Filling up the DagBag from /home/codespace/.local/share/virtualenvs/airflow_sandbox-vp-HKq_L/lib/python3.10/site-packages/airflow/example_dags/plugins/listener_plugin.py
[2024-02-14T09:24:57.966+0000] {processor.py:842} WARNING - No viable dags retrieved from /home/codespace/.local/share/virtualenvs/airflow_sandbox-vp-HKq_L/lib/python3.10/site-packages/airflow/example_dags/plugins/listener_plugin.py
[2024-02-14T09:24:57.974+0000] {processor.py:183} INFO - Processing /home/codespace/.local/share/virtualenvs/airflow_sandbox-vp-HKq_L/lib/python3.10/site-packages/airflow/example_dags/plugins/listener_plugin.py took 0.014 seconds
[2024-02-14T09:25:34.131+0000] {processor.py:161} INFO - Started process (PID=14341) to work on /home/codespace/.local/share/virtualenvs/airflow_sandbox-vp-HKq_L/lib/python3.10/site-packages/airflow/example_dags/plugins/listener_plugin.py
[2024-02-14T09:25:34.131+0000] {processor.py:830} INFO - Processing file /home/codespace/.local/share/virtualenvs/airflow_sandbox-vp-HKq_L/lib/python3.10/site-packages/airflow/example_dags/plugins/listener_plugin.py for tasks to queue
[2024-02-14T09:25:34.132+0000] {logging_mixin.py:188} INFO - [2024-02-14T09:25:34.132+0000] {dagbag.py:538} INFO - Filling up the DagBag from /home/codespace/.local/share/virtualenvs/airflow_sandbox-vp-HKq_L/lib/python3.10/site-packages/airflow/example_dags/plugins/listener_plugin.py
[2024-02-14T09:25:34.134+0000] {processor.py:842} WARNING - No viable dags retrieved from /home/codespace/.local/share/virtualenvs/airflow_sandbox-vp-HKq_L/lib/python3.10/site-packages/airflow/example_dags/plugins/listener_plugin.py
[2024-02-14T09:25:34.142+0000] {processor.py:183} INFO - Processing /home/codespace/.local/share/virtualenvs/airflow_sandbox-vp-HKq_L/lib/python3.10/site-packages/airflow/example_dags/plugins/listener_plugin.py took 0.013 seconds
[2024-02-14T09:26:08.459+0000] {processor.py:161} INFO - Started process (PID=14570) to work on /home/codespace/.local/share/virtualenvs/airflow_sandbox-vp-HKq_L/lib/python3.10/site-packages/airflow/example_dags/plugins/listener_plugin.py
[2024-02-14T09:26:08.460+0000] {processor.py:830} INFO - Processing file /home/codespace/.local/share/virtualenvs/airflow_sandbox-vp-HKq_L/lib/python3.10/site-packages/airflow/example_dags/plugins/listener_plugin.py for tasks to queue
[2024-02-14T09:26:08.461+0000] {logging_mixin.py:188} INFO - [2024-02-14T09:26:08.460+0000] {dagbag.py:538} INFO - Filling up the DagBag from /home/codespace/.local/share/virtualenvs/airflow_sandbox-vp-HKq_L/lib/python3.10/site-packages/airflow/example_dags/plugins/listener_plugin.py
[2024-02-14T09:26:08.463+0000] {processor.py:842} WARNING - No viable dags retrieved from /home/codespace/.local/share/virtualenvs/airflow_sandbox-vp-HKq_L/lib/python3.10/site-packages/airflow/example_dags/plugins/listener_plugin.py
[2024-02-14T09:26:08.471+0000] {processor.py:183} INFO - Processing /home/codespace/.local/share/virtualenvs/airflow_sandbox-vp-HKq_L/lib/python3.10/site-packages/airflow/example_dags/plugins/listener_plugin.py took 0.014 seconds
[2024-02-14T09:26:43.660+0000] {processor.py:161} INFO - Started process (PID=14818) to work on /home/codespace/.local/share/virtualenvs/airflow_sandbox-vp-HKq_L/lib/python3.10/site-packages/airflow/example_dags/plugins/listener_plugin.py
[2024-02-14T09:26:43.661+0000] {processor.py:830} INFO - Processing file /home/codespace/.local/share/virtualenvs/airflow_sandbox-vp-HKq_L/lib/python3.10/site-packages/airflow/example_dags/plugins/listener_plugin.py for tasks to queue
[2024-02-14T09:26:43.662+0000] {logging_mixin.py:188} INFO - [2024-02-14T09:26:43.662+0000] {dagbag.py:538} INFO - Filling up the DagBag from /home/codespace/.local/share/virtualenvs/airflow_sandbox-vp-HKq_L/lib/python3.10/site-packages/airflow/example_dags/plugins/listener_plugin.py
[2024-02-14T09:26:43.664+0000] {processor.py:842} WARNING - No viable dags retrieved from /home/codespace/.local/share/virtualenvs/airflow_sandbox-vp-HKq_L/lib/python3.10/site-packages/airflow/example_dags/plugins/listener_plugin.py
[2024-02-14T09:26:43.672+0000] {processor.py:183} INFO - Processing /home/codespace/.local/share/virtualenvs/airflow_sandbox-vp-HKq_L/lib/python3.10/site-packages/airflow/example_dags/plugins/listener_plugin.py took 0.013 seconds
[2024-02-14T09:27:20.659+0000] {processor.py:161} INFO - Started process (PID=15062) to work on /home/codespace/.local/share/virtualenvs/airflow_sandbox-vp-HKq_L/lib/python3.10/site-packages/airflow/example_dags/plugins/listener_plugin.py
[2024-02-14T09:27:20.660+0000] {processor.py:830} INFO - Processing file /home/codespace/.local/share/virtualenvs/airflow_sandbox-vp-HKq_L/lib/python3.10/site-packages/airflow/example_dags/plugins/listener_plugin.py for tasks to queue
[2024-02-14T09:27:20.661+0000] {logging_mixin.py:188} INFO - [2024-02-14T09:27:20.660+0000] {dagbag.py:538} INFO - Filling up the DagBag from /home/codespace/.local/share/virtualenvs/airflow_sandbox-vp-HKq_L/lib/python3.10/site-packages/airflow/example_dags/plugins/listener_plugin.py
[2024-02-14T09:27:20.663+0000] {processor.py:842} WARNING - No viable dags retrieved from /home/codespace/.local/share/virtualenvs/airflow_sandbox-vp-HKq_L/lib/python3.10/site-packages/airflow/example_dags/plugins/listener_plugin.py
[2024-02-14T09:27:20.671+0000] {processor.py:183} INFO - Processing /home/codespace/.local/share/virtualenvs/airflow_sandbox-vp-HKq_L/lib/python3.10/site-packages/airflow/example_dags/plugins/listener_plugin.py took 0.014 seconds
[2024-02-14T09:27:58.119+0000] {processor.py:161} INFO - Started process (PID=15365) to work on /home/codespace/.local/share/virtualenvs/airflow_sandbox-vp-HKq_L/lib/python3.10/site-packages/airflow/example_dags/plugins/listener_plugin.py
[2024-02-14T09:27:58.119+0000] {processor.py:830} INFO - Processing file /home/codespace/.local/share/virtualenvs/airflow_sandbox-vp-HKq_L/lib/python3.10/site-packages/airflow/example_dags/plugins/listener_plugin.py for tasks to queue
[2024-02-14T09:27:58.120+0000] {logging_mixin.py:188} INFO - [2024-02-14T09:27:58.120+0000] {dagbag.py:538} INFO - Filling up the DagBag from /home/codespace/.local/share/virtualenvs/airflow_sandbox-vp-HKq_L/lib/python3.10/site-packages/airflow/example_dags/plugins/listener_plugin.py
[2024-02-14T09:27:58.122+0000] {processor.py:842} WARNING - No viable dags retrieved from /home/codespace/.local/share/virtualenvs/airflow_sandbox-vp-HKq_L/lib/python3.10/site-packages/airflow/example_dags/plugins/listener_plugin.py
[2024-02-14T09:27:58.130+0000] {processor.py:183} INFO - Processing /home/codespace/.local/share/virtualenvs/airflow_sandbox-vp-HKq_L/lib/python3.10/site-packages/airflow/example_dags/plugins/listener_plugin.py took 0.014 seconds
[2024-02-14T09:28:33.728+0000] {processor.py:161} INFO - Started process (PID=15611) to work on /home/codespace/.local/share/virtualenvs/airflow_sandbox-vp-HKq_L/lib/python3.10/site-packages/airflow/example_dags/plugins/listener_plugin.py
[2024-02-14T09:28:33.728+0000] {processor.py:830} INFO - Processing file /home/codespace/.local/share/virtualenvs/airflow_sandbox-vp-HKq_L/lib/python3.10/site-packages/airflow/example_dags/plugins/listener_plugin.py for tasks to queue
[2024-02-14T09:28:33.729+0000] {logging_mixin.py:188} INFO - [2024-02-14T09:28:33.729+0000] {dagbag.py:538} INFO - Filling up the DagBag from /home/codespace/.local/share/virtualenvs/airflow_sandbox-vp-HKq_L/lib/python3.10/site-packages/airflow/example_dags/plugins/listener_plugin.py
[2024-02-14T09:28:33.732+0000] {processor.py:842} WARNING - No viable dags retrieved from /home/codespace/.local/share/virtualenvs/airflow_sandbox-vp-HKq_L/lib/python3.10/site-packages/airflow/example_dags/plugins/listener_plugin.py
[2024-02-14T09:28:33.742+0000] {processor.py:183} INFO - Processing /home/codespace/.local/share/virtualenvs/airflow_sandbox-vp-HKq_L/lib/python3.10/site-packages/airflow/example_dags/plugins/listener_plugin.py took 0.018 seconds
[2024-02-14T09:29:08.101+0000] {processor.py:161} INFO - Started process (PID=16009) to work on /home/codespace/.local/share/virtualenvs/airflow_sandbox-vp-HKq_L/lib/python3.10/site-packages/airflow/example_dags/plugins/listener_plugin.py
[2024-02-14T09:29:08.102+0000] {processor.py:830} INFO - Processing file /home/codespace/.local/share/virtualenvs/airflow_sandbox-vp-HKq_L/lib/python3.10/site-packages/airflow/example_dags/plugins/listener_plugin.py for tasks to queue
[2024-02-14T09:29:08.102+0000] {logging_mixin.py:188} INFO - [2024-02-14T09:29:08.102+0000] {dagbag.py:538} INFO - Filling up the DagBag from /home/codespace/.local/share/virtualenvs/airflow_sandbox-vp-HKq_L/lib/python3.10/site-packages/airflow/example_dags/plugins/listener_plugin.py
[2024-02-14T09:29:08.105+0000] {processor.py:842} WARNING - No viable dags retrieved from /home/codespace/.local/share/virtualenvs/airflow_sandbox-vp-HKq_L/lib/python3.10/site-packages/airflow/example_dags/plugins/listener_plugin.py
[2024-02-14T09:29:08.112+0000] {processor.py:183} INFO - Processing /home/codespace/.local/share/virtualenvs/airflow_sandbox-vp-HKq_L/lib/python3.10/site-packages/airflow/example_dags/plugins/listener_plugin.py took 0.014 seconds
[2024-02-14T09:29:44.220+0000] {processor.py:161} INFO - Started process (PID=16254) to work on /home/codespace/.local/share/virtualenvs/airflow_sandbox-vp-HKq_L/lib/python3.10/site-packages/airflow/example_dags/plugins/listener_plugin.py
[2024-02-14T09:29:44.220+0000] {processor.py:830} INFO - Processing file /home/codespace/.local/share/virtualenvs/airflow_sandbox-vp-HKq_L/lib/python3.10/site-packages/airflow/example_dags/plugins/listener_plugin.py for tasks to queue
[2024-02-14T09:29:44.221+0000] {logging_mixin.py:188} INFO - [2024-02-14T09:29:44.221+0000] {dagbag.py:538} INFO - Filling up the DagBag from /home/codespace/.local/share/virtualenvs/airflow_sandbox-vp-HKq_L/lib/python3.10/site-packages/airflow/example_dags/plugins/listener_plugin.py
[2024-02-14T09:29:44.223+0000] {processor.py:842} WARNING - No viable dags retrieved from /home/codespace/.local/share/virtualenvs/airflow_sandbox-vp-HKq_L/lib/python3.10/site-packages/airflow/example_dags/plugins/listener_plugin.py
[2024-02-14T09:29:44.231+0000] {processor.py:183} INFO - Processing /home/codespace/.local/share/virtualenvs/airflow_sandbox-vp-HKq_L/lib/python3.10/site-packages/airflow/example_dags/plugins/listener_plugin.py took 0.013 seconds
[2024-02-14T09:30:19.225+0000] {processor.py:161} INFO - Started process (PID=16505) to work on /home/codespace/.local/share/virtualenvs/airflow_sandbox-vp-HKq_L/lib/python3.10/site-packages/airflow/example_dags/plugins/listener_plugin.py
[2024-02-14T09:30:19.226+0000] {processor.py:830} INFO - Processing file /home/codespace/.local/share/virtualenvs/airflow_sandbox-vp-HKq_L/lib/python3.10/site-packages/airflow/example_dags/plugins/listener_plugin.py for tasks to queue
[2024-02-14T09:30:19.226+0000] {logging_mixin.py:188} INFO - [2024-02-14T09:30:19.226+0000] {dagbag.py:538} INFO - Filling up the DagBag from /home/codespace/.local/share/virtualenvs/airflow_sandbox-vp-HKq_L/lib/python3.10/site-packages/airflow/example_dags/plugins/listener_plugin.py
[2024-02-14T09:30:19.229+0000] {processor.py:842} WARNING - No viable dags retrieved from /home/codespace/.local/share/virtualenvs/airflow_sandbox-vp-HKq_L/lib/python3.10/site-packages/airflow/example_dags/plugins/listener_plugin.py
[2024-02-14T09:30:19.236+0000] {processor.py:183} INFO - Processing /home/codespace/.local/share/virtualenvs/airflow_sandbox-vp-HKq_L/lib/python3.10/site-packages/airflow/example_dags/plugins/listener_plugin.py took 0.013 seconds
[2024-02-14T09:30:52.488+0000] {processor.py:161} INFO - Started process (PID=16739) to work on /home/codespace/.local/share/virtualenvs/airflow_sandbox-vp-HKq_L/lib/python3.10/site-packages/airflow/example_dags/plugins/listener_plugin.py
[2024-02-14T09:30:52.489+0000] {processor.py:830} INFO - Processing file /home/codespace/.local/share/virtualenvs/airflow_sandbox-vp-HKq_L/lib/python3.10/site-packages/airflow/example_dags/plugins/listener_plugin.py for tasks to queue
[2024-02-14T09:30:52.489+0000] {logging_mixin.py:188} INFO - [2024-02-14T09:30:52.489+0000] {dagbag.py:538} INFO - Filling up the DagBag from /home/codespace/.local/share/virtualenvs/airflow_sandbox-vp-HKq_L/lib/python3.10/site-packages/airflow/example_dags/plugins/listener_plugin.py
[2024-02-14T09:30:52.492+0000] {processor.py:842} WARNING - No viable dags retrieved from /home/codespace/.local/share/virtualenvs/airflow_sandbox-vp-HKq_L/lib/python3.10/site-packages/airflow/example_dags/plugins/listener_plugin.py
[2024-02-14T09:30:52.499+0000] {processor.py:183} INFO - Processing /home/codespace/.local/share/virtualenvs/airflow_sandbox-vp-HKq_L/lib/python3.10/site-packages/airflow/example_dags/plugins/listener_plugin.py took 0.013 seconds
[2024-02-14T09:31:28.724+0000] {processor.py:161} INFO - Started process (PID=17009) to work on /home/codespace/.local/share/virtualenvs/airflow_sandbox-vp-HKq_L/lib/python3.10/site-packages/airflow/example_dags/plugins/listener_plugin.py
[2024-02-14T09:31:28.725+0000] {processor.py:830} INFO - Processing file /home/codespace/.local/share/virtualenvs/airflow_sandbox-vp-HKq_L/lib/python3.10/site-packages/airflow/example_dags/plugins/listener_plugin.py for tasks to queue
[2024-02-14T09:31:28.726+0000] {logging_mixin.py:188} INFO - [2024-02-14T09:31:28.725+0000] {dagbag.py:538} INFO - Filling up the DagBag from /home/codespace/.local/share/virtualenvs/airflow_sandbox-vp-HKq_L/lib/python3.10/site-packages/airflow/example_dags/plugins/listener_plugin.py
[2024-02-14T09:31:28.728+0000] {processor.py:842} WARNING - No viable dags retrieved from /home/codespace/.local/share/virtualenvs/airflow_sandbox-vp-HKq_L/lib/python3.10/site-packages/airflow/example_dags/plugins/listener_plugin.py
[2024-02-14T09:31:28.737+0000] {processor.py:183} INFO - Processing /home/codespace/.local/share/virtualenvs/airflow_sandbox-vp-HKq_L/lib/python3.10/site-packages/airflow/example_dags/plugins/listener_plugin.py took 0.016 seconds
[2024-02-14T09:32:03.538+0000] {processor.py:161} INFO - Started process (PID=17238) to work on /home/codespace/.local/share/virtualenvs/airflow_sandbox-vp-HKq_L/lib/python3.10/site-packages/airflow/example_dags/plugins/listener_plugin.py
[2024-02-14T09:32:03.539+0000] {processor.py:830} INFO - Processing file /home/codespace/.local/share/virtualenvs/airflow_sandbox-vp-HKq_L/lib/python3.10/site-packages/airflow/example_dags/plugins/listener_plugin.py for tasks to queue
[2024-02-14T09:32:03.540+0000] {logging_mixin.py:188} INFO - [2024-02-14T09:32:03.540+0000] {dagbag.py:538} INFO - Filling up the DagBag from /home/codespace/.local/share/virtualenvs/airflow_sandbox-vp-HKq_L/lib/python3.10/site-packages/airflow/example_dags/plugins/listener_plugin.py
[2024-02-14T09:32:03.542+0000] {processor.py:842} WARNING - No viable dags retrieved from /home/codespace/.local/share/virtualenvs/airflow_sandbox-vp-HKq_L/lib/python3.10/site-packages/airflow/example_dags/plugins/listener_plugin.py
[2024-02-14T09:32:03.549+0000] {processor.py:183} INFO - Processing /home/codespace/.local/share/virtualenvs/airflow_sandbox-vp-HKq_L/lib/python3.10/site-packages/airflow/example_dags/plugins/listener_plugin.py took 0.013 seconds
[2024-02-14T09:32:41.178+0000] {processor.py:161} INFO - Started process (PID=17536) to work on /home/codespace/.local/share/virtualenvs/airflow_sandbox-vp-HKq_L/lib/python3.10/site-packages/airflow/example_dags/plugins/listener_plugin.py
[2024-02-14T09:32:41.179+0000] {processor.py:830} INFO - Processing file /home/codespace/.local/share/virtualenvs/airflow_sandbox-vp-HKq_L/lib/python3.10/site-packages/airflow/example_dags/plugins/listener_plugin.py for tasks to queue
[2024-02-14T09:32:41.180+0000] {logging_mixin.py:188} INFO - [2024-02-14T09:32:41.180+0000] {dagbag.py:538} INFO - Filling up the DagBag from /home/codespace/.local/share/virtualenvs/airflow_sandbox-vp-HKq_L/lib/python3.10/site-packages/airflow/example_dags/plugins/listener_plugin.py
[2024-02-14T09:32:41.182+0000] {processor.py:842} WARNING - No viable dags retrieved from /home/codespace/.local/share/virtualenvs/airflow_sandbox-vp-HKq_L/lib/python3.10/site-packages/airflow/example_dags/plugins/listener_plugin.py
[2024-02-14T09:32:41.190+0000] {processor.py:183} INFO - Processing /home/codespace/.local/share/virtualenvs/airflow_sandbox-vp-HKq_L/lib/python3.10/site-packages/airflow/example_dags/plugins/listener_plugin.py took 0.014 seconds
[2024-02-14T09:33:14.376+0000] {processor.py:161} INFO - Started process (PID=17760) to work on /home/codespace/.local/share/virtualenvs/airflow_sandbox-vp-HKq_L/lib/python3.10/site-packages/airflow/example_dags/plugins/listener_plugin.py
[2024-02-14T09:33:14.377+0000] {processor.py:830} INFO - Processing file /home/codespace/.local/share/virtualenvs/airflow_sandbox-vp-HKq_L/lib/python3.10/site-packages/airflow/example_dags/plugins/listener_plugin.py for tasks to queue
[2024-02-14T09:33:14.378+0000] {logging_mixin.py:188} INFO - [2024-02-14T09:33:14.377+0000] {dagbag.py:538} INFO - Filling up the DagBag from /home/codespace/.local/share/virtualenvs/airflow_sandbox-vp-HKq_L/lib/python3.10/site-packages/airflow/example_dags/plugins/listener_plugin.py
[2024-02-14T09:33:14.381+0000] {processor.py:842} WARNING - No viable dags retrieved from /home/codespace/.local/share/virtualenvs/airflow_sandbox-vp-HKq_L/lib/python3.10/site-packages/airflow/example_dags/plugins/listener_plugin.py
[2024-02-14T09:33:14.393+0000] {processor.py:183} INFO - Processing /home/codespace/.local/share/virtualenvs/airflow_sandbox-vp-HKq_L/lib/python3.10/site-packages/airflow/example_dags/plugins/listener_plugin.py took 0.020 seconds
[2024-02-14T09:33:49.391+0000] {processor.py:161} INFO - Started process (PID=18007) to work on /home/codespace/.local/share/virtualenvs/airflow_sandbox-vp-HKq_L/lib/python3.10/site-packages/airflow/example_dags/plugins/listener_plugin.py
[2024-02-14T09:33:49.392+0000] {processor.py:830} INFO - Processing file /home/codespace/.local/share/virtualenvs/airflow_sandbox-vp-HKq_L/lib/python3.10/site-packages/airflow/example_dags/plugins/listener_plugin.py for tasks to queue
[2024-02-14T09:33:49.392+0000] {logging_mixin.py:188} INFO - [2024-02-14T09:33:49.392+0000] {dagbag.py:538} INFO - Filling up the DagBag from /home/codespace/.local/share/virtualenvs/airflow_sandbox-vp-HKq_L/lib/python3.10/site-packages/airflow/example_dags/plugins/listener_plugin.py
[2024-02-14T09:33:49.395+0000] {processor.py:842} WARNING - No viable dags retrieved from /home/codespace/.local/share/virtualenvs/airflow_sandbox-vp-HKq_L/lib/python3.10/site-packages/airflow/example_dags/plugins/listener_plugin.py
[2024-02-14T09:33:49.402+0000] {processor.py:183} INFO - Processing /home/codespace/.local/share/virtualenvs/airflow_sandbox-vp-HKq_L/lib/python3.10/site-packages/airflow/example_dags/plugins/listener_plugin.py took 0.014 seconds
[2024-02-14T09:34:23.609+0000] {processor.py:161} INFO - Started process (PID=18270) to work on /home/codespace/.local/share/virtualenvs/airflow_sandbox-vp-HKq_L/lib/python3.10/site-packages/airflow/example_dags/plugins/listener_plugin.py
[2024-02-14T09:34:23.610+0000] {processor.py:830} INFO - Processing file /home/codespace/.local/share/virtualenvs/airflow_sandbox-vp-HKq_L/lib/python3.10/site-packages/airflow/example_dags/plugins/listener_plugin.py for tasks to queue
[2024-02-14T09:34:23.611+0000] {logging_mixin.py:188} INFO - [2024-02-14T09:34:23.611+0000] {dagbag.py:538} INFO - Filling up the DagBag from /home/codespace/.local/share/virtualenvs/airflow_sandbox-vp-HKq_L/lib/python3.10/site-packages/airflow/example_dags/plugins/listener_plugin.py
[2024-02-14T09:34:23.613+0000] {processor.py:842} WARNING - No viable dags retrieved from /home/codespace/.local/share/virtualenvs/airflow_sandbox-vp-HKq_L/lib/python3.10/site-packages/airflow/example_dags/plugins/listener_plugin.py
[2024-02-14T09:34:23.621+0000] {processor.py:183} INFO - Processing /home/codespace/.local/share/virtualenvs/airflow_sandbox-vp-HKq_L/lib/python3.10/site-packages/airflow/example_dags/plugins/listener_plugin.py took 0.014 seconds
