[2024-02-14T09:07:31.021+0000] {processor.py:161} INFO - Started process (PID=4378) to work on /home/codespace/.local/share/virtualenvs/airflow_sandbox-vp-HKq_L/lib/python3.10/site-packages/airflow/example_dags/plugins/workday.py
[2024-02-14T09:07:31.022+0000] {processor.py:830} INFO - Processing file /home/codespace/.local/share/virtualenvs/airflow_sandbox-vp-HKq_L/lib/python3.10/site-packages/airflow/example_dags/plugins/workday.py for tasks to queue
[2024-02-14T09:07:31.022+0000] {logging_mixin.py:188} INFO - [2024-02-14T09:07:31.022+0000] {dagbag.py:538} INFO - Filling up the DagBag from /home/codespace/.local/share/virtualenvs/airflow_sandbox-vp-HKq_L/lib/python3.10/site-packages/airflow/example_dags/plugins/workday.py
[2024-02-14T09:07:31.025+0000] {logging_mixin.py:188} INFO - [2024-02-14T09:07:31.025+0000] {workday.py:40} WARNING - Could not import pandas. Holidays will not be considered.
[2024-02-14T09:07:31.025+0000] {processor.py:842} WARNING - No viable dags retrieved from /home/codespace/.local/share/virtualenvs/airflow_sandbox-vp-HKq_L/lib/python3.10/site-packages/airflow/example_dags/plugins/workday.py
[2024-02-14T09:07:31.034+0000] {processor.py:183} INFO - Processing /home/codespace/.local/share/virtualenvs/airflow_sandbox-vp-HKq_L/lib/python3.10/site-packages/airflow/example_dags/plugins/workday.py took 0.015 seconds
[2024-02-14T09:08:22.930+0000] {processor.py:161} INFO - Started process (PID=4995) to work on /home/codespace/.local/share/virtualenvs/airflow_sandbox-vp-HKq_L/lib/python3.10/site-packages/airflow/example_dags/plugins/workday.py
[2024-02-14T09:08:22.931+0000] {processor.py:830} INFO - Processing file /home/codespace/.local/share/virtualenvs/airflow_sandbox-vp-HKq_L/lib/python3.10/site-packages/airflow/example_dags/plugins/workday.py for tasks to queue
[2024-02-14T09:08:22.932+0000] {logging_mixin.py:188} INFO - [2024-02-14T09:08:22.931+0000] {dagbag.py:538} INFO - Filling up the DagBag from /home/codespace/.local/share/virtualenvs/airflow_sandbox-vp-HKq_L/lib/python3.10/site-packages/airflow/example_dags/plugins/workday.py
[2024-02-14T09:08:22.934+0000] {logging_mixin.py:188} INFO - [2024-02-14T09:08:22.934+0000] {workday.py:40} WARNING - Could not import pandas. Holidays will not be considered.
[2024-02-14T09:08:22.934+0000] {processor.py:842} WARNING - No viable dags retrieved from /home/codespace/.local/share/virtualenvs/airflow_sandbox-vp-HKq_L/lib/python3.10/site-packages/airflow/example_dags/plugins/workday.py
[2024-02-14T09:08:22.941+0000] {processor.py:183} INFO - Processing /home/codespace/.local/share/virtualenvs/airflow_sandbox-vp-HKq_L/lib/python3.10/site-packages/airflow/example_dags/plugins/workday.py took 0.013 seconds
[2024-02-14T09:09:03.109+0000] {processor.py:161} INFO - Started process (PID=5503) to work on /home/codespace/.local/share/virtualenvs/airflow_sandbox-vp-HKq_L/lib/python3.10/site-packages/airflow/example_dags/plugins/workday.py
[2024-02-14T09:09:03.110+0000] {processor.py:830} INFO - Processing file /home/codespace/.local/share/virtualenvs/airflow_sandbox-vp-HKq_L/lib/python3.10/site-packages/airflow/example_dags/plugins/workday.py for tasks to queue
[2024-02-14T09:09:03.110+0000] {logging_mixin.py:188} INFO - [2024-02-14T09:09:03.110+0000] {dagbag.py:538} INFO - Filling up the DagBag from /home/codespace/.local/share/virtualenvs/airflow_sandbox-vp-HKq_L/lib/python3.10/site-packages/airflow/example_dags/plugins/workday.py
[2024-02-14T09:09:03.113+0000] {logging_mixin.py:188} INFO - [2024-02-14T09:09:03.112+0000] {workday.py:40} WARNING - Could not import pandas. Holidays will not be considered.
[2024-02-14T09:09:03.113+0000] {processor.py:842} WARNING - No viable dags retrieved from /home/codespace/.local/share/virtualenvs/airflow_sandbox-vp-HKq_L/lib/python3.10/site-packages/airflow/example_dags/plugins/workday.py
[2024-02-14T09:09:03.120+0000] {processor.py:183} INFO - Processing /home/codespace/.local/share/virtualenvs/airflow_sandbox-vp-HKq_L/lib/python3.10/site-packages/airflow/example_dags/plugins/workday.py took 0.013 seconds
[2024-02-14T09:09:54.884+0000] {processor.py:161} INFO - Started process (PID=6319) to work on /home/codespace/.local/share/virtualenvs/airflow_sandbox-vp-HKq_L/lib/python3.10/site-packages/airflow/example_dags/plugins/workday.py
[2024-02-14T09:09:54.885+0000] {processor.py:830} INFO - Processing file /home/codespace/.local/share/virtualenvs/airflow_sandbox-vp-HKq_L/lib/python3.10/site-packages/airflow/example_dags/plugins/workday.py for tasks to queue
[2024-02-14T09:09:54.885+0000] {logging_mixin.py:188} INFO - [2024-02-14T09:09:54.885+0000] {dagbag.py:538} INFO - Filling up the DagBag from /home/codespace/.local/share/virtualenvs/airflow_sandbox-vp-HKq_L/lib/python3.10/site-packages/airflow/example_dags/plugins/workday.py
[2024-02-14T09:09:54.888+0000] {logging_mixin.py:188} INFO - [2024-02-14T09:09:54.888+0000] {workday.py:40} WARNING - Could not import pandas. Holidays will not be considered.
[2024-02-14T09:09:54.888+0000] {processor.py:842} WARNING - No viable dags retrieved from /home/codespace/.local/share/virtualenvs/airflow_sandbox-vp-HKq_L/lib/python3.10/site-packages/airflow/example_dags/plugins/workday.py
[2024-02-14T09:09:54.896+0000] {processor.py:183} INFO - Processing /home/codespace/.local/share/virtualenvs/airflow_sandbox-vp-HKq_L/lib/python3.10/site-packages/airflow/example_dags/plugins/workday.py took 0.015 seconds
[2024-02-14T09:10:32.877+0000] {processor.py:161} INFO - Started process (PID=6745) to work on /home/codespace/.local/share/virtualenvs/airflow_sandbox-vp-HKq_L/lib/python3.10/site-packages/airflow/example_dags/plugins/workday.py
[2024-02-14T09:10:32.878+0000] {processor.py:830} INFO - Processing file /home/codespace/.local/share/virtualenvs/airflow_sandbox-vp-HKq_L/lib/python3.10/site-packages/airflow/example_dags/plugins/workday.py for tasks to queue
[2024-02-14T09:10:32.879+0000] {logging_mixin.py:188} INFO - [2024-02-14T09:10:32.878+0000] {dagbag.py:538} INFO - Filling up the DagBag from /home/codespace/.local/share/virtualenvs/airflow_sandbox-vp-HKq_L/lib/python3.10/site-packages/airflow/example_dags/plugins/workday.py
[2024-02-14T09:10:32.881+0000] {logging_mixin.py:188} INFO - [2024-02-14T09:10:32.881+0000] {workday.py:40} WARNING - Could not import pandas. Holidays will not be considered.
[2024-02-14T09:10:32.881+0000] {processor.py:842} WARNING - No viable dags retrieved from /home/codespace/.local/share/virtualenvs/airflow_sandbox-vp-HKq_L/lib/python3.10/site-packages/airflow/example_dags/plugins/workday.py
[2024-02-14T09:10:32.889+0000] {processor.py:183} INFO - Processing /home/codespace/.local/share/virtualenvs/airflow_sandbox-vp-HKq_L/lib/python3.10/site-packages/airflow/example_dags/plugins/workday.py took 0.014 seconds
[2024-02-14T09:11:08.137+0000] {processor.py:161} INFO - Started process (PID=7175) to work on /home/codespace/.local/share/virtualenvs/airflow_sandbox-vp-HKq_L/lib/python3.10/site-packages/airflow/example_dags/plugins/workday.py
[2024-02-14T09:11:08.138+0000] {processor.py:830} INFO - Processing file /home/codespace/.local/share/virtualenvs/airflow_sandbox-vp-HKq_L/lib/python3.10/site-packages/airflow/example_dags/plugins/workday.py for tasks to queue
[2024-02-14T09:11:08.138+0000] {logging_mixin.py:188} INFO - [2024-02-14T09:11:08.138+0000] {dagbag.py:538} INFO - Filling up the DagBag from /home/codespace/.local/share/virtualenvs/airflow_sandbox-vp-HKq_L/lib/python3.10/site-packages/airflow/example_dags/plugins/workday.py
[2024-02-14T09:11:08.141+0000] {logging_mixin.py:188} INFO - [2024-02-14T09:11:08.140+0000] {workday.py:40} WARNING - Could not import pandas. Holidays will not be considered.
[2024-02-14T09:11:08.141+0000] {processor.py:842} WARNING - No viable dags retrieved from /home/codespace/.local/share/virtualenvs/airflow_sandbox-vp-HKq_L/lib/python3.10/site-packages/airflow/example_dags/plugins/workday.py
[2024-02-14T09:11:08.148+0000] {processor.py:183} INFO - Processing /home/codespace/.local/share/virtualenvs/airflow_sandbox-vp-HKq_L/lib/python3.10/site-packages/airflow/example_dags/plugins/workday.py took 0.013 seconds
[2024-02-14T09:11:46.776+0000] {processor.py:161} INFO - Started process (PID=7712) to work on /home/codespace/.local/share/virtualenvs/airflow_sandbox-vp-HKq_L/lib/python3.10/site-packages/airflow/example_dags/plugins/workday.py
[2024-02-14T09:11:46.777+0000] {processor.py:830} INFO - Processing file /home/codespace/.local/share/virtualenvs/airflow_sandbox-vp-HKq_L/lib/python3.10/site-packages/airflow/example_dags/plugins/workday.py for tasks to queue
[2024-02-14T09:11:46.777+0000] {logging_mixin.py:188} INFO - [2024-02-14T09:11:46.777+0000] {dagbag.py:538} INFO - Filling up the DagBag from /home/codespace/.local/share/virtualenvs/airflow_sandbox-vp-HKq_L/lib/python3.10/site-packages/airflow/example_dags/plugins/workday.py
[2024-02-14T09:11:46.779+0000] {logging_mixin.py:188} INFO - [2024-02-14T09:11:46.779+0000] {workday.py:40} WARNING - Could not import pandas. Holidays will not be considered.
[2024-02-14T09:11:46.780+0000] {processor.py:842} WARNING - No viable dags retrieved from /home/codespace/.local/share/virtualenvs/airflow_sandbox-vp-HKq_L/lib/python3.10/site-packages/airflow/example_dags/plugins/workday.py
[2024-02-14T09:11:46.787+0000] {processor.py:183} INFO - Processing /home/codespace/.local/share/virtualenvs/airflow_sandbox-vp-HKq_L/lib/python3.10/site-packages/airflow/example_dags/plugins/workday.py took 0.013 seconds
[2024-02-14T09:12:23.262+0000] {processor.py:161} INFO - Started process (PID=8045) to work on /home/codespace/.local/share/virtualenvs/airflow_sandbox-vp-HKq_L/lib/python3.10/site-packages/airflow/example_dags/plugins/workday.py
[2024-02-14T09:12:23.263+0000] {processor.py:830} INFO - Processing file /home/codespace/.local/share/virtualenvs/airflow_sandbox-vp-HKq_L/lib/python3.10/site-packages/airflow/example_dags/plugins/workday.py for tasks to queue
[2024-02-14T09:12:23.264+0000] {logging_mixin.py:188} INFO - [2024-02-14T09:12:23.263+0000] {dagbag.py:538} INFO - Filling up the DagBag from /home/codespace/.local/share/virtualenvs/airflow_sandbox-vp-HKq_L/lib/python3.10/site-packages/airflow/example_dags/plugins/workday.py
[2024-02-14T09:12:23.266+0000] {logging_mixin.py:188} INFO - [2024-02-14T09:12:23.266+0000] {workday.py:40} WARNING - Could not import pandas. Holidays will not be considered.
[2024-02-14T09:12:23.266+0000] {processor.py:842} WARNING - No viable dags retrieved from /home/codespace/.local/share/virtualenvs/airflow_sandbox-vp-HKq_L/lib/python3.10/site-packages/airflow/example_dags/plugins/workday.py
[2024-02-14T09:12:23.273+0000] {processor.py:183} INFO - Processing /home/codespace/.local/share/virtualenvs/airflow_sandbox-vp-HKq_L/lib/python3.10/site-packages/airflow/example_dags/plugins/workday.py took 0.013 seconds
[2024-02-14T09:12:59.889+0000] {processor.py:161} INFO - Started process (PID=8411) to work on /home/codespace/.local/share/virtualenvs/airflow_sandbox-vp-HKq_L/lib/python3.10/site-packages/airflow/example_dags/plugins/workday.py
[2024-02-14T09:12:59.890+0000] {processor.py:830} INFO - Processing file /home/codespace/.local/share/virtualenvs/airflow_sandbox-vp-HKq_L/lib/python3.10/site-packages/airflow/example_dags/plugins/workday.py for tasks to queue
[2024-02-14T09:12:59.891+0000] {logging_mixin.py:188} INFO - [2024-02-14T09:12:59.890+0000] {dagbag.py:538} INFO - Filling up the DagBag from /home/codespace/.local/share/virtualenvs/airflow_sandbox-vp-HKq_L/lib/python3.10/site-packages/airflow/example_dags/plugins/workday.py
[2024-02-14T09:12:59.893+0000] {logging_mixin.py:188} INFO - [2024-02-14T09:12:59.893+0000] {workday.py:40} WARNING - Could not import pandas. Holidays will not be considered.
[2024-02-14T09:12:59.893+0000] {processor.py:842} WARNING - No viable dags retrieved from /home/codespace/.local/share/virtualenvs/airflow_sandbox-vp-HKq_L/lib/python3.10/site-packages/airflow/example_dags/plugins/workday.py
[2024-02-14T09:12:59.901+0000] {processor.py:183} INFO - Processing /home/codespace/.local/share/virtualenvs/airflow_sandbox-vp-HKq_L/lib/python3.10/site-packages/airflow/example_dags/plugins/workday.py took 0.015 seconds
[2024-02-14T09:13:36.091+0000] {processor.py:161} INFO - Started process (PID=8644) to work on /home/codespace/.local/share/virtualenvs/airflow_sandbox-vp-HKq_L/lib/python3.10/site-packages/airflow/example_dags/plugins/workday.py
[2024-02-14T09:13:36.091+0000] {processor.py:830} INFO - Processing file /home/codespace/.local/share/virtualenvs/airflow_sandbox-vp-HKq_L/lib/python3.10/site-packages/airflow/example_dags/plugins/workday.py for tasks to queue
[2024-02-14T09:13:36.092+0000] {logging_mixin.py:188} INFO - [2024-02-14T09:13:36.092+0000] {dagbag.py:538} INFO - Filling up the DagBag from /home/codespace/.local/share/virtualenvs/airflow_sandbox-vp-HKq_L/lib/python3.10/site-packages/airflow/example_dags/plugins/workday.py
[2024-02-14T09:13:36.095+0000] {logging_mixin.py:188} INFO - [2024-02-14T09:13:36.094+0000] {workday.py:40} WARNING - Could not import pandas. Holidays will not be considered.
[2024-02-14T09:13:36.095+0000] {processor.py:842} WARNING - No viable dags retrieved from /home/codespace/.local/share/virtualenvs/airflow_sandbox-vp-HKq_L/lib/python3.10/site-packages/airflow/example_dags/plugins/workday.py
[2024-02-14T09:13:36.103+0000] {processor.py:183} INFO - Processing /home/codespace/.local/share/virtualenvs/airflow_sandbox-vp-HKq_L/lib/python3.10/site-packages/airflow/example_dags/plugins/workday.py took 0.014 seconds
[2024-02-14T09:14:10.887+0000] {processor.py:161} INFO - Started process (PID=8972) to work on /home/codespace/.local/share/virtualenvs/airflow_sandbox-vp-HKq_L/lib/python3.10/site-packages/airflow/example_dags/plugins/workday.py
[2024-02-14T09:14:10.887+0000] {processor.py:830} INFO - Processing file /home/codespace/.local/share/virtualenvs/airflow_sandbox-vp-HKq_L/lib/python3.10/site-packages/airflow/example_dags/plugins/workday.py for tasks to queue
[2024-02-14T09:14:10.888+0000] {logging_mixin.py:188} INFO - [2024-02-14T09:14:10.888+0000] {dagbag.py:538} INFO - Filling up the DagBag from /home/codespace/.local/share/virtualenvs/airflow_sandbox-vp-HKq_L/lib/python3.10/site-packages/airflow/example_dags/plugins/workday.py
[2024-02-14T09:14:10.890+0000] {logging_mixin.py:188} INFO - [2024-02-14T09:14:10.890+0000] {workday.py:40} WARNING - Could not import pandas. Holidays will not be considered.
[2024-02-14T09:14:10.891+0000] {processor.py:842} WARNING - No viable dags retrieved from /home/codespace/.local/share/virtualenvs/airflow_sandbox-vp-HKq_L/lib/python3.10/site-packages/airflow/example_dags/plugins/workday.py
[2024-02-14T09:14:10.898+0000] {processor.py:183} INFO - Processing /home/codespace/.local/share/virtualenvs/airflow_sandbox-vp-HKq_L/lib/python3.10/site-packages/airflow/example_dags/plugins/workday.py took 0.014 seconds
[2024-02-14T09:14:47.009+0000] {processor.py:161} INFO - Started process (PID=9213) to work on /home/codespace/.local/share/virtualenvs/airflow_sandbox-vp-HKq_L/lib/python3.10/site-packages/airflow/example_dags/plugins/workday.py
[2024-02-14T09:14:47.010+0000] {processor.py:830} INFO - Processing file /home/codespace/.local/share/virtualenvs/airflow_sandbox-vp-HKq_L/lib/python3.10/site-packages/airflow/example_dags/plugins/workday.py for tasks to queue
[2024-02-14T09:14:47.011+0000] {logging_mixin.py:188} INFO - [2024-02-14T09:14:47.010+0000] {dagbag.py:538} INFO - Filling up the DagBag from /home/codespace/.local/share/virtualenvs/airflow_sandbox-vp-HKq_L/lib/python3.10/site-packages/airflow/example_dags/plugins/workday.py
[2024-02-14T09:14:47.013+0000] {logging_mixin.py:188} INFO - [2024-02-14T09:14:47.013+0000] {workday.py:40} WARNING - Could not import pandas. Holidays will not be considered.
[2024-02-14T09:14:47.013+0000] {processor.py:842} WARNING - No viable dags retrieved from /home/codespace/.local/share/virtualenvs/airflow_sandbox-vp-HKq_L/lib/python3.10/site-packages/airflow/example_dags/plugins/workday.py
[2024-02-14T09:14:47.021+0000] {processor.py:183} INFO - Processing /home/codespace/.local/share/virtualenvs/airflow_sandbox-vp-HKq_L/lib/python3.10/site-packages/airflow/example_dags/plugins/workday.py took 0.014 seconds
[2024-02-14T09:15:20.859+0000] {processor.py:161} INFO - Started process (PID=9461) to work on /home/codespace/.local/share/virtualenvs/airflow_sandbox-vp-HKq_L/lib/python3.10/site-packages/airflow/example_dags/plugins/workday.py
[2024-02-14T09:15:20.860+0000] {processor.py:830} INFO - Processing file /home/codespace/.local/share/virtualenvs/airflow_sandbox-vp-HKq_L/lib/python3.10/site-packages/airflow/example_dags/plugins/workday.py for tasks to queue
[2024-02-14T09:15:20.860+0000] {logging_mixin.py:188} INFO - [2024-02-14T09:15:20.860+0000] {dagbag.py:538} INFO - Filling up the DagBag from /home/codespace/.local/share/virtualenvs/airflow_sandbox-vp-HKq_L/lib/python3.10/site-packages/airflow/example_dags/plugins/workday.py
[2024-02-14T09:15:20.862+0000] {logging_mixin.py:188} INFO - [2024-02-14T09:15:20.862+0000] {workday.py:40} WARNING - Could not import pandas. Holidays will not be considered.
[2024-02-14T09:15:20.863+0000] {processor.py:842} WARNING - No viable dags retrieved from /home/codespace/.local/share/virtualenvs/airflow_sandbox-vp-HKq_L/lib/python3.10/site-packages/airflow/example_dags/plugins/workday.py
[2024-02-14T09:15:20.870+0000] {processor.py:183} INFO - Processing /home/codespace/.local/share/virtualenvs/airflow_sandbox-vp-HKq_L/lib/python3.10/site-packages/airflow/example_dags/plugins/workday.py took 0.014 seconds
[2024-02-14T09:15:55.352+0000] {processor.py:161} INFO - Started process (PID=9690) to work on /home/codespace/.local/share/virtualenvs/airflow_sandbox-vp-HKq_L/lib/python3.10/site-packages/airflow/example_dags/plugins/workday.py
[2024-02-14T09:15:55.353+0000] {processor.py:830} INFO - Processing file /home/codespace/.local/share/virtualenvs/airflow_sandbox-vp-HKq_L/lib/python3.10/site-packages/airflow/example_dags/plugins/workday.py for tasks to queue
[2024-02-14T09:15:55.354+0000] {logging_mixin.py:188} INFO - [2024-02-14T09:15:55.353+0000] {dagbag.py:538} INFO - Filling up the DagBag from /home/codespace/.local/share/virtualenvs/airflow_sandbox-vp-HKq_L/lib/python3.10/site-packages/airflow/example_dags/plugins/workday.py
[2024-02-14T09:15:55.356+0000] {logging_mixin.py:188} INFO - [2024-02-14T09:15:55.356+0000] {workday.py:40} WARNING - Could not import pandas. Holidays will not be considered.
[2024-02-14T09:15:55.356+0000] {processor.py:842} WARNING - No viable dags retrieved from /home/codespace/.local/share/virtualenvs/airflow_sandbox-vp-HKq_L/lib/python3.10/site-packages/airflow/example_dags/plugins/workday.py
[2024-02-14T09:15:55.363+0000] {processor.py:183} INFO - Processing /home/codespace/.local/share/virtualenvs/airflow_sandbox-vp-HKq_L/lib/python3.10/site-packages/airflow/example_dags/plugins/workday.py took 0.013 seconds
[2024-02-14T09:16:30.493+0000] {processor.py:161} INFO - Started process (PID=9943) to work on /home/codespace/.local/share/virtualenvs/airflow_sandbox-vp-HKq_L/lib/python3.10/site-packages/airflow/example_dags/plugins/workday.py
[2024-02-14T09:16:30.494+0000] {processor.py:830} INFO - Processing file /home/codespace/.local/share/virtualenvs/airflow_sandbox-vp-HKq_L/lib/python3.10/site-packages/airflow/example_dags/plugins/workday.py for tasks to queue
[2024-02-14T09:16:30.495+0000] {logging_mixin.py:188} INFO - [2024-02-14T09:16:30.494+0000] {dagbag.py:538} INFO - Filling up the DagBag from /home/codespace/.local/share/virtualenvs/airflow_sandbox-vp-HKq_L/lib/python3.10/site-packages/airflow/example_dags/plugins/workday.py
[2024-02-14T09:16:30.497+0000] {logging_mixin.py:188} INFO - [2024-02-14T09:16:30.497+0000] {workday.py:40} WARNING - Could not import pandas. Holidays will not be considered.
[2024-02-14T09:16:30.497+0000] {processor.py:842} WARNING - No viable dags retrieved from /home/codespace/.local/share/virtualenvs/airflow_sandbox-vp-HKq_L/lib/python3.10/site-packages/airflow/example_dags/plugins/workday.py
[2024-02-14T09:16:30.504+0000] {processor.py:183} INFO - Processing /home/codespace/.local/share/virtualenvs/airflow_sandbox-vp-HKq_L/lib/python3.10/site-packages/airflow/example_dags/plugins/workday.py took 0.013 seconds
[2024-02-14T09:17:06.941+0000] {processor.py:161} INFO - Started process (PID=10202) to work on /home/codespace/.local/share/virtualenvs/airflow_sandbox-vp-HKq_L/lib/python3.10/site-packages/airflow/example_dags/plugins/workday.py
[2024-02-14T09:17:06.942+0000] {processor.py:830} INFO - Processing file /home/codespace/.local/share/virtualenvs/airflow_sandbox-vp-HKq_L/lib/python3.10/site-packages/airflow/example_dags/plugins/workday.py for tasks to queue
[2024-02-14T09:17:06.943+0000] {logging_mixin.py:188} INFO - [2024-02-14T09:17:06.942+0000] {dagbag.py:538} INFO - Filling up the DagBag from /home/codespace/.local/share/virtualenvs/airflow_sandbox-vp-HKq_L/lib/python3.10/site-packages/airflow/example_dags/plugins/workday.py
[2024-02-14T09:17:06.945+0000] {logging_mixin.py:188} INFO - [2024-02-14T09:17:06.945+0000] {workday.py:40} WARNING - Could not import pandas. Holidays will not be considered.
[2024-02-14T09:17:06.945+0000] {processor.py:842} WARNING - No viable dags retrieved from /home/codespace/.local/share/virtualenvs/airflow_sandbox-vp-HKq_L/lib/python3.10/site-packages/airflow/example_dags/plugins/workday.py
[2024-02-14T09:17:06.952+0000] {processor.py:183} INFO - Processing /home/codespace/.local/share/virtualenvs/airflow_sandbox-vp-HKq_L/lib/python3.10/site-packages/airflow/example_dags/plugins/workday.py took 0.013 seconds
[2024-02-14T09:17:41.217+0000] {processor.py:161} INFO - Started process (PID=10483) to work on /home/codespace/.local/share/virtualenvs/airflow_sandbox-vp-HKq_L/lib/python3.10/site-packages/airflow/example_dags/plugins/workday.py
[2024-02-14T09:17:41.218+0000] {processor.py:830} INFO - Processing file /home/codespace/.local/share/virtualenvs/airflow_sandbox-vp-HKq_L/lib/python3.10/site-packages/airflow/example_dags/plugins/workday.py for tasks to queue
[2024-02-14T09:17:41.219+0000] {logging_mixin.py:188} INFO - [2024-02-14T09:17:41.218+0000] {dagbag.py:538} INFO - Filling up the DagBag from /home/codespace/.local/share/virtualenvs/airflow_sandbox-vp-HKq_L/lib/python3.10/site-packages/airflow/example_dags/plugins/workday.py
[2024-02-14T09:17:41.221+0000] {logging_mixin.py:188} INFO - [2024-02-14T09:17:41.221+0000] {workday.py:40} WARNING - Could not import pandas. Holidays will not be considered.
[2024-02-14T09:17:41.221+0000] {processor.py:842} WARNING - No viable dags retrieved from /home/codespace/.local/share/virtualenvs/airflow_sandbox-vp-HKq_L/lib/python3.10/site-packages/airflow/example_dags/plugins/workday.py
[2024-02-14T09:17:41.229+0000] {processor.py:183} INFO - Processing /home/codespace/.local/share/virtualenvs/airflow_sandbox-vp-HKq_L/lib/python3.10/site-packages/airflow/example_dags/plugins/workday.py took 0.014 seconds
[2024-02-14T09:18:15.118+0000] {processor.py:161} INFO - Started process (PID=10737) to work on /home/codespace/.local/share/virtualenvs/airflow_sandbox-vp-HKq_L/lib/python3.10/site-packages/airflow/example_dags/plugins/workday.py
[2024-02-14T09:18:15.119+0000] {processor.py:830} INFO - Processing file /home/codespace/.local/share/virtualenvs/airflow_sandbox-vp-HKq_L/lib/python3.10/site-packages/airflow/example_dags/plugins/workday.py for tasks to queue
[2024-02-14T09:18:15.120+0000] {logging_mixin.py:188} INFO - [2024-02-14T09:18:15.119+0000] {dagbag.py:538} INFO - Filling up the DagBag from /home/codespace/.local/share/virtualenvs/airflow_sandbox-vp-HKq_L/lib/python3.10/site-packages/airflow/example_dags/plugins/workday.py
[2024-02-14T09:18:15.122+0000] {logging_mixin.py:188} INFO - [2024-02-14T09:18:15.122+0000] {workday.py:40} WARNING - Could not import pandas. Holidays will not be considered.
[2024-02-14T09:18:15.122+0000] {processor.py:842} WARNING - No viable dags retrieved from /home/codespace/.local/share/virtualenvs/airflow_sandbox-vp-HKq_L/lib/python3.10/site-packages/airflow/example_dags/plugins/workday.py
[2024-02-14T09:18:15.130+0000] {processor.py:183} INFO - Processing /home/codespace/.local/share/virtualenvs/airflow_sandbox-vp-HKq_L/lib/python3.10/site-packages/airflow/example_dags/plugins/workday.py took 0.015 seconds
[2024-02-14T09:18:51.521+0000] {processor.py:161} INFO - Started process (PID=10985) to work on /home/codespace/.local/share/virtualenvs/airflow_sandbox-vp-HKq_L/lib/python3.10/site-packages/airflow/example_dags/plugins/workday.py
[2024-02-14T09:18:51.521+0000] {processor.py:830} INFO - Processing file /home/codespace/.local/share/virtualenvs/airflow_sandbox-vp-HKq_L/lib/python3.10/site-packages/airflow/example_dags/plugins/workday.py for tasks to queue
[2024-02-14T09:18:51.522+0000] {logging_mixin.py:188} INFO - [2024-02-14T09:18:51.522+0000] {dagbag.py:538} INFO - Filling up the DagBag from /home/codespace/.local/share/virtualenvs/airflow_sandbox-vp-HKq_L/lib/python3.10/site-packages/airflow/example_dags/plugins/workday.py
[2024-02-14T09:18:51.524+0000] {logging_mixin.py:188} INFO - [2024-02-14T09:18:51.524+0000] {workday.py:40} WARNING - Could not import pandas. Holidays will not be considered.
[2024-02-14T09:18:51.525+0000] {processor.py:842} WARNING - No viable dags retrieved from /home/codespace/.local/share/virtualenvs/airflow_sandbox-vp-HKq_L/lib/python3.10/site-packages/airflow/example_dags/plugins/workday.py
[2024-02-14T09:18:51.532+0000] {processor.py:183} INFO - Processing /home/codespace/.local/share/virtualenvs/airflow_sandbox-vp-HKq_L/lib/python3.10/site-packages/airflow/example_dags/plugins/workday.py took 0.013 seconds
[2024-02-14T09:19:27.886+0000] {processor.py:161} INFO - Started process (PID=11242) to work on /home/codespace/.local/share/virtualenvs/airflow_sandbox-vp-HKq_L/lib/python3.10/site-packages/airflow/example_dags/plugins/workday.py
[2024-02-14T09:19:27.887+0000] {processor.py:830} INFO - Processing file /home/codespace/.local/share/virtualenvs/airflow_sandbox-vp-HKq_L/lib/python3.10/site-packages/airflow/example_dags/plugins/workday.py for tasks to queue
[2024-02-14T09:19:27.887+0000] {logging_mixin.py:188} INFO - [2024-02-14T09:19:27.887+0000] {dagbag.py:538} INFO - Filling up the DagBag from /home/codespace/.local/share/virtualenvs/airflow_sandbox-vp-HKq_L/lib/python3.10/site-packages/airflow/example_dags/plugins/workday.py
[2024-02-14T09:19:27.890+0000] {logging_mixin.py:188} INFO - [2024-02-14T09:19:27.889+0000] {workday.py:40} WARNING - Could not import pandas. Holidays will not be considered.
[2024-02-14T09:19:27.890+0000] {processor.py:842} WARNING - No viable dags retrieved from /home/codespace/.local/share/virtualenvs/airflow_sandbox-vp-HKq_L/lib/python3.10/site-packages/airflow/example_dags/plugins/workday.py
[2024-02-14T09:19:27.897+0000] {processor.py:183} INFO - Processing /home/codespace/.local/share/virtualenvs/airflow_sandbox-vp-HKq_L/lib/python3.10/site-packages/airflow/example_dags/plugins/workday.py took 0.013 seconds
[2024-02-14T09:20:03.948+0000] {processor.py:161} INFO - Started process (PID=11508) to work on /home/codespace/.local/share/virtualenvs/airflow_sandbox-vp-HKq_L/lib/python3.10/site-packages/airflow/example_dags/plugins/workday.py
[2024-02-14T09:20:03.949+0000] {processor.py:830} INFO - Processing file /home/codespace/.local/share/virtualenvs/airflow_sandbox-vp-HKq_L/lib/python3.10/site-packages/airflow/example_dags/plugins/workday.py for tasks to queue
[2024-02-14T09:20:03.949+0000] {logging_mixin.py:188} INFO - [2024-02-14T09:20:03.949+0000] {dagbag.py:538} INFO - Filling up the DagBag from /home/codespace/.local/share/virtualenvs/airflow_sandbox-vp-HKq_L/lib/python3.10/site-packages/airflow/example_dags/plugins/workday.py
[2024-02-14T09:20:03.952+0000] {logging_mixin.py:188} INFO - [2024-02-14T09:20:03.952+0000] {workday.py:40} WARNING - Could not import pandas. Holidays will not be considered.
[2024-02-14T09:20:03.952+0000] {processor.py:842} WARNING - No viable dags retrieved from /home/codespace/.local/share/virtualenvs/airflow_sandbox-vp-HKq_L/lib/python3.10/site-packages/airflow/example_dags/plugins/workday.py
[2024-02-14T09:20:03.959+0000] {processor.py:183} INFO - Processing /home/codespace/.local/share/virtualenvs/airflow_sandbox-vp-HKq_L/lib/python3.10/site-packages/airflow/example_dags/plugins/workday.py took 0.013 seconds
[2024-02-14T09:20:39.246+0000] {processor.py:161} INFO - Started process (PID=12251) to work on /home/codespace/.local/share/virtualenvs/airflow_sandbox-vp-HKq_L/lib/python3.10/site-packages/airflow/example_dags/plugins/workday.py
[2024-02-14T09:20:39.247+0000] {processor.py:830} INFO - Processing file /home/codespace/.local/share/virtualenvs/airflow_sandbox-vp-HKq_L/lib/python3.10/site-packages/airflow/example_dags/plugins/workday.py for tasks to queue
[2024-02-14T09:20:39.248+0000] {logging_mixin.py:188} INFO - [2024-02-14T09:20:39.247+0000] {dagbag.py:538} INFO - Filling up the DagBag from /home/codespace/.local/share/virtualenvs/airflow_sandbox-vp-HKq_L/lib/python3.10/site-packages/airflow/example_dags/plugins/workday.py
[2024-02-14T09:20:39.250+0000] {logging_mixin.py:188} INFO - [2024-02-14T09:20:39.250+0000] {workday.py:40} WARNING - Could not import pandas. Holidays will not be considered.
[2024-02-14T09:20:39.250+0000] {processor.py:842} WARNING - No viable dags retrieved from /home/codespace/.local/share/virtualenvs/airflow_sandbox-vp-HKq_L/lib/python3.10/site-packages/airflow/example_dags/plugins/workday.py
[2024-02-14T09:20:39.257+0000] {processor.py:183} INFO - Processing /home/codespace/.local/share/virtualenvs/airflow_sandbox-vp-HKq_L/lib/python3.10/site-packages/airflow/example_dags/plugins/workday.py took 0.014 seconds
[2024-02-14T09:21:12.821+0000] {processor.py:161} INFO - Started process (PID=12488) to work on /home/codespace/.local/share/virtualenvs/airflow_sandbox-vp-HKq_L/lib/python3.10/site-packages/airflow/example_dags/plugins/workday.py
[2024-02-14T09:21:12.822+0000] {processor.py:830} INFO - Processing file /home/codespace/.local/share/virtualenvs/airflow_sandbox-vp-HKq_L/lib/python3.10/site-packages/airflow/example_dags/plugins/workday.py for tasks to queue
[2024-02-14T09:21:12.822+0000] {logging_mixin.py:188} INFO - [2024-02-14T09:21:12.822+0000] {dagbag.py:538} INFO - Filling up the DagBag from /home/codespace/.local/share/virtualenvs/airflow_sandbox-vp-HKq_L/lib/python3.10/site-packages/airflow/example_dags/plugins/workday.py
[2024-02-14T09:21:12.824+0000] {logging_mixin.py:188} INFO - [2024-02-14T09:21:12.824+0000] {workday.py:40} WARNING - Could not import pandas. Holidays will not be considered.
[2024-02-14T09:21:12.825+0000] {processor.py:842} WARNING - No viable dags retrieved from /home/codespace/.local/share/virtualenvs/airflow_sandbox-vp-HKq_L/lib/python3.10/site-packages/airflow/example_dags/plugins/workday.py
[2024-02-14T09:21:12.832+0000] {processor.py:183} INFO - Processing /home/codespace/.local/share/virtualenvs/airflow_sandbox-vp-HKq_L/lib/python3.10/site-packages/airflow/example_dags/plugins/workday.py took 0.013 seconds
[2024-02-14T09:21:48.141+0000] {processor.py:161} INFO - Started process (PID=12740) to work on /home/codespace/.local/share/virtualenvs/airflow_sandbox-vp-HKq_L/lib/python3.10/site-packages/airflow/example_dags/plugins/workday.py
[2024-02-14T09:21:48.142+0000] {processor.py:830} INFO - Processing file /home/codespace/.local/share/virtualenvs/airflow_sandbox-vp-HKq_L/lib/python3.10/site-packages/airflow/example_dags/plugins/workday.py for tasks to queue
[2024-02-14T09:21:48.143+0000] {logging_mixin.py:188} INFO - [2024-02-14T09:21:48.142+0000] {dagbag.py:538} INFO - Filling up the DagBag from /home/codespace/.local/share/virtualenvs/airflow_sandbox-vp-HKq_L/lib/python3.10/site-packages/airflow/example_dags/plugins/workday.py
[2024-02-14T09:21:48.145+0000] {logging_mixin.py:188} INFO - [2024-02-14T09:21:48.145+0000] {workday.py:40} WARNING - Could not import pandas. Holidays will not be considered.
[2024-02-14T09:21:48.145+0000] {processor.py:842} WARNING - No viable dags retrieved from /home/codespace/.local/share/virtualenvs/airflow_sandbox-vp-HKq_L/lib/python3.10/site-packages/airflow/example_dags/plugins/workday.py
[2024-02-14T09:21:48.153+0000] {processor.py:183} INFO - Processing /home/codespace/.local/share/virtualenvs/airflow_sandbox-vp-HKq_L/lib/python3.10/site-packages/airflow/example_dags/plugins/workday.py took 0.014 seconds
[2024-02-14T09:22:26.396+0000] {processor.py:161} INFO - Started process (PID=13005) to work on /home/codespace/.local/share/virtualenvs/airflow_sandbox-vp-HKq_L/lib/python3.10/site-packages/airflow/example_dags/plugins/workday.py
[2024-02-14T09:22:26.397+0000] {processor.py:830} INFO - Processing file /home/codespace/.local/share/virtualenvs/airflow_sandbox-vp-HKq_L/lib/python3.10/site-packages/airflow/example_dags/plugins/workday.py for tasks to queue
[2024-02-14T09:22:26.398+0000] {logging_mixin.py:188} INFO - [2024-02-14T09:22:26.398+0000] {dagbag.py:538} INFO - Filling up the DagBag from /home/codespace/.local/share/virtualenvs/airflow_sandbox-vp-HKq_L/lib/python3.10/site-packages/airflow/example_dags/plugins/workday.py
[2024-02-14T09:22:26.400+0000] {logging_mixin.py:188} INFO - [2024-02-14T09:22:26.400+0000] {workday.py:40} WARNING - Could not import pandas. Holidays will not be considered.
[2024-02-14T09:22:26.400+0000] {processor.py:842} WARNING - No viable dags retrieved from /home/codespace/.local/share/virtualenvs/airflow_sandbox-vp-HKq_L/lib/python3.10/site-packages/airflow/example_dags/plugins/workday.py
[2024-02-14T09:22:26.408+0000] {processor.py:183} INFO - Processing /home/codespace/.local/share/virtualenvs/airflow_sandbox-vp-HKq_L/lib/python3.10/site-packages/airflow/example_dags/plugins/workday.py took 0.013 seconds
[2024-02-14T09:23:05.419+0000] {processor.py:161} INFO - Started process (PID=13307) to work on /home/codespace/.local/share/virtualenvs/airflow_sandbox-vp-HKq_L/lib/python3.10/site-packages/airflow/example_dags/plugins/workday.py
[2024-02-14T09:23:05.420+0000] {processor.py:830} INFO - Processing file /home/codespace/.local/share/virtualenvs/airflow_sandbox-vp-HKq_L/lib/python3.10/site-packages/airflow/example_dags/plugins/workday.py for tasks to queue
[2024-02-14T09:23:05.421+0000] {logging_mixin.py:188} INFO - [2024-02-14T09:23:05.421+0000] {dagbag.py:538} INFO - Filling up the DagBag from /home/codespace/.local/share/virtualenvs/airflow_sandbox-vp-HKq_L/lib/python3.10/site-packages/airflow/example_dags/plugins/workday.py
[2024-02-14T09:23:05.424+0000] {logging_mixin.py:188} INFO - [2024-02-14T09:23:05.424+0000] {workday.py:40} WARNING - Could not import pandas. Holidays will not be considered.
[2024-02-14T09:23:05.424+0000] {processor.py:842} WARNING - No viable dags retrieved from /home/codespace/.local/share/virtualenvs/airflow_sandbox-vp-HKq_L/lib/python3.10/site-packages/airflow/example_dags/plugins/workday.py
[2024-02-14T09:23:05.434+0000] {processor.py:183} INFO - Processing /home/codespace/.local/share/virtualenvs/airflow_sandbox-vp-HKq_L/lib/python3.10/site-packages/airflow/example_dags/plugins/workday.py took 0.018 seconds
[2024-02-14T09:23:43.033+0000] {processor.py:161} INFO - Started process (PID=13569) to work on /home/codespace/.local/share/virtualenvs/airflow_sandbox-vp-HKq_L/lib/python3.10/site-packages/airflow/example_dags/plugins/workday.py
[2024-02-14T09:23:43.033+0000] {processor.py:830} INFO - Processing file /home/codespace/.local/share/virtualenvs/airflow_sandbox-vp-HKq_L/lib/python3.10/site-packages/airflow/example_dags/plugins/workday.py for tasks to queue
[2024-02-14T09:23:43.034+0000] {logging_mixin.py:188} INFO - [2024-02-14T09:23:43.034+0000] {dagbag.py:538} INFO - Filling up the DagBag from /home/codespace/.local/share/virtualenvs/airflow_sandbox-vp-HKq_L/lib/python3.10/site-packages/airflow/example_dags/plugins/workday.py
[2024-02-14T09:23:43.036+0000] {logging_mixin.py:188} INFO - [2024-02-14T09:23:43.036+0000] {workday.py:40} WARNING - Could not import pandas. Holidays will not be considered.
[2024-02-14T09:23:43.037+0000] {processor.py:842} WARNING - No viable dags retrieved from /home/codespace/.local/share/virtualenvs/airflow_sandbox-vp-HKq_L/lib/python3.10/site-packages/airflow/example_dags/plugins/workday.py
[2024-02-14T09:23:43.044+0000] {processor.py:183} INFO - Processing /home/codespace/.local/share/virtualenvs/airflow_sandbox-vp-HKq_L/lib/python3.10/site-packages/airflow/example_dags/plugins/workday.py took 0.013 seconds
[2024-02-14T09:24:21.760+0000] {processor.py:161} INFO - Started process (PID=13846) to work on /home/codespace/.local/share/virtualenvs/airflow_sandbox-vp-HKq_L/lib/python3.10/site-packages/airflow/example_dags/plugins/workday.py
[2024-02-14T09:24:21.761+0000] {processor.py:830} INFO - Processing file /home/codespace/.local/share/virtualenvs/airflow_sandbox-vp-HKq_L/lib/python3.10/site-packages/airflow/example_dags/plugins/workday.py for tasks to queue
[2024-02-14T09:24:21.762+0000] {logging_mixin.py:188} INFO - [2024-02-14T09:24:21.762+0000] {dagbag.py:538} INFO - Filling up the DagBag from /home/codespace/.local/share/virtualenvs/airflow_sandbox-vp-HKq_L/lib/python3.10/site-packages/airflow/example_dags/plugins/workday.py
[2024-02-14T09:24:21.764+0000] {logging_mixin.py:188} INFO - [2024-02-14T09:24:21.764+0000] {workday.py:40} WARNING - Could not import pandas. Holidays will not be considered.
[2024-02-14T09:24:21.764+0000] {processor.py:842} WARNING - No viable dags retrieved from /home/codespace/.local/share/virtualenvs/airflow_sandbox-vp-HKq_L/lib/python3.10/site-packages/airflow/example_dags/plugins/workday.py
[2024-02-14T09:24:21.771+0000] {processor.py:183} INFO - Processing /home/codespace/.local/share/virtualenvs/airflow_sandbox-vp-HKq_L/lib/python3.10/site-packages/airflow/example_dags/plugins/workday.py took 0.013 seconds
[2024-02-14T09:24:59.128+0000] {processor.py:161} INFO - Started process (PID=14089) to work on /home/codespace/.local/share/virtualenvs/airflow_sandbox-vp-HKq_L/lib/python3.10/site-packages/airflow/example_dags/plugins/workday.py
[2024-02-14T09:24:59.128+0000] {processor.py:830} INFO - Processing file /home/codespace/.local/share/virtualenvs/airflow_sandbox-vp-HKq_L/lib/python3.10/site-packages/airflow/example_dags/plugins/workday.py for tasks to queue
[2024-02-14T09:24:59.129+0000] {logging_mixin.py:188} INFO - [2024-02-14T09:24:59.129+0000] {dagbag.py:538} INFO - Filling up the DagBag from /home/codespace/.local/share/virtualenvs/airflow_sandbox-vp-HKq_L/lib/python3.10/site-packages/airflow/example_dags/plugins/workday.py
[2024-02-14T09:24:59.131+0000] {logging_mixin.py:188} INFO - [2024-02-14T09:24:59.131+0000] {workday.py:40} WARNING - Could not import pandas. Holidays will not be considered.
[2024-02-14T09:24:59.132+0000] {processor.py:842} WARNING - No viable dags retrieved from /home/codespace/.local/share/virtualenvs/airflow_sandbox-vp-HKq_L/lib/python3.10/site-packages/airflow/example_dags/plugins/workday.py
[2024-02-14T09:24:59.139+0000] {processor.py:183} INFO - Processing /home/codespace/.local/share/virtualenvs/airflow_sandbox-vp-HKq_L/lib/python3.10/site-packages/airflow/example_dags/plugins/workday.py took 0.013 seconds
[2024-02-14T09:25:35.303+0000] {processor.py:161} INFO - Started process (PID=14348) to work on /home/codespace/.local/share/virtualenvs/airflow_sandbox-vp-HKq_L/lib/python3.10/site-packages/airflow/example_dags/plugins/workday.py
[2024-02-14T09:25:35.304+0000] {processor.py:830} INFO - Processing file /home/codespace/.local/share/virtualenvs/airflow_sandbox-vp-HKq_L/lib/python3.10/site-packages/airflow/example_dags/plugins/workday.py for tasks to queue
[2024-02-14T09:25:35.305+0000] {logging_mixin.py:188} INFO - [2024-02-14T09:25:35.305+0000] {dagbag.py:538} INFO - Filling up the DagBag from /home/codespace/.local/share/virtualenvs/airflow_sandbox-vp-HKq_L/lib/python3.10/site-packages/airflow/example_dags/plugins/workday.py
[2024-02-14T09:25:35.307+0000] {logging_mixin.py:188} INFO - [2024-02-14T09:25:35.307+0000] {workday.py:40} WARNING - Could not import pandas. Holidays will not be considered.
[2024-02-14T09:25:35.307+0000] {processor.py:842} WARNING - No viable dags retrieved from /home/codespace/.local/share/virtualenvs/airflow_sandbox-vp-HKq_L/lib/python3.10/site-packages/airflow/example_dags/plugins/workday.py
[2024-02-14T09:25:35.314+0000] {processor.py:183} INFO - Processing /home/codespace/.local/share/virtualenvs/airflow_sandbox-vp-HKq_L/lib/python3.10/site-packages/airflow/example_dags/plugins/workday.py took 0.013 seconds
[2024-02-14T09:26:09.595+0000] {processor.py:161} INFO - Started process (PID=14577) to work on /home/codespace/.local/share/virtualenvs/airflow_sandbox-vp-HKq_L/lib/python3.10/site-packages/airflow/example_dags/plugins/workday.py
[2024-02-14T09:26:09.595+0000] {processor.py:830} INFO - Processing file /home/codespace/.local/share/virtualenvs/airflow_sandbox-vp-HKq_L/lib/python3.10/site-packages/airflow/example_dags/plugins/workday.py for tasks to queue
[2024-02-14T09:26:09.596+0000] {logging_mixin.py:188} INFO - [2024-02-14T09:26:09.596+0000] {dagbag.py:538} INFO - Filling up the DagBag from /home/codespace/.local/share/virtualenvs/airflow_sandbox-vp-HKq_L/lib/python3.10/site-packages/airflow/example_dags/plugins/workday.py
[2024-02-14T09:26:09.598+0000] {logging_mixin.py:188} INFO - [2024-02-14T09:26:09.598+0000] {workday.py:40} WARNING - Could not import pandas. Holidays will not be considered.
[2024-02-14T09:26:09.598+0000] {processor.py:842} WARNING - No viable dags retrieved from /home/codespace/.local/share/virtualenvs/airflow_sandbox-vp-HKq_L/lib/python3.10/site-packages/airflow/example_dags/plugins/workday.py
[2024-02-14T09:26:09.606+0000] {processor.py:183} INFO - Processing /home/codespace/.local/share/virtualenvs/airflow_sandbox-vp-HKq_L/lib/python3.10/site-packages/airflow/example_dags/plugins/workday.py took 0.014 seconds
[2024-02-14T09:26:44.792+0000] {processor.py:161} INFO - Started process (PID=14831) to work on /home/codespace/.local/share/virtualenvs/airflow_sandbox-vp-HKq_L/lib/python3.10/site-packages/airflow/example_dags/plugins/workday.py
[2024-02-14T09:26:44.793+0000] {processor.py:830} INFO - Processing file /home/codespace/.local/share/virtualenvs/airflow_sandbox-vp-HKq_L/lib/python3.10/site-packages/airflow/example_dags/plugins/workday.py for tasks to queue
[2024-02-14T09:26:44.794+0000] {logging_mixin.py:188} INFO - [2024-02-14T09:26:44.794+0000] {dagbag.py:538} INFO - Filling up the DagBag from /home/codespace/.local/share/virtualenvs/airflow_sandbox-vp-HKq_L/lib/python3.10/site-packages/airflow/example_dags/plugins/workday.py
[2024-02-14T09:26:44.796+0000] {logging_mixin.py:188} INFO - [2024-02-14T09:26:44.796+0000] {workday.py:40} WARNING - Could not import pandas. Holidays will not be considered.
[2024-02-14T09:26:44.796+0000] {processor.py:842} WARNING - No viable dags retrieved from /home/codespace/.local/share/virtualenvs/airflow_sandbox-vp-HKq_L/lib/python3.10/site-packages/airflow/example_dags/plugins/workday.py
[2024-02-14T09:26:44.803+0000] {processor.py:183} INFO - Processing /home/codespace/.local/share/virtualenvs/airflow_sandbox-vp-HKq_L/lib/python3.10/site-packages/airflow/example_dags/plugins/workday.py took 0.013 seconds
[2024-02-14T09:27:21.798+0000] {processor.py:161} INFO - Started process (PID=15069) to work on /home/codespace/.local/share/virtualenvs/airflow_sandbox-vp-HKq_L/lib/python3.10/site-packages/airflow/example_dags/plugins/workday.py
[2024-02-14T09:27:21.799+0000] {processor.py:830} INFO - Processing file /home/codespace/.local/share/virtualenvs/airflow_sandbox-vp-HKq_L/lib/python3.10/site-packages/airflow/example_dags/plugins/workday.py for tasks to queue
[2024-02-14T09:27:21.800+0000] {logging_mixin.py:188} INFO - [2024-02-14T09:27:21.799+0000] {dagbag.py:538} INFO - Filling up the DagBag from /home/codespace/.local/share/virtualenvs/airflow_sandbox-vp-HKq_L/lib/python3.10/site-packages/airflow/example_dags/plugins/workday.py
[2024-02-14T09:27:21.803+0000] {logging_mixin.py:188} INFO - [2024-02-14T09:27:21.803+0000] {workday.py:40} WARNING - Could not import pandas. Holidays will not be considered.
[2024-02-14T09:27:21.803+0000] {processor.py:842} WARNING - No viable dags retrieved from /home/codespace/.local/share/virtualenvs/airflow_sandbox-vp-HKq_L/lib/python3.10/site-packages/airflow/example_dags/plugins/workday.py
[2024-02-14T09:27:21.814+0000] {processor.py:183} INFO - Processing /home/codespace/.local/share/virtualenvs/airflow_sandbox-vp-HKq_L/lib/python3.10/site-packages/airflow/example_dags/plugins/workday.py took 0.019 seconds
[2024-02-14T09:27:59.090+0000] {processor.py:161} INFO - Started process (PID=15366) to work on /home/codespace/.local/share/virtualenvs/airflow_sandbox-vp-HKq_L/lib/python3.10/site-packages/airflow/example_dags/plugins/workday.py
[2024-02-14T09:27:59.091+0000] {processor.py:830} INFO - Processing file /home/codespace/.local/share/virtualenvs/airflow_sandbox-vp-HKq_L/lib/python3.10/site-packages/airflow/example_dags/plugins/workday.py for tasks to queue
[2024-02-14T09:27:59.092+0000] {logging_mixin.py:188} INFO - [2024-02-14T09:27:59.091+0000] {dagbag.py:538} INFO - Filling up the DagBag from /home/codespace/.local/share/virtualenvs/airflow_sandbox-vp-HKq_L/lib/python3.10/site-packages/airflow/example_dags/plugins/workday.py
[2024-02-14T09:27:59.094+0000] {logging_mixin.py:188} INFO - [2024-02-14T09:27:59.094+0000] {workday.py:40} WARNING - Could not import pandas. Holidays will not be considered.
[2024-02-14T09:27:59.094+0000] {processor.py:842} WARNING - No viable dags retrieved from /home/codespace/.local/share/virtualenvs/airflow_sandbox-vp-HKq_L/lib/python3.10/site-packages/airflow/example_dags/plugins/workday.py
[2024-02-14T09:27:59.101+0000] {processor.py:183} INFO - Processing /home/codespace/.local/share/virtualenvs/airflow_sandbox-vp-HKq_L/lib/python3.10/site-packages/airflow/example_dags/plugins/workday.py took 0.013 seconds
[2024-02-14T09:28:34.988+0000] {processor.py:161} INFO - Started process (PID=15646) to work on /home/codespace/.local/share/virtualenvs/airflow_sandbox-vp-HKq_L/lib/python3.10/site-packages/airflow/example_dags/plugins/workday.py
[2024-02-14T09:28:34.989+0000] {processor.py:830} INFO - Processing file /home/codespace/.local/share/virtualenvs/airflow_sandbox-vp-HKq_L/lib/python3.10/site-packages/airflow/example_dags/plugins/workday.py for tasks to queue
[2024-02-14T09:28:34.989+0000] {logging_mixin.py:188} INFO - [2024-02-14T09:28:34.989+0000] {dagbag.py:538} INFO - Filling up the DagBag from /home/codespace/.local/share/virtualenvs/airflow_sandbox-vp-HKq_L/lib/python3.10/site-packages/airflow/example_dags/plugins/workday.py
[2024-02-14T09:28:34.992+0000] {logging_mixin.py:188} INFO - [2024-02-14T09:28:34.992+0000] {workday.py:40} WARNING - Could not import pandas. Holidays will not be considered.
[2024-02-14T09:28:34.992+0000] {processor.py:842} WARNING - No viable dags retrieved from /home/codespace/.local/share/virtualenvs/airflow_sandbox-vp-HKq_L/lib/python3.10/site-packages/airflow/example_dags/plugins/workday.py
[2024-02-14T09:28:35.000+0000] {processor.py:183} INFO - Processing /home/codespace/.local/share/virtualenvs/airflow_sandbox-vp-HKq_L/lib/python3.10/site-packages/airflow/example_dags/plugins/workday.py took 0.015 seconds
[2024-02-14T09:29:09.234+0000] {processor.py:161} INFO - Started process (PID=16011) to work on /home/codespace/.local/share/virtualenvs/airflow_sandbox-vp-HKq_L/lib/python3.10/site-packages/airflow/example_dags/plugins/workday.py
[2024-02-14T09:29:09.234+0000] {processor.py:830} INFO - Processing file /home/codespace/.local/share/virtualenvs/airflow_sandbox-vp-HKq_L/lib/python3.10/site-packages/airflow/example_dags/plugins/workday.py for tasks to queue
[2024-02-14T09:29:09.235+0000] {logging_mixin.py:188} INFO - [2024-02-14T09:29:09.235+0000] {dagbag.py:538} INFO - Filling up the DagBag from /home/codespace/.local/share/virtualenvs/airflow_sandbox-vp-HKq_L/lib/python3.10/site-packages/airflow/example_dags/plugins/workday.py
[2024-02-14T09:29:09.237+0000] {logging_mixin.py:188} INFO - [2024-02-14T09:29:09.237+0000] {workday.py:40} WARNING - Could not import pandas. Holidays will not be considered.
[2024-02-14T09:29:09.238+0000] {processor.py:842} WARNING - No viable dags retrieved from /home/codespace/.local/share/virtualenvs/airflow_sandbox-vp-HKq_L/lib/python3.10/site-packages/airflow/example_dags/plugins/workday.py
[2024-02-14T09:29:09.245+0000] {processor.py:183} INFO - Processing /home/codespace/.local/share/virtualenvs/airflow_sandbox-vp-HKq_L/lib/python3.10/site-packages/airflow/example_dags/plugins/workday.py took 0.013 seconds
[2024-02-14T09:29:45.353+0000] {processor.py:161} INFO - Started process (PID=16261) to work on /home/codespace/.local/share/virtualenvs/airflow_sandbox-vp-HKq_L/lib/python3.10/site-packages/airflow/example_dags/plugins/workday.py
[2024-02-14T09:29:45.353+0000] {processor.py:830} INFO - Processing file /home/codespace/.local/share/virtualenvs/airflow_sandbox-vp-HKq_L/lib/python3.10/site-packages/airflow/example_dags/plugins/workday.py for tasks to queue
[2024-02-14T09:29:45.354+0000] {logging_mixin.py:188} INFO - [2024-02-14T09:29:45.354+0000] {dagbag.py:538} INFO - Filling up the DagBag from /home/codespace/.local/share/virtualenvs/airflow_sandbox-vp-HKq_L/lib/python3.10/site-packages/airflow/example_dags/plugins/workday.py
[2024-02-14T09:29:45.356+0000] {logging_mixin.py:188} INFO - [2024-02-14T09:29:45.356+0000] {workday.py:40} WARNING - Could not import pandas. Holidays will not be considered.
[2024-02-14T09:29:45.357+0000] {processor.py:842} WARNING - No viable dags retrieved from /home/codespace/.local/share/virtualenvs/airflow_sandbox-vp-HKq_L/lib/python3.10/site-packages/airflow/example_dags/plugins/workday.py
[2024-02-14T09:29:45.364+0000] {processor.py:183} INFO - Processing /home/codespace/.local/share/virtualenvs/airflow_sandbox-vp-HKq_L/lib/python3.10/site-packages/airflow/example_dags/plugins/workday.py took 0.014 seconds
[2024-02-14T09:30:20.395+0000] {processor.py:161} INFO - Started process (PID=16512) to work on /home/codespace/.local/share/virtualenvs/airflow_sandbox-vp-HKq_L/lib/python3.10/site-packages/airflow/example_dags/plugins/workday.py
[2024-02-14T09:30:20.396+0000] {processor.py:830} INFO - Processing file /home/codespace/.local/share/virtualenvs/airflow_sandbox-vp-HKq_L/lib/python3.10/site-packages/airflow/example_dags/plugins/workday.py for tasks to queue
[2024-02-14T09:30:20.397+0000] {logging_mixin.py:188} INFO - [2024-02-14T09:30:20.397+0000] {dagbag.py:538} INFO - Filling up the DagBag from /home/codespace/.local/share/virtualenvs/airflow_sandbox-vp-HKq_L/lib/python3.10/site-packages/airflow/example_dags/plugins/workday.py
[2024-02-14T09:30:20.400+0000] {logging_mixin.py:188} INFO - [2024-02-14T09:30:20.400+0000] {workday.py:40} WARNING - Could not import pandas. Holidays will not be considered.
[2024-02-14T09:30:20.401+0000] {processor.py:842} WARNING - No viable dags retrieved from /home/codespace/.local/share/virtualenvs/airflow_sandbox-vp-HKq_L/lib/python3.10/site-packages/airflow/example_dags/plugins/workday.py
[2024-02-14T09:30:20.411+0000] {processor.py:183} INFO - Processing /home/codespace/.local/share/virtualenvs/airflow_sandbox-vp-HKq_L/lib/python3.10/site-packages/airflow/example_dags/plugins/workday.py took 0.018 seconds
[2024-02-14T09:30:53.623+0000] {processor.py:161} INFO - Started process (PID=16752) to work on /home/codespace/.local/share/virtualenvs/airflow_sandbox-vp-HKq_L/lib/python3.10/site-packages/airflow/example_dags/plugins/workday.py
[2024-02-14T09:30:53.624+0000] {processor.py:830} INFO - Processing file /home/codespace/.local/share/virtualenvs/airflow_sandbox-vp-HKq_L/lib/python3.10/site-packages/airflow/example_dags/plugins/workday.py for tasks to queue
[2024-02-14T09:30:53.624+0000] {logging_mixin.py:188} INFO - [2024-02-14T09:30:53.624+0000] {dagbag.py:538} INFO - Filling up the DagBag from /home/codespace/.local/share/virtualenvs/airflow_sandbox-vp-HKq_L/lib/python3.10/site-packages/airflow/example_dags/plugins/workday.py
[2024-02-14T09:30:53.627+0000] {logging_mixin.py:188} INFO - [2024-02-14T09:30:53.627+0000] {workday.py:40} WARNING - Could not import pandas. Holidays will not be considered.
[2024-02-14T09:30:53.627+0000] {processor.py:842} WARNING - No viable dags retrieved from /home/codespace/.local/share/virtualenvs/airflow_sandbox-vp-HKq_L/lib/python3.10/site-packages/airflow/example_dags/plugins/workday.py
[2024-02-14T09:30:53.634+0000] {processor.py:183} INFO - Processing /home/codespace/.local/share/virtualenvs/airflow_sandbox-vp-HKq_L/lib/python3.10/site-packages/airflow/example_dags/plugins/workday.py took 0.014 seconds
[2024-02-14T09:31:29.195+0000] {processor.py:161} INFO - Started process (PID=17010) to work on /home/codespace/.local/share/virtualenvs/airflow_sandbox-vp-HKq_L/lib/python3.10/site-packages/airflow/example_dags/plugins/workday.py
[2024-02-14T09:31:29.196+0000] {processor.py:830} INFO - Processing file /home/codespace/.local/share/virtualenvs/airflow_sandbox-vp-HKq_L/lib/python3.10/site-packages/airflow/example_dags/plugins/workday.py for tasks to queue
[2024-02-14T09:31:29.197+0000] {logging_mixin.py:188} INFO - [2024-02-14T09:31:29.196+0000] {dagbag.py:538} INFO - Filling up the DagBag from /home/codespace/.local/share/virtualenvs/airflow_sandbox-vp-HKq_L/lib/python3.10/site-packages/airflow/example_dags/plugins/workday.py
[2024-02-14T09:31:29.199+0000] {logging_mixin.py:188} INFO - [2024-02-14T09:31:29.199+0000] {workday.py:40} WARNING - Could not import pandas. Holidays will not be considered.
[2024-02-14T09:31:29.199+0000] {processor.py:842} WARNING - No viable dags retrieved from /home/codespace/.local/share/virtualenvs/airflow_sandbox-vp-HKq_L/lib/python3.10/site-packages/airflow/example_dags/plugins/workday.py
[2024-02-14T09:31:29.206+0000] {processor.py:183} INFO - Processing /home/codespace/.local/share/virtualenvs/airflow_sandbox-vp-HKq_L/lib/python3.10/site-packages/airflow/example_dags/plugins/workday.py took 0.013 seconds
[2024-02-14T09:32:04.672+0000] {processor.py:161} INFO - Started process (PID=17252) to work on /home/codespace/.local/share/virtualenvs/airflow_sandbox-vp-HKq_L/lib/python3.10/site-packages/airflow/example_dags/plugins/workday.py
[2024-02-14T09:32:04.673+0000] {processor.py:830} INFO - Processing file /home/codespace/.local/share/virtualenvs/airflow_sandbox-vp-HKq_L/lib/python3.10/site-packages/airflow/example_dags/plugins/workday.py for tasks to queue
[2024-02-14T09:32:04.674+0000] {logging_mixin.py:188} INFO - [2024-02-14T09:32:04.674+0000] {dagbag.py:538} INFO - Filling up the DagBag from /home/codespace/.local/share/virtualenvs/airflow_sandbox-vp-HKq_L/lib/python3.10/site-packages/airflow/example_dags/plugins/workday.py
[2024-02-14T09:32:04.676+0000] {logging_mixin.py:188} INFO - [2024-02-14T09:32:04.676+0000] {workday.py:40} WARNING - Could not import pandas. Holidays will not be considered.
[2024-02-14T09:32:04.676+0000] {processor.py:842} WARNING - No viable dags retrieved from /home/codespace/.local/share/virtualenvs/airflow_sandbox-vp-HKq_L/lib/python3.10/site-packages/airflow/example_dags/plugins/workday.py
[2024-02-14T09:32:04.684+0000] {processor.py:183} INFO - Processing /home/codespace/.local/share/virtualenvs/airflow_sandbox-vp-HKq_L/lib/python3.10/site-packages/airflow/example_dags/plugins/workday.py took 0.014 seconds
[2024-02-14T09:32:42.312+0000] {processor.py:161} INFO - Started process (PID=17543) to work on /home/codespace/.local/share/virtualenvs/airflow_sandbox-vp-HKq_L/lib/python3.10/site-packages/airflow/example_dags/plugins/workday.py
[2024-02-14T09:32:42.313+0000] {processor.py:830} INFO - Processing file /home/codespace/.local/share/virtualenvs/airflow_sandbox-vp-HKq_L/lib/python3.10/site-packages/airflow/example_dags/plugins/workday.py for tasks to queue
[2024-02-14T09:32:42.314+0000] {logging_mixin.py:188} INFO - [2024-02-14T09:32:42.313+0000] {dagbag.py:538} INFO - Filling up the DagBag from /home/codespace/.local/share/virtualenvs/airflow_sandbox-vp-HKq_L/lib/python3.10/site-packages/airflow/example_dags/plugins/workday.py
[2024-02-14T09:32:42.316+0000] {logging_mixin.py:188} INFO - [2024-02-14T09:32:42.316+0000] {workday.py:40} WARNING - Could not import pandas. Holidays will not be considered.
[2024-02-14T09:32:42.316+0000] {processor.py:842} WARNING - No viable dags retrieved from /home/codespace/.local/share/virtualenvs/airflow_sandbox-vp-HKq_L/lib/python3.10/site-packages/airflow/example_dags/plugins/workday.py
[2024-02-14T09:32:42.324+0000] {processor.py:183} INFO - Processing /home/codespace/.local/share/virtualenvs/airflow_sandbox-vp-HKq_L/lib/python3.10/site-packages/airflow/example_dags/plugins/workday.py took 0.014 seconds
[2024-02-14T09:33:14.577+0000] {processor.py:161} INFO - Started process (PID=17766) to work on /home/codespace/.local/share/virtualenvs/airflow_sandbox-vp-HKq_L/lib/python3.10/site-packages/airflow/example_dags/plugins/workday.py
[2024-02-14T09:33:14.578+0000] {processor.py:830} INFO - Processing file /home/codespace/.local/share/virtualenvs/airflow_sandbox-vp-HKq_L/lib/python3.10/site-packages/airflow/example_dags/plugins/workday.py for tasks to queue
[2024-02-14T09:33:14.579+0000] {logging_mixin.py:188} INFO - [2024-02-14T09:33:14.578+0000] {dagbag.py:538} INFO - Filling up the DagBag from /home/codespace/.local/share/virtualenvs/airflow_sandbox-vp-HKq_L/lib/python3.10/site-packages/airflow/example_dags/plugins/workday.py
[2024-02-14T09:33:14.581+0000] {logging_mixin.py:188} INFO - [2024-02-14T09:33:14.581+0000] {workday.py:40} WARNING - Could not import pandas. Holidays will not be considered.
[2024-02-14T09:33:14.581+0000] {processor.py:842} WARNING - No viable dags retrieved from /home/codespace/.local/share/virtualenvs/airflow_sandbox-vp-HKq_L/lib/python3.10/site-packages/airflow/example_dags/plugins/workday.py
[2024-02-14T09:33:14.589+0000] {processor.py:183} INFO - Processing /home/codespace/.local/share/virtualenvs/airflow_sandbox-vp-HKq_L/lib/python3.10/site-packages/airflow/example_dags/plugins/workday.py took 0.014 seconds
[2024-02-14T09:33:50.530+0000] {processor.py:161} INFO - Started process (PID=18008) to work on /home/codespace/.local/share/virtualenvs/airflow_sandbox-vp-HKq_L/lib/python3.10/site-packages/airflow/example_dags/plugins/workday.py
[2024-02-14T09:33:50.532+0000] {processor.py:830} INFO - Processing file /home/codespace/.local/share/virtualenvs/airflow_sandbox-vp-HKq_L/lib/python3.10/site-packages/airflow/example_dags/plugins/workday.py for tasks to queue
[2024-02-14T09:33:50.532+0000] {logging_mixin.py:188} INFO - [2024-02-14T09:33:50.532+0000] {dagbag.py:538} INFO - Filling up the DagBag from /home/codespace/.local/share/virtualenvs/airflow_sandbox-vp-HKq_L/lib/python3.10/site-packages/airflow/example_dags/plugins/workday.py
[2024-02-14T09:33:50.536+0000] {logging_mixin.py:188} INFO - [2024-02-14T09:33:50.536+0000] {workday.py:40} WARNING - Could not import pandas. Holidays will not be considered.
[2024-02-14T09:33:50.537+0000] {processor.py:842} WARNING - No viable dags retrieved from /home/codespace/.local/share/virtualenvs/airflow_sandbox-vp-HKq_L/lib/python3.10/site-packages/airflow/example_dags/plugins/workday.py
[2024-02-14T09:33:50.545+0000] {processor.py:183} INFO - Processing /home/codespace/.local/share/virtualenvs/airflow_sandbox-vp-HKq_L/lib/python3.10/site-packages/airflow/example_dags/plugins/workday.py took 0.019 seconds
[2024-02-14T09:34:24.750+0000] {processor.py:161} INFO - Started process (PID=18277) to work on /home/codespace/.local/share/virtualenvs/airflow_sandbox-vp-HKq_L/lib/python3.10/site-packages/airflow/example_dags/plugins/workday.py
[2024-02-14T09:34:24.751+0000] {processor.py:830} INFO - Processing file /home/codespace/.local/share/virtualenvs/airflow_sandbox-vp-HKq_L/lib/python3.10/site-packages/airflow/example_dags/plugins/workday.py for tasks to queue
[2024-02-14T09:34:24.751+0000] {logging_mixin.py:188} INFO - [2024-02-14T09:34:24.751+0000] {dagbag.py:538} INFO - Filling up the DagBag from /home/codespace/.local/share/virtualenvs/airflow_sandbox-vp-HKq_L/lib/python3.10/site-packages/airflow/example_dags/plugins/workday.py
[2024-02-14T09:34:24.754+0000] {logging_mixin.py:188} INFO - [2024-02-14T09:34:24.753+0000] {workday.py:40} WARNING - Could not import pandas. Holidays will not be considered.
[2024-02-14T09:34:24.754+0000] {processor.py:842} WARNING - No viable dags retrieved from /home/codespace/.local/share/virtualenvs/airflow_sandbox-vp-HKq_L/lib/python3.10/site-packages/airflow/example_dags/plugins/workday.py
[2024-02-14T09:34:24.761+0000] {processor.py:183} INFO - Processing /home/codespace/.local/share/virtualenvs/airflow_sandbox-vp-HKq_L/lib/python3.10/site-packages/airflow/example_dags/plugins/workday.py took 0.014 seconds
