[2024-02-14T10:36:25.541+0000] {taskinstance.py:1957} INFO - Dependencies all met for dep_context=non-requeueable deps ti=<TaskInstance: python_xcom_dag_v1.get_age scheduled__2024-02-08T00:00:00+00:00 [queued]>
[2024-02-14T10:36:25.546+0000] {taskinstance.py:1957} INFO - Dependencies all met for dep_context=requeueable deps ti=<TaskInstance: python_xcom_dag_v1.get_age scheduled__2024-02-08T00:00:00+00:00 [queued]>
[2024-02-14T10:36:25.546+0000] {taskinstance.py:2171} INFO - Starting attempt 1 of 6
[2024-02-14T10:36:25.585+0000] {taskinstance.py:2192} INFO - Executing <Task(PythonOperator): get_age> on 2024-02-08 00:00:00+00:00
[2024-02-14T10:36:25.588+0000] {standard_task_runner.py:60} INFO - Started process 53067 to run task
[2024-02-14T10:36:25.592+0000] {standard_task_runner.py:87} INFO - Running: ['airflow', 'tasks', 'run', 'python_xcom_dag_v1', 'get_age', 'scheduled__2024-02-08T00:00:00+00:00', '--job-id', '204', '--raw', '--subdir', 'DAGS_FOLDER/dag_with_xcoms.py', '--cfg-path', '/tmp/tmpxjsn3ho1']
[2024-02-14T10:36:25.593+0000] {standard_task_runner.py:88} INFO - Job 204: Subtask get_age
[2024-02-14T10:36:25.651+0000] {task_command.py:423} INFO - Running <TaskInstance: python_xcom_dag_v1.get_age scheduled__2024-02-08T00:00:00+00:00 [running]> on host codespaces-57ffd0
[2024-02-14T10:36:25.749+0000] {taskinstance.py:2481} INFO - Exporting env vars: AIRFLOW_CTX_DAG_OWNER='raghu' AIRFLOW_CTX_DAG_ID='python_xcom_dag_v1' AIRFLOW_CTX_TASK_ID='get_age' AIRFLOW_CTX_EXECUTION_DATE='2024-02-08T00:00:00+00:00' AIRFLOW_CTX_TRY_NUMBER='1' AIRFLOW_CTX_DAG_RUN_ID='scheduled__2024-02-08T00:00:00+00:00'
[2024-02-14T10:36:25.781+0000] {python.py:201} INFO - Done. Returned value was: None
[2024-02-14T10:36:25.787+0000] {taskinstance.py:1138} INFO - Marking task as SUCCESS. dag_id=python_xcom_dag_v1, task_id=get_age, execution_date=20240208T000000, start_date=20240214T103625, end_date=20240214T103625
[2024-02-14T10:36:25.844+0000] {local_task_job_runner.py:234} INFO - Task exited with return code 0
[2024-02-14T10:36:25.935+0000] {taskinstance.py:3281} INFO - 1 downstream tasks scheduled from follow-on schedule check
[2024-02-14T10:40:33.604+0000] {taskinstance.py:1957} INFO - Dependencies all met for dep_context=non-requeueable deps ti=<TaskInstance: python_xcom_dag_v1.get_age scheduled__2024-02-08T00:00:00+00:00 [queued]>
[2024-02-14T10:40:33.611+0000] {taskinstance.py:1957} INFO - Dependencies all met for dep_context=requeueable deps ti=<TaskInstance: python_xcom_dag_v1.get_age scheduled__2024-02-08T00:00:00+00:00 [queued]>
[2024-02-14T10:40:33.611+0000] {taskinstance.py:2171} INFO - Starting attempt 1 of 6
[2024-02-14T10:40:33.647+0000] {taskinstance.py:2192} INFO - Executing <Task(PythonOperator): get_age> on 2024-02-08 00:00:00+00:00
[2024-02-14T10:40:33.650+0000] {standard_task_runner.py:60} INFO - Started process 56940 to run task
[2024-02-14T10:40:33.654+0000] {standard_task_runner.py:87} INFO - Running: ['airflow', 'tasks', 'run', 'python_xcom_dag_v1', 'get_age', 'scheduled__2024-02-08T00:00:00+00:00', '--job-id', '204', '--raw', '--subdir', 'DAGS_FOLDER/dag_with_xcoms.py', '--cfg-path', '/tmp/tmpfbcbj1yf']
[2024-02-14T10:40:33.655+0000] {standard_task_runner.py:88} INFO - Job 204: Subtask get_age
[2024-02-14T10:40:33.722+0000] {task_command.py:423} INFO - Running <TaskInstance: python_xcom_dag_v1.get_age scheduled__2024-02-08T00:00:00+00:00 [running]> on host codespaces-57ffd0
[2024-02-14T10:40:33.830+0000] {taskinstance.py:2481} INFO - Exporting env vars: AIRFLOW_CTX_DAG_OWNER='raghu' AIRFLOW_CTX_DAG_ID='python_xcom_dag_v1' AIRFLOW_CTX_TASK_ID='get_age' AIRFLOW_CTX_EXECUTION_DATE='2024-02-08T00:00:00+00:00' AIRFLOW_CTX_TRY_NUMBER='1' AIRFLOW_CTX_DAG_RUN_ID='scheduled__2024-02-08T00:00:00+00:00'
[2024-02-14T10:40:33.863+0000] {python.py:201} INFO - Done. Returned value was: None
[2024-02-14T10:40:33.867+0000] {taskinstance.py:1138} INFO - Marking task as SUCCESS. dag_id=python_xcom_dag_v1, task_id=get_age, execution_date=20240208T000000, start_date=20240214T104033, end_date=20240214T104033
[2024-02-14T10:40:33.946+0000] {local_task_job_runner.py:234} INFO - Task exited with return code 0
[2024-02-14T10:40:33.959+0000] {taskinstance.py:3281} INFO - 1 downstream tasks scheduled from follow-on schedule check
