[2024-02-14T10:36:45.517+0000] {taskinstance.py:1957} INFO - Dependencies all met for dep_context=non-requeueable deps ti=<TaskInstance: python_xcom_dag_v1.get_name scheduled__2024-02-11T00:00:00+00:00 [queued]>
[2024-02-14T10:36:45.522+0000] {taskinstance.py:1957} INFO - Dependencies all met for dep_context=requeueable deps ti=<TaskInstance: python_xcom_dag_v1.get_name scheduled__2024-02-11T00:00:00+00:00 [queued]>
[2024-02-14T10:36:45.523+0000] {taskinstance.py:2171} INFO - Starting attempt 1 of 6
[2024-02-14T10:36:45.565+0000] {taskinstance.py:2192} INFO - Executing <Task(PythonOperator): get_name> on 2024-02-11 00:00:00+00:00
[2024-02-14T10:36:45.569+0000] {standard_task_runner.py:60} INFO - Started process 53482 to run task
[2024-02-14T10:36:45.575+0000] {standard_task_runner.py:87} INFO - Running: ['airflow', 'tasks', 'run', 'python_xcom_dag_v1', 'get_name', 'scheduled__2024-02-11T00:00:00+00:00', '--job-id', '212', '--raw', '--subdir', 'DAGS_FOLDER/dag_with_xcoms.py', '--cfg-path', '/tmp/tmp0wlwjjxq']
[2024-02-14T10:36:45.577+0000] {standard_task_runner.py:88} INFO - Job 212: Subtask get_name
[2024-02-14T10:36:45.637+0000] {task_command.py:423} INFO - Running <TaskInstance: python_xcom_dag_v1.get_name scheduled__2024-02-11T00:00:00+00:00 [running]> on host codespaces-57ffd0
[2024-02-14T10:36:45.730+0000] {taskinstance.py:2481} INFO - Exporting env vars: AIRFLOW_CTX_DAG_OWNER='raghu' AIRFLOW_CTX_DAG_ID='python_xcom_dag_v1' AIRFLOW_CTX_TASK_ID='get_name' AIRFLOW_CTX_EXECUTION_DATE='2024-02-11T00:00:00+00:00' AIRFLOW_CTX_TRY_NUMBER='1' AIRFLOW_CTX_DAG_RUN_ID='scheduled__2024-02-11T00:00:00+00:00'
[2024-02-14T10:36:45.763+0000] {python.py:201} INFO - Done. Returned value was: None
[2024-02-14T10:36:45.767+0000] {taskinstance.py:1138} INFO - Marking task as SUCCESS. dag_id=python_xcom_dag_v1, task_id=get_name, execution_date=20240211T000000, start_date=20240214T103645, end_date=20240214T103645
[2024-02-14T10:36:45.833+0000] {local_task_job_runner.py:234} INFO - Task exited with return code 0
[2024-02-14T10:36:45.846+0000] {taskinstance.py:3281} INFO - 0 downstream tasks scheduled from follow-on schedule check
[2024-02-14T10:40:53.674+0000] {taskinstance.py:1957} INFO - Dependencies all met for dep_context=non-requeueable deps ti=<TaskInstance: python_xcom_dag_v1.get_name scheduled__2024-02-11T00:00:00+00:00 [queued]>
[2024-02-14T10:40:53.679+0000] {taskinstance.py:1957} INFO - Dependencies all met for dep_context=requeueable deps ti=<TaskInstance: python_xcom_dag_v1.get_name scheduled__2024-02-11T00:00:00+00:00 [queued]>
[2024-02-14T10:40:53.680+0000] {taskinstance.py:2171} INFO - Starting attempt 1 of 6
[2024-02-14T10:40:53.718+0000] {taskinstance.py:2192} INFO - Executing <Task(PythonOperator): get_name> on 2024-02-11 00:00:00+00:00
[2024-02-14T10:40:53.723+0000] {standard_task_runner.py:60} INFO - Started process 57256 to run task
[2024-02-14T10:40:53.730+0000] {standard_task_runner.py:87} INFO - Running: ['airflow', 'tasks', 'run', 'python_xcom_dag_v1', 'get_name', 'scheduled__2024-02-11T00:00:00+00:00', '--job-id', '212', '--raw', '--subdir', 'DAGS_FOLDER/dag_with_xcoms.py', '--cfg-path', '/tmp/tmpzo1b8u_g']
[2024-02-14T10:40:53.737+0000] {standard_task_runner.py:88} INFO - Job 212: Subtask get_name
[2024-02-14T10:40:53.818+0000] {task_command.py:423} INFO - Running <TaskInstance: python_xcom_dag_v1.get_name scheduled__2024-02-11T00:00:00+00:00 [running]> on host codespaces-57ffd0
[2024-02-14T10:40:53.934+0000] {taskinstance.py:2481} INFO - Exporting env vars: AIRFLOW_CTX_DAG_OWNER='raghu' AIRFLOW_CTX_DAG_ID='python_xcom_dag_v1' AIRFLOW_CTX_TASK_ID='get_name' AIRFLOW_CTX_EXECUTION_DATE='2024-02-11T00:00:00+00:00' AIRFLOW_CTX_TRY_NUMBER='1' AIRFLOW_CTX_DAG_RUN_ID='scheduled__2024-02-11T00:00:00+00:00'
[2024-02-14T10:40:53.966+0000] {python.py:201} INFO - Done. Returned value was: None
[2024-02-14T10:40:53.970+0000] {taskinstance.py:1138} INFO - Marking task as SUCCESS. dag_id=python_xcom_dag_v1, task_id=get_name, execution_date=20240211T000000, start_date=20240214T104053, end_date=20240214T104053
[2024-02-14T10:40:54.028+0000] {local_task_job_runner.py:234} INFO - Task exited with return code 0
[2024-02-14T10:40:54.041+0000] {taskinstance.py:3281} INFO - 0 downstream tasks scheduled from follow-on schedule check
