[2024-02-14T10:35:59.422+0000] {taskinstance.py:1957} INFO - Dependencies all met for dep_context=non-requeueable deps ti=<TaskInstance: python_xcom_dag_v1.get_age scheduled__2024-02-05T00:00:00+00:00 [queued]>
[2024-02-14T10:35:59.427+0000] {taskinstance.py:1957} INFO - Dependencies all met for dep_context=requeueable deps ti=<TaskInstance: python_xcom_dag_v1.get_age scheduled__2024-02-05T00:00:00+00:00 [queued]>
[2024-02-14T10:35:59.428+0000] {taskinstance.py:2171} INFO - Starting attempt 1 of 6
[2024-02-14T10:35:59.464+0000] {taskinstance.py:2192} INFO - Executing <Task(PythonOperator): get_age> on 2024-02-05 00:00:00+00:00
[2024-02-14T10:35:59.467+0000] {standard_task_runner.py:60} INFO - Started process 52548 to run task
[2024-02-14T10:35:59.471+0000] {standard_task_runner.py:87} INFO - Running: ['airflow', 'tasks', 'run', 'python_xcom_dag_v1', 'get_age', 'scheduled__2024-02-05T00:00:00+00:00', '--job-id', '194', '--raw', '--subdir', 'DAGS_FOLDER/dag_with_xcoms.py', '--cfg-path', '/tmp/tmp6nq93f8r']
[2024-02-14T10:35:59.472+0000] {standard_task_runner.py:88} INFO - Job 194: Subtask get_age
[2024-02-14T10:35:59.550+0000] {task_command.py:423} INFO - Running <TaskInstance: python_xcom_dag_v1.get_age scheduled__2024-02-05T00:00:00+00:00 [running]> on host codespaces-57ffd0
[2024-02-14T10:35:59.654+0000] {taskinstance.py:2481} INFO - Exporting env vars: AIRFLOW_CTX_DAG_OWNER='raghu' AIRFLOW_CTX_DAG_ID='python_xcom_dag_v1' AIRFLOW_CTX_TASK_ID='get_age' AIRFLOW_CTX_EXECUTION_DATE='2024-02-05T00:00:00+00:00' AIRFLOW_CTX_TRY_NUMBER='1' AIRFLOW_CTX_DAG_RUN_ID='scheduled__2024-02-05T00:00:00+00:00'
[2024-02-14T10:35:59.685+0000] {python.py:201} INFO - Done. Returned value was: None
[2024-02-14T10:35:59.689+0000] {taskinstance.py:1138} INFO - Marking task as SUCCESS. dag_id=python_xcom_dag_v1, task_id=get_age, execution_date=20240205T000000, start_date=20240214T103559, end_date=20240214T103559
[2024-02-14T10:35:59.763+0000] {local_task_job_runner.py:234} INFO - Task exited with return code 0
[2024-02-14T10:35:59.775+0000] {taskinstance.py:3281} INFO - 1 downstream tasks scheduled from follow-on schedule check
[2024-02-14T10:40:07.332+0000] {taskinstance.py:1957} INFO - Dependencies all met for dep_context=non-requeueable deps ti=<TaskInstance: python_xcom_dag_v1.get_age scheduled__2024-02-05T00:00:00+00:00 [queued]>
[2024-02-14T10:40:07.337+0000] {taskinstance.py:1957} INFO - Dependencies all met for dep_context=requeueable deps ti=<TaskInstance: python_xcom_dag_v1.get_age scheduled__2024-02-05T00:00:00+00:00 [queued]>
[2024-02-14T10:40:07.337+0000] {taskinstance.py:2171} INFO - Starting attempt 1 of 6
[2024-02-14T10:40:07.376+0000] {taskinstance.py:2192} INFO - Executing <Task(PythonOperator): get_age> on 2024-02-05 00:00:00+00:00
[2024-02-14T10:40:07.382+0000] {standard_task_runner.py:87} INFO - Running: ['airflow', 'tasks', 'run', 'python_xcom_dag_v1', 'get_age', 'scheduled__2024-02-05T00:00:00+00:00', '--job-id', '194', '--raw', '--subdir', 'DAGS_FOLDER/dag_with_xcoms.py', '--cfg-path', '/tmp/tmpgqh_7u8r']
[2024-02-14T10:40:07.384+0000] {standard_task_runner.py:88} INFO - Job 194: Subtask get_age
[2024-02-14T10:40:07.379+0000] {standard_task_runner.py:60} INFO - Started process 56356 to run task
[2024-02-14T10:40:07.449+0000] {task_command.py:423} INFO - Running <TaskInstance: python_xcom_dag_v1.get_age scheduled__2024-02-05T00:00:00+00:00 [running]> on host codespaces-57ffd0
[2024-02-14T10:40:07.554+0000] {taskinstance.py:2481} INFO - Exporting env vars: AIRFLOW_CTX_DAG_OWNER='raghu' AIRFLOW_CTX_DAG_ID='python_xcom_dag_v1' AIRFLOW_CTX_TASK_ID='get_age' AIRFLOW_CTX_EXECUTION_DATE='2024-02-05T00:00:00+00:00' AIRFLOW_CTX_TRY_NUMBER='1' AIRFLOW_CTX_DAG_RUN_ID='scheduled__2024-02-05T00:00:00+00:00'
[2024-02-14T10:40:07.586+0000] {python.py:201} INFO - Done. Returned value was: None
[2024-02-14T10:40:07.589+0000] {taskinstance.py:1138} INFO - Marking task as SUCCESS. dag_id=python_xcom_dag_v1, task_id=get_age, execution_date=20240205T000000, start_date=20240214T104007, end_date=20240214T104007
[2024-02-14T10:40:07.644+0000] {local_task_job_runner.py:234} INFO - Task exited with return code 0
[2024-02-14T10:40:07.657+0000] {taskinstance.py:3281} INFO - 1 downstream tasks scheduled from follow-on schedule check
