[2024-02-14T10:36:30.667+0000] {taskinstance.py:1957} INFO - Dependencies all met for dep_context=non-requeueable deps ti=<TaskInstance: python_xcom_dag_v1.get_name scheduled__2024-02-09T00:00:00+00:00 [queued]>
[2024-02-14T10:36:30.672+0000] {taskinstance.py:1957} INFO - Dependencies all met for dep_context=requeueable deps ti=<TaskInstance: python_xcom_dag_v1.get_name scheduled__2024-02-09T00:00:00+00:00 [queued]>
[2024-02-14T10:36:30.672+0000] {taskinstance.py:2171} INFO - Starting attempt 1 of 6
[2024-02-14T10:36:30.709+0000] {taskinstance.py:2192} INFO - Executing <Task(PythonOperator): get_name> on 2024-02-09 00:00:00+00:00
[2024-02-14T10:36:30.713+0000] {standard_task_runner.py:60} INFO - Started process 53177 to run task
[2024-02-14T10:36:30.716+0000] {standard_task_runner.py:87} INFO - Running: ['airflow', 'tasks', 'run', 'python_xcom_dag_v1', 'get_name', 'scheduled__2024-02-09T00:00:00+00:00', '--job-id', '206', '--raw', '--subdir', 'DAGS_FOLDER/dag_with_xcoms.py', '--cfg-path', '/tmp/tmpwu9540xr']
[2024-02-14T10:36:30.717+0000] {standard_task_runner.py:88} INFO - Job 206: Subtask get_name
[2024-02-14T10:36:30.774+0000] {task_command.py:423} INFO - Running <TaskInstance: python_xcom_dag_v1.get_name scheduled__2024-02-09T00:00:00+00:00 [running]> on host codespaces-57ffd0
[2024-02-14T10:36:30.878+0000] {taskinstance.py:2481} INFO - Exporting env vars: AIRFLOW_CTX_DAG_OWNER='raghu' AIRFLOW_CTX_DAG_ID='python_xcom_dag_v1' AIRFLOW_CTX_TASK_ID='get_name' AIRFLOW_CTX_EXECUTION_DATE='2024-02-09T00:00:00+00:00' AIRFLOW_CTX_TRY_NUMBER='1' AIRFLOW_CTX_DAG_RUN_ID='scheduled__2024-02-09T00:00:00+00:00'
[2024-02-14T10:36:30.911+0000] {python.py:201} INFO - Done. Returned value was: None
[2024-02-14T10:36:30.916+0000] {taskinstance.py:1138} INFO - Marking task as SUCCESS. dag_id=python_xcom_dag_v1, task_id=get_name, execution_date=20240209T000000, start_date=20240214T103630, end_date=20240214T103630
[2024-02-14T10:36:30.968+0000] {local_task_job_runner.py:234} INFO - Task exited with return code 0
[2024-02-14T10:36:30.983+0000] {taskinstance.py:3281} INFO - 0 downstream tasks scheduled from follow-on schedule check
[2024-02-14T10:40:38.447+0000] {taskinstance.py:1957} INFO - Dependencies all met for dep_context=non-requeueable deps ti=<TaskInstance: python_xcom_dag_v1.get_name scheduled__2024-02-09T00:00:00+00:00 [queued]>
[2024-02-14T10:40:38.451+0000] {taskinstance.py:1957} INFO - Dependencies all met for dep_context=requeueable deps ti=<TaskInstance: python_xcom_dag_v1.get_name scheduled__2024-02-09T00:00:00+00:00 [queued]>
[2024-02-14T10:40:38.452+0000] {taskinstance.py:2171} INFO - Starting attempt 1 of 6
[2024-02-14T10:40:38.488+0000] {taskinstance.py:2192} INFO - Executing <Task(PythonOperator): get_name> on 2024-02-09 00:00:00+00:00
[2024-02-14T10:40:38.491+0000] {standard_task_runner.py:60} INFO - Started process 57000 to run task
[2024-02-14T10:40:38.494+0000] {standard_task_runner.py:87} INFO - Running: ['airflow', 'tasks', 'run', 'python_xcom_dag_v1', 'get_name', 'scheduled__2024-02-09T00:00:00+00:00', '--job-id', '206', '--raw', '--subdir', 'DAGS_FOLDER/dag_with_xcoms.py', '--cfg-path', '/tmp/tmpj90sq0c5']
[2024-02-14T10:40:38.495+0000] {standard_task_runner.py:88} INFO - Job 206: Subtask get_name
[2024-02-14T10:40:38.554+0000] {task_command.py:423} INFO - Running <TaskInstance: python_xcom_dag_v1.get_name scheduled__2024-02-09T00:00:00+00:00 [running]> on host codespaces-57ffd0
[2024-02-14T10:40:38.665+0000] {taskinstance.py:2481} INFO - Exporting env vars: AIRFLOW_CTX_DAG_OWNER='raghu' AIRFLOW_CTX_DAG_ID='python_xcom_dag_v1' AIRFLOW_CTX_TASK_ID='get_name' AIRFLOW_CTX_EXECUTION_DATE='2024-02-09T00:00:00+00:00' AIRFLOW_CTX_TRY_NUMBER='1' AIRFLOW_CTX_DAG_RUN_ID='scheduled__2024-02-09T00:00:00+00:00'
[2024-02-14T10:40:38.697+0000] {python.py:201} INFO - Done. Returned value was: None
[2024-02-14T10:40:38.700+0000] {taskinstance.py:1138} INFO - Marking task as SUCCESS. dag_id=python_xcom_dag_v1, task_id=get_name, execution_date=20240209T000000, start_date=20240214T104038, end_date=20240214T104038
[2024-02-14T10:40:38.746+0000] {local_task_job_runner.py:234} INFO - Task exited with return code 0
[2024-02-14T10:40:38.760+0000] {taskinstance.py:3281} INFO - 0 downstream tasks scheduled from follow-on schedule check
