[2024-02-12T19:43:35.872+0000] {processor.py:161} INFO - Started process (PID=15770) to work on /home/codespace/.local/share/virtualenvs/airflow_sandbox-vp-HKq_L/lib/python3.10/site-packages/airflow/example_dags/plugins/workday.py
[2024-02-12T19:43:35.874+0000] {processor.py:830} INFO - Processing file /home/codespace/.local/share/virtualenvs/airflow_sandbox-vp-HKq_L/lib/python3.10/site-packages/airflow/example_dags/plugins/workday.py for tasks to queue
[2024-02-12T19:43:35.875+0000] {logging_mixin.py:188} INFO - [2024-02-12T19:43:35.875+0000] {dagbag.py:538} INFO - Filling up the DagBag from /home/codespace/.local/share/virtualenvs/airflow_sandbox-vp-HKq_L/lib/python3.10/site-packages/airflow/example_dags/plugins/workday.py
[2024-02-12T19:43:35.877+0000] {logging_mixin.py:188} INFO - [2024-02-12T19:43:35.877+0000] {workday.py:40} WARNING - Could not import pandas. Holidays will not be considered.
[2024-02-12T19:43:35.878+0000] {processor.py:842} WARNING - No viable dags retrieved from /home/codespace/.local/share/virtualenvs/airflow_sandbox-vp-HKq_L/lib/python3.10/site-packages/airflow/example_dags/plugins/workday.py
[2024-02-12T19:43:35.888+0000] {processor.py:183} INFO - Processing /home/codespace/.local/share/virtualenvs/airflow_sandbox-vp-HKq_L/lib/python3.10/site-packages/airflow/example_dags/plugins/workday.py took 0.019 seconds
[2024-02-12T19:59:46.521+0000] {processor.py:161} INFO - Started process (PID=25135) to work on /home/codespace/.local/share/virtualenvs/airflow_sandbox-vp-HKq_L/lib/python3.10/site-packages/airflow/example_dags/plugins/workday.py
[2024-02-12T19:59:46.522+0000] {processor.py:830} INFO - Processing file /home/codespace/.local/share/virtualenvs/airflow_sandbox-vp-HKq_L/lib/python3.10/site-packages/airflow/example_dags/plugins/workday.py for tasks to queue
[2024-02-12T19:59:46.522+0000] {logging_mixin.py:188} INFO - [2024-02-12T19:59:46.522+0000] {dagbag.py:538} INFO - Filling up the DagBag from /home/codespace/.local/share/virtualenvs/airflow_sandbox-vp-HKq_L/lib/python3.10/site-packages/airflow/example_dags/plugins/workday.py
[2024-02-12T19:59:46.524+0000] {logging_mixin.py:188} INFO - [2024-02-12T19:59:46.524+0000] {workday.py:40} WARNING - Could not import pandas. Holidays will not be considered.
[2024-02-12T19:59:46.525+0000] {processor.py:842} WARNING - No viable dags retrieved from /home/codespace/.local/share/virtualenvs/airflow_sandbox-vp-HKq_L/lib/python3.10/site-packages/airflow/example_dags/plugins/workday.py
[2024-02-12T19:59:46.533+0000] {processor.py:183} INFO - Processing /home/codespace/.local/share/virtualenvs/airflow_sandbox-vp-HKq_L/lib/python3.10/site-packages/airflow/example_dags/plugins/workday.py took 0.014 seconds
[2024-02-12T20:00:39.861+0000] {processor.py:161} INFO - Started process (PID=25693) to work on /home/codespace/.local/share/virtualenvs/airflow_sandbox-vp-HKq_L/lib/python3.10/site-packages/airflow/example_dags/plugins/workday.py
[2024-02-12T20:00:39.862+0000] {processor.py:830} INFO - Processing file /home/codespace/.local/share/virtualenvs/airflow_sandbox-vp-HKq_L/lib/python3.10/site-packages/airflow/example_dags/plugins/workday.py for tasks to queue
[2024-02-12T20:00:39.863+0000] {logging_mixin.py:188} INFO - [2024-02-12T20:00:39.863+0000] {dagbag.py:538} INFO - Filling up the DagBag from /home/codespace/.local/share/virtualenvs/airflow_sandbox-vp-HKq_L/lib/python3.10/site-packages/airflow/example_dags/plugins/workday.py
[2024-02-12T20:00:39.865+0000] {logging_mixin.py:188} INFO - [2024-02-12T20:00:39.865+0000] {workday.py:40} WARNING - Could not import pandas. Holidays will not be considered.
[2024-02-12T20:00:39.865+0000] {processor.py:842} WARNING - No viable dags retrieved from /home/codespace/.local/share/virtualenvs/airflow_sandbox-vp-HKq_L/lib/python3.10/site-packages/airflow/example_dags/plugins/workday.py
[2024-02-12T20:00:39.872+0000] {processor.py:183} INFO - Processing /home/codespace/.local/share/virtualenvs/airflow_sandbox-vp-HKq_L/lib/python3.10/site-packages/airflow/example_dags/plugins/workday.py took 0.013 seconds
[2024-02-12T20:01:18.197+0000] {processor.py:161} INFO - Started process (PID=26021) to work on /home/codespace/.local/share/virtualenvs/airflow_sandbox-vp-HKq_L/lib/python3.10/site-packages/airflow/example_dags/plugins/workday.py
[2024-02-12T20:01:18.198+0000] {processor.py:830} INFO - Processing file /home/codespace/.local/share/virtualenvs/airflow_sandbox-vp-HKq_L/lib/python3.10/site-packages/airflow/example_dags/plugins/workday.py for tasks to queue
[2024-02-12T20:01:18.199+0000] {logging_mixin.py:188} INFO - [2024-02-12T20:01:18.198+0000] {dagbag.py:538} INFO - Filling up the DagBag from /home/codespace/.local/share/virtualenvs/airflow_sandbox-vp-HKq_L/lib/python3.10/site-packages/airflow/example_dags/plugins/workday.py
[2024-02-12T20:01:18.201+0000] {logging_mixin.py:188} INFO - [2024-02-12T20:01:18.201+0000] {workday.py:40} WARNING - Could not import pandas. Holidays will not be considered.
[2024-02-12T20:01:18.201+0000] {processor.py:842} WARNING - No viable dags retrieved from /home/codespace/.local/share/virtualenvs/airflow_sandbox-vp-HKq_L/lib/python3.10/site-packages/airflow/example_dags/plugins/workday.py
[2024-02-12T20:01:18.208+0000] {processor.py:183} INFO - Processing /home/codespace/.local/share/virtualenvs/airflow_sandbox-vp-HKq_L/lib/python3.10/site-packages/airflow/example_dags/plugins/workday.py took 0.013 seconds
[2024-02-12T20:01:51.881+0000] {processor.py:161} INFO - Started process (PID=26334) to work on /home/codespace/.local/share/virtualenvs/airflow_sandbox-vp-HKq_L/lib/python3.10/site-packages/airflow/example_dags/plugins/workday.py
[2024-02-12T20:01:51.882+0000] {processor.py:830} INFO - Processing file /home/codespace/.local/share/virtualenvs/airflow_sandbox-vp-HKq_L/lib/python3.10/site-packages/airflow/example_dags/plugins/workday.py for tasks to queue
[2024-02-12T20:01:51.882+0000] {logging_mixin.py:188} INFO - [2024-02-12T20:01:51.882+0000] {dagbag.py:538} INFO - Filling up the DagBag from /home/codespace/.local/share/virtualenvs/airflow_sandbox-vp-HKq_L/lib/python3.10/site-packages/airflow/example_dags/plugins/workday.py
[2024-02-12T20:01:51.885+0000] {logging_mixin.py:188} INFO - [2024-02-12T20:01:51.884+0000] {workday.py:40} WARNING - Could not import pandas. Holidays will not be considered.
[2024-02-12T20:01:51.885+0000] {processor.py:842} WARNING - No viable dags retrieved from /home/codespace/.local/share/virtualenvs/airflow_sandbox-vp-HKq_L/lib/python3.10/site-packages/airflow/example_dags/plugins/workday.py
[2024-02-12T20:01:51.892+0000] {processor.py:183} INFO - Processing /home/codespace/.local/share/virtualenvs/airflow_sandbox-vp-HKq_L/lib/python3.10/site-packages/airflow/example_dags/plugins/workday.py took 0.013 seconds
[2024-02-12T20:01:52.616+0000] {processor.py:161} INFO - Started process (PID=26354) to work on /home/codespace/.local/share/virtualenvs/airflow_sandbox-vp-HKq_L/lib/python3.10/site-packages/airflow/example_dags/plugins/workday.py
[2024-02-12T20:01:52.617+0000] {processor.py:830} INFO - Processing file /home/codespace/.local/share/virtualenvs/airflow_sandbox-vp-HKq_L/lib/python3.10/site-packages/airflow/example_dags/plugins/workday.py for tasks to queue
[2024-02-12T20:01:52.617+0000] {logging_mixin.py:188} INFO - [2024-02-12T20:01:52.617+0000] {dagbag.py:538} INFO - Filling up the DagBag from /home/codespace/.local/share/virtualenvs/airflow_sandbox-vp-HKq_L/lib/python3.10/site-packages/airflow/example_dags/plugins/workday.py
[2024-02-12T20:01:52.619+0000] {logging_mixin.py:188} INFO - [2024-02-12T20:01:52.619+0000] {workday.py:40} WARNING - Could not import pandas. Holidays will not be considered.
[2024-02-12T20:01:52.620+0000] {processor.py:842} WARNING - No viable dags retrieved from /home/codespace/.local/share/virtualenvs/airflow_sandbox-vp-HKq_L/lib/python3.10/site-packages/airflow/example_dags/plugins/workday.py
[2024-02-12T20:01:52.626+0000] {processor.py:183} INFO - Processing /home/codespace/.local/share/virtualenvs/airflow_sandbox-vp-HKq_L/lib/python3.10/site-packages/airflow/example_dags/plugins/workday.py took 0.013 seconds
[2024-02-12T20:02:40.301+0000] {processor.py:161} INFO - Started process (PID=26842) to work on /home/codespace/.local/share/virtualenvs/airflow_sandbox-vp-HKq_L/lib/python3.10/site-packages/airflow/example_dags/plugins/workday.py
[2024-02-12T20:02:40.301+0000] {processor.py:830} INFO - Processing file /home/codespace/.local/share/virtualenvs/airflow_sandbox-vp-HKq_L/lib/python3.10/site-packages/airflow/example_dags/plugins/workday.py for tasks to queue
[2024-02-12T20:02:40.302+0000] {logging_mixin.py:188} INFO - [2024-02-12T20:02:40.302+0000] {dagbag.py:538} INFO - Filling up the DagBag from /home/codespace/.local/share/virtualenvs/airflow_sandbox-vp-HKq_L/lib/python3.10/site-packages/airflow/example_dags/plugins/workday.py
[2024-02-12T20:02:40.304+0000] {logging_mixin.py:188} INFO - [2024-02-12T20:02:40.304+0000] {workday.py:40} WARNING - Could not import pandas. Holidays will not be considered.
[2024-02-12T20:02:40.305+0000] {processor.py:842} WARNING - No viable dags retrieved from /home/codespace/.local/share/virtualenvs/airflow_sandbox-vp-HKq_L/lib/python3.10/site-packages/airflow/example_dags/plugins/workday.py
[2024-02-12T20:02:40.311+0000] {processor.py:183} INFO - Processing /home/codespace/.local/share/virtualenvs/airflow_sandbox-vp-HKq_L/lib/python3.10/site-packages/airflow/example_dags/plugins/workday.py took 0.013 seconds
[2024-02-12T20:03:18.304+0000] {processor.py:161} INFO - Started process (PID=27376) to work on /home/codespace/.local/share/virtualenvs/airflow_sandbox-vp-HKq_L/lib/python3.10/site-packages/airflow/example_dags/plugins/workday.py
[2024-02-12T20:03:18.305+0000] {processor.py:830} INFO - Processing file /home/codespace/.local/share/virtualenvs/airflow_sandbox-vp-HKq_L/lib/python3.10/site-packages/airflow/example_dags/plugins/workday.py for tasks to queue
[2024-02-12T20:03:18.306+0000] {logging_mixin.py:188} INFO - [2024-02-12T20:03:18.305+0000] {dagbag.py:538} INFO - Filling up the DagBag from /home/codespace/.local/share/virtualenvs/airflow_sandbox-vp-HKq_L/lib/python3.10/site-packages/airflow/example_dags/plugins/workday.py
[2024-02-12T20:03:18.308+0000] {logging_mixin.py:188} INFO - [2024-02-12T20:03:18.308+0000] {workday.py:40} WARNING - Could not import pandas. Holidays will not be considered.
[2024-02-12T20:03:18.309+0000] {processor.py:842} WARNING - No viable dags retrieved from /home/codespace/.local/share/virtualenvs/airflow_sandbox-vp-HKq_L/lib/python3.10/site-packages/airflow/example_dags/plugins/workday.py
[2024-02-12T20:03:18.315+0000] {processor.py:183} INFO - Processing /home/codespace/.local/share/virtualenvs/airflow_sandbox-vp-HKq_L/lib/python3.10/site-packages/airflow/example_dags/plugins/workday.py took 0.014 seconds
[2024-02-12T20:03:54.049+0000] {processor.py:161} INFO - Started process (PID=27689) to work on /home/codespace/.local/share/virtualenvs/airflow_sandbox-vp-HKq_L/lib/python3.10/site-packages/airflow/example_dags/plugins/workday.py
[2024-02-12T20:03:54.050+0000] {processor.py:830} INFO - Processing file /home/codespace/.local/share/virtualenvs/airflow_sandbox-vp-HKq_L/lib/python3.10/site-packages/airflow/example_dags/plugins/workday.py for tasks to queue
[2024-02-12T20:03:54.050+0000] {logging_mixin.py:188} INFO - [2024-02-12T20:03:54.050+0000] {dagbag.py:538} INFO - Filling up the DagBag from /home/codespace/.local/share/virtualenvs/airflow_sandbox-vp-HKq_L/lib/python3.10/site-packages/airflow/example_dags/plugins/workday.py
[2024-02-12T20:03:54.052+0000] {logging_mixin.py:188} INFO - [2024-02-12T20:03:54.052+0000] {workday.py:40} WARNING - Could not import pandas. Holidays will not be considered.
[2024-02-12T20:03:54.053+0000] {processor.py:842} WARNING - No viable dags retrieved from /home/codespace/.local/share/virtualenvs/airflow_sandbox-vp-HKq_L/lib/python3.10/site-packages/airflow/example_dags/plugins/workday.py
[2024-02-12T20:03:54.060+0000] {processor.py:183} INFO - Processing /home/codespace/.local/share/virtualenvs/airflow_sandbox-vp-HKq_L/lib/python3.10/site-packages/airflow/example_dags/plugins/workday.py took 0.013 seconds
[2024-02-12T20:04:29.473+0000] {processor.py:161} INFO - Started process (PID=28001) to work on /home/codespace/.local/share/virtualenvs/airflow_sandbox-vp-HKq_L/lib/python3.10/site-packages/airflow/example_dags/plugins/workday.py
[2024-02-12T20:04:29.473+0000] {processor.py:830} INFO - Processing file /home/codespace/.local/share/virtualenvs/airflow_sandbox-vp-HKq_L/lib/python3.10/site-packages/airflow/example_dags/plugins/workday.py for tasks to queue
[2024-02-12T20:04:29.474+0000] {logging_mixin.py:188} INFO - [2024-02-12T20:04:29.474+0000] {dagbag.py:538} INFO - Filling up the DagBag from /home/codespace/.local/share/virtualenvs/airflow_sandbox-vp-HKq_L/lib/python3.10/site-packages/airflow/example_dags/plugins/workday.py
[2024-02-12T20:04:29.476+0000] {logging_mixin.py:188} INFO - [2024-02-12T20:04:29.476+0000] {workday.py:40} WARNING - Could not import pandas. Holidays will not be considered.
[2024-02-12T20:04:29.477+0000] {processor.py:842} WARNING - No viable dags retrieved from /home/codespace/.local/share/virtualenvs/airflow_sandbox-vp-HKq_L/lib/python3.10/site-packages/airflow/example_dags/plugins/workday.py
[2024-02-12T20:04:29.484+0000] {processor.py:183} INFO - Processing /home/codespace/.local/share/virtualenvs/airflow_sandbox-vp-HKq_L/lib/python3.10/site-packages/airflow/example_dags/plugins/workday.py took 0.013 seconds
[2024-02-12T20:05:03.660+0000] {processor.py:161} INFO - Started process (PID=28130) to work on /home/codespace/.local/share/virtualenvs/airflow_sandbox-vp-HKq_L/lib/python3.10/site-packages/airflow/example_dags/plugins/workday.py
[2024-02-12T20:05:03.661+0000] {processor.py:830} INFO - Processing file /home/codespace/.local/share/virtualenvs/airflow_sandbox-vp-HKq_L/lib/python3.10/site-packages/airflow/example_dags/plugins/workday.py for tasks to queue
[2024-02-12T20:05:03.661+0000] {logging_mixin.py:188} INFO - [2024-02-12T20:05:03.661+0000] {dagbag.py:538} INFO - Filling up the DagBag from /home/codespace/.local/share/virtualenvs/airflow_sandbox-vp-HKq_L/lib/python3.10/site-packages/airflow/example_dags/plugins/workday.py
[2024-02-12T20:05:03.664+0000] {logging_mixin.py:188} INFO - [2024-02-12T20:05:03.664+0000] {workday.py:40} WARNING - Could not import pandas. Holidays will not be considered.
[2024-02-12T20:05:03.664+0000] {processor.py:842} WARNING - No viable dags retrieved from /home/codespace/.local/share/virtualenvs/airflow_sandbox-vp-HKq_L/lib/python3.10/site-packages/airflow/example_dags/plugins/workday.py
[2024-02-12T20:05:03.671+0000] {processor.py:183} INFO - Processing /home/codespace/.local/share/virtualenvs/airflow_sandbox-vp-HKq_L/lib/python3.10/site-packages/airflow/example_dags/plugins/workday.py took 0.013 seconds
[2024-02-12T20:05:40.180+0000] {processor.py:161} INFO - Started process (PID=28252) to work on /home/codespace/.local/share/virtualenvs/airflow_sandbox-vp-HKq_L/lib/python3.10/site-packages/airflow/example_dags/plugins/workday.py
[2024-02-12T20:05:40.181+0000] {processor.py:830} INFO - Processing file /home/codespace/.local/share/virtualenvs/airflow_sandbox-vp-HKq_L/lib/python3.10/site-packages/airflow/example_dags/plugins/workday.py for tasks to queue
[2024-02-12T20:05:40.182+0000] {logging_mixin.py:188} INFO - [2024-02-12T20:05:40.182+0000] {dagbag.py:538} INFO - Filling up the DagBag from /home/codespace/.local/share/virtualenvs/airflow_sandbox-vp-HKq_L/lib/python3.10/site-packages/airflow/example_dags/plugins/workday.py
[2024-02-12T20:05:40.184+0000] {logging_mixin.py:188} INFO - [2024-02-12T20:05:40.184+0000] {workday.py:40} WARNING - Could not import pandas. Holidays will not be considered.
[2024-02-12T20:05:40.184+0000] {processor.py:842} WARNING - No viable dags retrieved from /home/codespace/.local/share/virtualenvs/airflow_sandbox-vp-HKq_L/lib/python3.10/site-packages/airflow/example_dags/plugins/workday.py
[2024-02-12T20:05:40.191+0000] {processor.py:183} INFO - Processing /home/codespace/.local/share/virtualenvs/airflow_sandbox-vp-HKq_L/lib/python3.10/site-packages/airflow/example_dags/plugins/workday.py took 0.013 seconds
[2024-02-12T20:06:16.214+0000] {processor.py:161} INFO - Started process (PID=28344) to work on /home/codespace/.local/share/virtualenvs/airflow_sandbox-vp-HKq_L/lib/python3.10/site-packages/airflow/example_dags/plugins/workday.py
[2024-02-12T20:06:16.214+0000] {processor.py:830} INFO - Processing file /home/codespace/.local/share/virtualenvs/airflow_sandbox-vp-HKq_L/lib/python3.10/site-packages/airflow/example_dags/plugins/workday.py for tasks to queue
[2024-02-12T20:06:16.215+0000] {logging_mixin.py:188} INFO - [2024-02-12T20:06:16.215+0000] {dagbag.py:538} INFO - Filling up the DagBag from /home/codespace/.local/share/virtualenvs/airflow_sandbox-vp-HKq_L/lib/python3.10/site-packages/airflow/example_dags/plugins/workday.py
[2024-02-12T20:06:16.217+0000] {logging_mixin.py:188} INFO - [2024-02-12T20:06:16.217+0000] {workday.py:40} WARNING - Could not import pandas. Holidays will not be considered.
[2024-02-12T20:06:16.217+0000] {processor.py:842} WARNING - No viable dags retrieved from /home/codespace/.local/share/virtualenvs/airflow_sandbox-vp-HKq_L/lib/python3.10/site-packages/airflow/example_dags/plugins/workday.py
[2024-02-12T20:06:16.224+0000] {processor.py:183} INFO - Processing /home/codespace/.local/share/virtualenvs/airflow_sandbox-vp-HKq_L/lib/python3.10/site-packages/airflow/example_dags/plugins/workday.py took 0.013 seconds
[2024-02-12T20:06:51.237+0000] {processor.py:161} INFO - Started process (PID=28644) to work on /home/codespace/.local/share/virtualenvs/airflow_sandbox-vp-HKq_L/lib/python3.10/site-packages/airflow/example_dags/plugins/workday.py
[2024-02-12T20:06:51.237+0000] {processor.py:830} INFO - Processing file /home/codespace/.local/share/virtualenvs/airflow_sandbox-vp-HKq_L/lib/python3.10/site-packages/airflow/example_dags/plugins/workday.py for tasks to queue
[2024-02-12T20:06:51.238+0000] {logging_mixin.py:188} INFO - [2024-02-12T20:06:51.238+0000] {dagbag.py:538} INFO - Filling up the DagBag from /home/codespace/.local/share/virtualenvs/airflow_sandbox-vp-HKq_L/lib/python3.10/site-packages/airflow/example_dags/plugins/workday.py
[2024-02-12T20:06:51.242+0000] {logging_mixin.py:188} INFO - [2024-02-12T20:06:51.242+0000] {workday.py:40} WARNING - Could not import pandas. Holidays will not be considered.
[2024-02-12T20:06:51.242+0000] {processor.py:842} WARNING - No viable dags retrieved from /home/codespace/.local/share/virtualenvs/airflow_sandbox-vp-HKq_L/lib/python3.10/site-packages/airflow/example_dags/plugins/workday.py
[2024-02-12T20:06:51.251+0000] {processor.py:183} INFO - Processing /home/codespace/.local/share/virtualenvs/airflow_sandbox-vp-HKq_L/lib/python3.10/site-packages/airflow/example_dags/plugins/workday.py took 0.018 seconds
