[2024-02-14T10:36:47.754+0000] {taskinstance.py:1957} INFO - Dependencies all met for dep_context=non-requeueable deps ti=<TaskInstance: python_xcom_dag_v1.get_age scheduled__2024-02-11T00:00:00+00:00 [queued]>
[2024-02-14T10:36:47.759+0000] {taskinstance.py:1957} INFO - Dependencies all met for dep_context=requeueable deps ti=<TaskInstance: python_xcom_dag_v1.get_age scheduled__2024-02-11T00:00:00+00:00 [queued]>
[2024-02-14T10:36:47.759+0000] {taskinstance.py:2171} INFO - Starting attempt 1 of 6
[2024-02-14T10:36:47.797+0000] {taskinstance.py:2192} INFO - Executing <Task(PythonOperator): get_age> on 2024-02-11 00:00:00+00:00
[2024-02-14T10:36:47.800+0000] {standard_task_runner.py:60} INFO - Started process 53490 to run task
[2024-02-14T10:36:47.804+0000] {standard_task_runner.py:87} INFO - Running: ['airflow', 'tasks', 'run', 'python_xcom_dag_v1', 'get_age', 'scheduled__2024-02-11T00:00:00+00:00', '--job-id', '213', '--raw', '--subdir', 'DAGS_FOLDER/dag_with_xcoms.py', '--cfg-path', '/tmp/tmpvcwfggky']
[2024-02-14T10:36:47.805+0000] {standard_task_runner.py:88} INFO - Job 213: Subtask get_age
[2024-02-14T10:36:47.860+0000] {task_command.py:423} INFO - Running <TaskInstance: python_xcom_dag_v1.get_age scheduled__2024-02-11T00:00:00+00:00 [running]> on host codespaces-57ffd0
[2024-02-14T10:36:47.955+0000] {taskinstance.py:2481} INFO - Exporting env vars: AIRFLOW_CTX_DAG_OWNER='raghu' AIRFLOW_CTX_DAG_ID='python_xcom_dag_v1' AIRFLOW_CTX_TASK_ID='get_age' AIRFLOW_CTX_EXECUTION_DATE='2024-02-11T00:00:00+00:00' AIRFLOW_CTX_TRY_NUMBER='1' AIRFLOW_CTX_DAG_RUN_ID='scheduled__2024-02-11T00:00:00+00:00'
[2024-02-14T10:36:47.988+0000] {python.py:201} INFO - Done. Returned value was: None
[2024-02-14T10:36:47.992+0000] {taskinstance.py:1138} INFO - Marking task as SUCCESS. dag_id=python_xcom_dag_v1, task_id=get_age, execution_date=20240211T000000, start_date=20240214T103647, end_date=20240214T103647
[2024-02-14T10:36:48.055+0000] {local_task_job_runner.py:234} INFO - Task exited with return code 0
[2024-02-14T10:36:48.067+0000] {taskinstance.py:3281} INFO - 1 downstream tasks scheduled from follow-on schedule check
[2024-02-14T10:40:56.147+0000] {taskinstance.py:1957} INFO - Dependencies all met for dep_context=non-requeueable deps ti=<TaskInstance: python_xcom_dag_v1.get_age scheduled__2024-02-11T00:00:00+00:00 [queued]>
[2024-02-14T10:40:56.151+0000] {taskinstance.py:1957} INFO - Dependencies all met for dep_context=requeueable deps ti=<TaskInstance: python_xcom_dag_v1.get_age scheduled__2024-02-11T00:00:00+00:00 [queued]>
[2024-02-14T10:40:56.152+0000] {taskinstance.py:2171} INFO - Starting attempt 1 of 6
[2024-02-14T10:40:56.188+0000] {taskinstance.py:2192} INFO - Executing <Task(PythonOperator): get_age> on 2024-02-11 00:00:00+00:00
[2024-02-14T10:40:56.191+0000] {standard_task_runner.py:60} INFO - Started process 57307 to run task
[2024-02-14T10:40:56.194+0000] {standard_task_runner.py:87} INFO - Running: ['airflow', 'tasks', 'run', 'python_xcom_dag_v1', 'get_age', 'scheduled__2024-02-11T00:00:00+00:00', '--job-id', '213', '--raw', '--subdir', 'DAGS_FOLDER/dag_with_xcoms.py', '--cfg-path', '/tmp/tmporafzucw']
[2024-02-14T10:40:56.195+0000] {standard_task_runner.py:88} INFO - Job 213: Subtask get_age
[2024-02-14T10:40:56.246+0000] {task_command.py:423} INFO - Running <TaskInstance: python_xcom_dag_v1.get_age scheduled__2024-02-11T00:00:00+00:00 [running]> on host codespaces-57ffd0
[2024-02-14T10:40:56.347+0000] {taskinstance.py:2481} INFO - Exporting env vars: AIRFLOW_CTX_DAG_OWNER='raghu' AIRFLOW_CTX_DAG_ID='python_xcom_dag_v1' AIRFLOW_CTX_TASK_ID='get_age' AIRFLOW_CTX_EXECUTION_DATE='2024-02-11T00:00:00+00:00' AIRFLOW_CTX_TRY_NUMBER='1' AIRFLOW_CTX_DAG_RUN_ID='scheduled__2024-02-11T00:00:00+00:00'
[2024-02-14T10:40:56.390+0000] {python.py:201} INFO - Done. Returned value was: None
[2024-02-14T10:40:56.396+0000] {taskinstance.py:1138} INFO - Marking task as SUCCESS. dag_id=python_xcom_dag_v1, task_id=get_age, execution_date=20240211T000000, start_date=20240214T104056, end_date=20240214T104056
[2024-02-14T10:40:56.447+0000] {local_task_job_runner.py:234} INFO - Task exited with return code 0
[2024-02-14T10:40:56.460+0000] {taskinstance.py:3281} INFO - 1 downstream tasks scheduled from follow-on schedule check
