[2024-02-14T10:35:34.646+0000] {taskinstance.py:1957} INFO - Dependencies all met for dep_context=non-requeueable deps ti=<TaskInstance: python_xcom_dag_v1.get_name scheduled__2024-02-03T00:00:00+00:00 [queued]>
[2024-02-14T10:35:34.654+0000] {taskinstance.py:1957} INFO - Dependencies all met for dep_context=requeueable deps ti=<TaskInstance: python_xcom_dag_v1.get_name scheduled__2024-02-03T00:00:00+00:00 [queued]>
[2024-02-14T10:35:34.654+0000] {taskinstance.py:2171} INFO - Starting attempt 1 of 6
[2024-02-14T10:35:34.694+0000] {taskinstance.py:2192} INFO - Executing <Task(PythonOperator): get_name> on 2024-02-03 00:00:00+00:00
[2024-02-14T10:35:34.697+0000] {standard_task_runner.py:60} INFO - Started process 52030 to run task
[2024-02-14T10:35:34.700+0000] {standard_task_runner.py:87} INFO - Running: ['airflow', 'tasks', 'run', 'python_xcom_dag_v1', 'get_name', 'scheduled__2024-02-03T00:00:00+00:00', '--job-id', '185', '--raw', '--subdir', 'DAGS_FOLDER/dag_with_xcoms.py', '--cfg-path', '/tmp/tmpwxfufttx']
[2024-02-14T10:35:34.701+0000] {standard_task_runner.py:88} INFO - Job 185: Subtask get_name
[2024-02-14T10:35:34.759+0000] {task_command.py:423} INFO - Running <TaskInstance: python_xcom_dag_v1.get_name scheduled__2024-02-03T00:00:00+00:00 [running]> on host codespaces-57ffd0
[2024-02-14T10:35:34.865+0000] {taskinstance.py:2481} INFO - Exporting env vars: AIRFLOW_CTX_DAG_OWNER='raghu' AIRFLOW_CTX_DAG_ID='python_xcom_dag_v1' AIRFLOW_CTX_TASK_ID='get_name' AIRFLOW_CTX_EXECUTION_DATE='2024-02-03T00:00:00+00:00' AIRFLOW_CTX_TRY_NUMBER='1' AIRFLOW_CTX_DAG_RUN_ID='scheduled__2024-02-03T00:00:00+00:00'
[2024-02-14T10:35:34.898+0000] {python.py:201} INFO - Done. Returned value was: None
[2024-02-14T10:35:34.902+0000] {taskinstance.py:1138} INFO - Marking task as SUCCESS. dag_id=python_xcom_dag_v1, task_id=get_name, execution_date=20240203T000000, start_date=20240214T103534, end_date=20240214T103534
[2024-02-14T10:35:34.952+0000] {local_task_job_runner.py:234} INFO - Task exited with return code 0
[2024-02-14T10:35:34.965+0000] {taskinstance.py:3281} INFO - 0 downstream tasks scheduled from follow-on schedule check
[2024-02-14T10:39:44.203+0000] {taskinstance.py:1957} INFO - Dependencies all met for dep_context=non-requeueable deps ti=<TaskInstance: python_xcom_dag_v1.get_name scheduled__2024-02-03T00:00:00+00:00 [queued]>
[2024-02-14T10:39:44.210+0000] {taskinstance.py:1957} INFO - Dependencies all met for dep_context=requeueable deps ti=<TaskInstance: python_xcom_dag_v1.get_name scheduled__2024-02-03T00:00:00+00:00 [queued]>
[2024-02-14T10:39:44.211+0000] {taskinstance.py:2171} INFO - Starting attempt 1 of 6
[2024-02-14T10:39:44.251+0000] {taskinstance.py:2192} INFO - Executing <Task(PythonOperator): get_name> on 2024-02-03 00:00:00+00:00
[2024-02-14T10:39:44.254+0000] {standard_task_runner.py:60} INFO - Started process 55936 to run task
[2024-02-14T10:39:44.258+0000] {standard_task_runner.py:87} INFO - Running: ['airflow', 'tasks', 'run', 'python_xcom_dag_v1', 'get_name', 'scheduled__2024-02-03T00:00:00+00:00', '--job-id', '185', '--raw', '--subdir', 'DAGS_FOLDER/dag_with_xcoms.py', '--cfg-path', '/tmp/tmpwpc9v2qu']
[2024-02-14T10:39:44.259+0000] {standard_task_runner.py:88} INFO - Job 185: Subtask get_name
[2024-02-14T10:39:44.349+0000] {task_command.py:423} INFO - Running <TaskInstance: python_xcom_dag_v1.get_name scheduled__2024-02-03T00:00:00+00:00 [running]> on host codespaces-57ffd0
[2024-02-14T10:39:44.445+0000] {taskinstance.py:2481} INFO - Exporting env vars: AIRFLOW_CTX_DAG_OWNER='raghu' AIRFLOW_CTX_DAG_ID='python_xcom_dag_v1' AIRFLOW_CTX_TASK_ID='get_name' AIRFLOW_CTX_EXECUTION_DATE='2024-02-03T00:00:00+00:00' AIRFLOW_CTX_TRY_NUMBER='1' AIRFLOW_CTX_DAG_RUN_ID='scheduled__2024-02-03T00:00:00+00:00'
[2024-02-14T10:39:44.481+0000] {python.py:201} INFO - Done. Returned value was: None
[2024-02-14T10:39:44.484+0000] {taskinstance.py:1138} INFO - Marking task as SUCCESS. dag_id=python_xcom_dag_v1, task_id=get_name, execution_date=20240203T000000, start_date=20240214T103944, end_date=20240214T103944
[2024-02-14T10:39:44.550+0000] {local_task_job_runner.py:234} INFO - Task exited with return code 0
[2024-02-14T10:39:44.565+0000] {taskinstance.py:3281} INFO - 0 downstream tasks scheduled from follow-on schedule check
