[2024-02-14T09:08:20.124+0000] {processor.py:161} INFO - Started process (PID=4942) to work on /home/codespace/.local/share/virtualenvs/airflow_sandbox-vp-HKq_L/lib/python3.10/site-packages/airflow/example_dags/example_branch_operator_decorator.py
[2024-02-14T09:08:20.125+0000] {processor.py:830} INFO - Processing file /home/codespace/.local/share/virtualenvs/airflow_sandbox-vp-HKq_L/lib/python3.10/site-packages/airflow/example_dags/example_branch_operator_decorator.py for tasks to queue
[2024-02-14T09:08:20.125+0000] {logging_mixin.py:188} INFO - [2024-02-14T09:08:20.125+0000] {dagbag.py:538} INFO - Filling up the DagBag from /home/codespace/.local/share/virtualenvs/airflow_sandbox-vp-HKq_L/lib/python3.10/site-packages/airflow/example_dags/example_branch_operator_decorator.py
[2024-02-14T09:08:20.141+0000] {processor.py:840} INFO - DAG(s) 'example_branch_python_operator_decorator' retrieved from /home/codespace/.local/share/virtualenvs/airflow_sandbox-vp-HKq_L/lib/python3.10/site-packages/airflow/example_dags/example_branch_operator_decorator.py
[2024-02-14T09:08:20.160+0000] {logging_mixin.py:188} INFO - [2024-02-14T09:08:20.160+0000] {dag.py:3033} INFO - Sync 1 DAGs
[2024-02-14T09:08:20.178+0000] {logging_mixin.py:188} INFO - [2024-02-14T09:08:20.178+0000] {dag.py:3820} INFO - Setting next_dagrun for example_branch_python_operator_decorator to 2024-02-13T00:00:00+00:00, run_after=2024-02-14T00:00:00+00:00
[2024-02-14T09:08:20.219+0000] {processor.py:183} INFO - Processing /home/codespace/.local/share/virtualenvs/airflow_sandbox-vp-HKq_L/lib/python3.10/site-packages/airflow/example_dags/example_branch_operator_decorator.py took 0.098 seconds
[2024-02-14T09:09:26.774+0000] {processor.py:161} INFO - Started process (PID=5938) to work on /home/codespace/.local/share/virtualenvs/airflow_sandbox-vp-HKq_L/lib/python3.10/site-packages/airflow/example_dags/example_branch_operator_decorator.py
[2024-02-14T09:09:26.774+0000] {processor.py:830} INFO - Processing file /home/codespace/.local/share/virtualenvs/airflow_sandbox-vp-HKq_L/lib/python3.10/site-packages/airflow/example_dags/example_branch_operator_decorator.py for tasks to queue
[2024-02-14T09:09:26.775+0000] {logging_mixin.py:188} INFO - [2024-02-14T09:09:26.775+0000] {dagbag.py:538} INFO - Filling up the DagBag from /home/codespace/.local/share/virtualenvs/airflow_sandbox-vp-HKq_L/lib/python3.10/site-packages/airflow/example_dags/example_branch_operator_decorator.py
[2024-02-14T09:09:26.793+0000] {processor.py:840} INFO - DAG(s) 'example_branch_python_operator_decorator' retrieved from /home/codespace/.local/share/virtualenvs/airflow_sandbox-vp-HKq_L/lib/python3.10/site-packages/airflow/example_dags/example_branch_operator_decorator.py
[2024-02-14T09:09:26.823+0000] {logging_mixin.py:188} INFO - [2024-02-14T09:09:26.823+0000] {dag.py:3033} INFO - Sync 1 DAGs
[2024-02-14T09:09:26.844+0000] {logging_mixin.py:188} INFO - [2024-02-14T09:09:26.844+0000] {dag.py:3820} INFO - Setting next_dagrun for example_branch_python_operator_decorator to 2024-02-13T00:00:00+00:00, run_after=2024-02-14T00:00:00+00:00
[2024-02-14T09:09:26.889+0000] {processor.py:183} INFO - Processing /home/codespace/.local/share/virtualenvs/airflow_sandbox-vp-HKq_L/lib/python3.10/site-packages/airflow/example_dags/example_branch_operator_decorator.py took 0.119 seconds
[2024-02-14T09:10:30.027+0000] {processor.py:161} INFO - Started process (PID=6729) to work on /home/codespace/.local/share/virtualenvs/airflow_sandbox-vp-HKq_L/lib/python3.10/site-packages/airflow/example_dags/example_branch_operator_decorator.py
[2024-02-14T09:10:30.028+0000] {processor.py:830} INFO - Processing file /home/codespace/.local/share/virtualenvs/airflow_sandbox-vp-HKq_L/lib/python3.10/site-packages/airflow/example_dags/example_branch_operator_decorator.py for tasks to queue
[2024-02-14T09:10:30.029+0000] {logging_mixin.py:188} INFO - [2024-02-14T09:10:30.029+0000] {dagbag.py:538} INFO - Filling up the DagBag from /home/codespace/.local/share/virtualenvs/airflow_sandbox-vp-HKq_L/lib/python3.10/site-packages/airflow/example_dags/example_branch_operator_decorator.py
[2024-02-14T09:10:30.046+0000] {processor.py:840} INFO - DAG(s) 'example_branch_python_operator_decorator' retrieved from /home/codespace/.local/share/virtualenvs/airflow_sandbox-vp-HKq_L/lib/python3.10/site-packages/airflow/example_dags/example_branch_operator_decorator.py
[2024-02-14T09:10:30.063+0000] {logging_mixin.py:188} INFO - [2024-02-14T09:10:30.063+0000] {dag.py:3033} INFO - Sync 1 DAGs
[2024-02-14T09:10:30.079+0000] {logging_mixin.py:188} INFO - [2024-02-14T09:10:30.079+0000] {dag.py:3820} INFO - Setting next_dagrun for example_branch_python_operator_decorator to 2024-02-13T00:00:00+00:00, run_after=2024-02-14T00:00:00+00:00
[2024-02-14T09:10:30.123+0000] {processor.py:183} INFO - Processing /home/codespace/.local/share/virtualenvs/airflow_sandbox-vp-HKq_L/lib/python3.10/site-packages/airflow/example_dags/example_branch_operator_decorator.py took 0.098 seconds
[2024-02-14T09:11:24.810+0000] {processor.py:161} INFO - Started process (PID=7384) to work on /home/codespace/.local/share/virtualenvs/airflow_sandbox-vp-HKq_L/lib/python3.10/site-packages/airflow/example_dags/example_branch_operator_decorator.py
[2024-02-14T09:11:24.811+0000] {processor.py:830} INFO - Processing file /home/codespace/.local/share/virtualenvs/airflow_sandbox-vp-HKq_L/lib/python3.10/site-packages/airflow/example_dags/example_branch_operator_decorator.py for tasks to queue
[2024-02-14T09:11:24.812+0000] {logging_mixin.py:188} INFO - [2024-02-14T09:11:24.812+0000] {dagbag.py:538} INFO - Filling up the DagBag from /home/codespace/.local/share/virtualenvs/airflow_sandbox-vp-HKq_L/lib/python3.10/site-packages/airflow/example_dags/example_branch_operator_decorator.py
[2024-02-14T09:11:24.829+0000] {processor.py:840} INFO - DAG(s) 'example_branch_python_operator_decorator' retrieved from /home/codespace/.local/share/virtualenvs/airflow_sandbox-vp-HKq_L/lib/python3.10/site-packages/airflow/example_dags/example_branch_operator_decorator.py
[2024-02-14T09:11:24.847+0000] {logging_mixin.py:188} INFO - [2024-02-14T09:11:24.847+0000] {dag.py:3033} INFO - Sync 1 DAGs
[2024-02-14T09:11:24.864+0000] {logging_mixin.py:188} INFO - [2024-02-14T09:11:24.864+0000] {dag.py:3820} INFO - Setting next_dagrun for example_branch_python_operator_decorator to 2024-02-13T00:00:00+00:00, run_after=2024-02-14T00:00:00+00:00
[2024-02-14T09:11:24.904+0000] {processor.py:183} INFO - Processing /home/codespace/.local/share/virtualenvs/airflow_sandbox-vp-HKq_L/lib/python3.10/site-packages/airflow/example_dags/example_branch_operator_decorator.py took 0.096 seconds
[2024-02-14T09:12:20.295+0000] {processor.py:161} INFO - Started process (PID=8024) to work on /home/codespace/.local/share/virtualenvs/airflow_sandbox-vp-HKq_L/lib/python3.10/site-packages/airflow/example_dags/example_branch_operator_decorator.py
[2024-02-14T09:12:20.295+0000] {processor.py:830} INFO - Processing file /home/codespace/.local/share/virtualenvs/airflow_sandbox-vp-HKq_L/lib/python3.10/site-packages/airflow/example_dags/example_branch_operator_decorator.py for tasks to queue
[2024-02-14T09:12:20.296+0000] {logging_mixin.py:188} INFO - [2024-02-14T09:12:20.296+0000] {dagbag.py:538} INFO - Filling up the DagBag from /home/codespace/.local/share/virtualenvs/airflow_sandbox-vp-HKq_L/lib/python3.10/site-packages/airflow/example_dags/example_branch_operator_decorator.py
[2024-02-14T09:12:20.311+0000] {processor.py:840} INFO - DAG(s) 'example_branch_python_operator_decorator' retrieved from /home/codespace/.local/share/virtualenvs/airflow_sandbox-vp-HKq_L/lib/python3.10/site-packages/airflow/example_dags/example_branch_operator_decorator.py
[2024-02-14T09:12:20.330+0000] {logging_mixin.py:188} INFO - [2024-02-14T09:12:20.329+0000] {dag.py:3033} INFO - Sync 1 DAGs
[2024-02-14T09:12:20.347+0000] {logging_mixin.py:188} INFO - [2024-02-14T09:12:20.347+0000] {dag.py:3820} INFO - Setting next_dagrun for example_branch_python_operator_decorator to 2024-02-13T00:00:00+00:00, run_after=2024-02-14T00:00:00+00:00
[2024-02-14T09:12:20.390+0000] {processor.py:183} INFO - Processing /home/codespace/.local/share/virtualenvs/airflow_sandbox-vp-HKq_L/lib/python3.10/site-packages/airflow/example_dags/example_branch_operator_decorator.py took 0.098 seconds
[2024-02-14T09:13:16.648+0000] {processor.py:161} INFO - Started process (PID=8511) to work on /home/codespace/.local/share/virtualenvs/airflow_sandbox-vp-HKq_L/lib/python3.10/site-packages/airflow/example_dags/example_branch_operator_decorator.py
[2024-02-14T09:13:16.649+0000] {processor.py:830} INFO - Processing file /home/codespace/.local/share/virtualenvs/airflow_sandbox-vp-HKq_L/lib/python3.10/site-packages/airflow/example_dags/example_branch_operator_decorator.py for tasks to queue
[2024-02-14T09:13:16.650+0000] {logging_mixin.py:188} INFO - [2024-02-14T09:13:16.650+0000] {dagbag.py:538} INFO - Filling up the DagBag from /home/codespace/.local/share/virtualenvs/airflow_sandbox-vp-HKq_L/lib/python3.10/site-packages/airflow/example_dags/example_branch_operator_decorator.py
[2024-02-14T09:13:16.667+0000] {processor.py:840} INFO - DAG(s) 'example_branch_python_operator_decorator' retrieved from /home/codespace/.local/share/virtualenvs/airflow_sandbox-vp-HKq_L/lib/python3.10/site-packages/airflow/example_dags/example_branch_operator_decorator.py
[2024-02-14T09:13:16.686+0000] {logging_mixin.py:188} INFO - [2024-02-14T09:13:16.685+0000] {dag.py:3033} INFO - Sync 1 DAGs
[2024-02-14T09:13:16.704+0000] {logging_mixin.py:188} INFO - [2024-02-14T09:13:16.703+0000] {dag.py:3820} INFO - Setting next_dagrun for example_branch_python_operator_decorator to 2024-02-13T00:00:00+00:00, run_after=2024-02-14T00:00:00+00:00
[2024-02-14T09:13:16.747+0000] {processor.py:183} INFO - Processing /home/codespace/.local/share/virtualenvs/airflow_sandbox-vp-HKq_L/lib/python3.10/site-packages/airflow/example_dags/example_branch_operator_decorator.py took 0.102 seconds
[2024-02-14T09:14:08.097+0000] {processor.py:161} INFO - Started process (PID=8939) to work on /home/codespace/.local/share/virtualenvs/airflow_sandbox-vp-HKq_L/lib/python3.10/site-packages/airflow/example_dags/example_branch_operator_decorator.py
[2024-02-14T09:14:08.098+0000] {processor.py:830} INFO - Processing file /home/codespace/.local/share/virtualenvs/airflow_sandbox-vp-HKq_L/lib/python3.10/site-packages/airflow/example_dags/example_branch_operator_decorator.py for tasks to queue
[2024-02-14T09:14:08.098+0000] {logging_mixin.py:188} INFO - [2024-02-14T09:14:08.098+0000] {dagbag.py:538} INFO - Filling up the DagBag from /home/codespace/.local/share/virtualenvs/airflow_sandbox-vp-HKq_L/lib/python3.10/site-packages/airflow/example_dags/example_branch_operator_decorator.py
[2024-02-14T09:14:08.114+0000] {processor.py:840} INFO - DAG(s) 'example_branch_python_operator_decorator' retrieved from /home/codespace/.local/share/virtualenvs/airflow_sandbox-vp-HKq_L/lib/python3.10/site-packages/airflow/example_dags/example_branch_operator_decorator.py
[2024-02-14T09:14:08.132+0000] {logging_mixin.py:188} INFO - [2024-02-14T09:14:08.131+0000] {dag.py:3033} INFO - Sync 1 DAGs
[2024-02-14T09:14:08.148+0000] {logging_mixin.py:188} INFO - [2024-02-14T09:14:08.147+0000] {dag.py:3820} INFO - Setting next_dagrun for example_branch_python_operator_decorator to 2024-02-13T00:00:00+00:00, run_after=2024-02-14T00:00:00+00:00
[2024-02-14T09:14:08.188+0000] {processor.py:183} INFO - Processing /home/codespace/.local/share/virtualenvs/airflow_sandbox-vp-HKq_L/lib/python3.10/site-packages/airflow/example_dags/example_branch_operator_decorator.py took 0.093 seconds
[2024-02-14T09:14:59.215+0000] {processor.py:161} INFO - Started process (PID=9299) to work on /home/codespace/.local/share/virtualenvs/airflow_sandbox-vp-HKq_L/lib/python3.10/site-packages/airflow/example_dags/example_branch_operator_decorator.py
[2024-02-14T09:14:59.216+0000] {processor.py:830} INFO - Processing file /home/codespace/.local/share/virtualenvs/airflow_sandbox-vp-HKq_L/lib/python3.10/site-packages/airflow/example_dags/example_branch_operator_decorator.py for tasks to queue
[2024-02-14T09:14:59.216+0000] {logging_mixin.py:188} INFO - [2024-02-14T09:14:59.216+0000] {dagbag.py:538} INFO - Filling up the DagBag from /home/codespace/.local/share/virtualenvs/airflow_sandbox-vp-HKq_L/lib/python3.10/site-packages/airflow/example_dags/example_branch_operator_decorator.py
[2024-02-14T09:14:59.232+0000] {processor.py:840} INFO - DAG(s) 'example_branch_python_operator_decorator' retrieved from /home/codespace/.local/share/virtualenvs/airflow_sandbox-vp-HKq_L/lib/python3.10/site-packages/airflow/example_dags/example_branch_operator_decorator.py
[2024-02-14T09:14:59.253+0000] {logging_mixin.py:188} INFO - [2024-02-14T09:14:59.253+0000] {dag.py:3033} INFO - Sync 1 DAGs
[2024-02-14T09:14:59.272+0000] {logging_mixin.py:188} INFO - [2024-02-14T09:14:59.272+0000] {dag.py:3820} INFO - Setting next_dagrun for example_branch_python_operator_decorator to 2024-02-13T00:00:00+00:00, run_after=2024-02-14T00:00:00+00:00
[2024-02-14T09:14:59.315+0000] {processor.py:183} INFO - Processing /home/codespace/.local/share/virtualenvs/airflow_sandbox-vp-HKq_L/lib/python3.10/site-packages/airflow/example_dags/example_branch_operator_decorator.py took 0.103 seconds
[2024-02-14T09:15:52.373+0000] {processor.py:161} INFO - Started process (PID=9675) to work on /home/codespace/.local/share/virtualenvs/airflow_sandbox-vp-HKq_L/lib/python3.10/site-packages/airflow/example_dags/example_branch_operator_decorator.py
[2024-02-14T09:15:52.374+0000] {processor.py:830} INFO - Processing file /home/codespace/.local/share/virtualenvs/airflow_sandbox-vp-HKq_L/lib/python3.10/site-packages/airflow/example_dags/example_branch_operator_decorator.py for tasks to queue
[2024-02-14T09:15:52.374+0000] {logging_mixin.py:188} INFO - [2024-02-14T09:15:52.374+0000] {dagbag.py:538} INFO - Filling up the DagBag from /home/codespace/.local/share/virtualenvs/airflow_sandbox-vp-HKq_L/lib/python3.10/site-packages/airflow/example_dags/example_branch_operator_decorator.py
[2024-02-14T09:15:52.398+0000] {processor.py:840} INFO - DAG(s) 'example_branch_python_operator_decorator' retrieved from /home/codespace/.local/share/virtualenvs/airflow_sandbox-vp-HKq_L/lib/python3.10/site-packages/airflow/example_dags/example_branch_operator_decorator.py
[2024-02-14T09:15:52.430+0000] {logging_mixin.py:188} INFO - [2024-02-14T09:15:52.430+0000] {dag.py:3033} INFO - Sync 1 DAGs
[2024-02-14T09:15:52.451+0000] {logging_mixin.py:188} INFO - [2024-02-14T09:15:52.450+0000] {dag.py:3820} INFO - Setting next_dagrun for example_branch_python_operator_decorator to 2024-02-13T00:00:00+00:00, run_after=2024-02-14T00:00:00+00:00
[2024-02-14T09:15:52.498+0000] {processor.py:183} INFO - Processing /home/codespace/.local/share/virtualenvs/airflow_sandbox-vp-HKq_L/lib/python3.10/site-packages/airflow/example_dags/example_branch_operator_decorator.py took 0.127 seconds
[2024-02-14T09:16:45.862+0000] {processor.py:161} INFO - Started process (PID=10060) to work on /home/codespace/.local/share/virtualenvs/airflow_sandbox-vp-HKq_L/lib/python3.10/site-packages/airflow/example_dags/example_branch_operator_decorator.py
[2024-02-14T09:16:45.863+0000] {processor.py:830} INFO - Processing file /home/codespace/.local/share/virtualenvs/airflow_sandbox-vp-HKq_L/lib/python3.10/site-packages/airflow/example_dags/example_branch_operator_decorator.py for tasks to queue
[2024-02-14T09:16:45.864+0000] {logging_mixin.py:188} INFO - [2024-02-14T09:16:45.863+0000] {dagbag.py:538} INFO - Filling up the DagBag from /home/codespace/.local/share/virtualenvs/airflow_sandbox-vp-HKq_L/lib/python3.10/site-packages/airflow/example_dags/example_branch_operator_decorator.py
[2024-02-14T09:16:45.879+0000] {processor.py:840} INFO - DAG(s) 'example_branch_python_operator_decorator' retrieved from /home/codespace/.local/share/virtualenvs/airflow_sandbox-vp-HKq_L/lib/python3.10/site-packages/airflow/example_dags/example_branch_operator_decorator.py
[2024-02-14T09:16:45.898+0000] {logging_mixin.py:188} INFO - [2024-02-14T09:16:45.898+0000] {dag.py:3033} INFO - Sync 1 DAGs
[2024-02-14T09:16:45.915+0000] {logging_mixin.py:188} INFO - [2024-02-14T09:16:45.914+0000] {dag.py:3820} INFO - Setting next_dagrun for example_branch_python_operator_decorator to 2024-02-13T00:00:00+00:00, run_after=2024-02-14T00:00:00+00:00
[2024-02-14T09:16:45.961+0000] {processor.py:183} INFO - Processing /home/codespace/.local/share/virtualenvs/airflow_sandbox-vp-HKq_L/lib/python3.10/site-packages/airflow/example_dags/example_branch_operator_decorator.py took 0.101 seconds
[2024-02-14T09:17:38.743+0000] {processor.py:161} INFO - Started process (PID=10462) to work on /home/codespace/.local/share/virtualenvs/airflow_sandbox-vp-HKq_L/lib/python3.10/site-packages/airflow/example_dags/example_branch_operator_decorator.py
[2024-02-14T09:17:38.744+0000] {processor.py:830} INFO - Processing file /home/codespace/.local/share/virtualenvs/airflow_sandbox-vp-HKq_L/lib/python3.10/site-packages/airflow/example_dags/example_branch_operator_decorator.py for tasks to queue
[2024-02-14T09:17:38.745+0000] {logging_mixin.py:188} INFO - [2024-02-14T09:17:38.744+0000] {dagbag.py:538} INFO - Filling up the DagBag from /home/codespace/.local/share/virtualenvs/airflow_sandbox-vp-HKq_L/lib/python3.10/site-packages/airflow/example_dags/example_branch_operator_decorator.py
[2024-02-14T09:17:38.760+0000] {processor.py:840} INFO - DAG(s) 'example_branch_python_operator_decorator' retrieved from /home/codespace/.local/share/virtualenvs/airflow_sandbox-vp-HKq_L/lib/python3.10/site-packages/airflow/example_dags/example_branch_operator_decorator.py
[2024-02-14T09:17:38.778+0000] {logging_mixin.py:188} INFO - [2024-02-14T09:17:38.778+0000] {dag.py:3033} INFO - Sync 1 DAGs
[2024-02-14T09:17:38.795+0000] {logging_mixin.py:188} INFO - [2024-02-14T09:17:38.795+0000] {dag.py:3820} INFO - Setting next_dagrun for example_branch_python_operator_decorator to 2024-02-13T00:00:00+00:00, run_after=2024-02-14T00:00:00+00:00
[2024-02-14T09:17:38.836+0000] {processor.py:183} INFO - Processing /home/codespace/.local/share/virtualenvs/airflow_sandbox-vp-HKq_L/lib/python3.10/site-packages/airflow/example_dags/example_branch_operator_decorator.py took 0.095 seconds
[2024-02-14T09:18:30.621+0000] {processor.py:161} INFO - Started process (PID=10838) to work on /home/codespace/.local/share/virtualenvs/airflow_sandbox-vp-HKq_L/lib/python3.10/site-packages/airflow/example_dags/example_branch_operator_decorator.py
[2024-02-14T09:18:30.622+0000] {processor.py:830} INFO - Processing file /home/codespace/.local/share/virtualenvs/airflow_sandbox-vp-HKq_L/lib/python3.10/site-packages/airflow/example_dags/example_branch_operator_decorator.py for tasks to queue
[2024-02-14T09:18:30.623+0000] {logging_mixin.py:188} INFO - [2024-02-14T09:18:30.623+0000] {dagbag.py:538} INFO - Filling up the DagBag from /home/codespace/.local/share/virtualenvs/airflow_sandbox-vp-HKq_L/lib/python3.10/site-packages/airflow/example_dags/example_branch_operator_decorator.py
[2024-02-14T09:18:30.640+0000] {processor.py:840} INFO - DAG(s) 'example_branch_python_operator_decorator' retrieved from /home/codespace/.local/share/virtualenvs/airflow_sandbox-vp-HKq_L/lib/python3.10/site-packages/airflow/example_dags/example_branch_operator_decorator.py
[2024-02-14T09:18:30.659+0000] {logging_mixin.py:188} INFO - [2024-02-14T09:18:30.658+0000] {dag.py:3033} INFO - Sync 1 DAGs
[2024-02-14T09:18:30.677+0000] {logging_mixin.py:188} INFO - [2024-02-14T09:18:30.677+0000] {dag.py:3820} INFO - Setting next_dagrun for example_branch_python_operator_decorator to 2024-02-13T00:00:00+00:00, run_after=2024-02-14T00:00:00+00:00
[2024-02-14T09:18:30.734+0000] {processor.py:183} INFO - Processing /home/codespace/.local/share/virtualenvs/airflow_sandbox-vp-HKq_L/lib/python3.10/site-packages/airflow/example_dags/example_branch_operator_decorator.py took 0.115 seconds
[2024-02-14T09:19:24.452+0000] {processor.py:161} INFO - Started process (PID=11221) to work on /home/codespace/.local/share/virtualenvs/airflow_sandbox-vp-HKq_L/lib/python3.10/site-packages/airflow/example_dags/example_branch_operator_decorator.py
[2024-02-14T09:19:24.453+0000] {processor.py:830} INFO - Processing file /home/codespace/.local/share/virtualenvs/airflow_sandbox-vp-HKq_L/lib/python3.10/site-packages/airflow/example_dags/example_branch_operator_decorator.py for tasks to queue
[2024-02-14T09:19:24.454+0000] {logging_mixin.py:188} INFO - [2024-02-14T09:19:24.453+0000] {dagbag.py:538} INFO - Filling up the DagBag from /home/codespace/.local/share/virtualenvs/airflow_sandbox-vp-HKq_L/lib/python3.10/site-packages/airflow/example_dags/example_branch_operator_decorator.py
[2024-02-14T09:19:24.480+0000] {processor.py:840} INFO - DAG(s) 'example_branch_python_operator_decorator' retrieved from /home/codespace/.local/share/virtualenvs/airflow_sandbox-vp-HKq_L/lib/python3.10/site-packages/airflow/example_dags/example_branch_operator_decorator.py
[2024-02-14T09:19:24.515+0000] {logging_mixin.py:188} INFO - [2024-02-14T09:19:24.515+0000] {dag.py:3033} INFO - Sync 1 DAGs
[2024-02-14T09:19:24.547+0000] {logging_mixin.py:188} INFO - [2024-02-14T09:19:24.547+0000] {dag.py:3820} INFO - Setting next_dagrun for example_branch_python_operator_decorator to 2024-02-13T00:00:00+00:00, run_after=2024-02-14T00:00:00+00:00
[2024-02-14T09:19:24.601+0000] {processor.py:183} INFO - Processing /home/codespace/.local/share/virtualenvs/airflow_sandbox-vp-HKq_L/lib/python3.10/site-packages/airflow/example_dags/example_branch_operator_decorator.py took 0.153 seconds
[2024-02-14T09:20:20.746+0000] {processor.py:161} INFO - Started process (PID=11638) to work on /home/codespace/.local/share/virtualenvs/airflow_sandbox-vp-HKq_L/lib/python3.10/site-packages/airflow/example_dags/example_branch_operator_decorator.py
[2024-02-14T09:20:20.747+0000] {processor.py:830} INFO - Processing file /home/codespace/.local/share/virtualenvs/airflow_sandbox-vp-HKq_L/lib/python3.10/site-packages/airflow/example_dags/example_branch_operator_decorator.py for tasks to queue
[2024-02-14T09:20:20.747+0000] {logging_mixin.py:188} INFO - [2024-02-14T09:20:20.747+0000] {dagbag.py:538} INFO - Filling up the DagBag from /home/codespace/.local/share/virtualenvs/airflow_sandbox-vp-HKq_L/lib/python3.10/site-packages/airflow/example_dags/example_branch_operator_decorator.py
[2024-02-14T09:20:20.764+0000] {processor.py:840} INFO - DAG(s) 'example_branch_python_operator_decorator' retrieved from /home/codespace/.local/share/virtualenvs/airflow_sandbox-vp-HKq_L/lib/python3.10/site-packages/airflow/example_dags/example_branch_operator_decorator.py
[2024-02-14T09:20:20.783+0000] {logging_mixin.py:188} INFO - [2024-02-14T09:20:20.783+0000] {dag.py:3033} INFO - Sync 1 DAGs
[2024-02-14T09:20:20.802+0000] {logging_mixin.py:188} INFO - [2024-02-14T09:20:20.801+0000] {dag.py:3820} INFO - Setting next_dagrun for example_branch_python_operator_decorator to 2024-02-13T00:00:00+00:00, run_after=2024-02-14T00:00:00+00:00
[2024-02-14T09:20:20.845+0000] {processor.py:183} INFO - Processing /home/codespace/.local/share/virtualenvs/airflow_sandbox-vp-HKq_L/lib/python3.10/site-packages/airflow/example_dags/example_branch_operator_decorator.py took 0.102 seconds
[2024-02-14T09:21:09.283+0000] {processor.py:161} INFO - Started process (PID=12467) to work on /home/codespace/.local/share/virtualenvs/airflow_sandbox-vp-HKq_L/lib/python3.10/site-packages/airflow/example_dags/example_branch_operator_decorator.py
[2024-02-14T09:21:09.284+0000] {processor.py:830} INFO - Processing file /home/codespace/.local/share/virtualenvs/airflow_sandbox-vp-HKq_L/lib/python3.10/site-packages/airflow/example_dags/example_branch_operator_decorator.py for tasks to queue
[2024-02-14T09:21:09.285+0000] {logging_mixin.py:188} INFO - [2024-02-14T09:21:09.284+0000] {dagbag.py:538} INFO - Filling up the DagBag from /home/codespace/.local/share/virtualenvs/airflow_sandbox-vp-HKq_L/lib/python3.10/site-packages/airflow/example_dags/example_branch_operator_decorator.py
[2024-02-14T09:21:09.300+0000] {processor.py:840} INFO - DAG(s) 'example_branch_python_operator_decorator' retrieved from /home/codespace/.local/share/virtualenvs/airflow_sandbox-vp-HKq_L/lib/python3.10/site-packages/airflow/example_dags/example_branch_operator_decorator.py
[2024-02-14T09:21:09.318+0000] {logging_mixin.py:188} INFO - [2024-02-14T09:21:09.318+0000] {dag.py:3033} INFO - Sync 1 DAGs
[2024-02-14T09:21:09.336+0000] {logging_mixin.py:188} INFO - [2024-02-14T09:21:09.336+0000] {dag.py:3820} INFO - Setting next_dagrun for example_branch_python_operator_decorator to 2024-02-13T00:00:00+00:00, run_after=2024-02-14T00:00:00+00:00
[2024-02-14T09:21:09.383+0000] {processor.py:183} INFO - Processing /home/codespace/.local/share/virtualenvs/airflow_sandbox-vp-HKq_L/lib/python3.10/site-packages/airflow/example_dags/example_branch_operator_decorator.py took 0.103 seconds
[2024-02-14T09:22:03.952+0000] {processor.py:161} INFO - Started process (PID=12849) to work on /home/codespace/.local/share/virtualenvs/airflow_sandbox-vp-HKq_L/lib/python3.10/site-packages/airflow/example_dags/example_branch_operator_decorator.py
[2024-02-14T09:22:03.953+0000] {processor.py:830} INFO - Processing file /home/codespace/.local/share/virtualenvs/airflow_sandbox-vp-HKq_L/lib/python3.10/site-packages/airflow/example_dags/example_branch_operator_decorator.py for tasks to queue
[2024-02-14T09:22:03.954+0000] {logging_mixin.py:188} INFO - [2024-02-14T09:22:03.953+0000] {dagbag.py:538} INFO - Filling up the DagBag from /home/codespace/.local/share/virtualenvs/airflow_sandbox-vp-HKq_L/lib/python3.10/site-packages/airflow/example_dags/example_branch_operator_decorator.py
[2024-02-14T09:22:03.969+0000] {processor.py:840} INFO - DAG(s) 'example_branch_python_operator_decorator' retrieved from /home/codespace/.local/share/virtualenvs/airflow_sandbox-vp-HKq_L/lib/python3.10/site-packages/airflow/example_dags/example_branch_operator_decorator.py
[2024-02-14T09:22:03.987+0000] {logging_mixin.py:188} INFO - [2024-02-14T09:22:03.987+0000] {dag.py:3033} INFO - Sync 1 DAGs
[2024-02-14T09:22:04.003+0000] {logging_mixin.py:188} INFO - [2024-02-14T09:22:04.003+0000] {dag.py:3820} INFO - Setting next_dagrun for example_branch_python_operator_decorator to 2024-02-13T00:00:00+00:00, run_after=2024-02-14T00:00:00+00:00
[2024-02-14T09:22:04.043+0000] {processor.py:183} INFO - Processing /home/codespace/.local/share/virtualenvs/airflow_sandbox-vp-HKq_L/lib/python3.10/site-packages/airflow/example_dags/example_branch_operator_decorator.py took 0.093 seconds
[2024-02-14T09:23:02.616+0000] {processor.py:161} INFO - Started process (PID=13298) to work on /home/codespace/.local/share/virtualenvs/airflow_sandbox-vp-HKq_L/lib/python3.10/site-packages/airflow/example_dags/example_branch_operator_decorator.py
[2024-02-14T09:23:02.616+0000] {processor.py:830} INFO - Processing file /home/codespace/.local/share/virtualenvs/airflow_sandbox-vp-HKq_L/lib/python3.10/site-packages/airflow/example_dags/example_branch_operator_decorator.py for tasks to queue
[2024-02-14T09:23:02.617+0000] {logging_mixin.py:188} INFO - [2024-02-14T09:23:02.617+0000] {dagbag.py:538} INFO - Filling up the DagBag from /home/codespace/.local/share/virtualenvs/airflow_sandbox-vp-HKq_L/lib/python3.10/site-packages/airflow/example_dags/example_branch_operator_decorator.py
[2024-02-14T09:23:02.634+0000] {processor.py:840} INFO - DAG(s) 'example_branch_python_operator_decorator' retrieved from /home/codespace/.local/share/virtualenvs/airflow_sandbox-vp-HKq_L/lib/python3.10/site-packages/airflow/example_dags/example_branch_operator_decorator.py
[2024-02-14T09:23:02.652+0000] {logging_mixin.py:188} INFO - [2024-02-14T09:23:02.652+0000] {dag.py:3033} INFO - Sync 1 DAGs
[2024-02-14T09:23:02.668+0000] {logging_mixin.py:188} INFO - [2024-02-14T09:23:02.668+0000] {dag.py:3820} INFO - Setting next_dagrun for example_branch_python_operator_decorator to 2024-02-13T00:00:00+00:00, run_after=2024-02-14T00:00:00+00:00
[2024-02-14T09:23:02.716+0000] {processor.py:183} INFO - Processing /home/codespace/.local/share/virtualenvs/airflow_sandbox-vp-HKq_L/lib/python3.10/site-packages/airflow/example_dags/example_branch_operator_decorator.py took 0.102 seconds
[2024-02-14T09:23:58.546+0000] {processor.py:161} INFO - Started process (PID=13669) to work on /home/codespace/.local/share/virtualenvs/airflow_sandbox-vp-HKq_L/lib/python3.10/site-packages/airflow/example_dags/example_branch_operator_decorator.py
[2024-02-14T09:23:58.547+0000] {processor.py:830} INFO - Processing file /home/codespace/.local/share/virtualenvs/airflow_sandbox-vp-HKq_L/lib/python3.10/site-packages/airflow/example_dags/example_branch_operator_decorator.py for tasks to queue
[2024-02-14T09:23:58.548+0000] {logging_mixin.py:188} INFO - [2024-02-14T09:23:58.547+0000] {dagbag.py:538} INFO - Filling up the DagBag from /home/codespace/.local/share/virtualenvs/airflow_sandbox-vp-HKq_L/lib/python3.10/site-packages/airflow/example_dags/example_branch_operator_decorator.py
[2024-02-14T09:23:58.563+0000] {processor.py:840} INFO - DAG(s) 'example_branch_python_operator_decorator' retrieved from /home/codespace/.local/share/virtualenvs/airflow_sandbox-vp-HKq_L/lib/python3.10/site-packages/airflow/example_dags/example_branch_operator_decorator.py
[2024-02-14T09:23:58.581+0000] {logging_mixin.py:188} INFO - [2024-02-14T09:23:58.581+0000] {dag.py:3033} INFO - Sync 1 DAGs
[2024-02-14T09:23:58.598+0000] {logging_mixin.py:188} INFO - [2024-02-14T09:23:58.598+0000] {dag.py:3820} INFO - Setting next_dagrun for example_branch_python_operator_decorator to 2024-02-13T00:00:00+00:00, run_after=2024-02-14T00:00:00+00:00
[2024-02-14T09:23:58.644+0000] {processor.py:183} INFO - Processing /home/codespace/.local/share/virtualenvs/airflow_sandbox-vp-HKq_L/lib/python3.10/site-packages/airflow/example_dags/example_branch_operator_decorator.py took 0.100 seconds
[2024-02-14T09:24:56.453+0000] {processor.py:161} INFO - Started process (PID=14080) to work on /home/codespace/.local/share/virtualenvs/airflow_sandbox-vp-HKq_L/lib/python3.10/site-packages/airflow/example_dags/example_branch_operator_decorator.py
[2024-02-14T09:24:56.454+0000] {processor.py:830} INFO - Processing file /home/codespace/.local/share/virtualenvs/airflow_sandbox-vp-HKq_L/lib/python3.10/site-packages/airflow/example_dags/example_branch_operator_decorator.py for tasks to queue
[2024-02-14T09:24:56.454+0000] {logging_mixin.py:188} INFO - [2024-02-14T09:24:56.454+0000] {dagbag.py:538} INFO - Filling up the DagBag from /home/codespace/.local/share/virtualenvs/airflow_sandbox-vp-HKq_L/lib/python3.10/site-packages/airflow/example_dags/example_branch_operator_decorator.py
[2024-02-14T09:24:56.470+0000] {processor.py:840} INFO - DAG(s) 'example_branch_python_operator_decorator' retrieved from /home/codespace/.local/share/virtualenvs/airflow_sandbox-vp-HKq_L/lib/python3.10/site-packages/airflow/example_dags/example_branch_operator_decorator.py
[2024-02-14T09:24:56.489+0000] {logging_mixin.py:188} INFO - [2024-02-14T09:24:56.489+0000] {dag.py:3033} INFO - Sync 1 DAGs
[2024-02-14T09:24:56.507+0000] {logging_mixin.py:188} INFO - [2024-02-14T09:24:56.507+0000] {dag.py:3820} INFO - Setting next_dagrun for example_branch_python_operator_decorator to 2024-02-13T00:00:00+00:00, run_after=2024-02-14T00:00:00+00:00
[2024-02-14T09:24:56.551+0000] {processor.py:183} INFO - Processing /home/codespace/.local/share/virtualenvs/airflow_sandbox-vp-HKq_L/lib/python3.10/site-packages/airflow/example_dags/example_branch_operator_decorator.py took 0.101 seconds
[2024-02-14T09:25:49.625+0000] {processor.py:161} INFO - Started process (PID=14443) to work on /home/codespace/.local/share/virtualenvs/airflow_sandbox-vp-HKq_L/lib/python3.10/site-packages/airflow/example_dags/example_branch_operator_decorator.py
[2024-02-14T09:25:49.626+0000] {processor.py:830} INFO - Processing file /home/codespace/.local/share/virtualenvs/airflow_sandbox-vp-HKq_L/lib/python3.10/site-packages/airflow/example_dags/example_branch_operator_decorator.py for tasks to queue
[2024-02-14T09:25:49.626+0000] {logging_mixin.py:188} INFO - [2024-02-14T09:25:49.626+0000] {dagbag.py:538} INFO - Filling up the DagBag from /home/codespace/.local/share/virtualenvs/airflow_sandbox-vp-HKq_L/lib/python3.10/site-packages/airflow/example_dags/example_branch_operator_decorator.py
[2024-02-14T09:25:49.642+0000] {processor.py:840} INFO - DAG(s) 'example_branch_python_operator_decorator' retrieved from /home/codespace/.local/share/virtualenvs/airflow_sandbox-vp-HKq_L/lib/python3.10/site-packages/airflow/example_dags/example_branch_operator_decorator.py
[2024-02-14T09:25:49.672+0000] {logging_mixin.py:188} INFO - [2024-02-14T09:25:49.671+0000] {dag.py:3033} INFO - Sync 1 DAGs
[2024-02-14T09:25:49.692+0000] {logging_mixin.py:188} INFO - [2024-02-14T09:25:49.692+0000] {dag.py:3820} INFO - Setting next_dagrun for example_branch_python_operator_decorator to 2024-02-13T00:00:00+00:00, run_after=2024-02-14T00:00:00+00:00
[2024-02-14T09:25:49.739+0000] {processor.py:183} INFO - Processing /home/codespace/.local/share/virtualenvs/airflow_sandbox-vp-HKq_L/lib/python3.10/site-packages/airflow/example_dags/example_branch_operator_decorator.py took 0.116 seconds
[2024-02-14T09:26:41.145+0000] {processor.py:161} INFO - Started process (PID=14791) to work on /home/codespace/.local/share/virtualenvs/airflow_sandbox-vp-HKq_L/lib/python3.10/site-packages/airflow/example_dags/example_branch_operator_decorator.py
[2024-02-14T09:26:41.145+0000] {processor.py:830} INFO - Processing file /home/codespace/.local/share/virtualenvs/airflow_sandbox-vp-HKq_L/lib/python3.10/site-packages/airflow/example_dags/example_branch_operator_decorator.py for tasks to queue
[2024-02-14T09:26:41.146+0000] {logging_mixin.py:188} INFO - [2024-02-14T09:26:41.146+0000] {dagbag.py:538} INFO - Filling up the DagBag from /home/codespace/.local/share/virtualenvs/airflow_sandbox-vp-HKq_L/lib/python3.10/site-packages/airflow/example_dags/example_branch_operator_decorator.py
[2024-02-14T09:26:41.161+0000] {processor.py:840} INFO - DAG(s) 'example_branch_python_operator_decorator' retrieved from /home/codespace/.local/share/virtualenvs/airflow_sandbox-vp-HKq_L/lib/python3.10/site-packages/airflow/example_dags/example_branch_operator_decorator.py
[2024-02-14T09:26:41.186+0000] {logging_mixin.py:188} INFO - [2024-02-14T09:26:41.186+0000] {dag.py:3033} INFO - Sync 1 DAGs
[2024-02-14T09:26:41.203+0000] {logging_mixin.py:188} INFO - [2024-02-14T09:26:41.203+0000] {dag.py:3820} INFO - Setting next_dagrun for example_branch_python_operator_decorator to 2024-02-13T00:00:00+00:00, run_after=2024-02-14T00:00:00+00:00
[2024-02-14T09:26:41.245+0000] {processor.py:183} INFO - Processing /home/codespace/.local/share/virtualenvs/airflow_sandbox-vp-HKq_L/lib/python3.10/site-packages/airflow/example_dags/example_branch_operator_decorator.py took 0.103 seconds
[2024-02-14T09:27:37.703+0000] {processor.py:161} INFO - Started process (PID=15221) to work on /home/codespace/.local/share/virtualenvs/airflow_sandbox-vp-HKq_L/lib/python3.10/site-packages/airflow/example_dags/example_branch_operator_decorator.py
[2024-02-14T09:27:37.703+0000] {processor.py:830} INFO - Processing file /home/codespace/.local/share/virtualenvs/airflow_sandbox-vp-HKq_L/lib/python3.10/site-packages/airflow/example_dags/example_branch_operator_decorator.py for tasks to queue
[2024-02-14T09:27:37.704+0000] {logging_mixin.py:188} INFO - [2024-02-14T09:27:37.704+0000] {dagbag.py:538} INFO - Filling up the DagBag from /home/codespace/.local/share/virtualenvs/airflow_sandbox-vp-HKq_L/lib/python3.10/site-packages/airflow/example_dags/example_branch_operator_decorator.py
[2024-02-14T09:27:37.720+0000] {processor.py:840} INFO - DAG(s) 'example_branch_python_operator_decorator' retrieved from /home/codespace/.local/share/virtualenvs/airflow_sandbox-vp-HKq_L/lib/python3.10/site-packages/airflow/example_dags/example_branch_operator_decorator.py
[2024-02-14T09:27:37.738+0000] {logging_mixin.py:188} INFO - [2024-02-14T09:27:37.738+0000] {dag.py:3033} INFO - Sync 1 DAGs
[2024-02-14T09:27:37.755+0000] {logging_mixin.py:188} INFO - [2024-02-14T09:27:37.755+0000] {dag.py:3820} INFO - Setting next_dagrun for example_branch_python_operator_decorator to 2024-02-13T00:00:00+00:00, run_after=2024-02-14T00:00:00+00:00
[2024-02-14T09:27:37.802+0000] {processor.py:183} INFO - Processing /home/codespace/.local/share/virtualenvs/airflow_sandbox-vp-HKq_L/lib/python3.10/site-packages/airflow/example_dags/example_branch_operator_decorator.py took 0.101 seconds
[2024-02-14T09:28:31.700+0000] {processor.py:161} INFO - Started process (PID=15597) to work on /home/codespace/.local/share/virtualenvs/airflow_sandbox-vp-HKq_L/lib/python3.10/site-packages/airflow/example_dags/example_branch_operator_decorator.py
[2024-02-14T09:28:31.701+0000] {processor.py:830} INFO - Processing file /home/codespace/.local/share/virtualenvs/airflow_sandbox-vp-HKq_L/lib/python3.10/site-packages/airflow/example_dags/example_branch_operator_decorator.py for tasks to queue
[2024-02-14T09:28:31.702+0000] {logging_mixin.py:188} INFO - [2024-02-14T09:28:31.702+0000] {dagbag.py:538} INFO - Filling up the DagBag from /home/codespace/.local/share/virtualenvs/airflow_sandbox-vp-HKq_L/lib/python3.10/site-packages/airflow/example_dags/example_branch_operator_decorator.py
[2024-02-14T09:28:31.718+0000] {processor.py:840} INFO - DAG(s) 'example_branch_python_operator_decorator' retrieved from /home/codespace/.local/share/virtualenvs/airflow_sandbox-vp-HKq_L/lib/python3.10/site-packages/airflow/example_dags/example_branch_operator_decorator.py
[2024-02-14T09:28:31.736+0000] {logging_mixin.py:188} INFO - [2024-02-14T09:28:31.736+0000] {dag.py:3033} INFO - Sync 1 DAGs
[2024-02-14T09:28:31.752+0000] {logging_mixin.py:188} INFO - [2024-02-14T09:28:31.752+0000] {dag.py:3820} INFO - Setting next_dagrun for example_branch_python_operator_decorator to 2024-02-13T00:00:00+00:00, run_after=2024-02-14T00:00:00+00:00
[2024-02-14T09:28:31.796+0000] {processor.py:183} INFO - Processing /home/codespace/.local/share/virtualenvs/airflow_sandbox-vp-HKq_L/lib/python3.10/site-packages/airflow/example_dags/example_branch_operator_decorator.py took 0.098 seconds
[2024-02-14T09:29:24.841+0000] {processor.py:161} INFO - Started process (PID=16113) to work on /home/codespace/.local/share/virtualenvs/airflow_sandbox-vp-HKq_L/lib/python3.10/site-packages/airflow/example_dags/example_branch_operator_decorator.py
[2024-02-14T09:29:24.842+0000] {processor.py:830} INFO - Processing file /home/codespace/.local/share/virtualenvs/airflow_sandbox-vp-HKq_L/lib/python3.10/site-packages/airflow/example_dags/example_branch_operator_decorator.py for tasks to queue
[2024-02-14T09:29:24.843+0000] {logging_mixin.py:188} INFO - [2024-02-14T09:29:24.842+0000] {dagbag.py:538} INFO - Filling up the DagBag from /home/codespace/.local/share/virtualenvs/airflow_sandbox-vp-HKq_L/lib/python3.10/site-packages/airflow/example_dags/example_branch_operator_decorator.py
[2024-02-14T09:29:24.858+0000] {processor.py:840} INFO - DAG(s) 'example_branch_python_operator_decorator' retrieved from /home/codespace/.local/share/virtualenvs/airflow_sandbox-vp-HKq_L/lib/python3.10/site-packages/airflow/example_dags/example_branch_operator_decorator.py
[2024-02-14T09:29:24.879+0000] {logging_mixin.py:188} INFO - [2024-02-14T09:29:24.879+0000] {dag.py:3033} INFO - Sync 1 DAGs
[2024-02-14T09:29:24.897+0000] {logging_mixin.py:188} INFO - [2024-02-14T09:29:24.897+0000] {dag.py:3820} INFO - Setting next_dagrun for example_branch_python_operator_decorator to 2024-02-13T00:00:00+00:00, run_after=2024-02-14T00:00:00+00:00
[2024-02-14T09:29:24.942+0000] {processor.py:183} INFO - Processing /home/codespace/.local/share/virtualenvs/airflow_sandbox-vp-HKq_L/lib/python3.10/site-packages/airflow/example_dags/example_branch_operator_decorator.py took 0.103 seconds
[2024-02-14T09:30:17.515+0000] {processor.py:161} INFO - Started process (PID=16497) to work on /home/codespace/.local/share/virtualenvs/airflow_sandbox-vp-HKq_L/lib/python3.10/site-packages/airflow/example_dags/example_branch_operator_decorator.py
[2024-02-14T09:30:17.515+0000] {processor.py:830} INFO - Processing file /home/codespace/.local/share/virtualenvs/airflow_sandbox-vp-HKq_L/lib/python3.10/site-packages/airflow/example_dags/example_branch_operator_decorator.py for tasks to queue
[2024-02-14T09:30:17.516+0000] {logging_mixin.py:188} INFO - [2024-02-14T09:30:17.516+0000] {dagbag.py:538} INFO - Filling up the DagBag from /home/codespace/.local/share/virtualenvs/airflow_sandbox-vp-HKq_L/lib/python3.10/site-packages/airflow/example_dags/example_branch_operator_decorator.py
[2024-02-14T09:30:17.532+0000] {processor.py:840} INFO - DAG(s) 'example_branch_python_operator_decorator' retrieved from /home/codespace/.local/share/virtualenvs/airflow_sandbox-vp-HKq_L/lib/python3.10/site-packages/airflow/example_dags/example_branch_operator_decorator.py
[2024-02-14T09:30:17.551+0000] {logging_mixin.py:188} INFO - [2024-02-14T09:30:17.551+0000] {dag.py:3033} INFO - Sync 1 DAGs
[2024-02-14T09:30:17.568+0000] {logging_mixin.py:188} INFO - [2024-02-14T09:30:17.568+0000] {dag.py:3820} INFO - Setting next_dagrun for example_branch_python_operator_decorator to 2024-02-13T00:00:00+00:00, run_after=2024-02-14T00:00:00+00:00
[2024-02-14T09:30:17.610+0000] {processor.py:183} INFO - Processing /home/codespace/.local/share/virtualenvs/airflow_sandbox-vp-HKq_L/lib/python3.10/site-packages/airflow/example_dags/example_branch_operator_decorator.py took 0.098 seconds
[2024-02-14T09:31:09.152+0000] {processor.py:161} INFO - Started process (PID=16867) to work on /home/codespace/.local/share/virtualenvs/airflow_sandbox-vp-HKq_L/lib/python3.10/site-packages/airflow/example_dags/example_branch_operator_decorator.py
[2024-02-14T09:31:09.152+0000] {processor.py:830} INFO - Processing file /home/codespace/.local/share/virtualenvs/airflow_sandbox-vp-HKq_L/lib/python3.10/site-packages/airflow/example_dags/example_branch_operator_decorator.py for tasks to queue
[2024-02-14T09:31:09.153+0000] {logging_mixin.py:188} INFO - [2024-02-14T09:31:09.153+0000] {dagbag.py:538} INFO - Filling up the DagBag from /home/codespace/.local/share/virtualenvs/airflow_sandbox-vp-HKq_L/lib/python3.10/site-packages/airflow/example_dags/example_branch_operator_decorator.py
[2024-02-14T09:31:09.169+0000] {processor.py:840} INFO - DAG(s) 'example_branch_python_operator_decorator' retrieved from /home/codespace/.local/share/virtualenvs/airflow_sandbox-vp-HKq_L/lib/python3.10/site-packages/airflow/example_dags/example_branch_operator_decorator.py
[2024-02-14T09:31:09.196+0000] {logging_mixin.py:188} INFO - [2024-02-14T09:31:09.196+0000] {dag.py:3033} INFO - Sync 1 DAGs
[2024-02-14T09:31:09.224+0000] {logging_mixin.py:188} INFO - [2024-02-14T09:31:09.223+0000] {dag.py:3820} INFO - Setting next_dagrun for example_branch_python_operator_decorator to 2024-02-13T00:00:00+00:00, run_after=2024-02-14T00:00:00+00:00
[2024-02-14T09:31:09.269+0000] {processor.py:183} INFO - Processing /home/codespace/.local/share/virtualenvs/airflow_sandbox-vp-HKq_L/lib/python3.10/site-packages/airflow/example_dags/example_branch_operator_decorator.py took 0.120 seconds
[2024-02-14T09:32:01.950+0000] {processor.py:161} INFO - Started process (PID=17230) to work on /home/codespace/.local/share/virtualenvs/airflow_sandbox-vp-HKq_L/lib/python3.10/site-packages/airflow/example_dags/example_branch_operator_decorator.py
[2024-02-14T09:32:01.951+0000] {processor.py:830} INFO - Processing file /home/codespace/.local/share/virtualenvs/airflow_sandbox-vp-HKq_L/lib/python3.10/site-packages/airflow/example_dags/example_branch_operator_decorator.py for tasks to queue
[2024-02-14T09:32:01.951+0000] {logging_mixin.py:188} INFO - [2024-02-14T09:32:01.951+0000] {dagbag.py:538} INFO - Filling up the DagBag from /home/codespace/.local/share/virtualenvs/airflow_sandbox-vp-HKq_L/lib/python3.10/site-packages/airflow/example_dags/example_branch_operator_decorator.py
[2024-02-14T09:32:01.967+0000] {processor.py:840} INFO - DAG(s) 'example_branch_python_operator_decorator' retrieved from /home/codespace/.local/share/virtualenvs/airflow_sandbox-vp-HKq_L/lib/python3.10/site-packages/airflow/example_dags/example_branch_operator_decorator.py
[2024-02-14T09:32:01.984+0000] {logging_mixin.py:188} INFO - [2024-02-14T09:32:01.984+0000] {dag.py:3033} INFO - Sync 1 DAGs
[2024-02-14T09:32:02.001+0000] {logging_mixin.py:188} INFO - [2024-02-14T09:32:02.001+0000] {dag.py:3820} INFO - Setting next_dagrun for example_branch_python_operator_decorator to 2024-02-13T00:00:00+00:00, run_after=2024-02-14T00:00:00+00:00
[2024-02-14T09:32:02.047+0000] {processor.py:183} INFO - Processing /home/codespace/.local/share/virtualenvs/airflow_sandbox-vp-HKq_L/lib/python3.10/site-packages/airflow/example_dags/example_branch_operator_decorator.py took 0.100 seconds
[2024-02-14T09:32:55.448+0000] {processor.py:161} INFO - Started process (PID=17631) to work on /home/codespace/.local/share/virtualenvs/airflow_sandbox-vp-HKq_L/lib/python3.10/site-packages/airflow/example_dags/example_branch_operator_decorator.py
[2024-02-14T09:32:55.449+0000] {processor.py:830} INFO - Processing file /home/codespace/.local/share/virtualenvs/airflow_sandbox-vp-HKq_L/lib/python3.10/site-packages/airflow/example_dags/example_branch_operator_decorator.py for tasks to queue
[2024-02-14T09:32:55.450+0000] {logging_mixin.py:188} INFO - [2024-02-14T09:32:55.449+0000] {dagbag.py:538} INFO - Filling up the DagBag from /home/codespace/.local/share/virtualenvs/airflow_sandbox-vp-HKq_L/lib/python3.10/site-packages/airflow/example_dags/example_branch_operator_decorator.py
[2024-02-14T09:32:55.471+0000] {processor.py:840} INFO - DAG(s) 'example_branch_python_operator_decorator' retrieved from /home/codespace/.local/share/virtualenvs/airflow_sandbox-vp-HKq_L/lib/python3.10/site-packages/airflow/example_dags/example_branch_operator_decorator.py
[2024-02-14T09:32:55.496+0000] {logging_mixin.py:188} INFO - [2024-02-14T09:32:55.496+0000] {dag.py:3033} INFO - Sync 1 DAGs
[2024-02-14T09:32:55.517+0000] {logging_mixin.py:188} INFO - [2024-02-14T09:32:55.517+0000] {dag.py:3820} INFO - Setting next_dagrun for example_branch_python_operator_decorator to 2024-02-13T00:00:00+00:00, run_after=2024-02-14T00:00:00+00:00
[2024-02-14T09:32:55.561+0000] {processor.py:183} INFO - Processing /home/codespace/.local/share/virtualenvs/airflow_sandbox-vp-HKq_L/lib/python3.10/site-packages/airflow/example_dags/example_branch_operator_decorator.py took 0.116 seconds
[2024-02-14T09:33:47.009+0000] {processor.py:161} INFO - Started process (PID=17987) to work on /home/codespace/.local/share/virtualenvs/airflow_sandbox-vp-HKq_L/lib/python3.10/site-packages/airflow/example_dags/example_branch_operator_decorator.py
[2024-02-14T09:33:47.010+0000] {processor.py:830} INFO - Processing file /home/codespace/.local/share/virtualenvs/airflow_sandbox-vp-HKq_L/lib/python3.10/site-packages/airflow/example_dags/example_branch_operator_decorator.py for tasks to queue
[2024-02-14T09:33:47.010+0000] {logging_mixin.py:188} INFO - [2024-02-14T09:33:47.010+0000] {dagbag.py:538} INFO - Filling up the DagBag from /home/codespace/.local/share/virtualenvs/airflow_sandbox-vp-HKq_L/lib/python3.10/site-packages/airflow/example_dags/example_branch_operator_decorator.py
[2024-02-14T09:33:47.026+0000] {processor.py:840} INFO - DAG(s) 'example_branch_python_operator_decorator' retrieved from /home/codespace/.local/share/virtualenvs/airflow_sandbox-vp-HKq_L/lib/python3.10/site-packages/airflow/example_dags/example_branch_operator_decorator.py
[2024-02-14T09:33:47.044+0000] {logging_mixin.py:188} INFO - [2024-02-14T09:33:47.044+0000] {dag.py:3033} INFO - Sync 1 DAGs
[2024-02-14T09:33:47.061+0000] {logging_mixin.py:188} INFO - [2024-02-14T09:33:47.060+0000] {dag.py:3820} INFO - Setting next_dagrun for example_branch_python_operator_decorator to 2024-02-13T00:00:00+00:00, run_after=2024-02-14T00:00:00+00:00
[2024-02-14T09:33:47.103+0000] {processor.py:183} INFO - Processing /home/codespace/.local/share/virtualenvs/airflow_sandbox-vp-HKq_L/lib/python3.10/site-packages/airflow/example_dags/example_branch_operator_decorator.py took 0.097 seconds
[2024-02-14T09:34:40.600+0000] {processor.py:161} INFO - Started process (PID=18446) to work on /home/codespace/.local/share/virtualenvs/airflow_sandbox-vp-HKq_L/lib/python3.10/site-packages/airflow/example_dags/example_branch_operator_decorator.py
[2024-02-14T09:34:40.600+0000] {processor.py:830} INFO - Processing file /home/codespace/.local/share/virtualenvs/airflow_sandbox-vp-HKq_L/lib/python3.10/site-packages/airflow/example_dags/example_branch_operator_decorator.py for tasks to queue
[2024-02-14T09:34:40.601+0000] {logging_mixin.py:188} INFO - [2024-02-14T09:34:40.601+0000] {dagbag.py:538} INFO - Filling up the DagBag from /home/codespace/.local/share/virtualenvs/airflow_sandbox-vp-HKq_L/lib/python3.10/site-packages/airflow/example_dags/example_branch_operator_decorator.py
[2024-02-14T09:34:40.618+0000] {processor.py:840} INFO - DAG(s) 'example_branch_python_operator_decorator' retrieved from /home/codespace/.local/share/virtualenvs/airflow_sandbox-vp-HKq_L/lib/python3.10/site-packages/airflow/example_dags/example_branch_operator_decorator.py
[2024-02-14T09:34:40.648+0000] {logging_mixin.py:188} INFO - [2024-02-14T09:34:40.648+0000] {dag.py:3033} INFO - Sync 1 DAGs
[2024-02-14T09:34:40.672+0000] {logging_mixin.py:188} INFO - [2024-02-14T09:34:40.672+0000] {dag.py:3820} INFO - Setting next_dagrun for example_branch_python_operator_decorator to 2024-02-13T00:00:00+00:00, run_after=2024-02-14T00:00:00+00:00
[2024-02-14T09:34:40.720+0000] {processor.py:183} INFO - Processing /home/codespace/.local/share/virtualenvs/airflow_sandbox-vp-HKq_L/lib/python3.10/site-packages/airflow/example_dags/example_branch_operator_decorator.py took 0.123 seconds
