[2024-02-14T09:07:59.995+0000] {processor.py:161} INFO - Started process (PID=4714) to work on /home/codespace/.local/share/virtualenvs/airflow_sandbox-vp-HKq_L/lib/python3.10/site-packages/airflow/example_dags/example_latest_only_with_trigger.py
[2024-02-14T09:07:59.996+0000] {processor.py:830} INFO - Processing file /home/codespace/.local/share/virtualenvs/airflow_sandbox-vp-HKq_L/lib/python3.10/site-packages/airflow/example_dags/example_latest_only_with_trigger.py for tasks to queue
[2024-02-14T09:07:59.997+0000] {logging_mixin.py:188} INFO - [2024-02-14T09:07:59.996+0000] {dagbag.py:538} INFO - Filling up the DagBag from /home/codespace/.local/share/virtualenvs/airflow_sandbox-vp-HKq_L/lib/python3.10/site-packages/airflow/example_dags/example_latest_only_with_trigger.py
[2024-02-14T09:08:00.002+0000] {processor.py:840} INFO - DAG(s) 'latest_only_with_trigger' retrieved from /home/codespace/.local/share/virtualenvs/airflow_sandbox-vp-HKq_L/lib/python3.10/site-packages/airflow/example_dags/example_latest_only_with_trigger.py
[2024-02-14T09:08:00.015+0000] {logging_mixin.py:188} INFO - [2024-02-14T09:08:00.015+0000] {dag.py:3033} INFO - Sync 1 DAGs
[2024-02-14T09:08:00.031+0000] {logging_mixin.py:188} INFO - [2024-02-14T09:08:00.031+0000] {dag.py:3820} INFO - Setting next_dagrun for latest_only_with_trigger to 2024-02-14T04:00:00+00:00, run_after=2024-02-14T08:00:00+00:00
[2024-02-14T09:08:00.076+0000] {processor.py:183} INFO - Processing /home/codespace/.local/share/virtualenvs/airflow_sandbox-vp-HKq_L/lib/python3.10/site-packages/airflow/example_dags/example_latest_only_with_trigger.py took 0.083 seconds
[2024-02-14T09:08:50.253+0000] {processor.py:161} INFO - Started process (PID=5365) to work on /home/codespace/.local/share/virtualenvs/airflow_sandbox-vp-HKq_L/lib/python3.10/site-packages/airflow/example_dags/example_latest_only_with_trigger.py
[2024-02-14T09:08:50.253+0000] {processor.py:830} INFO - Processing file /home/codespace/.local/share/virtualenvs/airflow_sandbox-vp-HKq_L/lib/python3.10/site-packages/airflow/example_dags/example_latest_only_with_trigger.py for tasks to queue
[2024-02-14T09:08:50.254+0000] {logging_mixin.py:188} INFO - [2024-02-14T09:08:50.254+0000] {dagbag.py:538} INFO - Filling up the DagBag from /home/codespace/.local/share/virtualenvs/airflow_sandbox-vp-HKq_L/lib/python3.10/site-packages/airflow/example_dags/example_latest_only_with_trigger.py
[2024-02-14T09:08:50.259+0000] {processor.py:840} INFO - DAG(s) 'latest_only_with_trigger' retrieved from /home/codespace/.local/share/virtualenvs/airflow_sandbox-vp-HKq_L/lib/python3.10/site-packages/airflow/example_dags/example_latest_only_with_trigger.py
[2024-02-14T09:08:50.271+0000] {logging_mixin.py:188} INFO - [2024-02-14T09:08:50.271+0000] {dag.py:3033} INFO - Sync 1 DAGs
[2024-02-14T09:08:50.287+0000] {logging_mixin.py:188} INFO - [2024-02-14T09:08:50.286+0000] {dag.py:3820} INFO - Setting next_dagrun for latest_only_with_trigger to 2024-02-14T04:00:00+00:00, run_after=2024-02-14T08:00:00+00:00
[2024-02-14T09:08:50.326+0000] {processor.py:183} INFO - Processing /home/codespace/.local/share/virtualenvs/airflow_sandbox-vp-HKq_L/lib/python3.10/site-packages/airflow/example_dags/example_latest_only_with_trigger.py took 0.075 seconds
[2024-02-14T09:09:44.746+0000] {processor.py:161} INFO - Started process (PID=6175) to work on /home/codespace/.local/share/virtualenvs/airflow_sandbox-vp-HKq_L/lib/python3.10/site-packages/airflow/example_dags/example_latest_only_with_trigger.py
[2024-02-14T09:09:44.747+0000] {processor.py:830} INFO - Processing file /home/codespace/.local/share/virtualenvs/airflow_sandbox-vp-HKq_L/lib/python3.10/site-packages/airflow/example_dags/example_latest_only_with_trigger.py for tasks to queue
[2024-02-14T09:09:44.747+0000] {logging_mixin.py:188} INFO - [2024-02-14T09:09:44.747+0000] {dagbag.py:538} INFO - Filling up the DagBag from /home/codespace/.local/share/virtualenvs/airflow_sandbox-vp-HKq_L/lib/python3.10/site-packages/airflow/example_dags/example_latest_only_with_trigger.py
[2024-02-14T09:09:44.752+0000] {processor.py:840} INFO - DAG(s) 'latest_only_with_trigger' retrieved from /home/codespace/.local/share/virtualenvs/airflow_sandbox-vp-HKq_L/lib/python3.10/site-packages/airflow/example_dags/example_latest_only_with_trigger.py
[2024-02-14T09:09:44.765+0000] {logging_mixin.py:188} INFO - [2024-02-14T09:09:44.765+0000] {dag.py:3033} INFO - Sync 1 DAGs
[2024-02-14T09:09:44.781+0000] {logging_mixin.py:188} INFO - [2024-02-14T09:09:44.780+0000] {dag.py:3820} INFO - Setting next_dagrun for latest_only_with_trigger to 2024-02-14T04:00:00+00:00, run_after=2024-02-14T08:00:00+00:00
[2024-02-14T09:09:44.825+0000] {processor.py:183} INFO - Processing /home/codespace/.local/share/virtualenvs/airflow_sandbox-vp-HKq_L/lib/python3.10/site-packages/airflow/example_dags/example_latest_only_with_trigger.py took 0.081 seconds
[2024-02-14T09:10:42.041+0000] {processor.py:161} INFO - Started process (PID=6810) to work on /home/codespace/.local/share/virtualenvs/airflow_sandbox-vp-HKq_L/lib/python3.10/site-packages/airflow/example_dags/example_latest_only_with_trigger.py
[2024-02-14T09:10:42.041+0000] {processor.py:830} INFO - Processing file /home/codespace/.local/share/virtualenvs/airflow_sandbox-vp-HKq_L/lib/python3.10/site-packages/airflow/example_dags/example_latest_only_with_trigger.py for tasks to queue
[2024-02-14T09:10:42.042+0000] {logging_mixin.py:188} INFO - [2024-02-14T09:10:42.042+0000] {dagbag.py:538} INFO - Filling up the DagBag from /home/codespace/.local/share/virtualenvs/airflow_sandbox-vp-HKq_L/lib/python3.10/site-packages/airflow/example_dags/example_latest_only_with_trigger.py
[2024-02-14T09:10:42.047+0000] {processor.py:840} INFO - DAG(s) 'latest_only_with_trigger' retrieved from /home/codespace/.local/share/virtualenvs/airflow_sandbox-vp-HKq_L/lib/python3.10/site-packages/airflow/example_dags/example_latest_only_with_trigger.py
[2024-02-14T09:10:42.059+0000] {logging_mixin.py:188} INFO - [2024-02-14T09:10:42.059+0000] {dag.py:3033} INFO - Sync 1 DAGs
[2024-02-14T09:10:42.076+0000] {logging_mixin.py:188} INFO - [2024-02-14T09:10:42.075+0000] {dag.py:3820} INFO - Setting next_dagrun for latest_only_with_trigger to 2024-02-14T04:00:00+00:00, run_after=2024-02-14T08:00:00+00:00
[2024-02-14T09:10:42.120+0000] {processor.py:183} INFO - Processing /home/codespace/.local/share/virtualenvs/airflow_sandbox-vp-HKq_L/lib/python3.10/site-packages/airflow/example_dags/example_latest_only_with_trigger.py took 0.081 seconds
[2024-02-14T09:11:36.341+0000] {processor.py:161} INFO - Started process (PID=7570) to work on /home/codespace/.local/share/virtualenvs/airflow_sandbox-vp-HKq_L/lib/python3.10/site-packages/airflow/example_dags/example_latest_only_with_trigger.py
[2024-02-14T09:11:36.343+0000] {processor.py:830} INFO - Processing file /home/codespace/.local/share/virtualenvs/airflow_sandbox-vp-HKq_L/lib/python3.10/site-packages/airflow/example_dags/example_latest_only_with_trigger.py for tasks to queue
[2024-02-14T09:11:36.344+0000] {logging_mixin.py:188} INFO - [2024-02-14T09:11:36.344+0000] {dagbag.py:538} INFO - Filling up the DagBag from /home/codespace/.local/share/virtualenvs/airflow_sandbox-vp-HKq_L/lib/python3.10/site-packages/airflow/example_dags/example_latest_only_with_trigger.py
[2024-02-14T09:11:36.350+0000] {processor.py:840} INFO - DAG(s) 'latest_only_with_trigger' retrieved from /home/codespace/.local/share/virtualenvs/airflow_sandbox-vp-HKq_L/lib/python3.10/site-packages/airflow/example_dags/example_latest_only_with_trigger.py
[2024-02-14T09:11:36.363+0000] {logging_mixin.py:188} INFO - [2024-02-14T09:11:36.363+0000] {dag.py:3033} INFO - Sync 1 DAGs
[2024-02-14T09:11:36.381+0000] {logging_mixin.py:188} INFO - [2024-02-14T09:11:36.381+0000] {dag.py:3820} INFO - Setting next_dagrun for latest_only_with_trigger to 2024-02-14T04:00:00+00:00, run_after=2024-02-14T08:00:00+00:00
[2024-02-14T09:11:36.423+0000] {processor.py:183} INFO - Processing /home/codespace/.local/share/virtualenvs/airflow_sandbox-vp-HKq_L/lib/python3.10/site-packages/airflow/example_dags/example_latest_only_with_trigger.py took 0.085 seconds
[2024-02-14T09:12:30.395+0000] {processor.py:161} INFO - Started process (PID=8095) to work on /home/codespace/.local/share/virtualenvs/airflow_sandbox-vp-HKq_L/lib/python3.10/site-packages/airflow/example_dags/example_latest_only_with_trigger.py
[2024-02-14T09:12:30.396+0000] {processor.py:830} INFO - Processing file /home/codespace/.local/share/virtualenvs/airflow_sandbox-vp-HKq_L/lib/python3.10/site-packages/airflow/example_dags/example_latest_only_with_trigger.py for tasks to queue
[2024-02-14T09:12:30.397+0000] {logging_mixin.py:188} INFO - [2024-02-14T09:12:30.397+0000] {dagbag.py:538} INFO - Filling up the DagBag from /home/codespace/.local/share/virtualenvs/airflow_sandbox-vp-HKq_L/lib/python3.10/site-packages/airflow/example_dags/example_latest_only_with_trigger.py
[2024-02-14T09:12:30.401+0000] {processor.py:840} INFO - DAG(s) 'latest_only_with_trigger' retrieved from /home/codespace/.local/share/virtualenvs/airflow_sandbox-vp-HKq_L/lib/python3.10/site-packages/airflow/example_dags/example_latest_only_with_trigger.py
[2024-02-14T09:12:30.413+0000] {logging_mixin.py:188} INFO - [2024-02-14T09:12:30.413+0000] {dag.py:3033} INFO - Sync 1 DAGs
[2024-02-14T09:12:30.428+0000] {logging_mixin.py:188} INFO - [2024-02-14T09:12:30.428+0000] {dag.py:3820} INFO - Setting next_dagrun for latest_only_with_trigger to 2024-02-14T04:00:00+00:00, run_after=2024-02-14T08:00:00+00:00
[2024-02-14T09:12:30.471+0000] {processor.py:183} INFO - Processing /home/codespace/.local/share/virtualenvs/airflow_sandbox-vp-HKq_L/lib/python3.10/site-packages/airflow/example_dags/example_latest_only_with_trigger.py took 0.078 seconds
[2024-02-14T09:13:28.029+0000] {processor.py:161} INFO - Started process (PID=8585) to work on /home/codespace/.local/share/virtualenvs/airflow_sandbox-vp-HKq_L/lib/python3.10/site-packages/airflow/example_dags/example_latest_only_with_trigger.py
[2024-02-14T09:13:28.029+0000] {processor.py:830} INFO - Processing file /home/codespace/.local/share/virtualenvs/airflow_sandbox-vp-HKq_L/lib/python3.10/site-packages/airflow/example_dags/example_latest_only_with_trigger.py for tasks to queue
[2024-02-14T09:13:28.030+0000] {logging_mixin.py:188} INFO - [2024-02-14T09:13:28.030+0000] {dagbag.py:538} INFO - Filling up the DagBag from /home/codespace/.local/share/virtualenvs/airflow_sandbox-vp-HKq_L/lib/python3.10/site-packages/airflow/example_dags/example_latest_only_with_trigger.py
[2024-02-14T09:13:28.035+0000] {processor.py:840} INFO - DAG(s) 'latest_only_with_trigger' retrieved from /home/codespace/.local/share/virtualenvs/airflow_sandbox-vp-HKq_L/lib/python3.10/site-packages/airflow/example_dags/example_latest_only_with_trigger.py
[2024-02-14T09:13:28.048+0000] {logging_mixin.py:188} INFO - [2024-02-14T09:13:28.047+0000] {dag.py:3033} INFO - Sync 1 DAGs
[2024-02-14T09:13:28.064+0000] {logging_mixin.py:188} INFO - [2024-02-14T09:13:28.064+0000] {dag.py:3820} INFO - Setting next_dagrun for latest_only_with_trigger to 2024-02-14T04:00:00+00:00, run_after=2024-02-14T08:00:00+00:00
[2024-02-14T09:13:28.104+0000] {processor.py:183} INFO - Processing /home/codespace/.local/share/virtualenvs/airflow_sandbox-vp-HKq_L/lib/python3.10/site-packages/airflow/example_dags/example_latest_only_with_trigger.py took 0.078 seconds
[2024-02-14T09:14:19.216+0000] {processor.py:161} INFO - Started process (PID=9030) to work on /home/codespace/.local/share/virtualenvs/airflow_sandbox-vp-HKq_L/lib/python3.10/site-packages/airflow/example_dags/example_latest_only_with_trigger.py
[2024-02-14T09:14:19.217+0000] {processor.py:830} INFO - Processing file /home/codespace/.local/share/virtualenvs/airflow_sandbox-vp-HKq_L/lib/python3.10/site-packages/airflow/example_dags/example_latest_only_with_trigger.py for tasks to queue
[2024-02-14T09:14:19.218+0000] {logging_mixin.py:188} INFO - [2024-02-14T09:14:19.218+0000] {dagbag.py:538} INFO - Filling up the DagBag from /home/codespace/.local/share/virtualenvs/airflow_sandbox-vp-HKq_L/lib/python3.10/site-packages/airflow/example_dags/example_latest_only_with_trigger.py
[2024-02-14T09:14:19.225+0000] {processor.py:840} INFO - DAG(s) 'latest_only_with_trigger' retrieved from /home/codespace/.local/share/virtualenvs/airflow_sandbox-vp-HKq_L/lib/python3.10/site-packages/airflow/example_dags/example_latest_only_with_trigger.py
[2024-02-14T09:14:19.243+0000] {logging_mixin.py:188} INFO - [2024-02-14T09:14:19.243+0000] {dag.py:3033} INFO - Sync 1 DAGs
[2024-02-14T09:14:19.266+0000] {logging_mixin.py:188} INFO - [2024-02-14T09:14:19.266+0000] {dag.py:3820} INFO - Setting next_dagrun for latest_only_with_trigger to 2024-02-14T04:00:00+00:00, run_after=2024-02-14T08:00:00+00:00
[2024-02-14T09:14:19.308+0000] {processor.py:183} INFO - Processing /home/codespace/.local/share/virtualenvs/airflow_sandbox-vp-HKq_L/lib/python3.10/site-packages/airflow/example_dags/example_latest_only_with_trigger.py took 0.095 seconds
[2024-02-14T09:15:10.708+0000] {processor.py:161} INFO - Started process (PID=9390) to work on /home/codespace/.local/share/virtualenvs/airflow_sandbox-vp-HKq_L/lib/python3.10/site-packages/airflow/example_dags/example_latest_only_with_trigger.py
[2024-02-14T09:15:10.709+0000] {processor.py:830} INFO - Processing file /home/codespace/.local/share/virtualenvs/airflow_sandbox-vp-HKq_L/lib/python3.10/site-packages/airflow/example_dags/example_latest_only_with_trigger.py for tasks to queue
[2024-02-14T09:15:10.710+0000] {logging_mixin.py:188} INFO - [2024-02-14T09:15:10.709+0000] {dagbag.py:538} INFO - Filling up the DagBag from /home/codespace/.local/share/virtualenvs/airflow_sandbox-vp-HKq_L/lib/python3.10/site-packages/airflow/example_dags/example_latest_only_with_trigger.py
[2024-02-14T09:15:10.715+0000] {processor.py:840} INFO - DAG(s) 'latest_only_with_trigger' retrieved from /home/codespace/.local/share/virtualenvs/airflow_sandbox-vp-HKq_L/lib/python3.10/site-packages/airflow/example_dags/example_latest_only_with_trigger.py
[2024-02-14T09:15:10.727+0000] {logging_mixin.py:188} INFO - [2024-02-14T09:15:10.727+0000] {dag.py:3033} INFO - Sync 1 DAGs
[2024-02-14T09:15:10.743+0000] {logging_mixin.py:188} INFO - [2024-02-14T09:15:10.743+0000] {dag.py:3820} INFO - Setting next_dagrun for latest_only_with_trigger to 2024-02-14T04:00:00+00:00, run_after=2024-02-14T08:00:00+00:00
[2024-02-14T09:15:10.783+0000] {processor.py:183} INFO - Processing /home/codespace/.local/share/virtualenvs/airflow_sandbox-vp-HKq_L/lib/python3.10/site-packages/airflow/example_dags/example_latest_only_with_trigger.py took 0.077 seconds
[2024-02-14T09:16:01.380+0000] {processor.py:161} INFO - Started process (PID=9739) to work on /home/codespace/.local/share/virtualenvs/airflow_sandbox-vp-HKq_L/lib/python3.10/site-packages/airflow/example_dags/example_latest_only_with_trigger.py
[2024-02-14T09:16:01.381+0000] {processor.py:830} INFO - Processing file /home/codespace/.local/share/virtualenvs/airflow_sandbox-vp-HKq_L/lib/python3.10/site-packages/airflow/example_dags/example_latest_only_with_trigger.py for tasks to queue
[2024-02-14T09:16:01.381+0000] {logging_mixin.py:188} INFO - [2024-02-14T09:16:01.381+0000] {dagbag.py:538} INFO - Filling up the DagBag from /home/codespace/.local/share/virtualenvs/airflow_sandbox-vp-HKq_L/lib/python3.10/site-packages/airflow/example_dags/example_latest_only_with_trigger.py
[2024-02-14T09:16:01.386+0000] {processor.py:840} INFO - DAG(s) 'latest_only_with_trigger' retrieved from /home/codespace/.local/share/virtualenvs/airflow_sandbox-vp-HKq_L/lib/python3.10/site-packages/airflow/example_dags/example_latest_only_with_trigger.py
[2024-02-14T09:16:01.398+0000] {logging_mixin.py:188} INFO - [2024-02-14T09:16:01.398+0000] {dag.py:3033} INFO - Sync 1 DAGs
[2024-02-14T09:16:01.412+0000] {logging_mixin.py:188} INFO - [2024-02-14T09:16:01.412+0000] {dag.py:3820} INFO - Setting next_dagrun for latest_only_with_trigger to 2024-02-14T04:00:00+00:00, run_after=2024-02-14T08:00:00+00:00
[2024-02-14T09:16:01.453+0000] {processor.py:183} INFO - Processing /home/codespace/.local/share/virtualenvs/airflow_sandbox-vp-HKq_L/lib/python3.10/site-packages/airflow/example_dags/example_latest_only_with_trigger.py took 0.075 seconds
[2024-02-14T09:16:57.436+0000] {processor.py:161} INFO - Started process (PID=10132) to work on /home/codespace/.local/share/virtualenvs/airflow_sandbox-vp-HKq_L/lib/python3.10/site-packages/airflow/example_dags/example_latest_only_with_trigger.py
[2024-02-14T09:16:57.437+0000] {processor.py:830} INFO - Processing file /home/codespace/.local/share/virtualenvs/airflow_sandbox-vp-HKq_L/lib/python3.10/site-packages/airflow/example_dags/example_latest_only_with_trigger.py for tasks to queue
[2024-02-14T09:16:57.437+0000] {logging_mixin.py:188} INFO - [2024-02-14T09:16:57.437+0000] {dagbag.py:538} INFO - Filling up the DagBag from /home/codespace/.local/share/virtualenvs/airflow_sandbox-vp-HKq_L/lib/python3.10/site-packages/airflow/example_dags/example_latest_only_with_trigger.py
[2024-02-14T09:16:57.442+0000] {processor.py:840} INFO - DAG(s) 'latest_only_with_trigger' retrieved from /home/codespace/.local/share/virtualenvs/airflow_sandbox-vp-HKq_L/lib/python3.10/site-packages/airflow/example_dags/example_latest_only_with_trigger.py
[2024-02-14T09:16:57.454+0000] {logging_mixin.py:188} INFO - [2024-02-14T09:16:57.453+0000] {dag.py:3033} INFO - Sync 1 DAGs
[2024-02-14T09:16:57.468+0000] {logging_mixin.py:188} INFO - [2024-02-14T09:16:57.468+0000] {dag.py:3820} INFO - Setting next_dagrun for latest_only_with_trigger to 2024-02-14T04:00:00+00:00, run_after=2024-02-14T08:00:00+00:00
[2024-02-14T09:16:57.509+0000] {processor.py:183} INFO - Processing /home/codespace/.local/share/virtualenvs/airflow_sandbox-vp-HKq_L/lib/python3.10/site-packages/airflow/example_dags/example_latest_only_with_trigger.py took 0.076 seconds
[2024-02-14T09:17:48.045+0000] {processor.py:161} INFO - Started process (PID=10533) to work on /home/codespace/.local/share/virtualenvs/airflow_sandbox-vp-HKq_L/lib/python3.10/site-packages/airflow/example_dags/example_latest_only_with_trigger.py
[2024-02-14T09:17:48.045+0000] {processor.py:830} INFO - Processing file /home/codespace/.local/share/virtualenvs/airflow_sandbox-vp-HKq_L/lib/python3.10/site-packages/airflow/example_dags/example_latest_only_with_trigger.py for tasks to queue
[2024-02-14T09:17:48.046+0000] {logging_mixin.py:188} INFO - [2024-02-14T09:17:48.046+0000] {dagbag.py:538} INFO - Filling up the DagBag from /home/codespace/.local/share/virtualenvs/airflow_sandbox-vp-HKq_L/lib/python3.10/site-packages/airflow/example_dags/example_latest_only_with_trigger.py
[2024-02-14T09:17:48.051+0000] {processor.py:840} INFO - DAG(s) 'latest_only_with_trigger' retrieved from /home/codespace/.local/share/virtualenvs/airflow_sandbox-vp-HKq_L/lib/python3.10/site-packages/airflow/example_dags/example_latest_only_with_trigger.py
[2024-02-14T09:17:48.062+0000] {logging_mixin.py:188} INFO - [2024-02-14T09:17:48.062+0000] {dag.py:3033} INFO - Sync 1 DAGs
[2024-02-14T09:17:48.077+0000] {logging_mixin.py:188} INFO - [2024-02-14T09:17:48.077+0000] {dag.py:3820} INFO - Setting next_dagrun for latest_only_with_trigger to 2024-02-14T04:00:00+00:00, run_after=2024-02-14T08:00:00+00:00
[2024-02-14T09:17:48.118+0000] {processor.py:183} INFO - Processing /home/codespace/.local/share/virtualenvs/airflow_sandbox-vp-HKq_L/lib/python3.10/site-packages/airflow/example_dags/example_latest_only_with_trigger.py took 0.076 seconds
[2024-02-14T09:18:41.074+0000] {processor.py:161} INFO - Started process (PID=10915) to work on /home/codespace/.local/share/virtualenvs/airflow_sandbox-vp-HKq_L/lib/python3.10/site-packages/airflow/example_dags/example_latest_only_with_trigger.py
[2024-02-14T09:18:41.074+0000] {processor.py:830} INFO - Processing file /home/codespace/.local/share/virtualenvs/airflow_sandbox-vp-HKq_L/lib/python3.10/site-packages/airflow/example_dags/example_latest_only_with_trigger.py for tasks to queue
[2024-02-14T09:18:41.075+0000] {logging_mixin.py:188} INFO - [2024-02-14T09:18:41.075+0000] {dagbag.py:538} INFO - Filling up the DagBag from /home/codespace/.local/share/virtualenvs/airflow_sandbox-vp-HKq_L/lib/python3.10/site-packages/airflow/example_dags/example_latest_only_with_trigger.py
[2024-02-14T09:18:41.080+0000] {processor.py:840} INFO - DAG(s) 'latest_only_with_trigger' retrieved from /home/codespace/.local/share/virtualenvs/airflow_sandbox-vp-HKq_L/lib/python3.10/site-packages/airflow/example_dags/example_latest_only_with_trigger.py
[2024-02-14T09:18:41.098+0000] {logging_mixin.py:188} INFO - [2024-02-14T09:18:41.098+0000] {dag.py:3033} INFO - Sync 1 DAGs
[2024-02-14T09:18:41.122+0000] {logging_mixin.py:188} INFO - [2024-02-14T09:18:41.122+0000] {dag.py:3820} INFO - Setting next_dagrun for latest_only_with_trigger to 2024-02-14T04:00:00+00:00, run_after=2024-02-14T08:00:00+00:00
[2024-02-14T09:18:41.174+0000] {processor.py:183} INFO - Processing /home/codespace/.local/share/virtualenvs/airflow_sandbox-vp-HKq_L/lib/python3.10/site-packages/airflow/example_dags/example_latest_only_with_trigger.py took 0.103 seconds
[2024-02-14T09:19:35.757+0000] {processor.py:161} INFO - Started process (PID=11311) to work on /home/codespace/.local/share/virtualenvs/airflow_sandbox-vp-HKq_L/lib/python3.10/site-packages/airflow/example_dags/example_latest_only_with_trigger.py
[2024-02-14T09:19:35.757+0000] {processor.py:830} INFO - Processing file /home/codespace/.local/share/virtualenvs/airflow_sandbox-vp-HKq_L/lib/python3.10/site-packages/airflow/example_dags/example_latest_only_with_trigger.py for tasks to queue
[2024-02-14T09:19:35.758+0000] {logging_mixin.py:188} INFO - [2024-02-14T09:19:35.758+0000] {dagbag.py:538} INFO - Filling up the DagBag from /home/codespace/.local/share/virtualenvs/airflow_sandbox-vp-HKq_L/lib/python3.10/site-packages/airflow/example_dags/example_latest_only_with_trigger.py
[2024-02-14T09:19:35.763+0000] {processor.py:840} INFO - DAG(s) 'latest_only_with_trigger' retrieved from /home/codespace/.local/share/virtualenvs/airflow_sandbox-vp-HKq_L/lib/python3.10/site-packages/airflow/example_dags/example_latest_only_with_trigger.py
[2024-02-14T09:19:35.776+0000] {logging_mixin.py:188} INFO - [2024-02-14T09:19:35.775+0000] {dag.py:3033} INFO - Sync 1 DAGs
[2024-02-14T09:19:35.791+0000] {logging_mixin.py:188} INFO - [2024-02-14T09:19:35.791+0000] {dag.py:3820} INFO - Setting next_dagrun for latest_only_with_trigger to 2024-02-14T04:00:00+00:00, run_after=2024-02-14T08:00:00+00:00
[2024-02-14T09:19:35.831+0000] {processor.py:183} INFO - Processing /home/codespace/.local/share/virtualenvs/airflow_sandbox-vp-HKq_L/lib/python3.10/site-packages/airflow/example_dags/example_latest_only_with_trigger.py took 0.077 seconds
[2024-02-14T09:20:31.200+0000] {processor.py:161} INFO - Started process (PID=12171) to work on /home/codespace/.local/share/virtualenvs/airflow_sandbox-vp-HKq_L/lib/python3.10/site-packages/airflow/example_dags/example_latest_only_with_trigger.py
[2024-02-14T09:20:31.200+0000] {processor.py:830} INFO - Processing file /home/codespace/.local/share/virtualenvs/airflow_sandbox-vp-HKq_L/lib/python3.10/site-packages/airflow/example_dags/example_latest_only_with_trigger.py for tasks to queue
[2024-02-14T09:20:31.201+0000] {logging_mixin.py:188} INFO - [2024-02-14T09:20:31.201+0000] {dagbag.py:538} INFO - Filling up the DagBag from /home/codespace/.local/share/virtualenvs/airflow_sandbox-vp-HKq_L/lib/python3.10/site-packages/airflow/example_dags/example_latest_only_with_trigger.py
[2024-02-14T09:20:31.206+0000] {processor.py:840} INFO - DAG(s) 'latest_only_with_trigger' retrieved from /home/codespace/.local/share/virtualenvs/airflow_sandbox-vp-HKq_L/lib/python3.10/site-packages/airflow/example_dags/example_latest_only_with_trigger.py
[2024-02-14T09:20:31.220+0000] {logging_mixin.py:188} INFO - [2024-02-14T09:20:31.219+0000] {dag.py:3033} INFO - Sync 1 DAGs
[2024-02-14T09:20:31.235+0000] {logging_mixin.py:188} INFO - [2024-02-14T09:20:31.235+0000] {dag.py:3820} INFO - Setting next_dagrun for latest_only_with_trigger to 2024-02-14T04:00:00+00:00, run_after=2024-02-14T08:00:00+00:00
[2024-02-14T09:20:31.282+0000] {processor.py:183} INFO - Processing /home/codespace/.local/share/virtualenvs/airflow_sandbox-vp-HKq_L/lib/python3.10/site-packages/airflow/example_dags/example_latest_only_with_trigger.py took 0.085 seconds
[2024-02-14T09:21:19.718+0000] {processor.py:161} INFO - Started process (PID=12545) to work on /home/codespace/.local/share/virtualenvs/airflow_sandbox-vp-HKq_L/lib/python3.10/site-packages/airflow/example_dags/example_latest_only_with_trigger.py
[2024-02-14T09:21:19.719+0000] {processor.py:830} INFO - Processing file /home/codespace/.local/share/virtualenvs/airflow_sandbox-vp-HKq_L/lib/python3.10/site-packages/airflow/example_dags/example_latest_only_with_trigger.py for tasks to queue
[2024-02-14T09:21:19.720+0000] {logging_mixin.py:188} INFO - [2024-02-14T09:21:19.719+0000] {dagbag.py:538} INFO - Filling up the DagBag from /home/codespace/.local/share/virtualenvs/airflow_sandbox-vp-HKq_L/lib/python3.10/site-packages/airflow/example_dags/example_latest_only_with_trigger.py
[2024-02-14T09:21:19.724+0000] {processor.py:840} INFO - DAG(s) 'latest_only_with_trigger' retrieved from /home/codespace/.local/share/virtualenvs/airflow_sandbox-vp-HKq_L/lib/python3.10/site-packages/airflow/example_dags/example_latest_only_with_trigger.py
[2024-02-14T09:21:19.738+0000] {logging_mixin.py:188} INFO - [2024-02-14T09:21:19.738+0000] {dag.py:3033} INFO - Sync 1 DAGs
[2024-02-14T09:21:19.753+0000] {logging_mixin.py:188} INFO - [2024-02-14T09:21:19.753+0000] {dag.py:3820} INFO - Setting next_dagrun for latest_only_with_trigger to 2024-02-14T04:00:00+00:00, run_after=2024-02-14T08:00:00+00:00
[2024-02-14T09:21:19.793+0000] {processor.py:183} INFO - Processing /home/codespace/.local/share/virtualenvs/airflow_sandbox-vp-HKq_L/lib/python3.10/site-packages/airflow/example_dags/example_latest_only_with_trigger.py took 0.078 seconds
[2024-02-14T09:22:16.262+0000] {processor.py:161} INFO - Started process (PID=12934) to work on /home/codespace/.local/share/virtualenvs/airflow_sandbox-vp-HKq_L/lib/python3.10/site-packages/airflow/example_dags/example_latest_only_with_trigger.py
[2024-02-14T09:22:16.262+0000] {processor.py:830} INFO - Processing file /home/codespace/.local/share/virtualenvs/airflow_sandbox-vp-HKq_L/lib/python3.10/site-packages/airflow/example_dags/example_latest_only_with_trigger.py for tasks to queue
[2024-02-14T09:22:16.263+0000] {logging_mixin.py:188} INFO - [2024-02-14T09:22:16.263+0000] {dagbag.py:538} INFO - Filling up the DagBag from /home/codespace/.local/share/virtualenvs/airflow_sandbox-vp-HKq_L/lib/python3.10/site-packages/airflow/example_dags/example_latest_only_with_trigger.py
[2024-02-14T09:22:16.268+0000] {processor.py:840} INFO - DAG(s) 'latest_only_with_trigger' retrieved from /home/codespace/.local/share/virtualenvs/airflow_sandbox-vp-HKq_L/lib/python3.10/site-packages/airflow/example_dags/example_latest_only_with_trigger.py
[2024-02-14T09:22:16.281+0000] {logging_mixin.py:188} INFO - [2024-02-14T09:22:16.281+0000] {dag.py:3033} INFO - Sync 1 DAGs
[2024-02-14T09:22:16.298+0000] {logging_mixin.py:188} INFO - [2024-02-14T09:22:16.298+0000] {dag.py:3820} INFO - Setting next_dagrun for latest_only_with_trigger to 2024-02-14T04:00:00+00:00, run_after=2024-02-14T08:00:00+00:00
[2024-02-14T09:22:16.345+0000] {processor.py:183} INFO - Processing /home/codespace/.local/share/virtualenvs/airflow_sandbox-vp-HKq_L/lib/python3.10/site-packages/airflow/example_dags/example_latest_only_with_trigger.py took 0.086 seconds
[2024-02-14T09:23:14.094+0000] {processor.py:161} INFO - Started process (PID=13371) to work on /home/codespace/.local/share/virtualenvs/airflow_sandbox-vp-HKq_L/lib/python3.10/site-packages/airflow/example_dags/example_latest_only_with_trigger.py
[2024-02-14T09:23:14.095+0000] {processor.py:830} INFO - Processing file /home/codespace/.local/share/virtualenvs/airflow_sandbox-vp-HKq_L/lib/python3.10/site-packages/airflow/example_dags/example_latest_only_with_trigger.py for tasks to queue
[2024-02-14T09:23:14.096+0000] {logging_mixin.py:188} INFO - [2024-02-14T09:23:14.095+0000] {dagbag.py:538} INFO - Filling up the DagBag from /home/codespace/.local/share/virtualenvs/airflow_sandbox-vp-HKq_L/lib/python3.10/site-packages/airflow/example_dags/example_latest_only_with_trigger.py
[2024-02-14T09:23:14.103+0000] {processor.py:840} INFO - DAG(s) 'latest_only_with_trigger' retrieved from /home/codespace/.local/share/virtualenvs/airflow_sandbox-vp-HKq_L/lib/python3.10/site-packages/airflow/example_dags/example_latest_only_with_trigger.py
[2024-02-14T09:23:14.123+0000] {logging_mixin.py:188} INFO - [2024-02-14T09:23:14.122+0000] {dag.py:3033} INFO - Sync 1 DAGs
[2024-02-14T09:23:14.147+0000] {logging_mixin.py:188} INFO - [2024-02-14T09:23:14.147+0000] {dag.py:3820} INFO - Setting next_dagrun for latest_only_with_trigger to 2024-02-14T04:00:00+00:00, run_after=2024-02-14T08:00:00+00:00
[2024-02-14T09:23:14.196+0000] {processor.py:183} INFO - Processing /home/codespace/.local/share/virtualenvs/airflow_sandbox-vp-HKq_L/lib/python3.10/site-packages/airflow/example_dags/example_latest_only_with_trigger.py took 0.106 seconds
[2024-02-14T09:24:11.590+0000] {processor.py:161} INFO - Started process (PID=13775) to work on /home/codespace/.local/share/virtualenvs/airflow_sandbox-vp-HKq_L/lib/python3.10/site-packages/airflow/example_dags/example_latest_only_with_trigger.py
[2024-02-14T09:24:11.590+0000] {processor.py:830} INFO - Processing file /home/codespace/.local/share/virtualenvs/airflow_sandbox-vp-HKq_L/lib/python3.10/site-packages/airflow/example_dags/example_latest_only_with_trigger.py for tasks to queue
[2024-02-14T09:24:11.591+0000] {logging_mixin.py:188} INFO - [2024-02-14T09:24:11.591+0000] {dagbag.py:538} INFO - Filling up the DagBag from /home/codespace/.local/share/virtualenvs/airflow_sandbox-vp-HKq_L/lib/python3.10/site-packages/airflow/example_dags/example_latest_only_with_trigger.py
[2024-02-14T09:24:11.596+0000] {processor.py:840} INFO - DAG(s) 'latest_only_with_trigger' retrieved from /home/codespace/.local/share/virtualenvs/airflow_sandbox-vp-HKq_L/lib/python3.10/site-packages/airflow/example_dags/example_latest_only_with_trigger.py
[2024-02-14T09:24:11.608+0000] {logging_mixin.py:188} INFO - [2024-02-14T09:24:11.608+0000] {dag.py:3033} INFO - Sync 1 DAGs
[2024-02-14T09:24:11.623+0000] {logging_mixin.py:188} INFO - [2024-02-14T09:24:11.623+0000] {dag.py:3820} INFO - Setting next_dagrun for latest_only_with_trigger to 2024-02-14T04:00:00+00:00, run_after=2024-02-14T08:00:00+00:00
[2024-02-14T09:24:11.668+0000] {processor.py:183} INFO - Processing /home/codespace/.local/share/virtualenvs/airflow_sandbox-vp-HKq_L/lib/python3.10/site-packages/airflow/example_dags/example_latest_only_with_trigger.py took 0.080 seconds
[2024-02-14T09:25:06.566+0000] {processor.py:161} INFO - Started process (PID=14150) to work on /home/codespace/.local/share/virtualenvs/airflow_sandbox-vp-HKq_L/lib/python3.10/site-packages/airflow/example_dags/example_latest_only_with_trigger.py
[2024-02-14T09:25:06.567+0000] {processor.py:830} INFO - Processing file /home/codespace/.local/share/virtualenvs/airflow_sandbox-vp-HKq_L/lib/python3.10/site-packages/airflow/example_dags/example_latest_only_with_trigger.py for tasks to queue
[2024-02-14T09:25:06.568+0000] {logging_mixin.py:188} INFO - [2024-02-14T09:25:06.567+0000] {dagbag.py:538} INFO - Filling up the DagBag from /home/codespace/.local/share/virtualenvs/airflow_sandbox-vp-HKq_L/lib/python3.10/site-packages/airflow/example_dags/example_latest_only_with_trigger.py
[2024-02-14T09:25:06.573+0000] {processor.py:840} INFO - DAG(s) 'latest_only_with_trigger' retrieved from /home/codespace/.local/share/virtualenvs/airflow_sandbox-vp-HKq_L/lib/python3.10/site-packages/airflow/example_dags/example_latest_only_with_trigger.py
[2024-02-14T09:25:06.586+0000] {logging_mixin.py:188} INFO - [2024-02-14T09:25:06.586+0000] {dag.py:3033} INFO - Sync 1 DAGs
[2024-02-14T09:25:06.602+0000] {logging_mixin.py:188} INFO - [2024-02-14T09:25:06.602+0000] {dag.py:3820} INFO - Setting next_dagrun for latest_only_with_trigger to 2024-02-14T04:00:00+00:00, run_after=2024-02-14T08:00:00+00:00
[2024-02-14T09:25:06.652+0000] {processor.py:183} INFO - Processing /home/codespace/.local/share/virtualenvs/airflow_sandbox-vp-HKq_L/lib/python3.10/site-packages/airflow/example_dags/example_latest_only_with_trigger.py took 0.088 seconds
[2024-02-14T09:25:59.459+0000] {processor.py:161} INFO - Started process (PID=14507) to work on /home/codespace/.local/share/virtualenvs/airflow_sandbox-vp-HKq_L/lib/python3.10/site-packages/airflow/example_dags/example_latest_only_with_trigger.py
[2024-02-14T09:25:59.460+0000] {processor.py:830} INFO - Processing file /home/codespace/.local/share/virtualenvs/airflow_sandbox-vp-HKq_L/lib/python3.10/site-packages/airflow/example_dags/example_latest_only_with_trigger.py for tasks to queue
[2024-02-14T09:25:59.461+0000] {logging_mixin.py:188} INFO - [2024-02-14T09:25:59.460+0000] {dagbag.py:538} INFO - Filling up the DagBag from /home/codespace/.local/share/virtualenvs/airflow_sandbox-vp-HKq_L/lib/python3.10/site-packages/airflow/example_dags/example_latest_only_with_trigger.py
[2024-02-14T09:25:59.466+0000] {processor.py:840} INFO - DAG(s) 'latest_only_with_trigger' retrieved from /home/codespace/.local/share/virtualenvs/airflow_sandbox-vp-HKq_L/lib/python3.10/site-packages/airflow/example_dags/example_latest_only_with_trigger.py
[2024-02-14T09:25:59.478+0000] {logging_mixin.py:188} INFO - [2024-02-14T09:25:59.477+0000] {dag.py:3033} INFO - Sync 1 DAGs
[2024-02-14T09:25:59.493+0000] {logging_mixin.py:188} INFO - [2024-02-14T09:25:59.493+0000] {dag.py:3820} INFO - Setting next_dagrun for latest_only_with_trigger to 2024-02-14T04:00:00+00:00, run_after=2024-02-14T08:00:00+00:00
[2024-02-14T09:25:59.535+0000] {processor.py:183} INFO - Processing /home/codespace/.local/share/virtualenvs/airflow_sandbox-vp-HKq_L/lib/python3.10/site-packages/airflow/example_dags/example_latest_only_with_trigger.py took 0.078 seconds
[2024-02-14T09:26:52.761+0000] {processor.py:161} INFO - Started process (PID=14883) to work on /home/codespace/.local/share/virtualenvs/airflow_sandbox-vp-HKq_L/lib/python3.10/site-packages/airflow/example_dags/example_latest_only_with_trigger.py
[2024-02-14T09:26:52.762+0000] {processor.py:830} INFO - Processing file /home/codespace/.local/share/virtualenvs/airflow_sandbox-vp-HKq_L/lib/python3.10/site-packages/airflow/example_dags/example_latest_only_with_trigger.py for tasks to queue
[2024-02-14T09:26:52.762+0000] {logging_mixin.py:188} INFO - [2024-02-14T09:26:52.762+0000] {dagbag.py:538} INFO - Filling up the DagBag from /home/codespace/.local/share/virtualenvs/airflow_sandbox-vp-HKq_L/lib/python3.10/site-packages/airflow/example_dags/example_latest_only_with_trigger.py
[2024-02-14T09:26:52.770+0000] {processor.py:840} INFO - DAG(s) 'latest_only_with_trigger' retrieved from /home/codespace/.local/share/virtualenvs/airflow_sandbox-vp-HKq_L/lib/python3.10/site-packages/airflow/example_dags/example_latest_only_with_trigger.py
[2024-02-14T09:26:52.792+0000] {logging_mixin.py:188} INFO - [2024-02-14T09:26:52.792+0000] {dag.py:3033} INFO - Sync 1 DAGs
[2024-02-14T09:26:52.813+0000] {logging_mixin.py:188} INFO - [2024-02-14T09:26:52.813+0000] {dag.py:3820} INFO - Setting next_dagrun for latest_only_with_trigger to 2024-02-14T04:00:00+00:00, run_after=2024-02-14T08:00:00+00:00
[2024-02-14T09:26:52.882+0000] {processor.py:183} INFO - Processing /home/codespace/.local/share/virtualenvs/airflow_sandbox-vp-HKq_L/lib/python3.10/site-packages/airflow/example_dags/example_latest_only_with_trigger.py took 0.125 seconds
[2024-02-14T09:27:48.753+0000] {processor.py:161} INFO - Started process (PID=15294) to work on /home/codespace/.local/share/virtualenvs/airflow_sandbox-vp-HKq_L/lib/python3.10/site-packages/airflow/example_dags/example_latest_only_with_trigger.py
[2024-02-14T09:27:48.754+0000] {processor.py:830} INFO - Processing file /home/codespace/.local/share/virtualenvs/airflow_sandbox-vp-HKq_L/lib/python3.10/site-packages/airflow/example_dags/example_latest_only_with_trigger.py for tasks to queue
[2024-02-14T09:27:48.754+0000] {logging_mixin.py:188} INFO - [2024-02-14T09:27:48.754+0000] {dagbag.py:538} INFO - Filling up the DagBag from /home/codespace/.local/share/virtualenvs/airflow_sandbox-vp-HKq_L/lib/python3.10/site-packages/airflow/example_dags/example_latest_only_with_trigger.py
[2024-02-14T09:27:48.759+0000] {processor.py:840} INFO - DAG(s) 'latest_only_with_trigger' retrieved from /home/codespace/.local/share/virtualenvs/airflow_sandbox-vp-HKq_L/lib/python3.10/site-packages/airflow/example_dags/example_latest_only_with_trigger.py
[2024-02-14T09:27:48.772+0000] {logging_mixin.py:188} INFO - [2024-02-14T09:27:48.772+0000] {dag.py:3033} INFO - Sync 1 DAGs
[2024-02-14T09:27:48.787+0000] {logging_mixin.py:188} INFO - [2024-02-14T09:27:48.787+0000] {dag.py:3820} INFO - Setting next_dagrun for latest_only_with_trigger to 2024-02-14T04:00:00+00:00, run_after=2024-02-14T08:00:00+00:00
[2024-02-14T09:27:48.829+0000] {processor.py:183} INFO - Processing /home/codespace/.local/share/virtualenvs/airflow_sandbox-vp-HKq_L/lib/python3.10/site-packages/airflow/example_dags/example_latest_only_with_trigger.py took 0.079 seconds
[2024-02-14T09:28:41.873+0000] {processor.py:161} INFO - Started process (PID=15742) to work on /home/codespace/.local/share/virtualenvs/airflow_sandbox-vp-HKq_L/lib/python3.10/site-packages/airflow/example_dags/example_latest_only_with_trigger.py
[2024-02-14T09:28:41.873+0000] {processor.py:830} INFO - Processing file /home/codespace/.local/share/virtualenvs/airflow_sandbox-vp-HKq_L/lib/python3.10/site-packages/airflow/example_dags/example_latest_only_with_trigger.py for tasks to queue
[2024-02-14T09:28:41.874+0000] {logging_mixin.py:188} INFO - [2024-02-14T09:28:41.874+0000] {dagbag.py:538} INFO - Filling up the DagBag from /home/codespace/.local/share/virtualenvs/airflow_sandbox-vp-HKq_L/lib/python3.10/site-packages/airflow/example_dags/example_latest_only_with_trigger.py
[2024-02-14T09:28:41.880+0000] {processor.py:840} INFO - DAG(s) 'latest_only_with_trigger' retrieved from /home/codespace/.local/share/virtualenvs/airflow_sandbox-vp-HKq_L/lib/python3.10/site-packages/airflow/example_dags/example_latest_only_with_trigger.py
[2024-02-14T09:28:41.892+0000] {logging_mixin.py:188} INFO - [2024-02-14T09:28:41.892+0000] {dag.py:3033} INFO - Sync 1 DAGs
[2024-02-14T09:28:41.907+0000] {logging_mixin.py:188} INFO - [2024-02-14T09:28:41.907+0000] {dag.py:3820} INFO - Setting next_dagrun for latest_only_with_trigger to 2024-02-14T04:00:00+00:00, run_after=2024-02-14T08:00:00+00:00
[2024-02-14T09:28:41.951+0000] {processor.py:183} INFO - Processing /home/codespace/.local/share/virtualenvs/airflow_sandbox-vp-HKq_L/lib/python3.10/site-packages/airflow/example_dags/example_latest_only_with_trigger.py took 0.081 seconds
[2024-02-14T09:29:36.196+0000] {processor.py:161} INFO - Started process (PID=16209) to work on /home/codespace/.local/share/virtualenvs/airflow_sandbox-vp-HKq_L/lib/python3.10/site-packages/airflow/example_dags/example_latest_only_with_trigger.py
[2024-02-14T09:29:36.198+0000] {processor.py:830} INFO - Processing file /home/codespace/.local/share/virtualenvs/airflow_sandbox-vp-HKq_L/lib/python3.10/site-packages/airflow/example_dags/example_latest_only_with_trigger.py for tasks to queue
[2024-02-14T09:29:36.199+0000] {logging_mixin.py:188} INFO - [2024-02-14T09:29:36.198+0000] {dagbag.py:538} INFO - Filling up the DagBag from /home/codespace/.local/share/virtualenvs/airflow_sandbox-vp-HKq_L/lib/python3.10/site-packages/airflow/example_dags/example_latest_only_with_trigger.py
[2024-02-14T09:29:36.205+0000] {processor.py:840} INFO - DAG(s) 'latest_only_with_trigger' retrieved from /home/codespace/.local/share/virtualenvs/airflow_sandbox-vp-HKq_L/lib/python3.10/site-packages/airflow/example_dags/example_latest_only_with_trigger.py
[2024-02-14T09:29:36.222+0000] {logging_mixin.py:188} INFO - [2024-02-14T09:29:36.222+0000] {dag.py:3033} INFO - Sync 1 DAGs
[2024-02-14T09:29:36.239+0000] {logging_mixin.py:188} INFO - [2024-02-14T09:29:36.239+0000] {dag.py:3820} INFO - Setting next_dagrun for latest_only_with_trigger to 2024-02-14T04:00:00+00:00, run_after=2024-02-14T08:00:00+00:00
[2024-02-14T09:29:36.283+0000] {processor.py:183} INFO - Processing /home/codespace/.local/share/virtualenvs/airflow_sandbox-vp-HKq_L/lib/python3.10/site-packages/airflow/example_dags/example_latest_only_with_trigger.py took 0.090 seconds
[2024-02-14T09:30:27.875+0000] {processor.py:161} INFO - Started process (PID=16567) to work on /home/codespace/.local/share/virtualenvs/airflow_sandbox-vp-HKq_L/lib/python3.10/site-packages/airflow/example_dags/example_latest_only_with_trigger.py
[2024-02-14T09:30:27.876+0000] {processor.py:830} INFO - Processing file /home/codespace/.local/share/virtualenvs/airflow_sandbox-vp-HKq_L/lib/python3.10/site-packages/airflow/example_dags/example_latest_only_with_trigger.py for tasks to queue
[2024-02-14T09:30:27.876+0000] {logging_mixin.py:188} INFO - [2024-02-14T09:30:27.876+0000] {dagbag.py:538} INFO - Filling up the DagBag from /home/codespace/.local/share/virtualenvs/airflow_sandbox-vp-HKq_L/lib/python3.10/site-packages/airflow/example_dags/example_latest_only_with_trigger.py
[2024-02-14T09:30:27.881+0000] {processor.py:840} INFO - DAG(s) 'latest_only_with_trigger' retrieved from /home/codespace/.local/share/virtualenvs/airflow_sandbox-vp-HKq_L/lib/python3.10/site-packages/airflow/example_dags/example_latest_only_with_trigger.py
[2024-02-14T09:30:27.895+0000] {logging_mixin.py:188} INFO - [2024-02-14T09:30:27.895+0000] {dag.py:3033} INFO - Sync 1 DAGs
[2024-02-14T09:30:27.910+0000] {logging_mixin.py:188} INFO - [2024-02-14T09:30:27.910+0000] {dag.py:3820} INFO - Setting next_dagrun for latest_only_with_trigger to 2024-02-14T04:00:00+00:00, run_after=2024-02-14T08:00:00+00:00
[2024-02-14T09:30:27.956+0000] {processor.py:183} INFO - Processing /home/codespace/.local/share/virtualenvs/airflow_sandbox-vp-HKq_L/lib/python3.10/site-packages/airflow/example_dags/example_latest_only_with_trigger.py took 0.083 seconds
[2024-02-14T09:31:19.481+0000] {processor.py:161} INFO - Started process (PID=16944) to work on /home/codespace/.local/share/virtualenvs/airflow_sandbox-vp-HKq_L/lib/python3.10/site-packages/airflow/example_dags/example_latest_only_with_trigger.py
[2024-02-14T09:31:19.482+0000] {processor.py:830} INFO - Processing file /home/codespace/.local/share/virtualenvs/airflow_sandbox-vp-HKq_L/lib/python3.10/site-packages/airflow/example_dags/example_latest_only_with_trigger.py for tasks to queue
[2024-02-14T09:31:19.483+0000] {logging_mixin.py:188} INFO - [2024-02-14T09:31:19.483+0000] {dagbag.py:538} INFO - Filling up the DagBag from /home/codespace/.local/share/virtualenvs/airflow_sandbox-vp-HKq_L/lib/python3.10/site-packages/airflow/example_dags/example_latest_only_with_trigger.py
[2024-02-14T09:31:19.489+0000] {processor.py:840} INFO - DAG(s) 'latest_only_with_trigger' retrieved from /home/codespace/.local/share/virtualenvs/airflow_sandbox-vp-HKq_L/lib/python3.10/site-packages/airflow/example_dags/example_latest_only_with_trigger.py
[2024-02-14T09:31:19.501+0000] {logging_mixin.py:188} INFO - [2024-02-14T09:31:19.501+0000] {dag.py:3033} INFO - Sync 1 DAGs
[2024-02-14T09:31:19.517+0000] {logging_mixin.py:188} INFO - [2024-02-14T09:31:19.517+0000] {dag.py:3820} INFO - Setting next_dagrun for latest_only_with_trigger to 2024-02-14T04:00:00+00:00, run_after=2024-02-14T08:00:00+00:00
[2024-02-14T09:31:19.564+0000] {processor.py:183} INFO - Processing /home/codespace/.local/share/virtualenvs/airflow_sandbox-vp-HKq_L/lib/python3.10/site-packages/airflow/example_dags/example_latest_only_with_trigger.py took 0.085 seconds
[2024-02-14T09:32:13.000+0000] {processor.py:161} INFO - Started process (PID=17310) to work on /home/codespace/.local/share/virtualenvs/airflow_sandbox-vp-HKq_L/lib/python3.10/site-packages/airflow/example_dags/example_latest_only_with_trigger.py
[2024-02-14T09:32:13.001+0000] {processor.py:830} INFO - Processing file /home/codespace/.local/share/virtualenvs/airflow_sandbox-vp-HKq_L/lib/python3.10/site-packages/airflow/example_dags/example_latest_only_with_trigger.py for tasks to queue
[2024-02-14T09:32:13.002+0000] {logging_mixin.py:188} INFO - [2024-02-14T09:32:13.001+0000] {dagbag.py:538} INFO - Filling up the DagBag from /home/codespace/.local/share/virtualenvs/airflow_sandbox-vp-HKq_L/lib/python3.10/site-packages/airflow/example_dags/example_latest_only_with_trigger.py
[2024-02-14T09:32:13.006+0000] {processor.py:840} INFO - DAG(s) 'latest_only_with_trigger' retrieved from /home/codespace/.local/share/virtualenvs/airflow_sandbox-vp-HKq_L/lib/python3.10/site-packages/airflow/example_dags/example_latest_only_with_trigger.py
[2024-02-14T09:32:13.018+0000] {logging_mixin.py:188} INFO - [2024-02-14T09:32:13.018+0000] {dag.py:3033} INFO - Sync 1 DAGs
[2024-02-14T09:32:13.034+0000] {logging_mixin.py:188} INFO - [2024-02-14T09:32:13.034+0000] {dag.py:3820} INFO - Setting next_dagrun for latest_only_with_trigger to 2024-02-14T04:00:00+00:00, run_after=2024-02-14T08:00:00+00:00
[2024-02-14T09:32:13.075+0000] {processor.py:183} INFO - Processing /home/codespace/.local/share/virtualenvs/airflow_sandbox-vp-HKq_L/lib/python3.10/site-packages/airflow/example_dags/example_latest_only_with_trigger.py took 0.078 seconds
[2024-02-14T09:33:04.611+0000] {processor.py:161} INFO - Started process (PID=17695) to work on /home/codespace/.local/share/virtualenvs/airflow_sandbox-vp-HKq_L/lib/python3.10/site-packages/airflow/example_dags/example_latest_only_with_trigger.py
[2024-02-14T09:33:04.612+0000] {processor.py:830} INFO - Processing file /home/codespace/.local/share/virtualenvs/airflow_sandbox-vp-HKq_L/lib/python3.10/site-packages/airflow/example_dags/example_latest_only_with_trigger.py for tasks to queue
[2024-02-14T09:33:04.613+0000] {logging_mixin.py:188} INFO - [2024-02-14T09:33:04.612+0000] {dagbag.py:538} INFO - Filling up the DagBag from /home/codespace/.local/share/virtualenvs/airflow_sandbox-vp-HKq_L/lib/python3.10/site-packages/airflow/example_dags/example_latest_only_with_trigger.py
[2024-02-14T09:33:04.617+0000] {processor.py:840} INFO - DAG(s) 'latest_only_with_trigger' retrieved from /home/codespace/.local/share/virtualenvs/airflow_sandbox-vp-HKq_L/lib/python3.10/site-packages/airflow/example_dags/example_latest_only_with_trigger.py
[2024-02-14T09:33:04.629+0000] {logging_mixin.py:188} INFO - [2024-02-14T09:33:04.629+0000] {dag.py:3033} INFO - Sync 1 DAGs
[2024-02-14T09:33:04.644+0000] {logging_mixin.py:188} INFO - [2024-02-14T09:33:04.644+0000] {dag.py:3820} INFO - Setting next_dagrun for latest_only_with_trigger to 2024-02-14T04:00:00+00:00, run_after=2024-02-14T08:00:00+00:00
[2024-02-14T09:33:04.688+0000] {processor.py:183} INFO - Processing /home/codespace/.local/share/virtualenvs/airflow_sandbox-vp-HKq_L/lib/python3.10/site-packages/airflow/example_dags/example_latest_only_with_trigger.py took 0.079 seconds
[2024-02-14T09:33:58.480+0000] {processor.py:161} INFO - Started process (PID=18068) to work on /home/codespace/.local/share/virtualenvs/airflow_sandbox-vp-HKq_L/lib/python3.10/site-packages/airflow/example_dags/example_latest_only_with_trigger.py
[2024-02-14T09:33:58.481+0000] {processor.py:830} INFO - Processing file /home/codespace/.local/share/virtualenvs/airflow_sandbox-vp-HKq_L/lib/python3.10/site-packages/airflow/example_dags/example_latest_only_with_trigger.py for tasks to queue
[2024-02-14T09:33:58.481+0000] {logging_mixin.py:188} INFO - [2024-02-14T09:33:58.481+0000] {dagbag.py:538} INFO - Filling up the DagBag from /home/codespace/.local/share/virtualenvs/airflow_sandbox-vp-HKq_L/lib/python3.10/site-packages/airflow/example_dags/example_latest_only_with_trigger.py
[2024-02-14T09:33:58.486+0000] {processor.py:840} INFO - DAG(s) 'latest_only_with_trigger' retrieved from /home/codespace/.local/share/virtualenvs/airflow_sandbox-vp-HKq_L/lib/python3.10/site-packages/airflow/example_dags/example_latest_only_with_trigger.py
[2024-02-14T09:33:58.499+0000] {logging_mixin.py:188} INFO - [2024-02-14T09:33:58.499+0000] {dag.py:3033} INFO - Sync 1 DAGs
[2024-02-14T09:33:58.515+0000] {logging_mixin.py:188} INFO - [2024-02-14T09:33:58.514+0000] {dag.py:3820} INFO - Setting next_dagrun for latest_only_with_trigger to 2024-02-14T04:00:00+00:00, run_after=2024-02-14T08:00:00+00:00
[2024-02-14T09:33:58.560+0000] {processor.py:183} INFO - Processing /home/codespace/.local/share/virtualenvs/airflow_sandbox-vp-HKq_L/lib/python3.10/site-packages/airflow/example_dags/example_latest_only_with_trigger.py took 0.082 seconds
[2024-02-14T09:34:53.583+0000] {processor.py:161} INFO - Started process (PID=18666) to work on /home/codespace/.local/share/virtualenvs/airflow_sandbox-vp-HKq_L/lib/python3.10/site-packages/airflow/example_dags/example_latest_only_with_trigger.py
[2024-02-14T09:34:53.583+0000] {processor.py:830} INFO - Processing file /home/codespace/.local/share/virtualenvs/airflow_sandbox-vp-HKq_L/lib/python3.10/site-packages/airflow/example_dags/example_latest_only_with_trigger.py for tasks to queue
[2024-02-14T09:34:53.584+0000] {logging_mixin.py:188} INFO - [2024-02-14T09:34:53.584+0000] {dagbag.py:538} INFO - Filling up the DagBag from /home/codespace/.local/share/virtualenvs/airflow_sandbox-vp-HKq_L/lib/python3.10/site-packages/airflow/example_dags/example_latest_only_with_trigger.py
[2024-02-14T09:34:53.589+0000] {processor.py:840} INFO - DAG(s) 'latest_only_with_trigger' retrieved from /home/codespace/.local/share/virtualenvs/airflow_sandbox-vp-HKq_L/lib/python3.10/site-packages/airflow/example_dags/example_latest_only_with_trigger.py
[2024-02-14T09:34:53.601+0000] {logging_mixin.py:188} INFO - [2024-02-14T09:34:53.601+0000] {dag.py:3033} INFO - Sync 1 DAGs
[2024-02-14T09:34:53.616+0000] {logging_mixin.py:188} INFO - [2024-02-14T09:34:53.615+0000] {dag.py:3820} INFO - Setting next_dagrun for latest_only_with_trigger to 2024-02-14T04:00:00+00:00, run_after=2024-02-14T08:00:00+00:00
[2024-02-14T09:34:53.660+0000] {processor.py:183} INFO - Processing /home/codespace/.local/share/virtualenvs/airflow_sandbox-vp-HKq_L/lib/python3.10/site-packages/airflow/example_dags/example_latest_only_with_trigger.py took 0.080 seconds
