[2024-02-14T09:07:51.923+0000] {processor.py:161} INFO - Started process (PID=4647) to work on /home/codespace/.local/share/virtualenvs/airflow_sandbox-vp-HKq_L/lib/python3.10/site-packages/airflow/example_dags/example_python_decorator.py
[2024-02-14T09:07:51.925+0000] {processor.py:830} INFO - Processing file /home/codespace/.local/share/virtualenvs/airflow_sandbox-vp-HKq_L/lib/python3.10/site-packages/airflow/example_dags/example_python_decorator.py for tasks to queue
[2024-02-14T09:07:51.926+0000] {logging_mixin.py:188} INFO - [2024-02-14T09:07:51.926+0000] {dagbag.py:538} INFO - Filling up the DagBag from /home/codespace/.local/share/virtualenvs/airflow_sandbox-vp-HKq_L/lib/python3.10/site-packages/airflow/example_dags/example_python_decorator.py
[2024-02-14T09:07:51.949+0000] {processor.py:840} INFO - DAG(s) 'example_python_decorator' retrieved from /home/codespace/.local/share/virtualenvs/airflow_sandbox-vp-HKq_L/lib/python3.10/site-packages/airflow/example_dags/example_python_decorator.py
[2024-02-14T09:07:51.974+0000] {logging_mixin.py:188} INFO - [2024-02-14T09:07:51.974+0000] {dag.py:3033} INFO - Sync 1 DAGs
[2024-02-14T09:07:51.987+0000] {logging_mixin.py:188} INFO - [2024-02-14T09:07:51.987+0000] {dag.py:3820} INFO - Setting next_dagrun for example_python_decorator to None, run_after=None
[2024-02-14T09:07:52.043+0000] {processor.py:183} INFO - Processing /home/codespace/.local/share/virtualenvs/airflow_sandbox-vp-HKq_L/lib/python3.10/site-packages/airflow/example_dags/example_python_decorator.py took 0.122 seconds
[2024-02-14T09:08:41.703+0000] {processor.py:161} INFO - Started process (PID=5249) to work on /home/codespace/.local/share/virtualenvs/airflow_sandbox-vp-HKq_L/lib/python3.10/site-packages/airflow/example_dags/example_python_decorator.py
[2024-02-14T09:08:41.703+0000] {processor.py:830} INFO - Processing file /home/codespace/.local/share/virtualenvs/airflow_sandbox-vp-HKq_L/lib/python3.10/site-packages/airflow/example_dags/example_python_decorator.py for tasks to queue
[2024-02-14T09:08:41.704+0000] {logging_mixin.py:188} INFO - [2024-02-14T09:08:41.704+0000] {dagbag.py:538} INFO - Filling up the DagBag from /home/codespace/.local/share/virtualenvs/airflow_sandbox-vp-HKq_L/lib/python3.10/site-packages/airflow/example_dags/example_python_decorator.py
[2024-02-14T09:08:41.713+0000] {processor.py:840} INFO - DAG(s) 'example_python_decorator' retrieved from /home/codespace/.local/share/virtualenvs/airflow_sandbox-vp-HKq_L/lib/python3.10/site-packages/airflow/example_dags/example_python_decorator.py
[2024-02-14T09:08:41.727+0000] {logging_mixin.py:188} INFO - [2024-02-14T09:08:41.727+0000] {dag.py:3033} INFO - Sync 1 DAGs
[2024-02-14T09:08:41.736+0000] {logging_mixin.py:188} INFO - [2024-02-14T09:08:41.736+0000] {dag.py:3820} INFO - Setting next_dagrun for example_python_decorator to None, run_after=None
[2024-02-14T09:08:41.775+0000] {processor.py:183} INFO - Processing /home/codespace/.local/share/virtualenvs/airflow_sandbox-vp-HKq_L/lib/python3.10/site-packages/airflow/example_dags/example_python_decorator.py took 0.075 seconds
[2024-02-14T09:09:35.957+0000] {processor.py:161} INFO - Started process (PID=6070) to work on /home/codespace/.local/share/virtualenvs/airflow_sandbox-vp-HKq_L/lib/python3.10/site-packages/airflow/example_dags/example_python_decorator.py
[2024-02-14T09:09:35.957+0000] {processor.py:830} INFO - Processing file /home/codespace/.local/share/virtualenvs/airflow_sandbox-vp-HKq_L/lib/python3.10/site-packages/airflow/example_dags/example_python_decorator.py for tasks to queue
[2024-02-14T09:09:35.958+0000] {logging_mixin.py:188} INFO - [2024-02-14T09:09:35.958+0000] {dagbag.py:538} INFO - Filling up the DagBag from /home/codespace/.local/share/virtualenvs/airflow_sandbox-vp-HKq_L/lib/python3.10/site-packages/airflow/example_dags/example_python_decorator.py
[2024-02-14T09:09:35.966+0000] {processor.py:840} INFO - DAG(s) 'example_python_decorator' retrieved from /home/codespace/.local/share/virtualenvs/airflow_sandbox-vp-HKq_L/lib/python3.10/site-packages/airflow/example_dags/example_python_decorator.py
[2024-02-14T09:09:35.980+0000] {logging_mixin.py:188} INFO - [2024-02-14T09:09:35.979+0000] {dag.py:3033} INFO - Sync 1 DAGs
[2024-02-14T09:09:35.989+0000] {logging_mixin.py:188} INFO - [2024-02-14T09:09:35.988+0000] {dag.py:3820} INFO - Setting next_dagrun for example_python_decorator to None, run_after=None
[2024-02-14T09:09:36.028+0000] {processor.py:183} INFO - Processing /home/codespace/.local/share/virtualenvs/airflow_sandbox-vp-HKq_L/lib/python3.10/site-packages/airflow/example_dags/example_python_decorator.py took 0.074 seconds
[2024-02-14T09:10:21.356+0000] {processor.py:161} INFO - Started process (PID=6665) to work on /home/codespace/.local/share/virtualenvs/airflow_sandbox-vp-HKq_L/lib/python3.10/site-packages/airflow/example_dags/example_python_decorator.py
[2024-02-14T09:10:21.357+0000] {processor.py:830} INFO - Processing file /home/codespace/.local/share/virtualenvs/airflow_sandbox-vp-HKq_L/lib/python3.10/site-packages/airflow/example_dags/example_python_decorator.py for tasks to queue
[2024-02-14T09:10:21.358+0000] {logging_mixin.py:188} INFO - [2024-02-14T09:10:21.357+0000] {dagbag.py:538} INFO - Filling up the DagBag from /home/codespace/.local/share/virtualenvs/airflow_sandbox-vp-HKq_L/lib/python3.10/site-packages/airflow/example_dags/example_python_decorator.py
[2024-02-14T09:10:21.366+0000] {processor.py:840} INFO - DAG(s) 'example_python_decorator' retrieved from /home/codespace/.local/share/virtualenvs/airflow_sandbox-vp-HKq_L/lib/python3.10/site-packages/airflow/example_dags/example_python_decorator.py
[2024-02-14T09:10:21.380+0000] {logging_mixin.py:188} INFO - [2024-02-14T09:10:21.379+0000] {dag.py:3033} INFO - Sync 1 DAGs
[2024-02-14T09:10:21.389+0000] {logging_mixin.py:188} INFO - [2024-02-14T09:10:21.388+0000] {dag.py:3820} INFO - Setting next_dagrun for example_python_decorator to None, run_after=None
[2024-02-14T09:10:21.429+0000] {processor.py:183} INFO - Processing /home/codespace/.local/share/virtualenvs/airflow_sandbox-vp-HKq_L/lib/python3.10/site-packages/airflow/example_dags/example_python_decorator.py took 0.075 seconds
[2024-02-14T09:11:15.603+0000] {processor.py:161} INFO - Started process (PID=7255) to work on /home/codespace/.local/share/virtualenvs/airflow_sandbox-vp-HKq_L/lib/python3.10/site-packages/airflow/example_dags/example_python_decorator.py
[2024-02-14T09:11:15.603+0000] {processor.py:830} INFO - Processing file /home/codespace/.local/share/virtualenvs/airflow_sandbox-vp-HKq_L/lib/python3.10/site-packages/airflow/example_dags/example_python_decorator.py for tasks to queue
[2024-02-14T09:11:15.604+0000] {logging_mixin.py:188} INFO - [2024-02-14T09:11:15.604+0000] {dagbag.py:538} INFO - Filling up the DagBag from /home/codespace/.local/share/virtualenvs/airflow_sandbox-vp-HKq_L/lib/python3.10/site-packages/airflow/example_dags/example_python_decorator.py
[2024-02-14T09:11:15.616+0000] {processor.py:840} INFO - DAG(s) 'example_python_decorator' retrieved from /home/codespace/.local/share/virtualenvs/airflow_sandbox-vp-HKq_L/lib/python3.10/site-packages/airflow/example_dags/example_python_decorator.py
[2024-02-14T09:11:15.636+0000] {logging_mixin.py:188} INFO - [2024-02-14T09:11:15.636+0000] {dag.py:3033} INFO - Sync 1 DAGs
[2024-02-14T09:11:15.655+0000] {logging_mixin.py:188} INFO - [2024-02-14T09:11:15.655+0000] {dag.py:3820} INFO - Setting next_dagrun for example_python_decorator to None, run_after=None
[2024-02-14T09:11:15.706+0000] {processor.py:183} INFO - Processing /home/codespace/.local/share/virtualenvs/airflow_sandbox-vp-HKq_L/lib/python3.10/site-packages/airflow/example_dags/example_python_decorator.py took 0.105 seconds
[2024-02-14T09:12:11.694+0000] {processor.py:161} INFO - Started process (PID=7966) to work on /home/codespace/.local/share/virtualenvs/airflow_sandbox-vp-HKq_L/lib/python3.10/site-packages/airflow/example_dags/example_python_decorator.py
[2024-02-14T09:12:11.695+0000] {processor.py:830} INFO - Processing file /home/codespace/.local/share/virtualenvs/airflow_sandbox-vp-HKq_L/lib/python3.10/site-packages/airflow/example_dags/example_python_decorator.py for tasks to queue
[2024-02-14T09:12:11.696+0000] {logging_mixin.py:188} INFO - [2024-02-14T09:12:11.696+0000] {dagbag.py:538} INFO - Filling up the DagBag from /home/codespace/.local/share/virtualenvs/airflow_sandbox-vp-HKq_L/lib/python3.10/site-packages/airflow/example_dags/example_python_decorator.py
[2024-02-14T09:12:11.704+0000] {processor.py:840} INFO - DAG(s) 'example_python_decorator' retrieved from /home/codespace/.local/share/virtualenvs/airflow_sandbox-vp-HKq_L/lib/python3.10/site-packages/airflow/example_dags/example_python_decorator.py
[2024-02-14T09:12:11.719+0000] {logging_mixin.py:188} INFO - [2024-02-14T09:12:11.718+0000] {dag.py:3033} INFO - Sync 1 DAGs
[2024-02-14T09:12:11.728+0000] {logging_mixin.py:188} INFO - [2024-02-14T09:12:11.728+0000] {dag.py:3820} INFO - Setting next_dagrun for example_python_decorator to None, run_after=None
[2024-02-14T09:12:11.768+0000] {processor.py:183} INFO - Processing /home/codespace/.local/share/virtualenvs/airflow_sandbox-vp-HKq_L/lib/python3.10/site-packages/airflow/example_dags/example_python_decorator.py took 0.076 seconds
[2024-02-14T09:13:05.823+0000] {processor.py:161} INFO - Started process (PID=8438) to work on /home/codespace/.local/share/virtualenvs/airflow_sandbox-vp-HKq_L/lib/python3.10/site-packages/airflow/example_dags/example_python_decorator.py
[2024-02-14T09:13:05.824+0000] {processor.py:830} INFO - Processing file /home/codespace/.local/share/virtualenvs/airflow_sandbox-vp-HKq_L/lib/python3.10/site-packages/airflow/example_dags/example_python_decorator.py for tasks to queue
[2024-02-14T09:13:05.825+0000] {logging_mixin.py:188} INFO - [2024-02-14T09:13:05.824+0000] {dagbag.py:538} INFO - Filling up the DagBag from /home/codespace/.local/share/virtualenvs/airflow_sandbox-vp-HKq_L/lib/python3.10/site-packages/airflow/example_dags/example_python_decorator.py
[2024-02-14T09:13:05.837+0000] {processor.py:840} INFO - DAG(s) 'example_python_decorator' retrieved from /home/codespace/.local/share/virtualenvs/airflow_sandbox-vp-HKq_L/lib/python3.10/site-packages/airflow/example_dags/example_python_decorator.py
[2024-02-14T09:13:05.855+0000] {logging_mixin.py:188} INFO - [2024-02-14T09:13:05.855+0000] {dag.py:3033} INFO - Sync 1 DAGs
[2024-02-14T09:13:05.864+0000] {logging_mixin.py:188} INFO - [2024-02-14T09:13:05.864+0000] {dag.py:3820} INFO - Setting next_dagrun for example_python_decorator to None, run_after=None
[2024-02-14T09:13:05.905+0000] {processor.py:183} INFO - Processing /home/codespace/.local/share/virtualenvs/airflow_sandbox-vp-HKq_L/lib/python3.10/site-packages/airflow/example_dags/example_python_decorator.py took 0.090 seconds
[2024-02-14T09:13:57.568+0000] {processor.py:161} INFO - Started process (PID=8866) to work on /home/codespace/.local/share/virtualenvs/airflow_sandbox-vp-HKq_L/lib/python3.10/site-packages/airflow/example_dags/example_python_decorator.py
[2024-02-14T09:13:57.569+0000] {processor.py:830} INFO - Processing file /home/codespace/.local/share/virtualenvs/airflow_sandbox-vp-HKq_L/lib/python3.10/site-packages/airflow/example_dags/example_python_decorator.py for tasks to queue
[2024-02-14T09:13:57.570+0000] {logging_mixin.py:188} INFO - [2024-02-14T09:13:57.569+0000] {dagbag.py:538} INFO - Filling up the DagBag from /home/codespace/.local/share/virtualenvs/airflow_sandbox-vp-HKq_L/lib/python3.10/site-packages/airflow/example_dags/example_python_decorator.py
[2024-02-14T09:13:57.578+0000] {processor.py:840} INFO - DAG(s) 'example_python_decorator' retrieved from /home/codespace/.local/share/virtualenvs/airflow_sandbox-vp-HKq_L/lib/python3.10/site-packages/airflow/example_dags/example_python_decorator.py
[2024-02-14T09:13:57.592+0000] {logging_mixin.py:188} INFO - [2024-02-14T09:13:57.592+0000] {dag.py:3033} INFO - Sync 1 DAGs
[2024-02-14T09:13:57.601+0000] {logging_mixin.py:188} INFO - [2024-02-14T09:13:57.601+0000] {dag.py:3820} INFO - Setting next_dagrun for example_python_decorator to None, run_after=None
[2024-02-14T09:13:57.656+0000] {processor.py:183} INFO - Processing /home/codespace/.local/share/virtualenvs/airflow_sandbox-vp-HKq_L/lib/python3.10/site-packages/airflow/example_dags/example_python_decorator.py took 0.090 seconds
[2024-02-14T09:14:37.813+0000] {processor.py:161} INFO - Started process (PID=9148) to work on /home/codespace/.local/share/virtualenvs/airflow_sandbox-vp-HKq_L/lib/python3.10/site-packages/airflow/example_dags/example_python_decorator.py
[2024-02-14T09:14:37.814+0000] {processor.py:830} INFO - Processing file /home/codespace/.local/share/virtualenvs/airflow_sandbox-vp-HKq_L/lib/python3.10/site-packages/airflow/example_dags/example_python_decorator.py for tasks to queue
[2024-02-14T09:14:37.814+0000] {logging_mixin.py:188} INFO - [2024-02-14T09:14:37.814+0000] {dagbag.py:538} INFO - Filling up the DagBag from /home/codespace/.local/share/virtualenvs/airflow_sandbox-vp-HKq_L/lib/python3.10/site-packages/airflow/example_dags/example_python_decorator.py
[2024-02-14T09:14:37.823+0000] {processor.py:840} INFO - DAG(s) 'example_python_decorator' retrieved from /home/codespace/.local/share/virtualenvs/airflow_sandbox-vp-HKq_L/lib/python3.10/site-packages/airflow/example_dags/example_python_decorator.py
[2024-02-14T09:14:37.835+0000] {logging_mixin.py:188} INFO - [2024-02-14T09:14:37.835+0000] {dag.py:3033} INFO - Sync 1 DAGs
[2024-02-14T09:14:37.844+0000] {logging_mixin.py:188} INFO - [2024-02-14T09:14:37.844+0000] {dag.py:3820} INFO - Setting next_dagrun for example_python_decorator to None, run_after=None
[2024-02-14T09:14:37.884+0000] {processor.py:183} INFO - Processing /home/codespace/.local/share/virtualenvs/airflow_sandbox-vp-HKq_L/lib/python3.10/site-packages/airflow/example_dags/example_python_decorator.py took 0.074 seconds
[2024-02-14T09:15:30.257+0000] {processor.py:161} INFO - Started process (PID=9507) to work on /home/codespace/.local/share/virtualenvs/airflow_sandbox-vp-HKq_L/lib/python3.10/site-packages/airflow/example_dags/example_python_decorator.py
[2024-02-14T09:15:30.258+0000] {processor.py:830} INFO - Processing file /home/codespace/.local/share/virtualenvs/airflow_sandbox-vp-HKq_L/lib/python3.10/site-packages/airflow/example_dags/example_python_decorator.py for tasks to queue
[2024-02-14T09:15:30.259+0000] {logging_mixin.py:188} INFO - [2024-02-14T09:15:30.258+0000] {dagbag.py:538} INFO - Filling up the DagBag from /home/codespace/.local/share/virtualenvs/airflow_sandbox-vp-HKq_L/lib/python3.10/site-packages/airflow/example_dags/example_python_decorator.py
[2024-02-14T09:15:30.267+0000] {processor.py:840} INFO - DAG(s) 'example_python_decorator' retrieved from /home/codespace/.local/share/virtualenvs/airflow_sandbox-vp-HKq_L/lib/python3.10/site-packages/airflow/example_dags/example_python_decorator.py
[2024-02-14T09:15:30.285+0000] {logging_mixin.py:188} INFO - [2024-02-14T09:15:30.285+0000] {dag.py:3033} INFO - Sync 1 DAGs
[2024-02-14T09:15:30.299+0000] {logging_mixin.py:188} INFO - [2024-02-14T09:15:30.298+0000] {dag.py:3820} INFO - Setting next_dagrun for example_python_decorator to None, run_after=None
[2024-02-14T09:15:30.348+0000] {processor.py:183} INFO - Processing /home/codespace/.local/share/virtualenvs/airflow_sandbox-vp-HKq_L/lib/python3.10/site-packages/airflow/example_dags/example_python_decorator.py took 0.094 seconds
[2024-02-14T09:16:21.520+0000] {processor.py:161} INFO - Started process (PID=9892) to work on /home/codespace/.local/share/virtualenvs/airflow_sandbox-vp-HKq_L/lib/python3.10/site-packages/airflow/example_dags/example_python_decorator.py
[2024-02-14T09:16:21.521+0000] {processor.py:830} INFO - Processing file /home/codespace/.local/share/virtualenvs/airflow_sandbox-vp-HKq_L/lib/python3.10/site-packages/airflow/example_dags/example_python_decorator.py for tasks to queue
[2024-02-14T09:16:21.522+0000] {logging_mixin.py:188} INFO - [2024-02-14T09:16:21.521+0000] {dagbag.py:538} INFO - Filling up the DagBag from /home/codespace/.local/share/virtualenvs/airflow_sandbox-vp-HKq_L/lib/python3.10/site-packages/airflow/example_dags/example_python_decorator.py
[2024-02-14T09:16:21.530+0000] {processor.py:840} INFO - DAG(s) 'example_python_decorator' retrieved from /home/codespace/.local/share/virtualenvs/airflow_sandbox-vp-HKq_L/lib/python3.10/site-packages/airflow/example_dags/example_python_decorator.py
[2024-02-14T09:16:21.545+0000] {logging_mixin.py:188} INFO - [2024-02-14T09:16:21.545+0000] {dag.py:3033} INFO - Sync 1 DAGs
[2024-02-14T09:16:21.555+0000] {logging_mixin.py:188} INFO - [2024-02-14T09:16:21.554+0000] {dag.py:3820} INFO - Setting next_dagrun for example_python_decorator to None, run_after=None
[2024-02-14T09:16:21.598+0000] {processor.py:183} INFO - Processing /home/codespace/.local/share/virtualenvs/airflow_sandbox-vp-HKq_L/lib/python3.10/site-packages/airflow/example_dags/example_python_decorator.py took 0.080 seconds
[2024-02-14T09:17:15.788+0000] {processor.py:161} INFO - Started process (PID=10270) to work on /home/codespace/.local/share/virtualenvs/airflow_sandbox-vp-HKq_L/lib/python3.10/site-packages/airflow/example_dags/example_python_decorator.py
[2024-02-14T09:17:15.789+0000] {processor.py:830} INFO - Processing file /home/codespace/.local/share/virtualenvs/airflow_sandbox-vp-HKq_L/lib/python3.10/site-packages/airflow/example_dags/example_python_decorator.py for tasks to queue
[2024-02-14T09:17:15.789+0000] {logging_mixin.py:188} INFO - [2024-02-14T09:17:15.789+0000] {dagbag.py:538} INFO - Filling up the DagBag from /home/codespace/.local/share/virtualenvs/airflow_sandbox-vp-HKq_L/lib/python3.10/site-packages/airflow/example_dags/example_python_decorator.py
[2024-02-14T09:17:15.798+0000] {processor.py:840} INFO - DAG(s) 'example_python_decorator' retrieved from /home/codespace/.local/share/virtualenvs/airflow_sandbox-vp-HKq_L/lib/python3.10/site-packages/airflow/example_dags/example_python_decorator.py
[2024-02-14T09:17:15.812+0000] {logging_mixin.py:188} INFO - [2024-02-14T09:17:15.812+0000] {dag.py:3033} INFO - Sync 1 DAGs
[2024-02-14T09:17:15.821+0000] {logging_mixin.py:188} INFO - [2024-02-14T09:17:15.821+0000] {dag.py:3820} INFO - Setting next_dagrun for example_python_decorator to None, run_after=None
[2024-02-14T09:17:15.866+0000] {processor.py:183} INFO - Processing /home/codespace/.local/share/virtualenvs/airflow_sandbox-vp-HKq_L/lib/python3.10/site-packages/airflow/example_dags/example_python_decorator.py took 0.081 seconds
[2024-02-14T09:18:05.850+0000] {processor.py:161} INFO - Started process (PID=10667) to work on /home/codespace/.local/share/virtualenvs/airflow_sandbox-vp-HKq_L/lib/python3.10/site-packages/airflow/example_dags/example_python_decorator.py
[2024-02-14T09:18:05.850+0000] {processor.py:830} INFO - Processing file /home/codespace/.local/share/virtualenvs/airflow_sandbox-vp-HKq_L/lib/python3.10/site-packages/airflow/example_dags/example_python_decorator.py for tasks to queue
[2024-02-14T09:18:05.851+0000] {logging_mixin.py:188} INFO - [2024-02-14T09:18:05.851+0000] {dagbag.py:538} INFO - Filling up the DagBag from /home/codespace/.local/share/virtualenvs/airflow_sandbox-vp-HKq_L/lib/python3.10/site-packages/airflow/example_dags/example_python_decorator.py
[2024-02-14T09:18:05.860+0000] {processor.py:840} INFO - DAG(s) 'example_python_decorator' retrieved from /home/codespace/.local/share/virtualenvs/airflow_sandbox-vp-HKq_L/lib/python3.10/site-packages/airflow/example_dags/example_python_decorator.py
[2024-02-14T09:18:05.875+0000] {logging_mixin.py:188} INFO - [2024-02-14T09:18:05.875+0000] {dag.py:3033} INFO - Sync 1 DAGs
[2024-02-14T09:18:05.885+0000] {logging_mixin.py:188} INFO - [2024-02-14T09:18:05.885+0000] {dag.py:3820} INFO - Setting next_dagrun for example_python_decorator to None, run_after=None
[2024-02-14T09:18:05.929+0000] {processor.py:183} INFO - Processing /home/codespace/.local/share/virtualenvs/airflow_sandbox-vp-HKq_L/lib/python3.10/site-packages/airflow/example_dags/example_python_decorator.py took 0.082 seconds
[2024-02-14T09:18:58.954+0000] {processor.py:161} INFO - Started process (PID=11044) to work on /home/codespace/.local/share/virtualenvs/airflow_sandbox-vp-HKq_L/lib/python3.10/site-packages/airflow/example_dags/example_python_decorator.py
[2024-02-14T09:18:58.955+0000] {processor.py:830} INFO - Processing file /home/codespace/.local/share/virtualenvs/airflow_sandbox-vp-HKq_L/lib/python3.10/site-packages/airflow/example_dags/example_python_decorator.py for tasks to queue
[2024-02-14T09:18:58.955+0000] {logging_mixin.py:188} INFO - [2024-02-14T09:18:58.955+0000] {dagbag.py:538} INFO - Filling up the DagBag from /home/codespace/.local/share/virtualenvs/airflow_sandbox-vp-HKq_L/lib/python3.10/site-packages/airflow/example_dags/example_python_decorator.py
[2024-02-14T09:18:58.964+0000] {processor.py:840} INFO - DAG(s) 'example_python_decorator' retrieved from /home/codespace/.local/share/virtualenvs/airflow_sandbox-vp-HKq_L/lib/python3.10/site-packages/airflow/example_dags/example_python_decorator.py
[2024-02-14T09:18:58.977+0000] {logging_mixin.py:188} INFO - [2024-02-14T09:18:58.977+0000] {dag.py:3033} INFO - Sync 1 DAGs
[2024-02-14T09:18:58.986+0000] {logging_mixin.py:188} INFO - [2024-02-14T09:18:58.986+0000] {dag.py:3820} INFO - Setting next_dagrun for example_python_decorator to None, run_after=None
[2024-02-14T09:18:59.028+0000] {processor.py:183} INFO - Processing /home/codespace/.local/share/virtualenvs/airflow_sandbox-vp-HKq_L/lib/python3.10/site-packages/airflow/example_dags/example_python_decorator.py took 0.076 seconds
[2024-02-14T09:19:54.953+0000] {processor.py:161} INFO - Started process (PID=11435) to work on /home/codespace/.local/share/virtualenvs/airflow_sandbox-vp-HKq_L/lib/python3.10/site-packages/airflow/example_dags/example_python_decorator.py
[2024-02-14T09:19:54.962+0000] {processor.py:830} INFO - Processing file /home/codespace/.local/share/virtualenvs/airflow_sandbox-vp-HKq_L/lib/python3.10/site-packages/airflow/example_dags/example_python_decorator.py for tasks to queue
[2024-02-14T09:19:54.963+0000] {logging_mixin.py:188} INFO - [2024-02-14T09:19:54.963+0000] {dagbag.py:538} INFO - Filling up the DagBag from /home/codespace/.local/share/virtualenvs/airflow_sandbox-vp-HKq_L/lib/python3.10/site-packages/airflow/example_dags/example_python_decorator.py
[2024-02-14T09:19:54.975+0000] {processor.py:840} INFO - DAG(s) 'example_python_decorator' retrieved from /home/codespace/.local/share/virtualenvs/airflow_sandbox-vp-HKq_L/lib/python3.10/site-packages/airflow/example_dags/example_python_decorator.py
[2024-02-14T09:19:54.996+0000] {logging_mixin.py:188} INFO - [2024-02-14T09:19:54.996+0000] {dag.py:3033} INFO - Sync 1 DAGs
[2024-02-14T09:19:55.007+0000] {logging_mixin.py:188} INFO - [2024-02-14T09:19:55.007+0000] {dag.py:3820} INFO - Setting next_dagrun for example_python_decorator to None, run_after=None
[2024-02-14T09:19:55.051+0000] {processor.py:183} INFO - Processing /home/codespace/.local/share/virtualenvs/airflow_sandbox-vp-HKq_L/lib/python3.10/site-packages/airflow/example_dags/example_python_decorator.py took 0.101 seconds
[2024-02-14T09:20:46.865+0000] {processor.py:161} INFO - Started process (PID=12321) to work on /home/codespace/.local/share/virtualenvs/airflow_sandbox-vp-HKq_L/lib/python3.10/site-packages/airflow/example_dags/example_python_decorator.py
[2024-02-14T09:20:46.865+0000] {processor.py:830} INFO - Processing file /home/codespace/.local/share/virtualenvs/airflow_sandbox-vp-HKq_L/lib/python3.10/site-packages/airflow/example_dags/example_python_decorator.py for tasks to queue
[2024-02-14T09:20:46.866+0000] {logging_mixin.py:188} INFO - [2024-02-14T09:20:46.866+0000] {dagbag.py:538} INFO - Filling up the DagBag from /home/codespace/.local/share/virtualenvs/airflow_sandbox-vp-HKq_L/lib/python3.10/site-packages/airflow/example_dags/example_python_decorator.py
[2024-02-14T09:20:46.875+0000] {processor.py:840} INFO - DAG(s) 'example_python_decorator' retrieved from /home/codespace/.local/share/virtualenvs/airflow_sandbox-vp-HKq_L/lib/python3.10/site-packages/airflow/example_dags/example_python_decorator.py
[2024-02-14T09:20:46.889+0000] {logging_mixin.py:188} INFO - [2024-02-14T09:20:46.889+0000] {dag.py:3033} INFO - Sync 1 DAGs
[2024-02-14T09:20:46.898+0000] {logging_mixin.py:188} INFO - [2024-02-14T09:20:46.898+0000] {dag.py:3820} INFO - Setting next_dagrun for example_python_decorator to None, run_after=None
[2024-02-14T09:20:46.940+0000] {processor.py:183} INFO - Processing /home/codespace/.local/share/virtualenvs/airflow_sandbox-vp-HKq_L/lib/python3.10/site-packages/airflow/example_dags/example_python_decorator.py took 0.078 seconds
[2024-02-14T09:21:38.387+0000] {processor.py:161} INFO - Started process (PID=12675) to work on /home/codespace/.local/share/virtualenvs/airflow_sandbox-vp-HKq_L/lib/python3.10/site-packages/airflow/example_dags/example_python_decorator.py
[2024-02-14T09:21:38.388+0000] {processor.py:830} INFO - Processing file /home/codespace/.local/share/virtualenvs/airflow_sandbox-vp-HKq_L/lib/python3.10/site-packages/airflow/example_dags/example_python_decorator.py for tasks to queue
[2024-02-14T09:21:38.388+0000] {logging_mixin.py:188} INFO - [2024-02-14T09:21:38.388+0000] {dagbag.py:538} INFO - Filling up the DagBag from /home/codespace/.local/share/virtualenvs/airflow_sandbox-vp-HKq_L/lib/python3.10/site-packages/airflow/example_dags/example_python_decorator.py
[2024-02-14T09:21:38.396+0000] {processor.py:840} INFO - DAG(s) 'example_python_decorator' retrieved from /home/codespace/.local/share/virtualenvs/airflow_sandbox-vp-HKq_L/lib/python3.10/site-packages/airflow/example_dags/example_python_decorator.py
[2024-02-14T09:21:38.409+0000] {logging_mixin.py:188} INFO - [2024-02-14T09:21:38.409+0000] {dag.py:3033} INFO - Sync 1 DAGs
[2024-02-14T09:21:38.419+0000] {logging_mixin.py:188} INFO - [2024-02-14T09:21:38.418+0000] {dag.py:3820} INFO - Setting next_dagrun for example_python_decorator to None, run_after=None
[2024-02-14T09:21:38.460+0000] {processor.py:183} INFO - Processing /home/codespace/.local/share/virtualenvs/airflow_sandbox-vp-HKq_L/lib/python3.10/site-packages/airflow/example_dags/example_python_decorator.py took 0.075 seconds
[2024-02-14T09:22:36.531+0000] {processor.py:161} INFO - Started process (PID=13109) to work on /home/codespace/.local/share/virtualenvs/airflow_sandbox-vp-HKq_L/lib/python3.10/site-packages/airflow/example_dags/example_python_decorator.py
[2024-02-14T09:22:36.532+0000] {processor.py:830} INFO - Processing file /home/codespace/.local/share/virtualenvs/airflow_sandbox-vp-HKq_L/lib/python3.10/site-packages/airflow/example_dags/example_python_decorator.py for tasks to queue
[2024-02-14T09:22:36.533+0000] {logging_mixin.py:188} INFO - [2024-02-14T09:22:36.532+0000] {dagbag.py:538} INFO - Filling up the DagBag from /home/codespace/.local/share/virtualenvs/airflow_sandbox-vp-HKq_L/lib/python3.10/site-packages/airflow/example_dags/example_python_decorator.py
[2024-02-14T09:22:36.541+0000] {processor.py:840} INFO - DAG(s) 'example_python_decorator' retrieved from /home/codespace/.local/share/virtualenvs/airflow_sandbox-vp-HKq_L/lib/python3.10/site-packages/airflow/example_dags/example_python_decorator.py
[2024-02-14T09:22:36.554+0000] {logging_mixin.py:188} INFO - [2024-02-14T09:22:36.554+0000] {dag.py:3033} INFO - Sync 1 DAGs
[2024-02-14T09:22:36.569+0000] {logging_mixin.py:188} INFO - [2024-02-14T09:22:36.568+0000] {dag.py:3820} INFO - Setting next_dagrun for example_python_decorator to None, run_after=None
[2024-02-14T09:22:36.614+0000] {processor.py:183} INFO - Processing /home/codespace/.local/share/virtualenvs/airflow_sandbox-vp-HKq_L/lib/python3.10/site-packages/airflow/example_dags/example_python_decorator.py took 0.085 seconds
[2024-02-14T09:23:33.037+0000] {processor.py:161} INFO - Started process (PID=13500) to work on /home/codespace/.local/share/virtualenvs/airflow_sandbox-vp-HKq_L/lib/python3.10/site-packages/airflow/example_dags/example_python_decorator.py
[2024-02-14T09:23:33.038+0000] {processor.py:830} INFO - Processing file /home/codespace/.local/share/virtualenvs/airflow_sandbox-vp-HKq_L/lib/python3.10/site-packages/airflow/example_dags/example_python_decorator.py for tasks to queue
[2024-02-14T09:23:33.039+0000] {logging_mixin.py:188} INFO - [2024-02-14T09:23:33.038+0000] {dagbag.py:538} INFO - Filling up the DagBag from /home/codespace/.local/share/virtualenvs/airflow_sandbox-vp-HKq_L/lib/python3.10/site-packages/airflow/example_dags/example_python_decorator.py
[2024-02-14T09:23:33.047+0000] {processor.py:840} INFO - DAG(s) 'example_python_decorator' retrieved from /home/codespace/.local/share/virtualenvs/airflow_sandbox-vp-HKq_L/lib/python3.10/site-packages/airflow/example_dags/example_python_decorator.py
[2024-02-14T09:23:33.060+0000] {logging_mixin.py:188} INFO - [2024-02-14T09:23:33.060+0000] {dag.py:3033} INFO - Sync 1 DAGs
[2024-02-14T09:23:33.068+0000] {logging_mixin.py:188} INFO - [2024-02-14T09:23:33.068+0000] {dag.py:3820} INFO - Setting next_dagrun for example_python_decorator to None, run_after=None
[2024-02-14T09:23:33.112+0000] {processor.py:183} INFO - Processing /home/codespace/.local/share/virtualenvs/airflow_sandbox-vp-HKq_L/lib/python3.10/site-packages/airflow/example_dags/example_python_decorator.py took 0.077 seconds
[2024-02-14T09:24:31.532+0000] {processor.py:161} INFO - Started process (PID=13915) to work on /home/codespace/.local/share/virtualenvs/airflow_sandbox-vp-HKq_L/lib/python3.10/site-packages/airflow/example_dags/example_python_decorator.py
[2024-02-14T09:24:31.533+0000] {processor.py:830} INFO - Processing file /home/codespace/.local/share/virtualenvs/airflow_sandbox-vp-HKq_L/lib/python3.10/site-packages/airflow/example_dags/example_python_decorator.py for tasks to queue
[2024-02-14T09:24:31.534+0000] {logging_mixin.py:188} INFO - [2024-02-14T09:24:31.534+0000] {dagbag.py:538} INFO - Filling up the DagBag from /home/codespace/.local/share/virtualenvs/airflow_sandbox-vp-HKq_L/lib/python3.10/site-packages/airflow/example_dags/example_python_decorator.py
[2024-02-14T09:24:31.543+0000] {processor.py:840} INFO - DAG(s) 'example_python_decorator' retrieved from /home/codespace/.local/share/virtualenvs/airflow_sandbox-vp-HKq_L/lib/python3.10/site-packages/airflow/example_dags/example_python_decorator.py
[2024-02-14T09:24:31.556+0000] {logging_mixin.py:188} INFO - [2024-02-14T09:24:31.556+0000] {dag.py:3033} INFO - Sync 1 DAGs
[2024-02-14T09:24:31.565+0000] {logging_mixin.py:188} INFO - [2024-02-14T09:24:31.565+0000] {dag.py:3820} INFO - Setting next_dagrun for example_python_decorator to None, run_after=None
[2024-02-14T09:24:31.608+0000] {processor.py:183} INFO - Processing /home/codespace/.local/share/virtualenvs/airflow_sandbox-vp-HKq_L/lib/python3.10/site-packages/airflow/example_dags/example_python_decorator.py took 0.078 seconds
[2024-02-14T09:25:23.797+0000] {processor.py:161} INFO - Started process (PID=14272) to work on /home/codespace/.local/share/virtualenvs/airflow_sandbox-vp-HKq_L/lib/python3.10/site-packages/airflow/example_dags/example_python_decorator.py
[2024-02-14T09:25:23.797+0000] {processor.py:830} INFO - Processing file /home/codespace/.local/share/virtualenvs/airflow_sandbox-vp-HKq_L/lib/python3.10/site-packages/airflow/example_dags/example_python_decorator.py for tasks to queue
[2024-02-14T09:25:23.798+0000] {logging_mixin.py:188} INFO - [2024-02-14T09:25:23.798+0000] {dagbag.py:538} INFO - Filling up the DagBag from /home/codespace/.local/share/virtualenvs/airflow_sandbox-vp-HKq_L/lib/python3.10/site-packages/airflow/example_dags/example_python_decorator.py
[2024-02-14T09:25:23.806+0000] {processor.py:840} INFO - DAG(s) 'example_python_decorator' retrieved from /home/codespace/.local/share/virtualenvs/airflow_sandbox-vp-HKq_L/lib/python3.10/site-packages/airflow/example_dags/example_python_decorator.py
[2024-02-14T09:25:23.822+0000] {logging_mixin.py:188} INFO - [2024-02-14T09:25:23.821+0000] {dag.py:3033} INFO - Sync 1 DAGs
[2024-02-14T09:25:23.830+0000] {logging_mixin.py:188} INFO - [2024-02-14T09:25:23.830+0000] {dag.py:3820} INFO - Setting next_dagrun for example_python_decorator to None, run_after=None
[2024-02-14T09:25:23.878+0000] {processor.py:183} INFO - Processing /home/codespace/.local/share/virtualenvs/airflow_sandbox-vp-HKq_L/lib/python3.10/site-packages/airflow/example_dags/example_python_decorator.py took 0.084 seconds
[2024-02-14T09:26:15.556+0000] {processor.py:161} INFO - Started process (PID=14625) to work on /home/codespace/.local/share/virtualenvs/airflow_sandbox-vp-HKq_L/lib/python3.10/site-packages/airflow/example_dags/example_python_decorator.py
[2024-02-14T09:26:15.557+0000] {processor.py:830} INFO - Processing file /home/codespace/.local/share/virtualenvs/airflow_sandbox-vp-HKq_L/lib/python3.10/site-packages/airflow/example_dags/example_python_decorator.py for tasks to queue
[2024-02-14T09:26:15.557+0000] {logging_mixin.py:188} INFO - [2024-02-14T09:26:15.557+0000] {dagbag.py:538} INFO - Filling up the DagBag from /home/codespace/.local/share/virtualenvs/airflow_sandbox-vp-HKq_L/lib/python3.10/site-packages/airflow/example_dags/example_python_decorator.py
[2024-02-14T09:26:15.566+0000] {processor.py:840} INFO - DAG(s) 'example_python_decorator' retrieved from /home/codespace/.local/share/virtualenvs/airflow_sandbox-vp-HKq_L/lib/python3.10/site-packages/airflow/example_dags/example_python_decorator.py
[2024-02-14T09:26:15.579+0000] {logging_mixin.py:188} INFO - [2024-02-14T09:26:15.579+0000] {dag.py:3033} INFO - Sync 1 DAGs
[2024-02-14T09:26:15.589+0000] {logging_mixin.py:188} INFO - [2024-02-14T09:26:15.589+0000] {dag.py:3820} INFO - Setting next_dagrun for example_python_decorator to None, run_after=None
[2024-02-14T09:26:15.633+0000] {processor.py:183} INFO - Processing /home/codespace/.local/share/virtualenvs/airflow_sandbox-vp-HKq_L/lib/python3.10/site-packages/airflow/example_dags/example_python_decorator.py took 0.080 seconds
[2024-02-14T09:27:10.324+0000] {processor.py:161} INFO - Started process (PID=14992) to work on /home/codespace/.local/share/virtualenvs/airflow_sandbox-vp-HKq_L/lib/python3.10/site-packages/airflow/example_dags/example_python_decorator.py
[2024-02-14T09:27:10.325+0000] {processor.py:830} INFO - Processing file /home/codespace/.local/share/virtualenvs/airflow_sandbox-vp-HKq_L/lib/python3.10/site-packages/airflow/example_dags/example_python_decorator.py for tasks to queue
[2024-02-14T09:27:10.325+0000] {logging_mixin.py:188} INFO - [2024-02-14T09:27:10.325+0000] {dagbag.py:538} INFO - Filling up the DagBag from /home/codespace/.local/share/virtualenvs/airflow_sandbox-vp-HKq_L/lib/python3.10/site-packages/airflow/example_dags/example_python_decorator.py
[2024-02-14T09:27:10.333+0000] {processor.py:840} INFO - DAG(s) 'example_python_decorator' retrieved from /home/codespace/.local/share/virtualenvs/airflow_sandbox-vp-HKq_L/lib/python3.10/site-packages/airflow/example_dags/example_python_decorator.py
[2024-02-14T09:27:10.347+0000] {logging_mixin.py:188} INFO - [2024-02-14T09:27:10.347+0000] {dag.py:3033} INFO - Sync 1 DAGs
[2024-02-14T09:27:10.356+0000] {logging_mixin.py:188} INFO - [2024-02-14T09:27:10.356+0000] {dag.py:3820} INFO - Setting next_dagrun for example_python_decorator to None, run_after=None
[2024-02-14T09:27:10.398+0000] {processor.py:183} INFO - Processing /home/codespace/.local/share/virtualenvs/airflow_sandbox-vp-HKq_L/lib/python3.10/site-packages/airflow/example_dags/example_python_decorator.py took 0.076 seconds
[2024-02-14T09:28:06.659+0000] {processor.py:161} INFO - Started process (PID=15427) to work on /home/codespace/.local/share/virtualenvs/airflow_sandbox-vp-HKq_L/lib/python3.10/site-packages/airflow/example_dags/example_python_decorator.py
[2024-02-14T09:28:06.660+0000] {processor.py:830} INFO - Processing file /home/codespace/.local/share/virtualenvs/airflow_sandbox-vp-HKq_L/lib/python3.10/site-packages/airflow/example_dags/example_python_decorator.py for tasks to queue
[2024-02-14T09:28:06.661+0000] {logging_mixin.py:188} INFO - [2024-02-14T09:28:06.660+0000] {dagbag.py:538} INFO - Filling up the DagBag from /home/codespace/.local/share/virtualenvs/airflow_sandbox-vp-HKq_L/lib/python3.10/site-packages/airflow/example_dags/example_python_decorator.py
[2024-02-14T09:28:06.669+0000] {processor.py:840} INFO - DAG(s) 'example_python_decorator' retrieved from /home/codespace/.local/share/virtualenvs/airflow_sandbox-vp-HKq_L/lib/python3.10/site-packages/airflow/example_dags/example_python_decorator.py
[2024-02-14T09:28:06.682+0000] {logging_mixin.py:188} INFO - [2024-02-14T09:28:06.682+0000] {dag.py:3033} INFO - Sync 1 DAGs
[2024-02-14T09:28:06.691+0000] {logging_mixin.py:188} INFO - [2024-02-14T09:28:06.691+0000] {dag.py:3820} INFO - Setting next_dagrun for example_python_decorator to None, run_after=None
[2024-02-14T09:28:06.734+0000] {processor.py:183} INFO - Processing /home/codespace/.local/share/virtualenvs/airflow_sandbox-vp-HKq_L/lib/python3.10/site-packages/airflow/example_dags/example_python_decorator.py took 0.077 seconds
[2024-02-14T09:28:57.639+0000] {processor.py:161} INFO - Started process (PID=15928) to work on /home/codespace/.local/share/virtualenvs/airflow_sandbox-vp-HKq_L/lib/python3.10/site-packages/airflow/example_dags/example_python_decorator.py
[2024-02-14T09:28:57.640+0000] {processor.py:830} INFO - Processing file /home/codespace/.local/share/virtualenvs/airflow_sandbox-vp-HKq_L/lib/python3.10/site-packages/airflow/example_dags/example_python_decorator.py for tasks to queue
[2024-02-14T09:28:57.641+0000] {logging_mixin.py:188} INFO - [2024-02-14T09:28:57.640+0000] {dagbag.py:538} INFO - Filling up the DagBag from /home/codespace/.local/share/virtualenvs/airflow_sandbox-vp-HKq_L/lib/python3.10/site-packages/airflow/example_dags/example_python_decorator.py
[2024-02-14T09:28:57.649+0000] {processor.py:840} INFO - DAG(s) 'example_python_decorator' retrieved from /home/codespace/.local/share/virtualenvs/airflow_sandbox-vp-HKq_L/lib/python3.10/site-packages/airflow/example_dags/example_python_decorator.py
[2024-02-14T09:28:57.662+0000] {logging_mixin.py:188} INFO - [2024-02-14T09:28:57.662+0000] {dag.py:3033} INFO - Sync 1 DAGs
[2024-02-14T09:28:57.671+0000] {logging_mixin.py:188} INFO - [2024-02-14T09:28:57.671+0000] {dag.py:3820} INFO - Setting next_dagrun for example_python_decorator to None, run_after=None
[2024-02-14T09:28:57.719+0000] {processor.py:183} INFO - Processing /home/codespace/.local/share/virtualenvs/airflow_sandbox-vp-HKq_L/lib/python3.10/site-packages/airflow/example_dags/example_python_decorator.py took 0.083 seconds
[2024-02-14T09:29:52.794+0000] {processor.py:161} INFO - Started process (PID=16311) to work on /home/codespace/.local/share/virtualenvs/airflow_sandbox-vp-HKq_L/lib/python3.10/site-packages/airflow/example_dags/example_python_decorator.py
[2024-02-14T09:29:52.795+0000] {processor.py:830} INFO - Processing file /home/codespace/.local/share/virtualenvs/airflow_sandbox-vp-HKq_L/lib/python3.10/site-packages/airflow/example_dags/example_python_decorator.py for tasks to queue
[2024-02-14T09:29:52.796+0000] {logging_mixin.py:188} INFO - [2024-02-14T09:29:52.796+0000] {dagbag.py:538} INFO - Filling up the DagBag from /home/codespace/.local/share/virtualenvs/airflow_sandbox-vp-HKq_L/lib/python3.10/site-packages/airflow/example_dags/example_python_decorator.py
[2024-02-14T09:29:52.804+0000] {processor.py:840} INFO - DAG(s) 'example_python_decorator' retrieved from /home/codespace/.local/share/virtualenvs/airflow_sandbox-vp-HKq_L/lib/python3.10/site-packages/airflow/example_dags/example_python_decorator.py
[2024-02-14T09:29:52.818+0000] {logging_mixin.py:188} INFO - [2024-02-14T09:29:52.818+0000] {dag.py:3033} INFO - Sync 1 DAGs
[2024-02-14T09:29:52.828+0000] {logging_mixin.py:188} INFO - [2024-02-14T09:29:52.827+0000] {dag.py:3820} INFO - Setting next_dagrun for example_python_decorator to None, run_after=None
[2024-02-14T09:29:52.870+0000] {processor.py:183} INFO - Processing /home/codespace/.local/share/virtualenvs/airflow_sandbox-vp-HKq_L/lib/python3.10/site-packages/airflow/example_dags/example_python_decorator.py took 0.078 seconds
[2024-02-14T09:30:42.345+0000] {processor.py:161} INFO - Started process (PID=16663) to work on /home/codespace/.local/share/virtualenvs/airflow_sandbox-vp-HKq_L/lib/python3.10/site-packages/airflow/example_dags/example_python_decorator.py
[2024-02-14T09:30:42.345+0000] {processor.py:830} INFO - Processing file /home/codespace/.local/share/virtualenvs/airflow_sandbox-vp-HKq_L/lib/python3.10/site-packages/airflow/example_dags/example_python_decorator.py for tasks to queue
[2024-02-14T09:30:42.346+0000] {logging_mixin.py:188} INFO - [2024-02-14T09:30:42.346+0000] {dagbag.py:538} INFO - Filling up the DagBag from /home/codespace/.local/share/virtualenvs/airflow_sandbox-vp-HKq_L/lib/python3.10/site-packages/airflow/example_dags/example_python_decorator.py
[2024-02-14T09:30:42.354+0000] {processor.py:840} INFO - DAG(s) 'example_python_decorator' retrieved from /home/codespace/.local/share/virtualenvs/airflow_sandbox-vp-HKq_L/lib/python3.10/site-packages/airflow/example_dags/example_python_decorator.py
[2024-02-14T09:30:42.367+0000] {logging_mixin.py:188} INFO - [2024-02-14T09:30:42.367+0000] {dag.py:3033} INFO - Sync 1 DAGs
[2024-02-14T09:30:42.382+0000] {logging_mixin.py:188} INFO - [2024-02-14T09:30:42.381+0000] {dag.py:3820} INFO - Setting next_dagrun for example_python_decorator to None, run_after=None
[2024-02-14T09:30:42.429+0000] {processor.py:183} INFO - Processing /home/codespace/.local/share/virtualenvs/airflow_sandbox-vp-HKq_L/lib/python3.10/site-packages/airflow/example_dags/example_python_decorator.py took 0.087 seconds
[2024-02-14T09:31:36.537+0000] {processor.py:161} INFO - Started process (PID=17047) to work on /home/codespace/.local/share/virtualenvs/airflow_sandbox-vp-HKq_L/lib/python3.10/site-packages/airflow/example_dags/example_python_decorator.py
[2024-02-14T09:31:36.537+0000] {processor.py:830} INFO - Processing file /home/codespace/.local/share/virtualenvs/airflow_sandbox-vp-HKq_L/lib/python3.10/site-packages/airflow/example_dags/example_python_decorator.py for tasks to queue
[2024-02-14T09:31:36.538+0000] {logging_mixin.py:188} INFO - [2024-02-14T09:31:36.538+0000] {dagbag.py:538} INFO - Filling up the DagBag from /home/codespace/.local/share/virtualenvs/airflow_sandbox-vp-HKq_L/lib/python3.10/site-packages/airflow/example_dags/example_python_decorator.py
[2024-02-14T09:31:36.546+0000] {processor.py:840} INFO - DAG(s) 'example_python_decorator' retrieved from /home/codespace/.local/share/virtualenvs/airflow_sandbox-vp-HKq_L/lib/python3.10/site-packages/airflow/example_dags/example_python_decorator.py
[2024-02-14T09:31:36.560+0000] {logging_mixin.py:188} INFO - [2024-02-14T09:31:36.560+0000] {dag.py:3033} INFO - Sync 1 DAGs
[2024-02-14T09:31:36.570+0000] {logging_mixin.py:188} INFO - [2024-02-14T09:31:36.570+0000] {dag.py:3820} INFO - Setting next_dagrun for example_python_decorator to None, run_after=None
[2024-02-14T09:31:36.619+0000] {processor.py:183} INFO - Processing /home/codespace/.local/share/virtualenvs/airflow_sandbox-vp-HKq_L/lib/python3.10/site-packages/airflow/example_dags/example_python_decorator.py took 0.085 seconds
[2024-02-14T09:32:31.534+0000] {processor.py:161} INFO - Started process (PID=17442) to work on /home/codespace/.local/share/virtualenvs/airflow_sandbox-vp-HKq_L/lib/python3.10/site-packages/airflow/example_dags/example_python_decorator.py
[2024-02-14T09:32:31.535+0000] {processor.py:830} INFO - Processing file /home/codespace/.local/share/virtualenvs/airflow_sandbox-vp-HKq_L/lib/python3.10/site-packages/airflow/example_dags/example_python_decorator.py for tasks to queue
[2024-02-14T09:32:31.536+0000] {logging_mixin.py:188} INFO - [2024-02-14T09:32:31.536+0000] {dagbag.py:538} INFO - Filling up the DagBag from /home/codespace/.local/share/virtualenvs/airflow_sandbox-vp-HKq_L/lib/python3.10/site-packages/airflow/example_dags/example_python_decorator.py
[2024-02-14T09:32:31.548+0000] {processor.py:840} INFO - DAG(s) 'example_python_decorator' retrieved from /home/codespace/.local/share/virtualenvs/airflow_sandbox-vp-HKq_L/lib/python3.10/site-packages/airflow/example_dags/example_python_decorator.py
[2024-02-14T09:32:31.564+0000] {logging_mixin.py:188} INFO - [2024-02-14T09:32:31.564+0000] {dag.py:3033} INFO - Sync 1 DAGs
[2024-02-14T09:32:31.573+0000] {logging_mixin.py:188} INFO - [2024-02-14T09:32:31.573+0000] {dag.py:3820} INFO - Setting next_dagrun for example_python_decorator to None, run_after=None
[2024-02-14T09:32:31.615+0000] {processor.py:183} INFO - Processing /home/codespace/.local/share/virtualenvs/airflow_sandbox-vp-HKq_L/lib/python3.10/site-packages/airflow/example_dags/example_python_decorator.py took 0.085 seconds
[2024-02-14T09:33:22.321+0000] {processor.py:161} INFO - Started process (PID=17825) to work on /home/codespace/.local/share/virtualenvs/airflow_sandbox-vp-HKq_L/lib/python3.10/site-packages/airflow/example_dags/example_python_decorator.py
[2024-02-14T09:33:22.321+0000] {processor.py:830} INFO - Processing file /home/codespace/.local/share/virtualenvs/airflow_sandbox-vp-HKq_L/lib/python3.10/site-packages/airflow/example_dags/example_python_decorator.py for tasks to queue
[2024-02-14T09:33:22.322+0000] {logging_mixin.py:188} INFO - [2024-02-14T09:33:22.322+0000] {dagbag.py:538} INFO - Filling up the DagBag from /home/codespace/.local/share/virtualenvs/airflow_sandbox-vp-HKq_L/lib/python3.10/site-packages/airflow/example_dags/example_python_decorator.py
[2024-02-14T09:33:22.330+0000] {processor.py:840} INFO - DAG(s) 'example_python_decorator' retrieved from /home/codespace/.local/share/virtualenvs/airflow_sandbox-vp-HKq_L/lib/python3.10/site-packages/airflow/example_dags/example_python_decorator.py
[2024-02-14T09:33:22.344+0000] {logging_mixin.py:188} INFO - [2024-02-14T09:33:22.343+0000] {dag.py:3033} INFO - Sync 1 DAGs
[2024-02-14T09:33:22.353+0000] {logging_mixin.py:188} INFO - [2024-02-14T09:33:22.353+0000] {dag.py:3820} INFO - Setting next_dagrun for example_python_decorator to None, run_after=None
[2024-02-14T09:33:22.402+0000] {processor.py:183} INFO - Processing /home/codespace/.local/share/virtualenvs/airflow_sandbox-vp-HKq_L/lib/python3.10/site-packages/airflow/example_dags/example_python_decorator.py took 0.084 seconds
[2024-02-14T09:34:14.089+0000] {processor.py:161} INFO - Started process (PID=18199) to work on /home/codespace/.local/share/virtualenvs/airflow_sandbox-vp-HKq_L/lib/python3.10/site-packages/airflow/example_dags/example_python_decorator.py
[2024-02-14T09:34:14.089+0000] {processor.py:830} INFO - Processing file /home/codespace/.local/share/virtualenvs/airflow_sandbox-vp-HKq_L/lib/python3.10/site-packages/airflow/example_dags/example_python_decorator.py for tasks to queue
[2024-02-14T09:34:14.090+0000] {logging_mixin.py:188} INFO - [2024-02-14T09:34:14.090+0000] {dagbag.py:538} INFO - Filling up the DagBag from /home/codespace/.local/share/virtualenvs/airflow_sandbox-vp-HKq_L/lib/python3.10/site-packages/airflow/example_dags/example_python_decorator.py
[2024-02-14T09:34:14.098+0000] {processor.py:840} INFO - DAG(s) 'example_python_decorator' retrieved from /home/codespace/.local/share/virtualenvs/airflow_sandbox-vp-HKq_L/lib/python3.10/site-packages/airflow/example_dags/example_python_decorator.py
[2024-02-14T09:34:14.112+0000] {logging_mixin.py:188} INFO - [2024-02-14T09:34:14.112+0000] {dag.py:3033} INFO - Sync 1 DAGs
[2024-02-14T09:34:14.129+0000] {logging_mixin.py:188} INFO - [2024-02-14T09:34:14.129+0000] {dag.py:3820} INFO - Setting next_dagrun for example_python_decorator to None, run_after=None
[2024-02-14T09:34:14.172+0000] {processor.py:183} INFO - Processing /home/codespace/.local/share/virtualenvs/airflow_sandbox-vp-HKq_L/lib/python3.10/site-packages/airflow/example_dags/example_python_decorator.py took 0.085 seconds
