[2024-02-14T09:08:21.358+0000] {processor.py:161} INFO - Started process (PID=4962) to work on /home/codespace/.local/share/virtualenvs/airflow_sandbox-vp-HKq_L/lib/python3.10/site-packages/airflow/example_dags/example_bash_operator.py
[2024-02-14T09:08:21.358+0000] {processor.py:830} INFO - Processing file /home/codespace/.local/share/virtualenvs/airflow_sandbox-vp-HKq_L/lib/python3.10/site-packages/airflow/example_dags/example_bash_operator.py for tasks to queue
[2024-02-14T09:08:21.359+0000] {logging_mixin.py:188} INFO - [2024-02-14T09:08:21.359+0000] {dagbag.py:538} INFO - Filling up the DagBag from /home/codespace/.local/share/virtualenvs/airflow_sandbox-vp-HKq_L/lib/python3.10/site-packages/airflow/example_dags/example_bash_operator.py
[2024-02-14T09:08:21.368+0000] {processor.py:840} INFO - DAG(s) 'example_bash_operator' retrieved from /home/codespace/.local/share/virtualenvs/airflow_sandbox-vp-HKq_L/lib/python3.10/site-packages/airflow/example_dags/example_bash_operator.py
[2024-02-14T09:08:21.388+0000] {logging_mixin.py:188} INFO - [2024-02-14T09:08:21.388+0000] {dag.py:3033} INFO - Sync 1 DAGs
[2024-02-14T09:08:21.404+0000] {logging_mixin.py:188} INFO - [2024-02-14T09:08:21.404+0000] {dag.py:3820} INFO - Setting next_dagrun for example_bash_operator to 2024-02-13T00:00:00+00:00, run_after=2024-02-14T00:00:00+00:00
[2024-02-14T09:08:21.447+0000] {processor.py:183} INFO - Processing /home/codespace/.local/share/virtualenvs/airflow_sandbox-vp-HKq_L/lib/python3.10/site-packages/airflow/example_dags/example_bash_operator.py took 0.091 seconds
[2024-02-14T09:09:28.076+0000] {processor.py:161} INFO - Started process (PID=5981) to work on /home/codespace/.local/share/virtualenvs/airflow_sandbox-vp-HKq_L/lib/python3.10/site-packages/airflow/example_dags/example_bash_operator.py
[2024-02-14T09:09:28.077+0000] {processor.py:830} INFO - Processing file /home/codespace/.local/share/virtualenvs/airflow_sandbox-vp-HKq_L/lib/python3.10/site-packages/airflow/example_dags/example_bash_operator.py for tasks to queue
[2024-02-14T09:09:28.078+0000] {logging_mixin.py:188} INFO - [2024-02-14T09:09:28.078+0000] {dagbag.py:538} INFO - Filling up the DagBag from /home/codespace/.local/share/virtualenvs/airflow_sandbox-vp-HKq_L/lib/python3.10/site-packages/airflow/example_dags/example_bash_operator.py
[2024-02-14T09:09:28.089+0000] {processor.py:840} INFO - DAG(s) 'example_bash_operator' retrieved from /home/codespace/.local/share/virtualenvs/airflow_sandbox-vp-HKq_L/lib/python3.10/site-packages/airflow/example_dags/example_bash_operator.py
[2024-02-14T09:09:28.109+0000] {logging_mixin.py:188} INFO - [2024-02-14T09:09:28.109+0000] {dag.py:3033} INFO - Sync 1 DAGs
[2024-02-14T09:09:28.128+0000] {logging_mixin.py:188} INFO - [2024-02-14T09:09:28.127+0000] {dag.py:3820} INFO - Setting next_dagrun for example_bash_operator to 2024-02-13T00:00:00+00:00, run_after=2024-02-14T00:00:00+00:00
[2024-02-14T09:09:28.168+0000] {processor.py:183} INFO - Processing /home/codespace/.local/share/virtualenvs/airflow_sandbox-vp-HKq_L/lib/python3.10/site-packages/airflow/example_dags/example_bash_operator.py took 0.094 seconds
[2024-02-14T09:10:31.267+0000] {processor.py:161} INFO - Started process (PID=6730) to work on /home/codespace/.local/share/virtualenvs/airflow_sandbox-vp-HKq_L/lib/python3.10/site-packages/airflow/example_dags/example_bash_operator.py
[2024-02-14T09:10:31.267+0000] {processor.py:830} INFO - Processing file /home/codespace/.local/share/virtualenvs/airflow_sandbox-vp-HKq_L/lib/python3.10/site-packages/airflow/example_dags/example_bash_operator.py for tasks to queue
[2024-02-14T09:10:31.268+0000] {logging_mixin.py:188} INFO - [2024-02-14T09:10:31.268+0000] {dagbag.py:538} INFO - Filling up the DagBag from /home/codespace/.local/share/virtualenvs/airflow_sandbox-vp-HKq_L/lib/python3.10/site-packages/airflow/example_dags/example_bash_operator.py
[2024-02-14T09:10:31.277+0000] {processor.py:840} INFO - DAG(s) 'example_bash_operator' retrieved from /home/codespace/.local/share/virtualenvs/airflow_sandbox-vp-HKq_L/lib/python3.10/site-packages/airflow/example_dags/example_bash_operator.py
[2024-02-14T09:10:31.296+0000] {logging_mixin.py:188} INFO - [2024-02-14T09:10:31.296+0000] {dag.py:3033} INFO - Sync 1 DAGs
[2024-02-14T09:10:31.312+0000] {logging_mixin.py:188} INFO - [2024-02-14T09:10:31.312+0000] {dag.py:3820} INFO - Setting next_dagrun for example_bash_operator to 2024-02-13T00:00:00+00:00, run_after=2024-02-14T00:00:00+00:00
[2024-02-14T09:10:31.355+0000] {processor.py:183} INFO - Processing /home/codespace/.local/share/virtualenvs/airflow_sandbox-vp-HKq_L/lib/python3.10/site-packages/airflow/example_dags/example_bash_operator.py took 0.090 seconds
[2024-02-14T09:11:26.009+0000] {processor.py:161} INFO - Started process (PID=7420) to work on /home/codespace/.local/share/virtualenvs/airflow_sandbox-vp-HKq_L/lib/python3.10/site-packages/airflow/example_dags/example_bash_operator.py
[2024-02-14T09:11:26.010+0000] {processor.py:830} INFO - Processing file /home/codespace/.local/share/virtualenvs/airflow_sandbox-vp-HKq_L/lib/python3.10/site-packages/airflow/example_dags/example_bash_operator.py for tasks to queue
[2024-02-14T09:11:26.011+0000] {logging_mixin.py:188} INFO - [2024-02-14T09:11:26.010+0000] {dagbag.py:538} INFO - Filling up the DagBag from /home/codespace/.local/share/virtualenvs/airflow_sandbox-vp-HKq_L/lib/python3.10/site-packages/airflow/example_dags/example_bash_operator.py
[2024-02-14T09:11:26.029+0000] {processor.py:840} INFO - DAG(s) 'example_bash_operator' retrieved from /home/codespace/.local/share/virtualenvs/airflow_sandbox-vp-HKq_L/lib/python3.10/site-packages/airflow/example_dags/example_bash_operator.py
[2024-02-14T09:11:26.085+0000] {logging_mixin.py:188} INFO - [2024-02-14T09:11:26.084+0000] {dag.py:3033} INFO - Sync 1 DAGs
[2024-02-14T09:11:26.126+0000] {logging_mixin.py:188} INFO - [2024-02-14T09:11:26.126+0000] {dag.py:3820} INFO - Setting next_dagrun for example_bash_operator to 2024-02-13T00:00:00+00:00, run_after=2024-02-14T00:00:00+00:00
[2024-02-14T09:11:26.208+0000] {processor.py:183} INFO - Processing /home/codespace/.local/share/virtualenvs/airflow_sandbox-vp-HKq_L/lib/python3.10/site-packages/airflow/example_dags/example_bash_operator.py took 0.209 seconds
[2024-02-14T09:12:20.868+0000] {processor.py:161} INFO - Started process (PID=8037) to work on /home/codespace/.local/share/virtualenvs/airflow_sandbox-vp-HKq_L/lib/python3.10/site-packages/airflow/example_dags/example_bash_operator.py
[2024-02-14T09:12:20.869+0000] {processor.py:830} INFO - Processing file /home/codespace/.local/share/virtualenvs/airflow_sandbox-vp-HKq_L/lib/python3.10/site-packages/airflow/example_dags/example_bash_operator.py for tasks to queue
[2024-02-14T09:12:20.870+0000] {logging_mixin.py:188} INFO - [2024-02-14T09:12:20.870+0000] {dagbag.py:538} INFO - Filling up the DagBag from /home/codespace/.local/share/virtualenvs/airflow_sandbox-vp-HKq_L/lib/python3.10/site-packages/airflow/example_dags/example_bash_operator.py
[2024-02-14T09:12:20.886+0000] {processor.py:840} INFO - DAG(s) 'example_bash_operator' retrieved from /home/codespace/.local/share/virtualenvs/airflow_sandbox-vp-HKq_L/lib/python3.10/site-packages/airflow/example_dags/example_bash_operator.py
[2024-02-14T09:12:20.905+0000] {logging_mixin.py:188} INFO - [2024-02-14T09:12:20.905+0000] {dag.py:3033} INFO - Sync 1 DAGs
[2024-02-14T09:12:20.923+0000] {logging_mixin.py:188} INFO - [2024-02-14T09:12:20.923+0000] {dag.py:3820} INFO - Setting next_dagrun for example_bash_operator to 2024-02-13T00:00:00+00:00, run_after=2024-02-14T00:00:00+00:00
[2024-02-14T09:12:20.964+0000] {processor.py:183} INFO - Processing /home/codespace/.local/share/virtualenvs/airflow_sandbox-vp-HKq_L/lib/python3.10/site-packages/airflow/example_dags/example_bash_operator.py took 0.099 seconds
[2024-02-14T09:13:17.879+0000] {processor.py:161} INFO - Started process (PID=8512) to work on /home/codespace/.local/share/virtualenvs/airflow_sandbox-vp-HKq_L/lib/python3.10/site-packages/airflow/example_dags/example_bash_operator.py
[2024-02-14T09:13:17.880+0000] {processor.py:830} INFO - Processing file /home/codespace/.local/share/virtualenvs/airflow_sandbox-vp-HKq_L/lib/python3.10/site-packages/airflow/example_dags/example_bash_operator.py for tasks to queue
[2024-02-14T09:13:17.881+0000] {logging_mixin.py:188} INFO - [2024-02-14T09:13:17.880+0000] {dagbag.py:538} INFO - Filling up the DagBag from /home/codespace/.local/share/virtualenvs/airflow_sandbox-vp-HKq_L/lib/python3.10/site-packages/airflow/example_dags/example_bash_operator.py
[2024-02-14T09:13:17.890+0000] {processor.py:840} INFO - DAG(s) 'example_bash_operator' retrieved from /home/codespace/.local/share/virtualenvs/airflow_sandbox-vp-HKq_L/lib/python3.10/site-packages/airflow/example_dags/example_bash_operator.py
[2024-02-14T09:13:17.908+0000] {logging_mixin.py:188} INFO - [2024-02-14T09:13:17.908+0000] {dag.py:3033} INFO - Sync 1 DAGs
[2024-02-14T09:13:17.925+0000] {logging_mixin.py:188} INFO - [2024-02-14T09:13:17.925+0000] {dag.py:3820} INFO - Setting next_dagrun for example_bash_operator to 2024-02-13T00:00:00+00:00, run_after=2024-02-14T00:00:00+00:00
[2024-02-14T09:13:17.973+0000] {processor.py:183} INFO - Processing /home/codespace/.local/share/virtualenvs/airflow_sandbox-vp-HKq_L/lib/python3.10/site-packages/airflow/example_dags/example_bash_operator.py took 0.096 seconds
[2024-02-14T09:14:08.580+0000] {processor.py:161} INFO - Started process (PID=8940) to work on /home/codespace/.local/share/virtualenvs/airflow_sandbox-vp-HKq_L/lib/python3.10/site-packages/airflow/example_dags/example_bash_operator.py
[2024-02-14T09:14:08.580+0000] {processor.py:830} INFO - Processing file /home/codespace/.local/share/virtualenvs/airflow_sandbox-vp-HKq_L/lib/python3.10/site-packages/airflow/example_dags/example_bash_operator.py for tasks to queue
[2024-02-14T09:14:08.581+0000] {logging_mixin.py:188} INFO - [2024-02-14T09:14:08.581+0000] {dagbag.py:538} INFO - Filling up the DagBag from /home/codespace/.local/share/virtualenvs/airflow_sandbox-vp-HKq_L/lib/python3.10/site-packages/airflow/example_dags/example_bash_operator.py
[2024-02-14T09:14:08.590+0000] {processor.py:840} INFO - DAG(s) 'example_bash_operator' retrieved from /home/codespace/.local/share/virtualenvs/airflow_sandbox-vp-HKq_L/lib/python3.10/site-packages/airflow/example_dags/example_bash_operator.py
[2024-02-14T09:14:08.609+0000] {logging_mixin.py:188} INFO - [2024-02-14T09:14:08.609+0000] {dag.py:3033} INFO - Sync 1 DAGs
[2024-02-14T09:14:08.628+0000] {logging_mixin.py:188} INFO - [2024-02-14T09:14:08.628+0000] {dag.py:3820} INFO - Setting next_dagrun for example_bash_operator to 2024-02-13T00:00:00+00:00, run_after=2024-02-14T00:00:00+00:00
[2024-02-14T09:14:08.668+0000] {processor.py:183} INFO - Processing /home/codespace/.local/share/virtualenvs/airflow_sandbox-vp-HKq_L/lib/python3.10/site-packages/airflow/example_dags/example_bash_operator.py took 0.090 seconds
[2024-02-14T09:15:00.468+0000] {processor.py:161} INFO - Started process (PID=9318) to work on /home/codespace/.local/share/virtualenvs/airflow_sandbox-vp-HKq_L/lib/python3.10/site-packages/airflow/example_dags/example_bash_operator.py
[2024-02-14T09:15:00.469+0000] {processor.py:830} INFO - Processing file /home/codespace/.local/share/virtualenvs/airflow_sandbox-vp-HKq_L/lib/python3.10/site-packages/airflow/example_dags/example_bash_operator.py for tasks to queue
[2024-02-14T09:15:00.469+0000] {logging_mixin.py:188} INFO - [2024-02-14T09:15:00.469+0000] {dagbag.py:538} INFO - Filling up the DagBag from /home/codespace/.local/share/virtualenvs/airflow_sandbox-vp-HKq_L/lib/python3.10/site-packages/airflow/example_dags/example_bash_operator.py
[2024-02-14T09:15:00.479+0000] {processor.py:840} INFO - DAG(s) 'example_bash_operator' retrieved from /home/codespace/.local/share/virtualenvs/airflow_sandbox-vp-HKq_L/lib/python3.10/site-packages/airflow/example_dags/example_bash_operator.py
[2024-02-14T09:15:00.497+0000] {logging_mixin.py:188} INFO - [2024-02-14T09:15:00.497+0000] {dag.py:3033} INFO - Sync 1 DAGs
[2024-02-14T09:15:00.516+0000] {logging_mixin.py:188} INFO - [2024-02-14T09:15:00.516+0000] {dag.py:3820} INFO - Setting next_dagrun for example_bash_operator to 2024-02-13T00:00:00+00:00, run_after=2024-02-14T00:00:00+00:00
[2024-02-14T09:15:00.557+0000] {processor.py:183} INFO - Processing /home/codespace/.local/share/virtualenvs/airflow_sandbox-vp-HKq_L/lib/python3.10/site-packages/airflow/example_dags/example_bash_operator.py took 0.092 seconds
[2024-02-14T09:15:53.053+0000] {processor.py:161} INFO - Started process (PID=9682) to work on /home/codespace/.local/share/virtualenvs/airflow_sandbox-vp-HKq_L/lib/python3.10/site-packages/airflow/example_dags/example_bash_operator.py
[2024-02-14T09:15:53.053+0000] {processor.py:830} INFO - Processing file /home/codespace/.local/share/virtualenvs/airflow_sandbox-vp-HKq_L/lib/python3.10/site-packages/airflow/example_dags/example_bash_operator.py for tasks to queue
[2024-02-14T09:15:53.054+0000] {logging_mixin.py:188} INFO - [2024-02-14T09:15:53.054+0000] {dagbag.py:538} INFO - Filling up the DagBag from /home/codespace/.local/share/virtualenvs/airflow_sandbox-vp-HKq_L/lib/python3.10/site-packages/airflow/example_dags/example_bash_operator.py
[2024-02-14T09:15:53.064+0000] {processor.py:840} INFO - DAG(s) 'example_bash_operator' retrieved from /home/codespace/.local/share/virtualenvs/airflow_sandbox-vp-HKq_L/lib/python3.10/site-packages/airflow/example_dags/example_bash_operator.py
[2024-02-14T09:15:53.084+0000] {logging_mixin.py:188} INFO - [2024-02-14T09:15:53.084+0000] {dag.py:3033} INFO - Sync 1 DAGs
[2024-02-14T09:15:53.101+0000] {logging_mixin.py:188} INFO - [2024-02-14T09:15:53.101+0000] {dag.py:3820} INFO - Setting next_dagrun for example_bash_operator to 2024-02-13T00:00:00+00:00, run_after=2024-02-14T00:00:00+00:00
[2024-02-14T09:15:53.144+0000] {processor.py:183} INFO - Processing /home/codespace/.local/share/virtualenvs/airflow_sandbox-vp-HKq_L/lib/python3.10/site-packages/airflow/example_dags/example_bash_operator.py took 0.093 seconds
[2024-02-14T09:16:47.096+0000] {processor.py:161} INFO - Started process (PID=10067) to work on /home/codespace/.local/share/virtualenvs/airflow_sandbox-vp-HKq_L/lib/python3.10/site-packages/airflow/example_dags/example_bash_operator.py
[2024-02-14T09:16:47.097+0000] {processor.py:830} INFO - Processing file /home/codespace/.local/share/virtualenvs/airflow_sandbox-vp-HKq_L/lib/python3.10/site-packages/airflow/example_dags/example_bash_operator.py for tasks to queue
[2024-02-14T09:16:47.098+0000] {logging_mixin.py:188} INFO - [2024-02-14T09:16:47.097+0000] {dagbag.py:538} INFO - Filling up the DagBag from /home/codespace/.local/share/virtualenvs/airflow_sandbox-vp-HKq_L/lib/python3.10/site-packages/airflow/example_dags/example_bash_operator.py
[2024-02-14T09:16:47.108+0000] {processor.py:840} INFO - DAG(s) 'example_bash_operator' retrieved from /home/codespace/.local/share/virtualenvs/airflow_sandbox-vp-HKq_L/lib/python3.10/site-packages/airflow/example_dags/example_bash_operator.py
[2024-02-14T09:16:47.137+0000] {logging_mixin.py:188} INFO - [2024-02-14T09:16:47.136+0000] {dag.py:3033} INFO - Sync 1 DAGs
[2024-02-14T09:16:47.162+0000] {logging_mixin.py:188} INFO - [2024-02-14T09:16:47.161+0000] {dag.py:3820} INFO - Setting next_dagrun for example_bash_operator to 2024-02-13T00:00:00+00:00, run_after=2024-02-14T00:00:00+00:00
[2024-02-14T09:16:47.217+0000] {processor.py:183} INFO - Processing /home/codespace/.local/share/virtualenvs/airflow_sandbox-vp-HKq_L/lib/python3.10/site-packages/airflow/example_dags/example_bash_operator.py took 0.123 seconds
[2024-02-14T09:17:39.879+0000] {processor.py:161} INFO - Started process (PID=10469) to work on /home/codespace/.local/share/virtualenvs/airflow_sandbox-vp-HKq_L/lib/python3.10/site-packages/airflow/example_dags/example_bash_operator.py
[2024-02-14T09:17:39.880+0000] {processor.py:830} INFO - Processing file /home/codespace/.local/share/virtualenvs/airflow_sandbox-vp-HKq_L/lib/python3.10/site-packages/airflow/example_dags/example_bash_operator.py for tasks to queue
[2024-02-14T09:17:39.880+0000] {logging_mixin.py:188} INFO - [2024-02-14T09:17:39.880+0000] {dagbag.py:538} INFO - Filling up the DagBag from /home/codespace/.local/share/virtualenvs/airflow_sandbox-vp-HKq_L/lib/python3.10/site-packages/airflow/example_dags/example_bash_operator.py
[2024-02-14T09:17:39.890+0000] {processor.py:840} INFO - DAG(s) 'example_bash_operator' retrieved from /home/codespace/.local/share/virtualenvs/airflow_sandbox-vp-HKq_L/lib/python3.10/site-packages/airflow/example_dags/example_bash_operator.py
[2024-02-14T09:17:39.908+0000] {logging_mixin.py:188} INFO - [2024-02-14T09:17:39.908+0000] {dag.py:3033} INFO - Sync 1 DAGs
[2024-02-14T09:17:39.924+0000] {logging_mixin.py:188} INFO - [2024-02-14T09:17:39.924+0000] {dag.py:3820} INFO - Setting next_dagrun for example_bash_operator to 2024-02-13T00:00:00+00:00, run_after=2024-02-14T00:00:00+00:00
[2024-02-14T09:17:39.967+0000] {processor.py:183} INFO - Processing /home/codespace/.local/share/virtualenvs/airflow_sandbox-vp-HKq_L/lib/python3.10/site-packages/airflow/example_dags/example_bash_operator.py took 0.090 seconds
[2024-02-14T09:18:31.213+0000] {processor.py:161} INFO - Started process (PID=10839) to work on /home/codespace/.local/share/virtualenvs/airflow_sandbox-vp-HKq_L/lib/python3.10/site-packages/airflow/example_dags/example_bash_operator.py
[2024-02-14T09:18:31.214+0000] {processor.py:830} INFO - Processing file /home/codespace/.local/share/virtualenvs/airflow_sandbox-vp-HKq_L/lib/python3.10/site-packages/airflow/example_dags/example_bash_operator.py for tasks to queue
[2024-02-14T09:18:31.215+0000] {logging_mixin.py:188} INFO - [2024-02-14T09:18:31.214+0000] {dagbag.py:538} INFO - Filling up the DagBag from /home/codespace/.local/share/virtualenvs/airflow_sandbox-vp-HKq_L/lib/python3.10/site-packages/airflow/example_dags/example_bash_operator.py
[2024-02-14T09:18:31.224+0000] {processor.py:840} INFO - DAG(s) 'example_bash_operator' retrieved from /home/codespace/.local/share/virtualenvs/airflow_sandbox-vp-HKq_L/lib/python3.10/site-packages/airflow/example_dags/example_bash_operator.py
[2024-02-14T09:18:31.244+0000] {logging_mixin.py:188} INFO - [2024-02-14T09:18:31.243+0000] {dag.py:3033} INFO - Sync 1 DAGs
[2024-02-14T09:18:31.261+0000] {logging_mixin.py:188} INFO - [2024-02-14T09:18:31.261+0000] {dag.py:3820} INFO - Setting next_dagrun for example_bash_operator to 2024-02-13T00:00:00+00:00, run_after=2024-02-14T00:00:00+00:00
[2024-02-14T09:18:31.304+0000] {processor.py:183} INFO - Processing /home/codespace/.local/share/virtualenvs/airflow_sandbox-vp-HKq_L/lib/python3.10/site-packages/airflow/example_dags/example_bash_operator.py took 0.094 seconds
[2024-02-14T09:19:25.486+0000] {processor.py:161} INFO - Started process (PID=11234) to work on /home/codespace/.local/share/virtualenvs/airflow_sandbox-vp-HKq_L/lib/python3.10/site-packages/airflow/example_dags/example_bash_operator.py
[2024-02-14T09:19:25.487+0000] {processor.py:830} INFO - Processing file /home/codespace/.local/share/virtualenvs/airflow_sandbox-vp-HKq_L/lib/python3.10/site-packages/airflow/example_dags/example_bash_operator.py for tasks to queue
[2024-02-14T09:19:25.488+0000] {logging_mixin.py:188} INFO - [2024-02-14T09:19:25.488+0000] {dagbag.py:538} INFO - Filling up the DagBag from /home/codespace/.local/share/virtualenvs/airflow_sandbox-vp-HKq_L/lib/python3.10/site-packages/airflow/example_dags/example_bash_operator.py
[2024-02-14T09:19:25.498+0000] {processor.py:840} INFO - DAG(s) 'example_bash_operator' retrieved from /home/codespace/.local/share/virtualenvs/airflow_sandbox-vp-HKq_L/lib/python3.10/site-packages/airflow/example_dags/example_bash_operator.py
[2024-02-14T09:19:25.517+0000] {logging_mixin.py:188} INFO - [2024-02-14T09:19:25.517+0000] {dag.py:3033} INFO - Sync 1 DAGs
[2024-02-14T09:19:25.535+0000] {logging_mixin.py:188} INFO - [2024-02-14T09:19:25.534+0000] {dag.py:3820} INFO - Setting next_dagrun for example_bash_operator to 2024-02-13T00:00:00+00:00, run_after=2024-02-14T00:00:00+00:00
[2024-02-14T09:19:25.580+0000] {processor.py:183} INFO - Processing /home/codespace/.local/share/virtualenvs/airflow_sandbox-vp-HKq_L/lib/python3.10/site-packages/airflow/example_dags/example_bash_operator.py took 0.097 seconds
[2024-02-14T09:20:21.979+0000] {processor.py:161} INFO - Started process (PID=12025) to work on /home/codespace/.local/share/virtualenvs/airflow_sandbox-vp-HKq_L/lib/python3.10/site-packages/airflow/example_dags/example_bash_operator.py
[2024-02-14T09:20:21.980+0000] {processor.py:830} INFO - Processing file /home/codespace/.local/share/virtualenvs/airflow_sandbox-vp-HKq_L/lib/python3.10/site-packages/airflow/example_dags/example_bash_operator.py for tasks to queue
[2024-02-14T09:20:21.980+0000] {logging_mixin.py:188} INFO - [2024-02-14T09:20:21.980+0000] {dagbag.py:538} INFO - Filling up the DagBag from /home/codespace/.local/share/virtualenvs/airflow_sandbox-vp-HKq_L/lib/python3.10/site-packages/airflow/example_dags/example_bash_operator.py
[2024-02-14T09:20:21.990+0000] {processor.py:840} INFO - DAG(s) 'example_bash_operator' retrieved from /home/codespace/.local/share/virtualenvs/airflow_sandbox-vp-HKq_L/lib/python3.10/site-packages/airflow/example_dags/example_bash_operator.py
[2024-02-14T09:20:22.009+0000] {logging_mixin.py:188} INFO - [2024-02-14T09:20:22.009+0000] {dag.py:3033} INFO - Sync 1 DAGs
[2024-02-14T09:20:22.026+0000] {logging_mixin.py:188} INFO - [2024-02-14T09:20:22.026+0000] {dag.py:3820} INFO - Setting next_dagrun for example_bash_operator to 2024-02-13T00:00:00+00:00, run_after=2024-02-14T00:00:00+00:00
[2024-02-14T09:20:22.074+0000] {processor.py:183} INFO - Processing /home/codespace/.local/share/virtualenvs/airflow_sandbox-vp-HKq_L/lib/python3.10/site-packages/airflow/example_dags/example_bash_operator.py took 0.097 seconds
[2024-02-14T09:21:10.552+0000] {processor.py:161} INFO - Started process (PID=12474) to work on /home/codespace/.local/share/virtualenvs/airflow_sandbox-vp-HKq_L/lib/python3.10/site-packages/airflow/example_dags/example_bash_operator.py
[2024-02-14T09:21:10.553+0000] {processor.py:830} INFO - Processing file /home/codespace/.local/share/virtualenvs/airflow_sandbox-vp-HKq_L/lib/python3.10/site-packages/airflow/example_dags/example_bash_operator.py for tasks to queue
[2024-02-14T09:21:10.554+0000] {logging_mixin.py:188} INFO - [2024-02-14T09:21:10.554+0000] {dagbag.py:538} INFO - Filling up the DagBag from /home/codespace/.local/share/virtualenvs/airflow_sandbox-vp-HKq_L/lib/python3.10/site-packages/airflow/example_dags/example_bash_operator.py
[2024-02-14T09:21:10.564+0000] {processor.py:840} INFO - DAG(s) 'example_bash_operator' retrieved from /home/codespace/.local/share/virtualenvs/airflow_sandbox-vp-HKq_L/lib/python3.10/site-packages/airflow/example_dags/example_bash_operator.py
[2024-02-14T09:21:10.585+0000] {logging_mixin.py:188} INFO - [2024-02-14T09:21:10.585+0000] {dag.py:3033} INFO - Sync 1 DAGs
[2024-02-14T09:21:10.601+0000] {logging_mixin.py:188} INFO - [2024-02-14T09:21:10.601+0000] {dag.py:3820} INFO - Setting next_dagrun for example_bash_operator to 2024-02-13T00:00:00+00:00, run_after=2024-02-14T00:00:00+00:00
[2024-02-14T09:21:10.643+0000] {processor.py:183} INFO - Processing /home/codespace/.local/share/virtualenvs/airflow_sandbox-vp-HKq_L/lib/python3.10/site-packages/airflow/example_dags/example_bash_operator.py took 0.093 seconds
[2024-02-14T09:22:04.886+0000] {processor.py:161} INFO - Started process (PID=12856) to work on /home/codespace/.local/share/virtualenvs/airflow_sandbox-vp-HKq_L/lib/python3.10/site-packages/airflow/example_dags/example_bash_operator.py
[2024-02-14T09:22:04.887+0000] {processor.py:830} INFO - Processing file /home/codespace/.local/share/virtualenvs/airflow_sandbox-vp-HKq_L/lib/python3.10/site-packages/airflow/example_dags/example_bash_operator.py for tasks to queue
[2024-02-14T09:22:04.888+0000] {logging_mixin.py:188} INFO - [2024-02-14T09:22:04.888+0000] {dagbag.py:538} INFO - Filling up the DagBag from /home/codespace/.local/share/virtualenvs/airflow_sandbox-vp-HKq_L/lib/python3.10/site-packages/airflow/example_dags/example_bash_operator.py
[2024-02-14T09:22:04.899+0000] {processor.py:840} INFO - DAG(s) 'example_bash_operator' retrieved from /home/codespace/.local/share/virtualenvs/airflow_sandbox-vp-HKq_L/lib/python3.10/site-packages/airflow/example_dags/example_bash_operator.py
[2024-02-14T09:22:04.917+0000] {logging_mixin.py:188} INFO - [2024-02-14T09:22:04.917+0000] {dag.py:3033} INFO - Sync 1 DAGs
[2024-02-14T09:22:04.935+0000] {logging_mixin.py:188} INFO - [2024-02-14T09:22:04.935+0000] {dag.py:3820} INFO - Setting next_dagrun for example_bash_operator to 2024-02-13T00:00:00+00:00, run_after=2024-02-14T00:00:00+00:00
[2024-02-14T09:22:04.977+0000] {processor.py:183} INFO - Processing /home/codespace/.local/share/virtualenvs/airflow_sandbox-vp-HKq_L/lib/python3.10/site-packages/airflow/example_dags/example_bash_operator.py took 0.093 seconds
[2024-02-14T09:23:03.849+0000] {processor.py:161} INFO - Started process (PID=13299) to work on /home/codespace/.local/share/virtualenvs/airflow_sandbox-vp-HKq_L/lib/python3.10/site-packages/airflow/example_dags/example_bash_operator.py
[2024-02-14T09:23:03.849+0000] {processor.py:830} INFO - Processing file /home/codespace/.local/share/virtualenvs/airflow_sandbox-vp-HKq_L/lib/python3.10/site-packages/airflow/example_dags/example_bash_operator.py for tasks to queue
[2024-02-14T09:23:03.850+0000] {logging_mixin.py:188} INFO - [2024-02-14T09:23:03.850+0000] {dagbag.py:538} INFO - Filling up the DagBag from /home/codespace/.local/share/virtualenvs/airflow_sandbox-vp-HKq_L/lib/python3.10/site-packages/airflow/example_dags/example_bash_operator.py
[2024-02-14T09:23:03.860+0000] {processor.py:840} INFO - DAG(s) 'example_bash_operator' retrieved from /home/codespace/.local/share/virtualenvs/airflow_sandbox-vp-HKq_L/lib/python3.10/site-packages/airflow/example_dags/example_bash_operator.py
[2024-02-14T09:23:03.878+0000] {logging_mixin.py:188} INFO - [2024-02-14T09:23:03.878+0000] {dag.py:3033} INFO - Sync 1 DAGs
[2024-02-14T09:23:03.895+0000] {logging_mixin.py:188} INFO - [2024-02-14T09:23:03.895+0000] {dag.py:3820} INFO - Setting next_dagrun for example_bash_operator to 2024-02-13T00:00:00+00:00, run_after=2024-02-14T00:00:00+00:00
[2024-02-14T09:23:03.939+0000] {processor.py:183} INFO - Processing /home/codespace/.local/share/virtualenvs/airflow_sandbox-vp-HKq_L/lib/python3.10/site-packages/airflow/example_dags/example_bash_operator.py took 0.093 seconds
[2024-02-14T09:23:59.795+0000] {processor.py:161} INFO - Started process (PID=13689) to work on /home/codespace/.local/share/virtualenvs/airflow_sandbox-vp-HKq_L/lib/python3.10/site-packages/airflow/example_dags/example_bash_operator.py
[2024-02-14T09:23:59.797+0000] {processor.py:830} INFO - Processing file /home/codespace/.local/share/virtualenvs/airflow_sandbox-vp-HKq_L/lib/python3.10/site-packages/airflow/example_dags/example_bash_operator.py for tasks to queue
[2024-02-14T09:23:59.798+0000] {logging_mixin.py:188} INFO - [2024-02-14T09:23:59.798+0000] {dagbag.py:538} INFO - Filling up the DagBag from /home/codespace/.local/share/virtualenvs/airflow_sandbox-vp-HKq_L/lib/python3.10/site-packages/airflow/example_dags/example_bash_operator.py
[2024-02-14T09:23:59.815+0000] {processor.py:840} INFO - DAG(s) 'example_bash_operator' retrieved from /home/codespace/.local/share/virtualenvs/airflow_sandbox-vp-HKq_L/lib/python3.10/site-packages/airflow/example_dags/example_bash_operator.py
[2024-02-14T09:23:59.847+0000] {logging_mixin.py:188} INFO - [2024-02-14T09:23:59.847+0000] {dag.py:3033} INFO - Sync 1 DAGs
[2024-02-14T09:23:59.870+0000] {logging_mixin.py:188} INFO - [2024-02-14T09:23:59.870+0000] {dag.py:3820} INFO - Setting next_dagrun for example_bash_operator to 2024-02-13T00:00:00+00:00, run_after=2024-02-14T00:00:00+00:00
[2024-02-14T09:23:59.921+0000] {processor.py:183} INFO - Processing /home/codespace/.local/share/virtualenvs/airflow_sandbox-vp-HKq_L/lib/python3.10/site-packages/airflow/example_dags/example_bash_operator.py took 0.137 seconds
[2024-02-14T09:24:57.300+0000] {processor.py:161} INFO - Started process (PID=14081) to work on /home/codespace/.local/share/virtualenvs/airflow_sandbox-vp-HKq_L/lib/python3.10/site-packages/airflow/example_dags/example_bash_operator.py
[2024-02-14T09:24:57.301+0000] {processor.py:830} INFO - Processing file /home/codespace/.local/share/virtualenvs/airflow_sandbox-vp-HKq_L/lib/python3.10/site-packages/airflow/example_dags/example_bash_operator.py for tasks to queue
[2024-02-14T09:24:57.301+0000] {logging_mixin.py:188} INFO - [2024-02-14T09:24:57.301+0000] {dagbag.py:538} INFO - Filling up the DagBag from /home/codespace/.local/share/virtualenvs/airflow_sandbox-vp-HKq_L/lib/python3.10/site-packages/airflow/example_dags/example_bash_operator.py
[2024-02-14T09:24:57.311+0000] {processor.py:840} INFO - DAG(s) 'example_bash_operator' retrieved from /home/codespace/.local/share/virtualenvs/airflow_sandbox-vp-HKq_L/lib/python3.10/site-packages/airflow/example_dags/example_bash_operator.py
[2024-02-14T09:24:57.334+0000] {logging_mixin.py:188} INFO - [2024-02-14T09:24:57.334+0000] {dag.py:3033} INFO - Sync 1 DAGs
[2024-02-14T09:24:57.361+0000] {logging_mixin.py:188} INFO - [2024-02-14T09:24:57.360+0000] {dag.py:3820} INFO - Setting next_dagrun for example_bash_operator to 2024-02-13T00:00:00+00:00, run_after=2024-02-14T00:00:00+00:00
[2024-02-14T09:24:57.412+0000] {processor.py:183} INFO - Processing /home/codespace/.local/share/virtualenvs/airflow_sandbox-vp-HKq_L/lib/python3.10/site-packages/airflow/example_dags/example_bash_operator.py took 0.115 seconds
[2024-02-14T09:25:50.895+0000] {processor.py:161} INFO - Started process (PID=14450) to work on /home/codespace/.local/share/virtualenvs/airflow_sandbox-vp-HKq_L/lib/python3.10/site-packages/airflow/example_dags/example_bash_operator.py
[2024-02-14T09:25:50.895+0000] {processor.py:830} INFO - Processing file /home/codespace/.local/share/virtualenvs/airflow_sandbox-vp-HKq_L/lib/python3.10/site-packages/airflow/example_dags/example_bash_operator.py for tasks to queue
[2024-02-14T09:25:50.896+0000] {logging_mixin.py:188} INFO - [2024-02-14T09:25:50.896+0000] {dagbag.py:538} INFO - Filling up the DagBag from /home/codespace/.local/share/virtualenvs/airflow_sandbox-vp-HKq_L/lib/python3.10/site-packages/airflow/example_dags/example_bash_operator.py
[2024-02-14T09:25:50.905+0000] {processor.py:840} INFO - DAG(s) 'example_bash_operator' retrieved from /home/codespace/.local/share/virtualenvs/airflow_sandbox-vp-HKq_L/lib/python3.10/site-packages/airflow/example_dags/example_bash_operator.py
[2024-02-14T09:25:50.926+0000] {logging_mixin.py:188} INFO - [2024-02-14T09:25:50.925+0000] {dag.py:3033} INFO - Sync 1 DAGs
[2024-02-14T09:25:50.943+0000] {logging_mixin.py:188} INFO - [2024-02-14T09:25:50.942+0000] {dag.py:3820} INFO - Setting next_dagrun for example_bash_operator to 2024-02-13T00:00:00+00:00, run_after=2024-02-14T00:00:00+00:00
[2024-02-14T09:25:50.984+0000] {processor.py:183} INFO - Processing /home/codespace/.local/share/virtualenvs/airflow_sandbox-vp-HKq_L/lib/python3.10/site-packages/airflow/example_dags/example_bash_operator.py took 0.092 seconds
[2024-02-14T09:26:42.422+0000] {processor.py:161} INFO - Started process (PID=14798) to work on /home/codespace/.local/share/virtualenvs/airflow_sandbox-vp-HKq_L/lib/python3.10/site-packages/airflow/example_dags/example_bash_operator.py
[2024-02-14T09:26:42.423+0000] {processor.py:830} INFO - Processing file /home/codespace/.local/share/virtualenvs/airflow_sandbox-vp-HKq_L/lib/python3.10/site-packages/airflow/example_dags/example_bash_operator.py for tasks to queue
[2024-02-14T09:26:42.424+0000] {logging_mixin.py:188} INFO - [2024-02-14T09:26:42.423+0000] {dagbag.py:538} INFO - Filling up the DagBag from /home/codespace/.local/share/virtualenvs/airflow_sandbox-vp-HKq_L/lib/python3.10/site-packages/airflow/example_dags/example_bash_operator.py
[2024-02-14T09:26:42.434+0000] {processor.py:840} INFO - DAG(s) 'example_bash_operator' retrieved from /home/codespace/.local/share/virtualenvs/airflow_sandbox-vp-HKq_L/lib/python3.10/site-packages/airflow/example_dags/example_bash_operator.py
[2024-02-14T09:26:42.462+0000] {logging_mixin.py:188} INFO - [2024-02-14T09:26:42.462+0000] {dag.py:3033} INFO - Sync 1 DAGs
[2024-02-14T09:26:42.493+0000] {logging_mixin.py:188} INFO - [2024-02-14T09:26:42.493+0000] {dag.py:3820} INFO - Setting next_dagrun for example_bash_operator to 2024-02-13T00:00:00+00:00, run_after=2024-02-14T00:00:00+00:00
[2024-02-14T09:26:42.548+0000] {processor.py:183} INFO - Processing /home/codespace/.local/share/virtualenvs/airflow_sandbox-vp-HKq_L/lib/python3.10/site-packages/airflow/example_dags/example_bash_operator.py took 0.128 seconds
[2024-02-14T09:27:38.194+0000] {processor.py:161} INFO - Started process (PID=15228) to work on /home/codespace/.local/share/virtualenvs/airflow_sandbox-vp-HKq_L/lib/python3.10/site-packages/airflow/example_dags/example_bash_operator.py
[2024-02-14T09:27:38.195+0000] {processor.py:830} INFO - Processing file /home/codespace/.local/share/virtualenvs/airflow_sandbox-vp-HKq_L/lib/python3.10/site-packages/airflow/example_dags/example_bash_operator.py for tasks to queue
[2024-02-14T09:27:38.196+0000] {logging_mixin.py:188} INFO - [2024-02-14T09:27:38.195+0000] {dagbag.py:538} INFO - Filling up the DagBag from /home/codespace/.local/share/virtualenvs/airflow_sandbox-vp-HKq_L/lib/python3.10/site-packages/airflow/example_dags/example_bash_operator.py
[2024-02-14T09:27:38.205+0000] {processor.py:840} INFO - DAG(s) 'example_bash_operator' retrieved from /home/codespace/.local/share/virtualenvs/airflow_sandbox-vp-HKq_L/lib/python3.10/site-packages/airflow/example_dags/example_bash_operator.py
[2024-02-14T09:27:38.225+0000] {logging_mixin.py:188} INFO - [2024-02-14T09:27:38.225+0000] {dag.py:3033} INFO - Sync 1 DAGs
[2024-02-14T09:27:38.242+0000] {logging_mixin.py:188} INFO - [2024-02-14T09:27:38.242+0000] {dag.py:3820} INFO - Setting next_dagrun for example_bash_operator to 2024-02-13T00:00:00+00:00, run_after=2024-02-14T00:00:00+00:00
[2024-02-14T09:27:38.291+0000] {processor.py:183} INFO - Processing /home/codespace/.local/share/virtualenvs/airflow_sandbox-vp-HKq_L/lib/python3.10/site-packages/airflow/example_dags/example_bash_operator.py took 0.099 seconds
[2024-02-14T09:28:32.476+0000] {processor.py:161} INFO - Started process (PID=15604) to work on /home/codespace/.local/share/virtualenvs/airflow_sandbox-vp-HKq_L/lib/python3.10/site-packages/airflow/example_dags/example_bash_operator.py
[2024-02-14T09:28:32.477+0000] {processor.py:830} INFO - Processing file /home/codespace/.local/share/virtualenvs/airflow_sandbox-vp-HKq_L/lib/python3.10/site-packages/airflow/example_dags/example_bash_operator.py for tasks to queue
[2024-02-14T09:28:32.478+0000] {logging_mixin.py:188} INFO - [2024-02-14T09:28:32.477+0000] {dagbag.py:538} INFO - Filling up the DagBag from /home/codespace/.local/share/virtualenvs/airflow_sandbox-vp-HKq_L/lib/python3.10/site-packages/airflow/example_dags/example_bash_operator.py
[2024-02-14T09:28:32.488+0000] {processor.py:840} INFO - DAG(s) 'example_bash_operator' retrieved from /home/codespace/.local/share/virtualenvs/airflow_sandbox-vp-HKq_L/lib/python3.10/site-packages/airflow/example_dags/example_bash_operator.py
[2024-02-14T09:28:32.508+0000] {logging_mixin.py:188} INFO - [2024-02-14T09:28:32.508+0000] {dag.py:3033} INFO - Sync 1 DAGs
[2024-02-14T09:28:32.529+0000] {logging_mixin.py:188} INFO - [2024-02-14T09:28:32.528+0000] {dag.py:3820} INFO - Setting next_dagrun for example_bash_operator to 2024-02-13T00:00:00+00:00, run_after=2024-02-14T00:00:00+00:00
[2024-02-14T09:28:32.575+0000] {processor.py:183} INFO - Processing /home/codespace/.local/share/virtualenvs/airflow_sandbox-vp-HKq_L/lib/python3.10/site-packages/airflow/example_dags/example_bash_operator.py took 0.101 seconds
[2024-02-14T09:29:26.072+0000] {processor.py:161} INFO - Started process (PID=16134) to work on /home/codespace/.local/share/virtualenvs/airflow_sandbox-vp-HKq_L/lib/python3.10/site-packages/airflow/example_dags/example_bash_operator.py
[2024-02-14T09:29:26.073+0000] {processor.py:830} INFO - Processing file /home/codespace/.local/share/virtualenvs/airflow_sandbox-vp-HKq_L/lib/python3.10/site-packages/airflow/example_dags/example_bash_operator.py for tasks to queue
[2024-02-14T09:29:26.074+0000] {logging_mixin.py:188} INFO - [2024-02-14T09:29:26.074+0000] {dagbag.py:538} INFO - Filling up the DagBag from /home/codespace/.local/share/virtualenvs/airflow_sandbox-vp-HKq_L/lib/python3.10/site-packages/airflow/example_dags/example_bash_operator.py
[2024-02-14T09:29:26.084+0000] {processor.py:840} INFO - DAG(s) 'example_bash_operator' retrieved from /home/codespace/.local/share/virtualenvs/airflow_sandbox-vp-HKq_L/lib/python3.10/site-packages/airflow/example_dags/example_bash_operator.py
[2024-02-14T09:29:26.104+0000] {logging_mixin.py:188} INFO - [2024-02-14T09:29:26.103+0000] {dag.py:3033} INFO - Sync 1 DAGs
[2024-02-14T09:29:26.121+0000] {logging_mixin.py:188} INFO - [2024-02-14T09:29:26.121+0000] {dag.py:3820} INFO - Setting next_dagrun for example_bash_operator to 2024-02-13T00:00:00+00:00, run_after=2024-02-14T00:00:00+00:00
[2024-02-14T09:29:26.167+0000] {processor.py:183} INFO - Processing /home/codespace/.local/share/virtualenvs/airflow_sandbox-vp-HKq_L/lib/python3.10/site-packages/airflow/example_dags/example_bash_operator.py took 0.097 seconds
[2024-02-14T09:30:18.652+0000] {processor.py:161} INFO - Started process (PID=16504) to work on /home/codespace/.local/share/virtualenvs/airflow_sandbox-vp-HKq_L/lib/python3.10/site-packages/airflow/example_dags/example_bash_operator.py
[2024-02-14T09:30:18.653+0000] {processor.py:830} INFO - Processing file /home/codespace/.local/share/virtualenvs/airflow_sandbox-vp-HKq_L/lib/python3.10/site-packages/airflow/example_dags/example_bash_operator.py for tasks to queue
[2024-02-14T09:30:18.653+0000] {logging_mixin.py:188} INFO - [2024-02-14T09:30:18.653+0000] {dagbag.py:538} INFO - Filling up the DagBag from /home/codespace/.local/share/virtualenvs/airflow_sandbox-vp-HKq_L/lib/python3.10/site-packages/airflow/example_dags/example_bash_operator.py
[2024-02-14T09:30:18.662+0000] {processor.py:840} INFO - DAG(s) 'example_bash_operator' retrieved from /home/codespace/.local/share/virtualenvs/airflow_sandbox-vp-HKq_L/lib/python3.10/site-packages/airflow/example_dags/example_bash_operator.py
[2024-02-14T09:30:18.682+0000] {logging_mixin.py:188} INFO - [2024-02-14T09:30:18.681+0000] {dag.py:3033} INFO - Sync 1 DAGs
[2024-02-14T09:30:18.698+0000] {logging_mixin.py:188} INFO - [2024-02-14T09:30:18.698+0000] {dag.py:3820} INFO - Setting next_dagrun for example_bash_operator to 2024-02-13T00:00:00+00:00, run_after=2024-02-14T00:00:00+00:00
[2024-02-14T09:30:18.740+0000] {processor.py:183} INFO - Processing /home/codespace/.local/share/virtualenvs/airflow_sandbox-vp-HKq_L/lib/python3.10/site-packages/airflow/example_dags/example_bash_operator.py took 0.090 seconds
[2024-02-14T09:31:10.385+0000] {processor.py:161} INFO - Started process (PID=16880) to work on /home/codespace/.local/share/virtualenvs/airflow_sandbox-vp-HKq_L/lib/python3.10/site-packages/airflow/example_dags/example_bash_operator.py
[2024-02-14T09:31:10.386+0000] {processor.py:830} INFO - Processing file /home/codespace/.local/share/virtualenvs/airflow_sandbox-vp-HKq_L/lib/python3.10/site-packages/airflow/example_dags/example_bash_operator.py for tasks to queue
[2024-02-14T09:31:10.386+0000] {logging_mixin.py:188} INFO - [2024-02-14T09:31:10.386+0000] {dagbag.py:538} INFO - Filling up the DagBag from /home/codespace/.local/share/virtualenvs/airflow_sandbox-vp-HKq_L/lib/python3.10/site-packages/airflow/example_dags/example_bash_operator.py
[2024-02-14T09:31:10.396+0000] {processor.py:840} INFO - DAG(s) 'example_bash_operator' retrieved from /home/codespace/.local/share/virtualenvs/airflow_sandbox-vp-HKq_L/lib/python3.10/site-packages/airflow/example_dags/example_bash_operator.py
[2024-02-14T09:31:10.415+0000] {logging_mixin.py:188} INFO - [2024-02-14T09:31:10.415+0000] {dag.py:3033} INFO - Sync 1 DAGs
[2024-02-14T09:31:10.432+0000] {logging_mixin.py:188} INFO - [2024-02-14T09:31:10.432+0000] {dag.py:3820} INFO - Setting next_dagrun for example_bash_operator to 2024-02-13T00:00:00+00:00, run_after=2024-02-14T00:00:00+00:00
[2024-02-14T09:31:10.474+0000] {processor.py:183} INFO - Processing /home/codespace/.local/share/virtualenvs/airflow_sandbox-vp-HKq_L/lib/python3.10/site-packages/airflow/example_dags/example_bash_operator.py took 0.092 seconds
[2024-02-14T09:32:02.667+0000] {processor.py:161} INFO - Started process (PID=17237) to work on /home/codespace/.local/share/virtualenvs/airflow_sandbox-vp-HKq_L/lib/python3.10/site-packages/airflow/example_dags/example_bash_operator.py
[2024-02-14T09:32:02.668+0000] {processor.py:830} INFO - Processing file /home/codespace/.local/share/virtualenvs/airflow_sandbox-vp-HKq_L/lib/python3.10/site-packages/airflow/example_dags/example_bash_operator.py for tasks to queue
[2024-02-14T09:32:02.669+0000] {logging_mixin.py:188} INFO - [2024-02-14T09:32:02.668+0000] {dagbag.py:538} INFO - Filling up the DagBag from /home/codespace/.local/share/virtualenvs/airflow_sandbox-vp-HKq_L/lib/python3.10/site-packages/airflow/example_dags/example_bash_operator.py
[2024-02-14T09:32:02.678+0000] {processor.py:840} INFO - DAG(s) 'example_bash_operator' retrieved from /home/codespace/.local/share/virtualenvs/airflow_sandbox-vp-HKq_L/lib/python3.10/site-packages/airflow/example_dags/example_bash_operator.py
[2024-02-14T09:32:02.698+0000] {logging_mixin.py:188} INFO - [2024-02-14T09:32:02.698+0000] {dag.py:3033} INFO - Sync 1 DAGs
[2024-02-14T09:32:02.717+0000] {logging_mixin.py:188} INFO - [2024-02-14T09:32:02.717+0000] {dag.py:3820} INFO - Setting next_dagrun for example_bash_operator to 2024-02-13T00:00:00+00:00, run_after=2024-02-14T00:00:00+00:00
[2024-02-14T09:32:02.762+0000] {processor.py:183} INFO - Processing /home/codespace/.local/share/virtualenvs/airflow_sandbox-vp-HKq_L/lib/python3.10/site-packages/airflow/example_dags/example_bash_operator.py took 0.097 seconds
[2024-02-14T09:32:56.680+0000] {processor.py:161} INFO - Started process (PID=17638) to work on /home/codespace/.local/share/virtualenvs/airflow_sandbox-vp-HKq_L/lib/python3.10/site-packages/airflow/example_dags/example_bash_operator.py
[2024-02-14T09:32:56.681+0000] {processor.py:830} INFO - Processing file /home/codespace/.local/share/virtualenvs/airflow_sandbox-vp-HKq_L/lib/python3.10/site-packages/airflow/example_dags/example_bash_operator.py for tasks to queue
[2024-02-14T09:32:56.682+0000] {logging_mixin.py:188} INFO - [2024-02-14T09:32:56.681+0000] {dagbag.py:538} INFO - Filling up the DagBag from /home/codespace/.local/share/virtualenvs/airflow_sandbox-vp-HKq_L/lib/python3.10/site-packages/airflow/example_dags/example_bash_operator.py
[2024-02-14T09:32:56.691+0000] {processor.py:840} INFO - DAG(s) 'example_bash_operator' retrieved from /home/codespace/.local/share/virtualenvs/airflow_sandbox-vp-HKq_L/lib/python3.10/site-packages/airflow/example_dags/example_bash_operator.py
[2024-02-14T09:32:56.711+0000] {logging_mixin.py:188} INFO - [2024-02-14T09:32:56.711+0000] {dag.py:3033} INFO - Sync 1 DAGs
[2024-02-14T09:32:56.729+0000] {logging_mixin.py:188} INFO - [2024-02-14T09:32:56.729+0000] {dag.py:3820} INFO - Setting next_dagrun for example_bash_operator to 2024-02-13T00:00:00+00:00, run_after=2024-02-14T00:00:00+00:00
[2024-02-14T09:32:56.786+0000] {processor.py:183} INFO - Processing /home/codespace/.local/share/virtualenvs/airflow_sandbox-vp-HKq_L/lib/python3.10/site-packages/airflow/example_dags/example_bash_operator.py took 0.109 seconds
[2024-02-14T09:33:48.151+0000] {processor.py:161} INFO - Started process (PID=17994) to work on /home/codespace/.local/share/virtualenvs/airflow_sandbox-vp-HKq_L/lib/python3.10/site-packages/airflow/example_dags/example_bash_operator.py
[2024-02-14T09:33:48.152+0000] {processor.py:830} INFO - Processing file /home/codespace/.local/share/virtualenvs/airflow_sandbox-vp-HKq_L/lib/python3.10/site-packages/airflow/example_dags/example_bash_operator.py for tasks to queue
[2024-02-14T09:33:48.153+0000] {logging_mixin.py:188} INFO - [2024-02-14T09:33:48.153+0000] {dagbag.py:538} INFO - Filling up the DagBag from /home/codespace/.local/share/virtualenvs/airflow_sandbox-vp-HKq_L/lib/python3.10/site-packages/airflow/example_dags/example_bash_operator.py
[2024-02-14T09:33:48.167+0000] {processor.py:840} INFO - DAG(s) 'example_bash_operator' retrieved from /home/codespace/.local/share/virtualenvs/airflow_sandbox-vp-HKq_L/lib/python3.10/site-packages/airflow/example_dags/example_bash_operator.py
[2024-02-14T09:33:48.196+0000] {logging_mixin.py:188} INFO - [2024-02-14T09:33:48.196+0000] {dag.py:3033} INFO - Sync 1 DAGs
[2024-02-14T09:33:48.214+0000] {logging_mixin.py:188} INFO - [2024-02-14T09:33:48.214+0000] {dag.py:3820} INFO - Setting next_dagrun for example_bash_operator to 2024-02-13T00:00:00+00:00, run_after=2024-02-14T00:00:00+00:00
[2024-02-14T09:33:48.257+0000] {processor.py:183} INFO - Processing /home/codespace/.local/share/virtualenvs/airflow_sandbox-vp-HKq_L/lib/python3.10/site-packages/airflow/example_dags/example_bash_operator.py took 0.109 seconds
[2024-02-14T09:34:41.909+0000] {processor.py:161} INFO - Started process (PID=18489) to work on /home/codespace/.local/share/virtualenvs/airflow_sandbox-vp-HKq_L/lib/python3.10/site-packages/airflow/example_dags/example_bash_operator.py
[2024-02-14T09:34:41.910+0000] {processor.py:830} INFO - Processing file /home/codespace/.local/share/virtualenvs/airflow_sandbox-vp-HKq_L/lib/python3.10/site-packages/airflow/example_dags/example_bash_operator.py for tasks to queue
[2024-02-14T09:34:41.911+0000] {logging_mixin.py:188} INFO - [2024-02-14T09:34:41.911+0000] {dagbag.py:538} INFO - Filling up the DagBag from /home/codespace/.local/share/virtualenvs/airflow_sandbox-vp-HKq_L/lib/python3.10/site-packages/airflow/example_dags/example_bash_operator.py
[2024-02-14T09:34:41.922+0000] {processor.py:840} INFO - DAG(s) 'example_bash_operator' retrieved from /home/codespace/.local/share/virtualenvs/airflow_sandbox-vp-HKq_L/lib/python3.10/site-packages/airflow/example_dags/example_bash_operator.py
[2024-02-14T09:34:41.943+0000] {logging_mixin.py:188} INFO - [2024-02-14T09:34:41.943+0000] {dag.py:3033} INFO - Sync 1 DAGs
[2024-02-14T09:34:41.961+0000] {logging_mixin.py:188} INFO - [2024-02-14T09:34:41.961+0000] {dag.py:3820} INFO - Setting next_dagrun for example_bash_operator to 2024-02-13T00:00:00+00:00, run_after=2024-02-14T00:00:00+00:00
[2024-02-14T09:34:42.003+0000] {processor.py:183} INFO - Processing /home/codespace/.local/share/virtualenvs/airflow_sandbox-vp-HKq_L/lib/python3.10/site-packages/airflow/example_dags/example_bash_operator.py took 0.096 seconds
