[2024-02-14T09:08:02.256+0000] {processor.py:161} INFO - Started process (PID=4734) to work on /home/codespace/.local/share/virtualenvs/airflow_sandbox-vp-HKq_L/lib/python3.10/site-packages/airflow/example_dags/example_python_operator.py
[2024-02-14T09:08:02.257+0000] {processor.py:830} INFO - Processing file /home/codespace/.local/share/virtualenvs/airflow_sandbox-vp-HKq_L/lib/python3.10/site-packages/airflow/example_dags/example_python_operator.py for tasks to queue
[2024-02-14T09:08:02.258+0000] {logging_mixin.py:188} INFO - [2024-02-14T09:08:02.258+0000] {dagbag.py:538} INFO - Filling up the DagBag from /home/codespace/.local/share/virtualenvs/airflow_sandbox-vp-HKq_L/lib/python3.10/site-packages/airflow/example_dags/example_python_operator.py
[2024-02-14T09:08:02.272+0000] {processor.py:840} INFO - DAG(s) 'example_python_operator' retrieved from /home/codespace/.local/share/virtualenvs/airflow_sandbox-vp-HKq_L/lib/python3.10/site-packages/airflow/example_dags/example_python_operator.py
[2024-02-14T09:08:02.375+0000] {logging_mixin.py:188} INFO - [2024-02-14T09:08:02.375+0000] {dag.py:3033} INFO - Sync 1 DAGs
[2024-02-14T09:08:02.384+0000] {logging_mixin.py:188} INFO - [2024-02-14T09:08:02.383+0000] {dag.py:3820} INFO - Setting next_dagrun for example_python_operator to None, run_after=None
[2024-02-14T09:08:02.425+0000] {processor.py:183} INFO - Processing /home/codespace/.local/share/virtualenvs/airflow_sandbox-vp-HKq_L/lib/python3.10/site-packages/airflow/example_dags/example_python_operator.py took 0.172 seconds
[2024-02-14T09:08:51.840+0000] {processor.py:161} INFO - Started process (PID=5392) to work on /home/codespace/.local/share/virtualenvs/airflow_sandbox-vp-HKq_L/lib/python3.10/site-packages/airflow/example_dags/example_python_operator.py
[2024-02-14T09:08:51.841+0000] {processor.py:830} INFO - Processing file /home/codespace/.local/share/virtualenvs/airflow_sandbox-vp-HKq_L/lib/python3.10/site-packages/airflow/example_dags/example_python_operator.py for tasks to queue
[2024-02-14T09:08:51.842+0000] {logging_mixin.py:188} INFO - [2024-02-14T09:08:51.841+0000] {dagbag.py:538} INFO - Filling up the DagBag from /home/codespace/.local/share/virtualenvs/airflow_sandbox-vp-HKq_L/lib/python3.10/site-packages/airflow/example_dags/example_python_operator.py
[2024-02-14T09:08:51.850+0000] {processor.py:840} INFO - DAG(s) 'example_python_operator' retrieved from /home/codespace/.local/share/virtualenvs/airflow_sandbox-vp-HKq_L/lib/python3.10/site-packages/airflow/example_dags/example_python_operator.py
[2024-02-14T09:08:51.863+0000] {logging_mixin.py:188} INFO - [2024-02-14T09:08:51.863+0000] {dag.py:3033} INFO - Sync 1 DAGs
[2024-02-14T09:08:51.872+0000] {logging_mixin.py:188} INFO - [2024-02-14T09:08:51.872+0000] {dag.py:3820} INFO - Setting next_dagrun for example_python_operator to None, run_after=None
[2024-02-14T09:08:51.913+0000] {processor.py:183} INFO - Processing /home/codespace/.local/share/virtualenvs/airflow_sandbox-vp-HKq_L/lib/python3.10/site-packages/airflow/example_dags/example_python_operator.py took 0.075 seconds
[2024-02-14T09:09:46.107+0000] {processor.py:161} INFO - Started process (PID=6194) to work on /home/codespace/.local/share/virtualenvs/airflow_sandbox-vp-HKq_L/lib/python3.10/site-packages/airflow/example_dags/example_python_operator.py
[2024-02-14T09:09:46.109+0000] {processor.py:830} INFO - Processing file /home/codespace/.local/share/virtualenvs/airflow_sandbox-vp-HKq_L/lib/python3.10/site-packages/airflow/example_dags/example_python_operator.py for tasks to queue
[2024-02-14T09:09:46.110+0000] {logging_mixin.py:188} INFO - [2024-02-14T09:09:46.109+0000] {dagbag.py:538} INFO - Filling up the DagBag from /home/codespace/.local/share/virtualenvs/airflow_sandbox-vp-HKq_L/lib/python3.10/site-packages/airflow/example_dags/example_python_operator.py
[2024-02-14T09:09:46.123+0000] {processor.py:840} INFO - DAG(s) 'example_python_operator' retrieved from /home/codespace/.local/share/virtualenvs/airflow_sandbox-vp-HKq_L/lib/python3.10/site-packages/airflow/example_dags/example_python_operator.py
[2024-02-14T09:09:46.175+0000] {logging_mixin.py:188} INFO - [2024-02-14T09:09:46.175+0000] {dag.py:3033} INFO - Sync 1 DAGs
[2024-02-14T09:09:46.292+0000] {logging_mixin.py:188} INFO - [2024-02-14T09:09:46.291+0000] {dag.py:3820} INFO - Setting next_dagrun for example_python_operator to None, run_after=None
[2024-02-14T09:09:46.333+0000] {processor.py:183} INFO - Processing /home/codespace/.local/share/virtualenvs/airflow_sandbox-vp-HKq_L/lib/python3.10/site-packages/airflow/example_dags/example_python_operator.py took 0.229 seconds
[2024-02-14T09:10:44.445+0000] {processor.py:161} INFO - Started process (PID=6841) to work on /home/codespace/.local/share/virtualenvs/airflow_sandbox-vp-HKq_L/lib/python3.10/site-packages/airflow/example_dags/example_python_operator.py
[2024-02-14T09:10:44.446+0000] {processor.py:830} INFO - Processing file /home/codespace/.local/share/virtualenvs/airflow_sandbox-vp-HKq_L/lib/python3.10/site-packages/airflow/example_dags/example_python_operator.py for tasks to queue
[2024-02-14T09:10:44.447+0000] {logging_mixin.py:188} INFO - [2024-02-14T09:10:44.446+0000] {dagbag.py:538} INFO - Filling up the DagBag from /home/codespace/.local/share/virtualenvs/airflow_sandbox-vp-HKq_L/lib/python3.10/site-packages/airflow/example_dags/example_python_operator.py
[2024-02-14T09:10:44.456+0000] {processor.py:840} INFO - DAG(s) 'example_python_operator' retrieved from /home/codespace/.local/share/virtualenvs/airflow_sandbox-vp-HKq_L/lib/python3.10/site-packages/airflow/example_dags/example_python_operator.py
[2024-02-14T09:10:44.470+0000] {logging_mixin.py:188} INFO - [2024-02-14T09:10:44.469+0000] {dag.py:3033} INFO - Sync 1 DAGs
[2024-02-14T09:10:44.482+0000] {logging_mixin.py:188} INFO - [2024-02-14T09:10:44.482+0000] {dag.py:3820} INFO - Setting next_dagrun for example_python_operator to None, run_after=None
[2024-02-14T09:10:44.526+0000] {processor.py:183} INFO - Processing /home/codespace/.local/share/virtualenvs/airflow_sandbox-vp-HKq_L/lib/python3.10/site-packages/airflow/example_dags/example_python_operator.py took 0.083 seconds
[2024-02-14T09:11:37.778+0000] {processor.py:161} INFO - Started process (PID=7603) to work on /home/codespace/.local/share/virtualenvs/airflow_sandbox-vp-HKq_L/lib/python3.10/site-packages/airflow/example_dags/example_python_operator.py
[2024-02-14T09:11:37.780+0000] {processor.py:830} INFO - Processing file /home/codespace/.local/share/virtualenvs/airflow_sandbox-vp-HKq_L/lib/python3.10/site-packages/airflow/example_dags/example_python_operator.py for tasks to queue
[2024-02-14T09:11:37.782+0000] {logging_mixin.py:188} INFO - [2024-02-14T09:11:37.781+0000] {dagbag.py:538} INFO - Filling up the DagBag from /home/codespace/.local/share/virtualenvs/airflow_sandbox-vp-HKq_L/lib/python3.10/site-packages/airflow/example_dags/example_python_operator.py
[2024-02-14T09:11:37.797+0000] {processor.py:840} INFO - DAG(s) 'example_python_operator' retrieved from /home/codespace/.local/share/virtualenvs/airflow_sandbox-vp-HKq_L/lib/python3.10/site-packages/airflow/example_dags/example_python_operator.py
[2024-02-14T09:11:37.831+0000] {logging_mixin.py:188} INFO - [2024-02-14T09:11:37.830+0000] {dag.py:3033} INFO - Sync 1 DAGs
[2024-02-14T09:11:37.885+0000] {logging_mixin.py:188} INFO - [2024-02-14T09:11:37.884+0000] {dag.py:3820} INFO - Setting next_dagrun for example_python_operator to None, run_after=None
[2024-02-14T09:11:37.930+0000] {processor.py:183} INFO - Processing /home/codespace/.local/share/virtualenvs/airflow_sandbox-vp-HKq_L/lib/python3.10/site-packages/airflow/example_dags/example_python_operator.py took 0.155 seconds
[2024-02-14T09:12:32.466+0000] {processor.py:161} INFO - Started process (PID=8142) to work on /home/codespace/.local/share/virtualenvs/airflow_sandbox-vp-HKq_L/lib/python3.10/site-packages/airflow/example_dags/example_python_operator.py
[2024-02-14T09:12:32.467+0000] {processor.py:830} INFO - Processing file /home/codespace/.local/share/virtualenvs/airflow_sandbox-vp-HKq_L/lib/python3.10/site-packages/airflow/example_dags/example_python_operator.py for tasks to queue
[2024-02-14T09:12:32.468+0000] {logging_mixin.py:188} INFO - [2024-02-14T09:12:32.467+0000] {dagbag.py:538} INFO - Filling up the DagBag from /home/codespace/.local/share/virtualenvs/airflow_sandbox-vp-HKq_L/lib/python3.10/site-packages/airflow/example_dags/example_python_operator.py
[2024-02-14T09:12:32.478+0000] {processor.py:840} INFO - DAG(s) 'example_python_operator' retrieved from /home/codespace/.local/share/virtualenvs/airflow_sandbox-vp-HKq_L/lib/python3.10/site-packages/airflow/example_dags/example_python_operator.py
[2024-02-14T09:12:32.492+0000] {logging_mixin.py:188} INFO - [2024-02-14T09:12:32.492+0000] {dag.py:3033} INFO - Sync 1 DAGs
[2024-02-14T09:12:32.501+0000] {logging_mixin.py:188} INFO - [2024-02-14T09:12:32.501+0000] {dag.py:3820} INFO - Setting next_dagrun for example_python_operator to None, run_after=None
[2024-02-14T09:12:32.543+0000] {processor.py:183} INFO - Processing /home/codespace/.local/share/virtualenvs/airflow_sandbox-vp-HKq_L/lib/python3.10/site-packages/airflow/example_dags/example_python_operator.py took 0.079 seconds
[2024-02-14T09:13:29.557+0000] {processor.py:161} INFO - Started process (PID=8612) to work on /home/codespace/.local/share/virtualenvs/airflow_sandbox-vp-HKq_L/lib/python3.10/site-packages/airflow/example_dags/example_python_operator.py
[2024-02-14T09:13:29.558+0000] {processor.py:830} INFO - Processing file /home/codespace/.local/share/virtualenvs/airflow_sandbox-vp-HKq_L/lib/python3.10/site-packages/airflow/example_dags/example_python_operator.py for tasks to queue
[2024-02-14T09:13:29.559+0000] {logging_mixin.py:188} INFO - [2024-02-14T09:13:29.558+0000] {dagbag.py:538} INFO - Filling up the DagBag from /home/codespace/.local/share/virtualenvs/airflow_sandbox-vp-HKq_L/lib/python3.10/site-packages/airflow/example_dags/example_python_operator.py
[2024-02-14T09:13:29.568+0000] {processor.py:840} INFO - DAG(s) 'example_python_operator' retrieved from /home/codespace/.local/share/virtualenvs/airflow_sandbox-vp-HKq_L/lib/python3.10/site-packages/airflow/example_dags/example_python_operator.py
[2024-02-14T09:13:29.582+0000] {logging_mixin.py:188} INFO - [2024-02-14T09:13:29.582+0000] {dag.py:3033} INFO - Sync 1 DAGs
[2024-02-14T09:13:29.591+0000] {logging_mixin.py:188} INFO - [2024-02-14T09:13:29.591+0000] {dag.py:3820} INFO - Setting next_dagrun for example_python_operator to None, run_after=None
[2024-02-14T09:13:29.655+0000] {processor.py:183} INFO - Processing /home/codespace/.local/share/virtualenvs/airflow_sandbox-vp-HKq_L/lib/python3.10/site-packages/airflow/example_dags/example_python_operator.py took 0.100 seconds
[2024-02-14T09:14:21.227+0000] {processor.py:161} INFO - Started process (PID=9044) to work on /home/codespace/.local/share/virtualenvs/airflow_sandbox-vp-HKq_L/lib/python3.10/site-packages/airflow/example_dags/example_python_operator.py
[2024-02-14T09:14:21.228+0000] {processor.py:830} INFO - Processing file /home/codespace/.local/share/virtualenvs/airflow_sandbox-vp-HKq_L/lib/python3.10/site-packages/airflow/example_dags/example_python_operator.py for tasks to queue
[2024-02-14T09:14:21.229+0000] {logging_mixin.py:188} INFO - [2024-02-14T09:14:21.228+0000] {dagbag.py:538} INFO - Filling up the DagBag from /home/codespace/.local/share/virtualenvs/airflow_sandbox-vp-HKq_L/lib/python3.10/site-packages/airflow/example_dags/example_python_operator.py
[2024-02-14T09:14:21.238+0000] {processor.py:840} INFO - DAG(s) 'example_python_operator' retrieved from /home/codespace/.local/share/virtualenvs/airflow_sandbox-vp-HKq_L/lib/python3.10/site-packages/airflow/example_dags/example_python_operator.py
[2024-02-14T09:14:21.251+0000] {logging_mixin.py:188} INFO - [2024-02-14T09:14:21.251+0000] {dag.py:3033} INFO - Sync 1 DAGs
[2024-02-14T09:14:21.259+0000] {logging_mixin.py:188} INFO - [2024-02-14T09:14:21.259+0000] {dag.py:3820} INFO - Setting next_dagrun for example_python_operator to None, run_after=None
[2024-02-14T09:14:21.300+0000] {processor.py:183} INFO - Processing /home/codespace/.local/share/virtualenvs/airflow_sandbox-vp-HKq_L/lib/python3.10/site-packages/airflow/example_dags/example_python_operator.py took 0.075 seconds
[2024-02-14T09:15:12.864+0000] {processor.py:161} INFO - Started process (PID=9398) to work on /home/codespace/.local/share/virtualenvs/airflow_sandbox-vp-HKq_L/lib/python3.10/site-packages/airflow/example_dags/example_python_operator.py
[2024-02-14T09:15:12.864+0000] {processor.py:830} INFO - Processing file /home/codespace/.local/share/virtualenvs/airflow_sandbox-vp-HKq_L/lib/python3.10/site-packages/airflow/example_dags/example_python_operator.py for tasks to queue
[2024-02-14T09:15:12.865+0000] {logging_mixin.py:188} INFO - [2024-02-14T09:15:12.865+0000] {dagbag.py:538} INFO - Filling up the DagBag from /home/codespace/.local/share/virtualenvs/airflow_sandbox-vp-HKq_L/lib/python3.10/site-packages/airflow/example_dags/example_python_operator.py
[2024-02-14T09:15:12.875+0000] {processor.py:840} INFO - DAG(s) 'example_python_operator' retrieved from /home/codespace/.local/share/virtualenvs/airflow_sandbox-vp-HKq_L/lib/python3.10/site-packages/airflow/example_dags/example_python_operator.py
[2024-02-14T09:15:12.888+0000] {logging_mixin.py:188} INFO - [2024-02-14T09:15:12.888+0000] {dag.py:3033} INFO - Sync 1 DAGs
[2024-02-14T09:15:12.897+0000] {logging_mixin.py:188} INFO - [2024-02-14T09:15:12.897+0000] {dag.py:3820} INFO - Setting next_dagrun for example_python_operator to None, run_after=None
[2024-02-14T09:15:12.946+0000] {processor.py:183} INFO - Processing /home/codespace/.local/share/virtualenvs/airflow_sandbox-vp-HKq_L/lib/python3.10/site-packages/airflow/example_dags/example_python_operator.py took 0.085 seconds
[2024-02-14T09:16:03.486+0000] {processor.py:161} INFO - Started process (PID=9756) to work on /home/codespace/.local/share/virtualenvs/airflow_sandbox-vp-HKq_L/lib/python3.10/site-packages/airflow/example_dags/example_python_operator.py
[2024-02-14T09:16:03.487+0000] {processor.py:830} INFO - Processing file /home/codespace/.local/share/virtualenvs/airflow_sandbox-vp-HKq_L/lib/python3.10/site-packages/airflow/example_dags/example_python_operator.py for tasks to queue
[2024-02-14T09:16:03.487+0000] {logging_mixin.py:188} INFO - [2024-02-14T09:16:03.487+0000] {dagbag.py:538} INFO - Filling up the DagBag from /home/codespace/.local/share/virtualenvs/airflow_sandbox-vp-HKq_L/lib/python3.10/site-packages/airflow/example_dags/example_python_operator.py
[2024-02-14T09:16:03.496+0000] {processor.py:840} INFO - DAG(s) 'example_python_operator' retrieved from /home/codespace/.local/share/virtualenvs/airflow_sandbox-vp-HKq_L/lib/python3.10/site-packages/airflow/example_dags/example_python_operator.py
[2024-02-14T09:16:03.510+0000] {logging_mixin.py:188} INFO - [2024-02-14T09:16:03.510+0000] {dag.py:3033} INFO - Sync 1 DAGs
[2024-02-14T09:16:03.523+0000] {logging_mixin.py:188} INFO - [2024-02-14T09:16:03.523+0000] {dag.py:3820} INFO - Setting next_dagrun for example_python_operator to None, run_after=None
[2024-02-14T09:16:03.573+0000] {processor.py:183} INFO - Processing /home/codespace/.local/share/virtualenvs/airflow_sandbox-vp-HKq_L/lib/python3.10/site-packages/airflow/example_dags/example_python_operator.py took 0.090 seconds
[2024-02-14T09:16:59.705+0000] {processor.py:161} INFO - Started process (PID=10146) to work on /home/codespace/.local/share/virtualenvs/airflow_sandbox-vp-HKq_L/lib/python3.10/site-packages/airflow/example_dags/example_python_operator.py
[2024-02-14T09:16:59.706+0000] {processor.py:830} INFO - Processing file /home/codespace/.local/share/virtualenvs/airflow_sandbox-vp-HKq_L/lib/python3.10/site-packages/airflow/example_dags/example_python_operator.py for tasks to queue
[2024-02-14T09:16:59.706+0000] {logging_mixin.py:188} INFO - [2024-02-14T09:16:59.706+0000] {dagbag.py:538} INFO - Filling up the DagBag from /home/codespace/.local/share/virtualenvs/airflow_sandbox-vp-HKq_L/lib/python3.10/site-packages/airflow/example_dags/example_python_operator.py
[2024-02-14T09:16:59.716+0000] {processor.py:840} INFO - DAG(s) 'example_python_operator' retrieved from /home/codespace/.local/share/virtualenvs/airflow_sandbox-vp-HKq_L/lib/python3.10/site-packages/airflow/example_dags/example_python_operator.py
[2024-02-14T09:16:59.731+0000] {logging_mixin.py:188} INFO - [2024-02-14T09:16:59.731+0000] {dag.py:3033} INFO - Sync 1 DAGs
[2024-02-14T09:16:59.739+0000] {logging_mixin.py:188} INFO - [2024-02-14T09:16:59.739+0000] {dag.py:3820} INFO - Setting next_dagrun for example_python_operator to None, run_after=None
[2024-02-14T09:16:59.786+0000] {processor.py:183} INFO - Processing /home/codespace/.local/share/virtualenvs/airflow_sandbox-vp-HKq_L/lib/python3.10/site-packages/airflow/example_dags/example_python_operator.py took 0.083 seconds
[2024-02-14T09:17:50.315+0000] {processor.py:161} INFO - Started process (PID=10541) to work on /home/codespace/.local/share/virtualenvs/airflow_sandbox-vp-HKq_L/lib/python3.10/site-packages/airflow/example_dags/example_python_operator.py
[2024-02-14T09:17:50.316+0000] {processor.py:830} INFO - Processing file /home/codespace/.local/share/virtualenvs/airflow_sandbox-vp-HKq_L/lib/python3.10/site-packages/airflow/example_dags/example_python_operator.py for tasks to queue
[2024-02-14T09:17:50.317+0000] {logging_mixin.py:188} INFO - [2024-02-14T09:17:50.316+0000] {dagbag.py:538} INFO - Filling up the DagBag from /home/codespace/.local/share/virtualenvs/airflow_sandbox-vp-HKq_L/lib/python3.10/site-packages/airflow/example_dags/example_python_operator.py
[2024-02-14T09:17:50.326+0000] {processor.py:840} INFO - DAG(s) 'example_python_operator' retrieved from /home/codespace/.local/share/virtualenvs/airflow_sandbox-vp-HKq_L/lib/python3.10/site-packages/airflow/example_dags/example_python_operator.py
[2024-02-14T09:17:50.340+0000] {logging_mixin.py:188} INFO - [2024-02-14T09:17:50.340+0000] {dag.py:3033} INFO - Sync 1 DAGs
[2024-02-14T09:17:50.348+0000] {logging_mixin.py:188} INFO - [2024-02-14T09:17:50.348+0000] {dag.py:3820} INFO - Setting next_dagrun for example_python_operator to None, run_after=None
[2024-02-14T09:17:50.393+0000] {processor.py:183} INFO - Processing /home/codespace/.local/share/virtualenvs/airflow_sandbox-vp-HKq_L/lib/python3.10/site-packages/airflow/example_dags/example_python_operator.py took 0.081 seconds
[2024-02-14T09:18:42.997+0000] {processor.py:161} INFO - Started process (PID=10923) to work on /home/codespace/.local/share/virtualenvs/airflow_sandbox-vp-HKq_L/lib/python3.10/site-packages/airflow/example_dags/example_python_operator.py
[2024-02-14T09:18:42.998+0000] {processor.py:830} INFO - Processing file /home/codespace/.local/share/virtualenvs/airflow_sandbox-vp-HKq_L/lib/python3.10/site-packages/airflow/example_dags/example_python_operator.py for tasks to queue
[2024-02-14T09:18:42.999+0000] {logging_mixin.py:188} INFO - [2024-02-14T09:18:42.999+0000] {dagbag.py:538} INFO - Filling up the DagBag from /home/codespace/.local/share/virtualenvs/airflow_sandbox-vp-HKq_L/lib/python3.10/site-packages/airflow/example_dags/example_python_operator.py
[2024-02-14T09:18:43.008+0000] {processor.py:840} INFO - DAG(s) 'example_python_operator' retrieved from /home/codespace/.local/share/virtualenvs/airflow_sandbox-vp-HKq_L/lib/python3.10/site-packages/airflow/example_dags/example_python_operator.py
[2024-02-14T09:18:43.021+0000] {logging_mixin.py:188} INFO - [2024-02-14T09:18:43.021+0000] {dag.py:3033} INFO - Sync 1 DAGs
[2024-02-14T09:18:43.030+0000] {logging_mixin.py:188} INFO - [2024-02-14T09:18:43.030+0000] {dag.py:3820} INFO - Setting next_dagrun for example_python_operator to None, run_after=None
[2024-02-14T09:18:43.077+0000] {processor.py:183} INFO - Processing /home/codespace/.local/share/virtualenvs/airflow_sandbox-vp-HKq_L/lib/python3.10/site-packages/airflow/example_dags/example_python_operator.py took 0.082 seconds
[2024-02-14T09:19:37.306+0000] {processor.py:161} INFO - Started process (PID=11319) to work on /home/codespace/.local/share/virtualenvs/airflow_sandbox-vp-HKq_L/lib/python3.10/site-packages/airflow/example_dags/example_python_operator.py
[2024-02-14T09:19:37.307+0000] {processor.py:830} INFO - Processing file /home/codespace/.local/share/virtualenvs/airflow_sandbox-vp-HKq_L/lib/python3.10/site-packages/airflow/example_dags/example_python_operator.py for tasks to queue
[2024-02-14T09:19:37.308+0000] {logging_mixin.py:188} INFO - [2024-02-14T09:19:37.307+0000] {dagbag.py:538} INFO - Filling up the DagBag from /home/codespace/.local/share/virtualenvs/airflow_sandbox-vp-HKq_L/lib/python3.10/site-packages/airflow/example_dags/example_python_operator.py
[2024-02-14T09:19:37.317+0000] {processor.py:840} INFO - DAG(s) 'example_python_operator' retrieved from /home/codespace/.local/share/virtualenvs/airflow_sandbox-vp-HKq_L/lib/python3.10/site-packages/airflow/example_dags/example_python_operator.py
[2024-02-14T09:19:37.330+0000] {logging_mixin.py:188} INFO - [2024-02-14T09:19:37.330+0000] {dag.py:3033} INFO - Sync 1 DAGs
[2024-02-14T09:19:37.339+0000] {logging_mixin.py:188} INFO - [2024-02-14T09:19:37.339+0000] {dag.py:3820} INFO - Setting next_dagrun for example_python_operator to None, run_after=None
[2024-02-14T09:19:37.388+0000] {processor.py:183} INFO - Processing /home/codespace/.local/share/virtualenvs/airflow_sandbox-vp-HKq_L/lib/python3.10/site-packages/airflow/example_dags/example_python_operator.py took 0.084 seconds
[2024-02-14T09:20:32.622+0000] {processor.py:161} INFO - Started process (PID=12188) to work on /home/codespace/.local/share/virtualenvs/airflow_sandbox-vp-HKq_L/lib/python3.10/site-packages/airflow/example_dags/example_python_operator.py
[2024-02-14T09:20:32.622+0000] {processor.py:830} INFO - Processing file /home/codespace/.local/share/virtualenvs/airflow_sandbox-vp-HKq_L/lib/python3.10/site-packages/airflow/example_dags/example_python_operator.py for tasks to queue
[2024-02-14T09:20:32.623+0000] {logging_mixin.py:188} INFO - [2024-02-14T09:20:32.623+0000] {dagbag.py:538} INFO - Filling up the DagBag from /home/codespace/.local/share/virtualenvs/airflow_sandbox-vp-HKq_L/lib/python3.10/site-packages/airflow/example_dags/example_python_operator.py
[2024-02-14T09:20:32.632+0000] {processor.py:840} INFO - DAG(s) 'example_python_operator' retrieved from /home/codespace/.local/share/virtualenvs/airflow_sandbox-vp-HKq_L/lib/python3.10/site-packages/airflow/example_dags/example_python_operator.py
[2024-02-14T09:20:32.645+0000] {logging_mixin.py:188} INFO - [2024-02-14T09:20:32.645+0000] {dag.py:3033} INFO - Sync 1 DAGs
[2024-02-14T09:20:32.655+0000] {logging_mixin.py:188} INFO - [2024-02-14T09:20:32.654+0000] {dag.py:3820} INFO - Setting next_dagrun for example_python_operator to None, run_after=None
[2024-02-14T09:20:32.697+0000] {processor.py:183} INFO - Processing /home/codespace/.local/share/virtualenvs/airflow_sandbox-vp-HKq_L/lib/python3.10/site-packages/airflow/example_dags/example_python_operator.py took 0.077 seconds
[2024-02-14T09:21:22.018+0000] {processor.py:161} INFO - Started process (PID=12553) to work on /home/codespace/.local/share/virtualenvs/airflow_sandbox-vp-HKq_L/lib/python3.10/site-packages/airflow/example_dags/example_python_operator.py
[2024-02-14T09:21:22.019+0000] {processor.py:830} INFO - Processing file /home/codespace/.local/share/virtualenvs/airflow_sandbox-vp-HKq_L/lib/python3.10/site-packages/airflow/example_dags/example_python_operator.py for tasks to queue
[2024-02-14T09:21:22.020+0000] {logging_mixin.py:188} INFO - [2024-02-14T09:21:22.019+0000] {dagbag.py:538} INFO - Filling up the DagBag from /home/codespace/.local/share/virtualenvs/airflow_sandbox-vp-HKq_L/lib/python3.10/site-packages/airflow/example_dags/example_python_operator.py
[2024-02-14T09:21:22.029+0000] {processor.py:840} INFO - DAG(s) 'example_python_operator' retrieved from /home/codespace/.local/share/virtualenvs/airflow_sandbox-vp-HKq_L/lib/python3.10/site-packages/airflow/example_dags/example_python_operator.py
[2024-02-14T09:21:22.043+0000] {logging_mixin.py:188} INFO - [2024-02-14T09:21:22.043+0000] {dag.py:3033} INFO - Sync 1 DAGs
[2024-02-14T09:21:22.052+0000] {logging_mixin.py:188} INFO - [2024-02-14T09:21:22.052+0000] {dag.py:3820} INFO - Setting next_dagrun for example_python_operator to None, run_after=None
[2024-02-14T09:21:22.094+0000] {processor.py:183} INFO - Processing /home/codespace/.local/share/virtualenvs/airflow_sandbox-vp-HKq_L/lib/python3.10/site-packages/airflow/example_dags/example_python_operator.py took 0.077 seconds
[2024-02-14T09:22:18.425+0000] {processor.py:161} INFO - Started process (PID=12967) to work on /home/codespace/.local/share/virtualenvs/airflow_sandbox-vp-HKq_L/lib/python3.10/site-packages/airflow/example_dags/example_python_operator.py
[2024-02-14T09:22:18.426+0000] {processor.py:830} INFO - Processing file /home/codespace/.local/share/virtualenvs/airflow_sandbox-vp-HKq_L/lib/python3.10/site-packages/airflow/example_dags/example_python_operator.py for tasks to queue
[2024-02-14T09:22:18.426+0000] {logging_mixin.py:188} INFO - [2024-02-14T09:22:18.426+0000] {dagbag.py:538} INFO - Filling up the DagBag from /home/codespace/.local/share/virtualenvs/airflow_sandbox-vp-HKq_L/lib/python3.10/site-packages/airflow/example_dags/example_python_operator.py
[2024-02-14T09:22:18.436+0000] {processor.py:840} INFO - DAG(s) 'example_python_operator' retrieved from /home/codespace/.local/share/virtualenvs/airflow_sandbox-vp-HKq_L/lib/python3.10/site-packages/airflow/example_dags/example_python_operator.py
[2024-02-14T09:22:18.449+0000] {logging_mixin.py:188} INFO - [2024-02-14T09:22:18.449+0000] {dag.py:3033} INFO - Sync 1 DAGs
[2024-02-14T09:22:18.458+0000] {logging_mixin.py:188} INFO - [2024-02-14T09:22:18.458+0000] {dag.py:3820} INFO - Setting next_dagrun for example_python_operator to None, run_after=None
[2024-02-14T09:22:18.504+0000] {processor.py:183} INFO - Processing /home/codespace/.local/share/virtualenvs/airflow_sandbox-vp-HKq_L/lib/python3.10/site-packages/airflow/example_dags/example_python_operator.py took 0.081 seconds
[2024-02-14T09:23:15.861+0000] {processor.py:161} INFO - Started process (PID=13379) to work on /home/codespace/.local/share/virtualenvs/airflow_sandbox-vp-HKq_L/lib/python3.10/site-packages/airflow/example_dags/example_python_operator.py
[2024-02-14T09:23:15.862+0000] {processor.py:830} INFO - Processing file /home/codespace/.local/share/virtualenvs/airflow_sandbox-vp-HKq_L/lib/python3.10/site-packages/airflow/example_dags/example_python_operator.py for tasks to queue
[2024-02-14T09:23:15.863+0000] {logging_mixin.py:188} INFO - [2024-02-14T09:23:15.862+0000] {dagbag.py:538} INFO - Filling up the DagBag from /home/codespace/.local/share/virtualenvs/airflow_sandbox-vp-HKq_L/lib/python3.10/site-packages/airflow/example_dags/example_python_operator.py
[2024-02-14T09:23:15.872+0000] {processor.py:840} INFO - DAG(s) 'example_python_operator' retrieved from /home/codespace/.local/share/virtualenvs/airflow_sandbox-vp-HKq_L/lib/python3.10/site-packages/airflow/example_dags/example_python_operator.py
[2024-02-14T09:23:15.889+0000] {logging_mixin.py:188} INFO - [2024-02-14T09:23:15.889+0000] {dag.py:3033} INFO - Sync 1 DAGs
[2024-02-14T09:23:15.898+0000] {logging_mixin.py:188} INFO - [2024-02-14T09:23:15.898+0000] {dag.py:3820} INFO - Setting next_dagrun for example_python_operator to None, run_after=None
[2024-02-14T09:23:15.939+0000] {processor.py:183} INFO - Processing /home/codespace/.local/share/virtualenvs/airflow_sandbox-vp-HKq_L/lib/python3.10/site-packages/airflow/example_dags/example_python_operator.py took 0.080 seconds
[2024-02-14T09:24:13.892+0000] {processor.py:161} INFO - Started process (PID=13789) to work on /home/codespace/.local/share/virtualenvs/airflow_sandbox-vp-HKq_L/lib/python3.10/site-packages/airflow/example_dags/example_python_operator.py
[2024-02-14T09:24:13.892+0000] {processor.py:830} INFO - Processing file /home/codespace/.local/share/virtualenvs/airflow_sandbox-vp-HKq_L/lib/python3.10/site-packages/airflow/example_dags/example_python_operator.py for tasks to queue
[2024-02-14T09:24:13.893+0000] {logging_mixin.py:188} INFO - [2024-02-14T09:24:13.893+0000] {dagbag.py:538} INFO - Filling up the DagBag from /home/codespace/.local/share/virtualenvs/airflow_sandbox-vp-HKq_L/lib/python3.10/site-packages/airflow/example_dags/example_python_operator.py
[2024-02-14T09:24:13.902+0000] {processor.py:840} INFO - DAG(s) 'example_python_operator' retrieved from /home/codespace/.local/share/virtualenvs/airflow_sandbox-vp-HKq_L/lib/python3.10/site-packages/airflow/example_dags/example_python_operator.py
[2024-02-14T09:24:13.916+0000] {logging_mixin.py:188} INFO - [2024-02-14T09:24:13.915+0000] {dag.py:3033} INFO - Sync 1 DAGs
[2024-02-14T09:24:13.925+0000] {logging_mixin.py:188} INFO - [2024-02-14T09:24:13.925+0000] {dag.py:3820} INFO - Setting next_dagrun for example_python_operator to None, run_after=None
[2024-02-14T09:24:13.974+0000] {processor.py:183} INFO - Processing /home/codespace/.local/share/virtualenvs/airflow_sandbox-vp-HKq_L/lib/python3.10/site-packages/airflow/example_dags/example_python_operator.py took 0.084 seconds
[2024-02-14T09:25:08.292+0000] {processor.py:161} INFO - Started process (PID=14158) to work on /home/codespace/.local/share/virtualenvs/airflow_sandbox-vp-HKq_L/lib/python3.10/site-packages/airflow/example_dags/example_python_operator.py
[2024-02-14T09:25:08.293+0000] {processor.py:830} INFO - Processing file /home/codespace/.local/share/virtualenvs/airflow_sandbox-vp-HKq_L/lib/python3.10/site-packages/airflow/example_dags/example_python_operator.py for tasks to queue
[2024-02-14T09:25:08.293+0000] {logging_mixin.py:188} INFO - [2024-02-14T09:25:08.293+0000] {dagbag.py:538} INFO - Filling up the DagBag from /home/codespace/.local/share/virtualenvs/airflow_sandbox-vp-HKq_L/lib/python3.10/site-packages/airflow/example_dags/example_python_operator.py
[2024-02-14T09:25:08.303+0000] {processor.py:840} INFO - DAG(s) 'example_python_operator' retrieved from /home/codespace/.local/share/virtualenvs/airflow_sandbox-vp-HKq_L/lib/python3.10/site-packages/airflow/example_dags/example_python_operator.py
[2024-02-14T09:25:08.317+0000] {logging_mixin.py:188} INFO - [2024-02-14T09:25:08.316+0000] {dag.py:3033} INFO - Sync 1 DAGs
[2024-02-14T09:25:08.325+0000] {logging_mixin.py:188} INFO - [2024-02-14T09:25:08.325+0000] {dag.py:3820} INFO - Setting next_dagrun for example_python_operator to None, run_after=None
[2024-02-14T09:25:08.371+0000] {processor.py:183} INFO - Processing /home/codespace/.local/share/virtualenvs/airflow_sandbox-vp-HKq_L/lib/python3.10/site-packages/airflow/example_dags/example_python_operator.py took 0.081 seconds
[2024-02-14T09:26:01.331+0000] {processor.py:161} INFO - Started process (PID=14521) to work on /home/codespace/.local/share/virtualenvs/airflow_sandbox-vp-HKq_L/lib/python3.10/site-packages/airflow/example_dags/example_python_operator.py
[2024-02-14T09:26:01.332+0000] {processor.py:830} INFO - Processing file /home/codespace/.local/share/virtualenvs/airflow_sandbox-vp-HKq_L/lib/python3.10/site-packages/airflow/example_dags/example_python_operator.py for tasks to queue
[2024-02-14T09:26:01.332+0000] {logging_mixin.py:188} INFO - [2024-02-14T09:26:01.332+0000] {dagbag.py:538} INFO - Filling up the DagBag from /home/codespace/.local/share/virtualenvs/airflow_sandbox-vp-HKq_L/lib/python3.10/site-packages/airflow/example_dags/example_python_operator.py
[2024-02-14T09:26:01.341+0000] {processor.py:840} INFO - DAG(s) 'example_python_operator' retrieved from /home/codespace/.local/share/virtualenvs/airflow_sandbox-vp-HKq_L/lib/python3.10/site-packages/airflow/example_dags/example_python_operator.py
[2024-02-14T09:26:01.355+0000] {logging_mixin.py:188} INFO - [2024-02-14T09:26:01.355+0000] {dag.py:3033} INFO - Sync 1 DAGs
[2024-02-14T09:26:01.364+0000] {logging_mixin.py:188} INFO - [2024-02-14T09:26:01.364+0000] {dag.py:3820} INFO - Setting next_dagrun for example_python_operator to None, run_after=None
[2024-02-14T09:26:01.405+0000] {processor.py:183} INFO - Processing /home/codespace/.local/share/virtualenvs/airflow_sandbox-vp-HKq_L/lib/python3.10/site-packages/airflow/example_dags/example_python_operator.py took 0.076 seconds
[2024-02-14T09:26:55.125+0000] {processor.py:161} INFO - Started process (PID=14903) to work on /home/codespace/.local/share/virtualenvs/airflow_sandbox-vp-HKq_L/lib/python3.10/site-packages/airflow/example_dags/example_python_operator.py
[2024-02-14T09:26:55.126+0000] {processor.py:830} INFO - Processing file /home/codespace/.local/share/virtualenvs/airflow_sandbox-vp-HKq_L/lib/python3.10/site-packages/airflow/example_dags/example_python_operator.py for tasks to queue
[2024-02-14T09:26:55.127+0000] {logging_mixin.py:188} INFO - [2024-02-14T09:26:55.126+0000] {dagbag.py:538} INFO - Filling up the DagBag from /home/codespace/.local/share/virtualenvs/airflow_sandbox-vp-HKq_L/lib/python3.10/site-packages/airflow/example_dags/example_python_operator.py
[2024-02-14T09:26:55.137+0000] {processor.py:840} INFO - DAG(s) 'example_python_operator' retrieved from /home/codespace/.local/share/virtualenvs/airflow_sandbox-vp-HKq_L/lib/python3.10/site-packages/airflow/example_dags/example_python_operator.py
[2024-02-14T09:26:55.155+0000] {logging_mixin.py:188} INFO - [2024-02-14T09:26:55.155+0000] {dag.py:3033} INFO - Sync 1 DAGs
[2024-02-14T09:26:55.168+0000] {logging_mixin.py:188} INFO - [2024-02-14T09:26:55.168+0000] {dag.py:3820} INFO - Setting next_dagrun for example_python_operator to None, run_after=None
[2024-02-14T09:26:55.215+0000] {processor.py:183} INFO - Processing /home/codespace/.local/share/virtualenvs/airflow_sandbox-vp-HKq_L/lib/python3.10/site-packages/airflow/example_dags/example_python_operator.py took 0.092 seconds
[2024-02-14T09:27:51.054+0000] {processor.py:161} INFO - Started process (PID=15309) to work on /home/codespace/.local/share/virtualenvs/airflow_sandbox-vp-HKq_L/lib/python3.10/site-packages/airflow/example_dags/example_python_operator.py
[2024-02-14T09:27:51.055+0000] {processor.py:830} INFO - Processing file /home/codespace/.local/share/virtualenvs/airflow_sandbox-vp-HKq_L/lib/python3.10/site-packages/airflow/example_dags/example_python_operator.py for tasks to queue
[2024-02-14T09:27:51.055+0000] {logging_mixin.py:188} INFO - [2024-02-14T09:27:51.055+0000] {dagbag.py:538} INFO - Filling up the DagBag from /home/codespace/.local/share/virtualenvs/airflow_sandbox-vp-HKq_L/lib/python3.10/site-packages/airflow/example_dags/example_python_operator.py
[2024-02-14T09:27:51.064+0000] {processor.py:840} INFO - DAG(s) 'example_python_operator' retrieved from /home/codespace/.local/share/virtualenvs/airflow_sandbox-vp-HKq_L/lib/python3.10/site-packages/airflow/example_dags/example_python_operator.py
[2024-02-14T09:27:51.078+0000] {logging_mixin.py:188} INFO - [2024-02-14T09:27:51.078+0000] {dag.py:3033} INFO - Sync 1 DAGs
[2024-02-14T09:27:51.092+0000] {logging_mixin.py:188} INFO - [2024-02-14T09:27:51.091+0000] {dag.py:3820} INFO - Setting next_dagrun for example_python_operator to None, run_after=None
[2024-02-14T09:27:51.139+0000] {processor.py:183} INFO - Processing /home/codespace/.local/share/virtualenvs/airflow_sandbox-vp-HKq_L/lib/python3.10/site-packages/airflow/example_dags/example_python_operator.py took 0.088 seconds
[2024-02-14T09:28:43.639+0000] {processor.py:161} INFO - Started process (PID=15756) to work on /home/codespace/.local/share/virtualenvs/airflow_sandbox-vp-HKq_L/lib/python3.10/site-packages/airflow/example_dags/example_python_operator.py
[2024-02-14T09:28:43.640+0000] {processor.py:830} INFO - Processing file /home/codespace/.local/share/virtualenvs/airflow_sandbox-vp-HKq_L/lib/python3.10/site-packages/airflow/example_dags/example_python_operator.py for tasks to queue
[2024-02-14T09:28:43.641+0000] {logging_mixin.py:188} INFO - [2024-02-14T09:28:43.641+0000] {dagbag.py:538} INFO - Filling up the DagBag from /home/codespace/.local/share/virtualenvs/airflow_sandbox-vp-HKq_L/lib/python3.10/site-packages/airflow/example_dags/example_python_operator.py
[2024-02-14T09:28:43.650+0000] {processor.py:840} INFO - DAG(s) 'example_python_operator' retrieved from /home/codespace/.local/share/virtualenvs/airflow_sandbox-vp-HKq_L/lib/python3.10/site-packages/airflow/example_dags/example_python_operator.py
[2024-02-14T09:28:43.663+0000] {logging_mixin.py:188} INFO - [2024-02-14T09:28:43.663+0000] {dag.py:3033} INFO - Sync 1 DAGs
[2024-02-14T09:28:43.672+0000] {logging_mixin.py:188} INFO - [2024-02-14T09:28:43.672+0000] {dag.py:3820} INFO - Setting next_dagrun for example_python_operator to None, run_after=None
[2024-02-14T09:28:43.717+0000] {processor.py:183} INFO - Processing /home/codespace/.local/share/virtualenvs/airflow_sandbox-vp-HKq_L/lib/python3.10/site-packages/airflow/example_dags/example_python_operator.py took 0.080 seconds
[2024-02-14T09:29:37.925+0000] {processor.py:161} INFO - Started process (PID=16223) to work on /home/codespace/.local/share/virtualenvs/airflow_sandbox-vp-HKq_L/lib/python3.10/site-packages/airflow/example_dags/example_python_operator.py
[2024-02-14T09:29:37.926+0000] {processor.py:830} INFO - Processing file /home/codespace/.local/share/virtualenvs/airflow_sandbox-vp-HKq_L/lib/python3.10/site-packages/airflow/example_dags/example_python_operator.py for tasks to queue
[2024-02-14T09:29:37.926+0000] {logging_mixin.py:188} INFO - [2024-02-14T09:29:37.926+0000] {dagbag.py:538} INFO - Filling up the DagBag from /home/codespace/.local/share/virtualenvs/airflow_sandbox-vp-HKq_L/lib/python3.10/site-packages/airflow/example_dags/example_python_operator.py
[2024-02-14T09:29:37.935+0000] {processor.py:840} INFO - DAG(s) 'example_python_operator' retrieved from /home/codespace/.local/share/virtualenvs/airflow_sandbox-vp-HKq_L/lib/python3.10/site-packages/airflow/example_dags/example_python_operator.py
[2024-02-14T09:29:37.949+0000] {logging_mixin.py:188} INFO - [2024-02-14T09:29:37.949+0000] {dag.py:3033} INFO - Sync 1 DAGs
[2024-02-14T09:29:37.958+0000] {logging_mixin.py:188} INFO - [2024-02-14T09:29:37.958+0000] {dag.py:3820} INFO - Setting next_dagrun for example_python_operator to None, run_after=None
[2024-02-14T09:29:38.003+0000] {processor.py:183} INFO - Processing /home/codespace/.local/share/virtualenvs/airflow_sandbox-vp-HKq_L/lib/python3.10/site-packages/airflow/example_dags/example_python_operator.py took 0.081 seconds
[2024-02-14T09:30:29.503+0000] {processor.py:161} INFO - Started process (PID=16575) to work on /home/codespace/.local/share/virtualenvs/airflow_sandbox-vp-HKq_L/lib/python3.10/site-packages/airflow/example_dags/example_python_operator.py
[2024-02-14T09:30:29.504+0000] {processor.py:830} INFO - Processing file /home/codespace/.local/share/virtualenvs/airflow_sandbox-vp-HKq_L/lib/python3.10/site-packages/airflow/example_dags/example_python_operator.py for tasks to queue
[2024-02-14T09:30:29.505+0000] {logging_mixin.py:188} INFO - [2024-02-14T09:30:29.505+0000] {dagbag.py:538} INFO - Filling up the DagBag from /home/codespace/.local/share/virtualenvs/airflow_sandbox-vp-HKq_L/lib/python3.10/site-packages/airflow/example_dags/example_python_operator.py
[2024-02-14T09:30:29.514+0000] {processor.py:840} INFO - DAG(s) 'example_python_operator' retrieved from /home/codespace/.local/share/virtualenvs/airflow_sandbox-vp-HKq_L/lib/python3.10/site-packages/airflow/example_dags/example_python_operator.py
[2024-02-14T09:30:29.528+0000] {logging_mixin.py:188} INFO - [2024-02-14T09:30:29.527+0000] {dag.py:3033} INFO - Sync 1 DAGs
[2024-02-14T09:30:29.538+0000] {logging_mixin.py:188} INFO - [2024-02-14T09:30:29.538+0000] {dag.py:3820} INFO - Setting next_dagrun for example_python_operator to None, run_after=None
[2024-02-14T09:30:29.580+0000] {processor.py:183} INFO - Processing /home/codespace/.local/share/virtualenvs/airflow_sandbox-vp-HKq_L/lib/python3.10/site-packages/airflow/example_dags/example_python_operator.py took 0.079 seconds
[2024-02-14T09:31:21.216+0000] {processor.py:161} INFO - Started process (PID=16952) to work on /home/codespace/.local/share/virtualenvs/airflow_sandbox-vp-HKq_L/lib/python3.10/site-packages/airflow/example_dags/example_python_operator.py
[2024-02-14T09:31:21.216+0000] {processor.py:830} INFO - Processing file /home/codespace/.local/share/virtualenvs/airflow_sandbox-vp-HKq_L/lib/python3.10/site-packages/airflow/example_dags/example_python_operator.py for tasks to queue
[2024-02-14T09:31:21.217+0000] {logging_mixin.py:188} INFO - [2024-02-14T09:31:21.217+0000] {dagbag.py:538} INFO - Filling up the DagBag from /home/codespace/.local/share/virtualenvs/airflow_sandbox-vp-HKq_L/lib/python3.10/site-packages/airflow/example_dags/example_python_operator.py
[2024-02-14T09:31:21.227+0000] {processor.py:840} INFO - DAG(s) 'example_python_operator' retrieved from /home/codespace/.local/share/virtualenvs/airflow_sandbox-vp-HKq_L/lib/python3.10/site-packages/airflow/example_dags/example_python_operator.py
[2024-02-14T09:31:21.242+0000] {logging_mixin.py:188} INFO - [2024-02-14T09:31:21.242+0000] {dag.py:3033} INFO - Sync 1 DAGs
[2024-02-14T09:31:21.252+0000] {logging_mixin.py:188} INFO - [2024-02-14T09:31:21.251+0000] {dag.py:3820} INFO - Setting next_dagrun for example_python_operator to None, run_after=None
[2024-02-14T09:31:21.308+0000] {processor.py:183} INFO - Processing /home/codespace/.local/share/virtualenvs/airflow_sandbox-vp-HKq_L/lib/python3.10/site-packages/airflow/example_dags/example_python_operator.py took 0.095 seconds
[2024-02-14T09:32:14.807+0000] {processor.py:161} INFO - Started process (PID=17312) to work on /home/codespace/.local/share/virtualenvs/airflow_sandbox-vp-HKq_L/lib/python3.10/site-packages/airflow/example_dags/example_python_operator.py
[2024-02-14T09:32:14.807+0000] {processor.py:830} INFO - Processing file /home/codespace/.local/share/virtualenvs/airflow_sandbox-vp-HKq_L/lib/python3.10/site-packages/airflow/example_dags/example_python_operator.py for tasks to queue
[2024-02-14T09:32:14.808+0000] {logging_mixin.py:188} INFO - [2024-02-14T09:32:14.808+0000] {dagbag.py:538} INFO - Filling up the DagBag from /home/codespace/.local/share/virtualenvs/airflow_sandbox-vp-HKq_L/lib/python3.10/site-packages/airflow/example_dags/example_python_operator.py
[2024-02-14T09:32:14.817+0000] {processor.py:840} INFO - DAG(s) 'example_python_operator' retrieved from /home/codespace/.local/share/virtualenvs/airflow_sandbox-vp-HKq_L/lib/python3.10/site-packages/airflow/example_dags/example_python_operator.py
[2024-02-14T09:32:14.830+0000] {logging_mixin.py:188} INFO - [2024-02-14T09:32:14.829+0000] {dag.py:3033} INFO - Sync 1 DAGs
[2024-02-14T09:32:14.838+0000] {logging_mixin.py:188} INFO - [2024-02-14T09:32:14.838+0000] {dag.py:3820} INFO - Setting next_dagrun for example_python_operator to None, run_after=None
[2024-02-14T09:32:14.885+0000] {processor.py:183} INFO - Processing /home/codespace/.local/share/virtualenvs/airflow_sandbox-vp-HKq_L/lib/python3.10/site-packages/airflow/example_dags/example_python_operator.py took 0.081 seconds
[2024-02-14T09:33:06.921+0000] {processor.py:161} INFO - Started process (PID=17709) to work on /home/codespace/.local/share/virtualenvs/airflow_sandbox-vp-HKq_L/lib/python3.10/site-packages/airflow/example_dags/example_python_operator.py
[2024-02-14T09:33:06.921+0000] {processor.py:830} INFO - Processing file /home/codespace/.local/share/virtualenvs/airflow_sandbox-vp-HKq_L/lib/python3.10/site-packages/airflow/example_dags/example_python_operator.py for tasks to queue
[2024-02-14T09:33:06.922+0000] {logging_mixin.py:188} INFO - [2024-02-14T09:33:06.922+0000] {dagbag.py:538} INFO - Filling up the DagBag from /home/codespace/.local/share/virtualenvs/airflow_sandbox-vp-HKq_L/lib/python3.10/site-packages/airflow/example_dags/example_python_operator.py
[2024-02-14T09:33:06.932+0000] {processor.py:840} INFO - DAG(s) 'example_python_operator' retrieved from /home/codespace/.local/share/virtualenvs/airflow_sandbox-vp-HKq_L/lib/python3.10/site-packages/airflow/example_dags/example_python_operator.py
[2024-02-14T09:33:06.948+0000] {logging_mixin.py:188} INFO - [2024-02-14T09:33:06.948+0000] {dag.py:3033} INFO - Sync 1 DAGs
[2024-02-14T09:33:06.956+0000] {logging_mixin.py:188} INFO - [2024-02-14T09:33:06.956+0000] {dag.py:3820} INFO - Setting next_dagrun for example_python_operator to None, run_after=None
[2024-02-14T09:33:07.005+0000] {processor.py:183} INFO - Processing /home/codespace/.local/share/virtualenvs/airflow_sandbox-vp-HKq_L/lib/python3.10/site-packages/airflow/example_dags/example_python_operator.py took 0.086 seconds
[2024-02-14T09:34:00.660+0000] {processor.py:161} INFO - Started process (PID=18085) to work on /home/codespace/.local/share/virtualenvs/airflow_sandbox-vp-HKq_L/lib/python3.10/site-packages/airflow/example_dags/example_python_operator.py
[2024-02-14T09:34:00.661+0000] {processor.py:830} INFO - Processing file /home/codespace/.local/share/virtualenvs/airflow_sandbox-vp-HKq_L/lib/python3.10/site-packages/airflow/example_dags/example_python_operator.py for tasks to queue
[2024-02-14T09:34:00.662+0000] {logging_mixin.py:188} INFO - [2024-02-14T09:34:00.662+0000] {dagbag.py:538} INFO - Filling up the DagBag from /home/codespace/.local/share/virtualenvs/airflow_sandbox-vp-HKq_L/lib/python3.10/site-packages/airflow/example_dags/example_python_operator.py
[2024-02-14T09:34:00.671+0000] {processor.py:840} INFO - DAG(s) 'example_python_operator' retrieved from /home/codespace/.local/share/virtualenvs/airflow_sandbox-vp-HKq_L/lib/python3.10/site-packages/airflow/example_dags/example_python_operator.py
[2024-02-14T09:34:00.687+0000] {logging_mixin.py:188} INFO - [2024-02-14T09:34:00.687+0000] {dag.py:3033} INFO - Sync 1 DAGs
[2024-02-14T09:34:00.699+0000] {logging_mixin.py:188} INFO - [2024-02-14T09:34:00.699+0000] {dag.py:3820} INFO - Setting next_dagrun for example_python_operator to None, run_after=None
[2024-02-14T09:34:00.751+0000] {processor.py:183} INFO - Processing /home/codespace/.local/share/virtualenvs/airflow_sandbox-vp-HKq_L/lib/python3.10/site-packages/airflow/example_dags/example_python_operator.py took 0.093 seconds
[2024-02-14T09:34:55.896+0000] {processor.py:161} INFO - Started process (PID=18677) to work on /home/codespace/.local/share/virtualenvs/airflow_sandbox-vp-HKq_L/lib/python3.10/site-packages/airflow/example_dags/example_python_operator.py
[2024-02-14T09:34:55.897+0000] {processor.py:830} INFO - Processing file /home/codespace/.local/share/virtualenvs/airflow_sandbox-vp-HKq_L/lib/python3.10/site-packages/airflow/example_dags/example_python_operator.py for tasks to queue
[2024-02-14T09:34:55.898+0000] {logging_mixin.py:188} INFO - [2024-02-14T09:34:55.898+0000] {dagbag.py:538} INFO - Filling up the DagBag from /home/codespace/.local/share/virtualenvs/airflow_sandbox-vp-HKq_L/lib/python3.10/site-packages/airflow/example_dags/example_python_operator.py
[2024-02-14T09:34:55.908+0000] {processor.py:840} INFO - DAG(s) 'example_python_operator' retrieved from /home/codespace/.local/share/virtualenvs/airflow_sandbox-vp-HKq_L/lib/python3.10/site-packages/airflow/example_dags/example_python_operator.py
[2024-02-14T09:34:55.923+0000] {logging_mixin.py:188} INFO - [2024-02-14T09:34:55.923+0000] {dag.py:3033} INFO - Sync 1 DAGs
[2024-02-14T09:34:55.934+0000] {logging_mixin.py:188} INFO - [2024-02-14T09:34:55.934+0000] {dag.py:3820} INFO - Setting next_dagrun for example_python_operator to None, run_after=None
[2024-02-14T09:34:55.977+0000] {processor.py:183} INFO - Processing /home/codespace/.local/share/virtualenvs/airflow_sandbox-vp-HKq_L/lib/python3.10/site-packages/airflow/example_dags/example_python_operator.py took 0.083 seconds
