[2024-02-14T09:08:11.276+0000] {processor.py:161} INFO - Started process (PID=4829) to work on /home/codespace/.local/share/virtualenvs/airflow_sandbox-vp-HKq_L/lib/python3.10/site-packages/airflow/example_dags/example_branch_python_dop_operator_3.py
[2024-02-14T09:08:11.277+0000] {processor.py:830} INFO - Processing file /home/codespace/.local/share/virtualenvs/airflow_sandbox-vp-HKq_L/lib/python3.10/site-packages/airflow/example_dags/example_branch_python_dop_operator_3.py for tasks to queue
[2024-02-14T09:08:11.277+0000] {logging_mixin.py:188} INFO - [2024-02-14T09:08:11.277+0000] {dagbag.py:538} INFO - Filling up the DagBag from /home/codespace/.local/share/virtualenvs/airflow_sandbox-vp-HKq_L/lib/python3.10/site-packages/airflow/example_dags/example_branch_python_dop_operator_3.py
[2024-02-14T09:08:11.285+0000] {processor.py:840} INFO - DAG(s) 'example_branch_dop_operator_v3' retrieved from /home/codespace/.local/share/virtualenvs/airflow_sandbox-vp-HKq_L/lib/python3.10/site-packages/airflow/example_dags/example_branch_python_dop_operator_3.py
[2024-02-14T09:08:11.296+0000] {logging_mixin.py:188} INFO - [2024-02-14T09:08:11.296+0000] {dag.py:3033} INFO - Sync 1 DAGs
[2024-02-14T09:08:11.315+0000] {logging_mixin.py:188} INFO - [2024-02-14T09:08:11.315+0000] {dag.py:3820} INFO - Setting next_dagrun for example_branch_dop_operator_v3 to 2024-02-14T09:07:00+00:00, run_after=2024-02-14T09:08:00+00:00
[2024-02-14T09:08:11.360+0000] {processor.py:183} INFO - Processing /home/codespace/.local/share/virtualenvs/airflow_sandbox-vp-HKq_L/lib/python3.10/site-packages/airflow/example_dags/example_branch_python_dop_operator_3.py took 0.086 seconds
[2024-02-14T09:09:00.838+0000] {processor.py:161} INFO - Started process (PID=5494) to work on /home/codespace/.local/share/virtualenvs/airflow_sandbox-vp-HKq_L/lib/python3.10/site-packages/airflow/example_dags/example_branch_python_dop_operator_3.py
[2024-02-14T09:09:00.839+0000] {processor.py:830} INFO - Processing file /home/codespace/.local/share/virtualenvs/airflow_sandbox-vp-HKq_L/lib/python3.10/site-packages/airflow/example_dags/example_branch_python_dop_operator_3.py for tasks to queue
[2024-02-14T09:09:00.840+0000] {logging_mixin.py:188} INFO - [2024-02-14T09:09:00.839+0000] {dagbag.py:538} INFO - Filling up the DagBag from /home/codespace/.local/share/virtualenvs/airflow_sandbox-vp-HKq_L/lib/python3.10/site-packages/airflow/example_dags/example_branch_python_dop_operator_3.py
[2024-02-14T09:09:00.847+0000] {processor.py:840} INFO - DAG(s) 'example_branch_dop_operator_v3' retrieved from /home/codespace/.local/share/virtualenvs/airflow_sandbox-vp-HKq_L/lib/python3.10/site-packages/airflow/example_dags/example_branch_python_dop_operator_3.py
[2024-02-14T09:09:00.859+0000] {logging_mixin.py:188} INFO - [2024-02-14T09:09:00.859+0000] {dag.py:3033} INFO - Sync 1 DAGs
[2024-02-14T09:09:00.878+0000] {logging_mixin.py:188} INFO - [2024-02-14T09:09:00.878+0000] {dag.py:3820} INFO - Setting next_dagrun for example_branch_dop_operator_v3 to 2024-02-14T09:08:00+00:00, run_after=2024-02-14T09:09:00+00:00
[2024-02-14T09:09:00.932+0000] {processor.py:183} INFO - Processing /home/codespace/.local/share/virtualenvs/airflow_sandbox-vp-HKq_L/lib/python3.10/site-packages/airflow/example_dags/example_branch_python_dop_operator_3.py took 0.096 seconds
[2024-02-14T09:10:07.322+0000] {processor.py:161} INFO - Started process (PID=6471) to work on /home/codespace/.local/share/virtualenvs/airflow_sandbox-vp-HKq_L/lib/python3.10/site-packages/airflow/example_dags/example_branch_python_dop_operator_3.py
[2024-02-14T09:10:07.323+0000] {processor.py:830} INFO - Processing file /home/codespace/.local/share/virtualenvs/airflow_sandbox-vp-HKq_L/lib/python3.10/site-packages/airflow/example_dags/example_branch_python_dop_operator_3.py for tasks to queue
[2024-02-14T09:10:07.323+0000] {logging_mixin.py:188} INFO - [2024-02-14T09:10:07.323+0000] {dagbag.py:538} INFO - Filling up the DagBag from /home/codespace/.local/share/virtualenvs/airflow_sandbox-vp-HKq_L/lib/python3.10/site-packages/airflow/example_dags/example_branch_python_dop_operator_3.py
[2024-02-14T09:10:07.335+0000] {processor.py:840} INFO - DAG(s) 'example_branch_dop_operator_v3' retrieved from /home/codespace/.local/share/virtualenvs/airflow_sandbox-vp-HKq_L/lib/python3.10/site-packages/airflow/example_dags/example_branch_python_dop_operator_3.py
[2024-02-14T09:10:07.387+0000] {logging_mixin.py:188} INFO - [2024-02-14T09:10:07.387+0000] {dag.py:3033} INFO - Sync 1 DAGs
[2024-02-14T09:10:07.465+0000] {logging_mixin.py:188} INFO - [2024-02-14T09:10:07.465+0000] {dag.py:3820} INFO - Setting next_dagrun for example_branch_dop_operator_v3 to 2024-02-14T09:09:00+00:00, run_after=2024-02-14T09:10:00+00:00
[2024-02-14T09:10:07.505+0000] {processor.py:183} INFO - Processing /home/codespace/.local/share/virtualenvs/airflow_sandbox-vp-HKq_L/lib/python3.10/site-packages/airflow/example_dags/example_branch_python_dop_operator_3.py took 0.188 seconds
[2024-02-14T09:11:02.875+0000] {processor.py:161} INFO - Started process (PID=7096) to work on /home/codespace/.local/share/virtualenvs/airflow_sandbox-vp-HKq_L/lib/python3.10/site-packages/airflow/example_dags/example_branch_python_dop_operator_3.py
[2024-02-14T09:11:02.876+0000] {processor.py:830} INFO - Processing file /home/codespace/.local/share/virtualenvs/airflow_sandbox-vp-HKq_L/lib/python3.10/site-packages/airflow/example_dags/example_branch_python_dop_operator_3.py for tasks to queue
[2024-02-14T09:11:02.877+0000] {logging_mixin.py:188} INFO - [2024-02-14T09:11:02.877+0000] {dagbag.py:538} INFO - Filling up the DagBag from /home/codespace/.local/share/virtualenvs/airflow_sandbox-vp-HKq_L/lib/python3.10/site-packages/airflow/example_dags/example_branch_python_dop_operator_3.py
[2024-02-14T09:11:02.886+0000] {processor.py:840} INFO - DAG(s) 'example_branch_dop_operator_v3' retrieved from /home/codespace/.local/share/virtualenvs/airflow_sandbox-vp-HKq_L/lib/python3.10/site-packages/airflow/example_dags/example_branch_python_dop_operator_3.py
[2024-02-14T09:11:02.898+0000] {logging_mixin.py:188} INFO - [2024-02-14T09:11:02.898+0000] {dag.py:3033} INFO - Sync 1 DAGs
[2024-02-14T09:11:02.918+0000] {logging_mixin.py:188} INFO - [2024-02-14T09:11:02.917+0000] {dag.py:3820} INFO - Setting next_dagrun for example_branch_dop_operator_v3 to 2024-02-14T09:10:00+00:00, run_after=2024-02-14T09:11:00+00:00
[2024-02-14T09:11:02.969+0000] {processor.py:183} INFO - Processing /home/codespace/.local/share/virtualenvs/airflow_sandbox-vp-HKq_L/lib/python3.10/site-packages/airflow/example_dags/example_branch_python_dop_operator_3.py took 0.097 seconds
[2024-02-14T09:12:00.200+0000] {processor.py:161} INFO - Started process (PID=7895) to work on /home/codespace/.local/share/virtualenvs/airflow_sandbox-vp-HKq_L/lib/python3.10/site-packages/airflow/example_dags/example_branch_python_dop_operator_3.py
[2024-02-14T09:12:00.201+0000] {processor.py:830} INFO - Processing file /home/codespace/.local/share/virtualenvs/airflow_sandbox-vp-HKq_L/lib/python3.10/site-packages/airflow/example_dags/example_branch_python_dop_operator_3.py for tasks to queue
[2024-02-14T09:12:00.202+0000] {logging_mixin.py:188} INFO - [2024-02-14T09:12:00.201+0000] {dagbag.py:538} INFO - Filling up the DagBag from /home/codespace/.local/share/virtualenvs/airflow_sandbox-vp-HKq_L/lib/python3.10/site-packages/airflow/example_dags/example_branch_python_dop_operator_3.py
[2024-02-14T09:12:00.210+0000] {processor.py:840} INFO - DAG(s) 'example_branch_dop_operator_v3' retrieved from /home/codespace/.local/share/virtualenvs/airflow_sandbox-vp-HKq_L/lib/python3.10/site-packages/airflow/example_dags/example_branch_python_dop_operator_3.py
[2024-02-14T09:12:00.223+0000] {logging_mixin.py:188} INFO - [2024-02-14T09:12:00.223+0000] {dag.py:3033} INFO - Sync 1 DAGs
[2024-02-14T09:12:00.244+0000] {logging_mixin.py:188} INFO - [2024-02-14T09:12:00.243+0000] {dag.py:3820} INFO - Setting next_dagrun for example_branch_dop_operator_v3 to 2024-02-14T09:11:00+00:00, run_after=2024-02-14T09:12:00+00:00
[2024-02-14T09:12:00.288+0000] {processor.py:183} INFO - Processing /home/codespace/.local/share/virtualenvs/airflow_sandbox-vp-HKq_L/lib/python3.10/site-packages/airflow/example_dags/example_branch_python_dop_operator_3.py took 0.090 seconds
[2024-02-14T09:12:54.495+0000] {processor.py:161} INFO - Started process (PID=8363) to work on /home/codespace/.local/share/virtualenvs/airflow_sandbox-vp-HKq_L/lib/python3.10/site-packages/airflow/example_dags/example_branch_python_dop_operator_3.py
[2024-02-14T09:12:54.495+0000] {processor.py:830} INFO - Processing file /home/codespace/.local/share/virtualenvs/airflow_sandbox-vp-HKq_L/lib/python3.10/site-packages/airflow/example_dags/example_branch_python_dop_operator_3.py for tasks to queue
[2024-02-14T09:12:54.496+0000] {logging_mixin.py:188} INFO - [2024-02-14T09:12:54.496+0000] {dagbag.py:538} INFO - Filling up the DagBag from /home/codespace/.local/share/virtualenvs/airflow_sandbox-vp-HKq_L/lib/python3.10/site-packages/airflow/example_dags/example_branch_python_dop_operator_3.py
[2024-02-14T09:12:54.503+0000] {processor.py:840} INFO - DAG(s) 'example_branch_dop_operator_v3' retrieved from /home/codespace/.local/share/virtualenvs/airflow_sandbox-vp-HKq_L/lib/python3.10/site-packages/airflow/example_dags/example_branch_python_dop_operator_3.py
[2024-02-14T09:12:54.514+0000] {logging_mixin.py:188} INFO - [2024-02-14T09:12:54.514+0000] {dag.py:3033} INFO - Sync 1 DAGs
[2024-02-14T09:12:54.533+0000] {logging_mixin.py:188} INFO - [2024-02-14T09:12:54.533+0000] {dag.py:3820} INFO - Setting next_dagrun for example_branch_dop_operator_v3 to 2024-02-14T09:11:00+00:00, run_after=2024-02-14T09:12:00+00:00
[2024-02-14T09:12:54.574+0000] {processor.py:183} INFO - Processing /home/codespace/.local/share/virtualenvs/airflow_sandbox-vp-HKq_L/lib/python3.10/site-packages/airflow/example_dags/example_branch_python_dop_operator_3.py took 0.082 seconds
[2024-02-14T09:13:48.308+0000] {processor.py:161} INFO - Started process (PID=8766) to work on /home/codespace/.local/share/virtualenvs/airflow_sandbox-vp-HKq_L/lib/python3.10/site-packages/airflow/example_dags/example_branch_python_dop_operator_3.py
[2024-02-14T09:13:48.308+0000] {processor.py:830} INFO - Processing file /home/codespace/.local/share/virtualenvs/airflow_sandbox-vp-HKq_L/lib/python3.10/site-packages/airflow/example_dags/example_branch_python_dop_operator_3.py for tasks to queue
[2024-02-14T09:13:48.309+0000] {logging_mixin.py:188} INFO - [2024-02-14T09:13:48.309+0000] {dagbag.py:538} INFO - Filling up the DagBag from /home/codespace/.local/share/virtualenvs/airflow_sandbox-vp-HKq_L/lib/python3.10/site-packages/airflow/example_dags/example_branch_python_dop_operator_3.py
[2024-02-14T09:13:48.316+0000] {processor.py:840} INFO - DAG(s) 'example_branch_dop_operator_v3' retrieved from /home/codespace/.local/share/virtualenvs/airflow_sandbox-vp-HKq_L/lib/python3.10/site-packages/airflow/example_dags/example_branch_python_dop_operator_3.py
[2024-02-14T09:13:48.328+0000] {logging_mixin.py:188} INFO - [2024-02-14T09:13:48.328+0000] {dag.py:3033} INFO - Sync 1 DAGs
[2024-02-14T09:13:48.347+0000] {logging_mixin.py:188} INFO - [2024-02-14T09:13:48.346+0000] {dag.py:3820} INFO - Setting next_dagrun for example_branch_dop_operator_v3 to 2024-02-14T09:12:00+00:00, run_after=2024-02-14T09:13:00+00:00
[2024-02-14T09:13:48.388+0000] {processor.py:183} INFO - Processing /home/codespace/.local/share/virtualenvs/airflow_sandbox-vp-HKq_L/lib/python3.10/site-packages/airflow/example_dags/example_branch_python_dop_operator_3.py took 0.083 seconds
[2024-02-14T09:14:41.845+0000] {processor.py:161} INFO - Started process (PID=9190) to work on /home/codespace/.local/share/virtualenvs/airflow_sandbox-vp-HKq_L/lib/python3.10/site-packages/airflow/example_dags/example_branch_python_dop_operator_3.py
[2024-02-14T09:14:41.857+0000] {processor.py:830} INFO - Processing file /home/codespace/.local/share/virtualenvs/airflow_sandbox-vp-HKq_L/lib/python3.10/site-packages/airflow/example_dags/example_branch_python_dop_operator_3.py for tasks to queue
[2024-02-14T09:14:41.858+0000] {logging_mixin.py:188} INFO - [2024-02-14T09:14:41.858+0000] {dagbag.py:538} INFO - Filling up the DagBag from /home/codespace/.local/share/virtualenvs/airflow_sandbox-vp-HKq_L/lib/python3.10/site-packages/airflow/example_dags/example_branch_python_dop_operator_3.py
[2024-02-14T09:14:41.872+0000] {processor.py:840} INFO - DAG(s) 'example_branch_dop_operator_v3' retrieved from /home/codespace/.local/share/virtualenvs/airflow_sandbox-vp-HKq_L/lib/python3.10/site-packages/airflow/example_dags/example_branch_python_dop_operator_3.py
[2024-02-14T09:14:41.886+0000] {logging_mixin.py:188} INFO - [2024-02-14T09:14:41.886+0000] {dag.py:3033} INFO - Sync 1 DAGs
[2024-02-14T09:14:41.905+0000] {logging_mixin.py:188} INFO - [2024-02-14T09:14:41.905+0000] {dag.py:3820} INFO - Setting next_dagrun for example_branch_dop_operator_v3 to 2024-02-14T09:13:00+00:00, run_after=2024-02-14T09:14:00+00:00
[2024-02-14T09:14:41.947+0000] {processor.py:183} INFO - Processing /home/codespace/.local/share/virtualenvs/airflow_sandbox-vp-HKq_L/lib/python3.10/site-packages/airflow/example_dags/example_branch_python_dop_operator_3.py took 0.107 seconds
[2024-02-14T09:15:33.495+0000] {processor.py:161} INFO - Started process (PID=9542) to work on /home/codespace/.local/share/virtualenvs/airflow_sandbox-vp-HKq_L/lib/python3.10/site-packages/airflow/example_dags/example_branch_python_dop_operator_3.py
[2024-02-14T09:15:33.496+0000] {processor.py:830} INFO - Processing file /home/codespace/.local/share/virtualenvs/airflow_sandbox-vp-HKq_L/lib/python3.10/site-packages/airflow/example_dags/example_branch_python_dop_operator_3.py for tasks to queue
[2024-02-14T09:15:33.497+0000] {logging_mixin.py:188} INFO - [2024-02-14T09:15:33.496+0000] {dagbag.py:538} INFO - Filling up the DagBag from /home/codespace/.local/share/virtualenvs/airflow_sandbox-vp-HKq_L/lib/python3.10/site-packages/airflow/example_dags/example_branch_python_dop_operator_3.py
[2024-02-14T09:15:33.504+0000] {processor.py:840} INFO - DAG(s) 'example_branch_dop_operator_v3' retrieved from /home/codespace/.local/share/virtualenvs/airflow_sandbox-vp-HKq_L/lib/python3.10/site-packages/airflow/example_dags/example_branch_python_dop_operator_3.py
[2024-02-14T09:15:33.516+0000] {logging_mixin.py:188} INFO - [2024-02-14T09:15:33.516+0000] {dag.py:3033} INFO - Sync 1 DAGs
[2024-02-14T09:15:33.536+0000] {logging_mixin.py:188} INFO - [2024-02-14T09:15:33.535+0000] {dag.py:3820} INFO - Setting next_dagrun for example_branch_dop_operator_v3 to 2024-02-14T09:14:00+00:00, run_after=2024-02-14T09:15:00+00:00
[2024-02-14T09:15:33.579+0000] {processor.py:183} INFO - Processing /home/codespace/.local/share/virtualenvs/airflow_sandbox-vp-HKq_L/lib/python3.10/site-packages/airflow/example_dags/example_branch_python_dop_operator_3.py took 0.086 seconds
[2024-02-14T09:16:25.326+0000] {processor.py:161} INFO - Started process (PID=9917) to work on /home/codespace/.local/share/virtualenvs/airflow_sandbox-vp-HKq_L/lib/python3.10/site-packages/airflow/example_dags/example_branch_python_dop_operator_3.py
[2024-02-14T09:16:25.327+0000] {processor.py:830} INFO - Processing file /home/codespace/.local/share/virtualenvs/airflow_sandbox-vp-HKq_L/lib/python3.10/site-packages/airflow/example_dags/example_branch_python_dop_operator_3.py for tasks to queue
[2024-02-14T09:16:25.327+0000] {logging_mixin.py:188} INFO - [2024-02-14T09:16:25.327+0000] {dagbag.py:538} INFO - Filling up the DagBag from /home/codespace/.local/share/virtualenvs/airflow_sandbox-vp-HKq_L/lib/python3.10/site-packages/airflow/example_dags/example_branch_python_dop_operator_3.py
[2024-02-14T09:16:25.335+0000] {processor.py:840} INFO - DAG(s) 'example_branch_dop_operator_v3' retrieved from /home/codespace/.local/share/virtualenvs/airflow_sandbox-vp-HKq_L/lib/python3.10/site-packages/airflow/example_dags/example_branch_python_dop_operator_3.py
[2024-02-14T09:16:25.350+0000] {logging_mixin.py:188} INFO - [2024-02-14T09:16:25.350+0000] {dag.py:3033} INFO - Sync 1 DAGs
[2024-02-14T09:16:25.369+0000] {logging_mixin.py:188} INFO - [2024-02-14T09:16:25.369+0000] {dag.py:3820} INFO - Setting next_dagrun for example_branch_dop_operator_v3 to 2024-02-14T09:15:00+00:00, run_after=2024-02-14T09:16:00+00:00
[2024-02-14T09:16:25.418+0000] {processor.py:183} INFO - Processing /home/codespace/.local/share/virtualenvs/airflow_sandbox-vp-HKq_L/lib/python3.10/site-packages/airflow/example_dags/example_branch_python_dop_operator_3.py took 0.095 seconds
[2024-02-14T09:17:20.457+0000] {processor.py:161} INFO - Started process (PID=10295) to work on /home/codespace/.local/share/virtualenvs/airflow_sandbox-vp-HKq_L/lib/python3.10/site-packages/airflow/example_dags/example_branch_python_dop_operator_3.py
[2024-02-14T09:17:20.458+0000] {processor.py:830} INFO - Processing file /home/codespace/.local/share/virtualenvs/airflow_sandbox-vp-HKq_L/lib/python3.10/site-packages/airflow/example_dags/example_branch_python_dop_operator_3.py for tasks to queue
[2024-02-14T09:17:20.459+0000] {logging_mixin.py:188} INFO - [2024-02-14T09:17:20.459+0000] {dagbag.py:538} INFO - Filling up the DagBag from /home/codespace/.local/share/virtualenvs/airflow_sandbox-vp-HKq_L/lib/python3.10/site-packages/airflow/example_dags/example_branch_python_dop_operator_3.py
[2024-02-14T09:17:20.466+0000] {processor.py:840} INFO - DAG(s) 'example_branch_dop_operator_v3' retrieved from /home/codespace/.local/share/virtualenvs/airflow_sandbox-vp-HKq_L/lib/python3.10/site-packages/airflow/example_dags/example_branch_python_dop_operator_3.py
[2024-02-14T09:17:20.479+0000] {logging_mixin.py:188} INFO - [2024-02-14T09:17:20.478+0000] {dag.py:3033} INFO - Sync 1 DAGs
[2024-02-14T09:17:20.499+0000] {logging_mixin.py:188} INFO - [2024-02-14T09:17:20.499+0000] {dag.py:3820} INFO - Setting next_dagrun for example_branch_dop_operator_v3 to 2024-02-14T09:16:00+00:00, run_after=2024-02-14T09:17:00+00:00
[2024-02-14T09:17:20.544+0000] {processor.py:183} INFO - Processing /home/codespace/.local/share/virtualenvs/airflow_sandbox-vp-HKq_L/lib/python3.10/site-packages/airflow/example_dags/example_branch_python_dop_operator_3.py took 0.089 seconds
[2024-02-14T09:18:09.971+0000] {processor.py:161} INFO - Started process (PID=10692) to work on /home/codespace/.local/share/virtualenvs/airflow_sandbox-vp-HKq_L/lib/python3.10/site-packages/airflow/example_dags/example_branch_python_dop_operator_3.py
[2024-02-14T09:18:09.972+0000] {processor.py:830} INFO - Processing file /home/codespace/.local/share/virtualenvs/airflow_sandbox-vp-HKq_L/lib/python3.10/site-packages/airflow/example_dags/example_branch_python_dop_operator_3.py for tasks to queue
[2024-02-14T09:18:09.973+0000] {logging_mixin.py:188} INFO - [2024-02-14T09:18:09.973+0000] {dagbag.py:538} INFO - Filling up the DagBag from /home/codespace/.local/share/virtualenvs/airflow_sandbox-vp-HKq_L/lib/python3.10/site-packages/airflow/example_dags/example_branch_python_dop_operator_3.py
[2024-02-14T09:18:09.981+0000] {processor.py:840} INFO - DAG(s) 'example_branch_dop_operator_v3' retrieved from /home/codespace/.local/share/virtualenvs/airflow_sandbox-vp-HKq_L/lib/python3.10/site-packages/airflow/example_dags/example_branch_python_dop_operator_3.py
[2024-02-14T09:18:09.993+0000] {logging_mixin.py:188} INFO - [2024-02-14T09:18:09.993+0000] {dag.py:3033} INFO - Sync 1 DAGs
[2024-02-14T09:18:10.013+0000] {logging_mixin.py:188} INFO - [2024-02-14T09:18:10.013+0000] {dag.py:3820} INFO - Setting next_dagrun for example_branch_dop_operator_v3 to 2024-02-14T09:17:00+00:00, run_after=2024-02-14T09:18:00+00:00
[2024-02-14T09:18:10.058+0000] {processor.py:183} INFO - Processing /home/codespace/.local/share/virtualenvs/airflow_sandbox-vp-HKq_L/lib/python3.10/site-packages/airflow/example_dags/example_branch_python_dop_operator_3.py took 0.089 seconds
[2024-02-14T09:19:03.086+0000] {processor.py:161} INFO - Started process (PID=11067) to work on /home/codespace/.local/share/virtualenvs/airflow_sandbox-vp-HKq_L/lib/python3.10/site-packages/airflow/example_dags/example_branch_python_dop_operator_3.py
[2024-02-14T09:19:03.087+0000] {processor.py:830} INFO - Processing file /home/codespace/.local/share/virtualenvs/airflow_sandbox-vp-HKq_L/lib/python3.10/site-packages/airflow/example_dags/example_branch_python_dop_operator_3.py for tasks to queue
[2024-02-14T09:19:03.088+0000] {logging_mixin.py:188} INFO - [2024-02-14T09:19:03.087+0000] {dagbag.py:538} INFO - Filling up the DagBag from /home/codespace/.local/share/virtualenvs/airflow_sandbox-vp-HKq_L/lib/python3.10/site-packages/airflow/example_dags/example_branch_python_dop_operator_3.py
[2024-02-14T09:19:03.096+0000] {processor.py:840} INFO - DAG(s) 'example_branch_dop_operator_v3' retrieved from /home/codespace/.local/share/virtualenvs/airflow_sandbox-vp-HKq_L/lib/python3.10/site-packages/airflow/example_dags/example_branch_python_dop_operator_3.py
[2024-02-14T09:19:03.107+0000] {logging_mixin.py:188} INFO - [2024-02-14T09:19:03.107+0000] {dag.py:3033} INFO - Sync 1 DAGs
[2024-02-14T09:19:03.130+0000] {logging_mixin.py:188} INFO - [2024-02-14T09:19:03.129+0000] {dag.py:3820} INFO - Setting next_dagrun for example_branch_dop_operator_v3 to 2024-02-14T09:18:00+00:00, run_after=2024-02-14T09:19:00+00:00
[2024-02-14T09:19:03.179+0000] {processor.py:183} INFO - Processing /home/codespace/.local/share/virtualenvs/airflow_sandbox-vp-HKq_L/lib/python3.10/site-packages/airflow/example_dags/example_branch_python_dop_operator_3.py took 0.095 seconds
[2024-02-14T09:19:58.848+0000] {processor.py:161} INFO - Started process (PID=11474) to work on /home/codespace/.local/share/virtualenvs/airflow_sandbox-vp-HKq_L/lib/python3.10/site-packages/airflow/example_dags/example_branch_python_dop_operator_3.py
[2024-02-14T09:19:58.848+0000] {processor.py:830} INFO - Processing file /home/codespace/.local/share/virtualenvs/airflow_sandbox-vp-HKq_L/lib/python3.10/site-packages/airflow/example_dags/example_branch_python_dop_operator_3.py for tasks to queue
[2024-02-14T09:19:58.849+0000] {logging_mixin.py:188} INFO - [2024-02-14T09:19:58.849+0000] {dagbag.py:538} INFO - Filling up the DagBag from /home/codespace/.local/share/virtualenvs/airflow_sandbox-vp-HKq_L/lib/python3.10/site-packages/airflow/example_dags/example_branch_python_dop_operator_3.py
[2024-02-14T09:19:58.856+0000] {processor.py:840} INFO - DAG(s) 'example_branch_dop_operator_v3' retrieved from /home/codespace/.local/share/virtualenvs/airflow_sandbox-vp-HKq_L/lib/python3.10/site-packages/airflow/example_dags/example_branch_python_dop_operator_3.py
[2024-02-14T09:19:58.868+0000] {logging_mixin.py:188} INFO - [2024-02-14T09:19:58.868+0000] {dag.py:3033} INFO - Sync 1 DAGs
[2024-02-14T09:19:58.886+0000] {logging_mixin.py:188} INFO - [2024-02-14T09:19:58.886+0000] {dag.py:3820} INFO - Setting next_dagrun for example_branch_dop_operator_v3 to 2024-02-14T09:18:00+00:00, run_after=2024-02-14T09:19:00+00:00
[2024-02-14T09:19:58.931+0000] {processor.py:183} INFO - Processing /home/codespace/.local/share/virtualenvs/airflow_sandbox-vp-HKq_L/lib/python3.10/site-packages/airflow/example_dags/example_branch_python_dop_operator_3.py took 0.086 seconds
[2024-02-14T09:20:50.815+0000] {processor.py:161} INFO - Started process (PID=12340) to work on /home/codespace/.local/share/virtualenvs/airflow_sandbox-vp-HKq_L/lib/python3.10/site-packages/airflow/example_dags/example_branch_python_dop_operator_3.py
[2024-02-14T09:20:50.815+0000] {processor.py:830} INFO - Processing file /home/codespace/.local/share/virtualenvs/airflow_sandbox-vp-HKq_L/lib/python3.10/site-packages/airflow/example_dags/example_branch_python_dop_operator_3.py for tasks to queue
[2024-02-14T09:20:50.816+0000] {logging_mixin.py:188} INFO - [2024-02-14T09:20:50.816+0000] {dagbag.py:538} INFO - Filling up the DagBag from /home/codespace/.local/share/virtualenvs/airflow_sandbox-vp-HKq_L/lib/python3.10/site-packages/airflow/example_dags/example_branch_python_dop_operator_3.py
[2024-02-14T09:20:50.824+0000] {processor.py:840} INFO - DAG(s) 'example_branch_dop_operator_v3' retrieved from /home/codespace/.local/share/virtualenvs/airflow_sandbox-vp-HKq_L/lib/python3.10/site-packages/airflow/example_dags/example_branch_python_dop_operator_3.py
[2024-02-14T09:20:50.837+0000] {logging_mixin.py:188} INFO - [2024-02-14T09:20:50.837+0000] {dag.py:3033} INFO - Sync 1 DAGs
[2024-02-14T09:20:50.862+0000] {logging_mixin.py:188} INFO - [2024-02-14T09:20:50.862+0000] {dag.py:3820} INFO - Setting next_dagrun for example_branch_dop_operator_v3 to 2024-02-14T09:19:00+00:00, run_after=2024-02-14T09:20:00+00:00
[2024-02-14T09:20:50.905+0000] {processor.py:183} INFO - Processing /home/codespace/.local/share/virtualenvs/airflow_sandbox-vp-HKq_L/lib/python3.10/site-packages/airflow/example_dags/example_branch_python_dop_operator_3.py took 0.093 seconds
[2024-02-14T09:21:42.770+0000] {processor.py:161} INFO - Started process (PID=12698) to work on /home/codespace/.local/share/virtualenvs/airflow_sandbox-vp-HKq_L/lib/python3.10/site-packages/airflow/example_dags/example_branch_python_dop_operator_3.py
[2024-02-14T09:21:42.771+0000] {processor.py:830} INFO - Processing file /home/codespace/.local/share/virtualenvs/airflow_sandbox-vp-HKq_L/lib/python3.10/site-packages/airflow/example_dags/example_branch_python_dop_operator_3.py for tasks to queue
[2024-02-14T09:21:42.772+0000] {logging_mixin.py:188} INFO - [2024-02-14T09:21:42.771+0000] {dagbag.py:538} INFO - Filling up the DagBag from /home/codespace/.local/share/virtualenvs/airflow_sandbox-vp-HKq_L/lib/python3.10/site-packages/airflow/example_dags/example_branch_python_dop_operator_3.py
[2024-02-14T09:21:42.782+0000] {processor.py:840} INFO - DAG(s) 'example_branch_dop_operator_v3' retrieved from /home/codespace/.local/share/virtualenvs/airflow_sandbox-vp-HKq_L/lib/python3.10/site-packages/airflow/example_dags/example_branch_python_dop_operator_3.py
[2024-02-14T09:21:42.799+0000] {logging_mixin.py:188} INFO - [2024-02-14T09:21:42.799+0000] {dag.py:3033} INFO - Sync 1 DAGs
[2024-02-14T09:21:42.829+0000] {logging_mixin.py:188} INFO - [2024-02-14T09:21:42.829+0000] {dag.py:3820} INFO - Setting next_dagrun for example_branch_dop_operator_v3 to 2024-02-14T09:20:00+00:00, run_after=2024-02-14T09:21:00+00:00
[2024-02-14T09:21:42.879+0000] {processor.py:183} INFO - Processing /home/codespace/.local/share/virtualenvs/airflow_sandbox-vp-HKq_L/lib/python3.10/site-packages/airflow/example_dags/example_branch_python_dop_operator_3.py took 0.111 seconds
[2024-02-14T09:22:39.977+0000] {processor.py:161} INFO - Started process (PID=13150) to work on /home/codespace/.local/share/virtualenvs/airflow_sandbox-vp-HKq_L/lib/python3.10/site-packages/airflow/example_dags/example_branch_python_dop_operator_3.py
[2024-02-14T09:22:39.978+0000] {processor.py:830} INFO - Processing file /home/codespace/.local/share/virtualenvs/airflow_sandbox-vp-HKq_L/lib/python3.10/site-packages/airflow/example_dags/example_branch_python_dop_operator_3.py for tasks to queue
[2024-02-14T09:22:39.979+0000] {logging_mixin.py:188} INFO - [2024-02-14T09:22:39.979+0000] {dagbag.py:538} INFO - Filling up the DagBag from /home/codespace/.local/share/virtualenvs/airflow_sandbox-vp-HKq_L/lib/python3.10/site-packages/airflow/example_dags/example_branch_python_dop_operator_3.py
[2024-02-14T09:22:39.990+0000] {processor.py:840} INFO - DAG(s) 'example_branch_dop_operator_v3' retrieved from /home/codespace/.local/share/virtualenvs/airflow_sandbox-vp-HKq_L/lib/python3.10/site-packages/airflow/example_dags/example_branch_python_dop_operator_3.py
[2024-02-14T09:22:40.002+0000] {logging_mixin.py:188} INFO - [2024-02-14T09:22:40.002+0000] {dag.py:3033} INFO - Sync 1 DAGs
[2024-02-14T09:22:40.022+0000] {logging_mixin.py:188} INFO - [2024-02-14T09:22:40.022+0000] {dag.py:3820} INFO - Setting next_dagrun for example_branch_dop_operator_v3 to 2024-02-14T09:21:00+00:00, run_after=2024-02-14T09:22:00+00:00
[2024-02-14T09:22:40.072+0000] {processor.py:183} INFO - Processing /home/codespace/.local/share/virtualenvs/airflow_sandbox-vp-HKq_L/lib/python3.10/site-packages/airflow/example_dags/example_branch_python_dop_operator_3.py took 0.099 seconds
[2024-02-14T09:23:37.268+0000] {processor.py:161} INFO - Started process (PID=13528) to work on /home/codespace/.local/share/virtualenvs/airflow_sandbox-vp-HKq_L/lib/python3.10/site-packages/airflow/example_dags/example_branch_python_dop_operator_3.py
[2024-02-14T09:23:37.269+0000] {processor.py:830} INFO - Processing file /home/codespace/.local/share/virtualenvs/airflow_sandbox-vp-HKq_L/lib/python3.10/site-packages/airflow/example_dags/example_branch_python_dop_operator_3.py for tasks to queue
[2024-02-14T09:23:37.270+0000] {logging_mixin.py:188} INFO - [2024-02-14T09:23:37.269+0000] {dagbag.py:538} INFO - Filling up the DagBag from /home/codespace/.local/share/virtualenvs/airflow_sandbox-vp-HKq_L/lib/python3.10/site-packages/airflow/example_dags/example_branch_python_dop_operator_3.py
[2024-02-14T09:23:37.277+0000] {processor.py:840} INFO - DAG(s) 'example_branch_dop_operator_v3' retrieved from /home/codespace/.local/share/virtualenvs/airflow_sandbox-vp-HKq_L/lib/python3.10/site-packages/airflow/example_dags/example_branch_python_dop_operator_3.py
[2024-02-14T09:23:37.289+0000] {logging_mixin.py:188} INFO - [2024-02-14T09:23:37.289+0000] {dag.py:3033} INFO - Sync 1 DAGs
[2024-02-14T09:23:37.308+0000] {logging_mixin.py:188} INFO - [2024-02-14T09:23:37.307+0000] {dag.py:3820} INFO - Setting next_dagrun for example_branch_dop_operator_v3 to 2024-02-14T09:22:00+00:00, run_after=2024-02-14T09:23:00+00:00
[2024-02-14T09:23:37.355+0000] {processor.py:183} INFO - Processing /home/codespace/.local/share/virtualenvs/airflow_sandbox-vp-HKq_L/lib/python3.10/site-packages/airflow/example_dags/example_branch_python_dop_operator_3.py took 0.089 seconds
[2024-02-14T09:24:37.029+0000] {processor.py:161} INFO - Started process (PID=13945) to work on /home/codespace/.local/share/virtualenvs/airflow_sandbox-vp-HKq_L/lib/python3.10/site-packages/airflow/example_dags/example_branch_python_dop_operator_3.py
[2024-02-14T09:24:37.030+0000] {processor.py:830} INFO - Processing file /home/codespace/.local/share/virtualenvs/airflow_sandbox-vp-HKq_L/lib/python3.10/site-packages/airflow/example_dags/example_branch_python_dop_operator_3.py for tasks to queue
[2024-02-14T09:24:37.031+0000] {logging_mixin.py:188} INFO - [2024-02-14T09:24:37.031+0000] {dagbag.py:538} INFO - Filling up the DagBag from /home/codespace/.local/share/virtualenvs/airflow_sandbox-vp-HKq_L/lib/python3.10/site-packages/airflow/example_dags/example_branch_python_dop_operator_3.py
[2024-02-14T09:24:37.039+0000] {processor.py:840} INFO - DAG(s) 'example_branch_dop_operator_v3' retrieved from /home/codespace/.local/share/virtualenvs/airflow_sandbox-vp-HKq_L/lib/python3.10/site-packages/airflow/example_dags/example_branch_python_dop_operator_3.py
[2024-02-14T09:24:37.050+0000] {logging_mixin.py:188} INFO - [2024-02-14T09:24:37.050+0000] {dag.py:3033} INFO - Sync 1 DAGs
[2024-02-14T09:24:37.069+0000] {logging_mixin.py:188} INFO - [2024-02-14T09:24:37.069+0000] {dag.py:3820} INFO - Setting next_dagrun for example_branch_dop_operator_v3 to 2024-02-14T09:23:00+00:00, run_after=2024-02-14T09:24:00+00:00
[2024-02-14T09:24:37.117+0000] {processor.py:183} INFO - Processing /home/codespace/.local/share/virtualenvs/airflow_sandbox-vp-HKq_L/lib/python3.10/site-packages/airflow/example_dags/example_branch_python_dop_operator_3.py took 0.090 seconds
[2024-02-14T09:25:30.131+0000] {processor.py:161} INFO - Started process (PID=14302) to work on /home/codespace/.local/share/virtualenvs/airflow_sandbox-vp-HKq_L/lib/python3.10/site-packages/airflow/example_dags/example_branch_python_dop_operator_3.py
[2024-02-14T09:25:30.131+0000] {processor.py:830} INFO - Processing file /home/codespace/.local/share/virtualenvs/airflow_sandbox-vp-HKq_L/lib/python3.10/site-packages/airflow/example_dags/example_branch_python_dop_operator_3.py for tasks to queue
[2024-02-14T09:25:30.132+0000] {logging_mixin.py:188} INFO - [2024-02-14T09:25:30.132+0000] {dagbag.py:538} INFO - Filling up the DagBag from /home/codespace/.local/share/virtualenvs/airflow_sandbox-vp-HKq_L/lib/python3.10/site-packages/airflow/example_dags/example_branch_python_dop_operator_3.py
[2024-02-14T09:25:30.139+0000] {processor.py:840} INFO - DAG(s) 'example_branch_dop_operator_v3' retrieved from /home/codespace/.local/share/virtualenvs/airflow_sandbox-vp-HKq_L/lib/python3.10/site-packages/airflow/example_dags/example_branch_python_dop_operator_3.py
[2024-02-14T09:25:30.151+0000] {logging_mixin.py:188} INFO - [2024-02-14T09:25:30.151+0000] {dag.py:3033} INFO - Sync 1 DAGs
[2024-02-14T09:25:30.172+0000] {logging_mixin.py:188} INFO - [2024-02-14T09:25:30.172+0000] {dag.py:3820} INFO - Setting next_dagrun for example_branch_dop_operator_v3 to 2024-02-14T09:24:00+00:00, run_after=2024-02-14T09:25:00+00:00
[2024-02-14T09:25:30.223+0000] {processor.py:183} INFO - Processing /home/codespace/.local/share/virtualenvs/airflow_sandbox-vp-HKq_L/lib/python3.10/site-packages/airflow/example_dags/example_branch_python_dop_operator_3.py took 0.094 seconds
[2024-02-14T09:26:21.898+0000] {processor.py:161} INFO - Started process (PID=14655) to work on /home/codespace/.local/share/virtualenvs/airflow_sandbox-vp-HKq_L/lib/python3.10/site-packages/airflow/example_dags/example_branch_python_dop_operator_3.py
[2024-02-14T09:26:21.899+0000] {processor.py:830} INFO - Processing file /home/codespace/.local/share/virtualenvs/airflow_sandbox-vp-HKq_L/lib/python3.10/site-packages/airflow/example_dags/example_branch_python_dop_operator_3.py for tasks to queue
[2024-02-14T09:26:21.900+0000] {logging_mixin.py:188} INFO - [2024-02-14T09:26:21.900+0000] {dagbag.py:538} INFO - Filling up the DagBag from /home/codespace/.local/share/virtualenvs/airflow_sandbox-vp-HKq_L/lib/python3.10/site-packages/airflow/example_dags/example_branch_python_dop_operator_3.py
[2024-02-14T09:26:21.914+0000] {processor.py:840} INFO - DAG(s) 'example_branch_dop_operator_v3' retrieved from /home/codespace/.local/share/virtualenvs/airflow_sandbox-vp-HKq_L/lib/python3.10/site-packages/airflow/example_dags/example_branch_python_dop_operator_3.py
[2024-02-14T09:26:21.934+0000] {logging_mixin.py:188} INFO - [2024-02-14T09:26:21.933+0000] {dag.py:3033} INFO - Sync 1 DAGs
[2024-02-14T09:26:21.964+0000] {logging_mixin.py:188} INFO - [2024-02-14T09:26:21.963+0000] {dag.py:3820} INFO - Setting next_dagrun for example_branch_dop_operator_v3 to 2024-02-14T09:25:00+00:00, run_after=2024-02-14T09:26:00+00:00
[2024-02-14T09:26:22.019+0000] {processor.py:183} INFO - Processing /home/codespace/.local/share/virtualenvs/airflow_sandbox-vp-HKq_L/lib/python3.10/site-packages/airflow/example_dags/example_branch_python_dop_operator_3.py took 0.124 seconds
[2024-02-14T09:27:16.926+0000] {processor.py:161} INFO - Started process (PID=15052) to work on /home/codespace/.local/share/virtualenvs/airflow_sandbox-vp-HKq_L/lib/python3.10/site-packages/airflow/example_dags/example_branch_python_dop_operator_3.py
[2024-02-14T09:27:16.927+0000] {processor.py:830} INFO - Processing file /home/codespace/.local/share/virtualenvs/airflow_sandbox-vp-HKq_L/lib/python3.10/site-packages/airflow/example_dags/example_branch_python_dop_operator_3.py for tasks to queue
[2024-02-14T09:27:16.928+0000] {logging_mixin.py:188} INFO - [2024-02-14T09:27:16.927+0000] {dagbag.py:538} INFO - Filling up the DagBag from /home/codespace/.local/share/virtualenvs/airflow_sandbox-vp-HKq_L/lib/python3.10/site-packages/airflow/example_dags/example_branch_python_dop_operator_3.py
[2024-02-14T09:27:16.935+0000] {processor.py:840} INFO - DAG(s) 'example_branch_dop_operator_v3' retrieved from /home/codespace/.local/share/virtualenvs/airflow_sandbox-vp-HKq_L/lib/python3.10/site-packages/airflow/example_dags/example_branch_python_dop_operator_3.py
[2024-02-14T09:27:16.947+0000] {logging_mixin.py:188} INFO - [2024-02-14T09:27:16.946+0000] {dag.py:3033} INFO - Sync 1 DAGs
[2024-02-14T09:27:16.966+0000] {logging_mixin.py:188} INFO - [2024-02-14T09:27:16.966+0000] {dag.py:3820} INFO - Setting next_dagrun for example_branch_dop_operator_v3 to 2024-02-14T09:26:00+00:00, run_after=2024-02-14T09:27:00+00:00
[2024-02-14T09:27:17.015+0000] {processor.py:183} INFO - Processing /home/codespace/.local/share/virtualenvs/airflow_sandbox-vp-HKq_L/lib/python3.10/site-packages/airflow/example_dags/example_branch_python_dop_operator_3.py took 0.091 seconds
[2024-02-14T09:28:12.117+0000] {processor.py:161} INFO - Started process (PID=15451) to work on /home/codespace/.local/share/virtualenvs/airflow_sandbox-vp-HKq_L/lib/python3.10/site-packages/airflow/example_dags/example_branch_python_dop_operator_3.py
[2024-02-14T09:28:12.118+0000] {processor.py:830} INFO - Processing file /home/codespace/.local/share/virtualenvs/airflow_sandbox-vp-HKq_L/lib/python3.10/site-packages/airflow/example_dags/example_branch_python_dop_operator_3.py for tasks to queue
[2024-02-14T09:28:12.119+0000] {logging_mixin.py:188} INFO - [2024-02-14T09:28:12.118+0000] {dagbag.py:538} INFO - Filling up the DagBag from /home/codespace/.local/share/virtualenvs/airflow_sandbox-vp-HKq_L/lib/python3.10/site-packages/airflow/example_dags/example_branch_python_dop_operator_3.py
[2024-02-14T09:28:12.126+0000] {processor.py:840} INFO - DAG(s) 'example_branch_dop_operator_v3' retrieved from /home/codespace/.local/share/virtualenvs/airflow_sandbox-vp-HKq_L/lib/python3.10/site-packages/airflow/example_dags/example_branch_python_dop_operator_3.py
[2024-02-14T09:28:12.138+0000] {logging_mixin.py:188} INFO - [2024-02-14T09:28:12.138+0000] {dag.py:3033} INFO - Sync 1 DAGs
[2024-02-14T09:28:12.159+0000] {logging_mixin.py:188} INFO - [2024-02-14T09:28:12.158+0000] {dag.py:3820} INFO - Setting next_dagrun for example_branch_dop_operator_v3 to 2024-02-14T09:27:00+00:00, run_after=2024-02-14T09:28:00+00:00
[2024-02-14T09:28:12.200+0000] {processor.py:183} INFO - Processing /home/codespace/.local/share/virtualenvs/airflow_sandbox-vp-HKq_L/lib/python3.10/site-packages/airflow/example_dags/example_branch_python_dop_operator_3.py took 0.085 seconds
[2024-02-14T09:29:03.877+0000] {processor.py:161} INFO - Started process (PID=15962) to work on /home/codespace/.local/share/virtualenvs/airflow_sandbox-vp-HKq_L/lib/python3.10/site-packages/airflow/example_dags/example_branch_python_dop_operator_3.py
[2024-02-14T09:29:03.878+0000] {processor.py:830} INFO - Processing file /home/codespace/.local/share/virtualenvs/airflow_sandbox-vp-HKq_L/lib/python3.10/site-packages/airflow/example_dags/example_branch_python_dop_operator_3.py for tasks to queue
[2024-02-14T09:29:03.879+0000] {logging_mixin.py:188} INFO - [2024-02-14T09:29:03.878+0000] {dagbag.py:538} INFO - Filling up the DagBag from /home/codespace/.local/share/virtualenvs/airflow_sandbox-vp-HKq_L/lib/python3.10/site-packages/airflow/example_dags/example_branch_python_dop_operator_3.py
[2024-02-14T09:29:03.890+0000] {processor.py:840} INFO - DAG(s) 'example_branch_dop_operator_v3' retrieved from /home/codespace/.local/share/virtualenvs/airflow_sandbox-vp-HKq_L/lib/python3.10/site-packages/airflow/example_dags/example_branch_python_dop_operator_3.py
[2024-02-14T09:29:03.906+0000] {logging_mixin.py:188} INFO - [2024-02-14T09:29:03.906+0000] {dag.py:3033} INFO - Sync 1 DAGs
[2024-02-14T09:29:03.928+0000] {logging_mixin.py:188} INFO - [2024-02-14T09:29:03.928+0000] {dag.py:3820} INFO - Setting next_dagrun for example_branch_dop_operator_v3 to 2024-02-14T09:28:00+00:00, run_after=2024-02-14T09:29:00+00:00
[2024-02-14T09:29:03.973+0000] {processor.py:183} INFO - Processing /home/codespace/.local/share/virtualenvs/airflow_sandbox-vp-HKq_L/lib/python3.10/site-packages/airflow/example_dags/example_branch_python_dop_operator_3.py took 0.099 seconds
[2024-02-14T09:29:58.217+0000] {processor.py:161} INFO - Started process (PID=16361) to work on /home/codespace/.local/share/virtualenvs/airflow_sandbox-vp-HKq_L/lib/python3.10/site-packages/airflow/example_dags/example_branch_python_dop_operator_3.py
[2024-02-14T09:29:58.217+0000] {processor.py:830} INFO - Processing file /home/codespace/.local/share/virtualenvs/airflow_sandbox-vp-HKq_L/lib/python3.10/site-packages/airflow/example_dags/example_branch_python_dop_operator_3.py for tasks to queue
[2024-02-14T09:29:58.218+0000] {logging_mixin.py:188} INFO - [2024-02-14T09:29:58.218+0000] {dagbag.py:538} INFO - Filling up the DagBag from /home/codespace/.local/share/virtualenvs/airflow_sandbox-vp-HKq_L/lib/python3.10/site-packages/airflow/example_dags/example_branch_python_dop_operator_3.py
[2024-02-14T09:29:58.225+0000] {processor.py:840} INFO - DAG(s) 'example_branch_dop_operator_v3' retrieved from /home/codespace/.local/share/virtualenvs/airflow_sandbox-vp-HKq_L/lib/python3.10/site-packages/airflow/example_dags/example_branch_python_dop_operator_3.py
[2024-02-14T09:29:58.237+0000] {logging_mixin.py:188} INFO - [2024-02-14T09:29:58.237+0000] {dag.py:3033} INFO - Sync 1 DAGs
[2024-02-14T09:29:58.256+0000] {logging_mixin.py:188} INFO - [2024-02-14T09:29:58.255+0000] {dag.py:3820} INFO - Setting next_dagrun for example_branch_dop_operator_v3 to 2024-02-14T09:28:00+00:00, run_after=2024-02-14T09:29:00+00:00
[2024-02-14T09:29:58.296+0000] {processor.py:183} INFO - Processing /home/codespace/.local/share/virtualenvs/airflow_sandbox-vp-HKq_L/lib/python3.10/site-packages/airflow/example_dags/example_branch_python_dop_operator_3.py took 0.081 seconds
[2024-02-14T09:30:48.391+0000] {processor.py:161} INFO - Started process (PID=16720) to work on /home/codespace/.local/share/virtualenvs/airflow_sandbox-vp-HKq_L/lib/python3.10/site-packages/airflow/example_dags/example_branch_python_dop_operator_3.py
[2024-02-14T09:30:48.391+0000] {processor.py:830} INFO - Processing file /home/codespace/.local/share/virtualenvs/airflow_sandbox-vp-HKq_L/lib/python3.10/site-packages/airflow/example_dags/example_branch_python_dop_operator_3.py for tasks to queue
[2024-02-14T09:30:48.392+0000] {logging_mixin.py:188} INFO - [2024-02-14T09:30:48.392+0000] {dagbag.py:538} INFO - Filling up the DagBag from /home/codespace/.local/share/virtualenvs/airflow_sandbox-vp-HKq_L/lib/python3.10/site-packages/airflow/example_dags/example_branch_python_dop_operator_3.py
[2024-02-14T09:30:48.399+0000] {processor.py:840} INFO - DAG(s) 'example_branch_dop_operator_v3' retrieved from /home/codespace/.local/share/virtualenvs/airflow_sandbox-vp-HKq_L/lib/python3.10/site-packages/airflow/example_dags/example_branch_python_dop_operator_3.py
[2024-02-14T09:30:48.411+0000] {logging_mixin.py:188} INFO - [2024-02-14T09:30:48.411+0000] {dag.py:3033} INFO - Sync 1 DAGs
[2024-02-14T09:30:48.430+0000] {logging_mixin.py:188} INFO - [2024-02-14T09:30:48.430+0000] {dag.py:3820} INFO - Setting next_dagrun for example_branch_dop_operator_v3 to 2024-02-14T09:29:00+00:00, run_after=2024-02-14T09:30:00+00:00
[2024-02-14T09:30:48.489+0000] {processor.py:183} INFO - Processing /home/codespace/.local/share/virtualenvs/airflow_sandbox-vp-HKq_L/lib/python3.10/site-packages/airflow/example_dags/example_branch_python_dop_operator_3.py took 0.101 seconds
[2024-02-14T09:31:41.897+0000] {processor.py:161} INFO - Started process (PID=17089) to work on /home/codespace/.local/share/virtualenvs/airflow_sandbox-vp-HKq_L/lib/python3.10/site-packages/airflow/example_dags/example_branch_python_dop_operator_3.py
[2024-02-14T09:31:41.898+0000] {processor.py:830} INFO - Processing file /home/codespace/.local/share/virtualenvs/airflow_sandbox-vp-HKq_L/lib/python3.10/site-packages/airflow/example_dags/example_branch_python_dop_operator_3.py for tasks to queue
[2024-02-14T09:31:41.899+0000] {logging_mixin.py:188} INFO - [2024-02-14T09:31:41.899+0000] {dagbag.py:538} INFO - Filling up the DagBag from /home/codespace/.local/share/virtualenvs/airflow_sandbox-vp-HKq_L/lib/python3.10/site-packages/airflow/example_dags/example_branch_python_dop_operator_3.py
[2024-02-14T09:31:41.907+0000] {processor.py:840} INFO - DAG(s) 'example_branch_dop_operator_v3' retrieved from /home/codespace/.local/share/virtualenvs/airflow_sandbox-vp-HKq_L/lib/python3.10/site-packages/airflow/example_dags/example_branch_python_dop_operator_3.py
[2024-02-14T09:31:41.921+0000] {logging_mixin.py:188} INFO - [2024-02-14T09:31:41.921+0000] {dag.py:3033} INFO - Sync 1 DAGs
[2024-02-14T09:31:41.940+0000] {logging_mixin.py:188} INFO - [2024-02-14T09:31:41.940+0000] {dag.py:3820} INFO - Setting next_dagrun for example_branch_dop_operator_v3 to 2024-02-14T09:30:00+00:00, run_after=2024-02-14T09:31:00+00:00
[2024-02-14T09:31:41.985+0000] {processor.py:183} INFO - Processing /home/codespace/.local/share/virtualenvs/airflow_sandbox-vp-HKq_L/lib/python3.10/site-packages/airflow/example_dags/example_branch_python_dop_operator_3.py took 0.090 seconds
[2024-02-14T09:32:36.312+0000] {processor.py:161} INFO - Started process (PID=17496) to work on /home/codespace/.local/share/virtualenvs/airflow_sandbox-vp-HKq_L/lib/python3.10/site-packages/airflow/example_dags/example_branch_python_dop_operator_3.py
[2024-02-14T09:32:36.313+0000] {processor.py:830} INFO - Processing file /home/codespace/.local/share/virtualenvs/airflow_sandbox-vp-HKq_L/lib/python3.10/site-packages/airflow/example_dags/example_branch_python_dop_operator_3.py for tasks to queue
[2024-02-14T09:32:36.314+0000] {logging_mixin.py:188} INFO - [2024-02-14T09:32:36.313+0000] {dagbag.py:538} INFO - Filling up the DagBag from /home/codespace/.local/share/virtualenvs/airflow_sandbox-vp-HKq_L/lib/python3.10/site-packages/airflow/example_dags/example_branch_python_dop_operator_3.py
[2024-02-14T09:32:36.321+0000] {processor.py:840} INFO - DAG(s) 'example_branch_dop_operator_v3' retrieved from /home/codespace/.local/share/virtualenvs/airflow_sandbox-vp-HKq_L/lib/python3.10/site-packages/airflow/example_dags/example_branch_python_dop_operator_3.py
[2024-02-14T09:32:36.333+0000] {logging_mixin.py:188} INFO - [2024-02-14T09:32:36.333+0000] {dag.py:3033} INFO - Sync 1 DAGs
[2024-02-14T09:32:36.351+0000] {logging_mixin.py:188} INFO - [2024-02-14T09:32:36.351+0000] {dag.py:3820} INFO - Setting next_dagrun for example_branch_dop_operator_v3 to 2024-02-14T09:31:00+00:00, run_after=2024-02-14T09:32:00+00:00
[2024-02-14T09:32:36.396+0000] {processor.py:183} INFO - Processing /home/codespace/.local/share/virtualenvs/airflow_sandbox-vp-HKq_L/lib/python3.10/site-packages/airflow/example_dags/example_branch_python_dop_operator_3.py took 0.086 seconds
[2024-02-14T09:33:28.711+0000] {processor.py:161} INFO - Started process (PID=17855) to work on /home/codespace/.local/share/virtualenvs/airflow_sandbox-vp-HKq_L/lib/python3.10/site-packages/airflow/example_dags/example_branch_python_dop_operator_3.py
[2024-02-14T09:33:28.712+0000] {processor.py:830} INFO - Processing file /home/codespace/.local/share/virtualenvs/airflow_sandbox-vp-HKq_L/lib/python3.10/site-packages/airflow/example_dags/example_branch_python_dop_operator_3.py for tasks to queue
[2024-02-14T09:33:28.712+0000] {logging_mixin.py:188} INFO - [2024-02-14T09:33:28.712+0000] {dagbag.py:538} INFO - Filling up the DagBag from /home/codespace/.local/share/virtualenvs/airflow_sandbox-vp-HKq_L/lib/python3.10/site-packages/airflow/example_dags/example_branch_python_dop_operator_3.py
[2024-02-14T09:33:28.721+0000] {processor.py:840} INFO - DAG(s) 'example_branch_dop_operator_v3' retrieved from /home/codespace/.local/share/virtualenvs/airflow_sandbox-vp-HKq_L/lib/python3.10/site-packages/airflow/example_dags/example_branch_python_dop_operator_3.py
[2024-02-14T09:33:28.739+0000] {logging_mixin.py:188} INFO - [2024-02-14T09:33:28.739+0000] {dag.py:3033} INFO - Sync 1 DAGs
[2024-02-14T09:33:28.773+0000] {logging_mixin.py:188} INFO - [2024-02-14T09:33:28.772+0000] {dag.py:3820} INFO - Setting next_dagrun for example_branch_dop_operator_v3 to 2024-02-14T09:32:00+00:00, run_after=2024-02-14T09:33:00+00:00
[2024-02-14T09:33:28.823+0000] {processor.py:183} INFO - Processing /home/codespace/.local/share/virtualenvs/airflow_sandbox-vp-HKq_L/lib/python3.10/site-packages/airflow/example_dags/example_branch_python_dop_operator_3.py took 0.115 seconds
[2024-02-14T09:34:19.359+0000] {processor.py:161} INFO - Started process (PID=18226) to work on /home/codespace/.local/share/virtualenvs/airflow_sandbox-vp-HKq_L/lib/python3.10/site-packages/airflow/example_dags/example_branch_python_dop_operator_3.py
[2024-02-14T09:34:19.360+0000] {processor.py:830} INFO - Processing file /home/codespace/.local/share/virtualenvs/airflow_sandbox-vp-HKq_L/lib/python3.10/site-packages/airflow/example_dags/example_branch_python_dop_operator_3.py for tasks to queue
[2024-02-14T09:34:19.360+0000] {logging_mixin.py:188} INFO - [2024-02-14T09:34:19.360+0000] {dagbag.py:538} INFO - Filling up the DagBag from /home/codespace/.local/share/virtualenvs/airflow_sandbox-vp-HKq_L/lib/python3.10/site-packages/airflow/example_dags/example_branch_python_dop_operator_3.py
[2024-02-14T09:34:19.368+0000] {processor.py:840} INFO - DAG(s) 'example_branch_dop_operator_v3' retrieved from /home/codespace/.local/share/virtualenvs/airflow_sandbox-vp-HKq_L/lib/python3.10/site-packages/airflow/example_dags/example_branch_python_dop_operator_3.py
[2024-02-14T09:34:19.380+0000] {logging_mixin.py:188} INFO - [2024-02-14T09:34:19.379+0000] {dag.py:3033} INFO - Sync 1 DAGs
[2024-02-14T09:34:19.400+0000] {logging_mixin.py:188} INFO - [2024-02-14T09:34:19.400+0000] {dag.py:3820} INFO - Setting next_dagrun for example_branch_dop_operator_v3 to 2024-02-14T09:33:00+00:00, run_after=2024-02-14T09:34:00+00:00
[2024-02-14T09:34:19.444+0000] {processor.py:183} INFO - Processing /home/codespace/.local/share/virtualenvs/airflow_sandbox-vp-HKq_L/lib/python3.10/site-packages/airflow/example_dags/example_branch_python_dop_operator_3.py took 0.088 seconds
