[2024-02-14T09:07:47.984+0000] {processor.py:161} INFO - Started process (PID=4606) to work on /home/codespace/.local/share/virtualenvs/airflow_sandbox-vp-HKq_L/lib/python3.10/site-packages/airflow/example_dags/example_trigger_target_dag.py
[2024-02-14T09:07:47.985+0000] {processor.py:830} INFO - Processing file /home/codespace/.local/share/virtualenvs/airflow_sandbox-vp-HKq_L/lib/python3.10/site-packages/airflow/example_dags/example_trigger_target_dag.py for tasks to queue
[2024-02-14T09:07:47.985+0000] {logging_mixin.py:188} INFO - [2024-02-14T09:07:47.985+0000] {dagbag.py:538} INFO - Filling up the DagBag from /home/codespace/.local/share/virtualenvs/airflow_sandbox-vp-HKq_L/lib/python3.10/site-packages/airflow/example_dags/example_trigger_target_dag.py
[2024-02-14T09:07:47.989+0000] {processor.py:840} INFO - DAG(s) 'example_trigger_target_dag' retrieved from /home/codespace/.local/share/virtualenvs/airflow_sandbox-vp-HKq_L/lib/python3.10/site-packages/airflow/example_dags/example_trigger_target_dag.py
[2024-02-14T09:07:48.006+0000] {logging_mixin.py:188} INFO - [2024-02-14T09:07:48.005+0000] {dag.py:3033} INFO - Sync 1 DAGs
[2024-02-14T09:07:48.116+0000] {logging_mixin.py:188} INFO - [2024-02-14T09:07:48.116+0000] {dag.py:3820} INFO - Setting next_dagrun for example_trigger_target_dag to None, run_after=None
[2024-02-14T09:07:48.161+0000] {processor.py:183} INFO - Processing /home/codespace/.local/share/virtualenvs/airflow_sandbox-vp-HKq_L/lib/python3.10/site-packages/airflow/example_dags/example_trigger_target_dag.py took 0.179 seconds
[2024-02-14T09:08:37.295+0000] {processor.py:161} INFO - Started process (PID=5191) to work on /home/codespace/.local/share/virtualenvs/airflow_sandbox-vp-HKq_L/lib/python3.10/site-packages/airflow/example_dags/example_trigger_target_dag.py
[2024-02-14T09:08:37.296+0000] {processor.py:830} INFO - Processing file /home/codespace/.local/share/virtualenvs/airflow_sandbox-vp-HKq_L/lib/python3.10/site-packages/airflow/example_dags/example_trigger_target_dag.py for tasks to queue
[2024-02-14T09:08:37.297+0000] {logging_mixin.py:188} INFO - [2024-02-14T09:08:37.296+0000] {dagbag.py:538} INFO - Filling up the DagBag from /home/codespace/.local/share/virtualenvs/airflow_sandbox-vp-HKq_L/lib/python3.10/site-packages/airflow/example_dags/example_trigger_target_dag.py
[2024-02-14T09:08:37.302+0000] {processor.py:840} INFO - DAG(s) 'example_trigger_target_dag' retrieved from /home/codespace/.local/share/virtualenvs/airflow_sandbox-vp-HKq_L/lib/python3.10/site-packages/airflow/example_dags/example_trigger_target_dag.py
[2024-02-14T09:08:37.313+0000] {logging_mixin.py:188} INFO - [2024-02-14T09:08:37.313+0000] {dag.py:3033} INFO - Sync 1 DAGs
[2024-02-14T09:08:37.322+0000] {logging_mixin.py:188} INFO - [2024-02-14T09:08:37.322+0000] {dag.py:3820} INFO - Setting next_dagrun for example_trigger_target_dag to None, run_after=None
[2024-02-14T09:08:37.362+0000] {processor.py:183} INFO - Processing /home/codespace/.local/share/virtualenvs/airflow_sandbox-vp-HKq_L/lib/python3.10/site-packages/airflow/example_dags/example_trigger_target_dag.py took 0.069 seconds
[2024-02-14T09:09:33.221+0000] {processor.py:161} INFO - Started process (PID=6040) to work on /home/codespace/.local/share/virtualenvs/airflow_sandbox-vp-HKq_L/lib/python3.10/site-packages/airflow/example_dags/example_trigger_target_dag.py
[2024-02-14T09:09:33.222+0000] {processor.py:830} INFO - Processing file /home/codespace/.local/share/virtualenvs/airflow_sandbox-vp-HKq_L/lib/python3.10/site-packages/airflow/example_dags/example_trigger_target_dag.py for tasks to queue
[2024-02-14T09:09:33.222+0000] {logging_mixin.py:188} INFO - [2024-02-14T09:09:33.222+0000] {dagbag.py:538} INFO - Filling up the DagBag from /home/codespace/.local/share/virtualenvs/airflow_sandbox-vp-HKq_L/lib/python3.10/site-packages/airflow/example_dags/example_trigger_target_dag.py
[2024-02-14T09:09:33.227+0000] {processor.py:840} INFO - DAG(s) 'example_trigger_target_dag' retrieved from /home/codespace/.local/share/virtualenvs/airflow_sandbox-vp-HKq_L/lib/python3.10/site-packages/airflow/example_dags/example_trigger_target_dag.py
[2024-02-14T09:09:33.240+0000] {logging_mixin.py:188} INFO - [2024-02-14T09:09:33.239+0000] {dag.py:3033} INFO - Sync 1 DAGs
[2024-02-14T09:09:33.250+0000] {logging_mixin.py:188} INFO - [2024-02-14T09:09:33.249+0000] {dag.py:3820} INFO - Setting next_dagrun for example_trigger_target_dag to None, run_after=None
[2024-02-14T09:09:33.293+0000] {processor.py:183} INFO - Processing /home/codespace/.local/share/virtualenvs/airflow_sandbox-vp-HKq_L/lib/python3.10/site-packages/airflow/example_dags/example_trigger_target_dag.py took 0.075 seconds
[2024-02-14T09:10:17.708+0000] {processor.py:161} INFO - Started process (PID=6630) to work on /home/codespace/.local/share/virtualenvs/airflow_sandbox-vp-HKq_L/lib/python3.10/site-packages/airflow/example_dags/example_trigger_target_dag.py
[2024-02-14T09:10:17.709+0000] {processor.py:830} INFO - Processing file /home/codespace/.local/share/virtualenvs/airflow_sandbox-vp-HKq_L/lib/python3.10/site-packages/airflow/example_dags/example_trigger_target_dag.py for tasks to queue
[2024-02-14T09:10:17.710+0000] {logging_mixin.py:188} INFO - [2024-02-14T09:10:17.709+0000] {dagbag.py:538} INFO - Filling up the DagBag from /home/codespace/.local/share/virtualenvs/airflow_sandbox-vp-HKq_L/lib/python3.10/site-packages/airflow/example_dags/example_trigger_target_dag.py
[2024-02-14T09:10:17.715+0000] {processor.py:840} INFO - DAG(s) 'example_trigger_target_dag' retrieved from /home/codespace/.local/share/virtualenvs/airflow_sandbox-vp-HKq_L/lib/python3.10/site-packages/airflow/example_dags/example_trigger_target_dag.py
[2024-02-14T09:10:17.726+0000] {logging_mixin.py:188} INFO - [2024-02-14T09:10:17.726+0000] {dag.py:3033} INFO - Sync 1 DAGs
[2024-02-14T09:10:17.735+0000] {logging_mixin.py:188} INFO - [2024-02-14T09:10:17.735+0000] {dag.py:3820} INFO - Setting next_dagrun for example_trigger_target_dag to None, run_after=None
[2024-02-14T09:10:17.777+0000] {processor.py:183} INFO - Processing /home/codespace/.local/share/virtualenvs/airflow_sandbox-vp-HKq_L/lib/python3.10/site-packages/airflow/example_dags/example_trigger_target_dag.py took 0.072 seconds
[2024-02-14T09:10:57.700+0000] {processor.py:161} INFO - Started process (PID=7031) to work on /home/codespace/.local/share/virtualenvs/airflow_sandbox-vp-HKq_L/lib/python3.10/site-packages/airflow/example_dags/example_trigger_target_dag.py
[2024-02-14T09:10:57.701+0000] {processor.py:830} INFO - Processing file /home/codespace/.local/share/virtualenvs/airflow_sandbox-vp-HKq_L/lib/python3.10/site-packages/airflow/example_dags/example_trigger_target_dag.py for tasks to queue
[2024-02-14T09:10:57.701+0000] {logging_mixin.py:188} INFO - [2024-02-14T09:10:57.701+0000] {dagbag.py:538} INFO - Filling up the DagBag from /home/codespace/.local/share/virtualenvs/airflow_sandbox-vp-HKq_L/lib/python3.10/site-packages/airflow/example_dags/example_trigger_target_dag.py
[2024-02-14T09:10:57.706+0000] {processor.py:840} INFO - DAG(s) 'example_trigger_target_dag' retrieved from /home/codespace/.local/share/virtualenvs/airflow_sandbox-vp-HKq_L/lib/python3.10/site-packages/airflow/example_dags/example_trigger_target_dag.py
[2024-02-14T09:10:57.719+0000] {logging_mixin.py:188} INFO - [2024-02-14T09:10:57.719+0000] {dag.py:3033} INFO - Sync 1 DAGs
[2024-02-14T09:10:57.728+0000] {logging_mixin.py:188} INFO - [2024-02-14T09:10:57.728+0000] {dag.py:3820} INFO - Setting next_dagrun for example_trigger_target_dag to None, run_after=None
[2024-02-14T09:10:57.771+0000] {processor.py:183} INFO - Processing /home/codespace/.local/share/virtualenvs/airflow_sandbox-vp-HKq_L/lib/python3.10/site-packages/airflow/example_dags/example_trigger_target_dag.py took 0.074 seconds
[2024-02-14T09:11:54.653+0000] {processor.py:161} INFO - Started process (PID=7810) to work on /home/codespace/.local/share/virtualenvs/airflow_sandbox-vp-HKq_L/lib/python3.10/site-packages/airflow/example_dags/example_trigger_target_dag.py
[2024-02-14T09:11:54.653+0000] {processor.py:830} INFO - Processing file /home/codespace/.local/share/virtualenvs/airflow_sandbox-vp-HKq_L/lib/python3.10/site-packages/airflow/example_dags/example_trigger_target_dag.py for tasks to queue
[2024-02-14T09:11:54.654+0000] {logging_mixin.py:188} INFO - [2024-02-14T09:11:54.654+0000] {dagbag.py:538} INFO - Filling up the DagBag from /home/codespace/.local/share/virtualenvs/airflow_sandbox-vp-HKq_L/lib/python3.10/site-packages/airflow/example_dags/example_trigger_target_dag.py
[2024-02-14T09:11:54.659+0000] {processor.py:840} INFO - DAG(s) 'example_trigger_target_dag' retrieved from /home/codespace/.local/share/virtualenvs/airflow_sandbox-vp-HKq_L/lib/python3.10/site-packages/airflow/example_dags/example_trigger_target_dag.py
[2024-02-14T09:11:54.671+0000] {logging_mixin.py:188} INFO - [2024-02-14T09:11:54.671+0000] {dag.py:3033} INFO - Sync 1 DAGs
[2024-02-14T09:11:54.680+0000] {logging_mixin.py:188} INFO - [2024-02-14T09:11:54.680+0000] {dag.py:3820} INFO - Setting next_dagrun for example_trigger_target_dag to None, run_after=None
[2024-02-14T09:11:54.722+0000] {processor.py:183} INFO - Processing /home/codespace/.local/share/virtualenvs/airflow_sandbox-vp-HKq_L/lib/python3.10/site-packages/airflow/example_dags/example_trigger_target_dag.py took 0.072 seconds
[2024-02-14T09:12:48.404+0000] {processor.py:161} INFO - Started process (PID=8333) to work on /home/codespace/.local/share/virtualenvs/airflow_sandbox-vp-HKq_L/lib/python3.10/site-packages/airflow/example_dags/example_trigger_target_dag.py
[2024-02-14T09:12:48.404+0000] {processor.py:830} INFO - Processing file /home/codespace/.local/share/virtualenvs/airflow_sandbox-vp-HKq_L/lib/python3.10/site-packages/airflow/example_dags/example_trigger_target_dag.py for tasks to queue
[2024-02-14T09:12:48.405+0000] {logging_mixin.py:188} INFO - [2024-02-14T09:12:48.405+0000] {dagbag.py:538} INFO - Filling up the DagBag from /home/codespace/.local/share/virtualenvs/airflow_sandbox-vp-HKq_L/lib/python3.10/site-packages/airflow/example_dags/example_trigger_target_dag.py
[2024-02-14T09:12:48.410+0000] {processor.py:840} INFO - DAG(s) 'example_trigger_target_dag' retrieved from /home/codespace/.local/share/virtualenvs/airflow_sandbox-vp-HKq_L/lib/python3.10/site-packages/airflow/example_dags/example_trigger_target_dag.py
[2024-02-14T09:12:48.421+0000] {logging_mixin.py:188} INFO - [2024-02-14T09:12:48.421+0000] {dag.py:3033} INFO - Sync 1 DAGs
[2024-02-14T09:12:48.430+0000] {logging_mixin.py:188} INFO - [2024-02-14T09:12:48.430+0000] {dag.py:3820} INFO - Setting next_dagrun for example_trigger_target_dag to None, run_after=None
[2024-02-14T09:12:48.470+0000] {processor.py:183} INFO - Processing /home/codespace/.local/share/virtualenvs/airflow_sandbox-vp-HKq_L/lib/python3.10/site-packages/airflow/example_dags/example_trigger_target_dag.py took 0.069 seconds
[2024-02-14T09:13:42.164+0000] {processor.py:161} INFO - Started process (PID=8699) to work on /home/codespace/.local/share/virtualenvs/airflow_sandbox-vp-HKq_L/lib/python3.10/site-packages/airflow/example_dags/example_trigger_target_dag.py
[2024-02-14T09:13:42.165+0000] {processor.py:830} INFO - Processing file /home/codespace/.local/share/virtualenvs/airflow_sandbox-vp-HKq_L/lib/python3.10/site-packages/airflow/example_dags/example_trigger_target_dag.py for tasks to queue
[2024-02-14T09:13:42.166+0000] {logging_mixin.py:188} INFO - [2024-02-14T09:13:42.165+0000] {dagbag.py:538} INFO - Filling up the DagBag from /home/codespace/.local/share/virtualenvs/airflow_sandbox-vp-HKq_L/lib/python3.10/site-packages/airflow/example_dags/example_trigger_target_dag.py
[2024-02-14T09:13:42.171+0000] {processor.py:840} INFO - DAG(s) 'example_trigger_target_dag' retrieved from /home/codespace/.local/share/virtualenvs/airflow_sandbox-vp-HKq_L/lib/python3.10/site-packages/airflow/example_dags/example_trigger_target_dag.py
[2024-02-14T09:13:42.183+0000] {logging_mixin.py:188} INFO - [2024-02-14T09:13:42.183+0000] {dag.py:3033} INFO - Sync 1 DAGs
[2024-02-14T09:13:42.192+0000] {logging_mixin.py:188} INFO - [2024-02-14T09:13:42.192+0000] {dag.py:3820} INFO - Setting next_dagrun for example_trigger_target_dag to None, run_after=None
[2024-02-14T09:13:42.233+0000] {processor.py:183} INFO - Processing /home/codespace/.local/share/virtualenvs/airflow_sandbox-vp-HKq_L/lib/python3.10/site-packages/airflow/example_dags/example_trigger_target_dag.py took 0.071 seconds
[2024-02-14T09:14:34.069+0000] {processor.py:161} INFO - Started process (PID=9126) to work on /home/codespace/.local/share/virtualenvs/airflow_sandbox-vp-HKq_L/lib/python3.10/site-packages/airflow/example_dags/example_trigger_target_dag.py
[2024-02-14T09:14:34.069+0000] {processor.py:830} INFO - Processing file /home/codespace/.local/share/virtualenvs/airflow_sandbox-vp-HKq_L/lib/python3.10/site-packages/airflow/example_dags/example_trigger_target_dag.py for tasks to queue
[2024-02-14T09:14:34.070+0000] {logging_mixin.py:188} INFO - [2024-02-14T09:14:34.070+0000] {dagbag.py:538} INFO - Filling up the DagBag from /home/codespace/.local/share/virtualenvs/airflow_sandbox-vp-HKq_L/lib/python3.10/site-packages/airflow/example_dags/example_trigger_target_dag.py
[2024-02-14T09:14:34.075+0000] {processor.py:840} INFO - DAG(s) 'example_trigger_target_dag' retrieved from /home/codespace/.local/share/virtualenvs/airflow_sandbox-vp-HKq_L/lib/python3.10/site-packages/airflow/example_dags/example_trigger_target_dag.py
[2024-02-14T09:14:34.087+0000] {logging_mixin.py:188} INFO - [2024-02-14T09:14:34.087+0000] {dag.py:3033} INFO - Sync 1 DAGs
[2024-02-14T09:14:34.096+0000] {logging_mixin.py:188} INFO - [2024-02-14T09:14:34.096+0000] {dag.py:3820} INFO - Setting next_dagrun for example_trigger_target_dag to None, run_after=None
[2024-02-14T09:14:34.137+0000] {processor.py:183} INFO - Processing /home/codespace/.local/share/virtualenvs/airflow_sandbox-vp-HKq_L/lib/python3.10/site-packages/airflow/example_dags/example_trigger_target_dag.py took 0.071 seconds
[2024-02-14T09:15:27.161+0000] {processor.py:161} INFO - Started process (PID=9491) to work on /home/codespace/.local/share/virtualenvs/airflow_sandbox-vp-HKq_L/lib/python3.10/site-packages/airflow/example_dags/example_trigger_target_dag.py
[2024-02-14T09:15:27.162+0000] {processor.py:830} INFO - Processing file /home/codespace/.local/share/virtualenvs/airflow_sandbox-vp-HKq_L/lib/python3.10/site-packages/airflow/example_dags/example_trigger_target_dag.py for tasks to queue
[2024-02-14T09:15:27.163+0000] {logging_mixin.py:188} INFO - [2024-02-14T09:15:27.162+0000] {dagbag.py:538} INFO - Filling up the DagBag from /home/codespace/.local/share/virtualenvs/airflow_sandbox-vp-HKq_L/lib/python3.10/site-packages/airflow/example_dags/example_trigger_target_dag.py
[2024-02-14T09:15:27.167+0000] {processor.py:840} INFO - DAG(s) 'example_trigger_target_dag' retrieved from /home/codespace/.local/share/virtualenvs/airflow_sandbox-vp-HKq_L/lib/python3.10/site-packages/airflow/example_dags/example_trigger_target_dag.py
[2024-02-14T09:15:27.179+0000] {logging_mixin.py:188} INFO - [2024-02-14T09:15:27.178+0000] {dag.py:3033} INFO - Sync 1 DAGs
[2024-02-14T09:15:27.187+0000] {logging_mixin.py:188} INFO - [2024-02-14T09:15:27.187+0000] {dag.py:3820} INFO - Setting next_dagrun for example_trigger_target_dag to None, run_after=None
[2024-02-14T09:15:27.227+0000] {processor.py:183} INFO - Processing /home/codespace/.local/share/virtualenvs/airflow_sandbox-vp-HKq_L/lib/python3.10/site-packages/airflow/example_dags/example_trigger_target_dag.py took 0.068 seconds
[2024-02-14T09:16:18.399+0000] {processor.py:161} INFO - Started process (PID=9852) to work on /home/codespace/.local/share/virtualenvs/airflow_sandbox-vp-HKq_L/lib/python3.10/site-packages/airflow/example_dags/example_trigger_target_dag.py
[2024-02-14T09:16:18.400+0000] {processor.py:830} INFO - Processing file /home/codespace/.local/share/virtualenvs/airflow_sandbox-vp-HKq_L/lib/python3.10/site-packages/airflow/example_dags/example_trigger_target_dag.py for tasks to queue
[2024-02-14T09:16:18.401+0000] {logging_mixin.py:188} INFO - [2024-02-14T09:16:18.401+0000] {dagbag.py:538} INFO - Filling up the DagBag from /home/codespace/.local/share/virtualenvs/airflow_sandbox-vp-HKq_L/lib/python3.10/site-packages/airflow/example_dags/example_trigger_target_dag.py
[2024-02-14T09:16:18.406+0000] {processor.py:840} INFO - DAG(s) 'example_trigger_target_dag' retrieved from /home/codespace/.local/share/virtualenvs/airflow_sandbox-vp-HKq_L/lib/python3.10/site-packages/airflow/example_dags/example_trigger_target_dag.py
[2024-02-14T09:16:18.418+0000] {logging_mixin.py:188} INFO - [2024-02-14T09:16:18.417+0000] {dag.py:3033} INFO - Sync 1 DAGs
[2024-02-14T09:16:18.427+0000] {logging_mixin.py:188} INFO - [2024-02-14T09:16:18.427+0000] {dag.py:3820} INFO - Setting next_dagrun for example_trigger_target_dag to None, run_after=None
[2024-02-14T09:16:18.470+0000] {processor.py:183} INFO - Processing /home/codespace/.local/share/virtualenvs/airflow_sandbox-vp-HKq_L/lib/python3.10/site-packages/airflow/example_dags/example_trigger_target_dag.py took 0.074 seconds
[2024-02-14T09:17:12.071+0000] {processor.py:161} INFO - Started process (PID=10226) to work on /home/codespace/.local/share/virtualenvs/airflow_sandbox-vp-HKq_L/lib/python3.10/site-packages/airflow/example_dags/example_trigger_target_dag.py
[2024-02-14T09:17:12.071+0000] {processor.py:830} INFO - Processing file /home/codespace/.local/share/virtualenvs/airflow_sandbox-vp-HKq_L/lib/python3.10/site-packages/airflow/example_dags/example_trigger_target_dag.py for tasks to queue
[2024-02-14T09:17:12.072+0000] {logging_mixin.py:188} INFO - [2024-02-14T09:17:12.072+0000] {dagbag.py:538} INFO - Filling up the DagBag from /home/codespace/.local/share/virtualenvs/airflow_sandbox-vp-HKq_L/lib/python3.10/site-packages/airflow/example_dags/example_trigger_target_dag.py
[2024-02-14T09:17:12.077+0000] {processor.py:840} INFO - DAG(s) 'example_trigger_target_dag' retrieved from /home/codespace/.local/share/virtualenvs/airflow_sandbox-vp-HKq_L/lib/python3.10/site-packages/airflow/example_dags/example_trigger_target_dag.py
[2024-02-14T09:17:12.088+0000] {logging_mixin.py:188} INFO - [2024-02-14T09:17:12.088+0000] {dag.py:3033} INFO - Sync 1 DAGs
[2024-02-14T09:17:12.097+0000] {logging_mixin.py:188} INFO - [2024-02-14T09:17:12.097+0000] {dag.py:3820} INFO - Setting next_dagrun for example_trigger_target_dag to None, run_after=None
[2024-02-14T09:17:12.151+0000] {processor.py:183} INFO - Processing /home/codespace/.local/share/virtualenvs/airflow_sandbox-vp-HKq_L/lib/python3.10/site-packages/airflow/example_dags/example_trigger_target_dag.py took 0.082 seconds
[2024-02-14T09:18:01.447+0000] {processor.py:161} INFO - Started process (PID=10617) to work on /home/codespace/.local/share/virtualenvs/airflow_sandbox-vp-HKq_L/lib/python3.10/site-packages/airflow/example_dags/example_trigger_target_dag.py
[2024-02-14T09:18:01.448+0000] {processor.py:830} INFO - Processing file /home/codespace/.local/share/virtualenvs/airflow_sandbox-vp-HKq_L/lib/python3.10/site-packages/airflow/example_dags/example_trigger_target_dag.py for tasks to queue
[2024-02-14T09:18:01.448+0000] {logging_mixin.py:188} INFO - [2024-02-14T09:18:01.448+0000] {dagbag.py:538} INFO - Filling up the DagBag from /home/codespace/.local/share/virtualenvs/airflow_sandbox-vp-HKq_L/lib/python3.10/site-packages/airflow/example_dags/example_trigger_target_dag.py
[2024-02-14T09:18:01.453+0000] {processor.py:840} INFO - DAG(s) 'example_trigger_target_dag' retrieved from /home/codespace/.local/share/virtualenvs/airflow_sandbox-vp-HKq_L/lib/python3.10/site-packages/airflow/example_dags/example_trigger_target_dag.py
[2024-02-14T09:18:01.464+0000] {logging_mixin.py:188} INFO - [2024-02-14T09:18:01.464+0000] {dag.py:3033} INFO - Sync 1 DAGs
[2024-02-14T09:18:01.473+0000] {logging_mixin.py:188} INFO - [2024-02-14T09:18:01.473+0000] {dag.py:3820} INFO - Setting next_dagrun for example_trigger_target_dag to None, run_after=None
[2024-02-14T09:18:01.517+0000] {processor.py:183} INFO - Processing /home/codespace/.local/share/virtualenvs/airflow_sandbox-vp-HKq_L/lib/python3.10/site-packages/airflow/example_dags/example_trigger_target_dag.py took 0.073 seconds
[2024-02-14T09:18:38.768+0000] {processor.py:161} INFO - Started process (PID=10899) to work on /home/codespace/.local/share/virtualenvs/airflow_sandbox-vp-HKq_L/lib/python3.10/site-packages/airflow/example_dags/example_trigger_target_dag.py
[2024-02-14T09:18:38.769+0000] {processor.py:830} INFO - Processing file /home/codespace/.local/share/virtualenvs/airflow_sandbox-vp-HKq_L/lib/python3.10/site-packages/airflow/example_dags/example_trigger_target_dag.py for tasks to queue
[2024-02-14T09:18:38.770+0000] {logging_mixin.py:188} INFO - [2024-02-14T09:18:38.770+0000] {dagbag.py:538} INFO - Filling up the DagBag from /home/codespace/.local/share/virtualenvs/airflow_sandbox-vp-HKq_L/lib/python3.10/site-packages/airflow/example_dags/example_trigger_target_dag.py
[2024-02-14T09:18:38.775+0000] {processor.py:840} INFO - DAG(s) 'example_trigger_target_dag' retrieved from /home/codespace/.local/share/virtualenvs/airflow_sandbox-vp-HKq_L/lib/python3.10/site-packages/airflow/example_dags/example_trigger_target_dag.py
[2024-02-14T09:18:38.789+0000] {logging_mixin.py:188} INFO - [2024-02-14T09:18:38.789+0000] {dag.py:3033} INFO - Sync 1 DAGs
[2024-02-14T09:18:38.798+0000] {logging_mixin.py:188} INFO - [2024-02-14T09:18:38.798+0000] {dag.py:3820} INFO - Setting next_dagrun for example_trigger_target_dag to None, run_after=None
[2024-02-14T09:18:38.839+0000] {processor.py:183} INFO - Processing /home/codespace/.local/share/virtualenvs/airflow_sandbox-vp-HKq_L/lib/python3.10/site-packages/airflow/example_dags/example_trigger_target_dag.py took 0.074 seconds
[2024-02-14T09:19:32.308+0000] {processor.py:161} INFO - Started process (PID=11275) to work on /home/codespace/.local/share/virtualenvs/airflow_sandbox-vp-HKq_L/lib/python3.10/site-packages/airflow/example_dags/example_trigger_target_dag.py
[2024-02-14T09:19:32.308+0000] {processor.py:830} INFO - Processing file /home/codespace/.local/share/virtualenvs/airflow_sandbox-vp-HKq_L/lib/python3.10/site-packages/airflow/example_dags/example_trigger_target_dag.py for tasks to queue
[2024-02-14T09:19:32.309+0000] {logging_mixin.py:188} INFO - [2024-02-14T09:19:32.309+0000] {dagbag.py:538} INFO - Filling up the DagBag from /home/codespace/.local/share/virtualenvs/airflow_sandbox-vp-HKq_L/lib/python3.10/site-packages/airflow/example_dags/example_trigger_target_dag.py
[2024-02-14T09:19:32.314+0000] {processor.py:840} INFO - DAG(s) 'example_trigger_target_dag' retrieved from /home/codespace/.local/share/virtualenvs/airflow_sandbox-vp-HKq_L/lib/python3.10/site-packages/airflow/example_dags/example_trigger_target_dag.py
[2024-02-14T09:19:32.326+0000] {logging_mixin.py:188} INFO - [2024-02-14T09:19:32.326+0000] {dag.py:3033} INFO - Sync 1 DAGs
[2024-02-14T09:19:32.335+0000] {logging_mixin.py:188} INFO - [2024-02-14T09:19:32.334+0000] {dag.py:3820} INFO - Setting next_dagrun for example_trigger_target_dag to None, run_after=None
[2024-02-14T09:19:32.375+0000] {processor.py:183} INFO - Processing /home/codespace/.local/share/virtualenvs/airflow_sandbox-vp-HKq_L/lib/python3.10/site-packages/airflow/example_dags/example_trigger_target_dag.py took 0.070 seconds
[2024-02-14T09:20:10.999+0000] {processor.py:161} INFO - Started process (PID=11564) to work on /home/codespace/.local/share/virtualenvs/airflow_sandbox-vp-HKq_L/lib/python3.10/site-packages/airflow/example_dags/example_trigger_target_dag.py
[2024-02-14T09:20:11.000+0000] {processor.py:830} INFO - Processing file /home/codespace/.local/share/virtualenvs/airflow_sandbox-vp-HKq_L/lib/python3.10/site-packages/airflow/example_dags/example_trigger_target_dag.py for tasks to queue
[2024-02-14T09:20:11.000+0000] {logging_mixin.py:188} INFO - [2024-02-14T09:20:11.000+0000] {dagbag.py:538} INFO - Filling up the DagBag from /home/codespace/.local/share/virtualenvs/airflow_sandbox-vp-HKq_L/lib/python3.10/site-packages/airflow/example_dags/example_trigger_target_dag.py
[2024-02-14T09:20:11.005+0000] {processor.py:840} INFO - DAG(s) 'example_trigger_target_dag' retrieved from /home/codespace/.local/share/virtualenvs/airflow_sandbox-vp-HKq_L/lib/python3.10/site-packages/airflow/example_dags/example_trigger_target_dag.py
[2024-02-14T09:20:11.016+0000] {logging_mixin.py:188} INFO - [2024-02-14T09:20:11.016+0000] {dag.py:3033} INFO - Sync 1 DAGs
[2024-02-14T09:20:11.024+0000] {logging_mixin.py:188} INFO - [2024-02-14T09:20:11.024+0000] {dag.py:3820} INFO - Setting next_dagrun for example_trigger_target_dag to None, run_after=None
[2024-02-14T09:20:11.072+0000] {processor.py:183} INFO - Processing /home/codespace/.local/share/virtualenvs/airflow_sandbox-vp-HKq_L/lib/python3.10/site-packages/airflow/example_dags/example_trigger_target_dag.py took 0.075 seconds
[2024-02-14T09:21:01.358+0000] {processor.py:161} INFO - Started process (PID=12410) to work on /home/codespace/.local/share/virtualenvs/airflow_sandbox-vp-HKq_L/lib/python3.10/site-packages/airflow/example_dags/example_trigger_target_dag.py
[2024-02-14T09:21:01.359+0000] {processor.py:830} INFO - Processing file /home/codespace/.local/share/virtualenvs/airflow_sandbox-vp-HKq_L/lib/python3.10/site-packages/airflow/example_dags/example_trigger_target_dag.py for tasks to queue
[2024-02-14T09:21:01.359+0000] {logging_mixin.py:188} INFO - [2024-02-14T09:21:01.359+0000] {dagbag.py:538} INFO - Filling up the DagBag from /home/codespace/.local/share/virtualenvs/airflow_sandbox-vp-HKq_L/lib/python3.10/site-packages/airflow/example_dags/example_trigger_target_dag.py
[2024-02-14T09:21:01.364+0000] {processor.py:840} INFO - DAG(s) 'example_trigger_target_dag' retrieved from /home/codespace/.local/share/virtualenvs/airflow_sandbox-vp-HKq_L/lib/python3.10/site-packages/airflow/example_dags/example_trigger_target_dag.py
[2024-02-14T09:21:01.375+0000] {logging_mixin.py:188} INFO - [2024-02-14T09:21:01.375+0000] {dag.py:3033} INFO - Sync 1 DAGs
[2024-02-14T09:21:01.383+0000] {logging_mixin.py:188} INFO - [2024-02-14T09:21:01.383+0000] {dag.py:3820} INFO - Setting next_dagrun for example_trigger_target_dag to None, run_after=None
[2024-02-14T09:21:01.425+0000] {processor.py:183} INFO - Processing /home/codespace/.local/share/virtualenvs/airflow_sandbox-vp-HKq_L/lib/python3.10/site-packages/airflow/example_dags/example_trigger_target_dag.py took 0.069 seconds
[2024-02-14T09:21:54.752+0000] {processor.py:161} INFO - Started process (PID=12780) to work on /home/codespace/.local/share/virtualenvs/airflow_sandbox-vp-HKq_L/lib/python3.10/site-packages/airflow/example_dags/example_trigger_target_dag.py
[2024-02-14T09:21:54.753+0000] {processor.py:830} INFO - Processing file /home/codespace/.local/share/virtualenvs/airflow_sandbox-vp-HKq_L/lib/python3.10/site-packages/airflow/example_dags/example_trigger_target_dag.py for tasks to queue
[2024-02-14T09:21:54.753+0000] {logging_mixin.py:188} INFO - [2024-02-14T09:21:54.753+0000] {dagbag.py:538} INFO - Filling up the DagBag from /home/codespace/.local/share/virtualenvs/airflow_sandbox-vp-HKq_L/lib/python3.10/site-packages/airflow/example_dags/example_trigger_target_dag.py
[2024-02-14T09:21:54.759+0000] {processor.py:840} INFO - DAG(s) 'example_trigger_target_dag' retrieved from /home/codespace/.local/share/virtualenvs/airflow_sandbox-vp-HKq_L/lib/python3.10/site-packages/airflow/example_dags/example_trigger_target_dag.py
[2024-02-14T09:21:54.774+0000] {logging_mixin.py:188} INFO - [2024-02-14T09:21:54.774+0000] {dag.py:3033} INFO - Sync 1 DAGs
[2024-02-14T09:21:54.784+0000] {logging_mixin.py:188} INFO - [2024-02-14T09:21:54.784+0000] {dag.py:3820} INFO - Setting next_dagrun for example_trigger_target_dag to None, run_after=None
[2024-02-14T09:21:54.827+0000] {processor.py:183} INFO - Processing /home/codespace/.local/share/virtualenvs/airflow_sandbox-vp-HKq_L/lib/python3.10/site-packages/airflow/example_dags/example_trigger_target_dag.py took 0.078 seconds
[2024-02-14T09:22:33.972+0000] {processor.py:161} INFO - Started process (PID=13094) to work on /home/codespace/.local/share/virtualenvs/airflow_sandbox-vp-HKq_L/lib/python3.10/site-packages/airflow/example_dags/example_trigger_target_dag.py
[2024-02-14T09:22:33.973+0000] {processor.py:830} INFO - Processing file /home/codespace/.local/share/virtualenvs/airflow_sandbox-vp-HKq_L/lib/python3.10/site-packages/airflow/example_dags/example_trigger_target_dag.py for tasks to queue
[2024-02-14T09:22:33.973+0000] {logging_mixin.py:188} INFO - [2024-02-14T09:22:33.973+0000] {dagbag.py:538} INFO - Filling up the DagBag from /home/codespace/.local/share/virtualenvs/airflow_sandbox-vp-HKq_L/lib/python3.10/site-packages/airflow/example_dags/example_trigger_target_dag.py
[2024-02-14T09:22:33.978+0000] {processor.py:840} INFO - DAG(s) 'example_trigger_target_dag' retrieved from /home/codespace/.local/share/virtualenvs/airflow_sandbox-vp-HKq_L/lib/python3.10/site-packages/airflow/example_dags/example_trigger_target_dag.py
[2024-02-14T09:22:33.990+0000] {logging_mixin.py:188} INFO - [2024-02-14T09:22:33.990+0000] {dag.py:3033} INFO - Sync 1 DAGs
[2024-02-14T09:22:34.000+0000] {logging_mixin.py:188} INFO - [2024-02-14T09:22:33.999+0000] {dag.py:3820} INFO - Setting next_dagrun for example_trigger_target_dag to None, run_after=None
[2024-02-14T09:22:34.044+0000] {processor.py:183} INFO - Processing /home/codespace/.local/share/virtualenvs/airflow_sandbox-vp-HKq_L/lib/python3.10/site-packages/airflow/example_dags/example_trigger_target_dag.py took 0.075 seconds
[2024-02-14T09:23:11.821+0000] {processor.py:161} INFO - Started process (PID=13357) to work on /home/codespace/.local/share/virtualenvs/airflow_sandbox-vp-HKq_L/lib/python3.10/site-packages/airflow/example_dags/example_trigger_target_dag.py
[2024-02-14T09:23:11.821+0000] {processor.py:830} INFO - Processing file /home/codespace/.local/share/virtualenvs/airflow_sandbox-vp-HKq_L/lib/python3.10/site-packages/airflow/example_dags/example_trigger_target_dag.py for tasks to queue
[2024-02-14T09:23:11.822+0000] {logging_mixin.py:188} INFO - [2024-02-14T09:23:11.822+0000] {dagbag.py:538} INFO - Filling up the DagBag from /home/codespace/.local/share/virtualenvs/airflow_sandbox-vp-HKq_L/lib/python3.10/site-packages/airflow/example_dags/example_trigger_target_dag.py
[2024-02-14T09:23:11.827+0000] {processor.py:840} INFO - DAG(s) 'example_trigger_target_dag' retrieved from /home/codespace/.local/share/virtualenvs/airflow_sandbox-vp-HKq_L/lib/python3.10/site-packages/airflow/example_dags/example_trigger_target_dag.py
[2024-02-14T09:23:11.838+0000] {logging_mixin.py:188} INFO - [2024-02-14T09:23:11.838+0000] {dag.py:3033} INFO - Sync 1 DAGs
[2024-02-14T09:23:11.847+0000] {logging_mixin.py:188} INFO - [2024-02-14T09:23:11.847+0000] {dag.py:3820} INFO - Setting next_dagrun for example_trigger_target_dag to None, run_after=None
[2024-02-14T09:23:11.887+0000] {processor.py:183} INFO - Processing /home/codespace/.local/share/virtualenvs/airflow_sandbox-vp-HKq_L/lib/python3.10/site-packages/airflow/example_dags/example_trigger_target_dag.py took 0.068 seconds
[2024-02-14T09:24:08.723+0000] {processor.py:161} INFO - Started process (PID=13747) to work on /home/codespace/.local/share/virtualenvs/airflow_sandbox-vp-HKq_L/lib/python3.10/site-packages/airflow/example_dags/example_trigger_target_dag.py
[2024-02-14T09:24:08.724+0000] {processor.py:830} INFO - Processing file /home/codespace/.local/share/virtualenvs/airflow_sandbox-vp-HKq_L/lib/python3.10/site-packages/airflow/example_dags/example_trigger_target_dag.py for tasks to queue
[2024-02-14T09:24:08.725+0000] {logging_mixin.py:188} INFO - [2024-02-14T09:24:08.725+0000] {dagbag.py:538} INFO - Filling up the DagBag from /home/codespace/.local/share/virtualenvs/airflow_sandbox-vp-HKq_L/lib/python3.10/site-packages/airflow/example_dags/example_trigger_target_dag.py
[2024-02-14T09:24:08.729+0000] {processor.py:840} INFO - DAG(s) 'example_trigger_target_dag' retrieved from /home/codespace/.local/share/virtualenvs/airflow_sandbox-vp-HKq_L/lib/python3.10/site-packages/airflow/example_dags/example_trigger_target_dag.py
[2024-02-14T09:24:08.740+0000] {logging_mixin.py:188} INFO - [2024-02-14T09:24:08.740+0000] {dag.py:3033} INFO - Sync 1 DAGs
[2024-02-14T09:24:08.748+0000] {logging_mixin.py:188} INFO - [2024-02-14T09:24:08.748+0000] {dag.py:3820} INFO - Setting next_dagrun for example_trigger_target_dag to None, run_after=None
[2024-02-14T09:24:08.791+0000] {processor.py:183} INFO - Processing /home/codespace/.local/share/virtualenvs/airflow_sandbox-vp-HKq_L/lib/python3.10/site-packages/airflow/example_dags/example_trigger_target_dag.py took 0.070 seconds
[2024-02-14T09:24:47.526+0000] {processor.py:161} INFO - Started process (PID=14018) to work on /home/codespace/.local/share/virtualenvs/airflow_sandbox-vp-HKq_L/lib/python3.10/site-packages/airflow/example_dags/example_trigger_target_dag.py
[2024-02-14T09:24:47.527+0000] {processor.py:830} INFO - Processing file /home/codespace/.local/share/virtualenvs/airflow_sandbox-vp-HKq_L/lib/python3.10/site-packages/airflow/example_dags/example_trigger_target_dag.py for tasks to queue
[2024-02-14T09:24:47.527+0000] {logging_mixin.py:188} INFO - [2024-02-14T09:24:47.527+0000] {dagbag.py:538} INFO - Filling up the DagBag from /home/codespace/.local/share/virtualenvs/airflow_sandbox-vp-HKq_L/lib/python3.10/site-packages/airflow/example_dags/example_trigger_target_dag.py
[2024-02-14T09:24:47.532+0000] {processor.py:840} INFO - DAG(s) 'example_trigger_target_dag' retrieved from /home/codespace/.local/share/virtualenvs/airflow_sandbox-vp-HKq_L/lib/python3.10/site-packages/airflow/example_dags/example_trigger_target_dag.py
[2024-02-14T09:24:47.543+0000] {logging_mixin.py:188} INFO - [2024-02-14T09:24:47.543+0000] {dag.py:3033} INFO - Sync 1 DAGs
[2024-02-14T09:24:47.552+0000] {logging_mixin.py:188} INFO - [2024-02-14T09:24:47.552+0000] {dag.py:3820} INFO - Setting next_dagrun for example_trigger_target_dag to None, run_after=None
[2024-02-14T09:24:47.593+0000] {processor.py:183} INFO - Processing /home/codespace/.local/share/virtualenvs/airflow_sandbox-vp-HKq_L/lib/python3.10/site-packages/airflow/example_dags/example_trigger_target_dag.py took 0.069 seconds
[2024-02-14T09:25:43.017+0000] {processor.py:161} INFO - Started process (PID=14405) to work on /home/codespace/.local/share/virtualenvs/airflow_sandbox-vp-HKq_L/lib/python3.10/site-packages/airflow/example_dags/example_trigger_target_dag.py
[2024-02-14T09:25:43.018+0000] {processor.py:830} INFO - Processing file /home/codespace/.local/share/virtualenvs/airflow_sandbox-vp-HKq_L/lib/python3.10/site-packages/airflow/example_dags/example_trigger_target_dag.py for tasks to queue
[2024-02-14T09:25:43.018+0000] {logging_mixin.py:188} INFO - [2024-02-14T09:25:43.018+0000] {dagbag.py:538} INFO - Filling up the DagBag from /home/codespace/.local/share/virtualenvs/airflow_sandbox-vp-HKq_L/lib/python3.10/site-packages/airflow/example_dags/example_trigger_target_dag.py
[2024-02-14T09:25:43.023+0000] {processor.py:840} INFO - DAG(s) 'example_trigger_target_dag' retrieved from /home/codespace/.local/share/virtualenvs/airflow_sandbox-vp-HKq_L/lib/python3.10/site-packages/airflow/example_dags/example_trigger_target_dag.py
[2024-02-14T09:25:43.035+0000] {logging_mixin.py:188} INFO - [2024-02-14T09:25:43.034+0000] {dag.py:3033} INFO - Sync 1 DAGs
[2024-02-14T09:25:43.043+0000] {logging_mixin.py:188} INFO - [2024-02-14T09:25:43.043+0000] {dag.py:3820} INFO - Setting next_dagrun for example_trigger_target_dag to None, run_after=None
[2024-02-14T09:25:43.087+0000] {processor.py:183} INFO - Processing /home/codespace/.local/share/virtualenvs/airflow_sandbox-vp-HKq_L/lib/python3.10/site-packages/airflow/example_dags/example_trigger_target_dag.py took 0.072 seconds
[2024-02-14T09:26:33.413+0000] {processor.py:161} INFO - Started process (PID=14753) to work on /home/codespace/.local/share/virtualenvs/airflow_sandbox-vp-HKq_L/lib/python3.10/site-packages/airflow/example_dags/example_trigger_target_dag.py
[2024-02-14T09:26:33.414+0000] {processor.py:830} INFO - Processing file /home/codespace/.local/share/virtualenvs/airflow_sandbox-vp-HKq_L/lib/python3.10/site-packages/airflow/example_dags/example_trigger_target_dag.py for tasks to queue
[2024-02-14T09:26:33.415+0000] {logging_mixin.py:188} INFO - [2024-02-14T09:26:33.414+0000] {dagbag.py:538} INFO - Filling up the DagBag from /home/codespace/.local/share/virtualenvs/airflow_sandbox-vp-HKq_L/lib/python3.10/site-packages/airflow/example_dags/example_trigger_target_dag.py
[2024-02-14T09:26:33.421+0000] {processor.py:840} INFO - DAG(s) 'example_trigger_target_dag' retrieved from /home/codespace/.local/share/virtualenvs/airflow_sandbox-vp-HKq_L/lib/python3.10/site-packages/airflow/example_dags/example_trigger_target_dag.py
[2024-02-14T09:26:33.432+0000] {logging_mixin.py:188} INFO - [2024-02-14T09:26:33.432+0000] {dag.py:3033} INFO - Sync 1 DAGs
[2024-02-14T09:26:33.441+0000] {logging_mixin.py:188} INFO - [2024-02-14T09:26:33.441+0000] {dag.py:3820} INFO - Setting next_dagrun for example_trigger_target_dag to None, run_after=None
[2024-02-14T09:26:33.483+0000] {processor.py:183} INFO - Processing /home/codespace/.local/share/virtualenvs/airflow_sandbox-vp-HKq_L/lib/python3.10/site-packages/airflow/example_dags/example_trigger_target_dag.py took 0.072 seconds
[2024-02-14T09:27:29.658+0000] {processor.py:161} INFO - Started process (PID=15132) to work on /home/codespace/.local/share/virtualenvs/airflow_sandbox-vp-HKq_L/lib/python3.10/site-packages/airflow/example_dags/example_trigger_target_dag.py
[2024-02-14T09:27:29.659+0000] {processor.py:830} INFO - Processing file /home/codespace/.local/share/virtualenvs/airflow_sandbox-vp-HKq_L/lib/python3.10/site-packages/airflow/example_dags/example_trigger_target_dag.py for tasks to queue
[2024-02-14T09:27:29.660+0000] {logging_mixin.py:188} INFO - [2024-02-14T09:27:29.660+0000] {dagbag.py:538} INFO - Filling up the DagBag from /home/codespace/.local/share/virtualenvs/airflow_sandbox-vp-HKq_L/lib/python3.10/site-packages/airflow/example_dags/example_trigger_target_dag.py
[2024-02-14T09:27:29.664+0000] {processor.py:840} INFO - DAG(s) 'example_trigger_target_dag' retrieved from /home/codespace/.local/share/virtualenvs/airflow_sandbox-vp-HKq_L/lib/python3.10/site-packages/airflow/example_dags/example_trigger_target_dag.py
[2024-02-14T09:27:29.676+0000] {logging_mixin.py:188} INFO - [2024-02-14T09:27:29.676+0000] {dag.py:3033} INFO - Sync 1 DAGs
[2024-02-14T09:27:29.686+0000] {logging_mixin.py:188} INFO - [2024-02-14T09:27:29.685+0000] {dag.py:3820} INFO - Setting next_dagrun for example_trigger_target_dag to None, run_after=None
[2024-02-14T09:27:29.728+0000] {processor.py:183} INFO - Processing /home/codespace/.local/share/virtualenvs/airflow_sandbox-vp-HKq_L/lib/python3.10/site-packages/airflow/example_dags/example_trigger_target_dag.py took 0.071 seconds
[2024-02-14T09:28:23.838+0000] {processor.py:161} INFO - Started process (PID=15540) to work on /home/codespace/.local/share/virtualenvs/airflow_sandbox-vp-HKq_L/lib/python3.10/site-packages/airflow/example_dags/example_trigger_target_dag.py
[2024-02-14T09:28:23.839+0000] {processor.py:830} INFO - Processing file /home/codespace/.local/share/virtualenvs/airflow_sandbox-vp-HKq_L/lib/python3.10/site-packages/airflow/example_dags/example_trigger_target_dag.py for tasks to queue
[2024-02-14T09:28:23.839+0000] {logging_mixin.py:188} INFO - [2024-02-14T09:28:23.839+0000] {dagbag.py:538} INFO - Filling up the DagBag from /home/codespace/.local/share/virtualenvs/airflow_sandbox-vp-HKq_L/lib/python3.10/site-packages/airflow/example_dags/example_trigger_target_dag.py
[2024-02-14T09:28:23.844+0000] {processor.py:840} INFO - DAG(s) 'example_trigger_target_dag' retrieved from /home/codespace/.local/share/virtualenvs/airflow_sandbox-vp-HKq_L/lib/python3.10/site-packages/airflow/example_dags/example_trigger_target_dag.py
[2024-02-14T09:28:23.865+0000] {logging_mixin.py:188} INFO - [2024-02-14T09:28:23.865+0000] {dag.py:3033} INFO - Sync 1 DAGs
[2024-02-14T09:28:23.877+0000] {logging_mixin.py:188} INFO - [2024-02-14T09:28:23.877+0000] {dag.py:3820} INFO - Setting next_dagrun for example_trigger_target_dag to None, run_after=None
[2024-02-14T09:28:23.923+0000] {processor.py:183} INFO - Processing /home/codespace/.local/share/virtualenvs/airflow_sandbox-vp-HKq_L/lib/python3.10/site-packages/airflow/example_dags/example_trigger_target_dag.py took 0.087 seconds
[2024-02-14T09:29:15.060+0000] {processor.py:161} INFO - Started process (PID=16044) to work on /home/codespace/.local/share/virtualenvs/airflow_sandbox-vp-HKq_L/lib/python3.10/site-packages/airflow/example_dags/example_trigger_target_dag.py
[2024-02-14T09:29:15.061+0000] {processor.py:830} INFO - Processing file /home/codespace/.local/share/virtualenvs/airflow_sandbox-vp-HKq_L/lib/python3.10/site-packages/airflow/example_dags/example_trigger_target_dag.py for tasks to queue
[2024-02-14T09:29:15.062+0000] {logging_mixin.py:188} INFO - [2024-02-14T09:29:15.062+0000] {dagbag.py:538} INFO - Filling up the DagBag from /home/codespace/.local/share/virtualenvs/airflow_sandbox-vp-HKq_L/lib/python3.10/site-packages/airflow/example_dags/example_trigger_target_dag.py
[2024-02-14T09:29:15.068+0000] {processor.py:840} INFO - DAG(s) 'example_trigger_target_dag' retrieved from /home/codespace/.local/share/virtualenvs/airflow_sandbox-vp-HKq_L/lib/python3.10/site-packages/airflow/example_dags/example_trigger_target_dag.py
[2024-02-14T09:29:15.084+0000] {logging_mixin.py:188} INFO - [2024-02-14T09:29:15.084+0000] {dag.py:3033} INFO - Sync 1 DAGs
[2024-02-14T09:29:15.098+0000] {logging_mixin.py:188} INFO - [2024-02-14T09:29:15.097+0000] {dag.py:3820} INFO - Setting next_dagrun for example_trigger_target_dag to None, run_after=None
[2024-02-14T09:29:15.146+0000] {processor.py:183} INFO - Processing /home/codespace/.local/share/virtualenvs/airflow_sandbox-vp-HKq_L/lib/python3.10/site-packages/airflow/example_dags/example_trigger_target_dag.py took 0.089 seconds
[2024-02-14T09:30:08.893+0000] {processor.py:161} INFO - Started process (PID=16433) to work on /home/codespace/.local/share/virtualenvs/airflow_sandbox-vp-HKq_L/lib/python3.10/site-packages/airflow/example_dags/example_trigger_target_dag.py
[2024-02-14T09:30:08.894+0000] {processor.py:830} INFO - Processing file /home/codespace/.local/share/virtualenvs/airflow_sandbox-vp-HKq_L/lib/python3.10/site-packages/airflow/example_dags/example_trigger_target_dag.py for tasks to queue
[2024-02-14T09:30:08.894+0000] {logging_mixin.py:188} INFO - [2024-02-14T09:30:08.894+0000] {dagbag.py:538} INFO - Filling up the DagBag from /home/codespace/.local/share/virtualenvs/airflow_sandbox-vp-HKq_L/lib/python3.10/site-packages/airflow/example_dags/example_trigger_target_dag.py
[2024-02-14T09:30:08.899+0000] {processor.py:840} INFO - DAG(s) 'example_trigger_target_dag' retrieved from /home/codespace/.local/share/virtualenvs/airflow_sandbox-vp-HKq_L/lib/python3.10/site-packages/airflow/example_dags/example_trigger_target_dag.py
[2024-02-14T09:30:08.910+0000] {logging_mixin.py:188} INFO - [2024-02-14T09:30:08.910+0000] {dag.py:3033} INFO - Sync 1 DAGs
[2024-02-14T09:30:08.919+0000] {logging_mixin.py:188} INFO - [2024-02-14T09:30:08.919+0000] {dag.py:3820} INFO - Setting next_dagrun for example_trigger_target_dag to None, run_after=None
[2024-02-14T09:30:08.968+0000] {processor.py:183} INFO - Processing /home/codespace/.local/share/virtualenvs/airflow_sandbox-vp-HKq_L/lib/python3.10/site-packages/airflow/example_dags/example_trigger_target_dag.py took 0.078 seconds
[2024-02-14T09:31:00.063+0000] {processor.py:161} INFO - Started process (PID=16804) to work on /home/codespace/.local/share/virtualenvs/airflow_sandbox-vp-HKq_L/lib/python3.10/site-packages/airflow/example_dags/example_trigger_target_dag.py
[2024-02-14T09:31:00.063+0000] {processor.py:830} INFO - Processing file /home/codespace/.local/share/virtualenvs/airflow_sandbox-vp-HKq_L/lib/python3.10/site-packages/airflow/example_dags/example_trigger_target_dag.py for tasks to queue
[2024-02-14T09:31:00.064+0000] {logging_mixin.py:188} INFO - [2024-02-14T09:31:00.064+0000] {dagbag.py:538} INFO - Filling up the DagBag from /home/codespace/.local/share/virtualenvs/airflow_sandbox-vp-HKq_L/lib/python3.10/site-packages/airflow/example_dags/example_trigger_target_dag.py
[2024-02-14T09:31:00.069+0000] {processor.py:840} INFO - DAG(s) 'example_trigger_target_dag' retrieved from /home/codespace/.local/share/virtualenvs/airflow_sandbox-vp-HKq_L/lib/python3.10/site-packages/airflow/example_dags/example_trigger_target_dag.py
[2024-02-14T09:31:00.080+0000] {logging_mixin.py:188} INFO - [2024-02-14T09:31:00.080+0000] {dag.py:3033} INFO - Sync 1 DAGs
[2024-02-14T09:31:00.090+0000] {logging_mixin.py:188} INFO - [2024-02-14T09:31:00.089+0000] {dag.py:3820} INFO - Setting next_dagrun for example_trigger_target_dag to None, run_after=None
[2024-02-14T09:31:00.132+0000] {processor.py:183} INFO - Processing /home/codespace/.local/share/virtualenvs/airflow_sandbox-vp-HKq_L/lib/python3.10/site-packages/airflow/example_dags/example_trigger_target_dag.py took 0.072 seconds
[2024-02-14T09:31:52.236+0000] {processor.py:161} INFO - Started process (PID=17160) to work on /home/codespace/.local/share/virtualenvs/airflow_sandbox-vp-HKq_L/lib/python3.10/site-packages/airflow/example_dags/example_trigger_target_dag.py
[2024-02-14T09:31:52.237+0000] {processor.py:830} INFO - Processing file /home/codespace/.local/share/virtualenvs/airflow_sandbox-vp-HKq_L/lib/python3.10/site-packages/airflow/example_dags/example_trigger_target_dag.py for tasks to queue
[2024-02-14T09:31:52.238+0000] {logging_mixin.py:188} INFO - [2024-02-14T09:31:52.237+0000] {dagbag.py:538} INFO - Filling up the DagBag from /home/codespace/.local/share/virtualenvs/airflow_sandbox-vp-HKq_L/lib/python3.10/site-packages/airflow/example_dags/example_trigger_target_dag.py
[2024-02-14T09:31:52.243+0000] {processor.py:840} INFO - DAG(s) 'example_trigger_target_dag' retrieved from /home/codespace/.local/share/virtualenvs/airflow_sandbox-vp-HKq_L/lib/python3.10/site-packages/airflow/example_dags/example_trigger_target_dag.py
[2024-02-14T09:31:52.256+0000] {logging_mixin.py:188} INFO - [2024-02-14T09:31:52.256+0000] {dag.py:3033} INFO - Sync 1 DAGs
[2024-02-14T09:31:52.269+0000] {logging_mixin.py:188} INFO - [2024-02-14T09:31:52.269+0000] {dag.py:3820} INFO - Setting next_dagrun for example_trigger_target_dag to None, run_after=None
[2024-02-14T09:31:52.322+0000] {processor.py:183} INFO - Processing /home/codespace/.local/share/virtualenvs/airflow_sandbox-vp-HKq_L/lib/python3.10/site-packages/airflow/example_dags/example_trigger_target_dag.py took 0.088 seconds
[2024-02-14T09:32:30.392+0000] {processor.py:161} INFO - Started process (PID=17431) to work on /home/codespace/.local/share/virtualenvs/airflow_sandbox-vp-HKq_L/lib/python3.10/site-packages/airflow/example_dags/example_trigger_target_dag.py
[2024-02-14T09:32:30.392+0000] {processor.py:830} INFO - Processing file /home/codespace/.local/share/virtualenvs/airflow_sandbox-vp-HKq_L/lib/python3.10/site-packages/airflow/example_dags/example_trigger_target_dag.py for tasks to queue
[2024-02-14T09:32:30.393+0000] {logging_mixin.py:188} INFO - [2024-02-14T09:32:30.393+0000] {dagbag.py:538} INFO - Filling up the DagBag from /home/codespace/.local/share/virtualenvs/airflow_sandbox-vp-HKq_L/lib/python3.10/site-packages/airflow/example_dags/example_trigger_target_dag.py
[2024-02-14T09:32:30.398+0000] {processor.py:840} INFO - DAG(s) 'example_trigger_target_dag' retrieved from /home/codespace/.local/share/virtualenvs/airflow_sandbox-vp-HKq_L/lib/python3.10/site-packages/airflow/example_dags/example_trigger_target_dag.py
[2024-02-14T09:32:30.409+0000] {logging_mixin.py:188} INFO - [2024-02-14T09:32:30.409+0000] {dag.py:3033} INFO - Sync 1 DAGs
[2024-02-14T09:32:30.417+0000] {logging_mixin.py:188} INFO - [2024-02-14T09:32:30.417+0000] {dag.py:3820} INFO - Setting next_dagrun for example_trigger_target_dag to None, run_after=None
[2024-02-14T09:32:30.458+0000] {processor.py:183} INFO - Processing /home/codespace/.local/share/virtualenvs/airflow_sandbox-vp-HKq_L/lib/python3.10/site-packages/airflow/example_dags/example_trigger_target_dag.py took 0.069 seconds
[2024-02-14T09:33:21.188+0000] {processor.py:161} INFO - Started process (PID=17824) to work on /home/codespace/.local/share/virtualenvs/airflow_sandbox-vp-HKq_L/lib/python3.10/site-packages/airflow/example_dags/example_trigger_target_dag.py
[2024-02-14T09:33:21.189+0000] {processor.py:830} INFO - Processing file /home/codespace/.local/share/virtualenvs/airflow_sandbox-vp-HKq_L/lib/python3.10/site-packages/airflow/example_dags/example_trigger_target_dag.py for tasks to queue
[2024-02-14T09:33:21.190+0000] {logging_mixin.py:188} INFO - [2024-02-14T09:33:21.189+0000] {dagbag.py:538} INFO - Filling up the DagBag from /home/codespace/.local/share/virtualenvs/airflow_sandbox-vp-HKq_L/lib/python3.10/site-packages/airflow/example_dags/example_trigger_target_dag.py
[2024-02-14T09:33:21.196+0000] {processor.py:840} INFO - DAG(s) 'example_trigger_target_dag' retrieved from /home/codespace/.local/share/virtualenvs/airflow_sandbox-vp-HKq_L/lib/python3.10/site-packages/airflow/example_dags/example_trigger_target_dag.py
[2024-02-14T09:33:21.212+0000] {logging_mixin.py:188} INFO - [2024-02-14T09:33:21.212+0000] {dag.py:3033} INFO - Sync 1 DAGs
[2024-02-14T09:33:21.221+0000] {logging_mixin.py:188} INFO - [2024-02-14T09:33:21.221+0000] {dag.py:3820} INFO - Setting next_dagrun for example_trigger_target_dag to None, run_after=None
[2024-02-14T09:33:21.264+0000] {processor.py:183} INFO - Processing /home/codespace/.local/share/virtualenvs/airflow_sandbox-vp-HKq_L/lib/python3.10/site-packages/airflow/example_dags/example_trigger_target_dag.py took 0.079 seconds
[2024-02-14T09:34:12.954+0000] {processor.py:161} INFO - Started process (PID=18192) to work on /home/codespace/.local/share/virtualenvs/airflow_sandbox-vp-HKq_L/lib/python3.10/site-packages/airflow/example_dags/example_trigger_target_dag.py
[2024-02-14T09:34:12.955+0000] {processor.py:830} INFO - Processing file /home/codespace/.local/share/virtualenvs/airflow_sandbox-vp-HKq_L/lib/python3.10/site-packages/airflow/example_dags/example_trigger_target_dag.py for tasks to queue
[2024-02-14T09:34:12.955+0000] {logging_mixin.py:188} INFO - [2024-02-14T09:34:12.955+0000] {dagbag.py:538} INFO - Filling up the DagBag from /home/codespace/.local/share/virtualenvs/airflow_sandbox-vp-HKq_L/lib/python3.10/site-packages/airflow/example_dags/example_trigger_target_dag.py
[2024-02-14T09:34:12.960+0000] {processor.py:840} INFO - DAG(s) 'example_trigger_target_dag' retrieved from /home/codespace/.local/share/virtualenvs/airflow_sandbox-vp-HKq_L/lib/python3.10/site-packages/airflow/example_dags/example_trigger_target_dag.py
[2024-02-14T09:34:12.971+0000] {logging_mixin.py:188} INFO - [2024-02-14T09:34:12.971+0000] {dag.py:3033} INFO - Sync 1 DAGs
[2024-02-14T09:34:12.980+0000] {logging_mixin.py:188} INFO - [2024-02-14T09:34:12.980+0000] {dag.py:3820} INFO - Setting next_dagrun for example_trigger_target_dag to None, run_after=None
[2024-02-14T09:34:13.024+0000] {processor.py:183} INFO - Processing /home/codespace/.local/share/virtualenvs/airflow_sandbox-vp-HKq_L/lib/python3.10/site-packages/airflow/example_dags/example_trigger_target_dag.py took 0.072 seconds
