[2024-02-14T09:07:59.467+0000] {processor.py:161} INFO - Started process (PID=4706) to work on /home/codespace/.local/share/virtualenvs/airflow_sandbox-vp-HKq_L/lib/python3.10/site-packages/airflow/example_dags/example_short_circuit_decorator.py
[2024-02-14T09:07:59.468+0000] {processor.py:830} INFO - Processing file /home/codespace/.local/share/virtualenvs/airflow_sandbox-vp-HKq_L/lib/python3.10/site-packages/airflow/example_dags/example_short_circuit_decorator.py for tasks to queue
[2024-02-14T09:07:59.469+0000] {logging_mixin.py:188} INFO - [2024-02-14T09:07:59.468+0000] {dagbag.py:538} INFO - Filling up the DagBag from /home/codespace/.local/share/virtualenvs/airflow_sandbox-vp-HKq_L/lib/python3.10/site-packages/airflow/example_dags/example_short_circuit_decorator.py
[2024-02-14T09:07:59.477+0000] {processor.py:840} INFO - DAG(s) 'example_short_circuit_decorator' retrieved from /home/codespace/.local/share/virtualenvs/airflow_sandbox-vp-HKq_L/lib/python3.10/site-packages/airflow/example_dags/example_short_circuit_decorator.py
[2024-02-14T09:07:59.491+0000] {logging_mixin.py:188} INFO - [2024-02-14T09:07:59.491+0000] {dag.py:3033} INFO - Sync 1 DAGs
[2024-02-14T09:07:59.507+0000] {logging_mixin.py:188} INFO - [2024-02-14T09:07:59.507+0000] {dag.py:3820} INFO - Setting next_dagrun for example_short_circuit_decorator to 2024-02-13T00:00:00+00:00, run_after=2024-02-14T00:00:00+00:00
[2024-02-14T09:07:59.553+0000] {processor.py:183} INFO - Processing /home/codespace/.local/share/virtualenvs/airflow_sandbox-vp-HKq_L/lib/python3.10/site-packages/airflow/example_dags/example_short_circuit_decorator.py took 0.088 seconds
[2024-02-14T09:08:49.121+0000] {processor.py:161} INFO - Started process (PID=5347) to work on /home/codespace/.local/share/virtualenvs/airflow_sandbox-vp-HKq_L/lib/python3.10/site-packages/airflow/example_dags/example_short_circuit_decorator.py
[2024-02-14T09:08:49.122+0000] {processor.py:830} INFO - Processing file /home/codespace/.local/share/virtualenvs/airflow_sandbox-vp-HKq_L/lib/python3.10/site-packages/airflow/example_dags/example_short_circuit_decorator.py for tasks to queue
[2024-02-14T09:08:49.122+0000] {logging_mixin.py:188} INFO - [2024-02-14T09:08:49.122+0000] {dagbag.py:538} INFO - Filling up the DagBag from /home/codespace/.local/share/virtualenvs/airflow_sandbox-vp-HKq_L/lib/python3.10/site-packages/airflow/example_dags/example_short_circuit_decorator.py
[2024-02-14T09:08:49.130+0000] {processor.py:840} INFO - DAG(s) 'example_short_circuit_decorator' retrieved from /home/codespace/.local/share/virtualenvs/airflow_sandbox-vp-HKq_L/lib/python3.10/site-packages/airflow/example_dags/example_short_circuit_decorator.py
[2024-02-14T09:08:49.145+0000] {logging_mixin.py:188} INFO - [2024-02-14T09:08:49.145+0000] {dag.py:3033} INFO - Sync 1 DAGs
[2024-02-14T09:08:49.163+0000] {logging_mixin.py:188} INFO - [2024-02-14T09:08:49.163+0000] {dag.py:3820} INFO - Setting next_dagrun for example_short_circuit_decorator to 2024-02-13T00:00:00+00:00, run_after=2024-02-14T00:00:00+00:00
[2024-02-14T09:08:49.204+0000] {processor.py:183} INFO - Processing /home/codespace/.local/share/virtualenvs/airflow_sandbox-vp-HKq_L/lib/python3.10/site-packages/airflow/example_dags/example_short_circuit_decorator.py took 0.086 seconds
[2024-02-14T09:09:43.824+0000] {processor.py:161} INFO - Started process (PID=6149) to work on /home/codespace/.local/share/virtualenvs/airflow_sandbox-vp-HKq_L/lib/python3.10/site-packages/airflow/example_dags/example_short_circuit_decorator.py
[2024-02-14T09:09:43.825+0000] {processor.py:830} INFO - Processing file /home/codespace/.local/share/virtualenvs/airflow_sandbox-vp-HKq_L/lib/python3.10/site-packages/airflow/example_dags/example_short_circuit_decorator.py for tasks to queue
[2024-02-14T09:09:43.826+0000] {logging_mixin.py:188} INFO - [2024-02-14T09:09:43.825+0000] {dagbag.py:538} INFO - Filling up the DagBag from /home/codespace/.local/share/virtualenvs/airflow_sandbox-vp-HKq_L/lib/python3.10/site-packages/airflow/example_dags/example_short_circuit_decorator.py
[2024-02-14T09:09:43.833+0000] {processor.py:840} INFO - DAG(s) 'example_short_circuit_decorator' retrieved from /home/codespace/.local/share/virtualenvs/airflow_sandbox-vp-HKq_L/lib/python3.10/site-packages/airflow/example_dags/example_short_circuit_decorator.py
[2024-02-14T09:09:43.847+0000] {logging_mixin.py:188} INFO - [2024-02-14T09:09:43.847+0000] {dag.py:3033} INFO - Sync 1 DAGs
[2024-02-14T09:09:43.862+0000] {logging_mixin.py:188} INFO - [2024-02-14T09:09:43.862+0000] {dag.py:3820} INFO - Setting next_dagrun for example_short_circuit_decorator to 2024-02-13T00:00:00+00:00, run_after=2024-02-14T00:00:00+00:00
[2024-02-14T09:09:43.904+0000] {processor.py:183} INFO - Processing /home/codespace/.local/share/virtualenvs/airflow_sandbox-vp-HKq_L/lib/python3.10/site-packages/airflow/example_dags/example_short_circuit_decorator.py took 0.082 seconds
[2024-02-14T09:10:41.544+0000] {processor.py:161} INFO - Started process (PID=6803) to work on /home/codespace/.local/share/virtualenvs/airflow_sandbox-vp-HKq_L/lib/python3.10/site-packages/airflow/example_dags/example_short_circuit_decorator.py
[2024-02-14T09:10:41.545+0000] {processor.py:830} INFO - Processing file /home/codespace/.local/share/virtualenvs/airflow_sandbox-vp-HKq_L/lib/python3.10/site-packages/airflow/example_dags/example_short_circuit_decorator.py for tasks to queue
[2024-02-14T09:10:41.545+0000] {logging_mixin.py:188} INFO - [2024-02-14T09:10:41.545+0000] {dagbag.py:538} INFO - Filling up the DagBag from /home/codespace/.local/share/virtualenvs/airflow_sandbox-vp-HKq_L/lib/python3.10/site-packages/airflow/example_dags/example_short_circuit_decorator.py
[2024-02-14T09:10:41.553+0000] {processor.py:840} INFO - DAG(s) 'example_short_circuit_decorator' retrieved from /home/codespace/.local/share/virtualenvs/airflow_sandbox-vp-HKq_L/lib/python3.10/site-packages/airflow/example_dags/example_short_circuit_decorator.py
[2024-02-14T09:10:41.576+0000] {logging_mixin.py:188} INFO - [2024-02-14T09:10:41.576+0000] {dag.py:3033} INFO - Sync 1 DAGs
[2024-02-14T09:10:41.593+0000] {logging_mixin.py:188} INFO - [2024-02-14T09:10:41.593+0000] {dag.py:3820} INFO - Setting next_dagrun for example_short_circuit_decorator to 2024-02-13T00:00:00+00:00, run_after=2024-02-14T00:00:00+00:00
[2024-02-14T09:10:41.636+0000] {processor.py:183} INFO - Processing /home/codespace/.local/share/virtualenvs/airflow_sandbox-vp-HKq_L/lib/python3.10/site-packages/airflow/example_dags/example_short_circuit_decorator.py took 0.094 seconds
[2024-02-14T09:11:35.204+0000] {processor.py:161} INFO - Started process (PID=7528) to work on /home/codespace/.local/share/virtualenvs/airflow_sandbox-vp-HKq_L/lib/python3.10/site-packages/airflow/example_dags/example_short_circuit_decorator.py
[2024-02-14T09:11:35.205+0000] {processor.py:830} INFO - Processing file /home/codespace/.local/share/virtualenvs/airflow_sandbox-vp-HKq_L/lib/python3.10/site-packages/airflow/example_dags/example_short_circuit_decorator.py for tasks to queue
[2024-02-14T09:11:35.205+0000] {logging_mixin.py:188} INFO - [2024-02-14T09:11:35.205+0000] {dagbag.py:538} INFO - Filling up the DagBag from /home/codespace/.local/share/virtualenvs/airflow_sandbox-vp-HKq_L/lib/python3.10/site-packages/airflow/example_dags/example_short_circuit_decorator.py
[2024-02-14T09:11:35.213+0000] {processor.py:840} INFO - DAG(s) 'example_short_circuit_decorator' retrieved from /home/codespace/.local/share/virtualenvs/airflow_sandbox-vp-HKq_L/lib/python3.10/site-packages/airflow/example_dags/example_short_circuit_decorator.py
[2024-02-14T09:11:35.227+0000] {logging_mixin.py:188} INFO - [2024-02-14T09:11:35.227+0000] {dag.py:3033} INFO - Sync 1 DAGs
[2024-02-14T09:11:35.242+0000] {logging_mixin.py:188} INFO - [2024-02-14T09:11:35.242+0000] {dag.py:3820} INFO - Setting next_dagrun for example_short_circuit_decorator to 2024-02-13T00:00:00+00:00, run_after=2024-02-14T00:00:00+00:00
[2024-02-14T09:11:35.284+0000] {processor.py:183} INFO - Processing /home/codespace/.local/share/virtualenvs/airflow_sandbox-vp-HKq_L/lib/python3.10/site-packages/airflow/example_dags/example_short_circuit_decorator.py took 0.082 seconds
[2024-02-14T09:12:29.697+0000] {processor.py:161} INFO - Started process (PID=8094) to work on /home/codespace/.local/share/virtualenvs/airflow_sandbox-vp-HKq_L/lib/python3.10/site-packages/airflow/example_dags/example_short_circuit_decorator.py
[2024-02-14T09:12:29.698+0000] {processor.py:830} INFO - Processing file /home/codespace/.local/share/virtualenvs/airflow_sandbox-vp-HKq_L/lib/python3.10/site-packages/airflow/example_dags/example_short_circuit_decorator.py for tasks to queue
[2024-02-14T09:12:29.698+0000] {logging_mixin.py:188} INFO - [2024-02-14T09:12:29.698+0000] {dagbag.py:538} INFO - Filling up the DagBag from /home/codespace/.local/share/virtualenvs/airflow_sandbox-vp-HKq_L/lib/python3.10/site-packages/airflow/example_dags/example_short_circuit_decorator.py
[2024-02-14T09:12:29.706+0000] {processor.py:840} INFO - DAG(s) 'example_short_circuit_decorator' retrieved from /home/codespace/.local/share/virtualenvs/airflow_sandbox-vp-HKq_L/lib/python3.10/site-packages/airflow/example_dags/example_short_circuit_decorator.py
[2024-02-14T09:12:29.721+0000] {logging_mixin.py:188} INFO - [2024-02-14T09:12:29.721+0000] {dag.py:3033} INFO - Sync 1 DAGs
[2024-02-14T09:12:29.737+0000] {logging_mixin.py:188} INFO - [2024-02-14T09:12:29.736+0000] {dag.py:3820} INFO - Setting next_dagrun for example_short_circuit_decorator to 2024-02-13T00:00:00+00:00, run_after=2024-02-14T00:00:00+00:00
[2024-02-14T09:12:29.778+0000] {processor.py:183} INFO - Processing /home/codespace/.local/share/virtualenvs/airflow_sandbox-vp-HKq_L/lib/python3.10/site-packages/airflow/example_dags/example_short_circuit_decorator.py took 0.084 seconds
[2024-02-14T09:13:27.804+0000] {processor.py:161} INFO - Started process (PID=8584) to work on /home/codespace/.local/share/virtualenvs/airflow_sandbox-vp-HKq_L/lib/python3.10/site-packages/airflow/example_dags/example_short_circuit_decorator.py
[2024-02-14T09:13:27.805+0000] {processor.py:830} INFO - Processing file /home/codespace/.local/share/virtualenvs/airflow_sandbox-vp-HKq_L/lib/python3.10/site-packages/airflow/example_dags/example_short_circuit_decorator.py for tasks to queue
[2024-02-14T09:13:27.806+0000] {logging_mixin.py:188} INFO - [2024-02-14T09:13:27.805+0000] {dagbag.py:538} INFO - Filling up the DagBag from /home/codespace/.local/share/virtualenvs/airflow_sandbox-vp-HKq_L/lib/python3.10/site-packages/airflow/example_dags/example_short_circuit_decorator.py
[2024-02-14T09:13:27.813+0000] {processor.py:840} INFO - DAG(s) 'example_short_circuit_decorator' retrieved from /home/codespace/.local/share/virtualenvs/airflow_sandbox-vp-HKq_L/lib/python3.10/site-packages/airflow/example_dags/example_short_circuit_decorator.py
[2024-02-14T09:13:27.827+0000] {logging_mixin.py:188} INFO - [2024-02-14T09:13:27.827+0000] {dag.py:3033} INFO - Sync 1 DAGs
[2024-02-14T09:13:27.843+0000] {logging_mixin.py:188} INFO - [2024-02-14T09:13:27.843+0000] {dag.py:3820} INFO - Setting next_dagrun for example_short_circuit_decorator to 2024-02-13T00:00:00+00:00, run_after=2024-02-14T00:00:00+00:00
[2024-02-14T09:13:27.886+0000] {processor.py:183} INFO - Processing /home/codespace/.local/share/virtualenvs/airflow_sandbox-vp-HKq_L/lib/python3.10/site-packages/airflow/example_dags/example_short_circuit_decorator.py took 0.084 seconds
[2024-02-14T09:14:18.715+0000] {processor.py:161} INFO - Started process (PID=9010) to work on /home/codespace/.local/share/virtualenvs/airflow_sandbox-vp-HKq_L/lib/python3.10/site-packages/airflow/example_dags/example_short_circuit_decorator.py
[2024-02-14T09:14:18.716+0000] {processor.py:830} INFO - Processing file /home/codespace/.local/share/virtualenvs/airflow_sandbox-vp-HKq_L/lib/python3.10/site-packages/airflow/example_dags/example_short_circuit_decorator.py for tasks to queue
[2024-02-14T09:14:18.717+0000] {logging_mixin.py:188} INFO - [2024-02-14T09:14:18.716+0000] {dagbag.py:538} INFO - Filling up the DagBag from /home/codespace/.local/share/virtualenvs/airflow_sandbox-vp-HKq_L/lib/python3.10/site-packages/airflow/example_dags/example_short_circuit_decorator.py
[2024-02-14T09:14:18.725+0000] {processor.py:840} INFO - DAG(s) 'example_short_circuit_decorator' retrieved from /home/codespace/.local/share/virtualenvs/airflow_sandbox-vp-HKq_L/lib/python3.10/site-packages/airflow/example_dags/example_short_circuit_decorator.py
[2024-02-14T09:14:18.739+0000] {logging_mixin.py:188} INFO - [2024-02-14T09:14:18.739+0000] {dag.py:3033} INFO - Sync 1 DAGs
[2024-02-14T09:14:18.754+0000] {logging_mixin.py:188} INFO - [2024-02-14T09:14:18.754+0000] {dag.py:3820} INFO - Setting next_dagrun for example_short_circuit_decorator to 2024-02-13T00:00:00+00:00, run_after=2024-02-14T00:00:00+00:00
[2024-02-14T09:14:18.796+0000] {processor.py:183} INFO - Processing /home/codespace/.local/share/virtualenvs/airflow_sandbox-vp-HKq_L/lib/python3.10/site-packages/airflow/example_dags/example_short_circuit_decorator.py took 0.083 seconds
[2024-02-14T09:15:09.475+0000] {processor.py:161} INFO - Started process (PID=9370) to work on /home/codespace/.local/share/virtualenvs/airflow_sandbox-vp-HKq_L/lib/python3.10/site-packages/airflow/example_dags/example_short_circuit_decorator.py
[2024-02-14T09:15:09.480+0000] {processor.py:830} INFO - Processing file /home/codespace/.local/share/virtualenvs/airflow_sandbox-vp-HKq_L/lib/python3.10/site-packages/airflow/example_dags/example_short_circuit_decorator.py for tasks to queue
[2024-02-14T09:15:09.481+0000] {logging_mixin.py:188} INFO - [2024-02-14T09:15:09.481+0000] {dagbag.py:538} INFO - Filling up the DagBag from /home/codespace/.local/share/virtualenvs/airflow_sandbox-vp-HKq_L/lib/python3.10/site-packages/airflow/example_dags/example_short_circuit_decorator.py
[2024-02-14T09:15:09.494+0000] {processor.py:840} INFO - DAG(s) 'example_short_circuit_decorator' retrieved from /home/codespace/.local/share/virtualenvs/airflow_sandbox-vp-HKq_L/lib/python3.10/site-packages/airflow/example_dags/example_short_circuit_decorator.py
[2024-02-14T09:15:09.515+0000] {logging_mixin.py:188} INFO - [2024-02-14T09:15:09.515+0000] {dag.py:3033} INFO - Sync 1 DAGs
[2024-02-14T09:15:09.532+0000] {logging_mixin.py:188} INFO - [2024-02-14T09:15:09.532+0000] {dag.py:3820} INFO - Setting next_dagrun for example_short_circuit_decorator to 2024-02-13T00:00:00+00:00, run_after=2024-02-14T00:00:00+00:00
[2024-02-14T09:15:09.578+0000] {processor.py:183} INFO - Processing /home/codespace/.local/share/virtualenvs/airflow_sandbox-vp-HKq_L/lib/python3.10/site-packages/airflow/example_dags/example_short_circuit_decorator.py took 0.107 seconds
[2024-02-14T09:16:00.238+0000] {processor.py:161} INFO - Started process (PID=9713) to work on /home/codespace/.local/share/virtualenvs/airflow_sandbox-vp-HKq_L/lib/python3.10/site-packages/airflow/example_dags/example_short_circuit_decorator.py
[2024-02-14T09:16:00.238+0000] {processor.py:830} INFO - Processing file /home/codespace/.local/share/virtualenvs/airflow_sandbox-vp-HKq_L/lib/python3.10/site-packages/airflow/example_dags/example_short_circuit_decorator.py for tasks to queue
[2024-02-14T09:16:00.239+0000] {logging_mixin.py:188} INFO - [2024-02-14T09:16:00.239+0000] {dagbag.py:538} INFO - Filling up the DagBag from /home/codespace/.local/share/virtualenvs/airflow_sandbox-vp-HKq_L/lib/python3.10/site-packages/airflow/example_dags/example_short_circuit_decorator.py
[2024-02-14T09:16:00.246+0000] {processor.py:840} INFO - DAG(s) 'example_short_circuit_decorator' retrieved from /home/codespace/.local/share/virtualenvs/airflow_sandbox-vp-HKq_L/lib/python3.10/site-packages/airflow/example_dags/example_short_circuit_decorator.py
[2024-02-14T09:16:00.260+0000] {logging_mixin.py:188} INFO - [2024-02-14T09:16:00.260+0000] {dag.py:3033} INFO - Sync 1 DAGs
[2024-02-14T09:16:00.275+0000] {logging_mixin.py:188} INFO - [2024-02-14T09:16:00.275+0000] {dag.py:3820} INFO - Setting next_dagrun for example_short_circuit_decorator to 2024-02-13T00:00:00+00:00, run_after=2024-02-14T00:00:00+00:00
[2024-02-14T09:16:00.317+0000] {processor.py:183} INFO - Processing /home/codespace/.local/share/virtualenvs/airflow_sandbox-vp-HKq_L/lib/python3.10/site-packages/airflow/example_dags/example_short_circuit_decorator.py took 0.082 seconds
[2024-02-14T09:16:56.203+0000] {processor.py:161} INFO - Started process (PID=10131) to work on /home/codespace/.local/share/virtualenvs/airflow_sandbox-vp-HKq_L/lib/python3.10/site-packages/airflow/example_dags/example_short_circuit_decorator.py
[2024-02-14T09:16:56.204+0000] {processor.py:830} INFO - Processing file /home/codespace/.local/share/virtualenvs/airflow_sandbox-vp-HKq_L/lib/python3.10/site-packages/airflow/example_dags/example_short_circuit_decorator.py for tasks to queue
[2024-02-14T09:16:56.204+0000] {logging_mixin.py:188} INFO - [2024-02-14T09:16:56.204+0000] {dagbag.py:538} INFO - Filling up the DagBag from /home/codespace/.local/share/virtualenvs/airflow_sandbox-vp-HKq_L/lib/python3.10/site-packages/airflow/example_dags/example_short_circuit_decorator.py
[2024-02-14T09:16:56.212+0000] {processor.py:840} INFO - DAG(s) 'example_short_circuit_decorator' retrieved from /home/codespace/.local/share/virtualenvs/airflow_sandbox-vp-HKq_L/lib/python3.10/site-packages/airflow/example_dags/example_short_circuit_decorator.py
[2024-02-14T09:16:56.227+0000] {logging_mixin.py:188} INFO - [2024-02-14T09:16:56.227+0000] {dag.py:3033} INFO - Sync 1 DAGs
[2024-02-14T09:16:56.242+0000] {logging_mixin.py:188} INFO - [2024-02-14T09:16:56.242+0000] {dag.py:3820} INFO - Setting next_dagrun for example_short_circuit_decorator to 2024-02-13T00:00:00+00:00, run_after=2024-02-14T00:00:00+00:00
[2024-02-14T09:16:56.299+0000] {processor.py:183} INFO - Processing /home/codespace/.local/share/virtualenvs/airflow_sandbox-vp-HKq_L/lib/python3.10/site-packages/airflow/example_dags/example_short_circuit_decorator.py took 0.099 seconds
[2024-02-14T09:17:46.780+0000] {processor.py:161} INFO - Started process (PID=10526) to work on /home/codespace/.local/share/virtualenvs/airflow_sandbox-vp-HKq_L/lib/python3.10/site-packages/airflow/example_dags/example_short_circuit_decorator.py
[2024-02-14T09:17:46.781+0000] {processor.py:830} INFO - Processing file /home/codespace/.local/share/virtualenvs/airflow_sandbox-vp-HKq_L/lib/python3.10/site-packages/airflow/example_dags/example_short_circuit_decorator.py for tasks to queue
[2024-02-14T09:17:46.781+0000] {logging_mixin.py:188} INFO - [2024-02-14T09:17:46.781+0000] {dagbag.py:538} INFO - Filling up the DagBag from /home/codespace/.local/share/virtualenvs/airflow_sandbox-vp-HKq_L/lib/python3.10/site-packages/airflow/example_dags/example_short_circuit_decorator.py
[2024-02-14T09:17:46.789+0000] {processor.py:840} INFO - DAG(s) 'example_short_circuit_decorator' retrieved from /home/codespace/.local/share/virtualenvs/airflow_sandbox-vp-HKq_L/lib/python3.10/site-packages/airflow/example_dags/example_short_circuit_decorator.py
[2024-02-14T09:17:46.811+0000] {logging_mixin.py:188} INFO - [2024-02-14T09:17:46.810+0000] {dag.py:3033} INFO - Sync 1 DAGs
[2024-02-14T09:17:46.834+0000] {logging_mixin.py:188} INFO - [2024-02-14T09:17:46.833+0000] {dag.py:3820} INFO - Setting next_dagrun for example_short_circuit_decorator to 2024-02-13T00:00:00+00:00, run_after=2024-02-14T00:00:00+00:00
[2024-02-14T09:17:46.879+0000] {processor.py:183} INFO - Processing /home/codespace/.local/share/virtualenvs/airflow_sandbox-vp-HKq_L/lib/python3.10/site-packages/airflow/example_dags/example_short_circuit_decorator.py took 0.101 seconds
[2024-02-14T09:18:39.940+0000] {processor.py:161} INFO - Started process (PID=10902) to work on /home/codespace/.local/share/virtualenvs/airflow_sandbox-vp-HKq_L/lib/python3.10/site-packages/airflow/example_dags/example_short_circuit_decorator.py
[2024-02-14T09:18:39.941+0000] {processor.py:830} INFO - Processing file /home/codespace/.local/share/virtualenvs/airflow_sandbox-vp-HKq_L/lib/python3.10/site-packages/airflow/example_dags/example_short_circuit_decorator.py for tasks to queue
[2024-02-14T09:18:39.941+0000] {logging_mixin.py:188} INFO - [2024-02-14T09:18:39.941+0000] {dagbag.py:538} INFO - Filling up the DagBag from /home/codespace/.local/share/virtualenvs/airflow_sandbox-vp-HKq_L/lib/python3.10/site-packages/airflow/example_dags/example_short_circuit_decorator.py
[2024-02-14T09:18:39.949+0000] {processor.py:840} INFO - DAG(s) 'example_short_circuit_decorator' retrieved from /home/codespace/.local/share/virtualenvs/airflow_sandbox-vp-HKq_L/lib/python3.10/site-packages/airflow/example_dags/example_short_circuit_decorator.py
[2024-02-14T09:18:39.962+0000] {logging_mixin.py:188} INFO - [2024-02-14T09:18:39.962+0000] {dag.py:3033} INFO - Sync 1 DAGs
[2024-02-14T09:18:39.978+0000] {logging_mixin.py:188} INFO - [2024-02-14T09:18:39.978+0000] {dag.py:3820} INFO - Setting next_dagrun for example_short_circuit_decorator to 2024-02-13T00:00:00+00:00, run_after=2024-02-14T00:00:00+00:00
[2024-02-14T09:18:40.020+0000] {processor.py:183} INFO - Processing /home/codespace/.local/share/virtualenvs/airflow_sandbox-vp-HKq_L/lib/python3.10/site-packages/airflow/example_dags/example_short_circuit_decorator.py took 0.082 seconds
[2024-02-14T09:19:34.576+0000] {processor.py:161} INFO - Started process (PID=11283) to work on /home/codespace/.local/share/virtualenvs/airflow_sandbox-vp-HKq_L/lib/python3.10/site-packages/airflow/example_dags/example_short_circuit_decorator.py
[2024-02-14T09:19:34.576+0000] {processor.py:830} INFO - Processing file /home/codespace/.local/share/virtualenvs/airflow_sandbox-vp-HKq_L/lib/python3.10/site-packages/airflow/example_dags/example_short_circuit_decorator.py for tasks to queue
[2024-02-14T09:19:34.577+0000] {logging_mixin.py:188} INFO - [2024-02-14T09:19:34.577+0000] {dagbag.py:538} INFO - Filling up the DagBag from /home/codespace/.local/share/virtualenvs/airflow_sandbox-vp-HKq_L/lib/python3.10/site-packages/airflow/example_dags/example_short_circuit_decorator.py
[2024-02-14T09:19:34.584+0000] {processor.py:840} INFO - DAG(s) 'example_short_circuit_decorator' retrieved from /home/codespace/.local/share/virtualenvs/airflow_sandbox-vp-HKq_L/lib/python3.10/site-packages/airflow/example_dags/example_short_circuit_decorator.py
[2024-02-14T09:19:34.603+0000] {logging_mixin.py:188} INFO - [2024-02-14T09:19:34.603+0000] {dag.py:3033} INFO - Sync 1 DAGs
[2024-02-14T09:19:34.622+0000] {logging_mixin.py:188} INFO - [2024-02-14T09:19:34.622+0000] {dag.py:3820} INFO - Setting next_dagrun for example_short_circuit_decorator to 2024-02-13T00:00:00+00:00, run_after=2024-02-14T00:00:00+00:00
[2024-02-14T09:19:34.667+0000] {processor.py:183} INFO - Processing /home/codespace/.local/share/virtualenvs/airflow_sandbox-vp-HKq_L/lib/python3.10/site-packages/airflow/example_dags/example_short_circuit_decorator.py took 0.093 seconds
[2024-02-14T09:20:29.943+0000] {processor.py:161} INFO - Started process (PID=12148) to work on /home/codespace/.local/share/virtualenvs/airflow_sandbox-vp-HKq_L/lib/python3.10/site-packages/airflow/example_dags/example_short_circuit_decorator.py
[2024-02-14T09:20:29.944+0000] {processor.py:830} INFO - Processing file /home/codespace/.local/share/virtualenvs/airflow_sandbox-vp-HKq_L/lib/python3.10/site-packages/airflow/example_dags/example_short_circuit_decorator.py for tasks to queue
[2024-02-14T09:20:29.944+0000] {logging_mixin.py:188} INFO - [2024-02-14T09:20:29.944+0000] {dagbag.py:538} INFO - Filling up the DagBag from /home/codespace/.local/share/virtualenvs/airflow_sandbox-vp-HKq_L/lib/python3.10/site-packages/airflow/example_dags/example_short_circuit_decorator.py
[2024-02-14T09:20:29.952+0000] {processor.py:840} INFO - DAG(s) 'example_short_circuit_decorator' retrieved from /home/codespace/.local/share/virtualenvs/airflow_sandbox-vp-HKq_L/lib/python3.10/site-packages/airflow/example_dags/example_short_circuit_decorator.py
[2024-02-14T09:20:29.966+0000] {logging_mixin.py:188} INFO - [2024-02-14T09:20:29.966+0000] {dag.py:3033} INFO - Sync 1 DAGs
[2024-02-14T09:20:29.983+0000] {logging_mixin.py:188} INFO - [2024-02-14T09:20:29.983+0000] {dag.py:3820} INFO - Setting next_dagrun for example_short_circuit_decorator to 2024-02-13T00:00:00+00:00, run_after=2024-02-14T00:00:00+00:00
[2024-02-14T09:20:30.062+0000] {processor.py:183} INFO - Processing /home/codespace/.local/share/virtualenvs/airflow_sandbox-vp-HKq_L/lib/python3.10/site-packages/airflow/example_dags/example_short_circuit_decorator.py took 0.121 seconds
[2024-02-14T09:21:19.128+0000] {processor.py:161} INFO - Started process (PID=12538) to work on /home/codespace/.local/share/virtualenvs/airflow_sandbox-vp-HKq_L/lib/python3.10/site-packages/airflow/example_dags/example_short_circuit_decorator.py
[2024-02-14T09:21:19.129+0000] {processor.py:830} INFO - Processing file /home/codespace/.local/share/virtualenvs/airflow_sandbox-vp-HKq_L/lib/python3.10/site-packages/airflow/example_dags/example_short_circuit_decorator.py for tasks to queue
[2024-02-14T09:21:19.129+0000] {logging_mixin.py:188} INFO - [2024-02-14T09:21:19.129+0000] {dagbag.py:538} INFO - Filling up the DagBag from /home/codespace/.local/share/virtualenvs/airflow_sandbox-vp-HKq_L/lib/python3.10/site-packages/airflow/example_dags/example_short_circuit_decorator.py
[2024-02-14T09:21:19.137+0000] {processor.py:840} INFO - DAG(s) 'example_short_circuit_decorator' retrieved from /home/codespace/.local/share/virtualenvs/airflow_sandbox-vp-HKq_L/lib/python3.10/site-packages/airflow/example_dags/example_short_circuit_decorator.py
[2024-02-14T09:21:19.151+0000] {logging_mixin.py:188} INFO - [2024-02-14T09:21:19.151+0000] {dag.py:3033} INFO - Sync 1 DAGs
[2024-02-14T09:21:19.166+0000] {logging_mixin.py:188} INFO - [2024-02-14T09:21:19.166+0000] {dag.py:3820} INFO - Setting next_dagrun for example_short_circuit_decorator to 2024-02-13T00:00:00+00:00, run_after=2024-02-14T00:00:00+00:00
[2024-02-14T09:21:19.207+0000] {processor.py:183} INFO - Processing /home/codespace/.local/share/virtualenvs/airflow_sandbox-vp-HKq_L/lib/python3.10/site-packages/airflow/example_dags/example_short_circuit_decorator.py took 0.081 seconds
[2024-02-14T09:22:15.028+0000] {processor.py:161} INFO - Started process (PID=12928) to work on /home/codespace/.local/share/virtualenvs/airflow_sandbox-vp-HKq_L/lib/python3.10/site-packages/airflow/example_dags/example_short_circuit_decorator.py
[2024-02-14T09:22:15.029+0000] {processor.py:830} INFO - Processing file /home/codespace/.local/share/virtualenvs/airflow_sandbox-vp-HKq_L/lib/python3.10/site-packages/airflow/example_dags/example_short_circuit_decorator.py for tasks to queue
[2024-02-14T09:22:15.030+0000] {logging_mixin.py:188} INFO - [2024-02-14T09:22:15.029+0000] {dagbag.py:538} INFO - Filling up the DagBag from /home/codespace/.local/share/virtualenvs/airflow_sandbox-vp-HKq_L/lib/python3.10/site-packages/airflow/example_dags/example_short_circuit_decorator.py
[2024-02-14T09:22:15.043+0000] {processor.py:840} INFO - DAG(s) 'example_short_circuit_decorator' retrieved from /home/codespace/.local/share/virtualenvs/airflow_sandbox-vp-HKq_L/lib/python3.10/site-packages/airflow/example_dags/example_short_circuit_decorator.py
[2024-02-14T09:22:15.099+0000] {logging_mixin.py:188} INFO - [2024-02-14T09:22:15.098+0000] {dag.py:3033} INFO - Sync 1 DAGs
[2024-02-14T09:22:15.126+0000] {logging_mixin.py:188} INFO - [2024-02-14T09:22:15.126+0000] {dag.py:3820} INFO - Setting next_dagrun for example_short_circuit_decorator to 2024-02-13T00:00:00+00:00, run_after=2024-02-14T00:00:00+00:00
[2024-02-14T09:22:15.170+0000] {processor.py:183} INFO - Processing /home/codespace/.local/share/virtualenvs/airflow_sandbox-vp-HKq_L/lib/python3.10/site-packages/airflow/example_dags/example_short_circuit_decorator.py took 0.145 seconds
[2024-02-14T09:23:12.955+0000] {processor.py:161} INFO - Started process (PID=13370) to work on /home/codespace/.local/share/virtualenvs/airflow_sandbox-vp-HKq_L/lib/python3.10/site-packages/airflow/example_dags/example_short_circuit_decorator.py
[2024-02-14T09:23:12.956+0000] {processor.py:830} INFO - Processing file /home/codespace/.local/share/virtualenvs/airflow_sandbox-vp-HKq_L/lib/python3.10/site-packages/airflow/example_dags/example_short_circuit_decorator.py for tasks to queue
[2024-02-14T09:23:12.957+0000] {logging_mixin.py:188} INFO - [2024-02-14T09:23:12.957+0000] {dagbag.py:538} INFO - Filling up the DagBag from /home/codespace/.local/share/virtualenvs/airflow_sandbox-vp-HKq_L/lib/python3.10/site-packages/airflow/example_dags/example_short_circuit_decorator.py
[2024-02-14T09:23:12.965+0000] {processor.py:840} INFO - DAG(s) 'example_short_circuit_decorator' retrieved from /home/codespace/.local/share/virtualenvs/airflow_sandbox-vp-HKq_L/lib/python3.10/site-packages/airflow/example_dags/example_short_circuit_decorator.py
[2024-02-14T09:23:12.978+0000] {logging_mixin.py:188} INFO - [2024-02-14T09:23:12.978+0000] {dag.py:3033} INFO - Sync 1 DAGs
[2024-02-14T09:23:12.993+0000] {logging_mixin.py:188} INFO - [2024-02-14T09:23:12.993+0000] {dag.py:3820} INFO - Setting next_dagrun for example_short_circuit_decorator to 2024-02-13T00:00:00+00:00, run_after=2024-02-14T00:00:00+00:00
[2024-02-14T09:23:13.037+0000] {processor.py:183} INFO - Processing /home/codespace/.local/share/virtualenvs/airflow_sandbox-vp-HKq_L/lib/python3.10/site-packages/airflow/example_dags/example_short_circuit_decorator.py took 0.084 seconds
[2024-02-14T09:24:10.888+0000] {processor.py:161} INFO - Started process (PID=13774) to work on /home/codespace/.local/share/virtualenvs/airflow_sandbox-vp-HKq_L/lib/python3.10/site-packages/airflow/example_dags/example_short_circuit_decorator.py
[2024-02-14T09:24:10.888+0000] {processor.py:830} INFO - Processing file /home/codespace/.local/share/virtualenvs/airflow_sandbox-vp-HKq_L/lib/python3.10/site-packages/airflow/example_dags/example_short_circuit_decorator.py for tasks to queue
[2024-02-14T09:24:10.889+0000] {logging_mixin.py:188} INFO - [2024-02-14T09:24:10.889+0000] {dagbag.py:538} INFO - Filling up the DagBag from /home/codespace/.local/share/virtualenvs/airflow_sandbox-vp-HKq_L/lib/python3.10/site-packages/airflow/example_dags/example_short_circuit_decorator.py
[2024-02-14T09:24:10.897+0000] {processor.py:840} INFO - DAG(s) 'example_short_circuit_decorator' retrieved from /home/codespace/.local/share/virtualenvs/airflow_sandbox-vp-HKq_L/lib/python3.10/site-packages/airflow/example_dags/example_short_circuit_decorator.py
[2024-02-14T09:24:10.911+0000] {logging_mixin.py:188} INFO - [2024-02-14T09:24:10.911+0000] {dag.py:3033} INFO - Sync 1 DAGs
[2024-02-14T09:24:10.926+0000] {logging_mixin.py:188} INFO - [2024-02-14T09:24:10.926+0000] {dag.py:3820} INFO - Setting next_dagrun for example_short_circuit_decorator to 2024-02-13T00:00:00+00:00, run_after=2024-02-14T00:00:00+00:00
[2024-02-14T09:24:10.977+0000] {processor.py:183} INFO - Processing /home/codespace/.local/share/virtualenvs/airflow_sandbox-vp-HKq_L/lib/python3.10/site-packages/airflow/example_dags/example_short_circuit_decorator.py took 0.092 seconds
[2024-02-14T09:25:05.426+0000] {processor.py:161} INFO - Started process (PID=14137) to work on /home/codespace/.local/share/virtualenvs/airflow_sandbox-vp-HKq_L/lib/python3.10/site-packages/airflow/example_dags/example_short_circuit_decorator.py
[2024-02-14T09:25:05.427+0000] {processor.py:830} INFO - Processing file /home/codespace/.local/share/virtualenvs/airflow_sandbox-vp-HKq_L/lib/python3.10/site-packages/airflow/example_dags/example_short_circuit_decorator.py for tasks to queue
[2024-02-14T09:25:05.428+0000] {logging_mixin.py:188} INFO - [2024-02-14T09:25:05.427+0000] {dagbag.py:538} INFO - Filling up the DagBag from /home/codespace/.local/share/virtualenvs/airflow_sandbox-vp-HKq_L/lib/python3.10/site-packages/airflow/example_dags/example_short_circuit_decorator.py
[2024-02-14T09:25:05.435+0000] {processor.py:840} INFO - DAG(s) 'example_short_circuit_decorator' retrieved from /home/codespace/.local/share/virtualenvs/airflow_sandbox-vp-HKq_L/lib/python3.10/site-packages/airflow/example_dags/example_short_circuit_decorator.py
[2024-02-14T09:25:05.449+0000] {logging_mixin.py:188} INFO - [2024-02-14T09:25:05.449+0000] {dag.py:3033} INFO - Sync 1 DAGs
[2024-02-14T09:25:05.463+0000] {logging_mixin.py:188} INFO - [2024-02-14T09:25:05.463+0000] {dag.py:3820} INFO - Setting next_dagrun for example_short_circuit_decorator to 2024-02-13T00:00:00+00:00, run_after=2024-02-14T00:00:00+00:00
[2024-02-14T09:25:05.506+0000] {processor.py:183} INFO - Processing /home/codespace/.local/share/virtualenvs/airflow_sandbox-vp-HKq_L/lib/python3.10/site-packages/airflow/example_dags/example_short_circuit_decorator.py took 0.082 seconds
[2024-02-14T09:25:58.326+0000] {processor.py:161} INFO - Started process (PID=14500) to work on /home/codespace/.local/share/virtualenvs/airflow_sandbox-vp-HKq_L/lib/python3.10/site-packages/airflow/example_dags/example_short_circuit_decorator.py
[2024-02-14T09:25:58.327+0000] {processor.py:830} INFO - Processing file /home/codespace/.local/share/virtualenvs/airflow_sandbox-vp-HKq_L/lib/python3.10/site-packages/airflow/example_dags/example_short_circuit_decorator.py for tasks to queue
[2024-02-14T09:25:58.328+0000] {logging_mixin.py:188} INFO - [2024-02-14T09:25:58.327+0000] {dagbag.py:538} INFO - Filling up the DagBag from /home/codespace/.local/share/virtualenvs/airflow_sandbox-vp-HKq_L/lib/python3.10/site-packages/airflow/example_dags/example_short_circuit_decorator.py
[2024-02-14T09:25:58.336+0000] {processor.py:840} INFO - DAG(s) 'example_short_circuit_decorator' retrieved from /home/codespace/.local/share/virtualenvs/airflow_sandbox-vp-HKq_L/lib/python3.10/site-packages/airflow/example_dags/example_short_circuit_decorator.py
[2024-02-14T09:25:58.350+0000] {logging_mixin.py:188} INFO - [2024-02-14T09:25:58.350+0000] {dag.py:3033} INFO - Sync 1 DAGs
[2024-02-14T09:25:58.367+0000] {logging_mixin.py:188} INFO - [2024-02-14T09:25:58.367+0000] {dag.py:3820} INFO - Setting next_dagrun for example_short_circuit_decorator to 2024-02-13T00:00:00+00:00, run_after=2024-02-14T00:00:00+00:00
[2024-02-14T09:25:58.408+0000] {processor.py:183} INFO - Processing /home/codespace/.local/share/virtualenvs/airflow_sandbox-vp-HKq_L/lib/python3.10/site-packages/airflow/example_dags/example_short_circuit_decorator.py took 0.084 seconds
[2024-02-14T09:26:51.589+0000] {processor.py:161} INFO - Started process (PID=14863) to work on /home/codespace/.local/share/virtualenvs/airflow_sandbox-vp-HKq_L/lib/python3.10/site-packages/airflow/example_dags/example_short_circuit_decorator.py
[2024-02-14T09:26:51.590+0000] {processor.py:830} INFO - Processing file /home/codespace/.local/share/virtualenvs/airflow_sandbox-vp-HKq_L/lib/python3.10/site-packages/airflow/example_dags/example_short_circuit_decorator.py for tasks to queue
[2024-02-14T09:26:51.591+0000] {logging_mixin.py:188} INFO - [2024-02-14T09:26:51.590+0000] {dagbag.py:538} INFO - Filling up the DagBag from /home/codespace/.local/share/virtualenvs/airflow_sandbox-vp-HKq_L/lib/python3.10/site-packages/airflow/example_dags/example_short_circuit_decorator.py
[2024-02-14T09:26:51.599+0000] {processor.py:840} INFO - DAG(s) 'example_short_circuit_decorator' retrieved from /home/codespace/.local/share/virtualenvs/airflow_sandbox-vp-HKq_L/lib/python3.10/site-packages/airflow/example_dags/example_short_circuit_decorator.py
[2024-02-14T09:26:51.614+0000] {logging_mixin.py:188} INFO - [2024-02-14T09:26:51.613+0000] {dag.py:3033} INFO - Sync 1 DAGs
[2024-02-14T09:26:51.629+0000] {logging_mixin.py:188} INFO - [2024-02-14T09:26:51.629+0000] {dag.py:3820} INFO - Setting next_dagrun for example_short_circuit_decorator to 2024-02-13T00:00:00+00:00, run_after=2024-02-14T00:00:00+00:00
[2024-02-14T09:26:51.678+0000] {processor.py:183} INFO - Processing /home/codespace/.local/share/virtualenvs/airflow_sandbox-vp-HKq_L/lib/python3.10/site-packages/airflow/example_dags/example_short_circuit_decorator.py took 0.091 seconds
[2024-02-14T09:27:48.157+0000] {processor.py:161} INFO - Started process (PID=15293) to work on /home/codespace/.local/share/virtualenvs/airflow_sandbox-vp-HKq_L/lib/python3.10/site-packages/airflow/example_dags/example_short_circuit_decorator.py
[2024-02-14T09:27:48.158+0000] {processor.py:830} INFO - Processing file /home/codespace/.local/share/virtualenvs/airflow_sandbox-vp-HKq_L/lib/python3.10/site-packages/airflow/example_dags/example_short_circuit_decorator.py for tasks to queue
[2024-02-14T09:27:48.159+0000] {logging_mixin.py:188} INFO - [2024-02-14T09:27:48.158+0000] {dagbag.py:538} INFO - Filling up the DagBag from /home/codespace/.local/share/virtualenvs/airflow_sandbox-vp-HKq_L/lib/python3.10/site-packages/airflow/example_dags/example_short_circuit_decorator.py
[2024-02-14T09:27:48.166+0000] {processor.py:840} INFO - DAG(s) 'example_short_circuit_decorator' retrieved from /home/codespace/.local/share/virtualenvs/airflow_sandbox-vp-HKq_L/lib/python3.10/site-packages/airflow/example_dags/example_short_circuit_decorator.py
[2024-02-14T09:27:48.184+0000] {logging_mixin.py:188} INFO - [2024-02-14T09:27:48.184+0000] {dag.py:3033} INFO - Sync 1 DAGs
[2024-02-14T09:27:48.200+0000] {logging_mixin.py:188} INFO - [2024-02-14T09:27:48.200+0000] {dag.py:3820} INFO - Setting next_dagrun for example_short_circuit_decorator to 2024-02-13T00:00:00+00:00, run_after=2024-02-14T00:00:00+00:00
[2024-02-14T09:27:48.242+0000] {processor.py:183} INFO - Processing /home/codespace/.local/share/virtualenvs/airflow_sandbox-vp-HKq_L/lib/python3.10/site-packages/airflow/example_dags/example_short_circuit_decorator.py took 0.086 seconds
[2024-02-14T09:28:40.699+0000] {processor.py:161} INFO - Started process (PID=15713) to work on /home/codespace/.local/share/virtualenvs/airflow_sandbox-vp-HKq_L/lib/python3.10/site-packages/airflow/example_dags/example_short_circuit_decorator.py
[2024-02-14T09:28:40.700+0000] {processor.py:830} INFO - Processing file /home/codespace/.local/share/virtualenvs/airflow_sandbox-vp-HKq_L/lib/python3.10/site-packages/airflow/example_dags/example_short_circuit_decorator.py for tasks to queue
[2024-02-14T09:28:40.701+0000] {logging_mixin.py:188} INFO - [2024-02-14T09:28:40.700+0000] {dagbag.py:538} INFO - Filling up the DagBag from /home/codespace/.local/share/virtualenvs/airflow_sandbox-vp-HKq_L/lib/python3.10/site-packages/airflow/example_dags/example_short_circuit_decorator.py
[2024-02-14T09:28:40.708+0000] {processor.py:840} INFO - DAG(s) 'example_short_circuit_decorator' retrieved from /home/codespace/.local/share/virtualenvs/airflow_sandbox-vp-HKq_L/lib/python3.10/site-packages/airflow/example_dags/example_short_circuit_decorator.py
[2024-02-14T09:28:40.723+0000] {logging_mixin.py:188} INFO - [2024-02-14T09:28:40.723+0000] {dag.py:3033} INFO - Sync 1 DAGs
[2024-02-14T09:28:40.738+0000] {logging_mixin.py:188} INFO - [2024-02-14T09:28:40.738+0000] {dag.py:3820} INFO - Setting next_dagrun for example_short_circuit_decorator to 2024-02-13T00:00:00+00:00, run_after=2024-02-14T00:00:00+00:00
[2024-02-14T09:28:40.789+0000] {processor.py:183} INFO - Processing /home/codespace/.local/share/virtualenvs/airflow_sandbox-vp-HKq_L/lib/python3.10/site-packages/airflow/example_dags/example_short_circuit_decorator.py took 0.092 seconds
[2024-02-14T09:29:35.058+0000] {processor.py:161} INFO - Started process (PID=16187) to work on /home/codespace/.local/share/virtualenvs/airflow_sandbox-vp-HKq_L/lib/python3.10/site-packages/airflow/example_dags/example_short_circuit_decorator.py
[2024-02-14T09:29:35.059+0000] {processor.py:830} INFO - Processing file /home/codespace/.local/share/virtualenvs/airflow_sandbox-vp-HKq_L/lib/python3.10/site-packages/airflow/example_dags/example_short_circuit_decorator.py for tasks to queue
[2024-02-14T09:29:35.060+0000] {logging_mixin.py:188} INFO - [2024-02-14T09:29:35.059+0000] {dagbag.py:538} INFO - Filling up the DagBag from /home/codespace/.local/share/virtualenvs/airflow_sandbox-vp-HKq_L/lib/python3.10/site-packages/airflow/example_dags/example_short_circuit_decorator.py
[2024-02-14T09:29:35.069+0000] {processor.py:840} INFO - DAG(s) 'example_short_circuit_decorator' retrieved from /home/codespace/.local/share/virtualenvs/airflow_sandbox-vp-HKq_L/lib/python3.10/site-packages/airflow/example_dags/example_short_circuit_decorator.py
[2024-02-14T09:29:35.084+0000] {logging_mixin.py:188} INFO - [2024-02-14T09:29:35.084+0000] {dag.py:3033} INFO - Sync 1 DAGs
[2024-02-14T09:29:35.101+0000] {logging_mixin.py:188} INFO - [2024-02-14T09:29:35.101+0000] {dag.py:3820} INFO - Setting next_dagrun for example_short_circuit_decorator to 2024-02-13T00:00:00+00:00, run_after=2024-02-14T00:00:00+00:00
[2024-02-14T09:29:35.144+0000] {processor.py:183} INFO - Processing /home/codespace/.local/share/virtualenvs/airflow_sandbox-vp-HKq_L/lib/python3.10/site-packages/airflow/example_dags/example_short_circuit_decorator.py took 0.088 seconds
[2024-02-14T09:30:26.643+0000] {processor.py:161} INFO - Started process (PID=16548) to work on /home/codespace/.local/share/virtualenvs/airflow_sandbox-vp-HKq_L/lib/python3.10/site-packages/airflow/example_dags/example_short_circuit_decorator.py
[2024-02-14T09:30:26.644+0000] {processor.py:830} INFO - Processing file /home/codespace/.local/share/virtualenvs/airflow_sandbox-vp-HKq_L/lib/python3.10/site-packages/airflow/example_dags/example_short_circuit_decorator.py for tasks to queue
[2024-02-14T09:30:26.645+0000] {logging_mixin.py:188} INFO - [2024-02-14T09:30:26.645+0000] {dagbag.py:538} INFO - Filling up the DagBag from /home/codespace/.local/share/virtualenvs/airflow_sandbox-vp-HKq_L/lib/python3.10/site-packages/airflow/example_dags/example_short_circuit_decorator.py
[2024-02-14T09:30:26.659+0000] {processor.py:840} INFO - DAG(s) 'example_short_circuit_decorator' retrieved from /home/codespace/.local/share/virtualenvs/airflow_sandbox-vp-HKq_L/lib/python3.10/site-packages/airflow/example_dags/example_short_circuit_decorator.py
[2024-02-14T09:30:26.686+0000] {logging_mixin.py:188} INFO - [2024-02-14T09:30:26.686+0000] {dag.py:3033} INFO - Sync 1 DAGs
[2024-02-14T09:30:26.728+0000] {logging_mixin.py:188} INFO - [2024-02-14T09:30:26.728+0000] {dag.py:3820} INFO - Setting next_dagrun for example_short_circuit_decorator to 2024-02-13T00:00:00+00:00, run_after=2024-02-14T00:00:00+00:00
[2024-02-14T09:30:26.781+0000] {processor.py:183} INFO - Processing /home/codespace/.local/share/virtualenvs/airflow_sandbox-vp-HKq_L/lib/python3.10/site-packages/airflow/example_dags/example_short_circuit_decorator.py took 0.141 seconds
[2024-02-14T09:31:18.347+0000] {processor.py:161} INFO - Started process (PID=16937) to work on /home/codespace/.local/share/virtualenvs/airflow_sandbox-vp-HKq_L/lib/python3.10/site-packages/airflow/example_dags/example_short_circuit_decorator.py
[2024-02-14T09:31:18.348+0000] {processor.py:830} INFO - Processing file /home/codespace/.local/share/virtualenvs/airflow_sandbox-vp-HKq_L/lib/python3.10/site-packages/airflow/example_dags/example_short_circuit_decorator.py for tasks to queue
[2024-02-14T09:31:18.349+0000] {logging_mixin.py:188} INFO - [2024-02-14T09:31:18.348+0000] {dagbag.py:538} INFO - Filling up the DagBag from /home/codespace/.local/share/virtualenvs/airflow_sandbox-vp-HKq_L/lib/python3.10/site-packages/airflow/example_dags/example_short_circuit_decorator.py
[2024-02-14T09:31:18.356+0000] {processor.py:840} INFO - DAG(s) 'example_short_circuit_decorator' retrieved from /home/codespace/.local/share/virtualenvs/airflow_sandbox-vp-HKq_L/lib/python3.10/site-packages/airflow/example_dags/example_short_circuit_decorator.py
[2024-02-14T09:31:18.371+0000] {logging_mixin.py:188} INFO - [2024-02-14T09:31:18.370+0000] {dag.py:3033} INFO - Sync 1 DAGs
[2024-02-14T09:31:18.386+0000] {logging_mixin.py:188} INFO - [2024-02-14T09:31:18.386+0000] {dag.py:3820} INFO - Setting next_dagrun for example_short_circuit_decorator to 2024-02-13T00:00:00+00:00, run_after=2024-02-14T00:00:00+00:00
[2024-02-14T09:31:18.426+0000] {processor.py:183} INFO - Processing /home/codespace/.local/share/virtualenvs/airflow_sandbox-vp-HKq_L/lib/python3.10/site-packages/airflow/example_dags/example_short_circuit_decorator.py took 0.081 seconds
[2024-02-14T09:32:12.399+0000] {processor.py:161} INFO - Started process (PID=17303) to work on /home/codespace/.local/share/virtualenvs/airflow_sandbox-vp-HKq_L/lib/python3.10/site-packages/airflow/example_dags/example_short_circuit_decorator.py
[2024-02-14T09:32:12.399+0000] {processor.py:830} INFO - Processing file /home/codespace/.local/share/virtualenvs/airflow_sandbox-vp-HKq_L/lib/python3.10/site-packages/airflow/example_dags/example_short_circuit_decorator.py for tasks to queue
[2024-02-14T09:32:12.400+0000] {logging_mixin.py:188} INFO - [2024-02-14T09:32:12.400+0000] {dagbag.py:538} INFO - Filling up the DagBag from /home/codespace/.local/share/virtualenvs/airflow_sandbox-vp-HKq_L/lib/python3.10/site-packages/airflow/example_dags/example_short_circuit_decorator.py
[2024-02-14T09:32:12.408+0000] {processor.py:840} INFO - DAG(s) 'example_short_circuit_decorator' retrieved from /home/codespace/.local/share/virtualenvs/airflow_sandbox-vp-HKq_L/lib/python3.10/site-packages/airflow/example_dags/example_short_circuit_decorator.py
[2024-02-14T09:32:12.422+0000] {logging_mixin.py:188} INFO - [2024-02-14T09:32:12.422+0000] {dag.py:3033} INFO - Sync 1 DAGs
[2024-02-14T09:32:12.438+0000] {logging_mixin.py:188} INFO - [2024-02-14T09:32:12.437+0000] {dag.py:3820} INFO - Setting next_dagrun for example_short_circuit_decorator to 2024-02-13T00:00:00+00:00, run_after=2024-02-14T00:00:00+00:00
[2024-02-14T09:32:12.480+0000] {processor.py:183} INFO - Processing /home/codespace/.local/share/virtualenvs/airflow_sandbox-vp-HKq_L/lib/python3.10/site-packages/airflow/example_dags/example_short_circuit_decorator.py took 0.084 seconds
[2024-02-14T09:33:04.443+0000] {processor.py:161} INFO - Started process (PID=17694) to work on /home/codespace/.local/share/virtualenvs/airflow_sandbox-vp-HKq_L/lib/python3.10/site-packages/airflow/example_dags/example_short_circuit_decorator.py
[2024-02-14T09:33:04.444+0000] {processor.py:830} INFO - Processing file /home/codespace/.local/share/virtualenvs/airflow_sandbox-vp-HKq_L/lib/python3.10/site-packages/airflow/example_dags/example_short_circuit_decorator.py for tasks to queue
[2024-02-14T09:33:04.445+0000] {logging_mixin.py:188} INFO - [2024-02-14T09:33:04.444+0000] {dagbag.py:538} INFO - Filling up the DagBag from /home/codespace/.local/share/virtualenvs/airflow_sandbox-vp-HKq_L/lib/python3.10/site-packages/airflow/example_dags/example_short_circuit_decorator.py
[2024-02-14T09:33:04.453+0000] {processor.py:840} INFO - DAG(s) 'example_short_circuit_decorator' retrieved from /home/codespace/.local/share/virtualenvs/airflow_sandbox-vp-HKq_L/lib/python3.10/site-packages/airflow/example_dags/example_short_circuit_decorator.py
[2024-02-14T09:33:04.467+0000] {logging_mixin.py:188} INFO - [2024-02-14T09:33:04.467+0000] {dag.py:3033} INFO - Sync 1 DAGs
[2024-02-14T09:33:04.485+0000] {logging_mixin.py:188} INFO - [2024-02-14T09:33:04.484+0000] {dag.py:3820} INFO - Setting next_dagrun for example_short_circuit_decorator to 2024-02-13T00:00:00+00:00, run_after=2024-02-14T00:00:00+00:00
[2024-02-14T09:33:04.531+0000] {processor.py:183} INFO - Processing /home/codespace/.local/share/virtualenvs/airflow_sandbox-vp-HKq_L/lib/python3.10/site-packages/airflow/example_dags/example_short_circuit_decorator.py took 0.091 seconds
[2024-02-14T09:33:57.347+0000] {processor.py:161} INFO - Started process (PID=18061) to work on /home/codespace/.local/share/virtualenvs/airflow_sandbox-vp-HKq_L/lib/python3.10/site-packages/airflow/example_dags/example_short_circuit_decorator.py
[2024-02-14T09:33:57.348+0000] {processor.py:830} INFO - Processing file /home/codespace/.local/share/virtualenvs/airflow_sandbox-vp-HKq_L/lib/python3.10/site-packages/airflow/example_dags/example_short_circuit_decorator.py for tasks to queue
[2024-02-14T09:33:57.348+0000] {logging_mixin.py:188} INFO - [2024-02-14T09:33:57.348+0000] {dagbag.py:538} INFO - Filling up the DagBag from /home/codespace/.local/share/virtualenvs/airflow_sandbox-vp-HKq_L/lib/python3.10/site-packages/airflow/example_dags/example_short_circuit_decorator.py
[2024-02-14T09:33:57.356+0000] {processor.py:840} INFO - DAG(s) 'example_short_circuit_decorator' retrieved from /home/codespace/.local/share/virtualenvs/airflow_sandbox-vp-HKq_L/lib/python3.10/site-packages/airflow/example_dags/example_short_circuit_decorator.py
[2024-02-14T09:33:57.370+0000] {logging_mixin.py:188} INFO - [2024-02-14T09:33:57.370+0000] {dag.py:3033} INFO - Sync 1 DAGs
[2024-02-14T09:33:57.385+0000] {logging_mixin.py:188} INFO - [2024-02-14T09:33:57.385+0000] {dag.py:3820} INFO - Setting next_dagrun for example_short_circuit_decorator to 2024-02-13T00:00:00+00:00, run_after=2024-02-14T00:00:00+00:00
[2024-02-14T09:33:57.430+0000] {processor.py:183} INFO - Processing /home/codespace/.local/share/virtualenvs/airflow_sandbox-vp-HKq_L/lib/python3.10/site-packages/airflow/example_dags/example_short_circuit_decorator.py took 0.085 seconds
[2024-02-14T09:34:53.180+0000] {processor.py:161} INFO - Started process (PID=18659) to work on /home/codespace/.local/share/virtualenvs/airflow_sandbox-vp-HKq_L/lib/python3.10/site-packages/airflow/example_dags/example_short_circuit_decorator.py
[2024-02-14T09:34:53.181+0000] {processor.py:830} INFO - Processing file /home/codespace/.local/share/virtualenvs/airflow_sandbox-vp-HKq_L/lib/python3.10/site-packages/airflow/example_dags/example_short_circuit_decorator.py for tasks to queue
[2024-02-14T09:34:53.182+0000] {logging_mixin.py:188} INFO - [2024-02-14T09:34:53.182+0000] {dagbag.py:538} INFO - Filling up the DagBag from /home/codespace/.local/share/virtualenvs/airflow_sandbox-vp-HKq_L/lib/python3.10/site-packages/airflow/example_dags/example_short_circuit_decorator.py
[2024-02-14T09:34:53.193+0000] {processor.py:840} INFO - DAG(s) 'example_short_circuit_decorator' retrieved from /home/codespace/.local/share/virtualenvs/airflow_sandbox-vp-HKq_L/lib/python3.10/site-packages/airflow/example_dags/example_short_circuit_decorator.py
[2024-02-14T09:34:53.221+0000] {logging_mixin.py:188} INFO - [2024-02-14T09:34:53.220+0000] {dag.py:3033} INFO - Sync 1 DAGs
[2024-02-14T09:34:53.240+0000] {logging_mixin.py:188} INFO - [2024-02-14T09:34:53.240+0000] {dag.py:3820} INFO - Setting next_dagrun for example_short_circuit_decorator to 2024-02-13T00:00:00+00:00, run_after=2024-02-14T00:00:00+00:00
[2024-02-14T09:34:53.293+0000] {processor.py:183} INFO - Processing /home/codespace/.local/share/virtualenvs/airflow_sandbox-vp-HKq_L/lib/python3.10/site-packages/airflow/example_dags/example_short_circuit_decorator.py took 0.116 seconds
