[2024-02-14T09:08:01.085+0000] {processor.py:161} INFO - Started process (PID=4715) to work on /home/codespace/.local/share/virtualenvs/airflow_sandbox-vp-HKq_L/lib/python3.10/site-packages/airflow/example_dags/example_sensors.py
[2024-02-14T09:08:01.085+0000] {processor.py:830} INFO - Processing file /home/codespace/.local/share/virtualenvs/airflow_sandbox-vp-HKq_L/lib/python3.10/site-packages/airflow/example_dags/example_sensors.py for tasks to queue
[2024-02-14T09:08:01.086+0000] {logging_mixin.py:188} INFO - [2024-02-14T09:08:01.086+0000] {dagbag.py:538} INFO - Filling up the DagBag from /home/codespace/.local/share/virtualenvs/airflow_sandbox-vp-HKq_L/lib/python3.10/site-packages/airflow/example_dags/example_sensors.py
[2024-02-14T09:08:01.094+0000] {processor.py:840} INFO - DAG(s) 'example_sensors' retrieved from /home/codespace/.local/share/virtualenvs/airflow_sandbox-vp-HKq_L/lib/python3.10/site-packages/airflow/example_dags/example_sensors.py
[2024-02-14T09:08:01.110+0000] {logging_mixin.py:188} INFO - [2024-02-14T09:08:01.110+0000] {dag.py:3033} INFO - Sync 1 DAGs
[2024-02-14T09:08:01.119+0000] {logging_mixin.py:188} INFO - [2024-02-14T09:08:01.119+0000] {dag.py:3820} INFO - Setting next_dagrun for example_sensors to None, run_after=None
[2024-02-14T09:08:01.162+0000] {processor.py:183} INFO - Processing /home/codespace/.local/share/virtualenvs/airflow_sandbox-vp-HKq_L/lib/python3.10/site-packages/airflow/example_dags/example_sensors.py took 0.080 seconds
[2024-02-14T09:08:50.705+0000] {processor.py:161} INFO - Started process (PID=5385) to work on /home/codespace/.local/share/virtualenvs/airflow_sandbox-vp-HKq_L/lib/python3.10/site-packages/airflow/example_dags/example_sensors.py
[2024-02-14T09:08:50.706+0000] {processor.py:830} INFO - Processing file /home/codespace/.local/share/virtualenvs/airflow_sandbox-vp-HKq_L/lib/python3.10/site-packages/airflow/example_dags/example_sensors.py for tasks to queue
[2024-02-14T09:08:50.707+0000] {logging_mixin.py:188} INFO - [2024-02-14T09:08:50.706+0000] {dagbag.py:538} INFO - Filling up the DagBag from /home/codespace/.local/share/virtualenvs/airflow_sandbox-vp-HKq_L/lib/python3.10/site-packages/airflow/example_dags/example_sensors.py
[2024-02-14T09:08:50.715+0000] {processor.py:840} INFO - DAG(s) 'example_sensors' retrieved from /home/codespace/.local/share/virtualenvs/airflow_sandbox-vp-HKq_L/lib/python3.10/site-packages/airflow/example_dags/example_sensors.py
[2024-02-14T09:08:50.732+0000] {logging_mixin.py:188} INFO - [2024-02-14T09:08:50.732+0000] {dag.py:3033} INFO - Sync 1 DAGs
[2024-02-14T09:08:50.741+0000] {logging_mixin.py:188} INFO - [2024-02-14T09:08:50.741+0000] {dag.py:3820} INFO - Setting next_dagrun for example_sensors to None, run_after=None
[2024-02-14T09:08:50.780+0000] {processor.py:183} INFO - Processing /home/codespace/.local/share/virtualenvs/airflow_sandbox-vp-HKq_L/lib/python3.10/site-packages/airflow/example_dags/example_sensors.py took 0.077 seconds
[2024-02-14T09:09:45.308+0000] {processor.py:161} INFO - Started process (PID=6193) to work on /home/codespace/.local/share/virtualenvs/airflow_sandbox-vp-HKq_L/lib/python3.10/site-packages/airflow/example_dags/example_sensors.py
[2024-02-14T09:09:45.309+0000] {processor.py:830} INFO - Processing file /home/codespace/.local/share/virtualenvs/airflow_sandbox-vp-HKq_L/lib/python3.10/site-packages/airflow/example_dags/example_sensors.py for tasks to queue
[2024-02-14T09:09:45.309+0000] {logging_mixin.py:188} INFO - [2024-02-14T09:09:45.309+0000] {dagbag.py:538} INFO - Filling up the DagBag from /home/codespace/.local/share/virtualenvs/airflow_sandbox-vp-HKq_L/lib/python3.10/site-packages/airflow/example_dags/example_sensors.py
[2024-02-14T09:09:45.318+0000] {processor.py:840} INFO - DAG(s) 'example_sensors' retrieved from /home/codespace/.local/share/virtualenvs/airflow_sandbox-vp-HKq_L/lib/python3.10/site-packages/airflow/example_dags/example_sensors.py
[2024-02-14T09:09:45.334+0000] {logging_mixin.py:188} INFO - [2024-02-14T09:09:45.334+0000] {dag.py:3033} INFO - Sync 1 DAGs
[2024-02-14T09:09:45.344+0000] {logging_mixin.py:188} INFO - [2024-02-14T09:09:45.344+0000] {dag.py:3820} INFO - Setting next_dagrun for example_sensors to None, run_after=None
[2024-02-14T09:09:45.393+0000] {processor.py:183} INFO - Processing /home/codespace/.local/share/virtualenvs/airflow_sandbox-vp-HKq_L/lib/python3.10/site-packages/airflow/example_dags/example_sensors.py took 0.088 seconds
[2024-02-14T09:10:43.210+0000] {processor.py:161} INFO - Started process (PID=6817) to work on /home/codespace/.local/share/virtualenvs/airflow_sandbox-vp-HKq_L/lib/python3.10/site-packages/airflow/example_dags/example_sensors.py
[2024-02-14T09:10:43.210+0000] {processor.py:830} INFO - Processing file /home/codespace/.local/share/virtualenvs/airflow_sandbox-vp-HKq_L/lib/python3.10/site-packages/airflow/example_dags/example_sensors.py for tasks to queue
[2024-02-14T09:10:43.211+0000] {logging_mixin.py:188} INFO - [2024-02-14T09:10:43.211+0000] {dagbag.py:538} INFO - Filling up the DagBag from /home/codespace/.local/share/virtualenvs/airflow_sandbox-vp-HKq_L/lib/python3.10/site-packages/airflow/example_dags/example_sensors.py
[2024-02-14T09:10:43.220+0000] {processor.py:840} INFO - DAG(s) 'example_sensors' retrieved from /home/codespace/.local/share/virtualenvs/airflow_sandbox-vp-HKq_L/lib/python3.10/site-packages/airflow/example_dags/example_sensors.py
[2024-02-14T09:10:43.293+0000] {logging_mixin.py:188} INFO - [2024-02-14T09:10:43.293+0000] {dag.py:3033} INFO - Sync 1 DAGs
[2024-02-14T09:10:43.314+0000] {logging_mixin.py:188} INFO - [2024-02-14T09:10:43.314+0000] {dag.py:3820} INFO - Setting next_dagrun for example_sensors to None, run_after=None
[2024-02-14T09:10:43.359+0000] {processor.py:183} INFO - Processing /home/codespace/.local/share/virtualenvs/airflow_sandbox-vp-HKq_L/lib/python3.10/site-packages/airflow/example_dags/example_sensors.py took 0.151 seconds
[2024-02-14T09:11:36.641+0000] {processor.py:161} INFO - Started process (PID=7571) to work on /home/codespace/.local/share/virtualenvs/airflow_sandbox-vp-HKq_L/lib/python3.10/site-packages/airflow/example_dags/example_sensors.py
[2024-02-14T09:11:36.641+0000] {processor.py:830} INFO - Processing file /home/codespace/.local/share/virtualenvs/airflow_sandbox-vp-HKq_L/lib/python3.10/site-packages/airflow/example_dags/example_sensors.py for tasks to queue
[2024-02-14T09:11:36.642+0000] {logging_mixin.py:188} INFO - [2024-02-14T09:11:36.642+0000] {dagbag.py:538} INFO - Filling up the DagBag from /home/codespace/.local/share/virtualenvs/airflow_sandbox-vp-HKq_L/lib/python3.10/site-packages/airflow/example_dags/example_sensors.py
[2024-02-14T09:11:36.653+0000] {processor.py:840} INFO - DAG(s) 'example_sensors' retrieved from /home/codespace/.local/share/virtualenvs/airflow_sandbox-vp-HKq_L/lib/python3.10/site-packages/airflow/example_dags/example_sensors.py
[2024-02-14T09:11:36.672+0000] {logging_mixin.py:188} INFO - [2024-02-14T09:11:36.672+0000] {dag.py:3033} INFO - Sync 1 DAGs
[2024-02-14T09:11:36.682+0000] {logging_mixin.py:188} INFO - [2024-02-14T09:11:36.682+0000] {dag.py:3820} INFO - Setting next_dagrun for example_sensors to None, run_after=None
[2024-02-14T09:11:36.723+0000] {processor.py:183} INFO - Processing /home/codespace/.local/share/virtualenvs/airflow_sandbox-vp-HKq_L/lib/python3.10/site-packages/airflow/example_dags/example_sensors.py took 0.085 seconds
[2024-02-14T09:12:31.299+0000] {processor.py:161} INFO - Started process (PID=8118) to work on /home/codespace/.local/share/virtualenvs/airflow_sandbox-vp-HKq_L/lib/python3.10/site-packages/airflow/example_dags/example_sensors.py
[2024-02-14T09:12:31.300+0000] {processor.py:830} INFO - Processing file /home/codespace/.local/share/virtualenvs/airflow_sandbox-vp-HKq_L/lib/python3.10/site-packages/airflow/example_dags/example_sensors.py for tasks to queue
[2024-02-14T09:12:31.301+0000] {logging_mixin.py:188} INFO - [2024-02-14T09:12:31.300+0000] {dagbag.py:538} INFO - Filling up the DagBag from /home/codespace/.local/share/virtualenvs/airflow_sandbox-vp-HKq_L/lib/python3.10/site-packages/airflow/example_dags/example_sensors.py
[2024-02-14T09:12:31.308+0000] {processor.py:840} INFO - DAG(s) 'example_sensors' retrieved from /home/codespace/.local/share/virtualenvs/airflow_sandbox-vp-HKq_L/lib/python3.10/site-packages/airflow/example_dags/example_sensors.py
[2024-02-14T09:12:31.325+0000] {logging_mixin.py:188} INFO - [2024-02-14T09:12:31.324+0000] {dag.py:3033} INFO - Sync 1 DAGs
[2024-02-14T09:12:31.333+0000] {logging_mixin.py:188} INFO - [2024-02-14T09:12:31.333+0000] {dag.py:3820} INFO - Setting next_dagrun for example_sensors to None, run_after=None
[2024-02-14T09:12:31.377+0000] {processor.py:183} INFO - Processing /home/codespace/.local/share/virtualenvs/airflow_sandbox-vp-HKq_L/lib/python3.10/site-packages/airflow/example_dags/example_sensors.py took 0.080 seconds
[2024-02-14T09:13:28.399+0000] {processor.py:161} INFO - Started process (PID=8609) to work on /home/codespace/.local/share/virtualenvs/airflow_sandbox-vp-HKq_L/lib/python3.10/site-packages/airflow/example_dags/example_sensors.py
[2024-02-14T09:13:28.399+0000] {processor.py:830} INFO - Processing file /home/codespace/.local/share/virtualenvs/airflow_sandbox-vp-HKq_L/lib/python3.10/site-packages/airflow/example_dags/example_sensors.py for tasks to queue
[2024-02-14T09:13:28.400+0000] {logging_mixin.py:188} INFO - [2024-02-14T09:13:28.400+0000] {dagbag.py:538} INFO - Filling up the DagBag from /home/codespace/.local/share/virtualenvs/airflow_sandbox-vp-HKq_L/lib/python3.10/site-packages/airflow/example_dags/example_sensors.py
[2024-02-14T09:13:28.408+0000] {processor.py:840} INFO - DAG(s) 'example_sensors' retrieved from /home/codespace/.local/share/virtualenvs/airflow_sandbox-vp-HKq_L/lib/python3.10/site-packages/airflow/example_dags/example_sensors.py
[2024-02-14T09:13:28.425+0000] {logging_mixin.py:188} INFO - [2024-02-14T09:13:28.425+0000] {dag.py:3033} INFO - Sync 1 DAGs
[2024-02-14T09:13:28.434+0000] {logging_mixin.py:188} INFO - [2024-02-14T09:13:28.434+0000] {dag.py:3820} INFO - Setting next_dagrun for example_sensors to None, run_after=None
[2024-02-14T09:13:28.473+0000] {processor.py:183} INFO - Processing /home/codespace/.local/share/virtualenvs/airflow_sandbox-vp-HKq_L/lib/python3.10/site-packages/airflow/example_dags/example_sensors.py took 0.080 seconds
[2024-02-14T09:14:20.066+0000] {processor.py:161} INFO - Started process (PID=9037) to work on /home/codespace/.local/share/virtualenvs/airflow_sandbox-vp-HKq_L/lib/python3.10/site-packages/airflow/example_dags/example_sensors.py
[2024-02-14T09:14:20.067+0000] {processor.py:830} INFO - Processing file /home/codespace/.local/share/virtualenvs/airflow_sandbox-vp-HKq_L/lib/python3.10/site-packages/airflow/example_dags/example_sensors.py for tasks to queue
[2024-02-14T09:14:20.068+0000] {logging_mixin.py:188} INFO - [2024-02-14T09:14:20.067+0000] {dagbag.py:538} INFO - Filling up the DagBag from /home/codespace/.local/share/virtualenvs/airflow_sandbox-vp-HKq_L/lib/python3.10/site-packages/airflow/example_dags/example_sensors.py
[2024-02-14T09:14:20.079+0000] {processor.py:840} INFO - DAG(s) 'example_sensors' retrieved from /home/codespace/.local/share/virtualenvs/airflow_sandbox-vp-HKq_L/lib/python3.10/site-packages/airflow/example_dags/example_sensors.py
[2024-02-14T09:14:20.099+0000] {logging_mixin.py:188} INFO - [2024-02-14T09:14:20.099+0000] {dag.py:3033} INFO - Sync 1 DAGs
[2024-02-14T09:14:20.113+0000] {logging_mixin.py:188} INFO - [2024-02-14T09:14:20.113+0000] {dag.py:3820} INFO - Setting next_dagrun for example_sensors to None, run_after=None
[2024-02-14T09:14:20.154+0000] {processor.py:183} INFO - Processing /home/codespace/.local/share/virtualenvs/airflow_sandbox-vp-HKq_L/lib/python3.10/site-packages/airflow/example_dags/example_sensors.py took 0.092 seconds
[2024-02-14T09:15:11.700+0000] {processor.py:161} INFO - Started process (PID=9397) to work on /home/codespace/.local/share/virtualenvs/airflow_sandbox-vp-HKq_L/lib/python3.10/site-packages/airflow/example_dags/example_sensors.py
[2024-02-14T09:15:11.701+0000] {processor.py:830} INFO - Processing file /home/codespace/.local/share/virtualenvs/airflow_sandbox-vp-HKq_L/lib/python3.10/site-packages/airflow/example_dags/example_sensors.py for tasks to queue
[2024-02-14T09:15:11.702+0000] {logging_mixin.py:188} INFO - [2024-02-14T09:15:11.702+0000] {dagbag.py:538} INFO - Filling up the DagBag from /home/codespace/.local/share/virtualenvs/airflow_sandbox-vp-HKq_L/lib/python3.10/site-packages/airflow/example_dags/example_sensors.py
[2024-02-14T09:15:11.711+0000] {processor.py:840} INFO - DAG(s) 'example_sensors' retrieved from /home/codespace/.local/share/virtualenvs/airflow_sandbox-vp-HKq_L/lib/python3.10/site-packages/airflow/example_dags/example_sensors.py
[2024-02-14T09:15:11.727+0000] {logging_mixin.py:188} INFO - [2024-02-14T09:15:11.726+0000] {dag.py:3033} INFO - Sync 1 DAGs
[2024-02-14T09:15:11.736+0000] {logging_mixin.py:188} INFO - [2024-02-14T09:15:11.735+0000] {dag.py:3820} INFO - Setting next_dagrun for example_sensors to None, run_after=None
[2024-02-14T09:15:11.776+0000] {processor.py:183} INFO - Processing /home/codespace/.local/share/virtualenvs/airflow_sandbox-vp-HKq_L/lib/python3.10/site-packages/airflow/example_dags/example_sensors.py took 0.079 seconds
[2024-02-14T09:16:02.513+0000] {processor.py:161} INFO - Started process (PID=9749) to work on /home/codespace/.local/share/virtualenvs/airflow_sandbox-vp-HKq_L/lib/python3.10/site-packages/airflow/example_dags/example_sensors.py
[2024-02-14T09:16:02.514+0000] {processor.py:830} INFO - Processing file /home/codespace/.local/share/virtualenvs/airflow_sandbox-vp-HKq_L/lib/python3.10/site-packages/airflow/example_dags/example_sensors.py for tasks to queue
[2024-02-14T09:16:02.515+0000] {logging_mixin.py:188} INFO - [2024-02-14T09:16:02.514+0000] {dagbag.py:538} INFO - Filling up the DagBag from /home/codespace/.local/share/virtualenvs/airflow_sandbox-vp-HKq_L/lib/python3.10/site-packages/airflow/example_dags/example_sensors.py
[2024-02-14T09:16:02.522+0000] {processor.py:840} INFO - DAG(s) 'example_sensors' retrieved from /home/codespace/.local/share/virtualenvs/airflow_sandbox-vp-HKq_L/lib/python3.10/site-packages/airflow/example_dags/example_sensors.py
[2024-02-14T09:16:02.537+0000] {logging_mixin.py:188} INFO - [2024-02-14T09:16:02.537+0000] {dag.py:3033} INFO - Sync 1 DAGs
[2024-02-14T09:16:02.546+0000] {logging_mixin.py:188} INFO - [2024-02-14T09:16:02.546+0000] {dag.py:3820} INFO - Setting next_dagrun for example_sensors to None, run_after=None
[2024-02-14T09:16:02.588+0000] {processor.py:183} INFO - Processing /home/codespace/.local/share/virtualenvs/airflow_sandbox-vp-HKq_L/lib/python3.10/site-packages/airflow/example_dags/example_sensors.py took 0.077 seconds
[2024-02-14T09:16:58.574+0000] {processor.py:161} INFO - Started process (PID=10145) to work on /home/codespace/.local/share/virtualenvs/airflow_sandbox-vp-HKq_L/lib/python3.10/site-packages/airflow/example_dags/example_sensors.py
[2024-02-14T09:16:58.576+0000] {processor.py:830} INFO - Processing file /home/codespace/.local/share/virtualenvs/airflow_sandbox-vp-HKq_L/lib/python3.10/site-packages/airflow/example_dags/example_sensors.py for tasks to queue
[2024-02-14T09:16:58.576+0000] {logging_mixin.py:188} INFO - [2024-02-14T09:16:58.576+0000] {dagbag.py:538} INFO - Filling up the DagBag from /home/codespace/.local/share/virtualenvs/airflow_sandbox-vp-HKq_L/lib/python3.10/site-packages/airflow/example_dags/example_sensors.py
[2024-02-14T09:16:58.584+0000] {processor.py:840} INFO - DAG(s) 'example_sensors' retrieved from /home/codespace/.local/share/virtualenvs/airflow_sandbox-vp-HKq_L/lib/python3.10/site-packages/airflow/example_dags/example_sensors.py
[2024-02-14T09:16:58.601+0000] {logging_mixin.py:188} INFO - [2024-02-14T09:16:58.601+0000] {dag.py:3033} INFO - Sync 1 DAGs
[2024-02-14T09:16:58.610+0000] {logging_mixin.py:188} INFO - [2024-02-14T09:16:58.610+0000] {dag.py:3820} INFO - Setting next_dagrun for example_sensors to None, run_after=None
[2024-02-14T09:16:58.661+0000] {processor.py:183} INFO - Processing /home/codespace/.local/share/virtualenvs/airflow_sandbox-vp-HKq_L/lib/python3.10/site-packages/airflow/example_dags/example_sensors.py took 0.090 seconds
[2024-02-14T09:17:49.178+0000] {processor.py:161} INFO - Started process (PID=10534) to work on /home/codespace/.local/share/virtualenvs/airflow_sandbox-vp-HKq_L/lib/python3.10/site-packages/airflow/example_dags/example_sensors.py
[2024-02-14T09:17:49.178+0000] {processor.py:830} INFO - Processing file /home/codespace/.local/share/virtualenvs/airflow_sandbox-vp-HKq_L/lib/python3.10/site-packages/airflow/example_dags/example_sensors.py for tasks to queue
[2024-02-14T09:17:49.179+0000] {logging_mixin.py:188} INFO - [2024-02-14T09:17:49.179+0000] {dagbag.py:538} INFO - Filling up the DagBag from /home/codespace/.local/share/virtualenvs/airflow_sandbox-vp-HKq_L/lib/python3.10/site-packages/airflow/example_dags/example_sensors.py
[2024-02-14T09:17:49.187+0000] {processor.py:840} INFO - DAG(s) 'example_sensors' retrieved from /home/codespace/.local/share/virtualenvs/airflow_sandbox-vp-HKq_L/lib/python3.10/site-packages/airflow/example_dags/example_sensors.py
[2024-02-14T09:17:49.211+0000] {logging_mixin.py:188} INFO - [2024-02-14T09:17:49.211+0000] {dag.py:3033} INFO - Sync 1 DAGs
[2024-02-14T09:17:49.223+0000] {logging_mixin.py:188} INFO - [2024-02-14T09:17:49.223+0000] {dag.py:3820} INFO - Setting next_dagrun for example_sensors to None, run_after=None
[2024-02-14T09:17:49.269+0000] {processor.py:183} INFO - Processing /home/codespace/.local/share/virtualenvs/airflow_sandbox-vp-HKq_L/lib/python3.10/site-packages/airflow/example_dags/example_sensors.py took 0.094 seconds
[2024-02-14T09:18:41.862+0000] {processor.py:161} INFO - Started process (PID=10916) to work on /home/codespace/.local/share/virtualenvs/airflow_sandbox-vp-HKq_L/lib/python3.10/site-packages/airflow/example_dags/example_sensors.py
[2024-02-14T09:18:41.863+0000] {processor.py:830} INFO - Processing file /home/codespace/.local/share/virtualenvs/airflow_sandbox-vp-HKq_L/lib/python3.10/site-packages/airflow/example_dags/example_sensors.py for tasks to queue
[2024-02-14T09:18:41.864+0000] {logging_mixin.py:188} INFO - [2024-02-14T09:18:41.864+0000] {dagbag.py:538} INFO - Filling up the DagBag from /home/codespace/.local/share/virtualenvs/airflow_sandbox-vp-HKq_L/lib/python3.10/site-packages/airflow/example_dags/example_sensors.py
[2024-02-14T09:18:41.871+0000] {processor.py:840} INFO - DAG(s) 'example_sensors' retrieved from /home/codespace/.local/share/virtualenvs/airflow_sandbox-vp-HKq_L/lib/python3.10/site-packages/airflow/example_dags/example_sensors.py
[2024-02-14T09:18:41.888+0000] {logging_mixin.py:188} INFO - [2024-02-14T09:18:41.888+0000] {dag.py:3033} INFO - Sync 1 DAGs
[2024-02-14T09:18:41.896+0000] {logging_mixin.py:188} INFO - [2024-02-14T09:18:41.896+0000] {dag.py:3820} INFO - Setting next_dagrun for example_sensors to None, run_after=None
[2024-02-14T09:18:41.939+0000] {processor.py:183} INFO - Processing /home/codespace/.local/share/virtualenvs/airflow_sandbox-vp-HKq_L/lib/python3.10/site-packages/airflow/example_dags/example_sensors.py took 0.079 seconds
[2024-02-14T09:19:36.924+0000] {processor.py:161} INFO - Started process (PID=11318) to work on /home/codespace/.local/share/virtualenvs/airflow_sandbox-vp-HKq_L/lib/python3.10/site-packages/airflow/example_dags/example_sensors.py
[2024-02-14T09:19:36.925+0000] {processor.py:830} INFO - Processing file /home/codespace/.local/share/virtualenvs/airflow_sandbox-vp-HKq_L/lib/python3.10/site-packages/airflow/example_dags/example_sensors.py for tasks to queue
[2024-02-14T09:19:36.925+0000] {logging_mixin.py:188} INFO - [2024-02-14T09:19:36.925+0000] {dagbag.py:538} INFO - Filling up the DagBag from /home/codespace/.local/share/virtualenvs/airflow_sandbox-vp-HKq_L/lib/python3.10/site-packages/airflow/example_dags/example_sensors.py
[2024-02-14T09:19:36.933+0000] {processor.py:840} INFO - DAG(s) 'example_sensors' retrieved from /home/codespace/.local/share/virtualenvs/airflow_sandbox-vp-HKq_L/lib/python3.10/site-packages/airflow/example_dags/example_sensors.py
[2024-02-14T09:19:36.950+0000] {logging_mixin.py:188} INFO - [2024-02-14T09:19:36.949+0000] {dag.py:3033} INFO - Sync 1 DAGs
[2024-02-14T09:19:36.958+0000] {logging_mixin.py:188} INFO - [2024-02-14T09:19:36.958+0000] {dag.py:3820} INFO - Setting next_dagrun for example_sensors to None, run_after=None
[2024-02-14T09:19:36.999+0000] {processor.py:183} INFO - Processing /home/codespace/.local/share/virtualenvs/airflow_sandbox-vp-HKq_L/lib/python3.10/site-packages/airflow/example_dags/example_sensors.py took 0.077 seconds
[2024-02-14T09:20:31.485+0000] {processor.py:161} INFO - Started process (PID=12172) to work on /home/codespace/.local/share/virtualenvs/airflow_sandbox-vp-HKq_L/lib/python3.10/site-packages/airflow/example_dags/example_sensors.py
[2024-02-14T09:20:31.486+0000] {processor.py:830} INFO - Processing file /home/codespace/.local/share/virtualenvs/airflow_sandbox-vp-HKq_L/lib/python3.10/site-packages/airflow/example_dags/example_sensors.py for tasks to queue
[2024-02-14T09:20:31.487+0000] {logging_mixin.py:188} INFO - [2024-02-14T09:20:31.486+0000] {dagbag.py:538} INFO - Filling up the DagBag from /home/codespace/.local/share/virtualenvs/airflow_sandbox-vp-HKq_L/lib/python3.10/site-packages/airflow/example_dags/example_sensors.py
[2024-02-14T09:20:31.495+0000] {processor.py:840} INFO - DAG(s) 'example_sensors' retrieved from /home/codespace/.local/share/virtualenvs/airflow_sandbox-vp-HKq_L/lib/python3.10/site-packages/airflow/example_dags/example_sensors.py
[2024-02-14T09:20:31.512+0000] {logging_mixin.py:188} INFO - [2024-02-14T09:20:31.511+0000] {dag.py:3033} INFO - Sync 1 DAGs
[2024-02-14T09:20:31.521+0000] {logging_mixin.py:188} INFO - [2024-02-14T09:20:31.521+0000] {dag.py:3820} INFO - Setting next_dagrun for example_sensors to None, run_after=None
[2024-02-14T09:20:31.562+0000] {processor.py:183} INFO - Processing /home/codespace/.local/share/virtualenvs/airflow_sandbox-vp-HKq_L/lib/python3.10/site-packages/airflow/example_dags/example_sensors.py took 0.079 seconds
[2024-02-14T09:21:20.882+0000] {processor.py:161} INFO - Started process (PID=12546) to work on /home/codespace/.local/share/virtualenvs/airflow_sandbox-vp-HKq_L/lib/python3.10/site-packages/airflow/example_dags/example_sensors.py
[2024-02-14T09:21:20.883+0000] {processor.py:830} INFO - Processing file /home/codespace/.local/share/virtualenvs/airflow_sandbox-vp-HKq_L/lib/python3.10/site-packages/airflow/example_dags/example_sensors.py for tasks to queue
[2024-02-14T09:21:20.883+0000] {logging_mixin.py:188} INFO - [2024-02-14T09:21:20.883+0000] {dagbag.py:538} INFO - Filling up the DagBag from /home/codespace/.local/share/virtualenvs/airflow_sandbox-vp-HKq_L/lib/python3.10/site-packages/airflow/example_dags/example_sensors.py
[2024-02-14T09:21:20.891+0000] {processor.py:840} INFO - DAG(s) 'example_sensors' retrieved from /home/codespace/.local/share/virtualenvs/airflow_sandbox-vp-HKq_L/lib/python3.10/site-packages/airflow/example_dags/example_sensors.py
[2024-02-14T09:21:20.907+0000] {logging_mixin.py:188} INFO - [2024-02-14T09:21:20.907+0000] {dag.py:3033} INFO - Sync 1 DAGs
[2024-02-14T09:21:20.915+0000] {logging_mixin.py:188} INFO - [2024-02-14T09:21:20.915+0000] {dag.py:3820} INFO - Setting next_dagrun for example_sensors to None, run_after=None
[2024-02-14T09:21:20.967+0000] {processor.py:183} INFO - Processing /home/codespace/.local/share/virtualenvs/airflow_sandbox-vp-HKq_L/lib/python3.10/site-packages/airflow/example_dags/example_sensors.py took 0.087 seconds
[2024-02-14T09:22:17.157+0000] {processor.py:161} INFO - Started process (PID=12936) to work on /home/codespace/.local/share/virtualenvs/airflow_sandbox-vp-HKq_L/lib/python3.10/site-packages/airflow/example_dags/example_sensors.py
[2024-02-14T09:22:17.158+0000] {processor.py:830} INFO - Processing file /home/codespace/.local/share/virtualenvs/airflow_sandbox-vp-HKq_L/lib/python3.10/site-packages/airflow/example_dags/example_sensors.py for tasks to queue
[2024-02-14T09:22:17.159+0000] {logging_mixin.py:188} INFO - [2024-02-14T09:22:17.159+0000] {dagbag.py:538} INFO - Filling up the DagBag from /home/codespace/.local/share/virtualenvs/airflow_sandbox-vp-HKq_L/lib/python3.10/site-packages/airflow/example_dags/example_sensors.py
[2024-02-14T09:22:17.170+0000] {processor.py:840} INFO - DAG(s) 'example_sensors' retrieved from /home/codespace/.local/share/virtualenvs/airflow_sandbox-vp-HKq_L/lib/python3.10/site-packages/airflow/example_dags/example_sensors.py
[2024-02-14T09:22:17.196+0000] {logging_mixin.py:188} INFO - [2024-02-14T09:22:17.196+0000] {dag.py:3033} INFO - Sync 1 DAGs
[2024-02-14T09:22:17.210+0000] {logging_mixin.py:188} INFO - [2024-02-14T09:22:17.210+0000] {dag.py:3820} INFO - Setting next_dagrun for example_sensors to None, run_after=None
[2024-02-14T09:22:17.253+0000] {processor.py:183} INFO - Processing /home/codespace/.local/share/virtualenvs/airflow_sandbox-vp-HKq_L/lib/python3.10/site-packages/airflow/example_dags/example_sensors.py took 0.099 seconds
[2024-02-14T09:23:14.695+0000] {processor.py:161} INFO - Started process (PID=13375) to work on /home/codespace/.local/share/virtualenvs/airflow_sandbox-vp-HKq_L/lib/python3.10/site-packages/airflow/example_dags/example_sensors.py
[2024-02-14T09:23:14.696+0000] {processor.py:830} INFO - Processing file /home/codespace/.local/share/virtualenvs/airflow_sandbox-vp-HKq_L/lib/python3.10/site-packages/airflow/example_dags/example_sensors.py for tasks to queue
[2024-02-14T09:23:14.697+0000] {logging_mixin.py:188} INFO - [2024-02-14T09:23:14.696+0000] {dagbag.py:538} INFO - Filling up the DagBag from /home/codespace/.local/share/virtualenvs/airflow_sandbox-vp-HKq_L/lib/python3.10/site-packages/airflow/example_dags/example_sensors.py
[2024-02-14T09:23:14.706+0000] {processor.py:840} INFO - DAG(s) 'example_sensors' retrieved from /home/codespace/.local/share/virtualenvs/airflow_sandbox-vp-HKq_L/lib/python3.10/site-packages/airflow/example_dags/example_sensors.py
[2024-02-14T09:23:14.723+0000] {logging_mixin.py:188} INFO - [2024-02-14T09:23:14.723+0000] {dag.py:3033} INFO - Sync 1 DAGs
[2024-02-14T09:23:14.732+0000] {logging_mixin.py:188} INFO - [2024-02-14T09:23:14.732+0000] {dag.py:3820} INFO - Setting next_dagrun for example_sensors to None, run_after=None
[2024-02-14T09:23:14.772+0000] {processor.py:183} INFO - Processing /home/codespace/.local/share/virtualenvs/airflow_sandbox-vp-HKq_L/lib/python3.10/site-packages/airflow/example_dags/example_sensors.py took 0.080 seconds
[2024-02-14T09:24:12.758+0000] {processor.py:161} INFO - Started process (PID=13788) to work on /home/codespace/.local/share/virtualenvs/airflow_sandbox-vp-HKq_L/lib/python3.10/site-packages/airflow/example_dags/example_sensors.py
[2024-02-14T09:24:12.759+0000] {processor.py:830} INFO - Processing file /home/codespace/.local/share/virtualenvs/airflow_sandbox-vp-HKq_L/lib/python3.10/site-packages/airflow/example_dags/example_sensors.py for tasks to queue
[2024-02-14T09:24:12.760+0000] {logging_mixin.py:188} INFO - [2024-02-14T09:24:12.759+0000] {dagbag.py:538} INFO - Filling up the DagBag from /home/codespace/.local/share/virtualenvs/airflow_sandbox-vp-HKq_L/lib/python3.10/site-packages/airflow/example_dags/example_sensors.py
[2024-02-14T09:24:12.767+0000] {processor.py:840} INFO - DAG(s) 'example_sensors' retrieved from /home/codespace/.local/share/virtualenvs/airflow_sandbox-vp-HKq_L/lib/python3.10/site-packages/airflow/example_dags/example_sensors.py
[2024-02-14T09:24:12.783+0000] {logging_mixin.py:188} INFO - [2024-02-14T09:24:12.783+0000] {dag.py:3033} INFO - Sync 1 DAGs
[2024-02-14T09:24:12.791+0000] {logging_mixin.py:188} INFO - [2024-02-14T09:24:12.791+0000] {dag.py:3820} INFO - Setting next_dagrun for example_sensors to None, run_after=None
[2024-02-14T09:24:12.837+0000] {processor.py:183} INFO - Processing /home/codespace/.local/share/virtualenvs/airflow_sandbox-vp-HKq_L/lib/python3.10/site-packages/airflow/example_dags/example_sensors.py took 0.081 seconds
[2024-02-14T09:25:07.536+0000] {processor.py:161} INFO - Started process (PID=14151) to work on /home/codespace/.local/share/virtualenvs/airflow_sandbox-vp-HKq_L/lib/python3.10/site-packages/airflow/example_dags/example_sensors.py
[2024-02-14T09:25:07.537+0000] {processor.py:830} INFO - Processing file /home/codespace/.local/share/virtualenvs/airflow_sandbox-vp-HKq_L/lib/python3.10/site-packages/airflow/example_dags/example_sensors.py for tasks to queue
[2024-02-14T09:25:07.537+0000] {logging_mixin.py:188} INFO - [2024-02-14T09:25:07.537+0000] {dagbag.py:538} INFO - Filling up the DagBag from /home/codespace/.local/share/virtualenvs/airflow_sandbox-vp-HKq_L/lib/python3.10/site-packages/airflow/example_dags/example_sensors.py
[2024-02-14T09:25:07.545+0000] {processor.py:840} INFO - DAG(s) 'example_sensors' retrieved from /home/codespace/.local/share/virtualenvs/airflow_sandbox-vp-HKq_L/lib/python3.10/site-packages/airflow/example_dags/example_sensors.py
[2024-02-14T09:25:07.560+0000] {logging_mixin.py:188} INFO - [2024-02-14T09:25:07.560+0000] {dag.py:3033} INFO - Sync 1 DAGs
[2024-02-14T09:25:07.569+0000] {logging_mixin.py:188} INFO - [2024-02-14T09:25:07.569+0000] {dag.py:3820} INFO - Setting next_dagrun for example_sensors to None, run_after=None
[2024-02-14T09:25:07.612+0000] {processor.py:183} INFO - Processing /home/codespace/.local/share/virtualenvs/airflow_sandbox-vp-HKq_L/lib/python3.10/site-packages/airflow/example_dags/example_sensors.py took 0.078 seconds
[2024-02-14T09:26:00.167+0000] {processor.py:161} INFO - Started process (PID=14508) to work on /home/codespace/.local/share/virtualenvs/airflow_sandbox-vp-HKq_L/lib/python3.10/site-packages/airflow/example_dags/example_sensors.py
[2024-02-14T09:26:00.168+0000] {processor.py:830} INFO - Processing file /home/codespace/.local/share/virtualenvs/airflow_sandbox-vp-HKq_L/lib/python3.10/site-packages/airflow/example_dags/example_sensors.py for tasks to queue
[2024-02-14T09:26:00.169+0000] {logging_mixin.py:188} INFO - [2024-02-14T09:26:00.168+0000] {dagbag.py:538} INFO - Filling up the DagBag from /home/codespace/.local/share/virtualenvs/airflow_sandbox-vp-HKq_L/lib/python3.10/site-packages/airflow/example_dags/example_sensors.py
[2024-02-14T09:26:00.176+0000] {processor.py:840} INFO - DAG(s) 'example_sensors' retrieved from /home/codespace/.local/share/virtualenvs/airflow_sandbox-vp-HKq_L/lib/python3.10/site-packages/airflow/example_dags/example_sensors.py
[2024-02-14T09:26:00.193+0000] {logging_mixin.py:188} INFO - [2024-02-14T09:26:00.192+0000] {dag.py:3033} INFO - Sync 1 DAGs
[2024-02-14T09:26:00.202+0000] {logging_mixin.py:188} INFO - [2024-02-14T09:26:00.202+0000] {dag.py:3820} INFO - Setting next_dagrun for example_sensors to None, run_after=None
[2024-02-14T09:26:00.249+0000] {processor.py:183} INFO - Processing /home/codespace/.local/share/virtualenvs/airflow_sandbox-vp-HKq_L/lib/python3.10/site-packages/airflow/example_dags/example_sensors.py took 0.084 seconds
[2024-02-14T09:26:53.992+0000] {processor.py:161} INFO - Started process (PID=14890) to work on /home/codespace/.local/share/virtualenvs/airflow_sandbox-vp-HKq_L/lib/python3.10/site-packages/airflow/example_dags/example_sensors.py
[2024-02-14T09:26:53.992+0000] {processor.py:830} INFO - Processing file /home/codespace/.local/share/virtualenvs/airflow_sandbox-vp-HKq_L/lib/python3.10/site-packages/airflow/example_dags/example_sensors.py for tasks to queue
[2024-02-14T09:26:53.993+0000] {logging_mixin.py:188} INFO - [2024-02-14T09:26:53.993+0000] {dagbag.py:538} INFO - Filling up the DagBag from /home/codespace/.local/share/virtualenvs/airflow_sandbox-vp-HKq_L/lib/python3.10/site-packages/airflow/example_dags/example_sensors.py
[2024-02-14T09:26:54.002+0000] {processor.py:840} INFO - DAG(s) 'example_sensors' retrieved from /home/codespace/.local/share/virtualenvs/airflow_sandbox-vp-HKq_L/lib/python3.10/site-packages/airflow/example_dags/example_sensors.py
[2024-02-14T09:26:54.017+0000] {logging_mixin.py:188} INFO - [2024-02-14T09:26:54.017+0000] {dag.py:3033} INFO - Sync 1 DAGs
[2024-02-14T09:26:54.028+0000] {logging_mixin.py:188} INFO - [2024-02-14T09:26:54.028+0000] {dag.py:3820} INFO - Setting next_dagrun for example_sensors to None, run_after=None
[2024-02-14T09:26:54.070+0000] {processor.py:183} INFO - Processing /home/codespace/.local/share/virtualenvs/airflow_sandbox-vp-HKq_L/lib/python3.10/site-packages/airflow/example_dags/example_sensors.py took 0.080 seconds
[2024-02-14T09:27:49.917+0000] {processor.py:161} INFO - Started process (PID=15308) to work on /home/codespace/.local/share/virtualenvs/airflow_sandbox-vp-HKq_L/lib/python3.10/site-packages/airflow/example_dags/example_sensors.py
[2024-02-14T09:27:49.918+0000] {processor.py:830} INFO - Processing file /home/codespace/.local/share/virtualenvs/airflow_sandbox-vp-HKq_L/lib/python3.10/site-packages/airflow/example_dags/example_sensors.py for tasks to queue
[2024-02-14T09:27:49.919+0000] {logging_mixin.py:188} INFO - [2024-02-14T09:27:49.919+0000] {dagbag.py:538} INFO - Filling up the DagBag from /home/codespace/.local/share/virtualenvs/airflow_sandbox-vp-HKq_L/lib/python3.10/site-packages/airflow/example_dags/example_sensors.py
[2024-02-14T09:27:49.927+0000] {processor.py:840} INFO - DAG(s) 'example_sensors' retrieved from /home/codespace/.local/share/virtualenvs/airflow_sandbox-vp-HKq_L/lib/python3.10/site-packages/airflow/example_dags/example_sensors.py
[2024-02-14T09:27:49.944+0000] {logging_mixin.py:188} INFO - [2024-02-14T09:27:49.943+0000] {dag.py:3033} INFO - Sync 1 DAGs
[2024-02-14T09:27:49.953+0000] {logging_mixin.py:188} INFO - [2024-02-14T09:27:49.953+0000] {dag.py:3820} INFO - Setting next_dagrun for example_sensors to None, run_after=None
[2024-02-14T09:27:50.000+0000] {processor.py:183} INFO - Processing /home/codespace/.local/share/virtualenvs/airflow_sandbox-vp-HKq_L/lib/python3.10/site-packages/airflow/example_dags/example_sensors.py took 0.085 seconds
[2024-02-14T09:28:42.399+0000] {processor.py:161} INFO - Started process (PID=15743) to work on /home/codespace/.local/share/virtualenvs/airflow_sandbox-vp-HKq_L/lib/python3.10/site-packages/airflow/example_dags/example_sensors.py
[2024-02-14T09:28:42.400+0000] {processor.py:830} INFO - Processing file /home/codespace/.local/share/virtualenvs/airflow_sandbox-vp-HKq_L/lib/python3.10/site-packages/airflow/example_dags/example_sensors.py for tasks to queue
[2024-02-14T09:28:42.401+0000] {logging_mixin.py:188} INFO - [2024-02-14T09:28:42.401+0000] {dagbag.py:538} INFO - Filling up the DagBag from /home/codespace/.local/share/virtualenvs/airflow_sandbox-vp-HKq_L/lib/python3.10/site-packages/airflow/example_dags/example_sensors.py
[2024-02-14T09:28:42.413+0000] {processor.py:840} INFO - DAG(s) 'example_sensors' retrieved from /home/codespace/.local/share/virtualenvs/airflow_sandbox-vp-HKq_L/lib/python3.10/site-packages/airflow/example_dags/example_sensors.py
[2024-02-14T09:28:42.437+0000] {logging_mixin.py:188} INFO - [2024-02-14T09:28:42.437+0000] {dag.py:3033} INFO - Sync 1 DAGs
[2024-02-14T09:28:42.450+0000] {logging_mixin.py:188} INFO - [2024-02-14T09:28:42.450+0000] {dag.py:3820} INFO - Setting next_dagrun for example_sensors to None, run_after=None
[2024-02-14T09:28:42.497+0000] {processor.py:183} INFO - Processing /home/codespace/.local/share/virtualenvs/airflow_sandbox-vp-HKq_L/lib/python3.10/site-packages/airflow/example_dags/example_sensors.py took 0.101 seconds
[2024-02-14T09:29:37.329+0000] {processor.py:161} INFO - Started process (PID=16216) to work on /home/codespace/.local/share/virtualenvs/airflow_sandbox-vp-HKq_L/lib/python3.10/site-packages/airflow/example_dags/example_sensors.py
[2024-02-14T09:29:37.329+0000] {processor.py:830} INFO - Processing file /home/codespace/.local/share/virtualenvs/airflow_sandbox-vp-HKq_L/lib/python3.10/site-packages/airflow/example_dags/example_sensors.py for tasks to queue
[2024-02-14T09:29:37.330+0000] {logging_mixin.py:188} INFO - [2024-02-14T09:29:37.330+0000] {dagbag.py:538} INFO - Filling up the DagBag from /home/codespace/.local/share/virtualenvs/airflow_sandbox-vp-HKq_L/lib/python3.10/site-packages/airflow/example_dags/example_sensors.py
[2024-02-14T09:29:37.337+0000] {processor.py:840} INFO - DAG(s) 'example_sensors' retrieved from /home/codespace/.local/share/virtualenvs/airflow_sandbox-vp-HKq_L/lib/python3.10/site-packages/airflow/example_dags/example_sensors.py
[2024-02-14T09:29:37.352+0000] {logging_mixin.py:188} INFO - [2024-02-14T09:29:37.352+0000] {dag.py:3033} INFO - Sync 1 DAGs
[2024-02-14T09:29:37.361+0000] {logging_mixin.py:188} INFO - [2024-02-14T09:29:37.361+0000] {dag.py:3820} INFO - Setting next_dagrun for example_sensors to None, run_after=None
[2024-02-14T09:29:37.400+0000] {processor.py:183} INFO - Processing /home/codespace/.local/share/virtualenvs/airflow_sandbox-vp-HKq_L/lib/python3.10/site-packages/airflow/example_dags/example_sensors.py took 0.073 seconds
[2024-02-14T09:30:28.588+0000] {processor.py:161} INFO - Started process (PID=16574) to work on /home/codespace/.local/share/virtualenvs/airflow_sandbox-vp-HKq_L/lib/python3.10/site-packages/airflow/example_dags/example_sensors.py
[2024-02-14T09:30:28.589+0000] {processor.py:830} INFO - Processing file /home/codespace/.local/share/virtualenvs/airflow_sandbox-vp-HKq_L/lib/python3.10/site-packages/airflow/example_dags/example_sensors.py for tasks to queue
[2024-02-14T09:30:28.589+0000] {logging_mixin.py:188} INFO - [2024-02-14T09:30:28.589+0000] {dagbag.py:538} INFO - Filling up the DagBag from /home/codespace/.local/share/virtualenvs/airflow_sandbox-vp-HKq_L/lib/python3.10/site-packages/airflow/example_dags/example_sensors.py
[2024-02-14T09:30:28.597+0000] {processor.py:840} INFO - DAG(s) 'example_sensors' retrieved from /home/codespace/.local/share/virtualenvs/airflow_sandbox-vp-HKq_L/lib/python3.10/site-packages/airflow/example_dags/example_sensors.py
[2024-02-14T09:30:28.612+0000] {logging_mixin.py:188} INFO - [2024-02-14T09:30:28.612+0000] {dag.py:3033} INFO - Sync 1 DAGs
[2024-02-14T09:30:28.622+0000] {logging_mixin.py:188} INFO - [2024-02-14T09:30:28.622+0000] {dag.py:3820} INFO - Setting next_dagrun for example_sensors to None, run_after=None
[2024-02-14T09:30:28.664+0000] {processor.py:183} INFO - Processing /home/codespace/.local/share/virtualenvs/airflow_sandbox-vp-HKq_L/lib/python3.10/site-packages/airflow/example_dags/example_sensors.py took 0.078 seconds
[2024-02-14T09:31:20.613+0000] {processor.py:161} INFO - Started process (PID=16945) to work on /home/codespace/.local/share/virtualenvs/airflow_sandbox-vp-HKq_L/lib/python3.10/site-packages/airflow/example_dags/example_sensors.py
[2024-02-14T09:31:20.613+0000] {processor.py:830} INFO - Processing file /home/codespace/.local/share/virtualenvs/airflow_sandbox-vp-HKq_L/lib/python3.10/site-packages/airflow/example_dags/example_sensors.py for tasks to queue
[2024-02-14T09:31:20.614+0000] {logging_mixin.py:188} INFO - [2024-02-14T09:31:20.614+0000] {dagbag.py:538} INFO - Filling up the DagBag from /home/codespace/.local/share/virtualenvs/airflow_sandbox-vp-HKq_L/lib/python3.10/site-packages/airflow/example_dags/example_sensors.py
[2024-02-14T09:31:20.621+0000] {processor.py:840} INFO - DAG(s) 'example_sensors' retrieved from /home/codespace/.local/share/virtualenvs/airflow_sandbox-vp-HKq_L/lib/python3.10/site-packages/airflow/example_dags/example_sensors.py
[2024-02-14T09:31:20.639+0000] {logging_mixin.py:188} INFO - [2024-02-14T09:31:20.639+0000] {dag.py:3033} INFO - Sync 1 DAGs
[2024-02-14T09:31:20.648+0000] {logging_mixin.py:188} INFO - [2024-02-14T09:31:20.648+0000] {dag.py:3820} INFO - Setting next_dagrun for example_sensors to None, run_after=None
[2024-02-14T09:31:20.696+0000] {processor.py:183} INFO - Processing /home/codespace/.local/share/virtualenvs/airflow_sandbox-vp-HKq_L/lib/python3.10/site-packages/airflow/example_dags/example_sensors.py took 0.085 seconds
[2024-02-14T09:32:13.672+0000] {processor.py:161} INFO - Started process (PID=17311) to work on /home/codespace/.local/share/virtualenvs/airflow_sandbox-vp-HKq_L/lib/python3.10/site-packages/airflow/example_dags/example_sensors.py
[2024-02-14T09:32:13.673+0000] {processor.py:830} INFO - Processing file /home/codespace/.local/share/virtualenvs/airflow_sandbox-vp-HKq_L/lib/python3.10/site-packages/airflow/example_dags/example_sensors.py for tasks to queue
[2024-02-14T09:32:13.673+0000] {logging_mixin.py:188} INFO - [2024-02-14T09:32:13.673+0000] {dagbag.py:538} INFO - Filling up the DagBag from /home/codespace/.local/share/virtualenvs/airflow_sandbox-vp-HKq_L/lib/python3.10/site-packages/airflow/example_dags/example_sensors.py
[2024-02-14T09:32:13.681+0000] {processor.py:840} INFO - DAG(s) 'example_sensors' retrieved from /home/codespace/.local/share/virtualenvs/airflow_sandbox-vp-HKq_L/lib/python3.10/site-packages/airflow/example_dags/example_sensors.py
[2024-02-14T09:32:13.697+0000] {logging_mixin.py:188} INFO - [2024-02-14T09:32:13.697+0000] {dag.py:3033} INFO - Sync 1 DAGs
[2024-02-14T09:32:13.707+0000] {logging_mixin.py:188} INFO - [2024-02-14T09:32:13.707+0000] {dag.py:3820} INFO - Setting next_dagrun for example_sensors to None, run_after=None
[2024-02-14T09:32:13.749+0000] {processor.py:183} INFO - Processing /home/codespace/.local/share/virtualenvs/airflow_sandbox-vp-HKq_L/lib/python3.10/site-packages/airflow/example_dags/example_sensors.py took 0.079 seconds
[2024-02-14T09:33:05.786+0000] {processor.py:161} INFO - Started process (PID=17702) to work on /home/codespace/.local/share/virtualenvs/airflow_sandbox-vp-HKq_L/lib/python3.10/site-packages/airflow/example_dags/example_sensors.py
[2024-02-14T09:33:05.787+0000] {processor.py:830} INFO - Processing file /home/codespace/.local/share/virtualenvs/airflow_sandbox-vp-HKq_L/lib/python3.10/site-packages/airflow/example_dags/example_sensors.py for tasks to queue
[2024-02-14T09:33:05.788+0000] {logging_mixin.py:188} INFO - [2024-02-14T09:33:05.788+0000] {dagbag.py:538} INFO - Filling up the DagBag from /home/codespace/.local/share/virtualenvs/airflow_sandbox-vp-HKq_L/lib/python3.10/site-packages/airflow/example_dags/example_sensors.py
[2024-02-14T09:33:05.795+0000] {processor.py:840} INFO - DAG(s) 'example_sensors' retrieved from /home/codespace/.local/share/virtualenvs/airflow_sandbox-vp-HKq_L/lib/python3.10/site-packages/airflow/example_dags/example_sensors.py
[2024-02-14T09:33:05.811+0000] {logging_mixin.py:188} INFO - [2024-02-14T09:33:05.811+0000] {dag.py:3033} INFO - Sync 1 DAGs
[2024-02-14T09:33:05.819+0000] {logging_mixin.py:188} INFO - [2024-02-14T09:33:05.819+0000] {dag.py:3820} INFO - Setting next_dagrun for example_sensors to None, run_after=None
[2024-02-14T09:33:05.867+0000] {processor.py:183} INFO - Processing /home/codespace/.local/share/virtualenvs/airflow_sandbox-vp-HKq_L/lib/python3.10/site-packages/airflow/example_dags/example_sensors.py took 0.083 seconds
[2024-02-14T09:33:59.619+0000] {processor.py:161} INFO - Started process (PID=18078) to work on /home/codespace/.local/share/virtualenvs/airflow_sandbox-vp-HKq_L/lib/python3.10/site-packages/airflow/example_dags/example_sensors.py
[2024-02-14T09:33:59.620+0000] {processor.py:830} INFO - Processing file /home/codespace/.local/share/virtualenvs/airflow_sandbox-vp-HKq_L/lib/python3.10/site-packages/airflow/example_dags/example_sensors.py for tasks to queue
[2024-02-14T09:33:59.621+0000] {logging_mixin.py:188} INFO - [2024-02-14T09:33:59.621+0000] {dagbag.py:538} INFO - Filling up the DagBag from /home/codespace/.local/share/virtualenvs/airflow_sandbox-vp-HKq_L/lib/python3.10/site-packages/airflow/example_dags/example_sensors.py
[2024-02-14T09:33:59.634+0000] {processor.py:840} INFO - DAG(s) 'example_sensors' retrieved from /home/codespace/.local/share/virtualenvs/airflow_sandbox-vp-HKq_L/lib/python3.10/site-packages/airflow/example_dags/example_sensors.py
[2024-02-14T09:33:59.659+0000] {logging_mixin.py:188} INFO - [2024-02-14T09:33:59.659+0000] {dag.py:3033} INFO - Sync 1 DAGs
[2024-02-14T09:33:59.671+0000] {logging_mixin.py:188} INFO - [2024-02-14T09:33:59.671+0000] {dag.py:3820} INFO - Setting next_dagrun for example_sensors to None, run_after=None
[2024-02-14T09:33:59.724+0000] {processor.py:183} INFO - Processing /home/codespace/.local/share/virtualenvs/airflow_sandbox-vp-HKq_L/lib/python3.10/site-packages/airflow/example_dags/example_sensors.py took 0.109 seconds
[2024-02-14T09:34:54.762+0000] {processor.py:161} INFO - Started process (PID=18670) to work on /home/codespace/.local/share/virtualenvs/airflow_sandbox-vp-HKq_L/lib/python3.10/site-packages/airflow/example_dags/example_sensors.py
[2024-02-14T09:34:54.762+0000] {processor.py:830} INFO - Processing file /home/codespace/.local/share/virtualenvs/airflow_sandbox-vp-HKq_L/lib/python3.10/site-packages/airflow/example_dags/example_sensors.py for tasks to queue
[2024-02-14T09:34:54.763+0000] {logging_mixin.py:188} INFO - [2024-02-14T09:34:54.763+0000] {dagbag.py:538} INFO - Filling up the DagBag from /home/codespace/.local/share/virtualenvs/airflow_sandbox-vp-HKq_L/lib/python3.10/site-packages/airflow/example_dags/example_sensors.py
[2024-02-14T09:34:54.771+0000] {processor.py:840} INFO - DAG(s) 'example_sensors' retrieved from /home/codespace/.local/share/virtualenvs/airflow_sandbox-vp-HKq_L/lib/python3.10/site-packages/airflow/example_dags/example_sensors.py
[2024-02-14T09:34:54.788+0000] {logging_mixin.py:188} INFO - [2024-02-14T09:34:54.788+0000] {dag.py:3033} INFO - Sync 1 DAGs
[2024-02-14T09:34:54.797+0000] {logging_mixin.py:188} INFO - [2024-02-14T09:34:54.797+0000] {dag.py:3820} INFO - Setting next_dagrun for example_sensors to None, run_after=None
[2024-02-14T09:34:54.838+0000] {processor.py:183} INFO - Processing /home/codespace/.local/share/virtualenvs/airflow_sandbox-vp-HKq_L/lib/python3.10/site-packages/airflow/example_dags/example_sensors.py took 0.079 seconds
