[2024-02-14T09:07:34.625+0000] {processor.py:161} INFO - Started process (PID=4452) to work on /home/codespace/.local/share/virtualenvs/airflow_sandbox-vp-HKq_L/lib/python3.10/site-packages/airflow/example_dags/example_skip_dag.py
[2024-02-14T09:07:34.626+0000] {processor.py:830} INFO - Processing file /home/codespace/.local/share/virtualenvs/airflow_sandbox-vp-HKq_L/lib/python3.10/site-packages/airflow/example_dags/example_skip_dag.py for tasks to queue
[2024-02-14T09:07:34.626+0000] {logging_mixin.py:188} INFO - [2024-02-14T09:07:34.626+0000] {dagbag.py:538} INFO - Filling up the DagBag from /home/codespace/.local/share/virtualenvs/airflow_sandbox-vp-HKq_L/lib/python3.10/site-packages/airflow/example_dags/example_skip_dag.py
[2024-02-14T09:07:34.635+0000] {processor.py:840} INFO - DAG(s) 'example_skip_dag' retrieved from /home/codespace/.local/share/virtualenvs/airflow_sandbox-vp-HKq_L/lib/python3.10/site-packages/airflow/example_dags/example_skip_dag.py
[2024-02-14T09:07:34.653+0000] {logging_mixin.py:188} INFO - [2024-02-14T09:07:34.653+0000] {dag.py:3033} INFO - Sync 1 DAGs
[2024-02-14T09:07:34.669+0000] {logging_mixin.py:188} INFO - [2024-02-14T09:07:34.669+0000] {dag.py:3820} INFO - Setting next_dagrun for example_skip_dag to 2024-02-13T00:00:00+00:00, run_after=2024-02-14T00:00:00+00:00
[2024-02-14T09:07:34.798+0000] {processor.py:183} INFO - Processing /home/codespace/.local/share/virtualenvs/airflow_sandbox-vp-HKq_L/lib/python3.10/site-packages/airflow/example_dags/example_skip_dag.py took 0.175 seconds
[2024-02-14T09:08:26.388+0000] {processor.py:161} INFO - Started process (PID=5046) to work on /home/codespace/.local/share/virtualenvs/airflow_sandbox-vp-HKq_L/lib/python3.10/site-packages/airflow/example_dags/example_skip_dag.py
[2024-02-14T09:08:26.389+0000] {processor.py:830} INFO - Processing file /home/codespace/.local/share/virtualenvs/airflow_sandbox-vp-HKq_L/lib/python3.10/site-packages/airflow/example_dags/example_skip_dag.py for tasks to queue
[2024-02-14T09:08:26.389+0000] {logging_mixin.py:188} INFO - [2024-02-14T09:08:26.389+0000] {dagbag.py:538} INFO - Filling up the DagBag from /home/codespace/.local/share/virtualenvs/airflow_sandbox-vp-HKq_L/lib/python3.10/site-packages/airflow/example_dags/example_skip_dag.py
[2024-02-14T09:08:26.395+0000] {processor.py:840} INFO - DAG(s) 'example_skip_dag' retrieved from /home/codespace/.local/share/virtualenvs/airflow_sandbox-vp-HKq_L/lib/python3.10/site-packages/airflow/example_dags/example_skip_dag.py
[2024-02-14T09:08:26.416+0000] {logging_mixin.py:188} INFO - [2024-02-14T09:08:26.416+0000] {dag.py:3033} INFO - Sync 1 DAGs
[2024-02-14T09:08:26.469+0000] {logging_mixin.py:188} INFO - [2024-02-14T09:08:26.469+0000] {dag.py:3820} INFO - Setting next_dagrun for example_skip_dag to 2024-02-13T00:00:00+00:00, run_after=2024-02-14T00:00:00+00:00
[2024-02-14T09:08:26.511+0000] {processor.py:183} INFO - Processing /home/codespace/.local/share/virtualenvs/airflow_sandbox-vp-HKq_L/lib/python3.10/site-packages/airflow/example_dags/example_skip_dag.py took 0.125 seconds
[2024-02-14T09:09:05.756+0000] {processor.py:161} INFO - Started process (PID=5579) to work on /home/codespace/.local/share/virtualenvs/airflow_sandbox-vp-HKq_L/lib/python3.10/site-packages/airflow/example_dags/example_skip_dag.py
[2024-02-14T09:09:05.757+0000] {processor.py:830} INFO - Processing file /home/codespace/.local/share/virtualenvs/airflow_sandbox-vp-HKq_L/lib/python3.10/site-packages/airflow/example_dags/example_skip_dag.py for tasks to queue
[2024-02-14T09:09:05.758+0000] {logging_mixin.py:188} INFO - [2024-02-14T09:09:05.757+0000] {dagbag.py:538} INFO - Filling up the DagBag from /home/codespace/.local/share/virtualenvs/airflow_sandbox-vp-HKq_L/lib/python3.10/site-packages/airflow/example_dags/example_skip_dag.py
[2024-02-14T09:09:05.764+0000] {processor.py:840} INFO - DAG(s) 'example_skip_dag' retrieved from /home/codespace/.local/share/virtualenvs/airflow_sandbox-vp-HKq_L/lib/python3.10/site-packages/airflow/example_dags/example_skip_dag.py
[2024-02-14T09:09:05.811+0000] {logging_mixin.py:188} INFO - [2024-02-14T09:09:05.810+0000] {dag.py:3033} INFO - Sync 1 DAGs
[2024-02-14T09:09:05.829+0000] {logging_mixin.py:188} INFO - [2024-02-14T09:09:05.829+0000] {dag.py:3820} INFO - Setting next_dagrun for example_skip_dag to 2024-02-13T00:00:00+00:00, run_after=2024-02-14T00:00:00+00:00
[2024-02-14T09:09:05.870+0000] {processor.py:183} INFO - Processing /home/codespace/.local/share/virtualenvs/airflow_sandbox-vp-HKq_L/lib/python3.10/site-packages/airflow/example_dags/example_skip_dag.py took 0.118 seconds
[2024-02-14T09:09:58.194+0000] {processor.py:161} INFO - Started process (PID=6364) to work on /home/codespace/.local/share/virtualenvs/airflow_sandbox-vp-HKq_L/lib/python3.10/site-packages/airflow/example_dags/example_skip_dag.py
[2024-02-14T09:09:58.195+0000] {processor.py:830} INFO - Processing file /home/codespace/.local/share/virtualenvs/airflow_sandbox-vp-HKq_L/lib/python3.10/site-packages/airflow/example_dags/example_skip_dag.py for tasks to queue
[2024-02-14T09:09:58.195+0000] {logging_mixin.py:188} INFO - [2024-02-14T09:09:58.195+0000] {dagbag.py:538} INFO - Filling up the DagBag from /home/codespace/.local/share/virtualenvs/airflow_sandbox-vp-HKq_L/lib/python3.10/site-packages/airflow/example_dags/example_skip_dag.py
[2024-02-14T09:09:58.201+0000] {processor.py:840} INFO - DAG(s) 'example_skip_dag' retrieved from /home/codespace/.local/share/virtualenvs/airflow_sandbox-vp-HKq_L/lib/python3.10/site-packages/airflow/example_dags/example_skip_dag.py
[2024-02-14T09:09:58.214+0000] {logging_mixin.py:188} INFO - [2024-02-14T09:09:58.214+0000] {dag.py:3033} INFO - Sync 1 DAGs
[2024-02-14T09:09:58.230+0000] {logging_mixin.py:188} INFO - [2024-02-14T09:09:58.230+0000] {dag.py:3820} INFO - Setting next_dagrun for example_skip_dag to 2024-02-13T00:00:00+00:00, run_after=2024-02-14T00:00:00+00:00
[2024-02-14T09:09:58.272+0000] {processor.py:183} INFO - Processing /home/codespace/.local/share/virtualenvs/airflow_sandbox-vp-HKq_L/lib/python3.10/site-packages/airflow/example_dags/example_skip_dag.py took 0.080 seconds
[2024-02-14T09:10:35.324+0000] {processor.py:161} INFO - Started process (PID=6773) to work on /home/codespace/.local/share/virtualenvs/airflow_sandbox-vp-HKq_L/lib/python3.10/site-packages/airflow/example_dags/example_skip_dag.py
[2024-02-14T09:10:35.325+0000] {processor.py:830} INFO - Processing file /home/codespace/.local/share/virtualenvs/airflow_sandbox-vp-HKq_L/lib/python3.10/site-packages/airflow/example_dags/example_skip_dag.py for tasks to queue
[2024-02-14T09:10:35.325+0000] {logging_mixin.py:188} INFO - [2024-02-14T09:10:35.325+0000] {dagbag.py:538} INFO - Filling up the DagBag from /home/codespace/.local/share/virtualenvs/airflow_sandbox-vp-HKq_L/lib/python3.10/site-packages/airflow/example_dags/example_skip_dag.py
[2024-02-14T09:10:35.331+0000] {processor.py:840} INFO - DAG(s) 'example_skip_dag' retrieved from /home/codespace/.local/share/virtualenvs/airflow_sandbox-vp-HKq_L/lib/python3.10/site-packages/airflow/example_dags/example_skip_dag.py
[2024-02-14T09:10:35.344+0000] {logging_mixin.py:188} INFO - [2024-02-14T09:10:35.344+0000] {dag.py:3033} INFO - Sync 1 DAGs
[2024-02-14T09:10:35.359+0000] {logging_mixin.py:188} INFO - [2024-02-14T09:10:35.359+0000] {dag.py:3820} INFO - Setting next_dagrun for example_skip_dag to 2024-02-13T00:00:00+00:00, run_after=2024-02-14T00:00:00+00:00
[2024-02-14T09:10:35.400+0000] {processor.py:183} INFO - Processing /home/codespace/.local/share/virtualenvs/airflow_sandbox-vp-HKq_L/lib/python3.10/site-packages/airflow/example_dags/example_skip_dag.py took 0.079 seconds
[2024-02-14T09:11:11.827+0000] {processor.py:161} INFO - Started process (PID=7213) to work on /home/codespace/.local/share/virtualenvs/airflow_sandbox-vp-HKq_L/lib/python3.10/site-packages/airflow/example_dags/example_skip_dag.py
[2024-02-14T09:11:11.828+0000] {processor.py:830} INFO - Processing file /home/codespace/.local/share/virtualenvs/airflow_sandbox-vp-HKq_L/lib/python3.10/site-packages/airflow/example_dags/example_skip_dag.py for tasks to queue
[2024-02-14T09:11:11.829+0000] {logging_mixin.py:188} INFO - [2024-02-14T09:11:11.829+0000] {dagbag.py:538} INFO - Filling up the DagBag from /home/codespace/.local/share/virtualenvs/airflow_sandbox-vp-HKq_L/lib/python3.10/site-packages/airflow/example_dags/example_skip_dag.py
[2024-02-14T09:11:11.838+0000] {processor.py:840} INFO - DAG(s) 'example_skip_dag' retrieved from /home/codespace/.local/share/virtualenvs/airflow_sandbox-vp-HKq_L/lib/python3.10/site-packages/airflow/example_dags/example_skip_dag.py
[2024-02-14T09:11:11.859+0000] {logging_mixin.py:188} INFO - [2024-02-14T09:11:11.859+0000] {dag.py:3033} INFO - Sync 1 DAGs
[2024-02-14T09:11:11.877+0000] {logging_mixin.py:188} INFO - [2024-02-14T09:11:11.877+0000] {dag.py:3820} INFO - Setting next_dagrun for example_skip_dag to 2024-02-13T00:00:00+00:00, run_after=2024-02-14T00:00:00+00:00
[2024-02-14T09:11:11.921+0000] {processor.py:183} INFO - Processing /home/codespace/.local/share/virtualenvs/airflow_sandbox-vp-HKq_L/lib/python3.10/site-packages/airflow/example_dags/example_skip_dag.py took 0.097 seconds
[2024-02-14T09:11:49.778+0000] {processor.py:161} INFO - Started process (PID=7749) to work on /home/codespace/.local/share/virtualenvs/airflow_sandbox-vp-HKq_L/lib/python3.10/site-packages/airflow/example_dags/example_skip_dag.py
[2024-02-14T09:11:49.779+0000] {processor.py:830} INFO - Processing file /home/codespace/.local/share/virtualenvs/airflow_sandbox-vp-HKq_L/lib/python3.10/site-packages/airflow/example_dags/example_skip_dag.py for tasks to queue
[2024-02-14T09:11:49.780+0000] {logging_mixin.py:188} INFO - [2024-02-14T09:11:49.780+0000] {dagbag.py:538} INFO - Filling up the DagBag from /home/codespace/.local/share/virtualenvs/airflow_sandbox-vp-HKq_L/lib/python3.10/site-packages/airflow/example_dags/example_skip_dag.py
[2024-02-14T09:11:49.789+0000] {processor.py:840} INFO - DAG(s) 'example_skip_dag' retrieved from /home/codespace/.local/share/virtualenvs/airflow_sandbox-vp-HKq_L/lib/python3.10/site-packages/airflow/example_dags/example_skip_dag.py
[2024-02-14T09:11:49.803+0000] {logging_mixin.py:188} INFO - [2024-02-14T09:11:49.802+0000] {dag.py:3033} INFO - Sync 1 DAGs
[2024-02-14T09:11:49.818+0000] {logging_mixin.py:188} INFO - [2024-02-14T09:11:49.818+0000] {dag.py:3820} INFO - Setting next_dagrun for example_skip_dag to 2024-02-13T00:00:00+00:00, run_after=2024-02-14T00:00:00+00:00
[2024-02-14T09:11:49.871+0000] {processor.py:183} INFO - Processing /home/codespace/.local/share/virtualenvs/airflow_sandbox-vp-HKq_L/lib/python3.10/site-packages/airflow/example_dags/example_skip_dag.py took 0.096 seconds
[2024-02-14T09:12:26.134+0000] {processor.py:161} INFO - Started process (PID=8060) to work on /home/codespace/.local/share/virtualenvs/airflow_sandbox-vp-HKq_L/lib/python3.10/site-packages/airflow/example_dags/example_skip_dag.py
[2024-02-14T09:12:26.135+0000] {processor.py:830} INFO - Processing file /home/codespace/.local/share/virtualenvs/airflow_sandbox-vp-HKq_L/lib/python3.10/site-packages/airflow/example_dags/example_skip_dag.py for tasks to queue
[2024-02-14T09:12:26.136+0000] {logging_mixin.py:188} INFO - [2024-02-14T09:12:26.136+0000] {dagbag.py:538} INFO - Filling up the DagBag from /home/codespace/.local/share/virtualenvs/airflow_sandbox-vp-HKq_L/lib/python3.10/site-packages/airflow/example_dags/example_skip_dag.py
[2024-02-14T09:12:26.145+0000] {processor.py:840} INFO - DAG(s) 'example_skip_dag' retrieved from /home/codespace/.local/share/virtualenvs/airflow_sandbox-vp-HKq_L/lib/python3.10/site-packages/airflow/example_dags/example_skip_dag.py
[2024-02-14T09:12:26.158+0000] {logging_mixin.py:188} INFO - [2024-02-14T09:12:26.157+0000] {dag.py:3033} INFO - Sync 1 DAGs
[2024-02-14T09:12:26.173+0000] {logging_mixin.py:188} INFO - [2024-02-14T09:12:26.173+0000] {dag.py:3820} INFO - Setting next_dagrun for example_skip_dag to 2024-02-13T00:00:00+00:00, run_after=2024-02-14T00:00:00+00:00
[2024-02-14T09:12:26.216+0000] {processor.py:183} INFO - Processing /home/codespace/.local/share/virtualenvs/airflow_sandbox-vp-HKq_L/lib/python3.10/site-packages/airflow/example_dags/example_skip_dag.py took 0.085 seconds
[2024-02-14T09:13:02.736+0000] {processor.py:161} INFO - Started process (PID=8420) to work on /home/codespace/.local/share/virtualenvs/airflow_sandbox-vp-HKq_L/lib/python3.10/site-packages/airflow/example_dags/example_skip_dag.py
[2024-02-14T09:13:02.737+0000] {processor.py:830} INFO - Processing file /home/codespace/.local/share/virtualenvs/airflow_sandbox-vp-HKq_L/lib/python3.10/site-packages/airflow/example_dags/example_skip_dag.py for tasks to queue
[2024-02-14T09:13:02.738+0000] {logging_mixin.py:188} INFO - [2024-02-14T09:13:02.737+0000] {dagbag.py:538} INFO - Filling up the DagBag from /home/codespace/.local/share/virtualenvs/airflow_sandbox-vp-HKq_L/lib/python3.10/site-packages/airflow/example_dags/example_skip_dag.py
[2024-02-14T09:13:02.743+0000] {processor.py:840} INFO - DAG(s) 'example_skip_dag' retrieved from /home/codespace/.local/share/virtualenvs/airflow_sandbox-vp-HKq_L/lib/python3.10/site-packages/airflow/example_dags/example_skip_dag.py
[2024-02-14T09:13:02.756+0000] {logging_mixin.py:188} INFO - [2024-02-14T09:13:02.756+0000] {dag.py:3033} INFO - Sync 1 DAGs
[2024-02-14T09:13:02.770+0000] {logging_mixin.py:188} INFO - [2024-02-14T09:13:02.770+0000] {dag.py:3820} INFO - Setting next_dagrun for example_skip_dag to 2024-02-13T00:00:00+00:00, run_after=2024-02-14T00:00:00+00:00
[2024-02-14T09:13:02.813+0000] {processor.py:183} INFO - Processing /home/codespace/.local/share/virtualenvs/airflow_sandbox-vp-HKq_L/lib/python3.10/site-packages/airflow/example_dags/example_skip_dag.py took 0.079 seconds
[2024-02-14T09:13:38.735+0000] {processor.py:161} INFO - Started process (PID=8684) to work on /home/codespace/.local/share/virtualenvs/airflow_sandbox-vp-HKq_L/lib/python3.10/site-packages/airflow/example_dags/example_skip_dag.py
[2024-02-14T09:13:38.735+0000] {processor.py:830} INFO - Processing file /home/codespace/.local/share/virtualenvs/airflow_sandbox-vp-HKq_L/lib/python3.10/site-packages/airflow/example_dags/example_skip_dag.py for tasks to queue
[2024-02-14T09:13:38.736+0000] {logging_mixin.py:188} INFO - [2024-02-14T09:13:38.736+0000] {dagbag.py:538} INFO - Filling up the DagBag from /home/codespace/.local/share/virtualenvs/airflow_sandbox-vp-HKq_L/lib/python3.10/site-packages/airflow/example_dags/example_skip_dag.py
[2024-02-14T09:13:38.742+0000] {processor.py:840} INFO - DAG(s) 'example_skip_dag' retrieved from /home/codespace/.local/share/virtualenvs/airflow_sandbox-vp-HKq_L/lib/python3.10/site-packages/airflow/example_dags/example_skip_dag.py
[2024-02-14T09:13:38.756+0000] {logging_mixin.py:188} INFO - [2024-02-14T09:13:38.756+0000] {dag.py:3033} INFO - Sync 1 DAGs
[2024-02-14T09:13:38.772+0000] {logging_mixin.py:188} INFO - [2024-02-14T09:13:38.772+0000] {dag.py:3820} INFO - Setting next_dagrun for example_skip_dag to 2024-02-13T00:00:00+00:00, run_after=2024-02-14T00:00:00+00:00
[2024-02-14T09:13:38.813+0000] {processor.py:183} INFO - Processing /home/codespace/.local/share/virtualenvs/airflow_sandbox-vp-HKq_L/lib/python3.10/site-packages/airflow/example_dags/example_skip_dag.py took 0.081 seconds
[2024-02-14T09:14:14.291+0000] {processor.py:161} INFO - Started process (PID=8987) to work on /home/codespace/.local/share/virtualenvs/airflow_sandbox-vp-HKq_L/lib/python3.10/site-packages/airflow/example_dags/example_skip_dag.py
[2024-02-14T09:14:14.292+0000] {processor.py:830} INFO - Processing file /home/codespace/.local/share/virtualenvs/airflow_sandbox-vp-HKq_L/lib/python3.10/site-packages/airflow/example_dags/example_skip_dag.py for tasks to queue
[2024-02-14T09:14:14.292+0000] {logging_mixin.py:188} INFO - [2024-02-14T09:14:14.292+0000] {dagbag.py:538} INFO - Filling up the DagBag from /home/codespace/.local/share/virtualenvs/airflow_sandbox-vp-HKq_L/lib/python3.10/site-packages/airflow/example_dags/example_skip_dag.py
[2024-02-14T09:14:14.298+0000] {processor.py:840} INFO - DAG(s) 'example_skip_dag' retrieved from /home/codespace/.local/share/virtualenvs/airflow_sandbox-vp-HKq_L/lib/python3.10/site-packages/airflow/example_dags/example_skip_dag.py
[2024-02-14T09:14:14.310+0000] {logging_mixin.py:188} INFO - [2024-02-14T09:14:14.310+0000] {dag.py:3033} INFO - Sync 1 DAGs
[2024-02-14T09:14:14.326+0000] {logging_mixin.py:188} INFO - [2024-02-14T09:14:14.326+0000] {dag.py:3820} INFO - Setting next_dagrun for example_skip_dag to 2024-02-13T00:00:00+00:00, run_after=2024-02-14T00:00:00+00:00
[2024-02-14T09:14:14.367+0000] {processor.py:183} INFO - Processing /home/codespace/.local/share/virtualenvs/airflow_sandbox-vp-HKq_L/lib/python3.10/site-packages/airflow/example_dags/example_skip_dag.py took 0.078 seconds
[2024-02-14T09:14:49.499+0000] {processor.py:161} INFO - Started process (PID=9228) to work on /home/codespace/.local/share/virtualenvs/airflow_sandbox-vp-HKq_L/lib/python3.10/site-packages/airflow/example_dags/example_skip_dag.py
[2024-02-14T09:14:49.500+0000] {processor.py:830} INFO - Processing file /home/codespace/.local/share/virtualenvs/airflow_sandbox-vp-HKq_L/lib/python3.10/site-packages/airflow/example_dags/example_skip_dag.py for tasks to queue
[2024-02-14T09:14:49.501+0000] {logging_mixin.py:188} INFO - [2024-02-14T09:14:49.501+0000] {dagbag.py:538} INFO - Filling up the DagBag from /home/codespace/.local/share/virtualenvs/airflow_sandbox-vp-HKq_L/lib/python3.10/site-packages/airflow/example_dags/example_skip_dag.py
[2024-02-14T09:14:49.507+0000] {processor.py:840} INFO - DAG(s) 'example_skip_dag' retrieved from /home/codespace/.local/share/virtualenvs/airflow_sandbox-vp-HKq_L/lib/python3.10/site-packages/airflow/example_dags/example_skip_dag.py
[2024-02-14T09:14:49.520+0000] {logging_mixin.py:188} INFO - [2024-02-14T09:14:49.520+0000] {dag.py:3033} INFO - Sync 1 DAGs
[2024-02-14T09:14:49.536+0000] {logging_mixin.py:188} INFO - [2024-02-14T09:14:49.536+0000] {dag.py:3820} INFO - Setting next_dagrun for example_skip_dag to 2024-02-13T00:00:00+00:00, run_after=2024-02-14T00:00:00+00:00
[2024-02-14T09:14:49.582+0000] {processor.py:183} INFO - Processing /home/codespace/.local/share/virtualenvs/airflow_sandbox-vp-HKq_L/lib/python3.10/site-packages/airflow/example_dags/example_skip_dag.py took 0.085 seconds
[2024-02-14T09:15:24.294+0000] {processor.py:161} INFO - Started process (PID=9476) to work on /home/codespace/.local/share/virtualenvs/airflow_sandbox-vp-HKq_L/lib/python3.10/site-packages/airflow/example_dags/example_skip_dag.py
[2024-02-14T09:15:24.295+0000] {processor.py:830} INFO - Processing file /home/codespace/.local/share/virtualenvs/airflow_sandbox-vp-HKq_L/lib/python3.10/site-packages/airflow/example_dags/example_skip_dag.py for tasks to queue
[2024-02-14T09:15:24.296+0000] {logging_mixin.py:188} INFO - [2024-02-14T09:15:24.296+0000] {dagbag.py:538} INFO - Filling up the DagBag from /home/codespace/.local/share/virtualenvs/airflow_sandbox-vp-HKq_L/lib/python3.10/site-packages/airflow/example_dags/example_skip_dag.py
[2024-02-14T09:15:24.305+0000] {processor.py:840} INFO - DAG(s) 'example_skip_dag' retrieved from /home/codespace/.local/share/virtualenvs/airflow_sandbox-vp-HKq_L/lib/python3.10/site-packages/airflow/example_dags/example_skip_dag.py
[2024-02-14T09:15:24.322+0000] {logging_mixin.py:188} INFO - [2024-02-14T09:15:24.322+0000] {dag.py:3033} INFO - Sync 1 DAGs
[2024-02-14T09:15:24.340+0000] {logging_mixin.py:188} INFO - [2024-02-14T09:15:24.340+0000] {dag.py:3820} INFO - Setting next_dagrun for example_skip_dag to 2024-02-13T00:00:00+00:00, run_after=2024-02-14T00:00:00+00:00
[2024-02-14T09:15:24.385+0000] {processor.py:183} INFO - Processing /home/codespace/.local/share/virtualenvs/airflow_sandbox-vp-HKq_L/lib/python3.10/site-packages/airflow/example_dags/example_skip_dag.py took 0.093 seconds
[2024-02-14T09:16:10.381+0000] {processor.py:161} INFO - Started process (PID=9790) to work on /home/codespace/.local/share/virtualenvs/airflow_sandbox-vp-HKq_L/lib/python3.10/site-packages/airflow/example_dags/example_skip_dag.py
[2024-02-14T09:16:10.382+0000] {processor.py:830} INFO - Processing file /home/codespace/.local/share/virtualenvs/airflow_sandbox-vp-HKq_L/lib/python3.10/site-packages/airflow/example_dags/example_skip_dag.py for tasks to queue
[2024-02-14T09:16:10.383+0000] {logging_mixin.py:188} INFO - [2024-02-14T09:16:10.383+0000] {dagbag.py:538} INFO - Filling up the DagBag from /home/codespace/.local/share/virtualenvs/airflow_sandbox-vp-HKq_L/lib/python3.10/site-packages/airflow/example_dags/example_skip_dag.py
[2024-02-14T09:16:10.389+0000] {processor.py:840} INFO - DAG(s) 'example_skip_dag' retrieved from /home/codespace/.local/share/virtualenvs/airflow_sandbox-vp-HKq_L/lib/python3.10/site-packages/airflow/example_dags/example_skip_dag.py
[2024-02-14T09:16:10.403+0000] {logging_mixin.py:188} INFO - [2024-02-14T09:16:10.403+0000] {dag.py:3033} INFO - Sync 1 DAGs
[2024-02-14T09:16:10.420+0000] {logging_mixin.py:188} INFO - [2024-02-14T09:16:10.419+0000] {dag.py:3820} INFO - Setting next_dagrun for example_skip_dag to 2024-02-13T00:00:00+00:00, run_after=2024-02-14T00:00:00+00:00
[2024-02-14T09:16:10.463+0000] {processor.py:183} INFO - Processing /home/codespace/.local/share/virtualenvs/airflow_sandbox-vp-HKq_L/lib/python3.10/site-packages/airflow/example_dags/example_skip_dag.py took 0.084 seconds
[2024-02-14T09:16:48.329+0000] {processor.py:161} INFO - Started process (PID=10074) to work on /home/codespace/.local/share/virtualenvs/airflow_sandbox-vp-HKq_L/lib/python3.10/site-packages/airflow/example_dags/example_skip_dag.py
[2024-02-14T09:16:48.330+0000] {processor.py:830} INFO - Processing file /home/codespace/.local/share/virtualenvs/airflow_sandbox-vp-HKq_L/lib/python3.10/site-packages/airflow/example_dags/example_skip_dag.py for tasks to queue
[2024-02-14T09:16:48.330+0000] {logging_mixin.py:188} INFO - [2024-02-14T09:16:48.330+0000] {dagbag.py:538} INFO - Filling up the DagBag from /home/codespace/.local/share/virtualenvs/airflow_sandbox-vp-HKq_L/lib/python3.10/site-packages/airflow/example_dags/example_skip_dag.py
[2024-02-14T09:16:48.336+0000] {processor.py:840} INFO - DAG(s) 'example_skip_dag' retrieved from /home/codespace/.local/share/virtualenvs/airflow_sandbox-vp-HKq_L/lib/python3.10/site-packages/airflow/example_dags/example_skip_dag.py
[2024-02-14T09:16:48.349+0000] {logging_mixin.py:188} INFO - [2024-02-14T09:16:48.349+0000] {dag.py:3033} INFO - Sync 1 DAGs
[2024-02-14T09:16:48.364+0000] {logging_mixin.py:188} INFO - [2024-02-14T09:16:48.363+0000] {dag.py:3820} INFO - Setting next_dagrun for example_skip_dag to 2024-02-13T00:00:00+00:00, run_after=2024-02-14T00:00:00+00:00
[2024-02-14T09:16:48.405+0000] {processor.py:183} INFO - Processing /home/codespace/.local/share/virtualenvs/airflow_sandbox-vp-HKq_L/lib/python3.10/site-packages/airflow/example_dags/example_skip_dag.py took 0.078 seconds
[2024-02-14T09:17:24.482+0000] {processor.py:161} INFO - Started process (PID=10333) to work on /home/codespace/.local/share/virtualenvs/airflow_sandbox-vp-HKq_L/lib/python3.10/site-packages/airflow/example_dags/example_skip_dag.py
[2024-02-14T09:17:24.483+0000] {processor.py:830} INFO - Processing file /home/codespace/.local/share/virtualenvs/airflow_sandbox-vp-HKq_L/lib/python3.10/site-packages/airflow/example_dags/example_skip_dag.py for tasks to queue
[2024-02-14T09:17:24.484+0000] {logging_mixin.py:188} INFO - [2024-02-14T09:17:24.483+0000] {dagbag.py:538} INFO - Filling up the DagBag from /home/codespace/.local/share/virtualenvs/airflow_sandbox-vp-HKq_L/lib/python3.10/site-packages/airflow/example_dags/example_skip_dag.py
[2024-02-14T09:17:24.490+0000] {processor.py:840} INFO - DAG(s) 'example_skip_dag' retrieved from /home/codespace/.local/share/virtualenvs/airflow_sandbox-vp-HKq_L/lib/python3.10/site-packages/airflow/example_dags/example_skip_dag.py
[2024-02-14T09:17:24.503+0000] {logging_mixin.py:188} INFO - [2024-02-14T09:17:24.503+0000] {dag.py:3033} INFO - Sync 1 DAGs
[2024-02-14T09:17:24.521+0000] {logging_mixin.py:188} INFO - [2024-02-14T09:17:24.521+0000] {dag.py:3820} INFO - Setting next_dagrun for example_skip_dag to 2024-02-13T00:00:00+00:00, run_after=2024-02-14T00:00:00+00:00
[2024-02-14T09:17:24.564+0000] {processor.py:183} INFO - Processing /home/codespace/.local/share/virtualenvs/airflow_sandbox-vp-HKq_L/lib/python3.10/site-packages/airflow/example_dags/example_skip_dag.py took 0.084 seconds
[2024-02-14T09:17:57.228+0000] {processor.py:161} INFO - Started process (PID=10591) to work on /home/codespace/.local/share/virtualenvs/airflow_sandbox-vp-HKq_L/lib/python3.10/site-packages/airflow/example_dags/example_skip_dag.py
[2024-02-14T09:17:57.229+0000] {processor.py:830} INFO - Processing file /home/codespace/.local/share/virtualenvs/airflow_sandbox-vp-HKq_L/lib/python3.10/site-packages/airflow/example_dags/example_skip_dag.py for tasks to queue
[2024-02-14T09:17:57.230+0000] {logging_mixin.py:188} INFO - [2024-02-14T09:17:57.230+0000] {dagbag.py:538} INFO - Filling up the DagBag from /home/codespace/.local/share/virtualenvs/airflow_sandbox-vp-HKq_L/lib/python3.10/site-packages/airflow/example_dags/example_skip_dag.py
[2024-02-14T09:17:57.235+0000] {processor.py:840} INFO - DAG(s) 'example_skip_dag' retrieved from /home/codespace/.local/share/virtualenvs/airflow_sandbox-vp-HKq_L/lib/python3.10/site-packages/airflow/example_dags/example_skip_dag.py
[2024-02-14T09:17:57.248+0000] {logging_mixin.py:188} INFO - [2024-02-14T09:17:57.248+0000] {dag.py:3033} INFO - Sync 1 DAGs
[2024-02-14T09:17:57.263+0000] {logging_mixin.py:188} INFO - [2024-02-14T09:17:57.263+0000] {dag.py:3820} INFO - Setting next_dagrun for example_skip_dag to 2024-02-13T00:00:00+00:00, run_after=2024-02-14T00:00:00+00:00
[2024-02-14T09:17:57.304+0000] {processor.py:183} INFO - Processing /home/codespace/.local/share/virtualenvs/airflow_sandbox-vp-HKq_L/lib/python3.10/site-packages/airflow/example_dags/example_skip_dag.py took 0.079 seconds
[2024-02-14T09:18:31.726+0000] {processor.py:161} INFO - Started process (PID=10840) to work on /home/codespace/.local/share/virtualenvs/airflow_sandbox-vp-HKq_L/lib/python3.10/site-packages/airflow/example_dags/example_skip_dag.py
[2024-02-14T09:18:31.727+0000] {processor.py:830} INFO - Processing file /home/codespace/.local/share/virtualenvs/airflow_sandbox-vp-HKq_L/lib/python3.10/site-packages/airflow/example_dags/example_skip_dag.py for tasks to queue
[2024-02-14T09:18:31.727+0000] {logging_mixin.py:188} INFO - [2024-02-14T09:18:31.727+0000] {dagbag.py:538} INFO - Filling up the DagBag from /home/codespace/.local/share/virtualenvs/airflow_sandbox-vp-HKq_L/lib/python3.10/site-packages/airflow/example_dags/example_skip_dag.py
[2024-02-14T09:18:31.733+0000] {processor.py:840} INFO - DAG(s) 'example_skip_dag' retrieved from /home/codespace/.local/share/virtualenvs/airflow_sandbox-vp-HKq_L/lib/python3.10/site-packages/airflow/example_dags/example_skip_dag.py
[2024-02-14T09:18:31.746+0000] {logging_mixin.py:188} INFO - [2024-02-14T09:18:31.746+0000] {dag.py:3033} INFO - Sync 1 DAGs
[2024-02-14T09:18:31.766+0000] {logging_mixin.py:188} INFO - [2024-02-14T09:18:31.766+0000] {dag.py:3820} INFO - Setting next_dagrun for example_skip_dag to 2024-02-13T00:00:00+00:00, run_after=2024-02-14T00:00:00+00:00
[2024-02-14T09:18:31.813+0000] {processor.py:183} INFO - Processing /home/codespace/.local/share/virtualenvs/airflow_sandbox-vp-HKq_L/lib/python3.10/site-packages/airflow/example_dags/example_skip_dag.py took 0.090 seconds
[2024-02-14T09:19:07.027+0000] {processor.py:161} INFO - Started process (PID=11102) to work on /home/codespace/.local/share/virtualenvs/airflow_sandbox-vp-HKq_L/lib/python3.10/site-packages/airflow/example_dags/example_skip_dag.py
[2024-02-14T09:19:07.027+0000] {processor.py:830} INFO - Processing file /home/codespace/.local/share/virtualenvs/airflow_sandbox-vp-HKq_L/lib/python3.10/site-packages/airflow/example_dags/example_skip_dag.py for tasks to queue
[2024-02-14T09:19:07.028+0000] {logging_mixin.py:188} INFO - [2024-02-14T09:19:07.028+0000] {dagbag.py:538} INFO - Filling up the DagBag from /home/codespace/.local/share/virtualenvs/airflow_sandbox-vp-HKq_L/lib/python3.10/site-packages/airflow/example_dags/example_skip_dag.py
[2024-02-14T09:19:07.034+0000] {processor.py:840} INFO - DAG(s) 'example_skip_dag' retrieved from /home/codespace/.local/share/virtualenvs/airflow_sandbox-vp-HKq_L/lib/python3.10/site-packages/airflow/example_dags/example_skip_dag.py
[2024-02-14T09:19:07.046+0000] {logging_mixin.py:188} INFO - [2024-02-14T09:19:07.046+0000] {dag.py:3033} INFO - Sync 1 DAGs
[2024-02-14T09:19:07.061+0000] {logging_mixin.py:188} INFO - [2024-02-14T09:19:07.061+0000] {dag.py:3820} INFO - Setting next_dagrun for example_skip_dag to 2024-02-13T00:00:00+00:00, run_after=2024-02-14T00:00:00+00:00
[2024-02-14T09:19:07.107+0000] {processor.py:183} INFO - Processing /home/codespace/.local/share/virtualenvs/airflow_sandbox-vp-HKq_L/lib/python3.10/site-packages/airflow/example_dags/example_skip_dag.py took 0.083 seconds
[2024-02-14T09:19:44.816+0000] {processor.py:161} INFO - Started process (PID=11359) to work on /home/codespace/.local/share/virtualenvs/airflow_sandbox-vp-HKq_L/lib/python3.10/site-packages/airflow/example_dags/example_skip_dag.py
[2024-02-14T09:19:44.817+0000] {processor.py:830} INFO - Processing file /home/codespace/.local/share/virtualenvs/airflow_sandbox-vp-HKq_L/lib/python3.10/site-packages/airflow/example_dags/example_skip_dag.py for tasks to queue
[2024-02-14T09:19:44.818+0000] {logging_mixin.py:188} INFO - [2024-02-14T09:19:44.818+0000] {dagbag.py:538} INFO - Filling up the DagBag from /home/codespace/.local/share/virtualenvs/airflow_sandbox-vp-HKq_L/lib/python3.10/site-packages/airflow/example_dags/example_skip_dag.py
[2024-02-14T09:19:44.826+0000] {processor.py:840} INFO - DAG(s) 'example_skip_dag' retrieved from /home/codespace/.local/share/virtualenvs/airflow_sandbox-vp-HKq_L/lib/python3.10/site-packages/airflow/example_dags/example_skip_dag.py
[2024-02-14T09:19:44.847+0000] {logging_mixin.py:188} INFO - [2024-02-14T09:19:44.847+0000] {dag.py:3033} INFO - Sync 1 DAGs
[2024-02-14T09:19:44.869+0000] {logging_mixin.py:188} INFO - [2024-02-14T09:19:44.869+0000] {dag.py:3820} INFO - Setting next_dagrun for example_skip_dag to 2024-02-13T00:00:00+00:00, run_after=2024-02-14T00:00:00+00:00
[2024-02-14T09:19:44.921+0000] {processor.py:183} INFO - Processing /home/codespace/.local/share/virtualenvs/airflow_sandbox-vp-HKq_L/lib/python3.10/site-packages/airflow/example_dags/example_skip_dag.py took 0.108 seconds
[2024-02-14T09:20:22.472+0000] {processor.py:161} INFO - Started process (PID=12035) to work on /home/codespace/.local/share/virtualenvs/airflow_sandbox-vp-HKq_L/lib/python3.10/site-packages/airflow/example_dags/example_skip_dag.py
[2024-02-14T09:20:22.473+0000] {processor.py:830} INFO - Processing file /home/codespace/.local/share/virtualenvs/airflow_sandbox-vp-HKq_L/lib/python3.10/site-packages/airflow/example_dags/example_skip_dag.py for tasks to queue
[2024-02-14T09:20:22.473+0000] {logging_mixin.py:188} INFO - [2024-02-14T09:20:22.473+0000] {dagbag.py:538} INFO - Filling up the DagBag from /home/codespace/.local/share/virtualenvs/airflow_sandbox-vp-HKq_L/lib/python3.10/site-packages/airflow/example_dags/example_skip_dag.py
[2024-02-14T09:20:22.479+0000] {processor.py:840} INFO - DAG(s) 'example_skip_dag' retrieved from /home/codespace/.local/share/virtualenvs/airflow_sandbox-vp-HKq_L/lib/python3.10/site-packages/airflow/example_dags/example_skip_dag.py
[2024-02-14T09:20:22.492+0000] {logging_mixin.py:188} INFO - [2024-02-14T09:20:22.492+0000] {dag.py:3033} INFO - Sync 1 DAGs
[2024-02-14T09:20:22.509+0000] {logging_mixin.py:188} INFO - [2024-02-14T09:20:22.509+0000] {dag.py:3820} INFO - Setting next_dagrun for example_skip_dag to 2024-02-13T00:00:00+00:00, run_after=2024-02-14T00:00:00+00:00
[2024-02-14T09:20:22.548+0000] {processor.py:183} INFO - Processing /home/codespace/.local/share/virtualenvs/airflow_sandbox-vp-HKq_L/lib/python3.10/site-packages/airflow/example_dags/example_skip_dag.py took 0.079 seconds
[2024-02-14T09:20:54.960+0000] {processor.py:161} INFO - Started process (PID=12362) to work on /home/codespace/.local/share/virtualenvs/airflow_sandbox-vp-HKq_L/lib/python3.10/site-packages/airflow/example_dags/example_skip_dag.py
[2024-02-14T09:20:54.960+0000] {processor.py:830} INFO - Processing file /home/codespace/.local/share/virtualenvs/airflow_sandbox-vp-HKq_L/lib/python3.10/site-packages/airflow/example_dags/example_skip_dag.py for tasks to queue
[2024-02-14T09:20:54.961+0000] {logging_mixin.py:188} INFO - [2024-02-14T09:20:54.961+0000] {dagbag.py:538} INFO - Filling up the DagBag from /home/codespace/.local/share/virtualenvs/airflow_sandbox-vp-HKq_L/lib/python3.10/site-packages/airflow/example_dags/example_skip_dag.py
[2024-02-14T09:20:54.967+0000] {processor.py:840} INFO - DAG(s) 'example_skip_dag' retrieved from /home/codespace/.local/share/virtualenvs/airflow_sandbox-vp-HKq_L/lib/python3.10/site-packages/airflow/example_dags/example_skip_dag.py
[2024-02-14T09:20:54.980+0000] {logging_mixin.py:188} INFO - [2024-02-14T09:20:54.980+0000] {dag.py:3033} INFO - Sync 1 DAGs
[2024-02-14T09:20:54.995+0000] {logging_mixin.py:188} INFO - [2024-02-14T09:20:54.995+0000] {dag.py:3820} INFO - Setting next_dagrun for example_skip_dag to 2024-02-13T00:00:00+00:00, run_after=2024-02-14T00:00:00+00:00
[2024-02-14T09:20:55.047+0000] {processor.py:183} INFO - Processing /home/codespace/.local/share/virtualenvs/airflow_sandbox-vp-HKq_L/lib/python3.10/site-packages/airflow/example_dags/example_skip_dag.py took 0.090 seconds
[2024-02-14T09:21:29.453+0000] {processor.py:161} INFO - Started process (PID=12610) to work on /home/codespace/.local/share/virtualenvs/airflow_sandbox-vp-HKq_L/lib/python3.10/site-packages/airflow/example_dags/example_skip_dag.py
[2024-02-14T09:21:29.454+0000] {processor.py:830} INFO - Processing file /home/codespace/.local/share/virtualenvs/airflow_sandbox-vp-HKq_L/lib/python3.10/site-packages/airflow/example_dags/example_skip_dag.py for tasks to queue
[2024-02-14T09:21:29.455+0000] {logging_mixin.py:188} INFO - [2024-02-14T09:21:29.454+0000] {dagbag.py:538} INFO - Filling up the DagBag from /home/codespace/.local/share/virtualenvs/airflow_sandbox-vp-HKq_L/lib/python3.10/site-packages/airflow/example_dags/example_skip_dag.py
[2024-02-14T09:21:29.461+0000] {processor.py:840} INFO - DAG(s) 'example_skip_dag' retrieved from /home/codespace/.local/share/virtualenvs/airflow_sandbox-vp-HKq_L/lib/python3.10/site-packages/airflow/example_dags/example_skip_dag.py
[2024-02-14T09:21:29.474+0000] {logging_mixin.py:188} INFO - [2024-02-14T09:21:29.474+0000] {dag.py:3033} INFO - Sync 1 DAGs
[2024-02-14T09:21:29.491+0000] {logging_mixin.py:188} INFO - [2024-02-14T09:21:29.490+0000] {dag.py:3820} INFO - Setting next_dagrun for example_skip_dag to 2024-02-13T00:00:00+00:00, run_after=2024-02-14T00:00:00+00:00
[2024-02-14T09:21:29.531+0000] {processor.py:183} INFO - Processing /home/codespace/.local/share/virtualenvs/airflow_sandbox-vp-HKq_L/lib/python3.10/site-packages/airflow/example_dags/example_skip_dag.py took 0.081 seconds
[2024-02-14T09:22:06.023+0000] {processor.py:161} INFO - Started process (PID=12860) to work on /home/codespace/.local/share/virtualenvs/airflow_sandbox-vp-HKq_L/lib/python3.10/site-packages/airflow/example_dags/example_skip_dag.py
[2024-02-14T09:22:06.024+0000] {processor.py:830} INFO - Processing file /home/codespace/.local/share/virtualenvs/airflow_sandbox-vp-HKq_L/lib/python3.10/site-packages/airflow/example_dags/example_skip_dag.py for tasks to queue
[2024-02-14T09:22:06.025+0000] {logging_mixin.py:188} INFO - [2024-02-14T09:22:06.024+0000] {dagbag.py:538} INFO - Filling up the DagBag from /home/codespace/.local/share/virtualenvs/airflow_sandbox-vp-HKq_L/lib/python3.10/site-packages/airflow/example_dags/example_skip_dag.py
[2024-02-14T09:22:06.030+0000] {processor.py:840} INFO - DAG(s) 'example_skip_dag' retrieved from /home/codespace/.local/share/virtualenvs/airflow_sandbox-vp-HKq_L/lib/python3.10/site-packages/airflow/example_dags/example_skip_dag.py
[2024-02-14T09:22:06.043+0000] {logging_mixin.py:188} INFO - [2024-02-14T09:22:06.043+0000] {dag.py:3033} INFO - Sync 1 DAGs
[2024-02-14T09:22:06.058+0000] {logging_mixin.py:188} INFO - [2024-02-14T09:22:06.058+0000] {dag.py:3820} INFO - Setting next_dagrun for example_skip_dag to 2024-02-13T00:00:00+00:00, run_after=2024-02-14T00:00:00+00:00
[2024-02-14T09:22:06.100+0000] {processor.py:183} INFO - Processing /home/codespace/.local/share/virtualenvs/airflow_sandbox-vp-HKq_L/lib/python3.10/site-packages/airflow/example_dags/example_skip_dag.py took 0.079 seconds
[2024-02-14T09:22:44.607+0000] {processor.py:161} INFO - Started process (PID=13166) to work on /home/codespace/.local/share/virtualenvs/airflow_sandbox-vp-HKq_L/lib/python3.10/site-packages/airflow/example_dags/example_skip_dag.py
[2024-02-14T09:22:44.607+0000] {processor.py:830} INFO - Processing file /home/codespace/.local/share/virtualenvs/airflow_sandbox-vp-HKq_L/lib/python3.10/site-packages/airflow/example_dags/example_skip_dag.py for tasks to queue
[2024-02-14T09:22:44.608+0000] {logging_mixin.py:188} INFO - [2024-02-14T09:22:44.608+0000] {dagbag.py:538} INFO - Filling up the DagBag from /home/codespace/.local/share/virtualenvs/airflow_sandbox-vp-HKq_L/lib/python3.10/site-packages/airflow/example_dags/example_skip_dag.py
[2024-02-14T09:22:44.614+0000] {processor.py:840} INFO - DAG(s) 'example_skip_dag' retrieved from /home/codespace/.local/share/virtualenvs/airflow_sandbox-vp-HKq_L/lib/python3.10/site-packages/airflow/example_dags/example_skip_dag.py
[2024-02-14T09:22:44.626+0000] {logging_mixin.py:188} INFO - [2024-02-14T09:22:44.626+0000] {dag.py:3033} INFO - Sync 1 DAGs
[2024-02-14T09:22:44.641+0000] {logging_mixin.py:188} INFO - [2024-02-14T09:22:44.640+0000] {dag.py:3820} INFO - Setting next_dagrun for example_skip_dag to 2024-02-13T00:00:00+00:00, run_after=2024-02-14T00:00:00+00:00
[2024-02-14T09:22:44.689+0000] {processor.py:183} INFO - Processing /home/codespace/.local/share/virtualenvs/airflow_sandbox-vp-HKq_L/lib/python3.10/site-packages/airflow/example_dags/example_skip_dag.py took 0.085 seconds
[2024-02-14T09:23:23.302+0000] {processor.py:161} INFO - Started process (PID=13440) to work on /home/codespace/.local/share/virtualenvs/airflow_sandbox-vp-HKq_L/lib/python3.10/site-packages/airflow/example_dags/example_skip_dag.py
[2024-02-14T09:23:23.303+0000] {processor.py:830} INFO - Processing file /home/codespace/.local/share/virtualenvs/airflow_sandbox-vp-HKq_L/lib/python3.10/site-packages/airflow/example_dags/example_skip_dag.py for tasks to queue
[2024-02-14T09:23:23.304+0000] {logging_mixin.py:188} INFO - [2024-02-14T09:23:23.303+0000] {dagbag.py:538} INFO - Filling up the DagBag from /home/codespace/.local/share/virtualenvs/airflow_sandbox-vp-HKq_L/lib/python3.10/site-packages/airflow/example_dags/example_skip_dag.py
[2024-02-14T09:23:23.312+0000] {processor.py:840} INFO - DAG(s) 'example_skip_dag' retrieved from /home/codespace/.local/share/virtualenvs/airflow_sandbox-vp-HKq_L/lib/python3.10/site-packages/airflow/example_dags/example_skip_dag.py
[2024-02-14T09:23:23.333+0000] {logging_mixin.py:188} INFO - [2024-02-14T09:23:23.332+0000] {dag.py:3033} INFO - Sync 1 DAGs
[2024-02-14T09:23:23.353+0000] {logging_mixin.py:188} INFO - [2024-02-14T09:23:23.353+0000] {dag.py:3820} INFO - Setting next_dagrun for example_skip_dag to 2024-02-13T00:00:00+00:00, run_after=2024-02-14T00:00:00+00:00
[2024-02-14T09:23:23.403+0000] {processor.py:183} INFO - Processing /home/codespace/.local/share/virtualenvs/airflow_sandbox-vp-HKq_L/lib/python3.10/site-packages/airflow/example_dags/example_skip_dag.py took 0.104 seconds
[2024-02-14T09:24:01.043+0000] {processor.py:161} INFO - Started process (PID=13706) to work on /home/codespace/.local/share/virtualenvs/airflow_sandbox-vp-HKq_L/lib/python3.10/site-packages/airflow/example_dags/example_skip_dag.py
[2024-02-14T09:24:01.044+0000] {processor.py:830} INFO - Processing file /home/codespace/.local/share/virtualenvs/airflow_sandbox-vp-HKq_L/lib/python3.10/site-packages/airflow/example_dags/example_skip_dag.py for tasks to queue
[2024-02-14T09:24:01.045+0000] {logging_mixin.py:188} INFO - [2024-02-14T09:24:01.044+0000] {dagbag.py:538} INFO - Filling up the DagBag from /home/codespace/.local/share/virtualenvs/airflow_sandbox-vp-HKq_L/lib/python3.10/site-packages/airflow/example_dags/example_skip_dag.py
[2024-02-14T09:24:01.052+0000] {processor.py:840} INFO - DAG(s) 'example_skip_dag' retrieved from /home/codespace/.local/share/virtualenvs/airflow_sandbox-vp-HKq_L/lib/python3.10/site-packages/airflow/example_dags/example_skip_dag.py
[2024-02-14T09:24:01.071+0000] {logging_mixin.py:188} INFO - [2024-02-14T09:24:01.071+0000] {dag.py:3033} INFO - Sync 1 DAGs
[2024-02-14T09:24:01.087+0000] {logging_mixin.py:188} INFO - [2024-02-14T09:24:01.087+0000] {dag.py:3820} INFO - Setting next_dagrun for example_skip_dag to 2024-02-13T00:00:00+00:00, run_after=2024-02-14T00:00:00+00:00
[2024-02-14T09:24:01.132+0000] {processor.py:183} INFO - Processing /home/codespace/.local/share/virtualenvs/airflow_sandbox-vp-HKq_L/lib/python3.10/site-packages/airflow/example_dags/example_skip_dag.py took 0.093 seconds
[2024-02-14T09:24:40.025+0000] {processor.py:161} INFO - Started process (PID=13961) to work on /home/codespace/.local/share/virtualenvs/airflow_sandbox-vp-HKq_L/lib/python3.10/site-packages/airflow/example_dags/example_skip_dag.py
[2024-02-14T09:24:40.026+0000] {processor.py:830} INFO - Processing file /home/codespace/.local/share/virtualenvs/airflow_sandbox-vp-HKq_L/lib/python3.10/site-packages/airflow/example_dags/example_skip_dag.py for tasks to queue
[2024-02-14T09:24:40.027+0000] {logging_mixin.py:188} INFO - [2024-02-14T09:24:40.026+0000] {dagbag.py:538} INFO - Filling up the DagBag from /home/codespace/.local/share/virtualenvs/airflow_sandbox-vp-HKq_L/lib/python3.10/site-packages/airflow/example_dags/example_skip_dag.py
[2024-02-14T09:24:40.035+0000] {processor.py:840} INFO - DAG(s) 'example_skip_dag' retrieved from /home/codespace/.local/share/virtualenvs/airflow_sandbox-vp-HKq_L/lib/python3.10/site-packages/airflow/example_dags/example_skip_dag.py
[2024-02-14T09:24:40.056+0000] {logging_mixin.py:188} INFO - [2024-02-14T09:24:40.056+0000] {dag.py:3033} INFO - Sync 1 DAGs
[2024-02-14T09:24:40.077+0000] {logging_mixin.py:188} INFO - [2024-02-14T09:24:40.077+0000] {dag.py:3820} INFO - Setting next_dagrun for example_skip_dag to 2024-02-13T00:00:00+00:00, run_after=2024-02-14T00:00:00+00:00
[2024-02-14T09:24:40.122+0000] {processor.py:183} INFO - Processing /home/codespace/.local/share/virtualenvs/airflow_sandbox-vp-HKq_L/lib/python3.10/site-packages/airflow/example_dags/example_skip_dag.py took 0.102 seconds
[2024-02-14T09:25:15.761+0000] {processor.py:161} INFO - Started process (PID=14209) to work on /home/codespace/.local/share/virtualenvs/airflow_sandbox-vp-HKq_L/lib/python3.10/site-packages/airflow/example_dags/example_skip_dag.py
[2024-02-14T09:25:15.762+0000] {processor.py:830} INFO - Processing file /home/codespace/.local/share/virtualenvs/airflow_sandbox-vp-HKq_L/lib/python3.10/site-packages/airflow/example_dags/example_skip_dag.py for tasks to queue
[2024-02-14T09:25:15.762+0000] {logging_mixin.py:188} INFO - [2024-02-14T09:25:15.762+0000] {dagbag.py:538} INFO - Filling up the DagBag from /home/codespace/.local/share/virtualenvs/airflow_sandbox-vp-HKq_L/lib/python3.10/site-packages/airflow/example_dags/example_skip_dag.py
[2024-02-14T09:25:15.767+0000] {processor.py:840} INFO - DAG(s) 'example_skip_dag' retrieved from /home/codespace/.local/share/virtualenvs/airflow_sandbox-vp-HKq_L/lib/python3.10/site-packages/airflow/example_dags/example_skip_dag.py
[2024-02-14T09:25:15.780+0000] {logging_mixin.py:188} INFO - [2024-02-14T09:25:15.779+0000] {dag.py:3033} INFO - Sync 1 DAGs
[2024-02-14T09:25:15.794+0000] {logging_mixin.py:188} INFO - [2024-02-14T09:25:15.794+0000] {dag.py:3820} INFO - Setting next_dagrun for example_skip_dag to 2024-02-13T00:00:00+00:00, run_after=2024-02-14T00:00:00+00:00
[2024-02-14T09:25:15.871+0000] {processor.py:183} INFO - Processing /home/codespace/.local/share/virtualenvs/airflow_sandbox-vp-HKq_L/lib/python3.10/site-packages/airflow/example_dags/example_skip_dag.py took 0.112 seconds
[2024-02-14T09:25:52.028+0000] {processor.py:161} INFO - Started process (PID=14469) to work on /home/codespace/.local/share/virtualenvs/airflow_sandbox-vp-HKq_L/lib/python3.10/site-packages/airflow/example_dags/example_skip_dag.py
[2024-02-14T09:25:52.028+0000] {processor.py:830} INFO - Processing file /home/codespace/.local/share/virtualenvs/airflow_sandbox-vp-HKq_L/lib/python3.10/site-packages/airflow/example_dags/example_skip_dag.py for tasks to queue
[2024-02-14T09:25:52.029+0000] {logging_mixin.py:188} INFO - [2024-02-14T09:25:52.029+0000] {dagbag.py:538} INFO - Filling up the DagBag from /home/codespace/.local/share/virtualenvs/airflow_sandbox-vp-HKq_L/lib/python3.10/site-packages/airflow/example_dags/example_skip_dag.py
[2024-02-14T09:25:52.035+0000] {processor.py:840} INFO - DAG(s) 'example_skip_dag' retrieved from /home/codespace/.local/share/virtualenvs/airflow_sandbox-vp-HKq_L/lib/python3.10/site-packages/airflow/example_dags/example_skip_dag.py
[2024-02-14T09:25:52.048+0000] {logging_mixin.py:188} INFO - [2024-02-14T09:25:52.047+0000] {dag.py:3033} INFO - Sync 1 DAGs
[2024-02-14T09:25:52.063+0000] {logging_mixin.py:188} INFO - [2024-02-14T09:25:52.063+0000] {dag.py:3820} INFO - Setting next_dagrun for example_skip_dag to 2024-02-13T00:00:00+00:00, run_after=2024-02-14T00:00:00+00:00
[2024-02-14T09:25:52.106+0000] {processor.py:183} INFO - Processing /home/codespace/.local/share/virtualenvs/airflow_sandbox-vp-HKq_L/lib/python3.10/site-packages/airflow/example_dags/example_skip_dag.py took 0.081 seconds
[2024-02-14T09:26:25.892+0000] {processor.py:161} INFO - Started process (PID=14695) to work on /home/codespace/.local/share/virtualenvs/airflow_sandbox-vp-HKq_L/lib/python3.10/site-packages/airflow/example_dags/example_skip_dag.py
[2024-02-14T09:26:25.892+0000] {processor.py:830} INFO - Processing file /home/codespace/.local/share/virtualenvs/airflow_sandbox-vp-HKq_L/lib/python3.10/site-packages/airflow/example_dags/example_skip_dag.py for tasks to queue
[2024-02-14T09:26:25.893+0000] {logging_mixin.py:188} INFO - [2024-02-14T09:26:25.893+0000] {dagbag.py:538} INFO - Filling up the DagBag from /home/codespace/.local/share/virtualenvs/airflow_sandbox-vp-HKq_L/lib/python3.10/site-packages/airflow/example_dags/example_skip_dag.py
[2024-02-14T09:26:25.899+0000] {processor.py:840} INFO - DAG(s) 'example_skip_dag' retrieved from /home/codespace/.local/share/virtualenvs/airflow_sandbox-vp-HKq_L/lib/python3.10/site-packages/airflow/example_dags/example_skip_dag.py
[2024-02-14T09:26:25.912+0000] {logging_mixin.py:188} INFO - [2024-02-14T09:26:25.912+0000] {dag.py:3033} INFO - Sync 1 DAGs
[2024-02-14T09:26:25.928+0000] {logging_mixin.py:188} INFO - [2024-02-14T09:26:25.928+0000] {dag.py:3820} INFO - Setting next_dagrun for example_skip_dag to 2024-02-13T00:00:00+00:00, run_after=2024-02-14T00:00:00+00:00
[2024-02-14T09:26:25.968+0000] {processor.py:183} INFO - Processing /home/codespace/.local/share/virtualenvs/airflow_sandbox-vp-HKq_L/lib/python3.10/site-packages/airflow/example_dags/example_skip_dag.py took 0.079 seconds
[2024-02-14T09:27:01.917+0000] {processor.py:161} INFO - Started process (PID=14934) to work on /home/codespace/.local/share/virtualenvs/airflow_sandbox-vp-HKq_L/lib/python3.10/site-packages/airflow/example_dags/example_skip_dag.py
[2024-02-14T09:27:01.918+0000] {processor.py:830} INFO - Processing file /home/codespace/.local/share/virtualenvs/airflow_sandbox-vp-HKq_L/lib/python3.10/site-packages/airflow/example_dags/example_skip_dag.py for tasks to queue
[2024-02-14T09:27:01.919+0000] {logging_mixin.py:188} INFO - [2024-02-14T09:27:01.919+0000] {dagbag.py:538} INFO - Filling up the DagBag from /home/codespace/.local/share/virtualenvs/airflow_sandbox-vp-HKq_L/lib/python3.10/site-packages/airflow/example_dags/example_skip_dag.py
[2024-02-14T09:27:01.924+0000] {processor.py:840} INFO - DAG(s) 'example_skip_dag' retrieved from /home/codespace/.local/share/virtualenvs/airflow_sandbox-vp-HKq_L/lib/python3.10/site-packages/airflow/example_dags/example_skip_dag.py
[2024-02-14T09:27:01.937+0000] {logging_mixin.py:188} INFO - [2024-02-14T09:27:01.937+0000] {dag.py:3033} INFO - Sync 1 DAGs
[2024-02-14T09:27:01.952+0000] {logging_mixin.py:188} INFO - [2024-02-14T09:27:01.952+0000] {dag.py:3820} INFO - Setting next_dagrun for example_skip_dag to 2024-02-13T00:00:00+00:00, run_after=2024-02-14T00:00:00+00:00
[2024-02-14T09:27:01.999+0000] {processor.py:183} INFO - Processing /home/codespace/.local/share/virtualenvs/airflow_sandbox-vp-HKq_L/lib/python3.10/site-packages/airflow/example_dags/example_skip_dag.py took 0.084 seconds
[2024-02-14T09:27:39.475+0000] {processor.py:161} INFO - Started process (PID=15232) to work on /home/codespace/.local/share/virtualenvs/airflow_sandbox-vp-HKq_L/lib/python3.10/site-packages/airflow/example_dags/example_skip_dag.py
[2024-02-14T09:27:39.477+0000] {processor.py:830} INFO - Processing file /home/codespace/.local/share/virtualenvs/airflow_sandbox-vp-HKq_L/lib/python3.10/site-packages/airflow/example_dags/example_skip_dag.py for tasks to queue
[2024-02-14T09:27:39.478+0000] {logging_mixin.py:188} INFO - [2024-02-14T09:27:39.477+0000] {dagbag.py:538} INFO - Filling up the DagBag from /home/codespace/.local/share/virtualenvs/airflow_sandbox-vp-HKq_L/lib/python3.10/site-packages/airflow/example_dags/example_skip_dag.py
[2024-02-14T09:27:39.486+0000] {processor.py:840} INFO - DAG(s) 'example_skip_dag' retrieved from /home/codespace/.local/share/virtualenvs/airflow_sandbox-vp-HKq_L/lib/python3.10/site-packages/airflow/example_dags/example_skip_dag.py
[2024-02-14T09:27:39.505+0000] {logging_mixin.py:188} INFO - [2024-02-14T09:27:39.505+0000] {dag.py:3033} INFO - Sync 1 DAGs
[2024-02-14T09:27:39.522+0000] {logging_mixin.py:188} INFO - [2024-02-14T09:27:39.522+0000] {dag.py:3820} INFO - Setting next_dagrun for example_skip_dag to 2024-02-13T00:00:00+00:00, run_after=2024-02-14T00:00:00+00:00
[2024-02-14T09:27:39.564+0000] {processor.py:183} INFO - Processing /home/codespace/.local/share/virtualenvs/airflow_sandbox-vp-HKq_L/lib/python3.10/site-packages/airflow/example_dags/example_skip_dag.py took 0.092 seconds
[2024-02-14T09:28:16.061+0000] {processor.py:161} INFO - Started process (PID=15488) to work on /home/codespace/.local/share/virtualenvs/airflow_sandbox-vp-HKq_L/lib/python3.10/site-packages/airflow/example_dags/example_skip_dag.py
[2024-02-14T09:28:16.062+0000] {processor.py:830} INFO - Processing file /home/codespace/.local/share/virtualenvs/airflow_sandbox-vp-HKq_L/lib/python3.10/site-packages/airflow/example_dags/example_skip_dag.py for tasks to queue
[2024-02-14T09:28:16.064+0000] {logging_mixin.py:188} INFO - [2024-02-14T09:28:16.063+0000] {dagbag.py:538} INFO - Filling up the DagBag from /home/codespace/.local/share/virtualenvs/airflow_sandbox-vp-HKq_L/lib/python3.10/site-packages/airflow/example_dags/example_skip_dag.py
[2024-02-14T09:28:16.075+0000] {processor.py:840} INFO - DAG(s) 'example_skip_dag' retrieved from /home/codespace/.local/share/virtualenvs/airflow_sandbox-vp-HKq_L/lib/python3.10/site-packages/airflow/example_dags/example_skip_dag.py
[2024-02-14T09:28:16.089+0000] {logging_mixin.py:188} INFO - [2024-02-14T09:28:16.089+0000] {dag.py:3033} INFO - Sync 1 DAGs
[2024-02-14T09:28:16.110+0000] {logging_mixin.py:188} INFO - [2024-02-14T09:28:16.110+0000] {dag.py:3820} INFO - Setting next_dagrun for example_skip_dag to 2024-02-13T00:00:00+00:00, run_after=2024-02-14T00:00:00+00:00
[2024-02-14T09:28:16.154+0000] {processor.py:183} INFO - Processing /home/codespace/.local/share/virtualenvs/airflow_sandbox-vp-HKq_L/lib/python3.10/site-packages/airflow/example_dags/example_skip_dag.py took 0.096 seconds
[2024-02-14T09:28:50.870+0000] {processor.py:161} INFO - Started process (PID=15859) to work on /home/codespace/.local/share/virtualenvs/airflow_sandbox-vp-HKq_L/lib/python3.10/site-packages/airflow/example_dags/example_skip_dag.py
[2024-02-14T09:28:50.871+0000] {processor.py:830} INFO - Processing file /home/codespace/.local/share/virtualenvs/airflow_sandbox-vp-HKq_L/lib/python3.10/site-packages/airflow/example_dags/example_skip_dag.py for tasks to queue
[2024-02-14T09:28:50.872+0000] {logging_mixin.py:188} INFO - [2024-02-14T09:28:50.871+0000] {dagbag.py:538} INFO - Filling up the DagBag from /home/codespace/.local/share/virtualenvs/airflow_sandbox-vp-HKq_L/lib/python3.10/site-packages/airflow/example_dags/example_skip_dag.py
[2024-02-14T09:28:50.878+0000] {processor.py:840} INFO - DAG(s) 'example_skip_dag' retrieved from /home/codespace/.local/share/virtualenvs/airflow_sandbox-vp-HKq_L/lib/python3.10/site-packages/airflow/example_dags/example_skip_dag.py
[2024-02-14T09:28:50.894+0000] {logging_mixin.py:188} INFO - [2024-02-14T09:28:50.893+0000] {dag.py:3033} INFO - Sync 1 DAGs
[2024-02-14T09:28:50.909+0000] {logging_mixin.py:188} INFO - [2024-02-14T09:28:50.909+0000] {dag.py:3820} INFO - Setting next_dagrun for example_skip_dag to 2024-02-13T00:00:00+00:00, run_after=2024-02-14T00:00:00+00:00
[2024-02-14T09:28:50.952+0000] {processor.py:183} INFO - Processing /home/codespace/.local/share/virtualenvs/airflow_sandbox-vp-HKq_L/lib/python3.10/site-packages/airflow/example_dags/example_skip_dag.py took 0.084 seconds
[2024-02-14T09:29:27.209+0000] {processor.py:161} INFO - Started process (PID=16147) to work on /home/codespace/.local/share/virtualenvs/airflow_sandbox-vp-HKq_L/lib/python3.10/site-packages/airflow/example_dags/example_skip_dag.py
[2024-02-14T09:29:27.210+0000] {processor.py:830} INFO - Processing file /home/codespace/.local/share/virtualenvs/airflow_sandbox-vp-HKq_L/lib/python3.10/site-packages/airflow/example_dags/example_skip_dag.py for tasks to queue
[2024-02-14T09:29:27.211+0000] {logging_mixin.py:188} INFO - [2024-02-14T09:29:27.210+0000] {dagbag.py:538} INFO - Filling up the DagBag from /home/codespace/.local/share/virtualenvs/airflow_sandbox-vp-HKq_L/lib/python3.10/site-packages/airflow/example_dags/example_skip_dag.py
[2024-02-14T09:29:27.216+0000] {processor.py:840} INFO - DAG(s) 'example_skip_dag' retrieved from /home/codespace/.local/share/virtualenvs/airflow_sandbox-vp-HKq_L/lib/python3.10/site-packages/airflow/example_dags/example_skip_dag.py
[2024-02-14T09:29:27.229+0000] {logging_mixin.py:188} INFO - [2024-02-14T09:29:27.229+0000] {dag.py:3033} INFO - Sync 1 DAGs
[2024-02-14T09:29:27.245+0000] {logging_mixin.py:188} INFO - [2024-02-14T09:29:27.245+0000] {dag.py:3820} INFO - Setting next_dagrun for example_skip_dag to 2024-02-13T00:00:00+00:00, run_after=2024-02-14T00:00:00+00:00
[2024-02-14T09:29:27.289+0000] {processor.py:183} INFO - Processing /home/codespace/.local/share/virtualenvs/airflow_sandbox-vp-HKq_L/lib/python3.10/site-packages/airflow/example_dags/example_skip_dag.py took 0.082 seconds
[2024-02-14T09:30:01.794+0000] {processor.py:161} INFO - Started process (PID=16383) to work on /home/codespace/.local/share/virtualenvs/airflow_sandbox-vp-HKq_L/lib/python3.10/site-packages/airflow/example_dags/example_skip_dag.py
[2024-02-14T09:30:01.795+0000] {processor.py:830} INFO - Processing file /home/codespace/.local/share/virtualenvs/airflow_sandbox-vp-HKq_L/lib/python3.10/site-packages/airflow/example_dags/example_skip_dag.py for tasks to queue
[2024-02-14T09:30:01.795+0000] {logging_mixin.py:188} INFO - [2024-02-14T09:30:01.795+0000] {dagbag.py:538} INFO - Filling up the DagBag from /home/codespace/.local/share/virtualenvs/airflow_sandbox-vp-HKq_L/lib/python3.10/site-packages/airflow/example_dags/example_skip_dag.py
[2024-02-14T09:30:01.801+0000] {processor.py:840} INFO - DAG(s) 'example_skip_dag' retrieved from /home/codespace/.local/share/virtualenvs/airflow_sandbox-vp-HKq_L/lib/python3.10/site-packages/airflow/example_dags/example_skip_dag.py
[2024-02-14T09:30:01.814+0000] {logging_mixin.py:188} INFO - [2024-02-14T09:30:01.814+0000] {dag.py:3033} INFO - Sync 1 DAGs
[2024-02-14T09:30:01.831+0000] {logging_mixin.py:188} INFO - [2024-02-14T09:30:01.830+0000] {dag.py:3820} INFO - Setting next_dagrun for example_skip_dag to 2024-02-13T00:00:00+00:00, run_after=2024-02-14T00:00:00+00:00
[2024-02-14T09:30:01.873+0000] {processor.py:183} INFO - Processing /home/codespace/.local/share/virtualenvs/airflow_sandbox-vp-HKq_L/lib/python3.10/site-packages/airflow/example_dags/example_skip_dag.py took 0.082 seconds
[2024-02-14T09:30:35.833+0000] {processor.py:161} INFO - Started process (PID=16610) to work on /home/codespace/.local/share/virtualenvs/airflow_sandbox-vp-HKq_L/lib/python3.10/site-packages/airflow/example_dags/example_skip_dag.py
[2024-02-14T09:30:35.834+0000] {processor.py:830} INFO - Processing file /home/codespace/.local/share/virtualenvs/airflow_sandbox-vp-HKq_L/lib/python3.10/site-packages/airflow/example_dags/example_skip_dag.py for tasks to queue
[2024-02-14T09:30:35.835+0000] {logging_mixin.py:188} INFO - [2024-02-14T09:30:35.835+0000] {dagbag.py:538} INFO - Filling up the DagBag from /home/codespace/.local/share/virtualenvs/airflow_sandbox-vp-HKq_L/lib/python3.10/site-packages/airflow/example_dags/example_skip_dag.py
[2024-02-14T09:30:35.840+0000] {processor.py:840} INFO - DAG(s) 'example_skip_dag' retrieved from /home/codespace/.local/share/virtualenvs/airflow_sandbox-vp-HKq_L/lib/python3.10/site-packages/airflow/example_dags/example_skip_dag.py
[2024-02-14T09:30:35.858+0000] {logging_mixin.py:188} INFO - [2024-02-14T09:30:35.858+0000] {dag.py:3033} INFO - Sync 1 DAGs
[2024-02-14T09:30:35.873+0000] {logging_mixin.py:188} INFO - [2024-02-14T09:30:35.872+0000] {dag.py:3820} INFO - Setting next_dagrun for example_skip_dag to 2024-02-13T00:00:00+00:00, run_after=2024-02-14T00:00:00+00:00
[2024-02-14T09:30:35.928+0000] {processor.py:183} INFO - Processing /home/codespace/.local/share/virtualenvs/airflow_sandbox-vp-HKq_L/lib/python3.10/site-packages/airflow/example_dags/example_skip_dag.py took 0.097 seconds
[2024-02-14T09:31:10.885+0000] {processor.py:161} INFO - Started process (PID=16881) to work on /home/codespace/.local/share/virtualenvs/airflow_sandbox-vp-HKq_L/lib/python3.10/site-packages/airflow/example_dags/example_skip_dag.py
[2024-02-14T09:31:10.886+0000] {processor.py:830} INFO - Processing file /home/codespace/.local/share/virtualenvs/airflow_sandbox-vp-HKq_L/lib/python3.10/site-packages/airflow/example_dags/example_skip_dag.py for tasks to queue
[2024-02-14T09:31:10.887+0000] {logging_mixin.py:188} INFO - [2024-02-14T09:31:10.887+0000] {dagbag.py:538} INFO - Filling up the DagBag from /home/codespace/.local/share/virtualenvs/airflow_sandbox-vp-HKq_L/lib/python3.10/site-packages/airflow/example_dags/example_skip_dag.py
[2024-02-14T09:31:10.893+0000] {processor.py:840} INFO - DAG(s) 'example_skip_dag' retrieved from /home/codespace/.local/share/virtualenvs/airflow_sandbox-vp-HKq_L/lib/python3.10/site-packages/airflow/example_dags/example_skip_dag.py
[2024-02-14T09:31:10.907+0000] {logging_mixin.py:188} INFO - [2024-02-14T09:31:10.907+0000] {dag.py:3033} INFO - Sync 1 DAGs
[2024-02-14T09:31:10.923+0000] {logging_mixin.py:188} INFO - [2024-02-14T09:31:10.923+0000] {dag.py:3820} INFO - Setting next_dagrun for example_skip_dag to 2024-02-13T00:00:00+00:00, run_after=2024-02-14T00:00:00+00:00
[2024-02-14T09:31:10.965+0000] {processor.py:183} INFO - Processing /home/codespace/.local/share/virtualenvs/airflow_sandbox-vp-HKq_L/lib/python3.10/site-packages/airflow/example_dags/example_skip_dag.py took 0.084 seconds
[2024-02-14T09:31:45.675+0000] {processor.py:161} INFO - Started process (PID=17112) to work on /home/codespace/.local/share/virtualenvs/airflow_sandbox-vp-HKq_L/lib/python3.10/site-packages/airflow/example_dags/example_skip_dag.py
[2024-02-14T09:31:45.676+0000] {processor.py:830} INFO - Processing file /home/codespace/.local/share/virtualenvs/airflow_sandbox-vp-HKq_L/lib/python3.10/site-packages/airflow/example_dags/example_skip_dag.py for tasks to queue
[2024-02-14T09:31:45.676+0000] {logging_mixin.py:188} INFO - [2024-02-14T09:31:45.676+0000] {dagbag.py:538} INFO - Filling up the DagBag from /home/codespace/.local/share/virtualenvs/airflow_sandbox-vp-HKq_L/lib/python3.10/site-packages/airflow/example_dags/example_skip_dag.py
[2024-02-14T09:31:45.682+0000] {processor.py:840} INFO - DAG(s) 'example_skip_dag' retrieved from /home/codespace/.local/share/virtualenvs/airflow_sandbox-vp-HKq_L/lib/python3.10/site-packages/airflow/example_dags/example_skip_dag.py
[2024-02-14T09:31:45.695+0000] {logging_mixin.py:188} INFO - [2024-02-14T09:31:45.695+0000] {dag.py:3033} INFO - Sync 1 DAGs
[2024-02-14T09:31:45.710+0000] {logging_mixin.py:188} INFO - [2024-02-14T09:31:45.709+0000] {dag.py:3820} INFO - Setting next_dagrun for example_skip_dag to 2024-02-13T00:00:00+00:00, run_after=2024-02-14T00:00:00+00:00
[2024-02-14T09:31:45.751+0000] {processor.py:183} INFO - Processing /home/codespace/.local/share/virtualenvs/airflow_sandbox-vp-HKq_L/lib/python3.10/site-packages/airflow/example_dags/example_skip_dag.py took 0.079 seconds
[2024-02-14T09:32:22.739+0000] {processor.py:161} INFO - Started process (PID=17373) to work on /home/codespace/.local/share/virtualenvs/airflow_sandbox-vp-HKq_L/lib/python3.10/site-packages/airflow/example_dags/example_skip_dag.py
[2024-02-14T09:32:22.740+0000] {processor.py:830} INFO - Processing file /home/codespace/.local/share/virtualenvs/airflow_sandbox-vp-HKq_L/lib/python3.10/site-packages/airflow/example_dags/example_skip_dag.py for tasks to queue
[2024-02-14T09:32:22.741+0000] {logging_mixin.py:188} INFO - [2024-02-14T09:32:22.740+0000] {dagbag.py:538} INFO - Filling up the DagBag from /home/codespace/.local/share/virtualenvs/airflow_sandbox-vp-HKq_L/lib/python3.10/site-packages/airflow/example_dags/example_skip_dag.py
[2024-02-14T09:32:22.746+0000] {processor.py:840} INFO - DAG(s) 'example_skip_dag' retrieved from /home/codespace/.local/share/virtualenvs/airflow_sandbox-vp-HKq_L/lib/python3.10/site-packages/airflow/example_dags/example_skip_dag.py
[2024-02-14T09:32:22.759+0000] {logging_mixin.py:188} INFO - [2024-02-14T09:32:22.759+0000] {dag.py:3033} INFO - Sync 1 DAGs
[2024-02-14T09:32:22.776+0000] {logging_mixin.py:188} INFO - [2024-02-14T09:32:22.776+0000] {dag.py:3820} INFO - Setting next_dagrun for example_skip_dag to 2024-02-13T00:00:00+00:00, run_after=2024-02-14T00:00:00+00:00
[2024-02-14T09:32:22.818+0000] {processor.py:183} INFO - Processing /home/codespace/.local/share/virtualenvs/airflow_sandbox-vp-HKq_L/lib/python3.10/site-packages/airflow/example_dags/example_skip_dag.py took 0.081 seconds
[2024-02-14T09:32:57.915+0000] {processor.py:161} INFO - Started process (PID=17639) to work on /home/codespace/.local/share/virtualenvs/airflow_sandbox-vp-HKq_L/lib/python3.10/site-packages/airflow/example_dags/example_skip_dag.py
[2024-02-14T09:32:57.915+0000] {processor.py:830} INFO - Processing file /home/codespace/.local/share/virtualenvs/airflow_sandbox-vp-HKq_L/lib/python3.10/site-packages/airflow/example_dags/example_skip_dag.py for tasks to queue
[2024-02-14T09:32:57.916+0000] {logging_mixin.py:188} INFO - [2024-02-14T09:32:57.916+0000] {dagbag.py:538} INFO - Filling up the DagBag from /home/codespace/.local/share/virtualenvs/airflow_sandbox-vp-HKq_L/lib/python3.10/site-packages/airflow/example_dags/example_skip_dag.py
[2024-02-14T09:32:57.922+0000] {processor.py:840} INFO - DAG(s) 'example_skip_dag' retrieved from /home/codespace/.local/share/virtualenvs/airflow_sandbox-vp-HKq_L/lib/python3.10/site-packages/airflow/example_dags/example_skip_dag.py
[2024-02-14T09:32:57.937+0000] {logging_mixin.py:188} INFO - [2024-02-14T09:32:57.937+0000] {dag.py:3033} INFO - Sync 1 DAGs
[2024-02-14T09:32:57.952+0000] {logging_mixin.py:188} INFO - [2024-02-14T09:32:57.952+0000] {dag.py:3820} INFO - Setting next_dagrun for example_skip_dag to 2024-02-13T00:00:00+00:00, run_after=2024-02-14T00:00:00+00:00
[2024-02-14T09:32:58.003+0000] {processor.py:183} INFO - Processing /home/codespace/.local/share/virtualenvs/airflow_sandbox-vp-HKq_L/lib/python3.10/site-packages/airflow/example_dags/example_skip_dag.py took 0.090 seconds
[2024-02-14T09:33:32.856+0000] {processor.py:161} INFO - Started process (PID=17896) to work on /home/codespace/.local/share/virtualenvs/airflow_sandbox-vp-HKq_L/lib/python3.10/site-packages/airflow/example_dags/example_skip_dag.py
[2024-02-14T09:33:32.857+0000] {processor.py:830} INFO - Processing file /home/codespace/.local/share/virtualenvs/airflow_sandbox-vp-HKq_L/lib/python3.10/site-packages/airflow/example_dags/example_skip_dag.py for tasks to queue
[2024-02-14T09:33:32.858+0000] {logging_mixin.py:188} INFO - [2024-02-14T09:33:32.857+0000] {dagbag.py:538} INFO - Filling up the DagBag from /home/codespace/.local/share/virtualenvs/airflow_sandbox-vp-HKq_L/lib/python3.10/site-packages/airflow/example_dags/example_skip_dag.py
[2024-02-14T09:33:32.866+0000] {processor.py:840} INFO - DAG(s) 'example_skip_dag' retrieved from /home/codespace/.local/share/virtualenvs/airflow_sandbox-vp-HKq_L/lib/python3.10/site-packages/airflow/example_dags/example_skip_dag.py
[2024-02-14T09:33:32.887+0000] {logging_mixin.py:188} INFO - [2024-02-14T09:33:32.887+0000] {dag.py:3033} INFO - Sync 1 DAGs
[2024-02-14T09:33:32.909+0000] {logging_mixin.py:188} INFO - [2024-02-14T09:33:32.909+0000] {dag.py:3820} INFO - Setting next_dagrun for example_skip_dag to 2024-02-13T00:00:00+00:00, run_after=2024-02-14T00:00:00+00:00
[2024-02-14T09:33:32.954+0000] {processor.py:183} INFO - Processing /home/codespace/.local/share/virtualenvs/airflow_sandbox-vp-HKq_L/lib/python3.10/site-packages/airflow/example_dags/example_skip_dag.py took 0.101 seconds
[2024-02-14T09:34:06.616+0000] {processor.py:161} INFO - Started process (PID=18141) to work on /home/codespace/.local/share/virtualenvs/airflow_sandbox-vp-HKq_L/lib/python3.10/site-packages/airflow/example_dags/example_skip_dag.py
[2024-02-14T09:34:06.617+0000] {processor.py:830} INFO - Processing file /home/codespace/.local/share/virtualenvs/airflow_sandbox-vp-HKq_L/lib/python3.10/site-packages/airflow/example_dags/example_skip_dag.py for tasks to queue
[2024-02-14T09:34:06.617+0000] {logging_mixin.py:188} INFO - [2024-02-14T09:34:06.617+0000] {dagbag.py:538} INFO - Filling up the DagBag from /home/codespace/.local/share/virtualenvs/airflow_sandbox-vp-HKq_L/lib/python3.10/site-packages/airflow/example_dags/example_skip_dag.py
[2024-02-14T09:34:06.623+0000] {processor.py:840} INFO - DAG(s) 'example_skip_dag' retrieved from /home/codespace/.local/share/virtualenvs/airflow_sandbox-vp-HKq_L/lib/python3.10/site-packages/airflow/example_dags/example_skip_dag.py
[2024-02-14T09:34:06.638+0000] {logging_mixin.py:188} INFO - [2024-02-14T09:34:06.637+0000] {dag.py:3033} INFO - Sync 1 DAGs
[2024-02-14T09:34:06.655+0000] {logging_mixin.py:188} INFO - [2024-02-14T09:34:06.655+0000] {dag.py:3820} INFO - Setting next_dagrun for example_skip_dag to 2024-02-13T00:00:00+00:00, run_after=2024-02-14T00:00:00+00:00
[2024-02-14T09:34:06.699+0000] {processor.py:183} INFO - Processing /home/codespace/.local/share/virtualenvs/airflow_sandbox-vp-HKq_L/lib/python3.10/site-packages/airflow/example_dags/example_skip_dag.py took 0.085 seconds
[2024-02-14T09:34:43.048+0000] {processor.py:161} INFO - Started process (PID=18521) to work on /home/codespace/.local/share/virtualenvs/airflow_sandbox-vp-HKq_L/lib/python3.10/site-packages/airflow/example_dags/example_skip_dag.py
[2024-02-14T09:34:43.049+0000] {processor.py:830} INFO - Processing file /home/codespace/.local/share/virtualenvs/airflow_sandbox-vp-HKq_L/lib/python3.10/site-packages/airflow/example_dags/example_skip_dag.py for tasks to queue
[2024-02-14T09:34:43.050+0000] {logging_mixin.py:188} INFO - [2024-02-14T09:34:43.050+0000] {dagbag.py:538} INFO - Filling up the DagBag from /home/codespace/.local/share/virtualenvs/airflow_sandbox-vp-HKq_L/lib/python3.10/site-packages/airflow/example_dags/example_skip_dag.py
[2024-02-14T09:34:43.059+0000] {processor.py:840} INFO - DAG(s) 'example_skip_dag' retrieved from /home/codespace/.local/share/virtualenvs/airflow_sandbox-vp-HKq_L/lib/python3.10/site-packages/airflow/example_dags/example_skip_dag.py
[2024-02-14T09:34:43.080+0000] {logging_mixin.py:188} INFO - [2024-02-14T09:34:43.080+0000] {dag.py:3033} INFO - Sync 1 DAGs
[2024-02-14T09:34:43.104+0000] {logging_mixin.py:188} INFO - [2024-02-14T09:34:43.104+0000] {dag.py:3820} INFO - Setting next_dagrun for example_skip_dag to 2024-02-13T00:00:00+00:00, run_after=2024-02-14T00:00:00+00:00
[2024-02-14T09:34:43.147+0000] {processor.py:183} INFO - Processing /home/codespace/.local/share/virtualenvs/airflow_sandbox-vp-HKq_L/lib/python3.10/site-packages/airflow/example_dags/example_skip_dag.py took 0.102 seconds
