[2024-02-14T09:07:37.034+0000] {processor.py:161} INFO - Started process (PID=4463) to work on /home/codespace/.local/share/virtualenvs/airflow_sandbox-vp-HKq_L/lib/python3.10/site-packages/airflow/example_dags/example_short_circuit_operator.py
[2024-02-14T09:07:37.034+0000] {processor.py:830} INFO - Processing file /home/codespace/.local/share/virtualenvs/airflow_sandbox-vp-HKq_L/lib/python3.10/site-packages/airflow/example_dags/example_short_circuit_operator.py for tasks to queue
[2024-02-14T09:07:37.035+0000] {logging_mixin.py:188} INFO - [2024-02-14T09:07:37.035+0000] {dagbag.py:538} INFO - Filling up the DagBag from /home/codespace/.local/share/virtualenvs/airflow_sandbox-vp-HKq_L/lib/python3.10/site-packages/airflow/example_dags/example_short_circuit_operator.py
[2024-02-14T09:07:37.043+0000] {processor.py:840} INFO - DAG(s) 'example_short_circuit_operator' retrieved from /home/codespace/.local/share/virtualenvs/airflow_sandbox-vp-HKq_L/lib/python3.10/site-packages/airflow/example_dags/example_short_circuit_operator.py
[2024-02-14T09:07:37.061+0000] {logging_mixin.py:188} INFO - [2024-02-14T09:07:37.061+0000] {dag.py:3033} INFO - Sync 1 DAGs
[2024-02-14T09:07:37.166+0000] {logging_mixin.py:188} INFO - [2024-02-14T09:07:37.166+0000] {dag.py:3820} INFO - Setting next_dagrun for example_short_circuit_operator to 2024-02-13T00:00:00+00:00, run_after=2024-02-14T00:00:00+00:00
[2024-02-14T09:07:37.208+0000] {processor.py:183} INFO - Processing /home/codespace/.local/share/virtualenvs/airflow_sandbox-vp-HKq_L/lib/python3.10/site-packages/airflow/example_dags/example_short_circuit_operator.py took 0.176 seconds
[2024-02-14T09:08:28.129+0000] {processor.py:161} INFO - Started process (PID=5054) to work on /home/codespace/.local/share/virtualenvs/airflow_sandbox-vp-HKq_L/lib/python3.10/site-packages/airflow/example_dags/example_short_circuit_operator.py
[2024-02-14T09:08:28.129+0000] {processor.py:830} INFO - Processing file /home/codespace/.local/share/virtualenvs/airflow_sandbox-vp-HKq_L/lib/python3.10/site-packages/airflow/example_dags/example_short_circuit_operator.py for tasks to queue
[2024-02-14T09:08:28.130+0000] {logging_mixin.py:188} INFO - [2024-02-14T09:08:28.130+0000] {dagbag.py:538} INFO - Filling up the DagBag from /home/codespace/.local/share/virtualenvs/airflow_sandbox-vp-HKq_L/lib/python3.10/site-packages/airflow/example_dags/example_short_circuit_operator.py
[2024-02-14T09:08:28.136+0000] {processor.py:840} INFO - DAG(s) 'example_short_circuit_operator' retrieved from /home/codespace/.local/share/virtualenvs/airflow_sandbox-vp-HKq_L/lib/python3.10/site-packages/airflow/example_dags/example_short_circuit_operator.py
[2024-02-14T09:08:28.151+0000] {logging_mixin.py:188} INFO - [2024-02-14T09:08:28.151+0000] {dag.py:3033} INFO - Sync 1 DAGs
[2024-02-14T09:08:28.167+0000] {logging_mixin.py:188} INFO - [2024-02-14T09:08:28.166+0000] {dag.py:3820} INFO - Setting next_dagrun for example_short_circuit_operator to 2024-02-13T00:00:00+00:00, run_after=2024-02-14T00:00:00+00:00
[2024-02-14T09:08:28.209+0000] {processor.py:183} INFO - Processing /home/codespace/.local/share/virtualenvs/airflow_sandbox-vp-HKq_L/lib/python3.10/site-packages/airflow/example_dags/example_short_circuit_operator.py took 0.083 seconds
[2024-02-14T09:09:15.509+0000] {processor.py:161} INFO - Started process (PID=5784) to work on /home/codespace/.local/share/virtualenvs/airflow_sandbox-vp-HKq_L/lib/python3.10/site-packages/airflow/example_dags/example_short_circuit_operator.py
[2024-02-14T09:09:15.510+0000] {processor.py:830} INFO - Processing file /home/codespace/.local/share/virtualenvs/airflow_sandbox-vp-HKq_L/lib/python3.10/site-packages/airflow/example_dags/example_short_circuit_operator.py for tasks to queue
[2024-02-14T09:09:15.511+0000] {logging_mixin.py:188} INFO - [2024-02-14T09:09:15.510+0000] {dagbag.py:538} INFO - Filling up the DagBag from /home/codespace/.local/share/virtualenvs/airflow_sandbox-vp-HKq_L/lib/python3.10/site-packages/airflow/example_dags/example_short_circuit_operator.py
[2024-02-14T09:09:15.518+0000] {processor.py:840} INFO - DAG(s) 'example_short_circuit_operator' retrieved from /home/codespace/.local/share/virtualenvs/airflow_sandbox-vp-HKq_L/lib/python3.10/site-packages/airflow/example_dags/example_short_circuit_operator.py
[2024-02-14T09:09:15.533+0000] {logging_mixin.py:188} INFO - [2024-02-14T09:09:15.533+0000] {dag.py:3033} INFO - Sync 1 DAGs
[2024-02-14T09:09:15.548+0000] {logging_mixin.py:188} INFO - [2024-02-14T09:09:15.548+0000] {dag.py:3820} INFO - Setting next_dagrun for example_short_circuit_operator to 2024-02-13T00:00:00+00:00, run_after=2024-02-14T00:00:00+00:00
[2024-02-14T09:09:15.607+0000] {processor.py:183} INFO - Processing /home/codespace/.local/share/virtualenvs/airflow_sandbox-vp-HKq_L/lib/python3.10/site-packages/airflow/example_dags/example_short_circuit_operator.py took 0.101 seconds
[2024-02-14T09:10:00.465+0000] {processor.py:161} INFO - Started process (PID=6396) to work on /home/codespace/.local/share/virtualenvs/airflow_sandbox-vp-HKq_L/lib/python3.10/site-packages/airflow/example_dags/example_short_circuit_operator.py
[2024-02-14T09:10:00.465+0000] {processor.py:830} INFO - Processing file /home/codespace/.local/share/virtualenvs/airflow_sandbox-vp-HKq_L/lib/python3.10/site-packages/airflow/example_dags/example_short_circuit_operator.py for tasks to queue
[2024-02-14T09:10:00.466+0000] {logging_mixin.py:188} INFO - [2024-02-14T09:10:00.466+0000] {dagbag.py:538} INFO - Filling up the DagBag from /home/codespace/.local/share/virtualenvs/airflow_sandbox-vp-HKq_L/lib/python3.10/site-packages/airflow/example_dags/example_short_circuit_operator.py
[2024-02-14T09:10:00.472+0000] {processor.py:840} INFO - DAG(s) 'example_short_circuit_operator' retrieved from /home/codespace/.local/share/virtualenvs/airflow_sandbox-vp-HKq_L/lib/python3.10/site-packages/airflow/example_dags/example_short_circuit_operator.py
[2024-02-14T09:10:00.489+0000] {logging_mixin.py:188} INFO - [2024-02-14T09:10:00.489+0000] {dag.py:3033} INFO - Sync 1 DAGs
[2024-02-14T09:10:00.506+0000] {logging_mixin.py:188} INFO - [2024-02-14T09:10:00.505+0000] {dag.py:3820} INFO - Setting next_dagrun for example_short_circuit_operator to 2024-02-13T00:00:00+00:00, run_after=2024-02-14T00:00:00+00:00
[2024-02-14T09:10:00.551+0000] {processor.py:183} INFO - Processing /home/codespace/.local/share/virtualenvs/airflow_sandbox-vp-HKq_L/lib/python3.10/site-packages/airflow/example_dags/example_short_circuit_operator.py took 0.089 seconds
[2024-02-14T09:10:36.876+0000] {processor.py:161} INFO - Started process (PID=6781) to work on /home/codespace/.local/share/virtualenvs/airflow_sandbox-vp-HKq_L/lib/python3.10/site-packages/airflow/example_dags/example_short_circuit_operator.py
[2024-02-14T09:10:36.877+0000] {processor.py:830} INFO - Processing file /home/codespace/.local/share/virtualenvs/airflow_sandbox-vp-HKq_L/lib/python3.10/site-packages/airflow/example_dags/example_short_circuit_operator.py for tasks to queue
[2024-02-14T09:10:36.877+0000] {logging_mixin.py:188} INFO - [2024-02-14T09:10:36.877+0000] {dagbag.py:538} INFO - Filling up the DagBag from /home/codespace/.local/share/virtualenvs/airflow_sandbox-vp-HKq_L/lib/python3.10/site-packages/airflow/example_dags/example_short_circuit_operator.py
[2024-02-14T09:10:36.884+0000] {processor.py:840} INFO - DAG(s) 'example_short_circuit_operator' retrieved from /home/codespace/.local/share/virtualenvs/airflow_sandbox-vp-HKq_L/lib/python3.10/site-packages/airflow/example_dags/example_short_circuit_operator.py
[2024-02-14T09:10:36.898+0000] {logging_mixin.py:188} INFO - [2024-02-14T09:10:36.898+0000] {dag.py:3033} INFO - Sync 1 DAGs
[2024-02-14T09:10:36.913+0000] {logging_mixin.py:188} INFO - [2024-02-14T09:10:36.913+0000] {dag.py:3820} INFO - Setting next_dagrun for example_short_circuit_operator to 2024-02-13T00:00:00+00:00, run_after=2024-02-14T00:00:00+00:00
[2024-02-14T09:10:36.956+0000] {processor.py:183} INFO - Processing /home/codespace/.local/share/virtualenvs/airflow_sandbox-vp-HKq_L/lib/python3.10/site-packages/airflow/example_dags/example_short_circuit_operator.py took 0.082 seconds
[2024-02-14T09:11:13.302+0000] {processor.py:161} INFO - Started process (PID=7240) to work on /home/codespace/.local/share/virtualenvs/airflow_sandbox-vp-HKq_L/lib/python3.10/site-packages/airflow/example_dags/example_short_circuit_operator.py
[2024-02-14T09:11:13.303+0000] {processor.py:830} INFO - Processing file /home/codespace/.local/share/virtualenvs/airflow_sandbox-vp-HKq_L/lib/python3.10/site-packages/airflow/example_dags/example_short_circuit_operator.py for tasks to queue
[2024-02-14T09:11:13.304+0000] {logging_mixin.py:188} INFO - [2024-02-14T09:11:13.303+0000] {dagbag.py:538} INFO - Filling up the DagBag from /home/codespace/.local/share/virtualenvs/airflow_sandbox-vp-HKq_L/lib/python3.10/site-packages/airflow/example_dags/example_short_circuit_operator.py
[2024-02-14T09:11:13.310+0000] {processor.py:840} INFO - DAG(s) 'example_short_circuit_operator' retrieved from /home/codespace/.local/share/virtualenvs/airflow_sandbox-vp-HKq_L/lib/python3.10/site-packages/airflow/example_dags/example_short_circuit_operator.py
[2024-02-14T09:11:13.327+0000] {logging_mixin.py:188} INFO - [2024-02-14T09:11:13.327+0000] {dag.py:3033} INFO - Sync 1 DAGs
[2024-02-14T09:11:13.346+0000] {logging_mixin.py:188} INFO - [2024-02-14T09:11:13.346+0000] {dag.py:3820} INFO - Setting next_dagrun for example_short_circuit_operator to 2024-02-13T00:00:00+00:00, run_after=2024-02-14T00:00:00+00:00
[2024-02-14T09:11:13.392+0000] {processor.py:183} INFO - Processing /home/codespace/.local/share/virtualenvs/airflow_sandbox-vp-HKq_L/lib/python3.10/site-packages/airflow/example_dags/example_short_circuit_operator.py took 0.093 seconds
[2024-02-14T09:11:52.362+0000] {processor.py:161} INFO - Started process (PID=7796) to work on /home/codespace/.local/share/virtualenvs/airflow_sandbox-vp-HKq_L/lib/python3.10/site-packages/airflow/example_dags/example_short_circuit_operator.py
[2024-02-14T09:11:52.363+0000] {processor.py:830} INFO - Processing file /home/codespace/.local/share/virtualenvs/airflow_sandbox-vp-HKq_L/lib/python3.10/site-packages/airflow/example_dags/example_short_circuit_operator.py for tasks to queue
[2024-02-14T09:11:52.364+0000] {logging_mixin.py:188} INFO - [2024-02-14T09:11:52.364+0000] {dagbag.py:538} INFO - Filling up the DagBag from /home/codespace/.local/share/virtualenvs/airflow_sandbox-vp-HKq_L/lib/python3.10/site-packages/airflow/example_dags/example_short_circuit_operator.py
[2024-02-14T09:11:52.370+0000] {processor.py:840} INFO - DAG(s) 'example_short_circuit_operator' retrieved from /home/codespace/.local/share/virtualenvs/airflow_sandbox-vp-HKq_L/lib/python3.10/site-packages/airflow/example_dags/example_short_circuit_operator.py
[2024-02-14T09:11:52.384+0000] {logging_mixin.py:188} INFO - [2024-02-14T09:11:52.384+0000] {dag.py:3033} INFO - Sync 1 DAGs
[2024-02-14T09:11:52.399+0000] {logging_mixin.py:188} INFO - [2024-02-14T09:11:52.398+0000] {dag.py:3820} INFO - Setting next_dagrun for example_short_circuit_operator to 2024-02-13T00:00:00+00:00, run_after=2024-02-14T00:00:00+00:00
[2024-02-14T09:11:52.442+0000] {processor.py:183} INFO - Processing /home/codespace/.local/share/virtualenvs/airflow_sandbox-vp-HKq_L/lib/python3.10/site-packages/airflow/example_dags/example_short_circuit_operator.py took 0.082 seconds
[2024-02-14T09:12:39.712+0000] {processor.py:161} INFO - Started process (PID=8197) to work on /home/codespace/.local/share/virtualenvs/airflow_sandbox-vp-HKq_L/lib/python3.10/site-packages/airflow/example_dags/example_short_circuit_operator.py
[2024-02-14T09:12:39.713+0000] {processor.py:830} INFO - Processing file /home/codespace/.local/share/virtualenvs/airflow_sandbox-vp-HKq_L/lib/python3.10/site-packages/airflow/example_dags/example_short_circuit_operator.py for tasks to queue
[2024-02-14T09:12:39.713+0000] {logging_mixin.py:188} INFO - [2024-02-14T09:12:39.713+0000] {dagbag.py:538} INFO - Filling up the DagBag from /home/codespace/.local/share/virtualenvs/airflow_sandbox-vp-HKq_L/lib/python3.10/site-packages/airflow/example_dags/example_short_circuit_operator.py
[2024-02-14T09:12:39.720+0000] {processor.py:840} INFO - DAG(s) 'example_short_circuit_operator' retrieved from /home/codespace/.local/share/virtualenvs/airflow_sandbox-vp-HKq_L/lib/python3.10/site-packages/airflow/example_dags/example_short_circuit_operator.py
[2024-02-14T09:12:39.736+0000] {logging_mixin.py:188} INFO - [2024-02-14T09:12:39.736+0000] {dag.py:3033} INFO - Sync 1 DAGs
[2024-02-14T09:12:39.752+0000] {logging_mixin.py:188} INFO - [2024-02-14T09:12:39.752+0000] {dag.py:3820} INFO - Setting next_dagrun for example_short_circuit_operator to 2024-02-13T00:00:00+00:00, run_after=2024-02-14T00:00:00+00:00
[2024-02-14T09:12:39.802+0000] {processor.py:183} INFO - Processing /home/codespace/.local/share/virtualenvs/airflow_sandbox-vp-HKq_L/lib/python3.10/site-packages/airflow/example_dags/example_short_circuit_operator.py took 0.092 seconds
[2024-02-14T09:13:18.174+0000] {processor.py:161} INFO - Started process (PID=8538) to work on /home/codespace/.local/share/virtualenvs/airflow_sandbox-vp-HKq_L/lib/python3.10/site-packages/airflow/example_dags/example_short_circuit_operator.py
[2024-02-14T09:13:18.175+0000] {processor.py:830} INFO - Processing file /home/codespace/.local/share/virtualenvs/airflow_sandbox-vp-HKq_L/lib/python3.10/site-packages/airflow/example_dags/example_short_circuit_operator.py for tasks to queue
[2024-02-14T09:13:18.175+0000] {logging_mixin.py:188} INFO - [2024-02-14T09:13:18.175+0000] {dagbag.py:538} INFO - Filling up the DagBag from /home/codespace/.local/share/virtualenvs/airflow_sandbox-vp-HKq_L/lib/python3.10/site-packages/airflow/example_dags/example_short_circuit_operator.py
[2024-02-14T09:13:18.182+0000] {processor.py:840} INFO - DAG(s) 'example_short_circuit_operator' retrieved from /home/codespace/.local/share/virtualenvs/airflow_sandbox-vp-HKq_L/lib/python3.10/site-packages/airflow/example_dags/example_short_circuit_operator.py
[2024-02-14T09:13:18.196+0000] {logging_mixin.py:188} INFO - [2024-02-14T09:13:18.196+0000] {dag.py:3033} INFO - Sync 1 DAGs
[2024-02-14T09:13:18.212+0000] {logging_mixin.py:188} INFO - [2024-02-14T09:13:18.212+0000] {dag.py:3820} INFO - Setting next_dagrun for example_short_circuit_operator to 2024-02-13T00:00:00+00:00, run_after=2024-02-14T00:00:00+00:00
[2024-02-14T09:13:18.253+0000] {processor.py:183} INFO - Processing /home/codespace/.local/share/virtualenvs/airflow_sandbox-vp-HKq_L/lib/python3.10/site-packages/airflow/example_dags/example_short_circuit_operator.py took 0.083 seconds
[2024-02-14T09:13:52.497+0000] {processor.py:161} INFO - Started process (PID=8837) to work on /home/codespace/.local/share/virtualenvs/airflow_sandbox-vp-HKq_L/lib/python3.10/site-packages/airflow/example_dags/example_short_circuit_operator.py
[2024-02-14T09:13:52.498+0000] {processor.py:830} INFO - Processing file /home/codespace/.local/share/virtualenvs/airflow_sandbox-vp-HKq_L/lib/python3.10/site-packages/airflow/example_dags/example_short_circuit_operator.py for tasks to queue
[2024-02-14T09:13:52.499+0000] {logging_mixin.py:188} INFO - [2024-02-14T09:13:52.498+0000] {dagbag.py:538} INFO - Filling up the DagBag from /home/codespace/.local/share/virtualenvs/airflow_sandbox-vp-HKq_L/lib/python3.10/site-packages/airflow/example_dags/example_short_circuit_operator.py
[2024-02-14T09:13:52.506+0000] {processor.py:840} INFO - DAG(s) 'example_short_circuit_operator' retrieved from /home/codespace/.local/share/virtualenvs/airflow_sandbox-vp-HKq_L/lib/python3.10/site-packages/airflow/example_dags/example_short_circuit_operator.py
[2024-02-14T09:13:52.521+0000] {logging_mixin.py:188} INFO - [2024-02-14T09:13:52.521+0000] {dag.py:3033} INFO - Sync 1 DAGs
[2024-02-14T09:13:52.536+0000] {logging_mixin.py:188} INFO - [2024-02-14T09:13:52.536+0000] {dag.py:3820} INFO - Setting next_dagrun for example_short_circuit_operator to 2024-02-13T00:00:00+00:00, run_after=2024-02-14T00:00:00+00:00
[2024-02-14T09:13:52.577+0000] {processor.py:183} INFO - Processing /home/codespace/.local/share/virtualenvs/airflow_sandbox-vp-HKq_L/lib/python3.10/site-packages/airflow/example_dags/example_short_circuit_operator.py took 0.082 seconds
[2024-02-14T09:14:28.853+0000] {processor.py:161} INFO - Started process (PID=9083) to work on /home/codespace/.local/share/virtualenvs/airflow_sandbox-vp-HKq_L/lib/python3.10/site-packages/airflow/example_dags/example_short_circuit_operator.py
[2024-02-14T09:14:28.854+0000] {processor.py:830} INFO - Processing file /home/codespace/.local/share/virtualenvs/airflow_sandbox-vp-HKq_L/lib/python3.10/site-packages/airflow/example_dags/example_short_circuit_operator.py for tasks to queue
[2024-02-14T09:14:28.854+0000] {logging_mixin.py:188} INFO - [2024-02-14T09:14:28.854+0000] {dagbag.py:538} INFO - Filling up the DagBag from /home/codespace/.local/share/virtualenvs/airflow_sandbox-vp-HKq_L/lib/python3.10/site-packages/airflow/example_dags/example_short_circuit_operator.py
[2024-02-14T09:14:28.861+0000] {processor.py:840} INFO - DAG(s) 'example_short_circuit_operator' retrieved from /home/codespace/.local/share/virtualenvs/airflow_sandbox-vp-HKq_L/lib/python3.10/site-packages/airflow/example_dags/example_short_circuit_operator.py
[2024-02-14T09:14:28.877+0000] {logging_mixin.py:188} INFO - [2024-02-14T09:14:28.876+0000] {dag.py:3033} INFO - Sync 1 DAGs
[2024-02-14T09:14:28.893+0000] {logging_mixin.py:188} INFO - [2024-02-14T09:14:28.893+0000] {dag.py:3820} INFO - Setting next_dagrun for example_short_circuit_operator to 2024-02-13T00:00:00+00:00, run_after=2024-02-14T00:00:00+00:00
[2024-02-14T09:14:28.934+0000] {processor.py:183} INFO - Processing /home/codespace/.local/share/virtualenvs/airflow_sandbox-vp-HKq_L/lib/python3.10/site-packages/airflow/example_dags/example_short_circuit_operator.py took 0.084 seconds
[2024-02-14T09:15:02.504+0000] {processor.py:161} INFO - Started process (PID=9326) to work on /home/codespace/.local/share/virtualenvs/airflow_sandbox-vp-HKq_L/lib/python3.10/site-packages/airflow/example_dags/example_short_circuit_operator.py
[2024-02-14T09:15:02.505+0000] {processor.py:830} INFO - Processing file /home/codespace/.local/share/virtualenvs/airflow_sandbox-vp-HKq_L/lib/python3.10/site-packages/airflow/example_dags/example_short_circuit_operator.py for tasks to queue
[2024-02-14T09:15:02.506+0000] {logging_mixin.py:188} INFO - [2024-02-14T09:15:02.505+0000] {dagbag.py:538} INFO - Filling up the DagBag from /home/codespace/.local/share/virtualenvs/airflow_sandbox-vp-HKq_L/lib/python3.10/site-packages/airflow/example_dags/example_short_circuit_operator.py
[2024-02-14T09:15:02.512+0000] {processor.py:840} INFO - DAG(s) 'example_short_circuit_operator' retrieved from /home/codespace/.local/share/virtualenvs/airflow_sandbox-vp-HKq_L/lib/python3.10/site-packages/airflow/example_dags/example_short_circuit_operator.py
[2024-02-14T09:15:02.527+0000] {logging_mixin.py:188} INFO - [2024-02-14T09:15:02.526+0000] {dag.py:3033} INFO - Sync 1 DAGs
[2024-02-14T09:15:02.543+0000] {logging_mixin.py:188} INFO - [2024-02-14T09:15:02.543+0000] {dag.py:3820} INFO - Setting next_dagrun for example_short_circuit_operator to 2024-02-13T00:00:00+00:00, run_after=2024-02-14T00:00:00+00:00
[2024-02-14T09:15:02.584+0000] {processor.py:183} INFO - Processing /home/codespace/.local/share/virtualenvs/airflow_sandbox-vp-HKq_L/lib/python3.10/site-packages/airflow/example_dags/example_short_circuit_operator.py took 0.082 seconds
[2024-02-14T09:15:38.516+0000] {processor.py:161} INFO - Started process (PID=9571) to work on /home/codespace/.local/share/virtualenvs/airflow_sandbox-vp-HKq_L/lib/python3.10/site-packages/airflow/example_dags/example_short_circuit_operator.py
[2024-02-14T09:15:38.517+0000] {processor.py:830} INFO - Processing file /home/codespace/.local/share/virtualenvs/airflow_sandbox-vp-HKq_L/lib/python3.10/site-packages/airflow/example_dags/example_short_circuit_operator.py for tasks to queue
[2024-02-14T09:15:38.518+0000] {logging_mixin.py:188} INFO - [2024-02-14T09:15:38.518+0000] {dagbag.py:538} INFO - Filling up the DagBag from /home/codespace/.local/share/virtualenvs/airflow_sandbox-vp-HKq_L/lib/python3.10/site-packages/airflow/example_dags/example_short_circuit_operator.py
[2024-02-14T09:15:38.524+0000] {processor.py:840} INFO - DAG(s) 'example_short_circuit_operator' retrieved from /home/codespace/.local/share/virtualenvs/airflow_sandbox-vp-HKq_L/lib/python3.10/site-packages/airflow/example_dags/example_short_circuit_operator.py
[2024-02-14T09:15:38.539+0000] {logging_mixin.py:188} INFO - [2024-02-14T09:15:38.539+0000] {dag.py:3033} INFO - Sync 1 DAGs
[2024-02-14T09:15:38.554+0000] {logging_mixin.py:188} INFO - [2024-02-14T09:15:38.554+0000] {dag.py:3820} INFO - Setting next_dagrun for example_short_circuit_operator to 2024-02-13T00:00:00+00:00, run_after=2024-02-14T00:00:00+00:00
[2024-02-14T09:15:38.605+0000] {processor.py:183} INFO - Processing /home/codespace/.local/share/virtualenvs/airflow_sandbox-vp-HKq_L/lib/python3.10/site-packages/airflow/example_dags/example_short_circuit_operator.py took 0.092 seconds
[2024-02-14T09:16:12.652+0000] {processor.py:161} INFO - Started process (PID=9820) to work on /home/codespace/.local/share/virtualenvs/airflow_sandbox-vp-HKq_L/lib/python3.10/site-packages/airflow/example_dags/example_short_circuit_operator.py
[2024-02-14T09:16:12.652+0000] {processor.py:830} INFO - Processing file /home/codespace/.local/share/virtualenvs/airflow_sandbox-vp-HKq_L/lib/python3.10/site-packages/airflow/example_dags/example_short_circuit_operator.py for tasks to queue
[2024-02-14T09:16:12.653+0000] {logging_mixin.py:188} INFO - [2024-02-14T09:16:12.653+0000] {dagbag.py:538} INFO - Filling up the DagBag from /home/codespace/.local/share/virtualenvs/airflow_sandbox-vp-HKq_L/lib/python3.10/site-packages/airflow/example_dags/example_short_circuit_operator.py
[2024-02-14T09:16:12.661+0000] {processor.py:840} INFO - DAG(s) 'example_short_circuit_operator' retrieved from /home/codespace/.local/share/virtualenvs/airflow_sandbox-vp-HKq_L/lib/python3.10/site-packages/airflow/example_dags/example_short_circuit_operator.py
[2024-02-14T09:16:12.677+0000] {logging_mixin.py:188} INFO - [2024-02-14T09:16:12.677+0000] {dag.py:3033} INFO - Sync 1 DAGs
[2024-02-14T09:16:12.705+0000] {logging_mixin.py:188} INFO - [2024-02-14T09:16:12.705+0000] {dag.py:3820} INFO - Setting next_dagrun for example_short_circuit_operator to 2024-02-13T00:00:00+00:00, run_after=2024-02-14T00:00:00+00:00
[2024-02-14T09:16:12.753+0000] {processor.py:183} INFO - Processing /home/codespace/.local/share/virtualenvs/airflow_sandbox-vp-HKq_L/lib/python3.10/site-packages/airflow/example_dags/example_short_circuit_operator.py took 0.104 seconds
[2024-02-14T09:16:49.871+0000] {processor.py:161} INFO - Started process (PID=10082) to work on /home/codespace/.local/share/virtualenvs/airflow_sandbox-vp-HKq_L/lib/python3.10/site-packages/airflow/example_dags/example_short_circuit_operator.py
[2024-02-14T09:16:49.871+0000] {processor.py:830} INFO - Processing file /home/codespace/.local/share/virtualenvs/airflow_sandbox-vp-HKq_L/lib/python3.10/site-packages/airflow/example_dags/example_short_circuit_operator.py for tasks to queue
[2024-02-14T09:16:49.872+0000] {logging_mixin.py:188} INFO - [2024-02-14T09:16:49.872+0000] {dagbag.py:538} INFO - Filling up the DagBag from /home/codespace/.local/share/virtualenvs/airflow_sandbox-vp-HKq_L/lib/python3.10/site-packages/airflow/example_dags/example_short_circuit_operator.py
[2024-02-14T09:16:49.878+0000] {processor.py:840} INFO - DAG(s) 'example_short_circuit_operator' retrieved from /home/codespace/.local/share/virtualenvs/airflow_sandbox-vp-HKq_L/lib/python3.10/site-packages/airflow/example_dags/example_short_circuit_operator.py
[2024-02-14T09:16:49.893+0000] {logging_mixin.py:188} INFO - [2024-02-14T09:16:49.893+0000] {dag.py:3033} INFO - Sync 1 DAGs
[2024-02-14T09:16:49.909+0000] {logging_mixin.py:188} INFO - [2024-02-14T09:16:49.909+0000] {dag.py:3820} INFO - Setting next_dagrun for example_short_circuit_operator to 2024-02-13T00:00:00+00:00, run_after=2024-02-14T00:00:00+00:00
[2024-02-14T09:16:49.950+0000] {processor.py:183} INFO - Processing /home/codespace/.local/share/virtualenvs/airflow_sandbox-vp-HKq_L/lib/python3.10/site-packages/airflow/example_dags/example_short_circuit_operator.py took 0.082 seconds
[2024-02-14T09:17:26.112+0000] {processor.py:161} INFO - Started process (PID=10347) to work on /home/codespace/.local/share/virtualenvs/airflow_sandbox-vp-HKq_L/lib/python3.10/site-packages/airflow/example_dags/example_short_circuit_operator.py
[2024-02-14T09:17:26.113+0000] {processor.py:830} INFO - Processing file /home/codespace/.local/share/virtualenvs/airflow_sandbox-vp-HKq_L/lib/python3.10/site-packages/airflow/example_dags/example_short_circuit_operator.py for tasks to queue
[2024-02-14T09:17:26.114+0000] {logging_mixin.py:188} INFO - [2024-02-14T09:17:26.114+0000] {dagbag.py:538} INFO - Filling up the DagBag from /home/codespace/.local/share/virtualenvs/airflow_sandbox-vp-HKq_L/lib/python3.10/site-packages/airflow/example_dags/example_short_circuit_operator.py
[2024-02-14T09:17:26.121+0000] {processor.py:840} INFO - DAG(s) 'example_short_circuit_operator' retrieved from /home/codespace/.local/share/virtualenvs/airflow_sandbox-vp-HKq_L/lib/python3.10/site-packages/airflow/example_dags/example_short_circuit_operator.py
[2024-02-14T09:17:26.135+0000] {logging_mixin.py:188} INFO - [2024-02-14T09:17:26.135+0000] {dag.py:3033} INFO - Sync 1 DAGs
[2024-02-14T09:17:26.151+0000] {logging_mixin.py:188} INFO - [2024-02-14T09:17:26.151+0000] {dag.py:3820} INFO - Setting next_dagrun for example_short_circuit_operator to 2024-02-13T00:00:00+00:00, run_after=2024-02-14T00:00:00+00:00
[2024-02-14T09:17:26.194+0000] {processor.py:183} INFO - Processing /home/codespace/.local/share/virtualenvs/airflow_sandbox-vp-HKq_L/lib/python3.10/site-packages/airflow/example_dags/example_short_circuit_operator.py took 0.084 seconds
[2024-02-14T09:17:59.540+0000] {processor.py:161} INFO - Started process (PID=10609) to work on /home/codespace/.local/share/virtualenvs/airflow_sandbox-vp-HKq_L/lib/python3.10/site-packages/airflow/example_dags/example_short_circuit_operator.py
[2024-02-14T09:17:59.541+0000] {processor.py:830} INFO - Processing file /home/codespace/.local/share/virtualenvs/airflow_sandbox-vp-HKq_L/lib/python3.10/site-packages/airflow/example_dags/example_short_circuit_operator.py for tasks to queue
[2024-02-14T09:17:59.542+0000] {logging_mixin.py:188} INFO - [2024-02-14T09:17:59.542+0000] {dagbag.py:538} INFO - Filling up the DagBag from /home/codespace/.local/share/virtualenvs/airflow_sandbox-vp-HKq_L/lib/python3.10/site-packages/airflow/example_dags/example_short_circuit_operator.py
[2024-02-14T09:17:59.552+0000] {processor.py:840} INFO - DAG(s) 'example_short_circuit_operator' retrieved from /home/codespace/.local/share/virtualenvs/airflow_sandbox-vp-HKq_L/lib/python3.10/site-packages/airflow/example_dags/example_short_circuit_operator.py
[2024-02-14T09:17:59.576+0000] {logging_mixin.py:188} INFO - [2024-02-14T09:17:59.575+0000] {dag.py:3033} INFO - Sync 1 DAGs
[2024-02-14T09:17:59.600+0000] {logging_mixin.py:188} INFO - [2024-02-14T09:17:59.600+0000] {dag.py:3820} INFO - Setting next_dagrun for example_short_circuit_operator to 2024-02-13T00:00:00+00:00, run_after=2024-02-14T00:00:00+00:00
[2024-02-14T09:17:59.653+0000] {processor.py:183} INFO - Processing /home/codespace/.local/share/virtualenvs/airflow_sandbox-vp-HKq_L/lib/python3.10/site-packages/airflow/example_dags/example_short_circuit_operator.py took 0.116 seconds
[2024-02-14T09:18:33.487+0000] {processor.py:161} INFO - Started process (PID=10851) to work on /home/codespace/.local/share/virtualenvs/airflow_sandbox-vp-HKq_L/lib/python3.10/site-packages/airflow/example_dags/example_short_circuit_operator.py
[2024-02-14T09:18:33.488+0000] {processor.py:830} INFO - Processing file /home/codespace/.local/share/virtualenvs/airflow_sandbox-vp-HKq_L/lib/python3.10/site-packages/airflow/example_dags/example_short_circuit_operator.py for tasks to queue
[2024-02-14T09:18:33.489+0000] {logging_mixin.py:188} INFO - [2024-02-14T09:18:33.489+0000] {dagbag.py:538} INFO - Filling up the DagBag from /home/codespace/.local/share/virtualenvs/airflow_sandbox-vp-HKq_L/lib/python3.10/site-packages/airflow/example_dags/example_short_circuit_operator.py
[2024-02-14T09:18:33.495+0000] {processor.py:840} INFO - DAG(s) 'example_short_circuit_operator' retrieved from /home/codespace/.local/share/virtualenvs/airflow_sandbox-vp-HKq_L/lib/python3.10/site-packages/airflow/example_dags/example_short_circuit_operator.py
[2024-02-14T09:18:33.510+0000] {logging_mixin.py:188} INFO - [2024-02-14T09:18:33.510+0000] {dag.py:3033} INFO - Sync 1 DAGs
[2024-02-14T09:18:33.526+0000] {logging_mixin.py:188} INFO - [2024-02-14T09:18:33.526+0000] {dag.py:3820} INFO - Setting next_dagrun for example_short_circuit_operator to 2024-02-13T00:00:00+00:00, run_after=2024-02-14T00:00:00+00:00
[2024-02-14T09:18:33.593+0000] {processor.py:183} INFO - Processing /home/codespace/.local/share/virtualenvs/airflow_sandbox-vp-HKq_L/lib/python3.10/site-packages/airflow/example_dags/example_short_circuit_operator.py took 0.108 seconds
[2024-02-14T09:19:09.309+0000] {processor.py:161} INFO - Started process (PID=11116) to work on /home/codespace/.local/share/virtualenvs/airflow_sandbox-vp-HKq_L/lib/python3.10/site-packages/airflow/example_dags/example_short_circuit_operator.py
[2024-02-14T09:19:09.309+0000] {processor.py:830} INFO - Processing file /home/codespace/.local/share/virtualenvs/airflow_sandbox-vp-HKq_L/lib/python3.10/site-packages/airflow/example_dags/example_short_circuit_operator.py for tasks to queue
[2024-02-14T09:19:09.310+0000] {logging_mixin.py:188} INFO - [2024-02-14T09:19:09.310+0000] {dagbag.py:538} INFO - Filling up the DagBag from /home/codespace/.local/share/virtualenvs/airflow_sandbox-vp-HKq_L/lib/python3.10/site-packages/airflow/example_dags/example_short_circuit_operator.py
[2024-02-14T09:19:09.317+0000] {processor.py:840} INFO - DAG(s) 'example_short_circuit_operator' retrieved from /home/codespace/.local/share/virtualenvs/airflow_sandbox-vp-HKq_L/lib/python3.10/site-packages/airflow/example_dags/example_short_circuit_operator.py
[2024-02-14T09:19:09.331+0000] {logging_mixin.py:188} INFO - [2024-02-14T09:19:09.331+0000] {dag.py:3033} INFO - Sync 1 DAGs
[2024-02-14T09:19:09.347+0000] {logging_mixin.py:188} INFO - [2024-02-14T09:19:09.347+0000] {dag.py:3820} INFO - Setting next_dagrun for example_short_circuit_operator to 2024-02-13T00:00:00+00:00, run_after=2024-02-14T00:00:00+00:00
[2024-02-14T09:19:09.388+0000] {processor.py:183} INFO - Processing /home/codespace/.local/share/virtualenvs/airflow_sandbox-vp-HKq_L/lib/python3.10/site-packages/airflow/example_dags/example_short_circuit_operator.py took 0.082 seconds
[2024-02-14T09:19:47.184+0000] {processor.py:161} INFO - Started process (PID=11394) to work on /home/codespace/.local/share/virtualenvs/airflow_sandbox-vp-HKq_L/lib/python3.10/site-packages/airflow/example_dags/example_short_circuit_operator.py
[2024-02-14T09:19:47.185+0000] {processor.py:830} INFO - Processing file /home/codespace/.local/share/virtualenvs/airflow_sandbox-vp-HKq_L/lib/python3.10/site-packages/airflow/example_dags/example_short_circuit_operator.py for tasks to queue
[2024-02-14T09:19:47.186+0000] {logging_mixin.py:188} INFO - [2024-02-14T09:19:47.185+0000] {dagbag.py:538} INFO - Filling up the DagBag from /home/codespace/.local/share/virtualenvs/airflow_sandbox-vp-HKq_L/lib/python3.10/site-packages/airflow/example_dags/example_short_circuit_operator.py
[2024-02-14T09:19:47.192+0000] {processor.py:840} INFO - DAG(s) 'example_short_circuit_operator' retrieved from /home/codespace/.local/share/virtualenvs/airflow_sandbox-vp-HKq_L/lib/python3.10/site-packages/airflow/example_dags/example_short_circuit_operator.py
[2024-02-14T09:19:47.207+0000] {logging_mixin.py:188} INFO - [2024-02-14T09:19:47.207+0000] {dag.py:3033} INFO - Sync 1 DAGs
[2024-02-14T09:19:47.222+0000] {logging_mixin.py:188} INFO - [2024-02-14T09:19:47.222+0000] {dag.py:3820} INFO - Setting next_dagrun for example_short_circuit_operator to 2024-02-13T00:00:00+00:00, run_after=2024-02-14T00:00:00+00:00
[2024-02-14T09:19:47.266+0000] {processor.py:183} INFO - Processing /home/codespace/.local/share/virtualenvs/airflow_sandbox-vp-HKq_L/lib/python3.10/site-packages/airflow/example_dags/example_short_circuit_operator.py took 0.084 seconds
[2024-02-14T09:20:23.085+0000] {processor.py:161} INFO - Started process (PID=12039) to work on /home/codespace/.local/share/virtualenvs/airflow_sandbox-vp-HKq_L/lib/python3.10/site-packages/airflow/example_dags/example_short_circuit_operator.py
[2024-02-14T09:20:23.085+0000] {processor.py:830} INFO - Processing file /home/codespace/.local/share/virtualenvs/airflow_sandbox-vp-HKq_L/lib/python3.10/site-packages/airflow/example_dags/example_short_circuit_operator.py for tasks to queue
[2024-02-14T09:20:23.086+0000] {logging_mixin.py:188} INFO - [2024-02-14T09:20:23.086+0000] {dagbag.py:538} INFO - Filling up the DagBag from /home/codespace/.local/share/virtualenvs/airflow_sandbox-vp-HKq_L/lib/python3.10/site-packages/airflow/example_dags/example_short_circuit_operator.py
[2024-02-14T09:20:23.093+0000] {processor.py:840} INFO - DAG(s) 'example_short_circuit_operator' retrieved from /home/codespace/.local/share/virtualenvs/airflow_sandbox-vp-HKq_L/lib/python3.10/site-packages/airflow/example_dags/example_short_circuit_operator.py
[2024-02-14T09:20:23.108+0000] {logging_mixin.py:188} INFO - [2024-02-14T09:20:23.108+0000] {dag.py:3033} INFO - Sync 1 DAGs
[2024-02-14T09:20:23.124+0000] {logging_mixin.py:188} INFO - [2024-02-14T09:20:23.124+0000] {dag.py:3820} INFO - Setting next_dagrun for example_short_circuit_operator to 2024-02-13T00:00:00+00:00, run_after=2024-02-14T00:00:00+00:00
[2024-02-14T09:20:23.182+0000] {processor.py:183} INFO - Processing /home/codespace/.local/share/virtualenvs/airflow_sandbox-vp-HKq_L/lib/python3.10/site-packages/airflow/example_dags/example_short_circuit_operator.py took 0.100 seconds
[2024-02-14T09:20:57.225+0000] {processor.py:161} INFO - Started process (PID=12394) to work on /home/codespace/.local/share/virtualenvs/airflow_sandbox-vp-HKq_L/lib/python3.10/site-packages/airflow/example_dags/example_short_circuit_operator.py
[2024-02-14T09:20:57.226+0000] {processor.py:830} INFO - Processing file /home/codespace/.local/share/virtualenvs/airflow_sandbox-vp-HKq_L/lib/python3.10/site-packages/airflow/example_dags/example_short_circuit_operator.py for tasks to queue
[2024-02-14T09:20:57.226+0000] {logging_mixin.py:188} INFO - [2024-02-14T09:20:57.226+0000] {dagbag.py:538} INFO - Filling up the DagBag from /home/codespace/.local/share/virtualenvs/airflow_sandbox-vp-HKq_L/lib/python3.10/site-packages/airflow/example_dags/example_short_circuit_operator.py
[2024-02-14T09:20:57.233+0000] {processor.py:840} INFO - DAG(s) 'example_short_circuit_operator' retrieved from /home/codespace/.local/share/virtualenvs/airflow_sandbox-vp-HKq_L/lib/python3.10/site-packages/airflow/example_dags/example_short_circuit_operator.py
[2024-02-14T09:20:57.247+0000] {logging_mixin.py:188} INFO - [2024-02-14T09:20:57.247+0000] {dag.py:3033} INFO - Sync 1 DAGs
[2024-02-14T09:20:57.263+0000] {logging_mixin.py:188} INFO - [2024-02-14T09:20:57.263+0000] {dag.py:3820} INFO - Setting next_dagrun for example_short_circuit_operator to 2024-02-13T00:00:00+00:00, run_after=2024-02-14T00:00:00+00:00
[2024-02-14T09:20:57.305+0000] {processor.py:183} INFO - Processing /home/codespace/.local/share/virtualenvs/airflow_sandbox-vp-HKq_L/lib/python3.10/site-packages/airflow/example_dags/example_short_circuit_operator.py took 0.082 seconds
[2024-02-14T09:21:30.689+0000] {processor.py:161} INFO - Started process (PID=12618) to work on /home/codespace/.local/share/virtualenvs/airflow_sandbox-vp-HKq_L/lib/python3.10/site-packages/airflow/example_dags/example_short_circuit_operator.py
[2024-02-14T09:21:30.690+0000] {processor.py:830} INFO - Processing file /home/codespace/.local/share/virtualenvs/airflow_sandbox-vp-HKq_L/lib/python3.10/site-packages/airflow/example_dags/example_short_circuit_operator.py for tasks to queue
[2024-02-14T09:21:30.691+0000] {logging_mixin.py:188} INFO - [2024-02-14T09:21:30.691+0000] {dagbag.py:538} INFO - Filling up the DagBag from /home/codespace/.local/share/virtualenvs/airflow_sandbox-vp-HKq_L/lib/python3.10/site-packages/airflow/example_dags/example_short_circuit_operator.py
[2024-02-14T09:21:30.698+0000] {processor.py:840} INFO - DAG(s) 'example_short_circuit_operator' retrieved from /home/codespace/.local/share/virtualenvs/airflow_sandbox-vp-HKq_L/lib/python3.10/site-packages/airflow/example_dags/example_short_circuit_operator.py
[2024-02-14T09:21:30.712+0000] {logging_mixin.py:188} INFO - [2024-02-14T09:21:30.712+0000] {dag.py:3033} INFO - Sync 1 DAGs
[2024-02-14T09:21:30.729+0000] {logging_mixin.py:188} INFO - [2024-02-14T09:21:30.729+0000] {dag.py:3820} INFO - Setting next_dagrun for example_short_circuit_operator to 2024-02-13T00:00:00+00:00, run_after=2024-02-14T00:00:00+00:00
[2024-02-14T09:21:30.781+0000] {processor.py:183} INFO - Processing /home/codespace/.local/share/virtualenvs/airflow_sandbox-vp-HKq_L/lib/python3.10/site-packages/airflow/example_dags/example_short_circuit_operator.py took 0.094 seconds
[2024-02-14T09:22:07.984+0000] {processor.py:161} INFO - Started process (PID=12893) to work on /home/codespace/.local/share/virtualenvs/airflow_sandbox-vp-HKq_L/lib/python3.10/site-packages/airflow/example_dags/example_short_circuit_operator.py
[2024-02-14T09:22:07.985+0000] {processor.py:830} INFO - Processing file /home/codespace/.local/share/virtualenvs/airflow_sandbox-vp-HKq_L/lib/python3.10/site-packages/airflow/example_dags/example_short_circuit_operator.py for tasks to queue
[2024-02-14T09:22:07.985+0000] {logging_mixin.py:188} INFO - [2024-02-14T09:22:07.985+0000] {dagbag.py:538} INFO - Filling up the DagBag from /home/codespace/.local/share/virtualenvs/airflow_sandbox-vp-HKq_L/lib/python3.10/site-packages/airflow/example_dags/example_short_circuit_operator.py
[2024-02-14T09:22:07.992+0000] {processor.py:840} INFO - DAG(s) 'example_short_circuit_operator' retrieved from /home/codespace/.local/share/virtualenvs/airflow_sandbox-vp-HKq_L/lib/python3.10/site-packages/airflow/example_dags/example_short_circuit_operator.py
[2024-02-14T09:22:08.005+0000] {logging_mixin.py:188} INFO - [2024-02-14T09:22:08.005+0000] {dag.py:3033} INFO - Sync 1 DAGs
[2024-02-14T09:22:08.020+0000] {logging_mixin.py:188} INFO - [2024-02-14T09:22:08.020+0000] {dag.py:3820} INFO - Setting next_dagrun for example_short_circuit_operator to 2024-02-13T00:00:00+00:00, run_after=2024-02-14T00:00:00+00:00
[2024-02-14T09:22:08.062+0000] {processor.py:183} INFO - Processing /home/codespace/.local/share/virtualenvs/airflow_sandbox-vp-HKq_L/lib/python3.10/site-packages/airflow/example_dags/example_short_circuit_operator.py took 0.080 seconds
[2024-02-14T09:22:46.667+0000] {processor.py:161} INFO - Started process (PID=13180) to work on /home/codespace/.local/share/virtualenvs/airflow_sandbox-vp-HKq_L/lib/python3.10/site-packages/airflow/example_dags/example_short_circuit_operator.py
[2024-02-14T09:22:46.668+0000] {processor.py:830} INFO - Processing file /home/codespace/.local/share/virtualenvs/airflow_sandbox-vp-HKq_L/lib/python3.10/site-packages/airflow/example_dags/example_short_circuit_operator.py for tasks to queue
[2024-02-14T09:22:46.669+0000] {logging_mixin.py:188} INFO - [2024-02-14T09:22:46.668+0000] {dagbag.py:538} INFO - Filling up the DagBag from /home/codespace/.local/share/virtualenvs/airflow_sandbox-vp-HKq_L/lib/python3.10/site-packages/airflow/example_dags/example_short_circuit_operator.py
[2024-02-14T09:22:46.675+0000] {processor.py:840} INFO - DAG(s) 'example_short_circuit_operator' retrieved from /home/codespace/.local/share/virtualenvs/airflow_sandbox-vp-HKq_L/lib/python3.10/site-packages/airflow/example_dags/example_short_circuit_operator.py
[2024-02-14T09:22:46.690+0000] {logging_mixin.py:188} INFO - [2024-02-14T09:22:46.690+0000] {dag.py:3033} INFO - Sync 1 DAGs
[2024-02-14T09:22:46.706+0000] {logging_mixin.py:188} INFO - [2024-02-14T09:22:46.706+0000] {dag.py:3820} INFO - Setting next_dagrun for example_short_circuit_operator to 2024-02-13T00:00:00+00:00, run_after=2024-02-14T00:00:00+00:00
[2024-02-14T09:22:46.756+0000] {processor.py:183} INFO - Processing /home/codespace/.local/share/virtualenvs/airflow_sandbox-vp-HKq_L/lib/python3.10/site-packages/airflow/example_dags/example_short_circuit_operator.py took 0.091 seconds
[2024-02-14T09:23:25.026+0000] {processor.py:161} INFO - Started process (PID=13448) to work on /home/codespace/.local/share/virtualenvs/airflow_sandbox-vp-HKq_L/lib/python3.10/site-packages/airflow/example_dags/example_short_circuit_operator.py
[2024-02-14T09:23:25.027+0000] {processor.py:830} INFO - Processing file /home/codespace/.local/share/virtualenvs/airflow_sandbox-vp-HKq_L/lib/python3.10/site-packages/airflow/example_dags/example_short_circuit_operator.py for tasks to queue
[2024-02-14T09:23:25.027+0000] {logging_mixin.py:188} INFO - [2024-02-14T09:23:25.027+0000] {dagbag.py:538} INFO - Filling up the DagBag from /home/codespace/.local/share/virtualenvs/airflow_sandbox-vp-HKq_L/lib/python3.10/site-packages/airflow/example_dags/example_short_circuit_operator.py
[2024-02-14T09:23:25.034+0000] {processor.py:840} INFO - DAG(s) 'example_short_circuit_operator' retrieved from /home/codespace/.local/share/virtualenvs/airflow_sandbox-vp-HKq_L/lib/python3.10/site-packages/airflow/example_dags/example_short_circuit_operator.py
[2024-02-14T09:23:25.049+0000] {logging_mixin.py:188} INFO - [2024-02-14T09:23:25.048+0000] {dag.py:3033} INFO - Sync 1 DAGs
[2024-02-14T09:23:25.066+0000] {logging_mixin.py:188} INFO - [2024-02-14T09:23:25.066+0000] {dag.py:3820} INFO - Setting next_dagrun for example_short_circuit_operator to 2024-02-13T00:00:00+00:00, run_after=2024-02-14T00:00:00+00:00
[2024-02-14T09:23:25.109+0000] {processor.py:183} INFO - Processing /home/codespace/.local/share/virtualenvs/airflow_sandbox-vp-HKq_L/lib/python3.10/site-packages/airflow/example_dags/example_short_circuit_operator.py took 0.085 seconds
[2024-02-14T09:24:02.572+0000] {processor.py:161} INFO - Started process (PID=13714) to work on /home/codespace/.local/share/virtualenvs/airflow_sandbox-vp-HKq_L/lib/python3.10/site-packages/airflow/example_dags/example_short_circuit_operator.py
[2024-02-14T09:24:02.573+0000] {processor.py:830} INFO - Processing file /home/codespace/.local/share/virtualenvs/airflow_sandbox-vp-HKq_L/lib/python3.10/site-packages/airflow/example_dags/example_short_circuit_operator.py for tasks to queue
[2024-02-14T09:24:02.573+0000] {logging_mixin.py:188} INFO - [2024-02-14T09:24:02.573+0000] {dagbag.py:538} INFO - Filling up the DagBag from /home/codespace/.local/share/virtualenvs/airflow_sandbox-vp-HKq_L/lib/python3.10/site-packages/airflow/example_dags/example_short_circuit_operator.py
[2024-02-14T09:24:02.580+0000] {processor.py:840} INFO - DAG(s) 'example_short_circuit_operator' retrieved from /home/codespace/.local/share/virtualenvs/airflow_sandbox-vp-HKq_L/lib/python3.10/site-packages/airflow/example_dags/example_short_circuit_operator.py
[2024-02-14T09:24:02.594+0000] {logging_mixin.py:188} INFO - [2024-02-14T09:24:02.594+0000] {dag.py:3033} INFO - Sync 1 DAGs
[2024-02-14T09:24:02.609+0000] {logging_mixin.py:188} INFO - [2024-02-14T09:24:02.609+0000] {dag.py:3820} INFO - Setting next_dagrun for example_short_circuit_operator to 2024-02-13T00:00:00+00:00, run_after=2024-02-14T00:00:00+00:00
[2024-02-14T09:24:02.651+0000] {processor.py:183} INFO - Processing /home/codespace/.local/share/virtualenvs/airflow_sandbox-vp-HKq_L/lib/python3.10/site-packages/airflow/example_dags/example_short_circuit_operator.py took 0.082 seconds
[2024-02-14T09:24:42.361+0000] {processor.py:161} INFO - Started process (PID=13988) to work on /home/codespace/.local/share/virtualenvs/airflow_sandbox-vp-HKq_L/lib/python3.10/site-packages/airflow/example_dags/example_short_circuit_operator.py
[2024-02-14T09:24:42.361+0000] {processor.py:830} INFO - Processing file /home/codespace/.local/share/virtualenvs/airflow_sandbox-vp-HKq_L/lib/python3.10/site-packages/airflow/example_dags/example_short_circuit_operator.py for tasks to queue
[2024-02-14T09:24:42.362+0000] {logging_mixin.py:188} INFO - [2024-02-14T09:24:42.362+0000] {dagbag.py:538} INFO - Filling up the DagBag from /home/codespace/.local/share/virtualenvs/airflow_sandbox-vp-HKq_L/lib/python3.10/site-packages/airflow/example_dags/example_short_circuit_operator.py
[2024-02-14T09:24:42.368+0000] {processor.py:840} INFO - DAG(s) 'example_short_circuit_operator' retrieved from /home/codespace/.local/share/virtualenvs/airflow_sandbox-vp-HKq_L/lib/python3.10/site-packages/airflow/example_dags/example_short_circuit_operator.py
[2024-02-14T09:24:42.382+0000] {logging_mixin.py:188} INFO - [2024-02-14T09:24:42.382+0000] {dag.py:3033} INFO - Sync 1 DAGs
[2024-02-14T09:24:42.397+0000] {logging_mixin.py:188} INFO - [2024-02-14T09:24:42.397+0000] {dag.py:3820} INFO - Setting next_dagrun for example_short_circuit_operator to 2024-02-13T00:00:00+00:00, run_after=2024-02-14T00:00:00+00:00
[2024-02-14T09:24:42.440+0000] {processor.py:183} INFO - Processing /home/codespace/.local/share/virtualenvs/airflow_sandbox-vp-HKq_L/lib/python3.10/site-packages/airflow/example_dags/example_short_circuit_operator.py took 0.082 seconds
[2024-02-14T09:25:17.678+0000] {processor.py:161} INFO - Started process (PID=14223) to work on /home/codespace/.local/share/virtualenvs/airflow_sandbox-vp-HKq_L/lib/python3.10/site-packages/airflow/example_dags/example_short_circuit_operator.py
[2024-02-14T09:25:17.679+0000] {processor.py:830} INFO - Processing file /home/codespace/.local/share/virtualenvs/airflow_sandbox-vp-HKq_L/lib/python3.10/site-packages/airflow/example_dags/example_short_circuit_operator.py for tasks to queue
[2024-02-14T09:25:17.680+0000] {logging_mixin.py:188} INFO - [2024-02-14T09:25:17.679+0000] {dagbag.py:538} INFO - Filling up the DagBag from /home/codespace/.local/share/virtualenvs/airflow_sandbox-vp-HKq_L/lib/python3.10/site-packages/airflow/example_dags/example_short_circuit_operator.py
[2024-02-14T09:25:17.686+0000] {processor.py:840} INFO - DAG(s) 'example_short_circuit_operator' retrieved from /home/codespace/.local/share/virtualenvs/airflow_sandbox-vp-HKq_L/lib/python3.10/site-packages/airflow/example_dags/example_short_circuit_operator.py
[2024-02-14T09:25:17.700+0000] {logging_mixin.py:188} INFO - [2024-02-14T09:25:17.700+0000] {dag.py:3033} INFO - Sync 1 DAGs
[2024-02-14T09:25:17.715+0000] {logging_mixin.py:188} INFO - [2024-02-14T09:25:17.715+0000] {dag.py:3820} INFO - Setting next_dagrun for example_short_circuit_operator to 2024-02-13T00:00:00+00:00, run_after=2024-02-14T00:00:00+00:00
[2024-02-14T09:25:17.761+0000] {processor.py:183} INFO - Processing /home/codespace/.local/share/virtualenvs/airflow_sandbox-vp-HKq_L/lib/python3.10/site-packages/airflow/example_dags/example_short_circuit_operator.py took 0.085 seconds
[2024-02-14T09:25:54.293+0000] {processor.py:161} INFO - Started process (PID=14477) to work on /home/codespace/.local/share/virtualenvs/airflow_sandbox-vp-HKq_L/lib/python3.10/site-packages/airflow/example_dags/example_short_circuit_operator.py
[2024-02-14T09:25:54.294+0000] {processor.py:830} INFO - Processing file /home/codespace/.local/share/virtualenvs/airflow_sandbox-vp-HKq_L/lib/python3.10/site-packages/airflow/example_dags/example_short_circuit_operator.py for tasks to queue
[2024-02-14T09:25:54.294+0000] {logging_mixin.py:188} INFO - [2024-02-14T09:25:54.294+0000] {dagbag.py:538} INFO - Filling up the DagBag from /home/codespace/.local/share/virtualenvs/airflow_sandbox-vp-HKq_L/lib/python3.10/site-packages/airflow/example_dags/example_short_circuit_operator.py
[2024-02-14T09:25:54.301+0000] {processor.py:840} INFO - DAG(s) 'example_short_circuit_operator' retrieved from /home/codespace/.local/share/virtualenvs/airflow_sandbox-vp-HKq_L/lib/python3.10/site-packages/airflow/example_dags/example_short_circuit_operator.py
[2024-02-14T09:25:54.315+0000] {logging_mixin.py:188} INFO - [2024-02-14T09:25:54.314+0000] {dag.py:3033} INFO - Sync 1 DAGs
[2024-02-14T09:25:54.330+0000] {logging_mixin.py:188} INFO - [2024-02-14T09:25:54.330+0000] {dag.py:3820} INFO - Setting next_dagrun for example_short_circuit_operator to 2024-02-13T00:00:00+00:00, run_after=2024-02-14T00:00:00+00:00
[2024-02-14T09:25:54.373+0000] {processor.py:183} INFO - Processing /home/codespace/.local/share/virtualenvs/airflow_sandbox-vp-HKq_L/lib/python3.10/site-packages/airflow/example_dags/example_short_circuit_operator.py took 0.082 seconds
[2024-02-14T09:26:27.294+0000] {processor.py:161} INFO - Started process (PID=14697) to work on /home/codespace/.local/share/virtualenvs/airflow_sandbox-vp-HKq_L/lib/python3.10/site-packages/airflow/example_dags/example_short_circuit_operator.py
[2024-02-14T09:26:27.295+0000] {processor.py:830} INFO - Processing file /home/codespace/.local/share/virtualenvs/airflow_sandbox-vp-HKq_L/lib/python3.10/site-packages/airflow/example_dags/example_short_circuit_operator.py for tasks to queue
[2024-02-14T09:26:27.296+0000] {logging_mixin.py:188} INFO - [2024-02-14T09:26:27.296+0000] {dagbag.py:538} INFO - Filling up the DagBag from /home/codespace/.local/share/virtualenvs/airflow_sandbox-vp-HKq_L/lib/python3.10/site-packages/airflow/example_dags/example_short_circuit_operator.py
[2024-02-14T09:26:27.302+0000] {processor.py:840} INFO - DAG(s) 'example_short_circuit_operator' retrieved from /home/codespace/.local/share/virtualenvs/airflow_sandbox-vp-HKq_L/lib/python3.10/site-packages/airflow/example_dags/example_short_circuit_operator.py
[2024-02-14T09:26:27.316+0000] {logging_mixin.py:188} INFO - [2024-02-14T09:26:27.316+0000] {dag.py:3033} INFO - Sync 1 DAGs
[2024-02-14T09:26:27.332+0000] {logging_mixin.py:188} INFO - [2024-02-14T09:26:27.332+0000] {dag.py:3820} INFO - Setting next_dagrun for example_short_circuit_operator to 2024-02-13T00:00:00+00:00, run_after=2024-02-14T00:00:00+00:00
[2024-02-14T09:26:27.372+0000] {processor.py:183} INFO - Processing /home/codespace/.local/share/virtualenvs/airflow_sandbox-vp-HKq_L/lib/python3.10/site-packages/airflow/example_dags/example_short_circuit_operator.py took 0.081 seconds
[2024-02-14T09:27:04.218+0000] {processor.py:161} INFO - Started process (PID=14962) to work on /home/codespace/.local/share/virtualenvs/airflow_sandbox-vp-HKq_L/lib/python3.10/site-packages/airflow/example_dags/example_short_circuit_operator.py
[2024-02-14T09:27:04.218+0000] {processor.py:830} INFO - Processing file /home/codespace/.local/share/virtualenvs/airflow_sandbox-vp-HKq_L/lib/python3.10/site-packages/airflow/example_dags/example_short_circuit_operator.py for tasks to queue
[2024-02-14T09:27:04.219+0000] {logging_mixin.py:188} INFO - [2024-02-14T09:27:04.219+0000] {dagbag.py:538} INFO - Filling up the DagBag from /home/codespace/.local/share/virtualenvs/airflow_sandbox-vp-HKq_L/lib/python3.10/site-packages/airflow/example_dags/example_short_circuit_operator.py
[2024-02-14T09:27:04.225+0000] {processor.py:840} INFO - DAG(s) 'example_short_circuit_operator' retrieved from /home/codespace/.local/share/virtualenvs/airflow_sandbox-vp-HKq_L/lib/python3.10/site-packages/airflow/example_dags/example_short_circuit_operator.py
[2024-02-14T09:27:04.239+0000] {logging_mixin.py:188} INFO - [2024-02-14T09:27:04.239+0000] {dag.py:3033} INFO - Sync 1 DAGs
[2024-02-14T09:27:04.256+0000] {logging_mixin.py:188} INFO - [2024-02-14T09:27:04.255+0000] {dag.py:3820} INFO - Setting next_dagrun for example_short_circuit_operator to 2024-02-13T00:00:00+00:00, run_after=2024-02-14T00:00:00+00:00
[2024-02-14T09:27:04.296+0000] {processor.py:183} INFO - Processing /home/codespace/.local/share/virtualenvs/airflow_sandbox-vp-HKq_L/lib/python3.10/site-packages/airflow/example_dags/example_short_circuit_operator.py took 0.081 seconds
[2024-02-14T09:27:40.927+0000] {processor.py:161} INFO - Started process (PID=15237) to work on /home/codespace/.local/share/virtualenvs/airflow_sandbox-vp-HKq_L/lib/python3.10/site-packages/airflow/example_dags/example_short_circuit_operator.py
[2024-02-14T09:27:40.928+0000] {processor.py:830} INFO - Processing file /home/codespace/.local/share/virtualenvs/airflow_sandbox-vp-HKq_L/lib/python3.10/site-packages/airflow/example_dags/example_short_circuit_operator.py for tasks to queue
[2024-02-14T09:27:40.929+0000] {logging_mixin.py:188} INFO - [2024-02-14T09:27:40.928+0000] {dagbag.py:538} INFO - Filling up the DagBag from /home/codespace/.local/share/virtualenvs/airflow_sandbox-vp-HKq_L/lib/python3.10/site-packages/airflow/example_dags/example_short_circuit_operator.py
[2024-02-14T09:27:40.935+0000] {processor.py:840} INFO - DAG(s) 'example_short_circuit_operator' retrieved from /home/codespace/.local/share/virtualenvs/airflow_sandbox-vp-HKq_L/lib/python3.10/site-packages/airflow/example_dags/example_short_circuit_operator.py
[2024-02-14T09:27:40.951+0000] {logging_mixin.py:188} INFO - [2024-02-14T09:27:40.950+0000] {dag.py:3033} INFO - Sync 1 DAGs
[2024-02-14T09:27:40.971+0000] {logging_mixin.py:188} INFO - [2024-02-14T09:27:40.970+0000] {dag.py:3820} INFO - Setting next_dagrun for example_short_circuit_operator to 2024-02-13T00:00:00+00:00, run_after=2024-02-14T00:00:00+00:00
[2024-02-14T09:27:41.018+0000] {processor.py:183} INFO - Processing /home/codespace/.local/share/virtualenvs/airflow_sandbox-vp-HKq_L/lib/python3.10/site-packages/airflow/example_dags/example_short_circuit_operator.py took 0.093 seconds
[2024-02-14T09:28:18.328+0000] {processor.py:161} INFO - Started process (PID=15505) to work on /home/codespace/.local/share/virtualenvs/airflow_sandbox-vp-HKq_L/lib/python3.10/site-packages/airflow/example_dags/example_short_circuit_operator.py
[2024-02-14T09:28:18.329+0000] {processor.py:830} INFO - Processing file /home/codespace/.local/share/virtualenvs/airflow_sandbox-vp-HKq_L/lib/python3.10/site-packages/airflow/example_dags/example_short_circuit_operator.py for tasks to queue
[2024-02-14T09:28:18.330+0000] {logging_mixin.py:188} INFO - [2024-02-14T09:28:18.329+0000] {dagbag.py:538} INFO - Filling up the DagBag from /home/codespace/.local/share/virtualenvs/airflow_sandbox-vp-HKq_L/lib/python3.10/site-packages/airflow/example_dags/example_short_circuit_operator.py
[2024-02-14T09:28:18.336+0000] {processor.py:840} INFO - DAG(s) 'example_short_circuit_operator' retrieved from /home/codespace/.local/share/virtualenvs/airflow_sandbox-vp-HKq_L/lib/python3.10/site-packages/airflow/example_dags/example_short_circuit_operator.py
[2024-02-14T09:28:18.350+0000] {logging_mixin.py:188} INFO - [2024-02-14T09:28:18.350+0000] {dag.py:3033} INFO - Sync 1 DAGs
[2024-02-14T09:28:18.366+0000] {logging_mixin.py:188} INFO - [2024-02-14T09:28:18.366+0000] {dag.py:3820} INFO - Setting next_dagrun for example_short_circuit_operator to 2024-02-13T00:00:00+00:00, run_after=2024-02-14T00:00:00+00:00
[2024-02-14T09:28:18.409+0000] {processor.py:183} INFO - Processing /home/codespace/.local/share/virtualenvs/airflow_sandbox-vp-HKq_L/lib/python3.10/site-packages/airflow/example_dags/example_short_circuit_operator.py took 0.083 seconds
[2024-02-14T09:28:52.203+0000] {processor.py:161} INFO - Started process (PID=15886) to work on /home/codespace/.local/share/virtualenvs/airflow_sandbox-vp-HKq_L/lib/python3.10/site-packages/airflow/example_dags/example_short_circuit_operator.py
[2024-02-14T09:28:52.204+0000] {processor.py:830} INFO - Processing file /home/codespace/.local/share/virtualenvs/airflow_sandbox-vp-HKq_L/lib/python3.10/site-packages/airflow/example_dags/example_short_circuit_operator.py for tasks to queue
[2024-02-14T09:28:52.205+0000] {logging_mixin.py:188} INFO - [2024-02-14T09:28:52.205+0000] {dagbag.py:538} INFO - Filling up the DagBag from /home/codespace/.local/share/virtualenvs/airflow_sandbox-vp-HKq_L/lib/python3.10/site-packages/airflow/example_dags/example_short_circuit_operator.py
[2024-02-14T09:28:52.211+0000] {processor.py:840} INFO - DAG(s) 'example_short_circuit_operator' retrieved from /home/codespace/.local/share/virtualenvs/airflow_sandbox-vp-HKq_L/lib/python3.10/site-packages/airflow/example_dags/example_short_circuit_operator.py
[2024-02-14T09:28:52.226+0000] {logging_mixin.py:188} INFO - [2024-02-14T09:28:52.226+0000] {dag.py:3033} INFO - Sync 1 DAGs
[2024-02-14T09:28:52.242+0000] {logging_mixin.py:188} INFO - [2024-02-14T09:28:52.242+0000] {dag.py:3820} INFO - Setting next_dagrun for example_short_circuit_operator to 2024-02-13T00:00:00+00:00, run_after=2024-02-14T00:00:00+00:00
[2024-02-14T09:28:52.291+0000] {processor.py:183} INFO - Processing /home/codespace/.local/share/virtualenvs/airflow_sandbox-vp-HKq_L/lib/python3.10/site-packages/airflow/example_dags/example_short_circuit_operator.py took 0.089 seconds
[2024-02-14T09:29:27.921+0000] {processor.py:161} INFO - Started process (PID=16149) to work on /home/codespace/.local/share/virtualenvs/airflow_sandbox-vp-HKq_L/lib/python3.10/site-packages/airflow/example_dags/example_short_circuit_operator.py
[2024-02-14T09:29:27.922+0000] {processor.py:830} INFO - Processing file /home/codespace/.local/share/virtualenvs/airflow_sandbox-vp-HKq_L/lib/python3.10/site-packages/airflow/example_dags/example_short_circuit_operator.py for tasks to queue
[2024-02-14T09:29:27.922+0000] {logging_mixin.py:188} INFO - [2024-02-14T09:29:27.922+0000] {dagbag.py:538} INFO - Filling up the DagBag from /home/codespace/.local/share/virtualenvs/airflow_sandbox-vp-HKq_L/lib/python3.10/site-packages/airflow/example_dags/example_short_circuit_operator.py
[2024-02-14T09:29:27.929+0000] {processor.py:840} INFO - DAG(s) 'example_short_circuit_operator' retrieved from /home/codespace/.local/share/virtualenvs/airflow_sandbox-vp-HKq_L/lib/python3.10/site-packages/airflow/example_dags/example_short_circuit_operator.py
[2024-02-14T09:29:27.944+0000] {logging_mixin.py:188} INFO - [2024-02-14T09:29:27.943+0000] {dag.py:3033} INFO - Sync 1 DAGs
[2024-02-14T09:29:27.960+0000] {logging_mixin.py:188} INFO - [2024-02-14T09:29:27.959+0000] {dag.py:3820} INFO - Setting next_dagrun for example_short_circuit_operator to 2024-02-13T00:00:00+00:00, run_after=2024-02-14T00:00:00+00:00
[2024-02-14T09:29:28.001+0000] {processor.py:183} INFO - Processing /home/codespace/.local/share/virtualenvs/airflow_sandbox-vp-HKq_L/lib/python3.10/site-packages/airflow/example_dags/example_short_circuit_operator.py took 0.083 seconds
[2024-02-14T09:30:03.727+0000] {processor.py:161} INFO - Started process (PID=16391) to work on /home/codespace/.local/share/virtualenvs/airflow_sandbox-vp-HKq_L/lib/python3.10/site-packages/airflow/example_dags/example_short_circuit_operator.py
[2024-02-14T09:30:03.727+0000] {processor.py:830} INFO - Processing file /home/codespace/.local/share/virtualenvs/airflow_sandbox-vp-HKq_L/lib/python3.10/site-packages/airflow/example_dags/example_short_circuit_operator.py for tasks to queue
[2024-02-14T09:30:03.728+0000] {logging_mixin.py:188} INFO - [2024-02-14T09:30:03.728+0000] {dagbag.py:538} INFO - Filling up the DagBag from /home/codespace/.local/share/virtualenvs/airflow_sandbox-vp-HKq_L/lib/python3.10/site-packages/airflow/example_dags/example_short_circuit_operator.py
[2024-02-14T09:30:03.735+0000] {processor.py:840} INFO - DAG(s) 'example_short_circuit_operator' retrieved from /home/codespace/.local/share/virtualenvs/airflow_sandbox-vp-HKq_L/lib/python3.10/site-packages/airflow/example_dags/example_short_circuit_operator.py
[2024-02-14T09:30:03.749+0000] {logging_mixin.py:188} INFO - [2024-02-14T09:30:03.749+0000] {dag.py:3033} INFO - Sync 1 DAGs
[2024-02-14T09:30:03.765+0000] {logging_mixin.py:188} INFO - [2024-02-14T09:30:03.765+0000] {dag.py:3820} INFO - Setting next_dagrun for example_short_circuit_operator to 2024-02-13T00:00:00+00:00, run_after=2024-02-14T00:00:00+00:00
[2024-02-14T09:30:03.809+0000] {processor.py:183} INFO - Processing /home/codespace/.local/share/virtualenvs/airflow_sandbox-vp-HKq_L/lib/python3.10/site-packages/airflow/example_dags/example_short_circuit_operator.py took 0.084 seconds
[2024-02-14T09:30:38.202+0000] {processor.py:161} INFO - Started process (PID=16643) to work on /home/codespace/.local/share/virtualenvs/airflow_sandbox-vp-HKq_L/lib/python3.10/site-packages/airflow/example_dags/example_short_circuit_operator.py
[2024-02-14T09:30:38.203+0000] {processor.py:830} INFO - Processing file /home/codespace/.local/share/virtualenvs/airflow_sandbox-vp-HKq_L/lib/python3.10/site-packages/airflow/example_dags/example_short_circuit_operator.py for tasks to queue
[2024-02-14T09:30:38.203+0000] {logging_mixin.py:188} INFO - [2024-02-14T09:30:38.203+0000] {dagbag.py:538} INFO - Filling up the DagBag from /home/codespace/.local/share/virtualenvs/airflow_sandbox-vp-HKq_L/lib/python3.10/site-packages/airflow/example_dags/example_short_circuit_operator.py
[2024-02-14T09:30:38.209+0000] {processor.py:840} INFO - DAG(s) 'example_short_circuit_operator' retrieved from /home/codespace/.local/share/virtualenvs/airflow_sandbox-vp-HKq_L/lib/python3.10/site-packages/airflow/example_dags/example_short_circuit_operator.py
[2024-02-14T09:30:38.223+0000] {logging_mixin.py:188} INFO - [2024-02-14T09:30:38.223+0000] {dag.py:3033} INFO - Sync 1 DAGs
[2024-02-14T09:30:38.239+0000] {logging_mixin.py:188} INFO - [2024-02-14T09:30:38.238+0000] {dag.py:3820} INFO - Setting next_dagrun for example_short_circuit_operator to 2024-02-13T00:00:00+00:00, run_after=2024-02-14T00:00:00+00:00
[2024-02-14T09:30:38.288+0000] {processor.py:183} INFO - Processing /home/codespace/.local/share/virtualenvs/airflow_sandbox-vp-HKq_L/lib/python3.10/site-packages/airflow/example_dags/example_short_circuit_operator.py took 0.089 seconds
[2024-02-14T09:31:12.756+0000] {processor.py:161} INFO - Started process (PID=16889) to work on /home/codespace/.local/share/virtualenvs/airflow_sandbox-vp-HKq_L/lib/python3.10/site-packages/airflow/example_dags/example_short_circuit_operator.py
[2024-02-14T09:31:12.757+0000] {processor.py:830} INFO - Processing file /home/codespace/.local/share/virtualenvs/airflow_sandbox-vp-HKq_L/lib/python3.10/site-packages/airflow/example_dags/example_short_circuit_operator.py for tasks to queue
[2024-02-14T09:31:12.758+0000] {logging_mixin.py:188} INFO - [2024-02-14T09:31:12.758+0000] {dagbag.py:538} INFO - Filling up the DagBag from /home/codespace/.local/share/virtualenvs/airflow_sandbox-vp-HKq_L/lib/python3.10/site-packages/airflow/example_dags/example_short_circuit_operator.py
[2024-02-14T09:31:12.764+0000] {processor.py:840} INFO - DAG(s) 'example_short_circuit_operator' retrieved from /home/codespace/.local/share/virtualenvs/airflow_sandbox-vp-HKq_L/lib/python3.10/site-packages/airflow/example_dags/example_short_circuit_operator.py
[2024-02-14T09:31:12.778+0000] {logging_mixin.py:188} INFO - [2024-02-14T09:31:12.778+0000] {dag.py:3033} INFO - Sync 1 DAGs
[2024-02-14T09:31:12.794+0000] {logging_mixin.py:188} INFO - [2024-02-14T09:31:12.794+0000] {dag.py:3820} INFO - Setting next_dagrun for example_short_circuit_operator to 2024-02-13T00:00:00+00:00, run_after=2024-02-14T00:00:00+00:00
[2024-02-14T09:31:12.834+0000] {processor.py:183} INFO - Processing /home/codespace/.local/share/virtualenvs/airflow_sandbox-vp-HKq_L/lib/python3.10/site-packages/airflow/example_dags/example_short_circuit_operator.py took 0.080 seconds
[2024-02-14T09:31:47.075+0000] {processor.py:161} INFO - Started process (PID=17120) to work on /home/codespace/.local/share/virtualenvs/airflow_sandbox-vp-HKq_L/lib/python3.10/site-packages/airflow/example_dags/example_short_circuit_operator.py
[2024-02-14T09:31:47.075+0000] {processor.py:830} INFO - Processing file /home/codespace/.local/share/virtualenvs/airflow_sandbox-vp-HKq_L/lib/python3.10/site-packages/airflow/example_dags/example_short_circuit_operator.py for tasks to queue
[2024-02-14T09:31:47.076+0000] {logging_mixin.py:188} INFO - [2024-02-14T09:31:47.076+0000] {dagbag.py:538} INFO - Filling up the DagBag from /home/codespace/.local/share/virtualenvs/airflow_sandbox-vp-HKq_L/lib/python3.10/site-packages/airflow/example_dags/example_short_circuit_operator.py
[2024-02-14T09:31:47.083+0000] {processor.py:840} INFO - DAG(s) 'example_short_circuit_operator' retrieved from /home/codespace/.local/share/virtualenvs/airflow_sandbox-vp-HKq_L/lib/python3.10/site-packages/airflow/example_dags/example_short_circuit_operator.py
[2024-02-14T09:31:47.098+0000] {logging_mixin.py:188} INFO - [2024-02-14T09:31:47.097+0000] {dag.py:3033} INFO - Sync 1 DAGs
[2024-02-14T09:31:47.113+0000] {logging_mixin.py:188} INFO - [2024-02-14T09:31:47.113+0000] {dag.py:3820} INFO - Setting next_dagrun for example_short_circuit_operator to 2024-02-13T00:00:00+00:00, run_after=2024-02-14T00:00:00+00:00
[2024-02-14T09:31:47.155+0000] {processor.py:183} INFO - Processing /home/codespace/.local/share/virtualenvs/airflow_sandbox-vp-HKq_L/lib/python3.10/site-packages/airflow/example_dags/example_short_circuit_operator.py took 0.084 seconds
[2024-02-14T09:32:23.806+0000] {processor.py:161} INFO - Started process (PID=17381) to work on /home/codespace/.local/share/virtualenvs/airflow_sandbox-vp-HKq_L/lib/python3.10/site-packages/airflow/example_dags/example_short_circuit_operator.py
[2024-02-14T09:32:23.807+0000] {processor.py:830} INFO - Processing file /home/codespace/.local/share/virtualenvs/airflow_sandbox-vp-HKq_L/lib/python3.10/site-packages/airflow/example_dags/example_short_circuit_operator.py for tasks to queue
[2024-02-14T09:32:23.808+0000] {logging_mixin.py:188} INFO - [2024-02-14T09:32:23.808+0000] {dagbag.py:538} INFO - Filling up the DagBag from /home/codespace/.local/share/virtualenvs/airflow_sandbox-vp-HKq_L/lib/python3.10/site-packages/airflow/example_dags/example_short_circuit_operator.py
[2024-02-14T09:32:23.814+0000] {processor.py:840} INFO - DAG(s) 'example_short_circuit_operator' retrieved from /home/codespace/.local/share/virtualenvs/airflow_sandbox-vp-HKq_L/lib/python3.10/site-packages/airflow/example_dags/example_short_circuit_operator.py
[2024-02-14T09:32:23.829+0000] {logging_mixin.py:188} INFO - [2024-02-14T09:32:23.829+0000] {dag.py:3033} INFO - Sync 1 DAGs
[2024-02-14T09:32:23.844+0000] {logging_mixin.py:188} INFO - [2024-02-14T09:32:23.844+0000] {dag.py:3820} INFO - Setting next_dagrun for example_short_circuit_operator to 2024-02-13T00:00:00+00:00, run_after=2024-02-14T00:00:00+00:00
[2024-02-14T09:32:23.885+0000] {processor.py:183} INFO - Processing /home/codespace/.local/share/virtualenvs/airflow_sandbox-vp-HKq_L/lib/python3.10/site-packages/airflow/example_dags/example_short_circuit_operator.py took 0.081 seconds
[2024-02-14T09:32:59.441+0000] {processor.py:161} INFO - Started process (PID=17653) to work on /home/codespace/.local/share/virtualenvs/airflow_sandbox-vp-HKq_L/lib/python3.10/site-packages/airflow/example_dags/example_short_circuit_operator.py
[2024-02-14T09:32:59.442+0000] {processor.py:830} INFO - Processing file /home/codespace/.local/share/virtualenvs/airflow_sandbox-vp-HKq_L/lib/python3.10/site-packages/airflow/example_dags/example_short_circuit_operator.py for tasks to queue
[2024-02-14T09:32:59.442+0000] {logging_mixin.py:188} INFO - [2024-02-14T09:32:59.442+0000] {dagbag.py:538} INFO - Filling up the DagBag from /home/codespace/.local/share/virtualenvs/airflow_sandbox-vp-HKq_L/lib/python3.10/site-packages/airflow/example_dags/example_short_circuit_operator.py
[2024-02-14T09:32:59.449+0000] {processor.py:840} INFO - DAG(s) 'example_short_circuit_operator' retrieved from /home/codespace/.local/share/virtualenvs/airflow_sandbox-vp-HKq_L/lib/python3.10/site-packages/airflow/example_dags/example_short_circuit_operator.py
[2024-02-14T09:32:59.463+0000] {logging_mixin.py:188} INFO - [2024-02-14T09:32:59.463+0000] {dag.py:3033} INFO - Sync 1 DAGs
[2024-02-14T09:32:59.488+0000] {logging_mixin.py:188} INFO - [2024-02-14T09:32:59.488+0000] {dag.py:3820} INFO - Setting next_dagrun for example_short_circuit_operator to 2024-02-13T00:00:00+00:00, run_after=2024-02-14T00:00:00+00:00
[2024-02-14T09:32:59.531+0000] {processor.py:183} INFO - Processing /home/codespace/.local/share/virtualenvs/airflow_sandbox-vp-HKq_L/lib/python3.10/site-packages/airflow/example_dags/example_short_circuit_operator.py took 0.092 seconds
[2024-02-14T09:33:34.549+0000] {processor.py:161} INFO - Started process (PID=17903) to work on /home/codespace/.local/share/virtualenvs/airflow_sandbox-vp-HKq_L/lib/python3.10/site-packages/airflow/example_dags/example_short_circuit_operator.py
[2024-02-14T09:33:34.549+0000] {processor.py:830} INFO - Processing file /home/codespace/.local/share/virtualenvs/airflow_sandbox-vp-HKq_L/lib/python3.10/site-packages/airflow/example_dags/example_short_circuit_operator.py for tasks to queue
[2024-02-14T09:33:34.550+0000] {logging_mixin.py:188} INFO - [2024-02-14T09:33:34.550+0000] {dagbag.py:538} INFO - Filling up the DagBag from /home/codespace/.local/share/virtualenvs/airflow_sandbox-vp-HKq_L/lib/python3.10/site-packages/airflow/example_dags/example_short_circuit_operator.py
[2024-02-14T09:33:34.556+0000] {processor.py:840} INFO - DAG(s) 'example_short_circuit_operator' retrieved from /home/codespace/.local/share/virtualenvs/airflow_sandbox-vp-HKq_L/lib/python3.10/site-packages/airflow/example_dags/example_short_circuit_operator.py
[2024-02-14T09:33:34.570+0000] {logging_mixin.py:188} INFO - [2024-02-14T09:33:34.570+0000] {dag.py:3033} INFO - Sync 1 DAGs
[2024-02-14T09:33:34.584+0000] {logging_mixin.py:188} INFO - [2024-02-14T09:33:34.584+0000] {dag.py:3820} INFO - Setting next_dagrun for example_short_circuit_operator to 2024-02-13T00:00:00+00:00, run_after=2024-02-14T00:00:00+00:00
[2024-02-14T09:33:34.627+0000] {processor.py:183} INFO - Processing /home/codespace/.local/share/virtualenvs/airflow_sandbox-vp-HKq_L/lib/python3.10/site-packages/airflow/example_dags/example_short_circuit_operator.py took 0.081 seconds
[2024-02-14T09:34:08.929+0000] {processor.py:161} INFO - Started process (PID=18149) to work on /home/codespace/.local/share/virtualenvs/airflow_sandbox-vp-HKq_L/lib/python3.10/site-packages/airflow/example_dags/example_short_circuit_operator.py
[2024-02-14T09:34:08.930+0000] {processor.py:830} INFO - Processing file /home/codespace/.local/share/virtualenvs/airflow_sandbox-vp-HKq_L/lib/python3.10/site-packages/airflow/example_dags/example_short_circuit_operator.py for tasks to queue
[2024-02-14T09:34:08.931+0000] {logging_mixin.py:188} INFO - [2024-02-14T09:34:08.930+0000] {dagbag.py:538} INFO - Filling up the DagBag from /home/codespace/.local/share/virtualenvs/airflow_sandbox-vp-HKq_L/lib/python3.10/site-packages/airflow/example_dags/example_short_circuit_operator.py
[2024-02-14T09:34:08.940+0000] {processor.py:840} INFO - DAG(s) 'example_short_circuit_operator' retrieved from /home/codespace/.local/share/virtualenvs/airflow_sandbox-vp-HKq_L/lib/python3.10/site-packages/airflow/example_dags/example_short_circuit_operator.py
[2024-02-14T09:34:08.956+0000] {logging_mixin.py:188} INFO - [2024-02-14T09:34:08.956+0000] {dag.py:3033} INFO - Sync 1 DAGs
[2024-02-14T09:34:08.973+0000] {logging_mixin.py:188} INFO - [2024-02-14T09:34:08.973+0000] {dag.py:3820} INFO - Setting next_dagrun for example_short_circuit_operator to 2024-02-13T00:00:00+00:00, run_after=2024-02-14T00:00:00+00:00
[2024-02-14T09:34:09.017+0000] {processor.py:183} INFO - Processing /home/codespace/.local/share/virtualenvs/airflow_sandbox-vp-HKq_L/lib/python3.10/site-packages/airflow/example_dags/example_short_circuit_operator.py took 0.090 seconds
[2024-02-14T09:34:45.465+0000] {processor.py:161} INFO - Started process (PID=18529) to work on /home/codespace/.local/share/virtualenvs/airflow_sandbox-vp-HKq_L/lib/python3.10/site-packages/airflow/example_dags/example_short_circuit_operator.py
[2024-02-14T09:34:45.466+0000] {processor.py:830} INFO - Processing file /home/codespace/.local/share/virtualenvs/airflow_sandbox-vp-HKq_L/lib/python3.10/site-packages/airflow/example_dags/example_short_circuit_operator.py for tasks to queue
[2024-02-14T09:34:45.467+0000] {logging_mixin.py:188} INFO - [2024-02-14T09:34:45.467+0000] {dagbag.py:538} INFO - Filling up the DagBag from /home/codespace/.local/share/virtualenvs/airflow_sandbox-vp-HKq_L/lib/python3.10/site-packages/airflow/example_dags/example_short_circuit_operator.py
[2024-02-14T09:34:45.475+0000] {processor.py:840} INFO - DAG(s) 'example_short_circuit_operator' retrieved from /home/codespace/.local/share/virtualenvs/airflow_sandbox-vp-HKq_L/lib/python3.10/site-packages/airflow/example_dags/example_short_circuit_operator.py
[2024-02-14T09:34:45.636+0000] {logging_mixin.py:188} INFO - [2024-02-14T09:34:45.636+0000] {dag.py:3033} INFO - Sync 1 DAGs
[2024-02-14T09:34:45.657+0000] {logging_mixin.py:188} INFO - [2024-02-14T09:34:45.656+0000] {dag.py:3820} INFO - Setting next_dagrun for example_short_circuit_operator to 2024-02-13T00:00:00+00:00, run_after=2024-02-14T00:00:00+00:00
[2024-02-14T09:34:45.701+0000] {processor.py:183} INFO - Processing /home/codespace/.local/share/virtualenvs/airflow_sandbox-vp-HKq_L/lib/python3.10/site-packages/airflow/example_dags/example_short_circuit_operator.py took 0.240 seconds
