[2024-02-14T09:08:14.916+0000] {processor.py:161} INFO - Started process (PID=4878) to work on /home/codespace/.local/share/virtualenvs/airflow_sandbox-vp-HKq_L/lib/python3.10/site-packages/airflow/example_dags/example_dag_decorator.py
[2024-02-14T09:08:14.917+0000] {processor.py:830} INFO - Processing file /home/codespace/.local/share/virtualenvs/airflow_sandbox-vp-HKq_L/lib/python3.10/site-packages/airflow/example_dags/example_dag_decorator.py for tasks to queue
[2024-02-14T09:08:14.917+0000] {logging_mixin.py:188} INFO - [2024-02-14T09:08:14.917+0000] {dagbag.py:538} INFO - Filling up the DagBag from /home/codespace/.local/share/virtualenvs/airflow_sandbox-vp-HKq_L/lib/python3.10/site-packages/airflow/example_dags/example_dag_decorator.py
[2024-02-14T09:08:15.094+0000] {processor.py:840} INFO - DAG(s) 'example_dag_decorator' retrieved from /home/codespace/.local/share/virtualenvs/airflow_sandbox-vp-HKq_L/lib/python3.10/site-packages/airflow/example_dags/example_dag_decorator.py
[2024-02-14T09:08:15.176+0000] {logging_mixin.py:188} INFO - [2024-02-14T09:08:15.176+0000] {dag.py:3033} INFO - Sync 1 DAGs
[2024-02-14T09:08:15.184+0000] {logging_mixin.py:188} INFO - [2024-02-14T09:08:15.183+0000] {dag.py:3820} INFO - Setting next_dagrun for example_dag_decorator to None, run_after=None
[2024-02-14T09:08:15.227+0000] {processor.py:183} INFO - Processing /home/codespace/.local/share/virtualenvs/airflow_sandbox-vp-HKq_L/lib/python3.10/site-packages/airflow/example_dags/example_dag_decorator.py took 0.313 seconds
[2024-02-14T09:09:22.745+0000] {processor.py:161} INFO - Started process (PID=5878) to work on /home/codespace/.local/share/virtualenvs/airflow_sandbox-vp-HKq_L/lib/python3.10/site-packages/airflow/example_dags/example_dag_decorator.py
[2024-02-14T09:09:22.746+0000] {processor.py:830} INFO - Processing file /home/codespace/.local/share/virtualenvs/airflow_sandbox-vp-HKq_L/lib/python3.10/site-packages/airflow/example_dags/example_dag_decorator.py for tasks to queue
[2024-02-14T09:09:22.747+0000] {logging_mixin.py:188} INFO - [2024-02-14T09:09:22.747+0000] {dagbag.py:538} INFO - Filling up the DagBag from /home/codespace/.local/share/virtualenvs/airflow_sandbox-vp-HKq_L/lib/python3.10/site-packages/airflow/example_dags/example_dag_decorator.py
[2024-02-14T09:09:22.823+0000] {processor.py:840} INFO - DAG(s) 'example_dag_decorator' retrieved from /home/codespace/.local/share/virtualenvs/airflow_sandbox-vp-HKq_L/lib/python3.10/site-packages/airflow/example_dags/example_dag_decorator.py
[2024-02-14T09:09:22.906+0000] {logging_mixin.py:188} INFO - [2024-02-14T09:09:22.906+0000] {dag.py:3033} INFO - Sync 1 DAGs
[2024-02-14T09:09:22.913+0000] {logging_mixin.py:188} INFO - [2024-02-14T09:09:22.913+0000] {dag.py:3820} INFO - Setting next_dagrun for example_dag_decorator to None, run_after=None
[2024-02-14T09:09:22.955+0000] {processor.py:183} INFO - Processing /home/codespace/.local/share/virtualenvs/airflow_sandbox-vp-HKq_L/lib/python3.10/site-packages/airflow/example_dags/example_dag_decorator.py took 0.212 seconds
[2024-02-14T09:10:10.976+0000] {processor.py:161} INFO - Started process (PID=6522) to work on /home/codespace/.local/share/virtualenvs/airflow_sandbox-vp-HKq_L/lib/python3.10/site-packages/airflow/example_dags/example_dag_decorator.py
[2024-02-14T09:10:10.977+0000] {processor.py:830} INFO - Processing file /home/codespace/.local/share/virtualenvs/airflow_sandbox-vp-HKq_L/lib/python3.10/site-packages/airflow/example_dags/example_dag_decorator.py for tasks to queue
[2024-02-14T09:10:10.978+0000] {logging_mixin.py:188} INFO - [2024-02-14T09:10:10.977+0000] {dagbag.py:538} INFO - Filling up the DagBag from /home/codespace/.local/share/virtualenvs/airflow_sandbox-vp-HKq_L/lib/python3.10/site-packages/airflow/example_dags/example_dag_decorator.py
[2024-02-14T09:10:11.051+0000] {processor.py:840} INFO - DAG(s) 'example_dag_decorator' retrieved from /home/codespace/.local/share/virtualenvs/airflow_sandbox-vp-HKq_L/lib/python3.10/site-packages/airflow/example_dags/example_dag_decorator.py
[2024-02-14T09:10:11.132+0000] {logging_mixin.py:188} INFO - [2024-02-14T09:10:11.132+0000] {dag.py:3033} INFO - Sync 1 DAGs
[2024-02-14T09:10:11.140+0000] {logging_mixin.py:188} INFO - [2024-02-14T09:10:11.140+0000] {dag.py:3820} INFO - Setting next_dagrun for example_dag_decorator to None, run_after=None
[2024-02-14T09:10:11.193+0000] {processor.py:183} INFO - Processing /home/codespace/.local/share/virtualenvs/airflow_sandbox-vp-HKq_L/lib/python3.10/site-packages/airflow/example_dags/example_dag_decorator.py took 0.219 seconds
[2024-02-14T09:11:05.829+0000] {processor.py:161} INFO - Started process (PID=7167) to work on /home/codespace/.local/share/virtualenvs/airflow_sandbox-vp-HKq_L/lib/python3.10/site-packages/airflow/example_dags/example_dag_decorator.py
[2024-02-14T09:11:05.830+0000] {processor.py:830} INFO - Processing file /home/codespace/.local/share/virtualenvs/airflow_sandbox-vp-HKq_L/lib/python3.10/site-packages/airflow/example_dags/example_dag_decorator.py for tasks to queue
[2024-02-14T09:11:05.831+0000] {logging_mixin.py:188} INFO - [2024-02-14T09:11:05.831+0000] {dagbag.py:538} INFO - Filling up the DagBag from /home/codespace/.local/share/virtualenvs/airflow_sandbox-vp-HKq_L/lib/python3.10/site-packages/airflow/example_dags/example_dag_decorator.py
[2024-02-14T09:11:05.915+0000] {processor.py:840} INFO - DAG(s) 'example_dag_decorator' retrieved from /home/codespace/.local/share/virtualenvs/airflow_sandbox-vp-HKq_L/lib/python3.10/site-packages/airflow/example_dags/example_dag_decorator.py
[2024-02-14T09:11:06.000+0000] {logging_mixin.py:188} INFO - [2024-02-14T09:11:06.000+0000] {dag.py:3033} INFO - Sync 1 DAGs
[2024-02-14T09:11:06.008+0000] {logging_mixin.py:188} INFO - [2024-02-14T09:11:06.007+0000] {dag.py:3820} INFO - Setting next_dagrun for example_dag_decorator to None, run_after=None
[2024-02-14T09:11:06.049+0000] {processor.py:183} INFO - Processing /home/codespace/.local/share/virtualenvs/airflow_sandbox-vp-HKq_L/lib/python3.10/site-packages/airflow/example_dags/example_dag_decorator.py took 0.222 seconds
[2024-02-14T09:12:02.694+0000] {processor.py:161} INFO - Started process (PID=7904) to work on /home/codespace/.local/share/virtualenvs/airflow_sandbox-vp-HKq_L/lib/python3.10/site-packages/airflow/example_dags/example_dag_decorator.py
[2024-02-14T09:12:02.695+0000] {processor.py:830} INFO - Processing file /home/codespace/.local/share/virtualenvs/airflow_sandbox-vp-HKq_L/lib/python3.10/site-packages/airflow/example_dags/example_dag_decorator.py for tasks to queue
[2024-02-14T09:12:02.696+0000] {logging_mixin.py:188} INFO - [2024-02-14T09:12:02.696+0000] {dagbag.py:538} INFO - Filling up the DagBag from /home/codespace/.local/share/virtualenvs/airflow_sandbox-vp-HKq_L/lib/python3.10/site-packages/airflow/example_dags/example_dag_decorator.py
[2024-02-14T09:12:02.774+0000] {processor.py:840} INFO - DAG(s) 'example_dag_decorator' retrieved from /home/codespace/.local/share/virtualenvs/airflow_sandbox-vp-HKq_L/lib/python3.10/site-packages/airflow/example_dags/example_dag_decorator.py
[2024-02-14T09:12:02.855+0000] {logging_mixin.py:188} INFO - [2024-02-14T09:12:02.855+0000] {dag.py:3033} INFO - Sync 1 DAGs
[2024-02-14T09:12:02.862+0000] {logging_mixin.py:188} INFO - [2024-02-14T09:12:02.862+0000] {dag.py:3820} INFO - Setting next_dagrun for example_dag_decorator to None, run_after=None
[2024-02-14T09:12:02.908+0000] {processor.py:183} INFO - Processing /home/codespace/.local/share/virtualenvs/airflow_sandbox-vp-HKq_L/lib/python3.10/site-packages/airflow/example_dags/example_dag_decorator.py took 0.217 seconds
[2024-02-14T09:12:57.355+0000] {processor.py:161} INFO - Started process (PID=8372) to work on /home/codespace/.local/share/virtualenvs/airflow_sandbox-vp-HKq_L/lib/python3.10/site-packages/airflow/example_dags/example_dag_decorator.py
[2024-02-14T09:12:57.355+0000] {processor.py:830} INFO - Processing file /home/codespace/.local/share/virtualenvs/airflow_sandbox-vp-HKq_L/lib/python3.10/site-packages/airflow/example_dags/example_dag_decorator.py for tasks to queue
[2024-02-14T09:12:57.356+0000] {logging_mixin.py:188} INFO - [2024-02-14T09:12:57.356+0000] {dagbag.py:538} INFO - Filling up the DagBag from /home/codespace/.local/share/virtualenvs/airflow_sandbox-vp-HKq_L/lib/python3.10/site-packages/airflow/example_dags/example_dag_decorator.py
[2024-02-14T09:12:57.434+0000] {processor.py:840} INFO - DAG(s) 'example_dag_decorator' retrieved from /home/codespace/.local/share/virtualenvs/airflow_sandbox-vp-HKq_L/lib/python3.10/site-packages/airflow/example_dags/example_dag_decorator.py
[2024-02-14T09:12:57.538+0000] {logging_mixin.py:188} INFO - [2024-02-14T09:12:57.537+0000] {dag.py:3033} INFO - Sync 1 DAGs
[2024-02-14T09:12:57.552+0000] {logging_mixin.py:188} INFO - [2024-02-14T09:12:57.552+0000] {dag.py:3820} INFO - Setting next_dagrun for example_dag_decorator to None, run_after=None
[2024-02-14T09:12:57.627+0000] {processor.py:183} INFO - Processing /home/codespace/.local/share/virtualenvs/airflow_sandbox-vp-HKq_L/lib/python3.10/site-packages/airflow/example_dags/example_dag_decorator.py took 0.274 seconds
[2024-02-14T09:13:51.265+0000] {processor.py:161} INFO - Started process (PID=8836) to work on /home/codespace/.local/share/virtualenvs/airflow_sandbox-vp-HKq_L/lib/python3.10/site-packages/airflow/example_dags/example_dag_decorator.py
[2024-02-14T09:13:51.266+0000] {processor.py:830} INFO - Processing file /home/codespace/.local/share/virtualenvs/airflow_sandbox-vp-HKq_L/lib/python3.10/site-packages/airflow/example_dags/example_dag_decorator.py for tasks to queue
[2024-02-14T09:13:51.267+0000] {logging_mixin.py:188} INFO - [2024-02-14T09:13:51.267+0000] {dagbag.py:538} INFO - Filling up the DagBag from /home/codespace/.local/share/virtualenvs/airflow_sandbox-vp-HKq_L/lib/python3.10/site-packages/airflow/example_dags/example_dag_decorator.py
[2024-02-14T09:13:51.342+0000] {processor.py:840} INFO - DAG(s) 'example_dag_decorator' retrieved from /home/codespace/.local/share/virtualenvs/airflow_sandbox-vp-HKq_L/lib/python3.10/site-packages/airflow/example_dags/example_dag_decorator.py
[2024-02-14T09:13:51.357+0000] {logging_mixin.py:188} INFO - [2024-02-14T09:13:51.357+0000] {dag.py:3033} INFO - Sync 1 DAGs
[2024-02-14T09:13:51.365+0000] {logging_mixin.py:188} INFO - [2024-02-14T09:13:51.365+0000] {dag.py:3820} INFO - Setting next_dagrun for example_dag_decorator to None, run_after=None
[2024-02-14T09:13:51.414+0000] {processor.py:183} INFO - Processing /home/codespace/.local/share/virtualenvs/airflow_sandbox-vp-HKq_L/lib/python3.10/site-packages/airflow/example_dags/example_dag_decorator.py took 0.151 seconds
[2024-02-14T09:14:45.341+0000] {processor.py:161} INFO - Started process (PID=9205) to work on /home/codespace/.local/share/virtualenvs/airflow_sandbox-vp-HKq_L/lib/python3.10/site-packages/airflow/example_dags/example_dag_decorator.py
[2024-02-14T09:14:45.342+0000] {processor.py:830} INFO - Processing file /home/codespace/.local/share/virtualenvs/airflow_sandbox-vp-HKq_L/lib/python3.10/site-packages/airflow/example_dags/example_dag_decorator.py for tasks to queue
[2024-02-14T09:14:45.342+0000] {logging_mixin.py:188} INFO - [2024-02-14T09:14:45.342+0000] {dagbag.py:538} INFO - Filling up the DagBag from /home/codespace/.local/share/virtualenvs/airflow_sandbox-vp-HKq_L/lib/python3.10/site-packages/airflow/example_dags/example_dag_decorator.py
[2024-02-14T09:14:45.416+0000] {processor.py:840} INFO - DAG(s) 'example_dag_decorator' retrieved from /home/codespace/.local/share/virtualenvs/airflow_sandbox-vp-HKq_L/lib/python3.10/site-packages/airflow/example_dags/example_dag_decorator.py
[2024-02-14T09:14:45.497+0000] {logging_mixin.py:188} INFO - [2024-02-14T09:14:45.497+0000] {dag.py:3033} INFO - Sync 1 DAGs
[2024-02-14T09:14:45.505+0000] {logging_mixin.py:188} INFO - [2024-02-14T09:14:45.504+0000] {dag.py:3820} INFO - Setting next_dagrun for example_dag_decorator to None, run_after=None
[2024-02-14T09:14:45.549+0000] {processor.py:183} INFO - Processing /home/codespace/.local/share/virtualenvs/airflow_sandbox-vp-HKq_L/lib/python3.10/site-packages/airflow/example_dags/example_dag_decorator.py took 0.211 seconds
[2024-02-14T09:15:36.000+0000] {processor.py:161} INFO - Started process (PID=9557) to work on /home/codespace/.local/share/virtualenvs/airflow_sandbox-vp-HKq_L/lib/python3.10/site-packages/airflow/example_dags/example_dag_decorator.py
[2024-02-14T09:15:36.001+0000] {processor.py:830} INFO - Processing file /home/codespace/.local/share/virtualenvs/airflow_sandbox-vp-HKq_L/lib/python3.10/site-packages/airflow/example_dags/example_dag_decorator.py for tasks to queue
[2024-02-14T09:15:36.001+0000] {logging_mixin.py:188} INFO - [2024-02-14T09:15:36.001+0000] {dagbag.py:538} INFO - Filling up the DagBag from /home/codespace/.local/share/virtualenvs/airflow_sandbox-vp-HKq_L/lib/python3.10/site-packages/airflow/example_dags/example_dag_decorator.py
[2024-02-14T09:15:36.074+0000] {processor.py:840} INFO - DAG(s) 'example_dag_decorator' retrieved from /home/codespace/.local/share/virtualenvs/airflow_sandbox-vp-HKq_L/lib/python3.10/site-packages/airflow/example_dags/example_dag_decorator.py
[2024-02-14T09:15:36.180+0000] {logging_mixin.py:188} INFO - [2024-02-14T09:15:36.180+0000] {dag.py:3033} INFO - Sync 1 DAGs
[2024-02-14T09:15:36.188+0000] {logging_mixin.py:188} INFO - [2024-02-14T09:15:36.188+0000] {dag.py:3820} INFO - Setting next_dagrun for example_dag_decorator to None, run_after=None
[2024-02-14T09:15:36.232+0000] {processor.py:183} INFO - Processing /home/codespace/.local/share/virtualenvs/airflow_sandbox-vp-HKq_L/lib/python3.10/site-packages/airflow/example_dags/example_dag_decorator.py took 0.234 seconds
[2024-02-14T09:16:28.737+0000] {processor.py:161} INFO - Started process (PID=9929) to work on /home/codespace/.local/share/virtualenvs/airflow_sandbox-vp-HKq_L/lib/python3.10/site-packages/airflow/example_dags/example_dag_decorator.py
[2024-02-14T09:16:28.737+0000] {processor.py:830} INFO - Processing file /home/codespace/.local/share/virtualenvs/airflow_sandbox-vp-HKq_L/lib/python3.10/site-packages/airflow/example_dags/example_dag_decorator.py for tasks to queue
[2024-02-14T09:16:28.738+0000] {logging_mixin.py:188} INFO - [2024-02-14T09:16:28.738+0000] {dagbag.py:538} INFO - Filling up the DagBag from /home/codespace/.local/share/virtualenvs/airflow_sandbox-vp-HKq_L/lib/python3.10/site-packages/airflow/example_dags/example_dag_decorator.py
[2024-02-14T09:16:28.815+0000] {processor.py:840} INFO - DAG(s) 'example_dag_decorator' retrieved from /home/codespace/.local/share/virtualenvs/airflow_sandbox-vp-HKq_L/lib/python3.10/site-packages/airflow/example_dags/example_dag_decorator.py
[2024-02-14T09:16:28.896+0000] {logging_mixin.py:188} INFO - [2024-02-14T09:16:28.896+0000] {dag.py:3033} INFO - Sync 1 DAGs
[2024-02-14T09:16:28.904+0000] {logging_mixin.py:188} INFO - [2024-02-14T09:16:28.904+0000] {dag.py:3820} INFO - Setting next_dagrun for example_dag_decorator to None, run_after=None
[2024-02-14T09:16:28.950+0000] {processor.py:183} INFO - Processing /home/codespace/.local/share/virtualenvs/airflow_sandbox-vp-HKq_L/lib/python3.10/site-packages/airflow/example_dags/example_dag_decorator.py took 0.216 seconds
[2024-02-14T09:17:23.247+0000] {processor.py:161} INFO - Started process (PID=10329) to work on /home/codespace/.local/share/virtualenvs/airflow_sandbox-vp-HKq_L/lib/python3.10/site-packages/airflow/example_dags/example_dag_decorator.py
[2024-02-14T09:17:23.247+0000] {processor.py:830} INFO - Processing file /home/codespace/.local/share/virtualenvs/airflow_sandbox-vp-HKq_L/lib/python3.10/site-packages/airflow/example_dags/example_dag_decorator.py for tasks to queue
[2024-02-14T09:17:23.248+0000] {logging_mixin.py:188} INFO - [2024-02-14T09:17:23.248+0000] {dagbag.py:538} INFO - Filling up the DagBag from /home/codespace/.local/share/virtualenvs/airflow_sandbox-vp-HKq_L/lib/python3.10/site-packages/airflow/example_dags/example_dag_decorator.py
[2024-02-14T09:17:23.325+0000] {processor.py:840} INFO - DAG(s) 'example_dag_decorator' retrieved from /home/codespace/.local/share/virtualenvs/airflow_sandbox-vp-HKq_L/lib/python3.10/site-packages/airflow/example_dags/example_dag_decorator.py
[2024-02-14T09:17:23.340+0000] {logging_mixin.py:188} INFO - [2024-02-14T09:17:23.340+0000] {dag.py:3033} INFO - Sync 1 DAGs
[2024-02-14T09:17:23.349+0000] {logging_mixin.py:188} INFO - [2024-02-14T09:17:23.349+0000] {dag.py:3820} INFO - Setting next_dagrun for example_dag_decorator to None, run_after=None
[2024-02-14T09:17:23.390+0000] {processor.py:183} INFO - Processing /home/codespace/.local/share/virtualenvs/airflow_sandbox-vp-HKq_L/lib/python3.10/site-packages/airflow/example_dags/example_dag_decorator.py took 0.146 seconds
[2024-02-14T09:18:12.721+0000] {processor.py:161} INFO - Started process (PID=10701) to work on /home/codespace/.local/share/virtualenvs/airflow_sandbox-vp-HKq_L/lib/python3.10/site-packages/airflow/example_dags/example_dag_decorator.py
[2024-02-14T09:18:12.721+0000] {processor.py:830} INFO - Processing file /home/codespace/.local/share/virtualenvs/airflow_sandbox-vp-HKq_L/lib/python3.10/site-packages/airflow/example_dags/example_dag_decorator.py for tasks to queue
[2024-02-14T09:18:12.722+0000] {logging_mixin.py:188} INFO - [2024-02-14T09:18:12.722+0000] {dagbag.py:538} INFO - Filling up the DagBag from /home/codespace/.local/share/virtualenvs/airflow_sandbox-vp-HKq_L/lib/python3.10/site-packages/airflow/example_dags/example_dag_decorator.py
[2024-02-14T09:18:12.798+0000] {processor.py:840} INFO - DAG(s) 'example_dag_decorator' retrieved from /home/codespace/.local/share/virtualenvs/airflow_sandbox-vp-HKq_L/lib/python3.10/site-packages/airflow/example_dags/example_dag_decorator.py
[2024-02-14T09:18:12.813+0000] {logging_mixin.py:188} INFO - [2024-02-14T09:18:12.813+0000] {dag.py:3033} INFO - Sync 1 DAGs
[2024-02-14T09:18:12.822+0000] {logging_mixin.py:188} INFO - [2024-02-14T09:18:12.822+0000] {dag.py:3820} INFO - Setting next_dagrun for example_dag_decorator to None, run_after=None
[2024-02-14T09:18:12.866+0000] {processor.py:183} INFO - Processing /home/codespace/.local/share/virtualenvs/airflow_sandbox-vp-HKq_L/lib/python3.10/site-packages/airflow/example_dags/example_dag_decorator.py took 0.148 seconds
[2024-02-14T09:19:05.880+0000] {processor.py:161} INFO - Started process (PID=11101) to work on /home/codespace/.local/share/virtualenvs/airflow_sandbox-vp-HKq_L/lib/python3.10/site-packages/airflow/example_dags/example_dag_decorator.py
[2024-02-14T09:19:05.881+0000] {processor.py:830} INFO - Processing file /home/codespace/.local/share/virtualenvs/airflow_sandbox-vp-HKq_L/lib/python3.10/site-packages/airflow/example_dags/example_dag_decorator.py for tasks to queue
[2024-02-14T09:19:05.882+0000] {logging_mixin.py:188} INFO - [2024-02-14T09:19:05.881+0000] {dagbag.py:538} INFO - Filling up the DagBag from /home/codespace/.local/share/virtualenvs/airflow_sandbox-vp-HKq_L/lib/python3.10/site-packages/airflow/example_dags/example_dag_decorator.py
[2024-02-14T09:19:05.955+0000] {processor.py:840} INFO - DAG(s) 'example_dag_decorator' retrieved from /home/codespace/.local/share/virtualenvs/airflow_sandbox-vp-HKq_L/lib/python3.10/site-packages/airflow/example_dags/example_dag_decorator.py
[2024-02-14T09:19:05.970+0000] {logging_mixin.py:188} INFO - [2024-02-14T09:19:05.969+0000] {dag.py:3033} INFO - Sync 1 DAGs
[2024-02-14T09:19:05.978+0000] {logging_mixin.py:188} INFO - [2024-02-14T09:19:05.978+0000] {dag.py:3820} INFO - Setting next_dagrun for example_dag_decorator to None, run_after=None
[2024-02-14T09:19:06.019+0000] {processor.py:183} INFO - Processing /home/codespace/.local/share/virtualenvs/airflow_sandbox-vp-HKq_L/lib/python3.10/site-packages/airflow/example_dags/example_dag_decorator.py took 0.141 seconds
[2024-02-14T09:20:01.713+0000] {processor.py:161} INFO - Started process (PID=11492) to work on /home/codespace/.local/share/virtualenvs/airflow_sandbox-vp-HKq_L/lib/python3.10/site-packages/airflow/example_dags/example_dag_decorator.py
[2024-02-14T09:20:01.714+0000] {processor.py:830} INFO - Processing file /home/codespace/.local/share/virtualenvs/airflow_sandbox-vp-HKq_L/lib/python3.10/site-packages/airflow/example_dags/example_dag_decorator.py for tasks to queue
[2024-02-14T09:20:01.714+0000] {logging_mixin.py:188} INFO - [2024-02-14T09:20:01.714+0000] {dagbag.py:538} INFO - Filling up the DagBag from /home/codespace/.local/share/virtualenvs/airflow_sandbox-vp-HKq_L/lib/python3.10/site-packages/airflow/example_dags/example_dag_decorator.py
[2024-02-14T09:20:01.790+0000] {processor.py:840} INFO - DAG(s) 'example_dag_decorator' retrieved from /home/codespace/.local/share/virtualenvs/airflow_sandbox-vp-HKq_L/lib/python3.10/site-packages/airflow/example_dags/example_dag_decorator.py
[2024-02-14T09:20:01.805+0000] {logging_mixin.py:188} INFO - [2024-02-14T09:20:01.805+0000] {dag.py:3033} INFO - Sync 1 DAGs
[2024-02-14T09:20:01.814+0000] {logging_mixin.py:188} INFO - [2024-02-14T09:20:01.814+0000] {dag.py:3820} INFO - Setting next_dagrun for example_dag_decorator to None, run_after=None
[2024-02-14T09:20:01.856+0000] {processor.py:183} INFO - Processing /home/codespace/.local/share/virtualenvs/airflow_sandbox-vp-HKq_L/lib/python3.10/site-packages/airflow/example_dags/example_dag_decorator.py took 0.146 seconds
[2024-02-14T09:20:53.589+0000] {processor.py:161} INFO - Started process (PID=12355) to work on /home/codespace/.local/share/virtualenvs/airflow_sandbox-vp-HKq_L/lib/python3.10/site-packages/airflow/example_dags/example_dag_decorator.py
[2024-02-14T09:20:53.589+0000] {processor.py:830} INFO - Processing file /home/codespace/.local/share/virtualenvs/airflow_sandbox-vp-HKq_L/lib/python3.10/site-packages/airflow/example_dags/example_dag_decorator.py for tasks to queue
[2024-02-14T09:20:53.590+0000] {logging_mixin.py:188} INFO - [2024-02-14T09:20:53.590+0000] {dagbag.py:538} INFO - Filling up the DagBag from /home/codespace/.local/share/virtualenvs/airflow_sandbox-vp-HKq_L/lib/python3.10/site-packages/airflow/example_dags/example_dag_decorator.py
[2024-02-14T09:20:53.671+0000] {processor.py:840} INFO - DAG(s) 'example_dag_decorator' retrieved from /home/codespace/.local/share/virtualenvs/airflow_sandbox-vp-HKq_L/lib/python3.10/site-packages/airflow/example_dags/example_dag_decorator.py
[2024-02-14T09:20:53.758+0000] {logging_mixin.py:188} INFO - [2024-02-14T09:20:53.758+0000] {dag.py:3033} INFO - Sync 1 DAGs
[2024-02-14T09:20:53.767+0000] {logging_mixin.py:188} INFO - [2024-02-14T09:20:53.767+0000] {dag.py:3820} INFO - Setting next_dagrun for example_dag_decorator to None, run_after=None
[2024-02-14T09:20:53.812+0000] {processor.py:183} INFO - Processing /home/codespace/.local/share/virtualenvs/airflow_sandbox-vp-HKq_L/lib/python3.10/site-packages/airflow/example_dags/example_dag_decorator.py took 0.226 seconds
[2024-02-14T09:21:45.637+0000] {processor.py:161} INFO - Started process (PID=12714) to work on /home/codespace/.local/share/virtualenvs/airflow_sandbox-vp-HKq_L/lib/python3.10/site-packages/airflow/example_dags/example_dag_decorator.py
[2024-02-14T09:21:45.638+0000] {processor.py:830} INFO - Processing file /home/codespace/.local/share/virtualenvs/airflow_sandbox-vp-HKq_L/lib/python3.10/site-packages/airflow/example_dags/example_dag_decorator.py for tasks to queue
[2024-02-14T09:21:45.639+0000] {logging_mixin.py:188} INFO - [2024-02-14T09:21:45.638+0000] {dagbag.py:538} INFO - Filling up the DagBag from /home/codespace/.local/share/virtualenvs/airflow_sandbox-vp-HKq_L/lib/python3.10/site-packages/airflow/example_dags/example_dag_decorator.py
[2024-02-14T09:21:45.714+0000] {processor.py:840} INFO - DAG(s) 'example_dag_decorator' retrieved from /home/codespace/.local/share/virtualenvs/airflow_sandbox-vp-HKq_L/lib/python3.10/site-packages/airflow/example_dags/example_dag_decorator.py
[2024-02-14T09:21:45.794+0000] {logging_mixin.py:188} INFO - [2024-02-14T09:21:45.794+0000] {dag.py:3033} INFO - Sync 1 DAGs
[2024-02-14T09:21:45.801+0000] {logging_mixin.py:188} INFO - [2024-02-14T09:21:45.801+0000] {dag.py:3820} INFO - Setting next_dagrun for example_dag_decorator to None, run_after=None
[2024-02-14T09:21:45.844+0000] {processor.py:183} INFO - Processing /home/codespace/.local/share/virtualenvs/airflow_sandbox-vp-HKq_L/lib/python3.10/site-packages/airflow/example_dags/example_dag_decorator.py took 0.209 seconds
[2024-02-14T09:22:43.241+0000] {processor.py:161} INFO - Started process (PID=13159) to work on /home/codespace/.local/share/virtualenvs/airflow_sandbox-vp-HKq_L/lib/python3.10/site-packages/airflow/example_dags/example_dag_decorator.py
[2024-02-14T09:22:43.242+0000] {processor.py:830} INFO - Processing file /home/codespace/.local/share/virtualenvs/airflow_sandbox-vp-HKq_L/lib/python3.10/site-packages/airflow/example_dags/example_dag_decorator.py for tasks to queue
[2024-02-14T09:22:43.242+0000] {logging_mixin.py:188} INFO - [2024-02-14T09:22:43.242+0000] {dagbag.py:538} INFO - Filling up the DagBag from /home/codespace/.local/share/virtualenvs/airflow_sandbox-vp-HKq_L/lib/python3.10/site-packages/airflow/example_dags/example_dag_decorator.py
[2024-02-14T09:22:43.315+0000] {processor.py:840} INFO - DAG(s) 'example_dag_decorator' retrieved from /home/codespace/.local/share/virtualenvs/airflow_sandbox-vp-HKq_L/lib/python3.10/site-packages/airflow/example_dags/example_dag_decorator.py
[2024-02-14T09:22:43.398+0000] {logging_mixin.py:188} INFO - [2024-02-14T09:22:43.398+0000] {dag.py:3033} INFO - Sync 1 DAGs
[2024-02-14T09:22:43.405+0000] {logging_mixin.py:188} INFO - [2024-02-14T09:22:43.405+0000] {dag.py:3820} INFO - Setting next_dagrun for example_dag_decorator to None, run_after=None
[2024-02-14T09:22:43.454+0000] {processor.py:183} INFO - Processing /home/codespace/.local/share/virtualenvs/airflow_sandbox-vp-HKq_L/lib/python3.10/site-packages/airflow/example_dags/example_dag_decorator.py took 0.216 seconds
[2024-02-14T09:23:40.528+0000] {processor.py:161} INFO - Started process (PID=13561) to work on /home/codespace/.local/share/virtualenvs/airflow_sandbox-vp-HKq_L/lib/python3.10/site-packages/airflow/example_dags/example_dag_decorator.py
[2024-02-14T09:23:40.529+0000] {processor.py:830} INFO - Processing file /home/codespace/.local/share/virtualenvs/airflow_sandbox-vp-HKq_L/lib/python3.10/site-packages/airflow/example_dags/example_dag_decorator.py for tasks to queue
[2024-02-14T09:23:40.529+0000] {logging_mixin.py:188} INFO - [2024-02-14T09:23:40.529+0000] {dagbag.py:538} INFO - Filling up the DagBag from /home/codespace/.local/share/virtualenvs/airflow_sandbox-vp-HKq_L/lib/python3.10/site-packages/airflow/example_dags/example_dag_decorator.py
[2024-02-14T09:23:40.602+0000] {processor.py:840} INFO - DAG(s) 'example_dag_decorator' retrieved from /home/codespace/.local/share/virtualenvs/airflow_sandbox-vp-HKq_L/lib/python3.10/site-packages/airflow/example_dags/example_dag_decorator.py
[2024-02-14T09:23:40.685+0000] {logging_mixin.py:188} INFO - [2024-02-14T09:23:40.685+0000] {dag.py:3033} INFO - Sync 1 DAGs
[2024-02-14T09:23:40.694+0000] {logging_mixin.py:188} INFO - [2024-02-14T09:23:40.693+0000] {dag.py:3820} INFO - Setting next_dagrun for example_dag_decorator to None, run_after=None
[2024-02-14T09:23:40.742+0000] {processor.py:183} INFO - Processing /home/codespace/.local/share/virtualenvs/airflow_sandbox-vp-HKq_L/lib/python3.10/site-packages/airflow/example_dags/example_dag_decorator.py took 0.216 seconds
[2024-02-14T09:24:39.495+0000] {processor.py:161} INFO - Started process (PID=13960) to work on /home/codespace/.local/share/virtualenvs/airflow_sandbox-vp-HKq_L/lib/python3.10/site-packages/airflow/example_dags/example_dag_decorator.py
[2024-02-14T09:24:39.496+0000] {processor.py:830} INFO - Processing file /home/codespace/.local/share/virtualenvs/airflow_sandbox-vp-HKq_L/lib/python3.10/site-packages/airflow/example_dags/example_dag_decorator.py for tasks to queue
[2024-02-14T09:24:39.497+0000] {logging_mixin.py:188} INFO - [2024-02-14T09:24:39.496+0000] {dagbag.py:538} INFO - Filling up the DagBag from /home/codespace/.local/share/virtualenvs/airflow_sandbox-vp-HKq_L/lib/python3.10/site-packages/airflow/example_dags/example_dag_decorator.py
[2024-02-14T09:24:39.576+0000] {processor.py:840} INFO - DAG(s) 'example_dag_decorator' retrieved from /home/codespace/.local/share/virtualenvs/airflow_sandbox-vp-HKq_L/lib/python3.10/site-packages/airflow/example_dags/example_dag_decorator.py
[2024-02-14T09:24:39.656+0000] {logging_mixin.py:188} INFO - [2024-02-14T09:24:39.656+0000] {dag.py:3033} INFO - Sync 1 DAGs
[2024-02-14T09:24:39.663+0000] {logging_mixin.py:188} INFO - [2024-02-14T09:24:39.663+0000] {dag.py:3820} INFO - Setting next_dagrun for example_dag_decorator to None, run_after=None
[2024-02-14T09:24:39.709+0000] {processor.py:183} INFO - Processing /home/codespace/.local/share/virtualenvs/airflow_sandbox-vp-HKq_L/lib/python3.10/site-packages/airflow/example_dags/example_dag_decorator.py took 0.216 seconds
[2024-02-14T09:25:33.354+0000] {processor.py:161} INFO - Started process (PID=14340) to work on /home/codespace/.local/share/virtualenvs/airflow_sandbox-vp-HKq_L/lib/python3.10/site-packages/airflow/example_dags/example_dag_decorator.py
[2024-02-14T09:25:33.355+0000] {processor.py:830} INFO - Processing file /home/codespace/.local/share/virtualenvs/airflow_sandbox-vp-HKq_L/lib/python3.10/site-packages/airflow/example_dags/example_dag_decorator.py for tasks to queue
[2024-02-14T09:25:33.356+0000] {logging_mixin.py:188} INFO - [2024-02-14T09:25:33.355+0000] {dagbag.py:538} INFO - Filling up the DagBag from /home/codespace/.local/share/virtualenvs/airflow_sandbox-vp-HKq_L/lib/python3.10/site-packages/airflow/example_dags/example_dag_decorator.py
[2024-02-14T09:25:33.435+0000] {processor.py:840} INFO - DAG(s) 'example_dag_decorator' retrieved from /home/codespace/.local/share/virtualenvs/airflow_sandbox-vp-HKq_L/lib/python3.10/site-packages/airflow/example_dags/example_dag_decorator.py
[2024-02-14T09:25:33.515+0000] {logging_mixin.py:188} INFO - [2024-02-14T09:25:33.515+0000] {dag.py:3033} INFO - Sync 1 DAGs
[2024-02-14T09:25:33.525+0000] {logging_mixin.py:188} INFO - [2024-02-14T09:25:33.524+0000] {dag.py:3820} INFO - Setting next_dagrun for example_dag_decorator to None, run_after=None
[2024-02-14T09:25:33.575+0000] {processor.py:183} INFO - Processing /home/codespace/.local/share/virtualenvs/airflow_sandbox-vp-HKq_L/lib/python3.10/site-packages/airflow/example_dags/example_dag_decorator.py took 0.224 seconds
[2024-02-14T09:26:25.407+0000] {processor.py:161} INFO - Started process (PID=14688) to work on /home/codespace/.local/share/virtualenvs/airflow_sandbox-vp-HKq_L/lib/python3.10/site-packages/airflow/example_dags/example_dag_decorator.py
[2024-02-14T09:26:25.408+0000] {processor.py:830} INFO - Processing file /home/codespace/.local/share/virtualenvs/airflow_sandbox-vp-HKq_L/lib/python3.10/site-packages/airflow/example_dags/example_dag_decorator.py for tasks to queue
[2024-02-14T09:26:25.408+0000] {logging_mixin.py:188} INFO - [2024-02-14T09:26:25.408+0000] {dagbag.py:538} INFO - Filling up the DagBag from /home/codespace/.local/share/virtualenvs/airflow_sandbox-vp-HKq_L/lib/python3.10/site-packages/airflow/example_dags/example_dag_decorator.py
[2024-02-14T09:26:25.480+0000] {processor.py:840} INFO - DAG(s) 'example_dag_decorator' retrieved from /home/codespace/.local/share/virtualenvs/airflow_sandbox-vp-HKq_L/lib/python3.10/site-packages/airflow/example_dags/example_dag_decorator.py
[2024-02-14T09:26:25.561+0000] {logging_mixin.py:188} INFO - [2024-02-14T09:26:25.561+0000] {dag.py:3033} INFO - Sync 1 DAGs
[2024-02-14T09:26:25.568+0000] {logging_mixin.py:188} INFO - [2024-02-14T09:26:25.568+0000] {dag.py:3820} INFO - Setting next_dagrun for example_dag_decorator to None, run_after=None
[2024-02-14T09:26:25.628+0000] {processor.py:183} INFO - Processing /home/codespace/.local/share/virtualenvs/airflow_sandbox-vp-HKq_L/lib/python3.10/site-packages/airflow/example_dags/example_dag_decorator.py took 0.223 seconds
[2024-02-14T09:27:19.324+0000] {processor.py:161} INFO - Started process (PID=15061) to work on /home/codespace/.local/share/virtualenvs/airflow_sandbox-vp-HKq_L/lib/python3.10/site-packages/airflow/example_dags/example_dag_decorator.py
[2024-02-14T09:27:19.325+0000] {processor.py:830} INFO - Processing file /home/codespace/.local/share/virtualenvs/airflow_sandbox-vp-HKq_L/lib/python3.10/site-packages/airflow/example_dags/example_dag_decorator.py for tasks to queue
[2024-02-14T09:27:19.326+0000] {logging_mixin.py:188} INFO - [2024-02-14T09:27:19.325+0000] {dagbag.py:538} INFO - Filling up the DagBag from /home/codespace/.local/share/virtualenvs/airflow_sandbox-vp-HKq_L/lib/python3.10/site-packages/airflow/example_dags/example_dag_decorator.py
[2024-02-14T09:27:19.398+0000] {processor.py:840} INFO - DAG(s) 'example_dag_decorator' retrieved from /home/codespace/.local/share/virtualenvs/airflow_sandbox-vp-HKq_L/lib/python3.10/site-packages/airflow/example_dags/example_dag_decorator.py
[2024-02-14T09:27:19.478+0000] {logging_mixin.py:188} INFO - [2024-02-14T09:27:19.477+0000] {dag.py:3033} INFO - Sync 1 DAGs
[2024-02-14T09:27:19.485+0000] {logging_mixin.py:188} INFO - [2024-02-14T09:27:19.485+0000] {dag.py:3820} INFO - Setting next_dagrun for example_dag_decorator to None, run_after=None
[2024-02-14T09:27:19.532+0000] {processor.py:183} INFO - Processing /home/codespace/.local/share/virtualenvs/airflow_sandbox-vp-HKq_L/lib/python3.10/site-packages/airflow/example_dags/example_dag_decorator.py took 0.210 seconds
[2024-02-14T09:28:14.691+0000] {processor.py:161} INFO - Started process (PID=15487) to work on /home/codespace/.local/share/virtualenvs/airflow_sandbox-vp-HKq_L/lib/python3.10/site-packages/airflow/example_dags/example_dag_decorator.py
[2024-02-14T09:28:14.691+0000] {processor.py:830} INFO - Processing file /home/codespace/.local/share/virtualenvs/airflow_sandbox-vp-HKq_L/lib/python3.10/site-packages/airflow/example_dags/example_dag_decorator.py for tasks to queue
[2024-02-14T09:28:14.692+0000] {logging_mixin.py:188} INFO - [2024-02-14T09:28:14.692+0000] {dagbag.py:538} INFO - Filling up the DagBag from /home/codespace/.local/share/virtualenvs/airflow_sandbox-vp-HKq_L/lib/python3.10/site-packages/airflow/example_dags/example_dag_decorator.py
[2024-02-14T09:28:14.766+0000] {processor.py:840} INFO - DAG(s) 'example_dag_decorator' retrieved from /home/codespace/.local/share/virtualenvs/airflow_sandbox-vp-HKq_L/lib/python3.10/site-packages/airflow/example_dags/example_dag_decorator.py
[2024-02-14T09:28:14.846+0000] {logging_mixin.py:188} INFO - [2024-02-14T09:28:14.845+0000] {dag.py:3033} INFO - Sync 1 DAGs
[2024-02-14T09:28:14.855+0000] {logging_mixin.py:188} INFO - [2024-02-14T09:28:14.855+0000] {dag.py:3820} INFO - Setting next_dagrun for example_dag_decorator to None, run_after=None
[2024-02-14T09:28:14.898+0000] {processor.py:183} INFO - Processing /home/codespace/.local/share/virtualenvs/airflow_sandbox-vp-HKq_L/lib/python3.10/site-packages/airflow/example_dags/example_dag_decorator.py took 0.210 seconds
[2024-02-14T09:29:06.734+0000] {processor.py:161} INFO - Started process (PID=16002) to work on /home/codespace/.local/share/virtualenvs/airflow_sandbox-vp-HKq_L/lib/python3.10/site-packages/airflow/example_dags/example_dag_decorator.py
[2024-02-14T09:29:06.735+0000] {processor.py:830} INFO - Processing file /home/codespace/.local/share/virtualenvs/airflow_sandbox-vp-HKq_L/lib/python3.10/site-packages/airflow/example_dags/example_dag_decorator.py for tasks to queue
[2024-02-14T09:29:06.736+0000] {logging_mixin.py:188} INFO - [2024-02-14T09:29:06.736+0000] {dagbag.py:538} INFO - Filling up the DagBag from /home/codespace/.local/share/virtualenvs/airflow_sandbox-vp-HKq_L/lib/python3.10/site-packages/airflow/example_dags/example_dag_decorator.py
[2024-02-14T09:29:06.812+0000] {processor.py:840} INFO - DAG(s) 'example_dag_decorator' retrieved from /home/codespace/.local/share/virtualenvs/airflow_sandbox-vp-HKq_L/lib/python3.10/site-packages/airflow/example_dags/example_dag_decorator.py
[2024-02-14T09:29:06.900+0000] {logging_mixin.py:188} INFO - [2024-02-14T09:29:06.899+0000] {dag.py:3033} INFO - Sync 1 DAGs
[2024-02-14T09:29:06.907+0000] {logging_mixin.py:188} INFO - [2024-02-14T09:29:06.907+0000] {dag.py:3820} INFO - Setting next_dagrun for example_dag_decorator to None, run_after=None
[2024-02-14T09:29:06.965+0000] {processor.py:183} INFO - Processing /home/codespace/.local/share/virtualenvs/airflow_sandbox-vp-HKq_L/lib/python3.10/site-packages/airflow/example_dags/example_dag_decorator.py took 0.233 seconds
[2024-02-14T09:30:00.859+0000] {processor.py:161} INFO - Started process (PID=16376) to work on /home/codespace/.local/share/virtualenvs/airflow_sandbox-vp-HKq_L/lib/python3.10/site-packages/airflow/example_dags/example_dag_decorator.py
[2024-02-14T09:30:00.860+0000] {processor.py:830} INFO - Processing file /home/codespace/.local/share/virtualenvs/airflow_sandbox-vp-HKq_L/lib/python3.10/site-packages/airflow/example_dags/example_dag_decorator.py for tasks to queue
[2024-02-14T09:30:00.861+0000] {logging_mixin.py:188} INFO - [2024-02-14T09:30:00.861+0000] {dagbag.py:538} INFO - Filling up the DagBag from /home/codespace/.local/share/virtualenvs/airflow_sandbox-vp-HKq_L/lib/python3.10/site-packages/airflow/example_dags/example_dag_decorator.py
[2024-02-14T09:30:00.939+0000] {processor.py:840} INFO - DAG(s) 'example_dag_decorator' retrieved from /home/codespace/.local/share/virtualenvs/airflow_sandbox-vp-HKq_L/lib/python3.10/site-packages/airflow/example_dags/example_dag_decorator.py
[2024-02-14T09:30:01.018+0000] {logging_mixin.py:188} INFO - [2024-02-14T09:30:01.018+0000] {dag.py:3033} INFO - Sync 1 DAGs
[2024-02-14T09:30:01.027+0000] {logging_mixin.py:188} INFO - [2024-02-14T09:30:01.027+0000] {dag.py:3820} INFO - Setting next_dagrun for example_dag_decorator to None, run_after=None
[2024-02-14T09:30:01.068+0000] {processor.py:183} INFO - Processing /home/codespace/.local/share/virtualenvs/airflow_sandbox-vp-HKq_L/lib/python3.10/site-packages/airflow/example_dags/example_dag_decorator.py took 0.210 seconds
[2024-02-14T09:30:51.186+0000] {processor.py:161} INFO - Started process (PID=16735) to work on /home/codespace/.local/share/virtualenvs/airflow_sandbox-vp-HKq_L/lib/python3.10/site-packages/airflow/example_dags/example_dag_decorator.py
[2024-02-14T09:30:51.187+0000] {processor.py:830} INFO - Processing file /home/codespace/.local/share/virtualenvs/airflow_sandbox-vp-HKq_L/lib/python3.10/site-packages/airflow/example_dags/example_dag_decorator.py for tasks to queue
[2024-02-14T09:30:51.188+0000] {logging_mixin.py:188} INFO - [2024-02-14T09:30:51.188+0000] {dagbag.py:538} INFO - Filling up the DagBag from /home/codespace/.local/share/virtualenvs/airflow_sandbox-vp-HKq_L/lib/python3.10/site-packages/airflow/example_dags/example_dag_decorator.py
[2024-02-14T09:30:51.271+0000] {processor.py:840} INFO - DAG(s) 'example_dag_decorator' retrieved from /home/codespace/.local/share/virtualenvs/airflow_sandbox-vp-HKq_L/lib/python3.10/site-packages/airflow/example_dags/example_dag_decorator.py
[2024-02-14T09:30:51.370+0000] {logging_mixin.py:188} INFO - [2024-02-14T09:30:51.370+0000] {dag.py:3033} INFO - Sync 1 DAGs
[2024-02-14T09:30:51.378+0000] {logging_mixin.py:188} INFO - [2024-02-14T09:30:51.378+0000] {dag.py:3820} INFO - Setting next_dagrun for example_dag_decorator to None, run_after=None
[2024-02-14T09:30:51.426+0000] {processor.py:183} INFO - Processing /home/codespace/.local/share/virtualenvs/airflow_sandbox-vp-HKq_L/lib/python3.10/site-packages/airflow/example_dags/example_dag_decorator.py took 0.243 seconds
[2024-02-14T09:31:44.332+0000] {processor.py:161} INFO - Started process (PID=17111) to work on /home/codespace/.local/share/virtualenvs/airflow_sandbox-vp-HKq_L/lib/python3.10/site-packages/airflow/example_dags/example_dag_decorator.py
[2024-02-14T09:31:44.332+0000] {processor.py:830} INFO - Processing file /home/codespace/.local/share/virtualenvs/airflow_sandbox-vp-HKq_L/lib/python3.10/site-packages/airflow/example_dags/example_dag_decorator.py for tasks to queue
[2024-02-14T09:31:44.333+0000] {logging_mixin.py:188} INFO - [2024-02-14T09:31:44.333+0000] {dagbag.py:538} INFO - Filling up the DagBag from /home/codespace/.local/share/virtualenvs/airflow_sandbox-vp-HKq_L/lib/python3.10/site-packages/airflow/example_dags/example_dag_decorator.py
[2024-02-14T09:31:44.406+0000] {processor.py:840} INFO - DAG(s) 'example_dag_decorator' retrieved from /home/codespace/.local/share/virtualenvs/airflow_sandbox-vp-HKq_L/lib/python3.10/site-packages/airflow/example_dags/example_dag_decorator.py
[2024-02-14T09:31:44.491+0000] {logging_mixin.py:188} INFO - [2024-02-14T09:31:44.491+0000] {dag.py:3033} INFO - Sync 1 DAGs
[2024-02-14T09:31:44.499+0000] {logging_mixin.py:188} INFO - [2024-02-14T09:31:44.499+0000] {dag.py:3820} INFO - Setting next_dagrun for example_dag_decorator to None, run_after=None
[2024-02-14T09:31:44.542+0000] {processor.py:183} INFO - Processing /home/codespace/.local/share/virtualenvs/airflow_sandbox-vp-HKq_L/lib/python3.10/site-packages/airflow/example_dags/example_dag_decorator.py took 0.213 seconds
[2024-02-14T09:32:39.844+0000] {processor.py:161} INFO - Started process (PID=17535) to work on /home/codespace/.local/share/virtualenvs/airflow_sandbox-vp-HKq_L/lib/python3.10/site-packages/airflow/example_dags/example_dag_decorator.py
[2024-02-14T09:32:39.845+0000] {processor.py:830} INFO - Processing file /home/codespace/.local/share/virtualenvs/airflow_sandbox-vp-HKq_L/lib/python3.10/site-packages/airflow/example_dags/example_dag_decorator.py for tasks to queue
[2024-02-14T09:32:39.846+0000] {logging_mixin.py:188} INFO - [2024-02-14T09:32:39.845+0000] {dagbag.py:538} INFO - Filling up the DagBag from /home/codespace/.local/share/virtualenvs/airflow_sandbox-vp-HKq_L/lib/python3.10/site-packages/airflow/example_dags/example_dag_decorator.py
[2024-02-14T09:32:39.932+0000] {processor.py:840} INFO - DAG(s) 'example_dag_decorator' retrieved from /home/codespace/.local/share/virtualenvs/airflow_sandbox-vp-HKq_L/lib/python3.10/site-packages/airflow/example_dags/example_dag_decorator.py
[2024-02-14T09:32:40.012+0000] {logging_mixin.py:188} INFO - [2024-02-14T09:32:40.012+0000] {dag.py:3033} INFO - Sync 1 DAGs
[2024-02-14T09:32:40.020+0000] {logging_mixin.py:188} INFO - [2024-02-14T09:32:40.020+0000] {dag.py:3820} INFO - Setting next_dagrun for example_dag_decorator to None, run_after=None
[2024-02-14T09:32:40.069+0000] {processor.py:183} INFO - Processing /home/codespace/.local/share/virtualenvs/airflow_sandbox-vp-HKq_L/lib/python3.10/site-packages/airflow/example_dags/example_dag_decorator.py took 0.227 seconds
[2024-02-14T09:33:31.513+0000] {processor.py:161} INFO - Started process (PID=17888) to work on /home/codespace/.local/share/virtualenvs/airflow_sandbox-vp-HKq_L/lib/python3.10/site-packages/airflow/example_dags/example_dag_decorator.py
[2024-02-14T09:33:31.513+0000] {processor.py:830} INFO - Processing file /home/codespace/.local/share/virtualenvs/airflow_sandbox-vp-HKq_L/lib/python3.10/site-packages/airflow/example_dags/example_dag_decorator.py for tasks to queue
[2024-02-14T09:33:31.514+0000] {logging_mixin.py:188} INFO - [2024-02-14T09:33:31.514+0000] {dagbag.py:538} INFO - Filling up the DagBag from /home/codespace/.local/share/virtualenvs/airflow_sandbox-vp-HKq_L/lib/python3.10/site-packages/airflow/example_dags/example_dag_decorator.py
[2024-02-14T09:33:31.595+0000] {processor.py:840} INFO - DAG(s) 'example_dag_decorator' retrieved from /home/codespace/.local/share/virtualenvs/airflow_sandbox-vp-HKq_L/lib/python3.10/site-packages/airflow/example_dags/example_dag_decorator.py
[2024-02-14T09:33:31.674+0000] {logging_mixin.py:188} INFO - [2024-02-14T09:33:31.674+0000] {dag.py:3033} INFO - Sync 1 DAGs
[2024-02-14T09:33:31.682+0000] {logging_mixin.py:188} INFO - [2024-02-14T09:33:31.681+0000] {dag.py:3820} INFO - Setting next_dagrun for example_dag_decorator to None, run_after=None
[2024-02-14T09:33:31.729+0000] {processor.py:183} INFO - Processing /home/codespace/.local/share/virtualenvs/airflow_sandbox-vp-HKq_L/lib/python3.10/site-packages/airflow/example_dags/example_dag_decorator.py took 0.218 seconds
[2024-02-14T09:34:22.226+0000] {processor.py:161} INFO - Started process (PID=18263) to work on /home/codespace/.local/share/virtualenvs/airflow_sandbox-vp-HKq_L/lib/python3.10/site-packages/airflow/example_dags/example_dag_decorator.py
[2024-02-14T09:34:22.227+0000] {processor.py:830} INFO - Processing file /home/codespace/.local/share/virtualenvs/airflow_sandbox-vp-HKq_L/lib/python3.10/site-packages/airflow/example_dags/example_dag_decorator.py for tasks to queue
[2024-02-14T09:34:22.228+0000] {logging_mixin.py:188} INFO - [2024-02-14T09:34:22.227+0000] {dagbag.py:538} INFO - Filling up the DagBag from /home/codespace/.local/share/virtualenvs/airflow_sandbox-vp-HKq_L/lib/python3.10/site-packages/airflow/example_dags/example_dag_decorator.py
[2024-02-14T09:34:22.340+0000] {processor.py:840} INFO - DAG(s) 'example_dag_decorator' retrieved from /home/codespace/.local/share/virtualenvs/airflow_sandbox-vp-HKq_L/lib/python3.10/site-packages/airflow/example_dags/example_dag_decorator.py
[2024-02-14T09:34:22.423+0000] {logging_mixin.py:188} INFO - [2024-02-14T09:34:22.423+0000] {dag.py:3033} INFO - Sync 1 DAGs
[2024-02-14T09:34:22.431+0000] {logging_mixin.py:188} INFO - [2024-02-14T09:34:22.431+0000] {dag.py:3820} INFO - Setting next_dagrun for example_dag_decorator to None, run_after=None
[2024-02-14T09:34:22.477+0000] {processor.py:183} INFO - Processing /home/codespace/.local/share/virtualenvs/airflow_sandbox-vp-HKq_L/lib/python3.10/site-packages/airflow/example_dags/example_dag_decorator.py took 0.254 seconds
