[2024-02-14T09:08:13.686+0000] {processor.py:161} INFO - Started process (PID=4857) to work on /home/codespace/.local/share/virtualenvs/airflow_sandbox-vp-HKq_L/lib/python3.10/site-packages/airflow/example_dags/example_branch_day_of_week_operator.py
[2024-02-14T09:08:13.688+0000] {processor.py:830} INFO - Processing file /home/codespace/.local/share/virtualenvs/airflow_sandbox-vp-HKq_L/lib/python3.10/site-packages/airflow/example_dags/example_branch_day_of_week_operator.py for tasks to queue
[2024-02-14T09:08:13.688+0000] {logging_mixin.py:188} INFO - [2024-02-14T09:08:13.688+0000] {dagbag.py:538} INFO - Filling up the DagBag from /home/codespace/.local/share/virtualenvs/airflow_sandbox-vp-HKq_L/lib/python3.10/site-packages/airflow/example_dags/example_branch_day_of_week_operator.py
[2024-02-14T09:08:13.698+0000] {processor.py:840} INFO - DAG(s) 'example_weekday_branch_operator' retrieved from /home/codespace/.local/share/virtualenvs/airflow_sandbox-vp-HKq_L/lib/python3.10/site-packages/airflow/example_dags/example_branch_day_of_week_operator.py
[2024-02-14T09:08:13.733+0000] {logging_mixin.py:188} INFO - [2024-02-14T09:08:13.733+0000] {dag.py:3033} INFO - Sync 1 DAGs
[2024-02-14T09:08:13.751+0000] {logging_mixin.py:188} INFO - [2024-02-14T09:08:13.751+0000] {dag.py:3820} INFO - Setting next_dagrun for example_weekday_branch_operator to 2024-02-13T00:00:00+00:00, run_after=2024-02-14T00:00:00+00:00
[2024-02-14T09:08:13.793+0000] {processor.py:183} INFO - Processing /home/codespace/.local/share/virtualenvs/airflow_sandbox-vp-HKq_L/lib/python3.10/site-packages/airflow/example_dags/example_branch_day_of_week_operator.py took 0.110 seconds
[2024-02-14T09:09:21.511+0000] {processor.py:161} INFO - Started process (PID=5854) to work on /home/codespace/.local/share/virtualenvs/airflow_sandbox-vp-HKq_L/lib/python3.10/site-packages/airflow/example_dags/example_branch_day_of_week_operator.py
[2024-02-14T09:09:21.512+0000] {processor.py:830} INFO - Processing file /home/codespace/.local/share/virtualenvs/airflow_sandbox-vp-HKq_L/lib/python3.10/site-packages/airflow/example_dags/example_branch_day_of_week_operator.py for tasks to queue
[2024-02-14T09:09:21.513+0000] {logging_mixin.py:188} INFO - [2024-02-14T09:09:21.513+0000] {dagbag.py:538} INFO - Filling up the DagBag from /home/codespace/.local/share/virtualenvs/airflow_sandbox-vp-HKq_L/lib/python3.10/site-packages/airflow/example_dags/example_branch_day_of_week_operator.py
[2024-02-14T09:09:21.522+0000] {processor.py:840} INFO - DAG(s) 'example_weekday_branch_operator' retrieved from /home/codespace/.local/share/virtualenvs/airflow_sandbox-vp-HKq_L/lib/python3.10/site-packages/airflow/example_dags/example_branch_day_of_week_operator.py
[2024-02-14T09:09:21.536+0000] {logging_mixin.py:188} INFO - [2024-02-14T09:09:21.536+0000] {dag.py:3033} INFO - Sync 1 DAGs
[2024-02-14T09:09:21.554+0000] {logging_mixin.py:188} INFO - [2024-02-14T09:09:21.554+0000] {dag.py:3820} INFO - Setting next_dagrun for example_weekday_branch_operator to 2024-02-13T00:00:00+00:00, run_after=2024-02-14T00:00:00+00:00
[2024-02-14T09:09:21.609+0000] {processor.py:183} INFO - Processing /home/codespace/.local/share/virtualenvs/airflow_sandbox-vp-HKq_L/lib/python3.10/site-packages/airflow/example_dags/example_branch_day_of_week_operator.py took 0.102 seconds
[2024-02-14T09:10:09.843+0000] {processor.py:161} INFO - Started process (PID=6515) to work on /home/codespace/.local/share/virtualenvs/airflow_sandbox-vp-HKq_L/lib/python3.10/site-packages/airflow/example_dags/example_branch_day_of_week_operator.py
[2024-02-14T09:10:09.844+0000] {processor.py:830} INFO - Processing file /home/codespace/.local/share/virtualenvs/airflow_sandbox-vp-HKq_L/lib/python3.10/site-packages/airflow/example_dags/example_branch_day_of_week_operator.py for tasks to queue
[2024-02-14T09:10:09.844+0000] {logging_mixin.py:188} INFO - [2024-02-14T09:10:09.844+0000] {dagbag.py:538} INFO - Filling up the DagBag from /home/codespace/.local/share/virtualenvs/airflow_sandbox-vp-HKq_L/lib/python3.10/site-packages/airflow/example_dags/example_branch_day_of_week_operator.py
[2024-02-14T09:10:09.850+0000] {processor.py:840} INFO - DAG(s) 'example_weekday_branch_operator' retrieved from /home/codespace/.local/share/virtualenvs/airflow_sandbox-vp-HKq_L/lib/python3.10/site-packages/airflow/example_dags/example_branch_day_of_week_operator.py
[2024-02-14T09:10:09.864+0000] {logging_mixin.py:188} INFO - [2024-02-14T09:10:09.863+0000] {dag.py:3033} INFO - Sync 1 DAGs
[2024-02-14T09:10:09.880+0000] {logging_mixin.py:188} INFO - [2024-02-14T09:10:09.880+0000] {dag.py:3820} INFO - Setting next_dagrun for example_weekday_branch_operator to 2024-02-13T00:00:00+00:00, run_after=2024-02-14T00:00:00+00:00
[2024-02-14T09:10:09.921+0000] {processor.py:183} INFO - Processing /home/codespace/.local/share/virtualenvs/airflow_sandbox-vp-HKq_L/lib/python3.10/site-packages/airflow/example_dags/example_branch_day_of_week_operator.py took 0.081 seconds
[2024-02-14T09:11:05.273+0000] {processor.py:161} INFO - Started process (PID=7146) to work on /home/codespace/.local/share/virtualenvs/airflow_sandbox-vp-HKq_L/lib/python3.10/site-packages/airflow/example_dags/example_branch_day_of_week_operator.py
[2024-02-14T09:11:05.274+0000] {processor.py:830} INFO - Processing file /home/codespace/.local/share/virtualenvs/airflow_sandbox-vp-HKq_L/lib/python3.10/site-packages/airflow/example_dags/example_branch_day_of_week_operator.py for tasks to queue
[2024-02-14T09:11:05.275+0000] {logging_mixin.py:188} INFO - [2024-02-14T09:11:05.274+0000] {dagbag.py:538} INFO - Filling up the DagBag from /home/codespace/.local/share/virtualenvs/airflow_sandbox-vp-HKq_L/lib/python3.10/site-packages/airflow/example_dags/example_branch_day_of_week_operator.py
[2024-02-14T09:11:05.282+0000] {processor.py:840} INFO - DAG(s) 'example_weekday_branch_operator' retrieved from /home/codespace/.local/share/virtualenvs/airflow_sandbox-vp-HKq_L/lib/python3.10/site-packages/airflow/example_dags/example_branch_day_of_week_operator.py
[2024-02-14T09:11:05.297+0000] {logging_mixin.py:188} INFO - [2024-02-14T09:11:05.297+0000] {dag.py:3033} INFO - Sync 1 DAGs
[2024-02-14T09:11:05.316+0000] {logging_mixin.py:188} INFO - [2024-02-14T09:11:05.316+0000] {dag.py:3820} INFO - Setting next_dagrun for example_weekday_branch_operator to 2024-02-13T00:00:00+00:00, run_after=2024-02-14T00:00:00+00:00
[2024-02-14T09:11:05.360+0000] {processor.py:183} INFO - Processing /home/codespace/.local/share/virtualenvs/airflow_sandbox-vp-HKq_L/lib/python3.10/site-packages/airflow/example_dags/example_branch_day_of_week_operator.py took 0.089 seconds
[2024-02-14T09:12:02.498+0000] {processor.py:161} INFO - Started process (PID=7903) to work on /home/codespace/.local/share/virtualenvs/airflow_sandbox-vp-HKq_L/lib/python3.10/site-packages/airflow/example_dags/example_branch_day_of_week_operator.py
[2024-02-14T09:12:02.499+0000] {processor.py:830} INFO - Processing file /home/codespace/.local/share/virtualenvs/airflow_sandbox-vp-HKq_L/lib/python3.10/site-packages/airflow/example_dags/example_branch_day_of_week_operator.py for tasks to queue
[2024-02-14T09:12:02.499+0000] {logging_mixin.py:188} INFO - [2024-02-14T09:12:02.499+0000] {dagbag.py:538} INFO - Filling up the DagBag from /home/codespace/.local/share/virtualenvs/airflow_sandbox-vp-HKq_L/lib/python3.10/site-packages/airflow/example_dags/example_branch_day_of_week_operator.py
[2024-02-14T09:12:02.505+0000] {processor.py:840} INFO - DAG(s) 'example_weekday_branch_operator' retrieved from /home/codespace/.local/share/virtualenvs/airflow_sandbox-vp-HKq_L/lib/python3.10/site-packages/airflow/example_dags/example_branch_day_of_week_operator.py
[2024-02-14T09:12:02.517+0000] {logging_mixin.py:188} INFO - [2024-02-14T09:12:02.517+0000] {dag.py:3033} INFO - Sync 1 DAGs
[2024-02-14T09:12:02.534+0000] {logging_mixin.py:188} INFO - [2024-02-14T09:12:02.534+0000] {dag.py:3820} INFO - Setting next_dagrun for example_weekday_branch_operator to 2024-02-13T00:00:00+00:00, run_after=2024-02-14T00:00:00+00:00
[2024-02-14T09:12:02.574+0000] {processor.py:183} INFO - Processing /home/codespace/.local/share/virtualenvs/airflow_sandbox-vp-HKq_L/lib/python3.10/site-packages/airflow/example_dags/example_branch_day_of_week_operator.py took 0.078 seconds
[2024-02-14T09:12:56.761+0000] {processor.py:161} INFO - Started process (PID=8371) to work on /home/codespace/.local/share/virtualenvs/airflow_sandbox-vp-HKq_L/lib/python3.10/site-packages/airflow/example_dags/example_branch_day_of_week_operator.py
[2024-02-14T09:12:56.762+0000] {processor.py:830} INFO - Processing file /home/codespace/.local/share/virtualenvs/airflow_sandbox-vp-HKq_L/lib/python3.10/site-packages/airflow/example_dags/example_branch_day_of_week_operator.py for tasks to queue
[2024-02-14T09:12:56.762+0000] {logging_mixin.py:188} INFO - [2024-02-14T09:12:56.762+0000] {dagbag.py:538} INFO - Filling up the DagBag from /home/codespace/.local/share/virtualenvs/airflow_sandbox-vp-HKq_L/lib/python3.10/site-packages/airflow/example_dags/example_branch_day_of_week_operator.py
[2024-02-14T09:12:56.768+0000] {processor.py:840} INFO - DAG(s) 'example_weekday_branch_operator' retrieved from /home/codespace/.local/share/virtualenvs/airflow_sandbox-vp-HKq_L/lib/python3.10/site-packages/airflow/example_dags/example_branch_day_of_week_operator.py
[2024-02-14T09:12:56.781+0000] {logging_mixin.py:188} INFO - [2024-02-14T09:12:56.781+0000] {dag.py:3033} INFO - Sync 1 DAGs
[2024-02-14T09:12:56.798+0000] {logging_mixin.py:188} INFO - [2024-02-14T09:12:56.798+0000] {dag.py:3820} INFO - Setting next_dagrun for example_weekday_branch_operator to 2024-02-13T00:00:00+00:00, run_after=2024-02-14T00:00:00+00:00
[2024-02-14T09:12:56.839+0000] {processor.py:183} INFO - Processing /home/codespace/.local/share/virtualenvs/airflow_sandbox-vp-HKq_L/lib/python3.10/site-packages/airflow/example_dags/example_branch_day_of_week_operator.py took 0.081 seconds
[2024-02-14T09:13:50.133+0000] {processor.py:161} INFO - Started process (PID=8810) to work on /home/codespace/.local/share/virtualenvs/airflow_sandbox-vp-HKq_L/lib/python3.10/site-packages/airflow/example_dags/example_branch_day_of_week_operator.py
[2024-02-14T09:13:50.133+0000] {processor.py:830} INFO - Processing file /home/codespace/.local/share/virtualenvs/airflow_sandbox-vp-HKq_L/lib/python3.10/site-packages/airflow/example_dags/example_branch_day_of_week_operator.py for tasks to queue
[2024-02-14T09:13:50.134+0000] {logging_mixin.py:188} INFO - [2024-02-14T09:13:50.134+0000] {dagbag.py:538} INFO - Filling up the DagBag from /home/codespace/.local/share/virtualenvs/airflow_sandbox-vp-HKq_L/lib/python3.10/site-packages/airflow/example_dags/example_branch_day_of_week_operator.py
[2024-02-14T09:13:50.140+0000] {processor.py:840} INFO - DAG(s) 'example_weekday_branch_operator' retrieved from /home/codespace/.local/share/virtualenvs/airflow_sandbox-vp-HKq_L/lib/python3.10/site-packages/airflow/example_dags/example_branch_day_of_week_operator.py
[2024-02-14T09:13:50.153+0000] {logging_mixin.py:188} INFO - [2024-02-14T09:13:50.153+0000] {dag.py:3033} INFO - Sync 1 DAGs
[2024-02-14T09:13:50.169+0000] {logging_mixin.py:188} INFO - [2024-02-14T09:13:50.169+0000] {dag.py:3820} INFO - Setting next_dagrun for example_weekday_branch_operator to 2024-02-13T00:00:00+00:00, run_after=2024-02-14T00:00:00+00:00
[2024-02-14T09:13:50.211+0000] {processor.py:183} INFO - Processing /home/codespace/.local/share/virtualenvs/airflow_sandbox-vp-HKq_L/lib/python3.10/site-packages/airflow/example_dags/example_branch_day_of_week_operator.py took 0.080 seconds
[2024-02-14T09:14:44.208+0000] {processor.py:161} INFO - Started process (PID=9198) to work on /home/codespace/.local/share/virtualenvs/airflow_sandbox-vp-HKq_L/lib/python3.10/site-packages/airflow/example_dags/example_branch_day_of_week_operator.py
[2024-02-14T09:14:44.209+0000] {processor.py:830} INFO - Processing file /home/codespace/.local/share/virtualenvs/airflow_sandbox-vp-HKq_L/lib/python3.10/site-packages/airflow/example_dags/example_branch_day_of_week_operator.py for tasks to queue
[2024-02-14T09:14:44.210+0000] {logging_mixin.py:188} INFO - [2024-02-14T09:14:44.209+0000] {dagbag.py:538} INFO - Filling up the DagBag from /home/codespace/.local/share/virtualenvs/airflow_sandbox-vp-HKq_L/lib/python3.10/site-packages/airflow/example_dags/example_branch_day_of_week_operator.py
[2024-02-14T09:14:44.216+0000] {processor.py:840} INFO - DAG(s) 'example_weekday_branch_operator' retrieved from /home/codespace/.local/share/virtualenvs/airflow_sandbox-vp-HKq_L/lib/python3.10/site-packages/airflow/example_dags/example_branch_day_of_week_operator.py
[2024-02-14T09:14:44.231+0000] {logging_mixin.py:188} INFO - [2024-02-14T09:14:44.231+0000] {dag.py:3033} INFO - Sync 1 DAGs
[2024-02-14T09:14:44.247+0000] {logging_mixin.py:188} INFO - [2024-02-14T09:14:44.247+0000] {dag.py:3820} INFO - Setting next_dagrun for example_weekday_branch_operator to 2024-02-13T00:00:00+00:00, run_after=2024-02-14T00:00:00+00:00
[2024-02-14T09:14:44.289+0000] {processor.py:183} INFO - Processing /home/codespace/.local/share/virtualenvs/airflow_sandbox-vp-HKq_L/lib/python3.10/site-packages/airflow/example_dags/example_branch_day_of_week_operator.py took 0.083 seconds
[2024-02-14T09:15:34.858+0000] {processor.py:161} INFO - Started process (PID=9550) to work on /home/codespace/.local/share/virtualenvs/airflow_sandbox-vp-HKq_L/lib/python3.10/site-packages/airflow/example_dags/example_branch_day_of_week_operator.py
[2024-02-14T09:15:34.859+0000] {processor.py:830} INFO - Processing file /home/codespace/.local/share/virtualenvs/airflow_sandbox-vp-HKq_L/lib/python3.10/site-packages/airflow/example_dags/example_branch_day_of_week_operator.py for tasks to queue
[2024-02-14T09:15:34.860+0000] {logging_mixin.py:188} INFO - [2024-02-14T09:15:34.860+0000] {dagbag.py:538} INFO - Filling up the DagBag from /home/codespace/.local/share/virtualenvs/airflow_sandbox-vp-HKq_L/lib/python3.10/site-packages/airflow/example_dags/example_branch_day_of_week_operator.py
[2024-02-14T09:15:34.866+0000] {processor.py:840} INFO - DAG(s) 'example_weekday_branch_operator' retrieved from /home/codespace/.local/share/virtualenvs/airflow_sandbox-vp-HKq_L/lib/python3.10/site-packages/airflow/example_dags/example_branch_day_of_week_operator.py
[2024-02-14T09:15:34.879+0000] {logging_mixin.py:188} INFO - [2024-02-14T09:15:34.879+0000] {dag.py:3033} INFO - Sync 1 DAGs
[2024-02-14T09:15:34.896+0000] {logging_mixin.py:188} INFO - [2024-02-14T09:15:34.896+0000] {dag.py:3820} INFO - Setting next_dagrun for example_weekday_branch_operator to 2024-02-13T00:00:00+00:00, run_after=2024-02-14T00:00:00+00:00
[2024-02-14T09:15:34.936+0000] {processor.py:183} INFO - Processing /home/codespace/.local/share/virtualenvs/airflow_sandbox-vp-HKq_L/lib/python3.10/site-packages/airflow/example_dags/example_branch_day_of_week_operator.py took 0.080 seconds
[2024-02-14T09:16:27.600+0000] {processor.py:161} INFO - Started process (PID=9928) to work on /home/codespace/.local/share/virtualenvs/airflow_sandbox-vp-HKq_L/lib/python3.10/site-packages/airflow/example_dags/example_branch_day_of_week_operator.py
[2024-02-14T09:16:27.601+0000] {processor.py:830} INFO - Processing file /home/codespace/.local/share/virtualenvs/airflow_sandbox-vp-HKq_L/lib/python3.10/site-packages/airflow/example_dags/example_branch_day_of_week_operator.py for tasks to queue
[2024-02-14T09:16:27.602+0000] {logging_mixin.py:188} INFO - [2024-02-14T09:16:27.601+0000] {dagbag.py:538} INFO - Filling up the DagBag from /home/codespace/.local/share/virtualenvs/airflow_sandbox-vp-HKq_L/lib/python3.10/site-packages/airflow/example_dags/example_branch_day_of_week_operator.py
[2024-02-14T09:16:27.609+0000] {processor.py:840} INFO - DAG(s) 'example_weekday_branch_operator' retrieved from /home/codespace/.local/share/virtualenvs/airflow_sandbox-vp-HKq_L/lib/python3.10/site-packages/airflow/example_dags/example_branch_day_of_week_operator.py
[2024-02-14T09:16:27.623+0000] {logging_mixin.py:188} INFO - [2024-02-14T09:16:27.623+0000] {dag.py:3033} INFO - Sync 1 DAGs
[2024-02-14T09:16:27.640+0000] {logging_mixin.py:188} INFO - [2024-02-14T09:16:27.639+0000] {dag.py:3820} INFO - Setting next_dagrun for example_weekday_branch_operator to 2024-02-13T00:00:00+00:00, run_after=2024-02-14T00:00:00+00:00
[2024-02-14T09:16:27.694+0000] {processor.py:183} INFO - Processing /home/codespace/.local/share/virtualenvs/airflow_sandbox-vp-HKq_L/lib/python3.10/site-packages/airflow/example_dags/example_branch_day_of_week_operator.py took 0.096 seconds
[2024-02-14T09:17:22.114+0000] {processor.py:161} INFO - Started process (PID=10303) to work on /home/codespace/.local/share/virtualenvs/airflow_sandbox-vp-HKq_L/lib/python3.10/site-packages/airflow/example_dags/example_branch_day_of_week_operator.py
[2024-02-14T09:17:22.114+0000] {processor.py:830} INFO - Processing file /home/codespace/.local/share/virtualenvs/airflow_sandbox-vp-HKq_L/lib/python3.10/site-packages/airflow/example_dags/example_branch_day_of_week_operator.py for tasks to queue
[2024-02-14T09:17:22.115+0000] {logging_mixin.py:188} INFO - [2024-02-14T09:17:22.115+0000] {dagbag.py:538} INFO - Filling up the DagBag from /home/codespace/.local/share/virtualenvs/airflow_sandbox-vp-HKq_L/lib/python3.10/site-packages/airflow/example_dags/example_branch_day_of_week_operator.py
[2024-02-14T09:17:22.121+0000] {processor.py:840} INFO - DAG(s) 'example_weekday_branch_operator' retrieved from /home/codespace/.local/share/virtualenvs/airflow_sandbox-vp-HKq_L/lib/python3.10/site-packages/airflow/example_dags/example_branch_day_of_week_operator.py
[2024-02-14T09:17:22.134+0000] {logging_mixin.py:188} INFO - [2024-02-14T09:17:22.134+0000] {dag.py:3033} INFO - Sync 1 DAGs
[2024-02-14T09:17:22.151+0000] {logging_mixin.py:188} INFO - [2024-02-14T09:17:22.151+0000] {dag.py:3820} INFO - Setting next_dagrun for example_weekday_branch_operator to 2024-02-13T00:00:00+00:00, run_after=2024-02-14T00:00:00+00:00
[2024-02-14T09:17:22.192+0000] {processor.py:183} INFO - Processing /home/codespace/.local/share/virtualenvs/airflow_sandbox-vp-HKq_L/lib/python3.10/site-packages/airflow/example_dags/example_branch_day_of_week_operator.py took 0.080 seconds
[2024-02-14T09:18:11.585+0000] {processor.py:161} INFO - Started process (PID=10694) to work on /home/codespace/.local/share/virtualenvs/airflow_sandbox-vp-HKq_L/lib/python3.10/site-packages/airflow/example_dags/example_branch_day_of_week_operator.py
[2024-02-14T09:18:11.585+0000] {processor.py:830} INFO - Processing file /home/codespace/.local/share/virtualenvs/airflow_sandbox-vp-HKq_L/lib/python3.10/site-packages/airflow/example_dags/example_branch_day_of_week_operator.py for tasks to queue
[2024-02-14T09:18:11.586+0000] {logging_mixin.py:188} INFO - [2024-02-14T09:18:11.586+0000] {dagbag.py:538} INFO - Filling up the DagBag from /home/codespace/.local/share/virtualenvs/airflow_sandbox-vp-HKq_L/lib/python3.10/site-packages/airflow/example_dags/example_branch_day_of_week_operator.py
[2024-02-14T09:18:11.593+0000] {processor.py:840} INFO - DAG(s) 'example_weekday_branch_operator' retrieved from /home/codespace/.local/share/virtualenvs/airflow_sandbox-vp-HKq_L/lib/python3.10/site-packages/airflow/example_dags/example_branch_day_of_week_operator.py
[2024-02-14T09:18:11.606+0000] {logging_mixin.py:188} INFO - [2024-02-14T09:18:11.605+0000] {dag.py:3033} INFO - Sync 1 DAGs
[2024-02-14T09:18:11.623+0000] {logging_mixin.py:188} INFO - [2024-02-14T09:18:11.623+0000] {dag.py:3820} INFO - Setting next_dagrun for example_weekday_branch_operator to 2024-02-13T00:00:00+00:00, run_after=2024-02-14T00:00:00+00:00
[2024-02-14T09:18:11.663+0000] {processor.py:183} INFO - Processing /home/codespace/.local/share/virtualenvs/airflow_sandbox-vp-HKq_L/lib/python3.10/site-packages/airflow/example_dags/example_branch_day_of_week_operator.py took 0.081 seconds
[2024-02-14T09:19:04.716+0000] {processor.py:161} INFO - Started process (PID=11094) to work on /home/codespace/.local/share/virtualenvs/airflow_sandbox-vp-HKq_L/lib/python3.10/site-packages/airflow/example_dags/example_branch_day_of_week_operator.py
[2024-02-14T09:19:04.717+0000] {processor.py:830} INFO - Processing file /home/codespace/.local/share/virtualenvs/airflow_sandbox-vp-HKq_L/lib/python3.10/site-packages/airflow/example_dags/example_branch_day_of_week_operator.py for tasks to queue
[2024-02-14T09:19:04.718+0000] {logging_mixin.py:188} INFO - [2024-02-14T09:19:04.717+0000] {dagbag.py:538} INFO - Filling up the DagBag from /home/codespace/.local/share/virtualenvs/airflow_sandbox-vp-HKq_L/lib/python3.10/site-packages/airflow/example_dags/example_branch_day_of_week_operator.py
[2024-02-14T09:19:04.724+0000] {processor.py:840} INFO - DAG(s) 'example_weekday_branch_operator' retrieved from /home/codespace/.local/share/virtualenvs/airflow_sandbox-vp-HKq_L/lib/python3.10/site-packages/airflow/example_dags/example_branch_day_of_week_operator.py
[2024-02-14T09:19:04.737+0000] {logging_mixin.py:188} INFO - [2024-02-14T09:19:04.737+0000] {dag.py:3033} INFO - Sync 1 DAGs
[2024-02-14T09:19:04.754+0000] {logging_mixin.py:188} INFO - [2024-02-14T09:19:04.754+0000] {dag.py:3820} INFO - Setting next_dagrun for example_weekday_branch_operator to 2024-02-13T00:00:00+00:00, run_after=2024-02-14T00:00:00+00:00
[2024-02-14T09:19:04.795+0000] {processor.py:183} INFO - Processing /home/codespace/.local/share/virtualenvs/airflow_sandbox-vp-HKq_L/lib/python3.10/site-packages/airflow/example_dags/example_branch_day_of_week_operator.py took 0.081 seconds
[2024-02-14T09:20:01.212+0000] {processor.py:161} INFO - Started process (PID=11491) to work on /home/codespace/.local/share/virtualenvs/airflow_sandbox-vp-HKq_L/lib/python3.10/site-packages/airflow/example_dags/example_branch_day_of_week_operator.py
[2024-02-14T09:20:01.213+0000] {processor.py:830} INFO - Processing file /home/codespace/.local/share/virtualenvs/airflow_sandbox-vp-HKq_L/lib/python3.10/site-packages/airflow/example_dags/example_branch_day_of_week_operator.py for tasks to queue
[2024-02-14T09:20:01.214+0000] {logging_mixin.py:188} INFO - [2024-02-14T09:20:01.213+0000] {dagbag.py:538} INFO - Filling up the DagBag from /home/codespace/.local/share/virtualenvs/airflow_sandbox-vp-HKq_L/lib/python3.10/site-packages/airflow/example_dags/example_branch_day_of_week_operator.py
[2024-02-14T09:20:01.220+0000] {processor.py:840} INFO - DAG(s) 'example_weekday_branch_operator' retrieved from /home/codespace/.local/share/virtualenvs/airflow_sandbox-vp-HKq_L/lib/python3.10/site-packages/airflow/example_dags/example_branch_day_of_week_operator.py
[2024-02-14T09:20:01.234+0000] {logging_mixin.py:188} INFO - [2024-02-14T09:20:01.234+0000] {dag.py:3033} INFO - Sync 1 DAGs
[2024-02-14T09:20:01.250+0000] {logging_mixin.py:188} INFO - [2024-02-14T09:20:01.250+0000] {dag.py:3820} INFO - Setting next_dagrun for example_weekday_branch_operator to 2024-02-13T00:00:00+00:00, run_after=2024-02-14T00:00:00+00:00
[2024-02-14T09:20:01.293+0000] {processor.py:183} INFO - Processing /home/codespace/.local/share/virtualenvs/airflow_sandbox-vp-HKq_L/lib/python3.10/site-packages/airflow/example_dags/example_branch_day_of_week_operator.py took 0.083 seconds
[2024-02-14T09:20:53.005+0000] {processor.py:161} INFO - Started process (PID=12354) to work on /home/codespace/.local/share/virtualenvs/airflow_sandbox-vp-HKq_L/lib/python3.10/site-packages/airflow/example_dags/example_branch_day_of_week_operator.py
[2024-02-14T09:20:53.006+0000] {processor.py:830} INFO - Processing file /home/codespace/.local/share/virtualenvs/airflow_sandbox-vp-HKq_L/lib/python3.10/site-packages/airflow/example_dags/example_branch_day_of_week_operator.py for tasks to queue
[2024-02-14T09:20:53.006+0000] {logging_mixin.py:188} INFO - [2024-02-14T09:20:53.006+0000] {dagbag.py:538} INFO - Filling up the DagBag from /home/codespace/.local/share/virtualenvs/airflow_sandbox-vp-HKq_L/lib/python3.10/site-packages/airflow/example_dags/example_branch_day_of_week_operator.py
[2024-02-14T09:20:53.013+0000] {processor.py:840} INFO - DAG(s) 'example_weekday_branch_operator' retrieved from /home/codespace/.local/share/virtualenvs/airflow_sandbox-vp-HKq_L/lib/python3.10/site-packages/airflow/example_dags/example_branch_day_of_week_operator.py
[2024-02-14T09:20:53.025+0000] {logging_mixin.py:188} INFO - [2024-02-14T09:20:53.025+0000] {dag.py:3033} INFO - Sync 1 DAGs
[2024-02-14T09:20:53.041+0000] {logging_mixin.py:188} INFO - [2024-02-14T09:20:53.041+0000] {dag.py:3820} INFO - Setting next_dagrun for example_weekday_branch_operator to 2024-02-13T00:00:00+00:00, run_after=2024-02-14T00:00:00+00:00
[2024-02-14T09:20:53.081+0000] {processor.py:183} INFO - Processing /home/codespace/.local/share/virtualenvs/airflow_sandbox-vp-HKq_L/lib/python3.10/site-packages/airflow/example_dags/example_branch_day_of_week_operator.py took 0.079 seconds
[2024-02-14T09:21:44.614+0000] {processor.py:161} INFO - Started process (PID=12706) to work on /home/codespace/.local/share/virtualenvs/airflow_sandbox-vp-HKq_L/lib/python3.10/site-packages/airflow/example_dags/example_branch_day_of_week_operator.py
[2024-02-14T09:21:44.615+0000] {processor.py:830} INFO - Processing file /home/codespace/.local/share/virtualenvs/airflow_sandbox-vp-HKq_L/lib/python3.10/site-packages/airflow/example_dags/example_branch_day_of_week_operator.py for tasks to queue
[2024-02-14T09:21:44.616+0000] {logging_mixin.py:188} INFO - [2024-02-14T09:21:44.615+0000] {dagbag.py:538} INFO - Filling up the DagBag from /home/codespace/.local/share/virtualenvs/airflow_sandbox-vp-HKq_L/lib/python3.10/site-packages/airflow/example_dags/example_branch_day_of_week_operator.py
[2024-02-14T09:21:44.622+0000] {processor.py:840} INFO - DAG(s) 'example_weekday_branch_operator' retrieved from /home/codespace/.local/share/virtualenvs/airflow_sandbox-vp-HKq_L/lib/python3.10/site-packages/airflow/example_dags/example_branch_day_of_week_operator.py
[2024-02-14T09:21:44.635+0000] {logging_mixin.py:188} INFO - [2024-02-14T09:21:44.635+0000] {dag.py:3033} INFO - Sync 1 DAGs
[2024-02-14T09:21:44.652+0000] {logging_mixin.py:188} INFO - [2024-02-14T09:21:44.652+0000] {dag.py:3820} INFO - Setting next_dagrun for example_weekday_branch_operator to 2024-02-13T00:00:00+00:00, run_after=2024-02-14T00:00:00+00:00
[2024-02-14T09:21:44.693+0000] {processor.py:183} INFO - Processing /home/codespace/.local/share/virtualenvs/airflow_sandbox-vp-HKq_L/lib/python3.10/site-packages/airflow/example_dags/example_branch_day_of_week_operator.py took 0.081 seconds
[2024-02-14T09:22:42.342+0000] {processor.py:161} INFO - Started process (PID=13158) to work on /home/codespace/.local/share/virtualenvs/airflow_sandbox-vp-HKq_L/lib/python3.10/site-packages/airflow/example_dags/example_branch_day_of_week_operator.py
[2024-02-14T09:22:42.343+0000] {processor.py:830} INFO - Processing file /home/codespace/.local/share/virtualenvs/airflow_sandbox-vp-HKq_L/lib/python3.10/site-packages/airflow/example_dags/example_branch_day_of_week_operator.py for tasks to queue
[2024-02-14T09:22:42.344+0000] {logging_mixin.py:188} INFO - [2024-02-14T09:22:42.343+0000] {dagbag.py:538} INFO - Filling up the DagBag from /home/codespace/.local/share/virtualenvs/airflow_sandbox-vp-HKq_L/lib/python3.10/site-packages/airflow/example_dags/example_branch_day_of_week_operator.py
[2024-02-14T09:22:42.350+0000] {processor.py:840} INFO - DAG(s) 'example_weekday_branch_operator' retrieved from /home/codespace/.local/share/virtualenvs/airflow_sandbox-vp-HKq_L/lib/python3.10/site-packages/airflow/example_dags/example_branch_day_of_week_operator.py
[2024-02-14T09:22:42.363+0000] {logging_mixin.py:188} INFO - [2024-02-14T09:22:42.363+0000] {dag.py:3033} INFO - Sync 1 DAGs
[2024-02-14T09:22:42.381+0000] {logging_mixin.py:188} INFO - [2024-02-14T09:22:42.380+0000] {dag.py:3820} INFO - Setting next_dagrun for example_weekday_branch_operator to 2024-02-13T00:00:00+00:00, run_after=2024-02-14T00:00:00+00:00
[2024-02-14T09:22:42.429+0000] {processor.py:183} INFO - Processing /home/codespace/.local/share/virtualenvs/airflow_sandbox-vp-HKq_L/lib/python3.10/site-packages/airflow/example_dags/example_branch_day_of_week_operator.py took 0.089 seconds
[2024-02-14T09:23:39.369+0000] {processor.py:161} INFO - Started process (PID=13560) to work on /home/codespace/.local/share/virtualenvs/airflow_sandbox-vp-HKq_L/lib/python3.10/site-packages/airflow/example_dags/example_branch_day_of_week_operator.py
[2024-02-14T09:23:39.369+0000] {processor.py:830} INFO - Processing file /home/codespace/.local/share/virtualenvs/airflow_sandbox-vp-HKq_L/lib/python3.10/site-packages/airflow/example_dags/example_branch_day_of_week_operator.py for tasks to queue
[2024-02-14T09:23:39.370+0000] {logging_mixin.py:188} INFO - [2024-02-14T09:23:39.370+0000] {dagbag.py:538} INFO - Filling up the DagBag from /home/codespace/.local/share/virtualenvs/airflow_sandbox-vp-HKq_L/lib/python3.10/site-packages/airflow/example_dags/example_branch_day_of_week_operator.py
[2024-02-14T09:23:39.376+0000] {processor.py:840} INFO - DAG(s) 'example_weekday_branch_operator' retrieved from /home/codespace/.local/share/virtualenvs/airflow_sandbox-vp-HKq_L/lib/python3.10/site-packages/airflow/example_dags/example_branch_day_of_week_operator.py
[2024-02-14T09:23:39.390+0000] {logging_mixin.py:188} INFO - [2024-02-14T09:23:39.389+0000] {dag.py:3033} INFO - Sync 1 DAGs
[2024-02-14T09:23:39.407+0000] {logging_mixin.py:188} INFO - [2024-02-14T09:23:39.407+0000] {dag.py:3820} INFO - Setting next_dagrun for example_weekday_branch_operator to 2024-02-13T00:00:00+00:00, run_after=2024-02-14T00:00:00+00:00
[2024-02-14T09:23:39.455+0000] {processor.py:183} INFO - Processing /home/codespace/.local/share/virtualenvs/airflow_sandbox-vp-HKq_L/lib/python3.10/site-packages/airflow/example_dags/example_branch_day_of_week_operator.py took 0.089 seconds
[2024-02-14T09:24:38.361+0000] {processor.py:161} INFO - Started process (PID=13947) to work on /home/codespace/.local/share/virtualenvs/airflow_sandbox-vp-HKq_L/lib/python3.10/site-packages/airflow/example_dags/example_branch_day_of_week_operator.py
[2024-02-14T09:24:38.361+0000] {processor.py:830} INFO - Processing file /home/codespace/.local/share/virtualenvs/airflow_sandbox-vp-HKq_L/lib/python3.10/site-packages/airflow/example_dags/example_branch_day_of_week_operator.py for tasks to queue
[2024-02-14T09:24:38.362+0000] {logging_mixin.py:188} INFO - [2024-02-14T09:24:38.362+0000] {dagbag.py:538} INFO - Filling up the DagBag from /home/codespace/.local/share/virtualenvs/airflow_sandbox-vp-HKq_L/lib/python3.10/site-packages/airflow/example_dags/example_branch_day_of_week_operator.py
[2024-02-14T09:24:38.368+0000] {processor.py:840} INFO - DAG(s) 'example_weekday_branch_operator' retrieved from /home/codespace/.local/share/virtualenvs/airflow_sandbox-vp-HKq_L/lib/python3.10/site-packages/airflow/example_dags/example_branch_day_of_week_operator.py
[2024-02-14T09:24:38.380+0000] {logging_mixin.py:188} INFO - [2024-02-14T09:24:38.380+0000] {dag.py:3033} INFO - Sync 1 DAGs
[2024-02-14T09:24:38.396+0000] {logging_mixin.py:188} INFO - [2024-02-14T09:24:38.396+0000] {dag.py:3820} INFO - Setting next_dagrun for example_weekday_branch_operator to 2024-02-13T00:00:00+00:00, run_after=2024-02-14T00:00:00+00:00
[2024-02-14T09:24:38.439+0000] {processor.py:183} INFO - Processing /home/codespace/.local/share/virtualenvs/airflow_sandbox-vp-HKq_L/lib/python3.10/site-packages/airflow/example_dags/example_branch_day_of_week_operator.py took 0.081 seconds
[2024-02-14T09:25:32.196+0000] {processor.py:161} INFO - Started process (PID=14327) to work on /home/codespace/.local/share/virtualenvs/airflow_sandbox-vp-HKq_L/lib/python3.10/site-packages/airflow/example_dags/example_branch_day_of_week_operator.py
[2024-02-14T09:25:32.197+0000] {processor.py:830} INFO - Processing file /home/codespace/.local/share/virtualenvs/airflow_sandbox-vp-HKq_L/lib/python3.10/site-packages/airflow/example_dags/example_branch_day_of_week_operator.py for tasks to queue
[2024-02-14T09:25:32.198+0000] {logging_mixin.py:188} INFO - [2024-02-14T09:25:32.198+0000] {dagbag.py:538} INFO - Filling up the DagBag from /home/codespace/.local/share/virtualenvs/airflow_sandbox-vp-HKq_L/lib/python3.10/site-packages/airflow/example_dags/example_branch_day_of_week_operator.py
[2024-02-14T09:25:32.207+0000] {processor.py:840} INFO - DAG(s) 'example_weekday_branch_operator' retrieved from /home/codespace/.local/share/virtualenvs/airflow_sandbox-vp-HKq_L/lib/python3.10/site-packages/airflow/example_dags/example_branch_day_of_week_operator.py
[2024-02-14T09:25:32.223+0000] {logging_mixin.py:188} INFO - [2024-02-14T09:25:32.223+0000] {dag.py:3033} INFO - Sync 1 DAGs
[2024-02-14T09:25:32.240+0000] {logging_mixin.py:188} INFO - [2024-02-14T09:25:32.239+0000] {dag.py:3820} INFO - Setting next_dagrun for example_weekday_branch_operator to 2024-02-13T00:00:00+00:00, run_after=2024-02-14T00:00:00+00:00
[2024-02-14T09:25:32.286+0000] {processor.py:183} INFO - Processing /home/codespace/.local/share/virtualenvs/airflow_sandbox-vp-HKq_L/lib/python3.10/site-packages/airflow/example_dags/example_branch_day_of_week_operator.py took 0.092 seconds
[2024-02-14T09:26:24.275+0000] {processor.py:161} INFO - Started process (PID=14687) to work on /home/codespace/.local/share/virtualenvs/airflow_sandbox-vp-HKq_L/lib/python3.10/site-packages/airflow/example_dags/example_branch_day_of_week_operator.py
[2024-02-14T09:26:24.275+0000] {processor.py:830} INFO - Processing file /home/codespace/.local/share/virtualenvs/airflow_sandbox-vp-HKq_L/lib/python3.10/site-packages/airflow/example_dags/example_branch_day_of_week_operator.py for tasks to queue
[2024-02-14T09:26:24.276+0000] {logging_mixin.py:188} INFO - [2024-02-14T09:26:24.276+0000] {dagbag.py:538} INFO - Filling up the DagBag from /home/codespace/.local/share/virtualenvs/airflow_sandbox-vp-HKq_L/lib/python3.10/site-packages/airflow/example_dags/example_branch_day_of_week_operator.py
[2024-02-14T09:26:24.283+0000] {processor.py:840} INFO - DAG(s) 'example_weekday_branch_operator' retrieved from /home/codespace/.local/share/virtualenvs/airflow_sandbox-vp-HKq_L/lib/python3.10/site-packages/airflow/example_dags/example_branch_day_of_week_operator.py
[2024-02-14T09:26:24.296+0000] {logging_mixin.py:188} INFO - [2024-02-14T09:26:24.296+0000] {dag.py:3033} INFO - Sync 1 DAGs
[2024-02-14T09:26:24.312+0000] {logging_mixin.py:188} INFO - [2024-02-14T09:26:24.312+0000] {dag.py:3820} INFO - Setting next_dagrun for example_weekday_branch_operator to 2024-02-13T00:00:00+00:00, run_after=2024-02-14T00:00:00+00:00
[2024-02-14T09:26:24.359+0000] {processor.py:183} INFO - Processing /home/codespace/.local/share/virtualenvs/airflow_sandbox-vp-HKq_L/lib/python3.10/site-packages/airflow/example_dags/example_branch_day_of_week_operator.py took 0.086 seconds
[2024-02-14T09:27:18.581+0000] {processor.py:161} INFO - Started process (PID=15054) to work on /home/codespace/.local/share/virtualenvs/airflow_sandbox-vp-HKq_L/lib/python3.10/site-packages/airflow/example_dags/example_branch_day_of_week_operator.py
[2024-02-14T09:27:18.582+0000] {processor.py:830} INFO - Processing file /home/codespace/.local/share/virtualenvs/airflow_sandbox-vp-HKq_L/lib/python3.10/site-packages/airflow/example_dags/example_branch_day_of_week_operator.py for tasks to queue
[2024-02-14T09:27:18.583+0000] {logging_mixin.py:188} INFO - [2024-02-14T09:27:18.582+0000] {dagbag.py:538} INFO - Filling up the DagBag from /home/codespace/.local/share/virtualenvs/airflow_sandbox-vp-HKq_L/lib/python3.10/site-packages/airflow/example_dags/example_branch_day_of_week_operator.py
[2024-02-14T09:27:18.589+0000] {processor.py:840} INFO - DAG(s) 'example_weekday_branch_operator' retrieved from /home/codespace/.local/share/virtualenvs/airflow_sandbox-vp-HKq_L/lib/python3.10/site-packages/airflow/example_dags/example_branch_day_of_week_operator.py
[2024-02-14T09:27:18.602+0000] {logging_mixin.py:188} INFO - [2024-02-14T09:27:18.601+0000] {dag.py:3033} INFO - Sync 1 DAGs
[2024-02-14T09:27:18.618+0000] {logging_mixin.py:188} INFO - [2024-02-14T09:27:18.618+0000] {dag.py:3820} INFO - Setting next_dagrun for example_weekday_branch_operator to 2024-02-13T00:00:00+00:00, run_after=2024-02-14T00:00:00+00:00
[2024-02-14T09:27:18.672+0000] {processor.py:183} INFO - Processing /home/codespace/.local/share/virtualenvs/airflow_sandbox-vp-HKq_L/lib/python3.10/site-packages/airflow/example_dags/example_branch_day_of_week_operator.py took 0.093 seconds
[2024-02-14T09:28:14.409+0000] {processor.py:161} INFO - Started process (PID=15483) to work on /home/codespace/.local/share/virtualenvs/airflow_sandbox-vp-HKq_L/lib/python3.10/site-packages/airflow/example_dags/example_branch_day_of_week_operator.py
[2024-02-14T09:28:14.417+0000] {processor.py:830} INFO - Processing file /home/codespace/.local/share/virtualenvs/airflow_sandbox-vp-HKq_L/lib/python3.10/site-packages/airflow/example_dags/example_branch_day_of_week_operator.py for tasks to queue
[2024-02-14T09:28:14.418+0000] {logging_mixin.py:188} INFO - [2024-02-14T09:28:14.417+0000] {dagbag.py:538} INFO - Filling up the DagBag from /home/codespace/.local/share/virtualenvs/airflow_sandbox-vp-HKq_L/lib/python3.10/site-packages/airflow/example_dags/example_branch_day_of_week_operator.py
[2024-02-14T09:28:14.427+0000] {processor.py:840} INFO - DAG(s) 'example_weekday_branch_operator' retrieved from /home/codespace/.local/share/virtualenvs/airflow_sandbox-vp-HKq_L/lib/python3.10/site-packages/airflow/example_dags/example_branch_day_of_week_operator.py
[2024-02-14T09:28:14.445+0000] {logging_mixin.py:188} INFO - [2024-02-14T09:28:14.445+0000] {dag.py:3033} INFO - Sync 1 DAGs
[2024-02-14T09:28:14.462+0000] {logging_mixin.py:188} INFO - [2024-02-14T09:28:14.462+0000] {dag.py:3820} INFO - Setting next_dagrun for example_weekday_branch_operator to 2024-02-13T00:00:00+00:00, run_after=2024-02-14T00:00:00+00:00
[2024-02-14T09:28:14.504+0000] {processor.py:183} INFO - Processing /home/codespace/.local/share/virtualenvs/airflow_sandbox-vp-HKq_L/lib/python3.10/site-packages/airflow/example_dags/example_branch_day_of_week_operator.py took 0.101 seconds
[2024-02-14T09:29:06.383+0000] {processor.py:161} INFO - Started process (PID=16001) to work on /home/codespace/.local/share/virtualenvs/airflow_sandbox-vp-HKq_L/lib/python3.10/site-packages/airflow/example_dags/example_branch_day_of_week_operator.py
[2024-02-14T09:29:06.384+0000] {processor.py:830} INFO - Processing file /home/codespace/.local/share/virtualenvs/airflow_sandbox-vp-HKq_L/lib/python3.10/site-packages/airflow/example_dags/example_branch_day_of_week_operator.py for tasks to queue
[2024-02-14T09:29:06.385+0000] {logging_mixin.py:188} INFO - [2024-02-14T09:29:06.384+0000] {dagbag.py:538} INFO - Filling up the DagBag from /home/codespace/.local/share/virtualenvs/airflow_sandbox-vp-HKq_L/lib/python3.10/site-packages/airflow/example_dags/example_branch_day_of_week_operator.py
[2024-02-14T09:29:06.391+0000] {processor.py:840} INFO - DAG(s) 'example_weekday_branch_operator' retrieved from /home/codespace/.local/share/virtualenvs/airflow_sandbox-vp-HKq_L/lib/python3.10/site-packages/airflow/example_dags/example_branch_day_of_week_operator.py
[2024-02-14T09:29:06.405+0000] {logging_mixin.py:188} INFO - [2024-02-14T09:29:06.404+0000] {dag.py:3033} INFO - Sync 1 DAGs
[2024-02-14T09:29:06.422+0000] {logging_mixin.py:188} INFO - [2024-02-14T09:29:06.422+0000] {dag.py:3820} INFO - Setting next_dagrun for example_weekday_branch_operator to 2024-02-13T00:00:00+00:00, run_after=2024-02-14T00:00:00+00:00
[2024-02-14T09:29:06.464+0000] {processor.py:183} INFO - Processing /home/codespace/.local/share/virtualenvs/airflow_sandbox-vp-HKq_L/lib/python3.10/site-packages/airflow/example_dags/example_branch_day_of_week_operator.py took 0.084 seconds
[2024-02-14T09:29:59.728+0000] {processor.py:161} INFO - Started process (PID=16375) to work on /home/codespace/.local/share/virtualenvs/airflow_sandbox-vp-HKq_L/lib/python3.10/site-packages/airflow/example_dags/example_branch_day_of_week_operator.py
[2024-02-14T09:29:59.729+0000] {processor.py:830} INFO - Processing file /home/codespace/.local/share/virtualenvs/airflow_sandbox-vp-HKq_L/lib/python3.10/site-packages/airflow/example_dags/example_branch_day_of_week_operator.py for tasks to queue
[2024-02-14T09:29:59.729+0000] {logging_mixin.py:188} INFO - [2024-02-14T09:29:59.729+0000] {dagbag.py:538} INFO - Filling up the DagBag from /home/codespace/.local/share/virtualenvs/airflow_sandbox-vp-HKq_L/lib/python3.10/site-packages/airflow/example_dags/example_branch_day_of_week_operator.py
[2024-02-14T09:29:59.736+0000] {processor.py:840} INFO - DAG(s) 'example_weekday_branch_operator' retrieved from /home/codespace/.local/share/virtualenvs/airflow_sandbox-vp-HKq_L/lib/python3.10/site-packages/airflow/example_dags/example_branch_day_of_week_operator.py
[2024-02-14T09:29:59.749+0000] {logging_mixin.py:188} INFO - [2024-02-14T09:29:59.749+0000] {dag.py:3033} INFO - Sync 1 DAGs
[2024-02-14T09:29:59.766+0000] {logging_mixin.py:188} INFO - [2024-02-14T09:29:59.766+0000] {dag.py:3820} INFO - Setting next_dagrun for example_weekday_branch_operator to 2024-02-13T00:00:00+00:00, run_after=2024-02-14T00:00:00+00:00
[2024-02-14T09:29:59.808+0000] {processor.py:183} INFO - Processing /home/codespace/.local/share/virtualenvs/airflow_sandbox-vp-HKq_L/lib/python3.10/site-packages/airflow/example_dags/example_branch_day_of_week_operator.py took 0.083 seconds
[2024-02-14T09:30:50.019+0000] {processor.py:161} INFO - Started process (PID=16728) to work on /home/codespace/.local/share/virtualenvs/airflow_sandbox-vp-HKq_L/lib/python3.10/site-packages/airflow/example_dags/example_branch_day_of_week_operator.py
[2024-02-14T09:30:50.020+0000] {processor.py:830} INFO - Processing file /home/codespace/.local/share/virtualenvs/airflow_sandbox-vp-HKq_L/lib/python3.10/site-packages/airflow/example_dags/example_branch_day_of_week_operator.py for tasks to queue
[2024-02-14T09:30:50.020+0000] {logging_mixin.py:188} INFO - [2024-02-14T09:30:50.020+0000] {dagbag.py:538} INFO - Filling up the DagBag from /home/codespace/.local/share/virtualenvs/airflow_sandbox-vp-HKq_L/lib/python3.10/site-packages/airflow/example_dags/example_branch_day_of_week_operator.py
[2024-02-14T09:30:50.026+0000] {processor.py:840} INFO - DAG(s) 'example_weekday_branch_operator' retrieved from /home/codespace/.local/share/virtualenvs/airflow_sandbox-vp-HKq_L/lib/python3.10/site-packages/airflow/example_dags/example_branch_day_of_week_operator.py
[2024-02-14T09:30:50.039+0000] {logging_mixin.py:188} INFO - [2024-02-14T09:30:50.039+0000] {dag.py:3033} INFO - Sync 1 DAGs
[2024-02-14T09:30:50.055+0000] {logging_mixin.py:188} INFO - [2024-02-14T09:30:50.055+0000] {dag.py:3820} INFO - Setting next_dagrun for example_weekday_branch_operator to 2024-02-13T00:00:00+00:00, run_after=2024-02-14T00:00:00+00:00
[2024-02-14T09:30:50.098+0000] {processor.py:183} INFO - Processing /home/codespace/.local/share/virtualenvs/airflow_sandbox-vp-HKq_L/lib/python3.10/site-packages/airflow/example_dags/example_branch_day_of_week_operator.py took 0.081 seconds
[2024-02-14T09:31:43.268+0000] {processor.py:161} INFO - Started process (PID=17104) to work on /home/codespace/.local/share/virtualenvs/airflow_sandbox-vp-HKq_L/lib/python3.10/site-packages/airflow/example_dags/example_branch_day_of_week_operator.py
[2024-02-14T09:31:43.269+0000] {processor.py:830} INFO - Processing file /home/codespace/.local/share/virtualenvs/airflow_sandbox-vp-HKq_L/lib/python3.10/site-packages/airflow/example_dags/example_branch_day_of_week_operator.py for tasks to queue
[2024-02-14T09:31:43.270+0000] {logging_mixin.py:188} INFO - [2024-02-14T09:31:43.270+0000] {dagbag.py:538} INFO - Filling up the DagBag from /home/codespace/.local/share/virtualenvs/airflow_sandbox-vp-HKq_L/lib/python3.10/site-packages/airflow/example_dags/example_branch_day_of_week_operator.py
[2024-02-14T09:31:43.277+0000] {processor.py:840} INFO - DAG(s) 'example_weekday_branch_operator' retrieved from /home/codespace/.local/share/virtualenvs/airflow_sandbox-vp-HKq_L/lib/python3.10/site-packages/airflow/example_dags/example_branch_day_of_week_operator.py
[2024-02-14T09:31:43.291+0000] {logging_mixin.py:188} INFO - [2024-02-14T09:31:43.291+0000] {dag.py:3033} INFO - Sync 1 DAGs
[2024-02-14T09:31:43.309+0000] {logging_mixin.py:188} INFO - [2024-02-14T09:31:43.308+0000] {dag.py:3820} INFO - Setting next_dagrun for example_weekday_branch_operator to 2024-02-13T00:00:00+00:00, run_after=2024-02-14T00:00:00+00:00
[2024-02-14T09:31:43.353+0000] {processor.py:183} INFO - Processing /home/codespace/.local/share/virtualenvs/airflow_sandbox-vp-HKq_L/lib/python3.10/site-packages/airflow/example_dags/example_branch_day_of_week_operator.py took 0.087 seconds
[2024-02-14T09:32:38.676+0000] {processor.py:161} INFO - Started process (PID=17509) to work on /home/codespace/.local/share/virtualenvs/airflow_sandbox-vp-HKq_L/lib/python3.10/site-packages/airflow/example_dags/example_branch_day_of_week_operator.py
[2024-02-14T09:32:38.677+0000] {processor.py:830} INFO - Processing file /home/codespace/.local/share/virtualenvs/airflow_sandbox-vp-HKq_L/lib/python3.10/site-packages/airflow/example_dags/example_branch_day_of_week_operator.py for tasks to queue
[2024-02-14T09:32:38.678+0000] {logging_mixin.py:188} INFO - [2024-02-14T09:32:38.677+0000] {dagbag.py:538} INFO - Filling up the DagBag from /home/codespace/.local/share/virtualenvs/airflow_sandbox-vp-HKq_L/lib/python3.10/site-packages/airflow/example_dags/example_branch_day_of_week_operator.py
[2024-02-14T09:32:38.684+0000] {processor.py:840} INFO - DAG(s) 'example_weekday_branch_operator' retrieved from /home/codespace/.local/share/virtualenvs/airflow_sandbox-vp-HKq_L/lib/python3.10/site-packages/airflow/example_dags/example_branch_day_of_week_operator.py
[2024-02-14T09:32:38.697+0000] {logging_mixin.py:188} INFO - [2024-02-14T09:32:38.697+0000] {dag.py:3033} INFO - Sync 1 DAGs
[2024-02-14T09:32:38.713+0000] {logging_mixin.py:188} INFO - [2024-02-14T09:32:38.713+0000] {dag.py:3820} INFO - Setting next_dagrun for example_weekday_branch_operator to 2024-02-13T00:00:00+00:00, run_after=2024-02-14T00:00:00+00:00
[2024-02-14T09:32:38.756+0000] {processor.py:183} INFO - Processing /home/codespace/.local/share/virtualenvs/airflow_sandbox-vp-HKq_L/lib/python3.10/site-packages/airflow/example_dags/example_branch_day_of_week_operator.py took 0.082 seconds
[2024-02-14T09:33:30.343+0000] {processor.py:161} INFO - Started process (PID=17881) to work on /home/codespace/.local/share/virtualenvs/airflow_sandbox-vp-HKq_L/lib/python3.10/site-packages/airflow/example_dags/example_branch_day_of_week_operator.py
[2024-02-14T09:33:30.344+0000] {processor.py:830} INFO - Processing file /home/codespace/.local/share/virtualenvs/airflow_sandbox-vp-HKq_L/lib/python3.10/site-packages/airflow/example_dags/example_branch_day_of_week_operator.py for tasks to queue
[2024-02-14T09:33:30.344+0000] {logging_mixin.py:188} INFO - [2024-02-14T09:33:30.344+0000] {dagbag.py:538} INFO - Filling up the DagBag from /home/codespace/.local/share/virtualenvs/airflow_sandbox-vp-HKq_L/lib/python3.10/site-packages/airflow/example_dags/example_branch_day_of_week_operator.py
[2024-02-14T09:33:30.350+0000] {processor.py:840} INFO - DAG(s) 'example_weekday_branch_operator' retrieved from /home/codespace/.local/share/virtualenvs/airflow_sandbox-vp-HKq_L/lib/python3.10/site-packages/airflow/example_dags/example_branch_day_of_week_operator.py
[2024-02-14T09:33:30.363+0000] {logging_mixin.py:188} INFO - [2024-02-14T09:33:30.363+0000] {dag.py:3033} INFO - Sync 1 DAGs
[2024-02-14T09:33:30.379+0000] {logging_mixin.py:188} INFO - [2024-02-14T09:33:30.379+0000] {dag.py:3820} INFO - Setting next_dagrun for example_weekday_branch_operator to 2024-02-13T00:00:00+00:00, run_after=2024-02-14T00:00:00+00:00
[2024-02-14T09:33:30.419+0000] {processor.py:183} INFO - Processing /home/codespace/.local/share/virtualenvs/airflow_sandbox-vp-HKq_L/lib/python3.10/site-packages/airflow/example_dags/example_branch_day_of_week_operator.py took 0.078 seconds
[2024-02-14T09:34:21.631+0000] {processor.py:161} INFO - Started process (PID=18262) to work on /home/codespace/.local/share/virtualenvs/airflow_sandbox-vp-HKq_L/lib/python3.10/site-packages/airflow/example_dags/example_branch_day_of_week_operator.py
[2024-02-14T09:34:21.632+0000] {processor.py:830} INFO - Processing file /home/codespace/.local/share/virtualenvs/airflow_sandbox-vp-HKq_L/lib/python3.10/site-packages/airflow/example_dags/example_branch_day_of_week_operator.py for tasks to queue
[2024-02-14T09:34:21.633+0000] {logging_mixin.py:188} INFO - [2024-02-14T09:34:21.632+0000] {dagbag.py:538} INFO - Filling up the DagBag from /home/codespace/.local/share/virtualenvs/airflow_sandbox-vp-HKq_L/lib/python3.10/site-packages/airflow/example_dags/example_branch_day_of_week_operator.py
[2024-02-14T09:34:21.639+0000] {processor.py:840} INFO - DAG(s) 'example_weekday_branch_operator' retrieved from /home/codespace/.local/share/virtualenvs/airflow_sandbox-vp-HKq_L/lib/python3.10/site-packages/airflow/example_dags/example_branch_day_of_week_operator.py
[2024-02-14T09:34:21.651+0000] {logging_mixin.py:188} INFO - [2024-02-14T09:34:21.651+0000] {dag.py:3033} INFO - Sync 1 DAGs
[2024-02-14T09:34:21.668+0000] {logging_mixin.py:188} INFO - [2024-02-14T09:34:21.667+0000] {dag.py:3820} INFO - Setting next_dagrun for example_weekday_branch_operator to 2024-02-13T00:00:00+00:00, run_after=2024-02-14T00:00:00+00:00
[2024-02-14T09:34:21.716+0000] {processor.py:183} INFO - Processing /home/codespace/.local/share/virtualenvs/airflow_sandbox-vp-HKq_L/lib/python3.10/site-packages/airflow/example_dags/example_branch_day_of_week_operator.py took 0.086 seconds
