[2024-02-14T09:08:18.990+0000] {processor.py:161} INFO - Started process (PID=4918) to work on /home/codespace/.local/share/virtualenvs/airflow_sandbox-vp-HKq_L/lib/python3.10/site-packages/airflow/example_dags/example_complex.py
[2024-02-14T09:08:18.990+0000] {processor.py:830} INFO - Processing file /home/codespace/.local/share/virtualenvs/airflow_sandbox-vp-HKq_L/lib/python3.10/site-packages/airflow/example_dags/example_complex.py for tasks to queue
[2024-02-14T09:08:18.991+0000] {logging_mixin.py:188} INFO - [2024-02-14T09:08:18.991+0000] {dagbag.py:538} INFO - Filling up the DagBag from /home/codespace/.local/share/virtualenvs/airflow_sandbox-vp-HKq_L/lib/python3.10/site-packages/airflow/example_dags/example_complex.py
[2024-02-14T09:08:19.000+0000] {processor.py:840} INFO - DAG(s) 'example_complex' retrieved from /home/codespace/.local/share/virtualenvs/airflow_sandbox-vp-HKq_L/lib/python3.10/site-packages/airflow/example_dags/example_complex.py
[2024-02-14T09:08:19.025+0000] {logging_mixin.py:188} INFO - [2024-02-14T09:08:19.024+0000] {dag.py:3033} INFO - Sync 1 DAGs
[2024-02-14T09:08:19.034+0000] {logging_mixin.py:188} INFO - [2024-02-14T09:08:19.034+0000] {dag.py:3820} INFO - Setting next_dagrun for example_complex to None, run_after=None
[2024-02-14T09:08:19.074+0000] {processor.py:183} INFO - Processing /home/codespace/.local/share/virtualenvs/airflow_sandbox-vp-HKq_L/lib/python3.10/site-packages/airflow/example_dags/example_complex.py took 0.086 seconds
[2024-02-14T09:09:25.512+0000] {processor.py:161} INFO - Started process (PID=5924) to work on /home/codespace/.local/share/virtualenvs/airflow_sandbox-vp-HKq_L/lib/python3.10/site-packages/airflow/example_dags/example_complex.py
[2024-02-14T09:09:25.513+0000] {processor.py:830} INFO - Processing file /home/codespace/.local/share/virtualenvs/airflow_sandbox-vp-HKq_L/lib/python3.10/site-packages/airflow/example_dags/example_complex.py for tasks to queue
[2024-02-14T09:09:25.514+0000] {logging_mixin.py:188} INFO - [2024-02-14T09:09:25.514+0000] {dagbag.py:538} INFO - Filling up the DagBag from /home/codespace/.local/share/virtualenvs/airflow_sandbox-vp-HKq_L/lib/python3.10/site-packages/airflow/example_dags/example_complex.py
[2024-02-14T09:09:25.527+0000] {processor.py:840} INFO - DAG(s) 'example_complex' retrieved from /home/codespace/.local/share/virtualenvs/airflow_sandbox-vp-HKq_L/lib/python3.10/site-packages/airflow/example_dags/example_complex.py
[2024-02-14T09:09:25.573+0000] {logging_mixin.py:188} INFO - [2024-02-14T09:09:25.572+0000] {dag.py:3033} INFO - Sync 1 DAGs
[2024-02-14T09:09:25.586+0000] {logging_mixin.py:188} INFO - [2024-02-14T09:09:25.586+0000] {dag.py:3820} INFO - Setting next_dagrun for example_complex to None, run_after=None
[2024-02-14T09:09:25.630+0000] {processor.py:183} INFO - Processing /home/codespace/.local/share/virtualenvs/airflow_sandbox-vp-HKq_L/lib/python3.10/site-packages/airflow/example_dags/example_complex.py took 0.120 seconds
[2024-02-14T09:10:28.949+0000] {processor.py:161} INFO - Started process (PID=6722) to work on /home/codespace/.local/share/virtualenvs/airflow_sandbox-vp-HKq_L/lib/python3.10/site-packages/airflow/example_dags/example_complex.py
[2024-02-14T09:10:28.950+0000] {processor.py:830} INFO - Processing file /home/codespace/.local/share/virtualenvs/airflow_sandbox-vp-HKq_L/lib/python3.10/site-packages/airflow/example_dags/example_complex.py for tasks to queue
[2024-02-14T09:10:28.950+0000] {logging_mixin.py:188} INFO - [2024-02-14T09:10:28.950+0000] {dagbag.py:538} INFO - Filling up the DagBag from /home/codespace/.local/share/virtualenvs/airflow_sandbox-vp-HKq_L/lib/python3.10/site-packages/airflow/example_dags/example_complex.py
[2024-02-14T09:10:28.959+0000] {processor.py:840} INFO - DAG(s) 'example_complex' retrieved from /home/codespace/.local/share/virtualenvs/airflow_sandbox-vp-HKq_L/lib/python3.10/site-packages/airflow/example_dags/example_complex.py
[2024-02-14T09:10:28.981+0000] {logging_mixin.py:188} INFO - [2024-02-14T09:10:28.981+0000] {dag.py:3033} INFO - Sync 1 DAGs
[2024-02-14T09:10:28.990+0000] {logging_mixin.py:188} INFO - [2024-02-14T09:10:28.990+0000] {dag.py:3820} INFO - Setting next_dagrun for example_complex to None, run_after=None
[2024-02-14T09:10:29.036+0000] {processor.py:183} INFO - Processing /home/codespace/.local/share/virtualenvs/airflow_sandbox-vp-HKq_L/lib/python3.10/site-packages/airflow/example_dags/example_complex.py took 0.089 seconds
[2024-02-14T09:11:23.543+0000] {processor.py:161} INFO - Started process (PID=7383) to work on /home/codespace/.local/share/virtualenvs/airflow_sandbox-vp-HKq_L/lib/python3.10/site-packages/airflow/example_dags/example_complex.py
[2024-02-14T09:11:23.544+0000] {processor.py:830} INFO - Processing file /home/codespace/.local/share/virtualenvs/airflow_sandbox-vp-HKq_L/lib/python3.10/site-packages/airflow/example_dags/example_complex.py for tasks to queue
[2024-02-14T09:11:23.545+0000] {logging_mixin.py:188} INFO - [2024-02-14T09:11:23.545+0000] {dagbag.py:538} INFO - Filling up the DagBag from /home/codespace/.local/share/virtualenvs/airflow_sandbox-vp-HKq_L/lib/python3.10/site-packages/airflow/example_dags/example_complex.py
[2024-02-14T09:11:23.561+0000] {processor.py:840} INFO - DAG(s) 'example_complex' retrieved from /home/codespace/.local/share/virtualenvs/airflow_sandbox-vp-HKq_L/lib/python3.10/site-packages/airflow/example_dags/example_complex.py
[2024-02-14T09:11:23.598+0000] {logging_mixin.py:188} INFO - [2024-02-14T09:11:23.598+0000] {dag.py:3033} INFO - Sync 1 DAGs
[2024-02-14T09:11:23.613+0000] {logging_mixin.py:188} INFO - [2024-02-14T09:11:23.613+0000] {dag.py:3820} INFO - Setting next_dagrun for example_complex to None, run_after=None
[2024-02-14T09:11:23.660+0000] {processor.py:183} INFO - Processing /home/codespace/.local/share/virtualenvs/airflow_sandbox-vp-HKq_L/lib/python3.10/site-packages/airflow/example_dags/example_complex.py took 0.121 seconds
[2024-02-14T09:12:19.161+0000] {processor.py:161} INFO - Started process (PID=8023) to work on /home/codespace/.local/share/virtualenvs/airflow_sandbox-vp-HKq_L/lib/python3.10/site-packages/airflow/example_dags/example_complex.py
[2024-02-14T09:12:19.162+0000] {processor.py:830} INFO - Processing file /home/codespace/.local/share/virtualenvs/airflow_sandbox-vp-HKq_L/lib/python3.10/site-packages/airflow/example_dags/example_complex.py for tasks to queue
[2024-02-14T09:12:19.162+0000] {logging_mixin.py:188} INFO - [2024-02-14T09:12:19.162+0000] {dagbag.py:538} INFO - Filling up the DagBag from /home/codespace/.local/share/virtualenvs/airflow_sandbox-vp-HKq_L/lib/python3.10/site-packages/airflow/example_dags/example_complex.py
[2024-02-14T09:12:19.171+0000] {processor.py:840} INFO - DAG(s) 'example_complex' retrieved from /home/codespace/.local/share/virtualenvs/airflow_sandbox-vp-HKq_L/lib/python3.10/site-packages/airflow/example_dags/example_complex.py
[2024-02-14T09:12:19.191+0000] {logging_mixin.py:188} INFO - [2024-02-14T09:12:19.191+0000] {dag.py:3033} INFO - Sync 1 DAGs
[2024-02-14T09:12:19.200+0000] {logging_mixin.py:188} INFO - [2024-02-14T09:12:19.200+0000] {dag.py:3820} INFO - Setting next_dagrun for example_complex to None, run_after=None
[2024-02-14T09:12:19.240+0000] {processor.py:183} INFO - Processing /home/codespace/.local/share/virtualenvs/airflow_sandbox-vp-HKq_L/lib/python3.10/site-packages/airflow/example_dags/example_complex.py took 0.082 seconds
[2024-02-14T09:13:15.408+0000] {processor.py:161} INFO - Started process (PID=8504) to work on /home/codespace/.local/share/virtualenvs/airflow_sandbox-vp-HKq_L/lib/python3.10/site-packages/airflow/example_dags/example_complex.py
[2024-02-14T09:13:15.408+0000] {processor.py:830} INFO - Processing file /home/codespace/.local/share/virtualenvs/airflow_sandbox-vp-HKq_L/lib/python3.10/site-packages/airflow/example_dags/example_complex.py for tasks to queue
[2024-02-14T09:13:15.409+0000] {logging_mixin.py:188} INFO - [2024-02-14T09:13:15.409+0000] {dagbag.py:538} INFO - Filling up the DagBag from /home/codespace/.local/share/virtualenvs/airflow_sandbox-vp-HKq_L/lib/python3.10/site-packages/airflow/example_dags/example_complex.py
[2024-02-14T09:13:15.423+0000] {processor.py:840} INFO - DAG(s) 'example_complex' retrieved from /home/codespace/.local/share/virtualenvs/airflow_sandbox-vp-HKq_L/lib/python3.10/site-packages/airflow/example_dags/example_complex.py
[2024-02-14T09:13:15.462+0000] {logging_mixin.py:188} INFO - [2024-02-14T09:13:15.461+0000] {dag.py:3033} INFO - Sync 1 DAGs
[2024-02-14T09:13:15.478+0000] {logging_mixin.py:188} INFO - [2024-02-14T09:13:15.478+0000] {dag.py:3820} INFO - Setting next_dagrun for example_complex to None, run_after=None
[2024-02-14T09:13:15.529+0000] {processor.py:183} INFO - Processing /home/codespace/.local/share/virtualenvs/airflow_sandbox-vp-HKq_L/lib/python3.10/site-packages/airflow/example_dags/example_complex.py took 0.123 seconds
[2024-02-14T09:14:06.965+0000] {processor.py:161} INFO - Started process (PID=8932) to work on /home/codespace/.local/share/virtualenvs/airflow_sandbox-vp-HKq_L/lib/python3.10/site-packages/airflow/example_dags/example_complex.py
[2024-02-14T09:14:06.965+0000] {processor.py:830} INFO - Processing file /home/codespace/.local/share/virtualenvs/airflow_sandbox-vp-HKq_L/lib/python3.10/site-packages/airflow/example_dags/example_complex.py for tasks to queue
[2024-02-14T09:14:06.966+0000] {logging_mixin.py:188} INFO - [2024-02-14T09:14:06.966+0000] {dagbag.py:538} INFO - Filling up the DagBag from /home/codespace/.local/share/virtualenvs/airflow_sandbox-vp-HKq_L/lib/python3.10/site-packages/airflow/example_dags/example_complex.py
[2024-02-14T09:14:06.975+0000] {processor.py:840} INFO - DAG(s) 'example_complex' retrieved from /home/codespace/.local/share/virtualenvs/airflow_sandbox-vp-HKq_L/lib/python3.10/site-packages/airflow/example_dags/example_complex.py
[2024-02-14T09:14:06.995+0000] {logging_mixin.py:188} INFO - [2024-02-14T09:14:06.995+0000] {dag.py:3033} INFO - Sync 1 DAGs
[2024-02-14T09:14:07.004+0000] {logging_mixin.py:188} INFO - [2024-02-14T09:14:07.004+0000] {dag.py:3820} INFO - Setting next_dagrun for example_complex to None, run_after=None
[2024-02-14T09:14:07.048+0000] {processor.py:183} INFO - Processing /home/codespace/.local/share/virtualenvs/airflow_sandbox-vp-HKq_L/lib/python3.10/site-packages/airflow/example_dags/example_complex.py took 0.086 seconds
[2024-02-14T09:14:58.490+0000] {processor.py:161} INFO - Started process (PID=9292) to work on /home/codespace/.local/share/virtualenvs/airflow_sandbox-vp-HKq_L/lib/python3.10/site-packages/airflow/example_dags/example_complex.py
[2024-02-14T09:14:58.491+0000] {processor.py:830} INFO - Processing file /home/codespace/.local/share/virtualenvs/airflow_sandbox-vp-HKq_L/lib/python3.10/site-packages/airflow/example_dags/example_complex.py for tasks to queue
[2024-02-14T09:14:58.492+0000] {logging_mixin.py:188} INFO - [2024-02-14T09:14:58.491+0000] {dagbag.py:538} INFO - Filling up the DagBag from /home/codespace/.local/share/virtualenvs/airflow_sandbox-vp-HKq_L/lib/python3.10/site-packages/airflow/example_dags/example_complex.py
[2024-02-14T09:14:58.507+0000] {processor.py:840} INFO - DAG(s) 'example_complex' retrieved from /home/codespace/.local/share/virtualenvs/airflow_sandbox-vp-HKq_L/lib/python3.10/site-packages/airflow/example_dags/example_complex.py
[2024-02-14T09:14:58.530+0000] {logging_mixin.py:188} INFO - [2024-02-14T09:14:58.530+0000] {dag.py:3033} INFO - Sync 1 DAGs
[2024-02-14T09:14:58.539+0000] {logging_mixin.py:188} INFO - [2024-02-14T09:14:58.539+0000] {dag.py:3820} INFO - Setting next_dagrun for example_complex to None, run_after=None
[2024-02-14T09:14:58.580+0000] {processor.py:183} INFO - Processing /home/codespace/.local/share/virtualenvs/airflow_sandbox-vp-HKq_L/lib/python3.10/site-packages/airflow/example_dags/example_complex.py took 0.093 seconds
[2024-02-14T09:15:51.239+0000] {processor.py:161} INFO - Started process (PID=9668) to work on /home/codespace/.local/share/virtualenvs/airflow_sandbox-vp-HKq_L/lib/python3.10/site-packages/airflow/example_dags/example_complex.py
[2024-02-14T09:15:51.239+0000] {processor.py:830} INFO - Processing file /home/codespace/.local/share/virtualenvs/airflow_sandbox-vp-HKq_L/lib/python3.10/site-packages/airflow/example_dags/example_complex.py for tasks to queue
[2024-02-14T09:15:51.240+0000] {logging_mixin.py:188} INFO - [2024-02-14T09:15:51.240+0000] {dagbag.py:538} INFO - Filling up the DagBag from /home/codespace/.local/share/virtualenvs/airflow_sandbox-vp-HKq_L/lib/python3.10/site-packages/airflow/example_dags/example_complex.py
[2024-02-14T09:15:51.249+0000] {processor.py:840} INFO - DAG(s) 'example_complex' retrieved from /home/codespace/.local/share/virtualenvs/airflow_sandbox-vp-HKq_L/lib/python3.10/site-packages/airflow/example_dags/example_complex.py
[2024-02-14T09:15:51.270+0000] {logging_mixin.py:188} INFO - [2024-02-14T09:15:51.270+0000] {dag.py:3033} INFO - Sync 1 DAGs
[2024-02-14T09:15:51.279+0000] {logging_mixin.py:188} INFO - [2024-02-14T09:15:51.279+0000] {dag.py:3820} INFO - Setting next_dagrun for example_complex to None, run_after=None
[2024-02-14T09:15:51.321+0000] {processor.py:183} INFO - Processing /home/codespace/.local/share/virtualenvs/airflow_sandbox-vp-HKq_L/lib/python3.10/site-packages/airflow/example_dags/example_complex.py took 0.085 seconds
[2024-02-14T09:16:44.695+0000] {processor.py:161} INFO - Started process (PID=10053) to work on /home/codespace/.local/share/virtualenvs/airflow_sandbox-vp-HKq_L/lib/python3.10/site-packages/airflow/example_dags/example_complex.py
[2024-02-14T09:16:44.696+0000] {processor.py:830} INFO - Processing file /home/codespace/.local/share/virtualenvs/airflow_sandbox-vp-HKq_L/lib/python3.10/site-packages/airflow/example_dags/example_complex.py for tasks to queue
[2024-02-14T09:16:44.696+0000] {logging_mixin.py:188} INFO - [2024-02-14T09:16:44.696+0000] {dagbag.py:538} INFO - Filling up the DagBag from /home/codespace/.local/share/virtualenvs/airflow_sandbox-vp-HKq_L/lib/python3.10/site-packages/airflow/example_dags/example_complex.py
[2024-02-14T09:16:44.708+0000] {processor.py:840} INFO - DAG(s) 'example_complex' retrieved from /home/codespace/.local/share/virtualenvs/airflow_sandbox-vp-HKq_L/lib/python3.10/site-packages/airflow/example_dags/example_complex.py
[2024-02-14T09:16:44.729+0000] {logging_mixin.py:188} INFO - [2024-02-14T09:16:44.728+0000] {dag.py:3033} INFO - Sync 1 DAGs
[2024-02-14T09:16:44.737+0000] {logging_mixin.py:188} INFO - [2024-02-14T09:16:44.737+0000] {dag.py:3820} INFO - Setting next_dagrun for example_complex to None, run_after=None
[2024-02-14T09:16:44.787+0000] {processor.py:183} INFO - Processing /home/codespace/.local/share/virtualenvs/airflow_sandbox-vp-HKq_L/lib/python3.10/site-packages/airflow/example_dags/example_complex.py took 0.095 seconds
[2024-02-14T09:17:37.606+0000] {processor.py:161} INFO - Started process (PID=10461) to work on /home/codespace/.local/share/virtualenvs/airflow_sandbox-vp-HKq_L/lib/python3.10/site-packages/airflow/example_dags/example_complex.py
[2024-02-14T09:17:37.607+0000] {processor.py:830} INFO - Processing file /home/codespace/.local/share/virtualenvs/airflow_sandbox-vp-HKq_L/lib/python3.10/site-packages/airflow/example_dags/example_complex.py for tasks to queue
[2024-02-14T09:17:37.607+0000] {logging_mixin.py:188} INFO - [2024-02-14T09:17:37.607+0000] {dagbag.py:538} INFO - Filling up the DagBag from /home/codespace/.local/share/virtualenvs/airflow_sandbox-vp-HKq_L/lib/python3.10/site-packages/airflow/example_dags/example_complex.py
[2024-02-14T09:17:37.616+0000] {processor.py:840} INFO - DAG(s) 'example_complex' retrieved from /home/codespace/.local/share/virtualenvs/airflow_sandbox-vp-HKq_L/lib/python3.10/site-packages/airflow/example_dags/example_complex.py
[2024-02-14T09:17:37.637+0000] {logging_mixin.py:188} INFO - [2024-02-14T09:17:37.637+0000] {dag.py:3033} INFO - Sync 1 DAGs
[2024-02-14T09:17:37.646+0000] {logging_mixin.py:188} INFO - [2024-02-14T09:17:37.646+0000] {dag.py:3820} INFO - Setting next_dagrun for example_complex to None, run_after=None
[2024-02-14T09:17:37.699+0000] {processor.py:183} INFO - Processing /home/codespace/.local/share/virtualenvs/airflow_sandbox-vp-HKq_L/lib/python3.10/site-packages/airflow/example_dags/example_complex.py took 0.095 seconds
[2024-02-14T09:18:29.488+0000] {processor.py:161} INFO - Started process (PID=10825) to work on /home/codespace/.local/share/virtualenvs/airflow_sandbox-vp-HKq_L/lib/python3.10/site-packages/airflow/example_dags/example_complex.py
[2024-02-14T09:18:29.488+0000] {processor.py:830} INFO - Processing file /home/codespace/.local/share/virtualenvs/airflow_sandbox-vp-HKq_L/lib/python3.10/site-packages/airflow/example_dags/example_complex.py for tasks to queue
[2024-02-14T09:18:29.489+0000] {logging_mixin.py:188} INFO - [2024-02-14T09:18:29.489+0000] {dagbag.py:538} INFO - Filling up the DagBag from /home/codespace/.local/share/virtualenvs/airflow_sandbox-vp-HKq_L/lib/python3.10/site-packages/airflow/example_dags/example_complex.py
[2024-02-14T09:18:29.498+0000] {processor.py:840} INFO - DAG(s) 'example_complex' retrieved from /home/codespace/.local/share/virtualenvs/airflow_sandbox-vp-HKq_L/lib/python3.10/site-packages/airflow/example_dags/example_complex.py
[2024-02-14T09:18:29.520+0000] {logging_mixin.py:188} INFO - [2024-02-14T09:18:29.519+0000] {dag.py:3033} INFO - Sync 1 DAGs
[2024-02-14T09:18:29.528+0000] {logging_mixin.py:188} INFO - [2024-02-14T09:18:29.528+0000] {dag.py:3820} INFO - Setting next_dagrun for example_complex to None, run_after=None
[2024-02-14T09:18:29.570+0000] {processor.py:183} INFO - Processing /home/codespace/.local/share/virtualenvs/airflow_sandbox-vp-HKq_L/lib/python3.10/site-packages/airflow/example_dags/example_complex.py took 0.084 seconds
[2024-02-14T09:19:23.309+0000] {processor.py:161} INFO - Started process (PID=11202) to work on /home/codespace/.local/share/virtualenvs/airflow_sandbox-vp-HKq_L/lib/python3.10/site-packages/airflow/example_dags/example_complex.py
[2024-02-14T09:19:23.310+0000] {processor.py:830} INFO - Processing file /home/codespace/.local/share/virtualenvs/airflow_sandbox-vp-HKq_L/lib/python3.10/site-packages/airflow/example_dags/example_complex.py for tasks to queue
[2024-02-14T09:19:23.311+0000] {logging_mixin.py:188} INFO - [2024-02-14T09:19:23.310+0000] {dagbag.py:538} INFO - Filling up the DagBag from /home/codespace/.local/share/virtualenvs/airflow_sandbox-vp-HKq_L/lib/python3.10/site-packages/airflow/example_dags/example_complex.py
[2024-02-14T09:19:23.320+0000] {processor.py:840} INFO - DAG(s) 'example_complex' retrieved from /home/codespace/.local/share/virtualenvs/airflow_sandbox-vp-HKq_L/lib/python3.10/site-packages/airflow/example_dags/example_complex.py
[2024-02-14T09:19:23.341+0000] {logging_mixin.py:188} INFO - [2024-02-14T09:19:23.341+0000] {dag.py:3033} INFO - Sync 1 DAGs
[2024-02-14T09:19:23.350+0000] {logging_mixin.py:188} INFO - [2024-02-14T09:19:23.350+0000] {dag.py:3820} INFO - Setting next_dagrun for example_complex to None, run_after=None
[2024-02-14T09:19:23.392+0000] {processor.py:183} INFO - Processing /home/codespace/.local/share/virtualenvs/airflow_sandbox-vp-HKq_L/lib/python3.10/site-packages/airflow/example_dags/example_complex.py took 0.085 seconds
[2024-02-14T09:20:19.610+0000] {processor.py:161} INFO - Started process (PID=11628) to work on /home/codespace/.local/share/virtualenvs/airflow_sandbox-vp-HKq_L/lib/python3.10/site-packages/airflow/example_dags/example_complex.py
[2024-02-14T09:20:19.611+0000] {processor.py:830} INFO - Processing file /home/codespace/.local/share/virtualenvs/airflow_sandbox-vp-HKq_L/lib/python3.10/site-packages/airflow/example_dags/example_complex.py for tasks to queue
[2024-02-14T09:20:19.612+0000] {logging_mixin.py:188} INFO - [2024-02-14T09:20:19.612+0000] {dagbag.py:538} INFO - Filling up the DagBag from /home/codespace/.local/share/virtualenvs/airflow_sandbox-vp-HKq_L/lib/python3.10/site-packages/airflow/example_dags/example_complex.py
[2024-02-14T09:20:19.621+0000] {processor.py:840} INFO - DAG(s) 'example_complex' retrieved from /home/codespace/.local/share/virtualenvs/airflow_sandbox-vp-HKq_L/lib/python3.10/site-packages/airflow/example_dags/example_complex.py
[2024-02-14T09:20:19.641+0000] {logging_mixin.py:188} INFO - [2024-02-14T09:20:19.641+0000] {dag.py:3033} INFO - Sync 1 DAGs
[2024-02-14T09:20:19.650+0000] {logging_mixin.py:188} INFO - [2024-02-14T09:20:19.650+0000] {dag.py:3820} INFO - Setting next_dagrun for example_complex to None, run_after=None
[2024-02-14T09:20:19.702+0000] {processor.py:183} INFO - Processing /home/codespace/.local/share/virtualenvs/airflow_sandbox-vp-HKq_L/lib/python3.10/site-packages/airflow/example_dags/example_complex.py took 0.094 seconds
[2024-02-14T09:21:08.140+0000] {processor.py:161} INFO - Started process (PID=12466) to work on /home/codespace/.local/share/virtualenvs/airflow_sandbox-vp-HKq_L/lib/python3.10/site-packages/airflow/example_dags/example_complex.py
[2024-02-14T09:21:08.141+0000] {processor.py:830} INFO - Processing file /home/codespace/.local/share/virtualenvs/airflow_sandbox-vp-HKq_L/lib/python3.10/site-packages/airflow/example_dags/example_complex.py for tasks to queue
[2024-02-14T09:21:08.141+0000] {logging_mixin.py:188} INFO - [2024-02-14T09:21:08.141+0000] {dagbag.py:538} INFO - Filling up the DagBag from /home/codespace/.local/share/virtualenvs/airflow_sandbox-vp-HKq_L/lib/python3.10/site-packages/airflow/example_dags/example_complex.py
[2024-02-14T09:21:08.150+0000] {processor.py:840} INFO - DAG(s) 'example_complex' retrieved from /home/codespace/.local/share/virtualenvs/airflow_sandbox-vp-HKq_L/lib/python3.10/site-packages/airflow/example_dags/example_complex.py
[2024-02-14T09:21:08.172+0000] {logging_mixin.py:188} INFO - [2024-02-14T09:21:08.172+0000] {dag.py:3033} INFO - Sync 1 DAGs
[2024-02-14T09:21:08.181+0000] {logging_mixin.py:188} INFO - [2024-02-14T09:21:08.181+0000] {dag.py:3820} INFO - Setting next_dagrun for example_complex to None, run_after=None
[2024-02-14T09:21:08.222+0000] {processor.py:183} INFO - Processing /home/codespace/.local/share/virtualenvs/airflow_sandbox-vp-HKq_L/lib/python3.10/site-packages/airflow/example_dags/example_complex.py took 0.084 seconds
[2024-02-14T09:22:02.820+0000] {processor.py:161} INFO - Started process (PID=12848) to work on /home/codespace/.local/share/virtualenvs/airflow_sandbox-vp-HKq_L/lib/python3.10/site-packages/airflow/example_dags/example_complex.py
[2024-02-14T09:22:02.820+0000] {processor.py:830} INFO - Processing file /home/codespace/.local/share/virtualenvs/airflow_sandbox-vp-HKq_L/lib/python3.10/site-packages/airflow/example_dags/example_complex.py for tasks to queue
[2024-02-14T09:22:02.821+0000] {logging_mixin.py:188} INFO - [2024-02-14T09:22:02.821+0000] {dagbag.py:538} INFO - Filling up the DagBag from /home/codespace/.local/share/virtualenvs/airflow_sandbox-vp-HKq_L/lib/python3.10/site-packages/airflow/example_dags/example_complex.py
[2024-02-14T09:22:02.830+0000] {processor.py:840} INFO - DAG(s) 'example_complex' retrieved from /home/codespace/.local/share/virtualenvs/airflow_sandbox-vp-HKq_L/lib/python3.10/site-packages/airflow/example_dags/example_complex.py
[2024-02-14T09:22:02.851+0000] {logging_mixin.py:188} INFO - [2024-02-14T09:22:02.851+0000] {dag.py:3033} INFO - Sync 1 DAGs
[2024-02-14T09:22:02.860+0000] {logging_mixin.py:188} INFO - [2024-02-14T09:22:02.859+0000] {dag.py:3820} INFO - Setting next_dagrun for example_complex to None, run_after=None
[2024-02-14T09:22:02.901+0000] {processor.py:183} INFO - Processing /home/codespace/.local/share/virtualenvs/airflow_sandbox-vp-HKq_L/lib/python3.10/site-packages/airflow/example_dags/example_complex.py took 0.083 seconds
[2024-02-14T09:23:01.476+0000] {processor.py:161} INFO - Started process (PID=13291) to work on /home/codespace/.local/share/virtualenvs/airflow_sandbox-vp-HKq_L/lib/python3.10/site-packages/airflow/example_dags/example_complex.py
[2024-02-14T09:23:01.477+0000] {processor.py:830} INFO - Processing file /home/codespace/.local/share/virtualenvs/airflow_sandbox-vp-HKq_L/lib/python3.10/site-packages/airflow/example_dags/example_complex.py for tasks to queue
[2024-02-14T09:23:01.478+0000] {logging_mixin.py:188} INFO - [2024-02-14T09:23:01.477+0000] {dagbag.py:538} INFO - Filling up the DagBag from /home/codespace/.local/share/virtualenvs/airflow_sandbox-vp-HKq_L/lib/python3.10/site-packages/airflow/example_dags/example_complex.py
[2024-02-14T09:23:01.487+0000] {processor.py:840} INFO - DAG(s) 'example_complex' retrieved from /home/codespace/.local/share/virtualenvs/airflow_sandbox-vp-HKq_L/lib/python3.10/site-packages/airflow/example_dags/example_complex.py
[2024-02-14T09:23:01.508+0000] {logging_mixin.py:188} INFO - [2024-02-14T09:23:01.508+0000] {dag.py:3033} INFO - Sync 1 DAGs
[2024-02-14T09:23:01.518+0000] {logging_mixin.py:188} INFO - [2024-02-14T09:23:01.517+0000] {dag.py:3820} INFO - Setting next_dagrun for example_complex to None, run_after=None
[2024-02-14T09:23:01.558+0000] {processor.py:183} INFO - Processing /home/codespace/.local/share/virtualenvs/airflow_sandbox-vp-HKq_L/lib/python3.10/site-packages/airflow/example_dags/example_complex.py took 0.084 seconds
[2024-02-14T09:23:57.413+0000] {processor.py:161} INFO - Started process (PID=13662) to work on /home/codespace/.local/share/virtualenvs/airflow_sandbox-vp-HKq_L/lib/python3.10/site-packages/airflow/example_dags/example_complex.py
[2024-02-14T09:23:57.414+0000] {processor.py:830} INFO - Processing file /home/codespace/.local/share/virtualenvs/airflow_sandbox-vp-HKq_L/lib/python3.10/site-packages/airflow/example_dags/example_complex.py for tasks to queue
[2024-02-14T09:23:57.415+0000] {logging_mixin.py:188} INFO - [2024-02-14T09:23:57.414+0000] {dagbag.py:538} INFO - Filling up the DagBag from /home/codespace/.local/share/virtualenvs/airflow_sandbox-vp-HKq_L/lib/python3.10/site-packages/airflow/example_dags/example_complex.py
[2024-02-14T09:23:57.423+0000] {processor.py:840} INFO - DAG(s) 'example_complex' retrieved from /home/codespace/.local/share/virtualenvs/airflow_sandbox-vp-HKq_L/lib/python3.10/site-packages/airflow/example_dags/example_complex.py
[2024-02-14T09:23:57.444+0000] {logging_mixin.py:188} INFO - [2024-02-14T09:23:57.444+0000] {dag.py:3033} INFO - Sync 1 DAGs
[2024-02-14T09:23:57.453+0000] {logging_mixin.py:188} INFO - [2024-02-14T09:23:57.453+0000] {dag.py:3820} INFO - Setting next_dagrun for example_complex to None, run_after=None
[2024-02-14T09:23:57.493+0000] {processor.py:183} INFO - Processing /home/codespace/.local/share/virtualenvs/airflow_sandbox-vp-HKq_L/lib/python3.10/site-packages/airflow/example_dags/example_complex.py took 0.082 seconds
[2024-02-14T09:24:55.216+0000] {processor.py:161} INFO - Started process (PID=14076) to work on /home/codespace/.local/share/virtualenvs/airflow_sandbox-vp-HKq_L/lib/python3.10/site-packages/airflow/example_dags/example_complex.py
[2024-02-14T09:24:55.217+0000] {processor.py:830} INFO - Processing file /home/codespace/.local/share/virtualenvs/airflow_sandbox-vp-HKq_L/lib/python3.10/site-packages/airflow/example_dags/example_complex.py for tasks to queue
[2024-02-14T09:24:55.218+0000] {logging_mixin.py:188} INFO - [2024-02-14T09:24:55.218+0000] {dagbag.py:538} INFO - Filling up the DagBag from /home/codespace/.local/share/virtualenvs/airflow_sandbox-vp-HKq_L/lib/python3.10/site-packages/airflow/example_dags/example_complex.py
[2024-02-14T09:24:55.232+0000] {processor.py:840} INFO - DAG(s) 'example_complex' retrieved from /home/codespace/.local/share/virtualenvs/airflow_sandbox-vp-HKq_L/lib/python3.10/site-packages/airflow/example_dags/example_complex.py
[2024-02-14T09:24:55.266+0000] {logging_mixin.py:188} INFO - [2024-02-14T09:24:55.266+0000] {dag.py:3033} INFO - Sync 1 DAGs
[2024-02-14T09:24:55.293+0000] {logging_mixin.py:188} INFO - [2024-02-14T09:24:55.293+0000] {dag.py:3820} INFO - Setting next_dagrun for example_complex to None, run_after=None
[2024-02-14T09:24:55.348+0000] {processor.py:183} INFO - Processing /home/codespace/.local/share/virtualenvs/airflow_sandbox-vp-HKq_L/lib/python3.10/site-packages/airflow/example_dags/example_complex.py took 0.135 seconds
[2024-02-14T09:25:49.327+0000] {processor.py:161} INFO - Started process (PID=14436) to work on /home/codespace/.local/share/virtualenvs/airflow_sandbox-vp-HKq_L/lib/python3.10/site-packages/airflow/example_dags/example_complex.py
[2024-02-14T09:25:49.328+0000] {processor.py:830} INFO - Processing file /home/codespace/.local/share/virtualenvs/airflow_sandbox-vp-HKq_L/lib/python3.10/site-packages/airflow/example_dags/example_complex.py for tasks to queue
[2024-02-14T09:25:49.328+0000] {logging_mixin.py:188} INFO - [2024-02-14T09:25:49.328+0000] {dagbag.py:538} INFO - Filling up the DagBag from /home/codespace/.local/share/virtualenvs/airflow_sandbox-vp-HKq_L/lib/python3.10/site-packages/airflow/example_dags/example_complex.py
[2024-02-14T09:25:49.337+0000] {processor.py:840} INFO - DAG(s) 'example_complex' retrieved from /home/codespace/.local/share/virtualenvs/airflow_sandbox-vp-HKq_L/lib/python3.10/site-packages/airflow/example_dags/example_complex.py
[2024-02-14T09:25:49.358+0000] {logging_mixin.py:188} INFO - [2024-02-14T09:25:49.358+0000] {dag.py:3033} INFO - Sync 1 DAGs
[2024-02-14T09:25:49.367+0000] {logging_mixin.py:188} INFO - [2024-02-14T09:25:49.367+0000] {dag.py:3820} INFO - Setting next_dagrun for example_complex to None, run_after=None
[2024-02-14T09:25:49.410+0000] {processor.py:183} INFO - Processing /home/codespace/.local/share/virtualenvs/airflow_sandbox-vp-HKq_L/lib/python3.10/site-packages/airflow/example_dags/example_complex.py took 0.085 seconds
[2024-02-14T09:26:40.012+0000] {processor.py:161} INFO - Started process (PID=14787) to work on /home/codespace/.local/share/virtualenvs/airflow_sandbox-vp-HKq_L/lib/python3.10/site-packages/airflow/example_dags/example_complex.py
[2024-02-14T09:26:40.013+0000] {processor.py:830} INFO - Processing file /home/codespace/.local/share/virtualenvs/airflow_sandbox-vp-HKq_L/lib/python3.10/site-packages/airflow/example_dags/example_complex.py for tasks to queue
[2024-02-14T09:26:40.014+0000] {logging_mixin.py:188} INFO - [2024-02-14T09:26:40.013+0000] {dagbag.py:538} INFO - Filling up the DagBag from /home/codespace/.local/share/virtualenvs/airflow_sandbox-vp-HKq_L/lib/python3.10/site-packages/airflow/example_dags/example_complex.py
[2024-02-14T09:26:40.028+0000] {processor.py:840} INFO - DAG(s) 'example_complex' retrieved from /home/codespace/.local/share/virtualenvs/airflow_sandbox-vp-HKq_L/lib/python3.10/site-packages/airflow/example_dags/example_complex.py
[2024-02-14T09:26:40.049+0000] {logging_mixin.py:188} INFO - [2024-02-14T09:26:40.049+0000] {dag.py:3033} INFO - Sync 1 DAGs
[2024-02-14T09:26:40.058+0000] {logging_mixin.py:188} INFO - [2024-02-14T09:26:40.058+0000] {dag.py:3820} INFO - Setting next_dagrun for example_complex to None, run_after=None
[2024-02-14T09:26:40.100+0000] {processor.py:183} INFO - Processing /home/codespace/.local/share/virtualenvs/airflow_sandbox-vp-HKq_L/lib/python3.10/site-packages/airflow/example_dags/example_complex.py took 0.091 seconds
[2024-02-14T09:27:36.569+0000] {processor.py:161} INFO - Started process (PID=15214) to work on /home/codespace/.local/share/virtualenvs/airflow_sandbox-vp-HKq_L/lib/python3.10/site-packages/airflow/example_dags/example_complex.py
[2024-02-14T09:27:36.569+0000] {processor.py:830} INFO - Processing file /home/codespace/.local/share/virtualenvs/airflow_sandbox-vp-HKq_L/lib/python3.10/site-packages/airflow/example_dags/example_complex.py for tasks to queue
[2024-02-14T09:27:36.570+0000] {logging_mixin.py:188} INFO - [2024-02-14T09:27:36.570+0000] {dagbag.py:538} INFO - Filling up the DagBag from /home/codespace/.local/share/virtualenvs/airflow_sandbox-vp-HKq_L/lib/python3.10/site-packages/airflow/example_dags/example_complex.py
[2024-02-14T09:27:36.579+0000] {processor.py:840} INFO - DAG(s) 'example_complex' retrieved from /home/codespace/.local/share/virtualenvs/airflow_sandbox-vp-HKq_L/lib/python3.10/site-packages/airflow/example_dags/example_complex.py
[2024-02-14T09:27:36.600+0000] {logging_mixin.py:188} INFO - [2024-02-14T09:27:36.600+0000] {dag.py:3033} INFO - Sync 1 DAGs
[2024-02-14T09:27:36.610+0000] {logging_mixin.py:188} INFO - [2024-02-14T09:27:36.609+0000] {dag.py:3820} INFO - Setting next_dagrun for example_complex to None, run_after=None
[2024-02-14T09:27:36.649+0000] {processor.py:183} INFO - Processing /home/codespace/.local/share/virtualenvs/airflow_sandbox-vp-HKq_L/lib/python3.10/site-packages/airflow/example_dags/example_complex.py took 0.083 seconds
[2024-02-14T09:28:30.564+0000] {processor.py:161} INFO - Started process (PID=15590) to work on /home/codespace/.local/share/virtualenvs/airflow_sandbox-vp-HKq_L/lib/python3.10/site-packages/airflow/example_dags/example_complex.py
[2024-02-14T09:28:30.565+0000] {processor.py:830} INFO - Processing file /home/codespace/.local/share/virtualenvs/airflow_sandbox-vp-HKq_L/lib/python3.10/site-packages/airflow/example_dags/example_complex.py for tasks to queue
[2024-02-14T09:28:30.566+0000] {logging_mixin.py:188} INFO - [2024-02-14T09:28:30.566+0000] {dagbag.py:538} INFO - Filling up the DagBag from /home/codespace/.local/share/virtualenvs/airflow_sandbox-vp-HKq_L/lib/python3.10/site-packages/airflow/example_dags/example_complex.py
[2024-02-14T09:28:30.575+0000] {processor.py:840} INFO - DAG(s) 'example_complex' retrieved from /home/codespace/.local/share/virtualenvs/airflow_sandbox-vp-HKq_L/lib/python3.10/site-packages/airflow/example_dags/example_complex.py
[2024-02-14T09:28:30.597+0000] {logging_mixin.py:188} INFO - [2024-02-14T09:28:30.596+0000] {dag.py:3033} INFO - Sync 1 DAGs
[2024-02-14T09:28:30.606+0000] {logging_mixin.py:188} INFO - [2024-02-14T09:28:30.606+0000] {dag.py:3820} INFO - Setting next_dagrun for example_complex to None, run_after=None
[2024-02-14T09:28:30.647+0000] {processor.py:183} INFO - Processing /home/codespace/.local/share/virtualenvs/airflow_sandbox-vp-HKq_L/lib/python3.10/site-packages/airflow/example_dags/example_complex.py took 0.085 seconds
[2024-02-14T09:29:23.709+0000] {processor.py:161} INFO - Started process (PID=16106) to work on /home/codespace/.local/share/virtualenvs/airflow_sandbox-vp-HKq_L/lib/python3.10/site-packages/airflow/example_dags/example_complex.py
[2024-02-14T09:29:23.710+0000] {processor.py:830} INFO - Processing file /home/codespace/.local/share/virtualenvs/airflow_sandbox-vp-HKq_L/lib/python3.10/site-packages/airflow/example_dags/example_complex.py for tasks to queue
[2024-02-14T09:29:23.710+0000] {logging_mixin.py:188} INFO - [2024-02-14T09:29:23.710+0000] {dagbag.py:538} INFO - Filling up the DagBag from /home/codespace/.local/share/virtualenvs/airflow_sandbox-vp-HKq_L/lib/python3.10/site-packages/airflow/example_dags/example_complex.py
[2024-02-14T09:29:23.719+0000] {processor.py:840} INFO - DAG(s) 'example_complex' retrieved from /home/codespace/.local/share/virtualenvs/airflow_sandbox-vp-HKq_L/lib/python3.10/site-packages/airflow/example_dags/example_complex.py
[2024-02-14T09:29:23.741+0000] {logging_mixin.py:188} INFO - [2024-02-14T09:29:23.740+0000] {dag.py:3033} INFO - Sync 1 DAGs
[2024-02-14T09:29:23.750+0000] {logging_mixin.py:188} INFO - [2024-02-14T09:29:23.750+0000] {dag.py:3820} INFO - Setting next_dagrun for example_complex to None, run_after=None
[2024-02-14T09:29:23.793+0000] {processor.py:183} INFO - Processing /home/codespace/.local/share/virtualenvs/airflow_sandbox-vp-HKq_L/lib/python3.10/site-packages/airflow/example_dags/example_complex.py took 0.086 seconds
[2024-02-14T09:30:16.371+0000] {processor.py:161} INFO - Started process (PID=16477) to work on /home/codespace/.local/share/virtualenvs/airflow_sandbox-vp-HKq_L/lib/python3.10/site-packages/airflow/example_dags/example_complex.py
[2024-02-14T09:30:16.371+0000] {processor.py:830} INFO - Processing file /home/codespace/.local/share/virtualenvs/airflow_sandbox-vp-HKq_L/lib/python3.10/site-packages/airflow/example_dags/example_complex.py for tasks to queue
[2024-02-14T09:30:16.372+0000] {logging_mixin.py:188} INFO - [2024-02-14T09:30:16.372+0000] {dagbag.py:538} INFO - Filling up the DagBag from /home/codespace/.local/share/virtualenvs/airflow_sandbox-vp-HKq_L/lib/python3.10/site-packages/airflow/example_dags/example_complex.py
[2024-02-14T09:30:16.381+0000] {processor.py:840} INFO - DAG(s) 'example_complex' retrieved from /home/codespace/.local/share/virtualenvs/airflow_sandbox-vp-HKq_L/lib/python3.10/site-packages/airflow/example_dags/example_complex.py
[2024-02-14T09:30:16.402+0000] {logging_mixin.py:188} INFO - [2024-02-14T09:30:16.402+0000] {dag.py:3033} INFO - Sync 1 DAGs
[2024-02-14T09:30:16.411+0000] {logging_mixin.py:188} INFO - [2024-02-14T09:30:16.411+0000] {dag.py:3820} INFO - Setting next_dagrun for example_complex to None, run_after=None
[2024-02-14T09:30:16.454+0000] {processor.py:183} INFO - Processing /home/codespace/.local/share/virtualenvs/airflow_sandbox-vp-HKq_L/lib/python3.10/site-packages/airflow/example_dags/example_complex.py took 0.086 seconds
[2024-02-14T09:31:08.017+0000] {processor.py:161} INFO - Started process (PID=16866) to work on /home/codespace/.local/share/virtualenvs/airflow_sandbox-vp-HKq_L/lib/python3.10/site-packages/airflow/example_dags/example_complex.py
[2024-02-14T09:31:08.018+0000] {processor.py:830} INFO - Processing file /home/codespace/.local/share/virtualenvs/airflow_sandbox-vp-HKq_L/lib/python3.10/site-packages/airflow/example_dags/example_complex.py for tasks to queue
[2024-02-14T09:31:08.019+0000] {logging_mixin.py:188} INFO - [2024-02-14T09:31:08.019+0000] {dagbag.py:538} INFO - Filling up the DagBag from /home/codespace/.local/share/virtualenvs/airflow_sandbox-vp-HKq_L/lib/python3.10/site-packages/airflow/example_dags/example_complex.py
[2024-02-14T09:31:08.028+0000] {processor.py:840} INFO - DAG(s) 'example_complex' retrieved from /home/codespace/.local/share/virtualenvs/airflow_sandbox-vp-HKq_L/lib/python3.10/site-packages/airflow/example_dags/example_complex.py
[2024-02-14T09:31:08.048+0000] {logging_mixin.py:188} INFO - [2024-02-14T09:31:08.048+0000] {dag.py:3033} INFO - Sync 1 DAGs
[2024-02-14T09:31:08.057+0000] {logging_mixin.py:188} INFO - [2024-02-14T09:31:08.057+0000] {dag.py:3820} INFO - Setting next_dagrun for example_complex to None, run_after=None
[2024-02-14T09:31:08.100+0000] {processor.py:183} INFO - Processing /home/codespace/.local/share/virtualenvs/airflow_sandbox-vp-HKq_L/lib/python3.10/site-packages/airflow/example_dags/example_complex.py took 0.084 seconds
[2024-02-14T09:32:00.813+0000] {processor.py:161} INFO - Started process (PID=17229) to work on /home/codespace/.local/share/virtualenvs/airflow_sandbox-vp-HKq_L/lib/python3.10/site-packages/airflow/example_dags/example_complex.py
[2024-02-14T09:32:00.814+0000] {processor.py:830} INFO - Processing file /home/codespace/.local/share/virtualenvs/airflow_sandbox-vp-HKq_L/lib/python3.10/site-packages/airflow/example_dags/example_complex.py for tasks to queue
[2024-02-14T09:32:00.814+0000] {logging_mixin.py:188} INFO - [2024-02-14T09:32:00.814+0000] {dagbag.py:538} INFO - Filling up the DagBag from /home/codespace/.local/share/virtualenvs/airflow_sandbox-vp-HKq_L/lib/python3.10/site-packages/airflow/example_dags/example_complex.py
[2024-02-14T09:32:00.823+0000] {processor.py:840} INFO - DAG(s) 'example_complex' retrieved from /home/codespace/.local/share/virtualenvs/airflow_sandbox-vp-HKq_L/lib/python3.10/site-packages/airflow/example_dags/example_complex.py
[2024-02-14T09:32:00.844+0000] {logging_mixin.py:188} INFO - [2024-02-14T09:32:00.844+0000] {dag.py:3033} INFO - Sync 1 DAGs
[2024-02-14T09:32:00.853+0000] {logging_mixin.py:188} INFO - [2024-02-14T09:32:00.853+0000] {dag.py:3820} INFO - Setting next_dagrun for example_complex to None, run_after=None
[2024-02-14T09:32:00.895+0000] {processor.py:183} INFO - Processing /home/codespace/.local/share/virtualenvs/airflow_sandbox-vp-HKq_L/lib/python3.10/site-packages/airflow/example_dags/example_complex.py took 0.085 seconds
[2024-02-14T09:32:54.176+0000] {processor.py:161} INFO - Started process (PID=17630) to work on /home/codespace/.local/share/virtualenvs/airflow_sandbox-vp-HKq_L/lib/python3.10/site-packages/airflow/example_dags/example_complex.py
[2024-02-14T09:32:54.177+0000] {processor.py:830} INFO - Processing file /home/codespace/.local/share/virtualenvs/airflow_sandbox-vp-HKq_L/lib/python3.10/site-packages/airflow/example_dags/example_complex.py for tasks to queue
[2024-02-14T09:32:54.178+0000] {logging_mixin.py:188} INFO - [2024-02-14T09:32:54.177+0000] {dagbag.py:538} INFO - Filling up the DagBag from /home/codespace/.local/share/virtualenvs/airflow_sandbox-vp-HKq_L/lib/python3.10/site-packages/airflow/example_dags/example_complex.py
[2024-02-14T09:32:54.187+0000] {processor.py:840} INFO - DAG(s) 'example_complex' retrieved from /home/codespace/.local/share/virtualenvs/airflow_sandbox-vp-HKq_L/lib/python3.10/site-packages/airflow/example_dags/example_complex.py
[2024-02-14T09:32:54.209+0000] {logging_mixin.py:188} INFO - [2024-02-14T09:32:54.208+0000] {dag.py:3033} INFO - Sync 1 DAGs
[2024-02-14T09:32:54.219+0000] {logging_mixin.py:188} INFO - [2024-02-14T09:32:54.219+0000] {dag.py:3820} INFO - Setting next_dagrun for example_complex to None, run_after=None
[2024-02-14T09:32:54.272+0000] {processor.py:183} INFO - Processing /home/codespace/.local/share/virtualenvs/airflow_sandbox-vp-HKq_L/lib/python3.10/site-packages/airflow/example_dags/example_complex.py took 0.098 seconds
[2024-02-14T09:33:45.845+0000] {processor.py:161} INFO - Started process (PID=17986) to work on /home/codespace/.local/share/virtualenvs/airflow_sandbox-vp-HKq_L/lib/python3.10/site-packages/airflow/example_dags/example_complex.py
[2024-02-14T09:33:45.845+0000] {processor.py:830} INFO - Processing file /home/codespace/.local/share/virtualenvs/airflow_sandbox-vp-HKq_L/lib/python3.10/site-packages/airflow/example_dags/example_complex.py for tasks to queue
[2024-02-14T09:33:45.846+0000] {logging_mixin.py:188} INFO - [2024-02-14T09:33:45.846+0000] {dagbag.py:538} INFO - Filling up the DagBag from /home/codespace/.local/share/virtualenvs/airflow_sandbox-vp-HKq_L/lib/python3.10/site-packages/airflow/example_dags/example_complex.py
[2024-02-14T09:33:45.856+0000] {processor.py:840} INFO - DAG(s) 'example_complex' retrieved from /home/codespace/.local/share/virtualenvs/airflow_sandbox-vp-HKq_L/lib/python3.10/site-packages/airflow/example_dags/example_complex.py
[2024-02-14T09:33:45.878+0000] {logging_mixin.py:188} INFO - [2024-02-14T09:33:45.878+0000] {dag.py:3033} INFO - Sync 1 DAGs
[2024-02-14T09:33:45.888+0000] {logging_mixin.py:188} INFO - [2024-02-14T09:33:45.888+0000] {dag.py:3820} INFO - Setting next_dagrun for example_complex to None, run_after=None
[2024-02-14T09:33:45.931+0000] {processor.py:183} INFO - Processing /home/codespace/.local/share/virtualenvs/airflow_sandbox-vp-HKq_L/lib/python3.10/site-packages/airflow/example_dags/example_complex.py took 0.089 seconds
[2024-02-14T09:34:39.286+0000] {processor.py:161} INFO - Started process (PID=18445) to work on /home/codespace/.local/share/virtualenvs/airflow_sandbox-vp-HKq_L/lib/python3.10/site-packages/airflow/example_dags/example_complex.py
[2024-02-14T09:34:39.287+0000] {processor.py:830} INFO - Processing file /home/codespace/.local/share/virtualenvs/airflow_sandbox-vp-HKq_L/lib/python3.10/site-packages/airflow/example_dags/example_complex.py for tasks to queue
[2024-02-14T09:34:39.287+0000] {logging_mixin.py:188} INFO - [2024-02-14T09:34:39.287+0000] {dagbag.py:538} INFO - Filling up the DagBag from /home/codespace/.local/share/virtualenvs/airflow_sandbox-vp-HKq_L/lib/python3.10/site-packages/airflow/example_dags/example_complex.py
[2024-02-14T09:34:39.298+0000] {processor.py:840} INFO - DAG(s) 'example_complex' retrieved from /home/codespace/.local/share/virtualenvs/airflow_sandbox-vp-HKq_L/lib/python3.10/site-packages/airflow/example_dags/example_complex.py
[2024-02-14T09:34:39.354+0000] {logging_mixin.py:188} INFO - [2024-02-14T09:34:39.353+0000] {dag.py:3033} INFO - Sync 1 DAGs
[2024-02-14T09:34:39.364+0000] {logging_mixin.py:188} INFO - [2024-02-14T09:34:39.363+0000] {dag.py:3820} INFO - Setting next_dagrun for example_complex to None, run_after=None
[2024-02-14T09:34:39.407+0000] {processor.py:183} INFO - Processing /home/codespace/.local/share/virtualenvs/airflow_sandbox-vp-HKq_L/lib/python3.10/site-packages/airflow/example_dags/example_complex.py took 0.125 seconds
