[2024-02-14T09:08:10.142+0000] {processor.py:161} INFO - Started process (PID=4803) to work on /home/codespace/.local/share/virtualenvs/airflow_sandbox-vp-HKq_L/lib/python3.10/site-packages/airflow/example_dags/example_setup_teardown.py
[2024-02-14T09:08:10.143+0000] {processor.py:830} INFO - Processing file /home/codespace/.local/share/virtualenvs/airflow_sandbox-vp-HKq_L/lib/python3.10/site-packages/airflow/example_dags/example_setup_teardown.py for tasks to queue
[2024-02-14T09:08:10.143+0000] {logging_mixin.py:188} INFO - [2024-02-14T09:08:10.143+0000] {dagbag.py:538} INFO - Filling up the DagBag from /home/codespace/.local/share/virtualenvs/airflow_sandbox-vp-HKq_L/lib/python3.10/site-packages/airflow/example_dags/example_setup_teardown.py
[2024-02-14T09:08:10.149+0000] {processor.py:840} INFO - DAG(s) 'example_setup_teardown' retrieved from /home/codespace/.local/share/virtualenvs/airflow_sandbox-vp-HKq_L/lib/python3.10/site-packages/airflow/example_dags/example_setup_teardown.py
[2024-02-14T09:08:10.161+0000] {logging_mixin.py:188} INFO - [2024-02-14T09:08:10.161+0000] {dag.py:3033} INFO - Sync 1 DAGs
[2024-02-14T09:08:10.178+0000] {logging_mixin.py:188} INFO - [2024-02-14T09:08:10.178+0000] {dag.py:3820} INFO - Setting next_dagrun for example_setup_teardown to 2024-02-13T00:00:00+00:00, run_after=2024-02-14T00:00:00+00:00
[2024-02-14T09:08:10.220+0000] {processor.py:183} INFO - Processing /home/codespace/.local/share/virtualenvs/airflow_sandbox-vp-HKq_L/lib/python3.10/site-packages/airflow/example_dags/example_setup_teardown.py took 0.080 seconds
[2024-02-14T09:09:00.650+0000] {processor.py:161} INFO - Started process (PID=5493) to work on /home/codespace/.local/share/virtualenvs/airflow_sandbox-vp-HKq_L/lib/python3.10/site-packages/airflow/example_dags/example_setup_teardown.py
[2024-02-14T09:09:00.650+0000] {processor.py:830} INFO - Processing file /home/codespace/.local/share/virtualenvs/airflow_sandbox-vp-HKq_L/lib/python3.10/site-packages/airflow/example_dags/example_setup_teardown.py for tasks to queue
[2024-02-14T09:09:00.651+0000] {logging_mixin.py:188} INFO - [2024-02-14T09:09:00.651+0000] {dagbag.py:538} INFO - Filling up the DagBag from /home/codespace/.local/share/virtualenvs/airflow_sandbox-vp-HKq_L/lib/python3.10/site-packages/airflow/example_dags/example_setup_teardown.py
[2024-02-14T09:09:00.657+0000] {processor.py:840} INFO - DAG(s) 'example_setup_teardown' retrieved from /home/codespace/.local/share/virtualenvs/airflow_sandbox-vp-HKq_L/lib/python3.10/site-packages/airflow/example_dags/example_setup_teardown.py
[2024-02-14T09:09:00.669+0000] {logging_mixin.py:188} INFO - [2024-02-14T09:09:00.669+0000] {dag.py:3033} INFO - Sync 1 DAGs
[2024-02-14T09:09:00.686+0000] {logging_mixin.py:188} INFO - [2024-02-14T09:09:00.685+0000] {dag.py:3820} INFO - Setting next_dagrun for example_setup_teardown to 2024-02-13T00:00:00+00:00, run_after=2024-02-14T00:00:00+00:00
[2024-02-14T09:09:00.728+0000] {processor.py:183} INFO - Processing /home/codespace/.local/share/virtualenvs/airflow_sandbox-vp-HKq_L/lib/python3.10/site-packages/airflow/example_dags/example_setup_teardown.py took 0.082 seconds
[2024-02-14T09:10:06.095+0000] {processor.py:161} INFO - Started process (PID=6464) to work on /home/codespace/.local/share/virtualenvs/airflow_sandbox-vp-HKq_L/lib/python3.10/site-packages/airflow/example_dags/example_setup_teardown.py
[2024-02-14T09:10:06.096+0000] {processor.py:830} INFO - Processing file /home/codespace/.local/share/virtualenvs/airflow_sandbox-vp-HKq_L/lib/python3.10/site-packages/airflow/example_dags/example_setup_teardown.py for tasks to queue
[2024-02-14T09:10:06.097+0000] {logging_mixin.py:188} INFO - [2024-02-14T09:10:06.097+0000] {dagbag.py:538} INFO - Filling up the DagBag from /home/codespace/.local/share/virtualenvs/airflow_sandbox-vp-HKq_L/lib/python3.10/site-packages/airflow/example_dags/example_setup_teardown.py
[2024-02-14T09:10:06.105+0000] {processor.py:840} INFO - DAG(s) 'example_setup_teardown' retrieved from /home/codespace/.local/share/virtualenvs/airflow_sandbox-vp-HKq_L/lib/python3.10/site-packages/airflow/example_dags/example_setup_teardown.py
[2024-02-14T09:10:06.119+0000] {logging_mixin.py:188} INFO - [2024-02-14T09:10:06.118+0000] {dag.py:3033} INFO - Sync 1 DAGs
[2024-02-14T09:10:06.138+0000] {logging_mixin.py:188} INFO - [2024-02-14T09:10:06.138+0000] {dag.py:3820} INFO - Setting next_dagrun for example_setup_teardown to 2024-02-13T00:00:00+00:00, run_after=2024-02-14T00:00:00+00:00
[2024-02-14T09:10:06.180+0000] {processor.py:183} INFO - Processing /home/codespace/.local/share/virtualenvs/airflow_sandbox-vp-HKq_L/lib/python3.10/site-packages/airflow/example_dags/example_setup_teardown.py took 0.089 seconds
[2024-02-14T09:11:02.008+0000] {processor.py:161} INFO - Started process (PID=7089) to work on /home/codespace/.local/share/virtualenvs/airflow_sandbox-vp-HKq_L/lib/python3.10/site-packages/airflow/example_dags/example_setup_teardown.py
[2024-02-14T09:11:02.009+0000] {processor.py:830} INFO - Processing file /home/codespace/.local/share/virtualenvs/airflow_sandbox-vp-HKq_L/lib/python3.10/site-packages/airflow/example_dags/example_setup_teardown.py for tasks to queue
[2024-02-14T09:11:02.010+0000] {logging_mixin.py:188} INFO - [2024-02-14T09:11:02.009+0000] {dagbag.py:538} INFO - Filling up the DagBag from /home/codespace/.local/share/virtualenvs/airflow_sandbox-vp-HKq_L/lib/python3.10/site-packages/airflow/example_dags/example_setup_teardown.py
[2024-02-14T09:11:02.015+0000] {processor.py:840} INFO - DAG(s) 'example_setup_teardown' retrieved from /home/codespace/.local/share/virtualenvs/airflow_sandbox-vp-HKq_L/lib/python3.10/site-packages/airflow/example_dags/example_setup_teardown.py
[2024-02-14T09:11:02.027+0000] {logging_mixin.py:188} INFO - [2024-02-14T09:11:02.026+0000] {dag.py:3033} INFO - Sync 1 DAGs
[2024-02-14T09:11:02.043+0000] {logging_mixin.py:188} INFO - [2024-02-14T09:11:02.042+0000] {dag.py:3820} INFO - Setting next_dagrun for example_setup_teardown to 2024-02-13T00:00:00+00:00, run_after=2024-02-14T00:00:00+00:00
[2024-02-14T09:11:02.084+0000] {processor.py:183} INFO - Processing /home/codespace/.local/share/virtualenvs/airflow_sandbox-vp-HKq_L/lib/python3.10/site-packages/airflow/example_dags/example_setup_teardown.py took 0.077 seconds
[2024-02-14T09:11:59.286+0000] {processor.py:161} INFO - Started process (PID=7888) to work on /home/codespace/.local/share/virtualenvs/airflow_sandbox-vp-HKq_L/lib/python3.10/site-packages/airflow/example_dags/example_setup_teardown.py
[2024-02-14T09:11:59.287+0000] {processor.py:830} INFO - Processing file /home/codespace/.local/share/virtualenvs/airflow_sandbox-vp-HKq_L/lib/python3.10/site-packages/airflow/example_dags/example_setup_teardown.py for tasks to queue
[2024-02-14T09:11:59.288+0000] {logging_mixin.py:188} INFO - [2024-02-14T09:11:59.287+0000] {dagbag.py:538} INFO - Filling up the DagBag from /home/codespace/.local/share/virtualenvs/airflow_sandbox-vp-HKq_L/lib/python3.10/site-packages/airflow/example_dags/example_setup_teardown.py
[2024-02-14T09:11:59.293+0000] {processor.py:840} INFO - DAG(s) 'example_setup_teardown' retrieved from /home/codespace/.local/share/virtualenvs/airflow_sandbox-vp-HKq_L/lib/python3.10/site-packages/airflow/example_dags/example_setup_teardown.py
[2024-02-14T09:11:59.306+0000] {logging_mixin.py:188} INFO - [2024-02-14T09:11:59.306+0000] {dag.py:3033} INFO - Sync 1 DAGs
[2024-02-14T09:11:59.323+0000] {logging_mixin.py:188} INFO - [2024-02-14T09:11:59.323+0000] {dag.py:3820} INFO - Setting next_dagrun for example_setup_teardown to 2024-02-13T00:00:00+00:00, run_after=2024-02-14T00:00:00+00:00
[2024-02-14T09:11:59.367+0000] {processor.py:183} INFO - Processing /home/codespace/.local/share/virtualenvs/airflow_sandbox-vp-HKq_L/lib/python3.10/site-packages/airflow/example_dags/example_setup_teardown.py took 0.084 seconds
[2024-02-14T09:12:53.357+0000] {processor.py:161} INFO - Started process (PID=8356) to work on /home/codespace/.local/share/virtualenvs/airflow_sandbox-vp-HKq_L/lib/python3.10/site-packages/airflow/example_dags/example_setup_teardown.py
[2024-02-14T09:12:53.358+0000] {processor.py:830} INFO - Processing file /home/codespace/.local/share/virtualenvs/airflow_sandbox-vp-HKq_L/lib/python3.10/site-packages/airflow/example_dags/example_setup_teardown.py for tasks to queue
[2024-02-14T09:12:53.359+0000] {logging_mixin.py:188} INFO - [2024-02-14T09:12:53.358+0000] {dagbag.py:538} INFO - Filling up the DagBag from /home/codespace/.local/share/virtualenvs/airflow_sandbox-vp-HKq_L/lib/python3.10/site-packages/airflow/example_dags/example_setup_teardown.py
[2024-02-14T09:12:53.365+0000] {processor.py:840} INFO - DAG(s) 'example_setup_teardown' retrieved from /home/codespace/.local/share/virtualenvs/airflow_sandbox-vp-HKq_L/lib/python3.10/site-packages/airflow/example_dags/example_setup_teardown.py
[2024-02-14T09:12:53.377+0000] {logging_mixin.py:188} INFO - [2024-02-14T09:12:53.377+0000] {dag.py:3033} INFO - Sync 1 DAGs
[2024-02-14T09:12:53.394+0000] {logging_mixin.py:188} INFO - [2024-02-14T09:12:53.393+0000] {dag.py:3820} INFO - Setting next_dagrun for example_setup_teardown to 2024-02-13T00:00:00+00:00, run_after=2024-02-14T00:00:00+00:00
[2024-02-14T09:12:53.435+0000] {processor.py:183} INFO - Processing /home/codespace/.local/share/virtualenvs/airflow_sandbox-vp-HKq_L/lib/python3.10/site-packages/airflow/example_dags/example_setup_teardown.py took 0.080 seconds
[2024-02-14T09:13:47.442+0000] {processor.py:161} INFO - Started process (PID=8759) to work on /home/codespace/.local/share/virtualenvs/airflow_sandbox-vp-HKq_L/lib/python3.10/site-packages/airflow/example_dags/example_setup_teardown.py
[2024-02-14T09:13:47.442+0000] {processor.py:830} INFO - Processing file /home/codespace/.local/share/virtualenvs/airflow_sandbox-vp-HKq_L/lib/python3.10/site-packages/airflow/example_dags/example_setup_teardown.py for tasks to queue
[2024-02-14T09:13:47.443+0000] {logging_mixin.py:188} INFO - [2024-02-14T09:13:47.443+0000] {dagbag.py:538} INFO - Filling up the DagBag from /home/codespace/.local/share/virtualenvs/airflow_sandbox-vp-HKq_L/lib/python3.10/site-packages/airflow/example_dags/example_setup_teardown.py
[2024-02-14T09:13:47.449+0000] {processor.py:840} INFO - DAG(s) 'example_setup_teardown' retrieved from /home/codespace/.local/share/virtualenvs/airflow_sandbox-vp-HKq_L/lib/python3.10/site-packages/airflow/example_dags/example_setup_teardown.py
[2024-02-14T09:13:47.464+0000] {logging_mixin.py:188} INFO - [2024-02-14T09:13:47.464+0000] {dag.py:3033} INFO - Sync 1 DAGs
[2024-02-14T09:13:47.489+0000] {logging_mixin.py:188} INFO - [2024-02-14T09:13:47.489+0000] {dag.py:3820} INFO - Setting next_dagrun for example_setup_teardown to 2024-02-13T00:00:00+00:00, run_after=2024-02-14T00:00:00+00:00
[2024-02-14T09:13:47.538+0000] {processor.py:183} INFO - Processing /home/codespace/.local/share/virtualenvs/airflow_sandbox-vp-HKq_L/lib/python3.10/site-packages/airflow/example_dags/example_setup_teardown.py took 0.098 seconds
[2024-02-14T09:14:40.672+0000] {processor.py:161} INFO - Started process (PID=9183) to work on /home/codespace/.local/share/virtualenvs/airflow_sandbox-vp-HKq_L/lib/python3.10/site-packages/airflow/example_dags/example_setup_teardown.py
[2024-02-14T09:14:40.673+0000] {processor.py:830} INFO - Processing file /home/codespace/.local/share/virtualenvs/airflow_sandbox-vp-HKq_L/lib/python3.10/site-packages/airflow/example_dags/example_setup_teardown.py for tasks to queue
[2024-02-14T09:14:40.673+0000] {logging_mixin.py:188} INFO - [2024-02-14T09:14:40.673+0000] {dagbag.py:538} INFO - Filling up the DagBag from /home/codespace/.local/share/virtualenvs/airflow_sandbox-vp-HKq_L/lib/python3.10/site-packages/airflow/example_dags/example_setup_teardown.py
[2024-02-14T09:14:40.679+0000] {processor.py:840} INFO - DAG(s) 'example_setup_teardown' retrieved from /home/codespace/.local/share/virtualenvs/airflow_sandbox-vp-HKq_L/lib/python3.10/site-packages/airflow/example_dags/example_setup_teardown.py
[2024-02-14T09:14:40.692+0000] {logging_mixin.py:188} INFO - [2024-02-14T09:14:40.692+0000] {dag.py:3033} INFO - Sync 1 DAGs
[2024-02-14T09:14:40.707+0000] {logging_mixin.py:188} INFO - [2024-02-14T09:14:40.707+0000] {dag.py:3820} INFO - Setting next_dagrun for example_setup_teardown to 2024-02-13T00:00:00+00:00, run_after=2024-02-14T00:00:00+00:00
[2024-02-14T09:14:40.750+0000] {processor.py:183} INFO - Processing /home/codespace/.local/share/virtualenvs/airflow_sandbox-vp-HKq_L/lib/python3.10/site-packages/airflow/example_dags/example_setup_teardown.py took 0.080 seconds
[2024-02-14T09:15:32.329+0000] {processor.py:161} INFO - Started process (PID=9541) to work on /home/codespace/.local/share/virtualenvs/airflow_sandbox-vp-HKq_L/lib/python3.10/site-packages/airflow/example_dags/example_setup_teardown.py
[2024-02-14T09:15:32.330+0000] {processor.py:830} INFO - Processing file /home/codespace/.local/share/virtualenvs/airflow_sandbox-vp-HKq_L/lib/python3.10/site-packages/airflow/example_dags/example_setup_teardown.py for tasks to queue
[2024-02-14T09:15:32.331+0000] {logging_mixin.py:188} INFO - [2024-02-14T09:15:32.331+0000] {dagbag.py:538} INFO - Filling up the DagBag from /home/codespace/.local/share/virtualenvs/airflow_sandbox-vp-HKq_L/lib/python3.10/site-packages/airflow/example_dags/example_setup_teardown.py
[2024-02-14T09:15:32.337+0000] {processor.py:840} INFO - DAG(s) 'example_setup_teardown' retrieved from /home/codespace/.local/share/virtualenvs/airflow_sandbox-vp-HKq_L/lib/python3.10/site-packages/airflow/example_dags/example_setup_teardown.py
[2024-02-14T09:15:32.349+0000] {logging_mixin.py:188} INFO - [2024-02-14T09:15:32.349+0000] {dag.py:3033} INFO - Sync 1 DAGs
[2024-02-14T09:15:32.364+0000] {logging_mixin.py:188} INFO - [2024-02-14T09:15:32.364+0000] {dag.py:3820} INFO - Setting next_dagrun for example_setup_teardown to 2024-02-13T00:00:00+00:00, run_after=2024-02-14T00:00:00+00:00
[2024-02-14T09:15:32.404+0000] {processor.py:183} INFO - Processing /home/codespace/.local/share/virtualenvs/airflow_sandbox-vp-HKq_L/lib/python3.10/site-packages/airflow/example_dags/example_setup_teardown.py took 0.078 seconds
[2024-02-14T09:16:24.157+0000] {processor.py:161} INFO - Started process (PID=9904) to work on /home/codespace/.local/share/virtualenvs/airflow_sandbox-vp-HKq_L/lib/python3.10/site-packages/airflow/example_dags/example_setup_teardown.py
[2024-02-14T09:16:24.158+0000] {processor.py:830} INFO - Processing file /home/codespace/.local/share/virtualenvs/airflow_sandbox-vp-HKq_L/lib/python3.10/site-packages/airflow/example_dags/example_setup_teardown.py for tasks to queue
[2024-02-14T09:16:24.159+0000] {logging_mixin.py:188} INFO - [2024-02-14T09:16:24.158+0000] {dagbag.py:538} INFO - Filling up the DagBag from /home/codespace/.local/share/virtualenvs/airflow_sandbox-vp-HKq_L/lib/python3.10/site-packages/airflow/example_dags/example_setup_teardown.py
[2024-02-14T09:16:24.165+0000] {processor.py:840} INFO - DAG(s) 'example_setup_teardown' retrieved from /home/codespace/.local/share/virtualenvs/airflow_sandbox-vp-HKq_L/lib/python3.10/site-packages/airflow/example_dags/example_setup_teardown.py
[2024-02-14T09:16:24.177+0000] {logging_mixin.py:188} INFO - [2024-02-14T09:16:24.177+0000] {dag.py:3033} INFO - Sync 1 DAGs
[2024-02-14T09:16:24.193+0000] {logging_mixin.py:188} INFO - [2024-02-14T09:16:24.193+0000] {dag.py:3820} INFO - Setting next_dagrun for example_setup_teardown to 2024-02-13T00:00:00+00:00, run_after=2024-02-14T00:00:00+00:00
[2024-02-14T09:16:24.233+0000] {processor.py:183} INFO - Processing /home/codespace/.local/share/virtualenvs/airflow_sandbox-vp-HKq_L/lib/python3.10/site-packages/airflow/example_dags/example_setup_teardown.py took 0.078 seconds
[2024-02-14T09:17:19.327+0000] {processor.py:161} INFO - Started process (PID=10294) to work on /home/codespace/.local/share/virtualenvs/airflow_sandbox-vp-HKq_L/lib/python3.10/site-packages/airflow/example_dags/example_setup_teardown.py
[2024-02-14T09:17:19.328+0000] {processor.py:830} INFO - Processing file /home/codespace/.local/share/virtualenvs/airflow_sandbox-vp-HKq_L/lib/python3.10/site-packages/airflow/example_dags/example_setup_teardown.py for tasks to queue
[2024-02-14T09:17:19.330+0000] {logging_mixin.py:188} INFO - [2024-02-14T09:17:19.329+0000] {dagbag.py:538} INFO - Filling up the DagBag from /home/codespace/.local/share/virtualenvs/airflow_sandbox-vp-HKq_L/lib/python3.10/site-packages/airflow/example_dags/example_setup_teardown.py
[2024-02-14T09:17:19.335+0000] {processor.py:840} INFO - DAG(s) 'example_setup_teardown' retrieved from /home/codespace/.local/share/virtualenvs/airflow_sandbox-vp-HKq_L/lib/python3.10/site-packages/airflow/example_dags/example_setup_teardown.py
[2024-02-14T09:17:19.347+0000] {logging_mixin.py:188} INFO - [2024-02-14T09:17:19.347+0000] {dag.py:3033} INFO - Sync 1 DAGs
[2024-02-14T09:17:19.362+0000] {logging_mixin.py:188} INFO - [2024-02-14T09:17:19.362+0000] {dag.py:3820} INFO - Setting next_dagrun for example_setup_teardown to 2024-02-13T00:00:00+00:00, run_after=2024-02-14T00:00:00+00:00
[2024-02-14T09:17:19.403+0000] {processor.py:183} INFO - Processing /home/codespace/.local/share/virtualenvs/airflow_sandbox-vp-HKq_L/lib/python3.10/site-packages/airflow/example_dags/example_setup_teardown.py took 0.079 seconds
[2024-02-14T09:18:08.838+0000] {processor.py:161} INFO - Started process (PID=10682) to work on /home/codespace/.local/share/virtualenvs/airflow_sandbox-vp-HKq_L/lib/python3.10/site-packages/airflow/example_dags/example_setup_teardown.py
[2024-02-14T09:18:08.839+0000] {processor.py:830} INFO - Processing file /home/codespace/.local/share/virtualenvs/airflow_sandbox-vp-HKq_L/lib/python3.10/site-packages/airflow/example_dags/example_setup_teardown.py for tasks to queue
[2024-02-14T09:18:08.840+0000] {logging_mixin.py:188} INFO - [2024-02-14T09:18:08.839+0000] {dagbag.py:538} INFO - Filling up the DagBag from /home/codespace/.local/share/virtualenvs/airflow_sandbox-vp-HKq_L/lib/python3.10/site-packages/airflow/example_dags/example_setup_teardown.py
[2024-02-14T09:18:08.845+0000] {processor.py:840} INFO - DAG(s) 'example_setup_teardown' retrieved from /home/codespace/.local/share/virtualenvs/airflow_sandbox-vp-HKq_L/lib/python3.10/site-packages/airflow/example_dags/example_setup_teardown.py
[2024-02-14T09:18:08.859+0000] {logging_mixin.py:188} INFO - [2024-02-14T09:18:08.858+0000] {dag.py:3033} INFO - Sync 1 DAGs
[2024-02-14T09:18:08.876+0000] {logging_mixin.py:188} INFO - [2024-02-14T09:18:08.875+0000] {dag.py:3820} INFO - Setting next_dagrun for example_setup_teardown to 2024-02-13T00:00:00+00:00, run_after=2024-02-14T00:00:00+00:00
[2024-02-14T09:18:08.917+0000] {processor.py:183} INFO - Processing /home/codespace/.local/share/virtualenvs/airflow_sandbox-vp-HKq_L/lib/python3.10/site-packages/airflow/example_dags/example_setup_teardown.py took 0.083 seconds
[2024-02-14T09:19:01.950+0000] {processor.py:161} INFO - Started process (PID=11060) to work on /home/codespace/.local/share/virtualenvs/airflow_sandbox-vp-HKq_L/lib/python3.10/site-packages/airflow/example_dags/example_setup_teardown.py
[2024-02-14T09:19:01.951+0000] {processor.py:830} INFO - Processing file /home/codespace/.local/share/virtualenvs/airflow_sandbox-vp-HKq_L/lib/python3.10/site-packages/airflow/example_dags/example_setup_teardown.py for tasks to queue
[2024-02-14T09:19:01.951+0000] {logging_mixin.py:188} INFO - [2024-02-14T09:19:01.951+0000] {dagbag.py:538} INFO - Filling up the DagBag from /home/codespace/.local/share/virtualenvs/airflow_sandbox-vp-HKq_L/lib/python3.10/site-packages/airflow/example_dags/example_setup_teardown.py
[2024-02-14T09:19:01.957+0000] {processor.py:840} INFO - DAG(s) 'example_setup_teardown' retrieved from /home/codespace/.local/share/virtualenvs/airflow_sandbox-vp-HKq_L/lib/python3.10/site-packages/airflow/example_dags/example_setup_teardown.py
[2024-02-14T09:19:01.968+0000] {logging_mixin.py:188} INFO - [2024-02-14T09:19:01.968+0000] {dag.py:3033} INFO - Sync 1 DAGs
[2024-02-14T09:19:01.984+0000] {logging_mixin.py:188} INFO - [2024-02-14T09:19:01.983+0000] {dag.py:3820} INFO - Setting next_dagrun for example_setup_teardown to 2024-02-13T00:00:00+00:00, run_after=2024-02-14T00:00:00+00:00
[2024-02-14T09:19:02.025+0000] {processor.py:183} INFO - Processing /home/codespace/.local/share/virtualenvs/airflow_sandbox-vp-HKq_L/lib/python3.10/site-packages/airflow/example_dags/example_setup_teardown.py took 0.077 seconds
[2024-02-14T09:19:57.713+0000] {processor.py:161} INFO - Started process (PID=11473) to work on /home/codespace/.local/share/virtualenvs/airflow_sandbox-vp-HKq_L/lib/python3.10/site-packages/airflow/example_dags/example_setup_teardown.py
[2024-02-14T09:19:57.714+0000] {processor.py:830} INFO - Processing file /home/codespace/.local/share/virtualenvs/airflow_sandbox-vp-HKq_L/lib/python3.10/site-packages/airflow/example_dags/example_setup_teardown.py for tasks to queue
[2024-02-14T09:19:57.715+0000] {logging_mixin.py:188} INFO - [2024-02-14T09:19:57.715+0000] {dagbag.py:538} INFO - Filling up the DagBag from /home/codespace/.local/share/virtualenvs/airflow_sandbox-vp-HKq_L/lib/python3.10/site-packages/airflow/example_dags/example_setup_teardown.py
[2024-02-14T09:19:57.722+0000] {processor.py:840} INFO - DAG(s) 'example_setup_teardown' retrieved from /home/codespace/.local/share/virtualenvs/airflow_sandbox-vp-HKq_L/lib/python3.10/site-packages/airflow/example_dags/example_setup_teardown.py
[2024-02-14T09:19:57.734+0000] {logging_mixin.py:188} INFO - [2024-02-14T09:19:57.734+0000] {dag.py:3033} INFO - Sync 1 DAGs
[2024-02-14T09:19:57.750+0000] {logging_mixin.py:188} INFO - [2024-02-14T09:19:57.749+0000] {dag.py:3820} INFO - Setting next_dagrun for example_setup_teardown to 2024-02-13T00:00:00+00:00, run_after=2024-02-14T00:00:00+00:00
[2024-02-14T09:19:57.792+0000] {processor.py:183} INFO - Processing /home/codespace/.local/share/virtualenvs/airflow_sandbox-vp-HKq_L/lib/python3.10/site-packages/airflow/example_dags/example_setup_teardown.py took 0.080 seconds
[2024-02-14T09:20:49.673+0000] {processor.py:161} INFO - Started process (PID=12330) to work on /home/codespace/.local/share/virtualenvs/airflow_sandbox-vp-HKq_L/lib/python3.10/site-packages/airflow/example_dags/example_setup_teardown.py
[2024-02-14T09:20:49.674+0000] {processor.py:830} INFO - Processing file /home/codespace/.local/share/virtualenvs/airflow_sandbox-vp-HKq_L/lib/python3.10/site-packages/airflow/example_dags/example_setup_teardown.py for tasks to queue
[2024-02-14T09:20:49.675+0000] {logging_mixin.py:188} INFO - [2024-02-14T09:20:49.674+0000] {dagbag.py:538} INFO - Filling up the DagBag from /home/codespace/.local/share/virtualenvs/airflow_sandbox-vp-HKq_L/lib/python3.10/site-packages/airflow/example_dags/example_setup_teardown.py
[2024-02-14T09:20:49.680+0000] {processor.py:840} INFO - DAG(s) 'example_setup_teardown' retrieved from /home/codespace/.local/share/virtualenvs/airflow_sandbox-vp-HKq_L/lib/python3.10/site-packages/airflow/example_dags/example_setup_teardown.py
[2024-02-14T09:20:49.694+0000] {logging_mixin.py:188} INFO - [2024-02-14T09:20:49.693+0000] {dag.py:3033} INFO - Sync 1 DAGs
[2024-02-14T09:20:49.711+0000] {logging_mixin.py:188} INFO - [2024-02-14T09:20:49.710+0000] {dag.py:3820} INFO - Setting next_dagrun for example_setup_teardown to 2024-02-13T00:00:00+00:00, run_after=2024-02-14T00:00:00+00:00
[2024-02-14T09:20:49.765+0000] {processor.py:183} INFO - Processing /home/codespace/.local/share/virtualenvs/airflow_sandbox-vp-HKq_L/lib/python3.10/site-packages/airflow/example_dags/example_setup_teardown.py took 0.094 seconds
[2024-02-14T09:21:41.635+0000] {processor.py:161} INFO - Started process (PID=12691) to work on /home/codespace/.local/share/virtualenvs/airflow_sandbox-vp-HKq_L/lib/python3.10/site-packages/airflow/example_dags/example_setup_teardown.py
[2024-02-14T09:21:41.636+0000] {processor.py:830} INFO - Processing file /home/codespace/.local/share/virtualenvs/airflow_sandbox-vp-HKq_L/lib/python3.10/site-packages/airflow/example_dags/example_setup_teardown.py for tasks to queue
[2024-02-14T09:21:41.637+0000] {logging_mixin.py:188} INFO - [2024-02-14T09:21:41.637+0000] {dagbag.py:538} INFO - Filling up the DagBag from /home/codespace/.local/share/virtualenvs/airflow_sandbox-vp-HKq_L/lib/python3.10/site-packages/airflow/example_dags/example_setup_teardown.py
[2024-02-14T09:21:41.642+0000] {processor.py:840} INFO - DAG(s) 'example_setup_teardown' retrieved from /home/codespace/.local/share/virtualenvs/airflow_sandbox-vp-HKq_L/lib/python3.10/site-packages/airflow/example_dags/example_setup_teardown.py
[2024-02-14T09:21:41.653+0000] {logging_mixin.py:188} INFO - [2024-02-14T09:21:41.653+0000] {dag.py:3033} INFO - Sync 1 DAGs
[2024-02-14T09:21:41.668+0000] {logging_mixin.py:188} INFO - [2024-02-14T09:21:41.668+0000] {dag.py:3820} INFO - Setting next_dagrun for example_setup_teardown to 2024-02-13T00:00:00+00:00, run_after=2024-02-14T00:00:00+00:00
[2024-02-14T09:21:41.711+0000] {processor.py:183} INFO - Processing /home/codespace/.local/share/virtualenvs/airflow_sandbox-vp-HKq_L/lib/python3.10/site-packages/airflow/example_dags/example_setup_teardown.py took 0.078 seconds
[2024-02-14T09:22:38.832+0000] {processor.py:161} INFO - Started process (PID=13136) to work on /home/codespace/.local/share/virtualenvs/airflow_sandbox-vp-HKq_L/lib/python3.10/site-packages/airflow/example_dags/example_setup_teardown.py
[2024-02-14T09:22:38.832+0000] {processor.py:830} INFO - Processing file /home/codespace/.local/share/virtualenvs/airflow_sandbox-vp-HKq_L/lib/python3.10/site-packages/airflow/example_dags/example_setup_teardown.py for tasks to queue
[2024-02-14T09:22:38.833+0000] {logging_mixin.py:188} INFO - [2024-02-14T09:22:38.833+0000] {dagbag.py:538} INFO - Filling up the DagBag from /home/codespace/.local/share/virtualenvs/airflow_sandbox-vp-HKq_L/lib/python3.10/site-packages/airflow/example_dags/example_setup_teardown.py
[2024-02-14T09:22:38.839+0000] {processor.py:840} INFO - DAG(s) 'example_setup_teardown' retrieved from /home/codespace/.local/share/virtualenvs/airflow_sandbox-vp-HKq_L/lib/python3.10/site-packages/airflow/example_dags/example_setup_teardown.py
[2024-02-14T09:22:38.850+0000] {logging_mixin.py:188} INFO - [2024-02-14T09:22:38.850+0000] {dag.py:3033} INFO - Sync 1 DAGs
[2024-02-14T09:22:38.866+0000] {logging_mixin.py:188} INFO - [2024-02-14T09:22:38.866+0000] {dag.py:3820} INFO - Setting next_dagrun for example_setup_teardown to 2024-02-13T00:00:00+00:00, run_after=2024-02-14T00:00:00+00:00
[2024-02-14T09:22:38.912+0000] {processor.py:183} INFO - Processing /home/codespace/.local/share/virtualenvs/airflow_sandbox-vp-HKq_L/lib/python3.10/site-packages/airflow/example_dags/example_setup_teardown.py took 0.083 seconds
[2024-02-14T09:23:36.130+0000] {processor.py:161} INFO - Started process (PID=13521) to work on /home/codespace/.local/share/virtualenvs/airflow_sandbox-vp-HKq_L/lib/python3.10/site-packages/airflow/example_dags/example_setup_teardown.py
[2024-02-14T09:23:36.130+0000] {processor.py:830} INFO - Processing file /home/codespace/.local/share/virtualenvs/airflow_sandbox-vp-HKq_L/lib/python3.10/site-packages/airflow/example_dags/example_setup_teardown.py for tasks to queue
[2024-02-14T09:23:36.131+0000] {logging_mixin.py:188} INFO - [2024-02-14T09:23:36.131+0000] {dagbag.py:538} INFO - Filling up the DagBag from /home/codespace/.local/share/virtualenvs/airflow_sandbox-vp-HKq_L/lib/python3.10/site-packages/airflow/example_dags/example_setup_teardown.py
[2024-02-14T09:23:36.136+0000] {processor.py:840} INFO - DAG(s) 'example_setup_teardown' retrieved from /home/codespace/.local/share/virtualenvs/airflow_sandbox-vp-HKq_L/lib/python3.10/site-packages/airflow/example_dags/example_setup_teardown.py
[2024-02-14T09:23:36.148+0000] {logging_mixin.py:188} INFO - [2024-02-14T09:23:36.147+0000] {dag.py:3033} INFO - Sync 1 DAGs
[2024-02-14T09:23:36.162+0000] {logging_mixin.py:188} INFO - [2024-02-14T09:23:36.162+0000] {dag.py:3820} INFO - Setting next_dagrun for example_setup_teardown to 2024-02-13T00:00:00+00:00, run_after=2024-02-14T00:00:00+00:00
[2024-02-14T09:23:36.204+0000] {processor.py:183} INFO - Processing /home/codespace/.local/share/virtualenvs/airflow_sandbox-vp-HKq_L/lib/python3.10/site-packages/airflow/example_dags/example_setup_teardown.py took 0.077 seconds
[2024-02-14T09:24:36.698+0000] {processor.py:161} INFO - Started process (PID=13938) to work on /home/codespace/.local/share/virtualenvs/airflow_sandbox-vp-HKq_L/lib/python3.10/site-packages/airflow/example_dags/example_setup_teardown.py
[2024-02-14T09:24:36.699+0000] {processor.py:830} INFO - Processing file /home/codespace/.local/share/virtualenvs/airflow_sandbox-vp-HKq_L/lib/python3.10/site-packages/airflow/example_dags/example_setup_teardown.py for tasks to queue
[2024-02-14T09:24:36.700+0000] {logging_mixin.py:188} INFO - [2024-02-14T09:24:36.699+0000] {dagbag.py:538} INFO - Filling up the DagBag from /home/codespace/.local/share/virtualenvs/airflow_sandbox-vp-HKq_L/lib/python3.10/site-packages/airflow/example_dags/example_setup_teardown.py
[2024-02-14T09:24:36.705+0000] {processor.py:840} INFO - DAG(s) 'example_setup_teardown' retrieved from /home/codespace/.local/share/virtualenvs/airflow_sandbox-vp-HKq_L/lib/python3.10/site-packages/airflow/example_dags/example_setup_teardown.py
[2024-02-14T09:24:36.717+0000] {logging_mixin.py:188} INFO - [2024-02-14T09:24:36.717+0000] {dag.py:3033} INFO - Sync 1 DAGs
[2024-02-14T09:24:36.732+0000] {logging_mixin.py:188} INFO - [2024-02-14T09:24:36.732+0000] {dag.py:3820} INFO - Setting next_dagrun for example_setup_teardown to 2024-02-13T00:00:00+00:00, run_after=2024-02-14T00:00:00+00:00
[2024-02-14T09:24:36.778+0000] {processor.py:183} INFO - Processing /home/codespace/.local/share/virtualenvs/airflow_sandbox-vp-HKq_L/lib/python3.10/site-packages/airflow/example_dags/example_setup_teardown.py took 0.082 seconds
[2024-02-14T09:25:28.966+0000] {processor.py:161} INFO - Started process (PID=14301) to work on /home/codespace/.local/share/virtualenvs/airflow_sandbox-vp-HKq_L/lib/python3.10/site-packages/airflow/example_dags/example_setup_teardown.py
[2024-02-14T09:25:28.967+0000] {processor.py:830} INFO - Processing file /home/codespace/.local/share/virtualenvs/airflow_sandbox-vp-HKq_L/lib/python3.10/site-packages/airflow/example_dags/example_setup_teardown.py for tasks to queue
[2024-02-14T09:25:28.967+0000] {logging_mixin.py:188} INFO - [2024-02-14T09:25:28.967+0000] {dagbag.py:538} INFO - Filling up the DagBag from /home/codespace/.local/share/virtualenvs/airflow_sandbox-vp-HKq_L/lib/python3.10/site-packages/airflow/example_dags/example_setup_teardown.py
[2024-02-14T09:25:28.973+0000] {processor.py:840} INFO - DAG(s) 'example_setup_teardown' retrieved from /home/codespace/.local/share/virtualenvs/airflow_sandbox-vp-HKq_L/lib/python3.10/site-packages/airflow/example_dags/example_setup_teardown.py
[2024-02-14T09:25:28.985+0000] {logging_mixin.py:188} INFO - [2024-02-14T09:25:28.985+0000] {dag.py:3033} INFO - Sync 1 DAGs
[2024-02-14T09:25:29.001+0000] {logging_mixin.py:188} INFO - [2024-02-14T09:25:29.001+0000] {dag.py:3820} INFO - Setting next_dagrun for example_setup_teardown to 2024-02-13T00:00:00+00:00, run_after=2024-02-14T00:00:00+00:00
[2024-02-14T09:25:29.043+0000] {processor.py:183} INFO - Processing /home/codespace/.local/share/virtualenvs/airflow_sandbox-vp-HKq_L/lib/python3.10/site-packages/airflow/example_dags/example_setup_teardown.py took 0.080 seconds
[2024-02-14T09:26:20.722+0000] {processor.py:161} INFO - Started process (PID=14648) to work on /home/codespace/.local/share/virtualenvs/airflow_sandbox-vp-HKq_L/lib/python3.10/site-packages/airflow/example_dags/example_setup_teardown.py
[2024-02-14T09:26:20.722+0000] {processor.py:830} INFO - Processing file /home/codespace/.local/share/virtualenvs/airflow_sandbox-vp-HKq_L/lib/python3.10/site-packages/airflow/example_dags/example_setup_teardown.py for tasks to queue
[2024-02-14T09:26:20.723+0000] {logging_mixin.py:188} INFO - [2024-02-14T09:26:20.723+0000] {dagbag.py:538} INFO - Filling up the DagBag from /home/codespace/.local/share/virtualenvs/airflow_sandbox-vp-HKq_L/lib/python3.10/site-packages/airflow/example_dags/example_setup_teardown.py
[2024-02-14T09:26:20.729+0000] {processor.py:840} INFO - DAG(s) 'example_setup_teardown' retrieved from /home/codespace/.local/share/virtualenvs/airflow_sandbox-vp-HKq_L/lib/python3.10/site-packages/airflow/example_dags/example_setup_teardown.py
[2024-02-14T09:26:20.741+0000] {logging_mixin.py:188} INFO - [2024-02-14T09:26:20.741+0000] {dag.py:3033} INFO - Sync 1 DAGs
[2024-02-14T09:26:20.756+0000] {logging_mixin.py:188} INFO - [2024-02-14T09:26:20.755+0000] {dag.py:3820} INFO - Setting next_dagrun for example_setup_teardown to 2024-02-13T00:00:00+00:00, run_after=2024-02-14T00:00:00+00:00
[2024-02-14T09:26:20.796+0000] {processor.py:183} INFO - Processing /home/codespace/.local/share/virtualenvs/airflow_sandbox-vp-HKq_L/lib/python3.10/site-packages/airflow/example_dags/example_setup_teardown.py took 0.077 seconds
[2024-02-14T09:27:15.785+0000] {processor.py:161} INFO - Started process (PID=15039) to work on /home/codespace/.local/share/virtualenvs/airflow_sandbox-vp-HKq_L/lib/python3.10/site-packages/airflow/example_dags/example_setup_teardown.py
[2024-02-14T09:27:15.786+0000] {processor.py:830} INFO - Processing file /home/codespace/.local/share/virtualenvs/airflow_sandbox-vp-HKq_L/lib/python3.10/site-packages/airflow/example_dags/example_setup_teardown.py for tasks to queue
[2024-02-14T09:27:15.786+0000] {logging_mixin.py:188} INFO - [2024-02-14T09:27:15.786+0000] {dagbag.py:538} INFO - Filling up the DagBag from /home/codespace/.local/share/virtualenvs/airflow_sandbox-vp-HKq_L/lib/python3.10/site-packages/airflow/example_dags/example_setup_teardown.py
[2024-02-14T09:27:15.792+0000] {processor.py:840} INFO - DAG(s) 'example_setup_teardown' retrieved from /home/codespace/.local/share/virtualenvs/airflow_sandbox-vp-HKq_L/lib/python3.10/site-packages/airflow/example_dags/example_setup_teardown.py
[2024-02-14T09:27:15.804+0000] {logging_mixin.py:188} INFO - [2024-02-14T09:27:15.804+0000] {dag.py:3033} INFO - Sync 1 DAGs
[2024-02-14T09:27:15.820+0000] {logging_mixin.py:188} INFO - [2024-02-14T09:27:15.820+0000] {dag.py:3820} INFO - Setting next_dagrun for example_setup_teardown to 2024-02-13T00:00:00+00:00, run_after=2024-02-14T00:00:00+00:00
[2024-02-14T09:27:15.878+0000] {processor.py:183} INFO - Processing /home/codespace/.local/share/virtualenvs/airflow_sandbox-vp-HKq_L/lib/python3.10/site-packages/airflow/example_dags/example_setup_teardown.py took 0.096 seconds
[2024-02-14T09:28:11.426+0000] {processor.py:161} INFO - Started process (PID=15450) to work on /home/codespace/.local/share/virtualenvs/airflow_sandbox-vp-HKq_L/lib/python3.10/site-packages/airflow/example_dags/example_setup_teardown.py
[2024-02-14T09:28:11.427+0000] {processor.py:830} INFO - Processing file /home/codespace/.local/share/virtualenvs/airflow_sandbox-vp-HKq_L/lib/python3.10/site-packages/airflow/example_dags/example_setup_teardown.py for tasks to queue
[2024-02-14T09:28:11.428+0000] {logging_mixin.py:188} INFO - [2024-02-14T09:28:11.427+0000] {dagbag.py:538} INFO - Filling up the DagBag from /home/codespace/.local/share/virtualenvs/airflow_sandbox-vp-HKq_L/lib/python3.10/site-packages/airflow/example_dags/example_setup_teardown.py
[2024-02-14T09:28:11.433+0000] {processor.py:840} INFO - DAG(s) 'example_setup_teardown' retrieved from /home/codespace/.local/share/virtualenvs/airflow_sandbox-vp-HKq_L/lib/python3.10/site-packages/airflow/example_dags/example_setup_teardown.py
[2024-02-14T09:28:11.445+0000] {logging_mixin.py:188} INFO - [2024-02-14T09:28:11.445+0000] {dag.py:3033} INFO - Sync 1 DAGs
[2024-02-14T09:28:11.460+0000] {logging_mixin.py:188} INFO - [2024-02-14T09:28:11.460+0000] {dag.py:3820} INFO - Setting next_dagrun for example_setup_teardown to 2024-02-13T00:00:00+00:00, run_after=2024-02-14T00:00:00+00:00
[2024-02-14T09:28:11.503+0000] {processor.py:183} INFO - Processing /home/codespace/.local/share/virtualenvs/airflow_sandbox-vp-HKq_L/lib/python3.10/site-packages/airflow/example_dags/example_setup_teardown.py took 0.079 seconds
[2024-02-14T09:29:02.734+0000] {processor.py:161} INFO - Started process (PID=15958) to work on /home/codespace/.local/share/virtualenvs/airflow_sandbox-vp-HKq_L/lib/python3.10/site-packages/airflow/example_dags/example_setup_teardown.py
[2024-02-14T09:29:02.735+0000] {processor.py:830} INFO - Processing file /home/codespace/.local/share/virtualenvs/airflow_sandbox-vp-HKq_L/lib/python3.10/site-packages/airflow/example_dags/example_setup_teardown.py for tasks to queue
[2024-02-14T09:29:02.736+0000] {logging_mixin.py:188} INFO - [2024-02-14T09:29:02.735+0000] {dagbag.py:538} INFO - Filling up the DagBag from /home/codespace/.local/share/virtualenvs/airflow_sandbox-vp-HKq_L/lib/python3.10/site-packages/airflow/example_dags/example_setup_teardown.py
[2024-02-14T09:29:02.741+0000] {processor.py:840} INFO - DAG(s) 'example_setup_teardown' retrieved from /home/codespace/.local/share/virtualenvs/airflow_sandbox-vp-HKq_L/lib/python3.10/site-packages/airflow/example_dags/example_setup_teardown.py
[2024-02-14T09:29:02.753+0000] {logging_mixin.py:188} INFO - [2024-02-14T09:29:02.753+0000] {dag.py:3033} INFO - Sync 1 DAGs
[2024-02-14T09:29:02.768+0000] {logging_mixin.py:188} INFO - [2024-02-14T09:29:02.768+0000] {dag.py:3820} INFO - Setting next_dagrun for example_setup_teardown to 2024-02-13T00:00:00+00:00, run_after=2024-02-14T00:00:00+00:00
[2024-02-14T09:29:02.809+0000] {processor.py:183} INFO - Processing /home/codespace/.local/share/virtualenvs/airflow_sandbox-vp-HKq_L/lib/python3.10/site-packages/airflow/example_dags/example_setup_teardown.py took 0.077 seconds
[2024-02-14T09:29:58.059+0000] {processor.py:161} INFO - Started process (PID=16360) to work on /home/codespace/.local/share/virtualenvs/airflow_sandbox-vp-HKq_L/lib/python3.10/site-packages/airflow/example_dags/example_setup_teardown.py
[2024-02-14T09:29:58.060+0000] {processor.py:830} INFO - Processing file /home/codespace/.local/share/virtualenvs/airflow_sandbox-vp-HKq_L/lib/python3.10/site-packages/airflow/example_dags/example_setup_teardown.py for tasks to queue
[2024-02-14T09:29:58.061+0000] {logging_mixin.py:188} INFO - [2024-02-14T09:29:58.061+0000] {dagbag.py:538} INFO - Filling up the DagBag from /home/codespace/.local/share/virtualenvs/airflow_sandbox-vp-HKq_L/lib/python3.10/site-packages/airflow/example_dags/example_setup_teardown.py
[2024-02-14T09:29:58.066+0000] {processor.py:840} INFO - DAG(s) 'example_setup_teardown' retrieved from /home/codespace/.local/share/virtualenvs/airflow_sandbox-vp-HKq_L/lib/python3.10/site-packages/airflow/example_dags/example_setup_teardown.py
[2024-02-14T09:29:58.080+0000] {logging_mixin.py:188} INFO - [2024-02-14T09:29:58.079+0000] {dag.py:3033} INFO - Sync 1 DAGs
[2024-02-14T09:29:58.095+0000] {logging_mixin.py:188} INFO - [2024-02-14T09:29:58.095+0000] {dag.py:3820} INFO - Setting next_dagrun for example_setup_teardown to 2024-02-13T00:00:00+00:00, run_after=2024-02-14T00:00:00+00:00
[2024-02-14T09:29:58.141+0000] {processor.py:183} INFO - Processing /home/codespace/.local/share/virtualenvs/airflow_sandbox-vp-HKq_L/lib/python3.10/site-packages/airflow/example_dags/example_setup_teardown.py took 0.084 seconds
[2024-02-14T09:30:47.259+0000] {processor.py:161} INFO - Started process (PID=16713) to work on /home/codespace/.local/share/virtualenvs/airflow_sandbox-vp-HKq_L/lib/python3.10/site-packages/airflow/example_dags/example_setup_teardown.py
[2024-02-14T09:30:47.260+0000] {processor.py:830} INFO - Processing file /home/codespace/.local/share/virtualenvs/airflow_sandbox-vp-HKq_L/lib/python3.10/site-packages/airflow/example_dags/example_setup_teardown.py for tasks to queue
[2024-02-14T09:30:47.260+0000] {logging_mixin.py:188} INFO - [2024-02-14T09:30:47.260+0000] {dagbag.py:538} INFO - Filling up the DagBag from /home/codespace/.local/share/virtualenvs/airflow_sandbox-vp-HKq_L/lib/python3.10/site-packages/airflow/example_dags/example_setup_teardown.py
[2024-02-14T09:30:47.268+0000] {processor.py:840} INFO - DAG(s) 'example_setup_teardown' retrieved from /home/codespace/.local/share/virtualenvs/airflow_sandbox-vp-HKq_L/lib/python3.10/site-packages/airflow/example_dags/example_setup_teardown.py
[2024-02-14T09:30:47.280+0000] {logging_mixin.py:188} INFO - [2024-02-14T09:30:47.280+0000] {dag.py:3033} INFO - Sync 1 DAGs
[2024-02-14T09:30:47.296+0000] {logging_mixin.py:188} INFO - [2024-02-14T09:30:47.296+0000] {dag.py:3820} INFO - Setting next_dagrun for example_setup_teardown to 2024-02-13T00:00:00+00:00, run_after=2024-02-14T00:00:00+00:00
[2024-02-14T09:30:47.343+0000] {processor.py:183} INFO - Processing /home/codespace/.local/share/virtualenvs/airflow_sandbox-vp-HKq_L/lib/python3.10/site-packages/airflow/example_dags/example_setup_teardown.py took 0.087 seconds
[2024-02-14T09:31:41.417+0000] {processor.py:161} INFO - Started process (PID=17088) to work on /home/codespace/.local/share/virtualenvs/airflow_sandbox-vp-HKq_L/lib/python3.10/site-packages/airflow/example_dags/example_setup_teardown.py
[2024-02-14T09:31:41.418+0000] {processor.py:830} INFO - Processing file /home/codespace/.local/share/virtualenvs/airflow_sandbox-vp-HKq_L/lib/python3.10/site-packages/airflow/example_dags/example_setup_teardown.py for tasks to queue
[2024-02-14T09:31:41.418+0000] {logging_mixin.py:188} INFO - [2024-02-14T09:31:41.418+0000] {dagbag.py:538} INFO - Filling up the DagBag from /home/codespace/.local/share/virtualenvs/airflow_sandbox-vp-HKq_L/lib/python3.10/site-packages/airflow/example_dags/example_setup_teardown.py
[2024-02-14T09:31:41.424+0000] {processor.py:840} INFO - DAG(s) 'example_setup_teardown' retrieved from /home/codespace/.local/share/virtualenvs/airflow_sandbox-vp-HKq_L/lib/python3.10/site-packages/airflow/example_dags/example_setup_teardown.py
[2024-02-14T09:31:41.436+0000] {logging_mixin.py:188} INFO - [2024-02-14T09:31:41.436+0000] {dag.py:3033} INFO - Sync 1 DAGs
[2024-02-14T09:31:41.450+0000] {logging_mixin.py:188} INFO - [2024-02-14T09:31:41.450+0000] {dag.py:3820} INFO - Setting next_dagrun for example_setup_teardown to 2024-02-13T00:00:00+00:00, run_after=2024-02-14T00:00:00+00:00
[2024-02-14T09:31:41.492+0000] {processor.py:183} INFO - Processing /home/codespace/.local/share/virtualenvs/airflow_sandbox-vp-HKq_L/lib/python3.10/site-packages/airflow/example_dags/example_setup_teardown.py took 0.077 seconds
[2024-02-14T09:32:35.179+0000] {processor.py:161} INFO - Started process (PID=17489) to work on /home/codespace/.local/share/virtualenvs/airflow_sandbox-vp-HKq_L/lib/python3.10/site-packages/airflow/example_dags/example_setup_teardown.py
[2024-02-14T09:32:35.179+0000] {processor.py:830} INFO - Processing file /home/codespace/.local/share/virtualenvs/airflow_sandbox-vp-HKq_L/lib/python3.10/site-packages/airflow/example_dags/example_setup_teardown.py for tasks to queue
[2024-02-14T09:32:35.180+0000] {logging_mixin.py:188} INFO - [2024-02-14T09:32:35.180+0000] {dagbag.py:538} INFO - Filling up the DagBag from /home/codespace/.local/share/virtualenvs/airflow_sandbox-vp-HKq_L/lib/python3.10/site-packages/airflow/example_dags/example_setup_teardown.py
[2024-02-14T09:32:35.186+0000] {processor.py:840} INFO - DAG(s) 'example_setup_teardown' retrieved from /home/codespace/.local/share/virtualenvs/airflow_sandbox-vp-HKq_L/lib/python3.10/site-packages/airflow/example_dags/example_setup_teardown.py
[2024-02-14T09:32:35.199+0000] {logging_mixin.py:188} INFO - [2024-02-14T09:32:35.199+0000] {dag.py:3033} INFO - Sync 1 DAGs
[2024-02-14T09:32:35.215+0000] {logging_mixin.py:188} INFO - [2024-02-14T09:32:35.215+0000] {dag.py:3820} INFO - Setting next_dagrun for example_setup_teardown to 2024-02-13T00:00:00+00:00, run_after=2024-02-14T00:00:00+00:00
[2024-02-14T09:32:35.262+0000] {processor.py:183} INFO - Processing /home/codespace/.local/share/virtualenvs/airflow_sandbox-vp-HKq_L/lib/python3.10/site-packages/airflow/example_dags/example_setup_teardown.py took 0.086 seconds
[2024-02-14T09:33:27.577+0000] {processor.py:161} INFO - Started process (PID=17854) to work on /home/codespace/.local/share/virtualenvs/airflow_sandbox-vp-HKq_L/lib/python3.10/site-packages/airflow/example_dags/example_setup_teardown.py
[2024-02-14T09:33:27.578+0000] {processor.py:830} INFO - Processing file /home/codespace/.local/share/virtualenvs/airflow_sandbox-vp-HKq_L/lib/python3.10/site-packages/airflow/example_dags/example_setup_teardown.py for tasks to queue
[2024-02-14T09:33:27.579+0000] {logging_mixin.py:188} INFO - [2024-02-14T09:33:27.578+0000] {dagbag.py:538} INFO - Filling up the DagBag from /home/codespace/.local/share/virtualenvs/airflow_sandbox-vp-HKq_L/lib/python3.10/site-packages/airflow/example_dags/example_setup_teardown.py
[2024-02-14T09:33:27.584+0000] {processor.py:840} INFO - DAG(s) 'example_setup_teardown' retrieved from /home/codespace/.local/share/virtualenvs/airflow_sandbox-vp-HKq_L/lib/python3.10/site-packages/airflow/example_dags/example_setup_teardown.py
[2024-02-14T09:33:27.595+0000] {logging_mixin.py:188} INFO - [2024-02-14T09:33:27.595+0000] {dag.py:3033} INFO - Sync 1 DAGs
[2024-02-14T09:33:27.610+0000] {logging_mixin.py:188} INFO - [2024-02-14T09:33:27.610+0000] {dag.py:3820} INFO - Setting next_dagrun for example_setup_teardown to 2024-02-13T00:00:00+00:00, run_after=2024-02-14T00:00:00+00:00
[2024-02-14T09:33:27.653+0000] {processor.py:183} INFO - Processing /home/codespace/.local/share/virtualenvs/airflow_sandbox-vp-HKq_L/lib/python3.10/site-packages/airflow/example_dags/example_setup_teardown.py took 0.078 seconds
[2024-02-14T09:34:18.226+0000] {processor.py:161} INFO - Started process (PID=18225) to work on /home/codespace/.local/share/virtualenvs/airflow_sandbox-vp-HKq_L/lib/python3.10/site-packages/airflow/example_dags/example_setup_teardown.py
[2024-02-14T09:34:18.227+0000] {processor.py:830} INFO - Processing file /home/codespace/.local/share/virtualenvs/airflow_sandbox-vp-HKq_L/lib/python3.10/site-packages/airflow/example_dags/example_setup_teardown.py for tasks to queue
[2024-02-14T09:34:18.228+0000] {logging_mixin.py:188} INFO - [2024-02-14T09:34:18.227+0000] {dagbag.py:538} INFO - Filling up the DagBag from /home/codespace/.local/share/virtualenvs/airflow_sandbox-vp-HKq_L/lib/python3.10/site-packages/airflow/example_dags/example_setup_teardown.py
[2024-02-14T09:34:18.233+0000] {processor.py:840} INFO - DAG(s) 'example_setup_teardown' retrieved from /home/codespace/.local/share/virtualenvs/airflow_sandbox-vp-HKq_L/lib/python3.10/site-packages/airflow/example_dags/example_setup_teardown.py
[2024-02-14T09:34:18.245+0000] {logging_mixin.py:188} INFO - [2024-02-14T09:34:18.245+0000] {dag.py:3033} INFO - Sync 1 DAGs
[2024-02-14T09:34:18.260+0000] {logging_mixin.py:188} INFO - [2024-02-14T09:34:18.260+0000] {dag.py:3820} INFO - Setting next_dagrun for example_setup_teardown to 2024-02-13T00:00:00+00:00, run_after=2024-02-14T00:00:00+00:00
[2024-02-14T09:34:18.305+0000] {processor.py:183} INFO - Processing /home/codespace/.local/share/virtualenvs/airflow_sandbox-vp-HKq_L/lib/python3.10/site-packages/airflow/example_dags/example_setup_teardown.py took 0.081 seconds
