[2024-02-14T09:07:46.752+0000] {processor.py:161} INFO - Started process (PID=4582) to work on /home/codespace/.local/share/virtualenvs/airflow_sandbox-vp-HKq_L/lib/python3.10/site-packages/airflow/example_dags/example_xcom.py
[2024-02-14T09:07:46.753+0000] {processor.py:830} INFO - Processing file /home/codespace/.local/share/virtualenvs/airflow_sandbox-vp-HKq_L/lib/python3.10/site-packages/airflow/example_dags/example_xcom.py for tasks to queue
[2024-02-14T09:07:46.754+0000] {logging_mixin.py:188} INFO - [2024-02-14T09:07:46.753+0000] {dagbag.py:538} INFO - Filling up the DagBag from /home/codespace/.local/share/virtualenvs/airflow_sandbox-vp-HKq_L/lib/python3.10/site-packages/airflow/example_dags/example_xcom.py
[2024-02-14T09:07:46.759+0000] {processor.py:840} INFO - DAG(s) 'example_xcom' retrieved from /home/codespace/.local/share/virtualenvs/airflow_sandbox-vp-HKq_L/lib/python3.10/site-packages/airflow/example_dags/example_xcom.py
[2024-02-14T09:07:46.777+0000] {logging_mixin.py:188} INFO - [2024-02-14T09:07:46.777+0000] {dag.py:3033} INFO - Sync 1 DAGs
[2024-02-14T09:07:46.891+0000] {logging_mixin.py:188} INFO - [2024-02-14T09:07:46.891+0000] {dag.py:3820} INFO - Setting next_dagrun for example_xcom to 2021-01-01T00:00:00+00:00, run_after=2021-01-01T00:00:00+00:00
[2024-02-14T09:07:46.930+0000] {processor.py:183} INFO - Processing /home/codespace/.local/share/virtualenvs/airflow_sandbox-vp-HKq_L/lib/python3.10/site-packages/airflow/example_dags/example_xcom.py took 0.180 seconds
[2024-02-14T09:08:36.694+0000] {processor.py:161} INFO - Started process (PID=5190) to work on /home/codespace/.local/share/virtualenvs/airflow_sandbox-vp-HKq_L/lib/python3.10/site-packages/airflow/example_dags/example_xcom.py
[2024-02-14T09:08:36.694+0000] {processor.py:830} INFO - Processing file /home/codespace/.local/share/virtualenvs/airflow_sandbox-vp-HKq_L/lib/python3.10/site-packages/airflow/example_dags/example_xcom.py for tasks to queue
[2024-02-14T09:08:36.695+0000] {logging_mixin.py:188} INFO - [2024-02-14T09:08:36.695+0000] {dagbag.py:538} INFO - Filling up the DagBag from /home/codespace/.local/share/virtualenvs/airflow_sandbox-vp-HKq_L/lib/python3.10/site-packages/airflow/example_dags/example_xcom.py
[2024-02-14T09:08:36.702+0000] {processor.py:840} INFO - DAG(s) 'example_xcom' retrieved from /home/codespace/.local/share/virtualenvs/airflow_sandbox-vp-HKq_L/lib/python3.10/site-packages/airflow/example_dags/example_xcom.py
[2024-02-14T09:08:36.714+0000] {logging_mixin.py:188} INFO - [2024-02-14T09:08:36.714+0000] {dag.py:3033} INFO - Sync 1 DAGs
[2024-02-14T09:08:36.730+0000] {logging_mixin.py:188} INFO - [2024-02-14T09:08:36.730+0000] {dag.py:3820} INFO - Setting next_dagrun for example_xcom to 2021-01-01T00:00:00+00:00, run_after=2021-01-01T00:00:00+00:00
[2024-02-14T09:08:36.771+0000] {processor.py:183} INFO - Processing /home/codespace/.local/share/virtualenvs/airflow_sandbox-vp-HKq_L/lib/python3.10/site-packages/airflow/example_dags/example_xcom.py took 0.079 seconds
[2024-02-14T09:09:32.079+0000] {processor.py:161} INFO - Started process (PID=6015) to work on /home/codespace/.local/share/virtualenvs/airflow_sandbox-vp-HKq_L/lib/python3.10/site-packages/airflow/example_dags/example_xcom.py
[2024-02-14T09:09:32.080+0000] {processor.py:830} INFO - Processing file /home/codespace/.local/share/virtualenvs/airflow_sandbox-vp-HKq_L/lib/python3.10/site-packages/airflow/example_dags/example_xcom.py for tasks to queue
[2024-02-14T09:09:32.080+0000] {logging_mixin.py:188} INFO - [2024-02-14T09:09:32.080+0000] {dagbag.py:538} INFO - Filling up the DagBag from /home/codespace/.local/share/virtualenvs/airflow_sandbox-vp-HKq_L/lib/python3.10/site-packages/airflow/example_dags/example_xcom.py
[2024-02-14T09:09:32.087+0000] {processor.py:840} INFO - DAG(s) 'example_xcom' retrieved from /home/codespace/.local/share/virtualenvs/airflow_sandbox-vp-HKq_L/lib/python3.10/site-packages/airflow/example_dags/example_xcom.py
[2024-02-14T09:09:32.099+0000] {logging_mixin.py:188} INFO - [2024-02-14T09:09:32.099+0000] {dag.py:3033} INFO - Sync 1 DAGs
[2024-02-14T09:09:32.114+0000] {logging_mixin.py:188} INFO - [2024-02-14T09:09:32.114+0000] {dag.py:3820} INFO - Setting next_dagrun for example_xcom to 2021-01-01T00:00:00+00:00, run_after=2021-01-01T00:00:00+00:00
[2024-02-14T09:09:32.158+0000] {processor.py:183} INFO - Processing /home/codespace/.local/share/virtualenvs/airflow_sandbox-vp-HKq_L/lib/python3.10/site-packages/airflow/example_dags/example_xcom.py took 0.082 seconds
[2024-02-14T09:10:16.574+0000] {processor.py:161} INFO - Started process (PID=6606) to work on /home/codespace/.local/share/virtualenvs/airflow_sandbox-vp-HKq_L/lib/python3.10/site-packages/airflow/example_dags/example_xcom.py
[2024-02-14T09:10:16.575+0000] {processor.py:830} INFO - Processing file /home/codespace/.local/share/virtualenvs/airflow_sandbox-vp-HKq_L/lib/python3.10/site-packages/airflow/example_dags/example_xcom.py for tasks to queue
[2024-02-14T09:10:16.575+0000] {logging_mixin.py:188} INFO - [2024-02-14T09:10:16.575+0000] {dagbag.py:538} INFO - Filling up the DagBag from /home/codespace/.local/share/virtualenvs/airflow_sandbox-vp-HKq_L/lib/python3.10/site-packages/airflow/example_dags/example_xcom.py
[2024-02-14T09:10:16.582+0000] {processor.py:840} INFO - DAG(s) 'example_xcom' retrieved from /home/codespace/.local/share/virtualenvs/airflow_sandbox-vp-HKq_L/lib/python3.10/site-packages/airflow/example_dags/example_xcom.py
[2024-02-14T09:10:16.596+0000] {logging_mixin.py:188} INFO - [2024-02-14T09:10:16.595+0000] {dag.py:3033} INFO - Sync 1 DAGs
[2024-02-14T09:10:16.610+0000] {logging_mixin.py:188} INFO - [2024-02-14T09:10:16.610+0000] {dag.py:3820} INFO - Setting next_dagrun for example_xcom to 2021-01-01T00:00:00+00:00, run_after=2021-01-01T00:00:00+00:00
[2024-02-14T09:10:16.650+0000] {processor.py:183} INFO - Processing /home/codespace/.local/share/virtualenvs/airflow_sandbox-vp-HKq_L/lib/python3.10/site-packages/airflow/example_dags/example_xcom.py took 0.078 seconds
[2024-02-14T09:10:56.829+0000] {processor.py:161} INFO - Started process (PID=7030) to work on /home/codespace/.local/share/virtualenvs/airflow_sandbox-vp-HKq_L/lib/python3.10/site-packages/airflow/example_dags/example_xcom.py
[2024-02-14T09:10:56.829+0000] {processor.py:830} INFO - Processing file /home/codespace/.local/share/virtualenvs/airflow_sandbox-vp-HKq_L/lib/python3.10/site-packages/airflow/example_dags/example_xcom.py for tasks to queue
[2024-02-14T09:10:56.830+0000] {logging_mixin.py:188} INFO - [2024-02-14T09:10:56.830+0000] {dagbag.py:538} INFO - Filling up the DagBag from /home/codespace/.local/share/virtualenvs/airflow_sandbox-vp-HKq_L/lib/python3.10/site-packages/airflow/example_dags/example_xcom.py
[2024-02-14T09:10:56.836+0000] {processor.py:840} INFO - DAG(s) 'example_xcom' retrieved from /home/codespace/.local/share/virtualenvs/airflow_sandbox-vp-HKq_L/lib/python3.10/site-packages/airflow/example_dags/example_xcom.py
[2024-02-14T09:10:56.849+0000] {logging_mixin.py:188} INFO - [2024-02-14T09:10:56.848+0000] {dag.py:3033} INFO - Sync 1 DAGs
[2024-02-14T09:10:56.864+0000] {logging_mixin.py:188} INFO - [2024-02-14T09:10:56.863+0000] {dag.py:3820} INFO - Setting next_dagrun for example_xcom to 2021-01-01T00:00:00+00:00, run_after=2021-01-01T00:00:00+00:00
[2024-02-14T09:10:56.905+0000] {processor.py:183} INFO - Processing /home/codespace/.local/share/virtualenvs/airflow_sandbox-vp-HKq_L/lib/python3.10/site-packages/airflow/example_dags/example_xcom.py took 0.079 seconds
[2024-02-14T09:11:53.514+0000] {processor.py:161} INFO - Started process (PID=7797) to work on /home/codespace/.local/share/virtualenvs/airflow_sandbox-vp-HKq_L/lib/python3.10/site-packages/airflow/example_dags/example_xcom.py
[2024-02-14T09:11:53.515+0000] {processor.py:830} INFO - Processing file /home/codespace/.local/share/virtualenvs/airflow_sandbox-vp-HKq_L/lib/python3.10/site-packages/airflow/example_dags/example_xcom.py for tasks to queue
[2024-02-14T09:11:53.516+0000] {logging_mixin.py:188} INFO - [2024-02-14T09:11:53.515+0000] {dagbag.py:538} INFO - Filling up the DagBag from /home/codespace/.local/share/virtualenvs/airflow_sandbox-vp-HKq_L/lib/python3.10/site-packages/airflow/example_dags/example_xcom.py
[2024-02-14T09:11:53.522+0000] {processor.py:840} INFO - DAG(s) 'example_xcom' retrieved from /home/codespace/.local/share/virtualenvs/airflow_sandbox-vp-HKq_L/lib/python3.10/site-packages/airflow/example_dags/example_xcom.py
[2024-02-14T09:11:53.534+0000] {logging_mixin.py:188} INFO - [2024-02-14T09:11:53.534+0000] {dag.py:3033} INFO - Sync 1 DAGs
[2024-02-14T09:11:53.548+0000] {logging_mixin.py:188} INFO - [2024-02-14T09:11:53.548+0000] {dag.py:3820} INFO - Setting next_dagrun for example_xcom to 2021-01-01T00:00:00+00:00, run_after=2021-01-01T00:00:00+00:00
[2024-02-14T09:11:53.600+0000] {processor.py:183} INFO - Processing /home/codespace/.local/share/virtualenvs/airflow_sandbox-vp-HKq_L/lib/python3.10/site-packages/airflow/example_dags/example_xcom.py took 0.088 seconds
[2024-02-14T09:12:47.572+0000] {processor.py:161} INFO - Started process (PID=8325) to work on /home/codespace/.local/share/virtualenvs/airflow_sandbox-vp-HKq_L/lib/python3.10/site-packages/airflow/example_dags/example_xcom.py
[2024-02-14T09:12:47.573+0000] {processor.py:830} INFO - Processing file /home/codespace/.local/share/virtualenvs/airflow_sandbox-vp-HKq_L/lib/python3.10/site-packages/airflow/example_dags/example_xcom.py for tasks to queue
[2024-02-14T09:12:47.574+0000] {logging_mixin.py:188} INFO - [2024-02-14T09:12:47.573+0000] {dagbag.py:538} INFO - Filling up the DagBag from /home/codespace/.local/share/virtualenvs/airflow_sandbox-vp-HKq_L/lib/python3.10/site-packages/airflow/example_dags/example_xcom.py
[2024-02-14T09:12:47.580+0000] {processor.py:840} INFO - DAG(s) 'example_xcom' retrieved from /home/codespace/.local/share/virtualenvs/airflow_sandbox-vp-HKq_L/lib/python3.10/site-packages/airflow/example_dags/example_xcom.py
[2024-02-14T09:12:47.592+0000] {logging_mixin.py:188} INFO - [2024-02-14T09:12:47.592+0000] {dag.py:3033} INFO - Sync 1 DAGs
[2024-02-14T09:12:47.611+0000] {logging_mixin.py:188} INFO - [2024-02-14T09:12:47.610+0000] {dag.py:3820} INFO - Setting next_dagrun for example_xcom to 2021-01-01T00:00:00+00:00, run_after=2021-01-01T00:00:00+00:00
[2024-02-14T09:12:47.651+0000] {processor.py:183} INFO - Processing /home/codespace/.local/share/virtualenvs/airflow_sandbox-vp-HKq_L/lib/python3.10/site-packages/airflow/example_dags/example_xcom.py took 0.081 seconds
[2024-02-14T09:13:26.667+0000] {processor.py:161} INFO - Started process (PID=8583) to work on /home/codespace/.local/share/virtualenvs/airflow_sandbox-vp-HKq_L/lib/python3.10/site-packages/airflow/example_dags/example_xcom.py
[2024-02-14T09:13:26.668+0000] {processor.py:830} INFO - Processing file /home/codespace/.local/share/virtualenvs/airflow_sandbox-vp-HKq_L/lib/python3.10/site-packages/airflow/example_dags/example_xcom.py for tasks to queue
[2024-02-14T09:13:26.668+0000] {logging_mixin.py:188} INFO - [2024-02-14T09:13:26.668+0000] {dagbag.py:538} INFO - Filling up the DagBag from /home/codespace/.local/share/virtualenvs/airflow_sandbox-vp-HKq_L/lib/python3.10/site-packages/airflow/example_dags/example_xcom.py
[2024-02-14T09:13:26.674+0000] {processor.py:840} INFO - DAG(s) 'example_xcom' retrieved from /home/codespace/.local/share/virtualenvs/airflow_sandbox-vp-HKq_L/lib/python3.10/site-packages/airflow/example_dags/example_xcom.py
[2024-02-14T09:13:26.687+0000] {logging_mixin.py:188} INFO - [2024-02-14T09:13:26.687+0000] {dag.py:3033} INFO - Sync 1 DAGs
[2024-02-14T09:13:26.703+0000] {logging_mixin.py:188} INFO - [2024-02-14T09:13:26.703+0000] {dag.py:3820} INFO - Setting next_dagrun for example_xcom to 2021-01-01T00:00:00+00:00, run_after=2021-01-01T00:00:00+00:00
[2024-02-14T09:13:26.744+0000] {processor.py:183} INFO - Processing /home/codespace/.local/share/virtualenvs/airflow_sandbox-vp-HKq_L/lib/python3.10/site-packages/airflow/example_dags/example_xcom.py took 0.080 seconds
[2024-02-14T09:14:18.325+0000] {processor.py:161} INFO - Started process (PID=9009) to work on /home/codespace/.local/share/virtualenvs/airflow_sandbox-vp-HKq_L/lib/python3.10/site-packages/airflow/example_dags/example_xcom.py
[2024-02-14T09:14:18.326+0000] {processor.py:830} INFO - Processing file /home/codespace/.local/share/virtualenvs/airflow_sandbox-vp-HKq_L/lib/python3.10/site-packages/airflow/example_dags/example_xcom.py for tasks to queue
[2024-02-14T09:14:18.327+0000] {logging_mixin.py:188} INFO - [2024-02-14T09:14:18.326+0000] {dagbag.py:538} INFO - Filling up the DagBag from /home/codespace/.local/share/virtualenvs/airflow_sandbox-vp-HKq_L/lib/python3.10/site-packages/airflow/example_dags/example_xcom.py
[2024-02-14T09:14:18.333+0000] {processor.py:840} INFO - DAG(s) 'example_xcom' retrieved from /home/codespace/.local/share/virtualenvs/airflow_sandbox-vp-HKq_L/lib/python3.10/site-packages/airflow/example_dags/example_xcom.py
[2024-02-14T09:14:18.345+0000] {logging_mixin.py:188} INFO - [2024-02-14T09:14:18.345+0000] {dag.py:3033} INFO - Sync 1 DAGs
[2024-02-14T09:14:18.360+0000] {logging_mixin.py:188} INFO - [2024-02-14T09:14:18.360+0000] {dag.py:3820} INFO - Setting next_dagrun for example_xcom to 2021-01-01T00:00:00+00:00, run_after=2021-01-01T00:00:00+00:00
[2024-02-14T09:14:18.401+0000] {processor.py:183} INFO - Processing /home/codespace/.local/share/virtualenvs/airflow_sandbox-vp-HKq_L/lib/python3.10/site-packages/airflow/example_dags/example_xcom.py took 0.078 seconds
[2024-02-14T09:15:08.830+0000] {processor.py:161} INFO - Started process (PID=9356) to work on /home/codespace/.local/share/virtualenvs/airflow_sandbox-vp-HKq_L/lib/python3.10/site-packages/airflow/example_dags/example_xcom.py
[2024-02-14T09:15:08.831+0000] {processor.py:830} INFO - Processing file /home/codespace/.local/share/virtualenvs/airflow_sandbox-vp-HKq_L/lib/python3.10/site-packages/airflow/example_dags/example_xcom.py for tasks to queue
[2024-02-14T09:15:08.831+0000] {logging_mixin.py:188} INFO - [2024-02-14T09:15:08.831+0000] {dagbag.py:538} INFO - Filling up the DagBag from /home/codespace/.local/share/virtualenvs/airflow_sandbox-vp-HKq_L/lib/python3.10/site-packages/airflow/example_dags/example_xcom.py
[2024-02-14T09:15:08.837+0000] {processor.py:840} INFO - DAG(s) 'example_xcom' retrieved from /home/codespace/.local/share/virtualenvs/airflow_sandbox-vp-HKq_L/lib/python3.10/site-packages/airflow/example_dags/example_xcom.py
[2024-02-14T09:15:08.850+0000] {logging_mixin.py:188} INFO - [2024-02-14T09:15:08.850+0000] {dag.py:3033} INFO - Sync 1 DAGs
[2024-02-14T09:15:08.865+0000] {logging_mixin.py:188} INFO - [2024-02-14T09:15:08.865+0000] {dag.py:3820} INFO - Setting next_dagrun for example_xcom to 2021-01-01T00:00:00+00:00, run_after=2021-01-01T00:00:00+00:00
[2024-02-14T09:15:08.907+0000] {processor.py:183} INFO - Processing /home/codespace/.local/share/virtualenvs/airflow_sandbox-vp-HKq_L/lib/python3.10/site-packages/airflow/example_dags/example_xcom.py took 0.079 seconds
[2024-02-14T09:15:59.484+0000] {processor.py:161} INFO - Started process (PID=9712) to work on /home/codespace/.local/share/virtualenvs/airflow_sandbox-vp-HKq_L/lib/python3.10/site-packages/airflow/example_dags/example_xcom.py
[2024-02-14T09:15:59.485+0000] {processor.py:830} INFO - Processing file /home/codespace/.local/share/virtualenvs/airflow_sandbox-vp-HKq_L/lib/python3.10/site-packages/airflow/example_dags/example_xcom.py for tasks to queue
[2024-02-14T09:15:59.486+0000] {logging_mixin.py:188} INFO - [2024-02-14T09:15:59.485+0000] {dagbag.py:538} INFO - Filling up the DagBag from /home/codespace/.local/share/virtualenvs/airflow_sandbox-vp-HKq_L/lib/python3.10/site-packages/airflow/example_dags/example_xcom.py
[2024-02-14T09:15:59.492+0000] {processor.py:840} INFO - DAG(s) 'example_xcom' retrieved from /home/codespace/.local/share/virtualenvs/airflow_sandbox-vp-HKq_L/lib/python3.10/site-packages/airflow/example_dags/example_xcom.py
[2024-02-14T09:15:59.504+0000] {logging_mixin.py:188} INFO - [2024-02-14T09:15:59.504+0000] {dag.py:3033} INFO - Sync 1 DAGs
[2024-02-14T09:15:59.519+0000] {logging_mixin.py:188} INFO - [2024-02-14T09:15:59.519+0000] {dag.py:3820} INFO - Setting next_dagrun for example_xcom to 2021-01-01T00:00:00+00:00, run_after=2021-01-01T00:00:00+00:00
[2024-02-14T09:15:59.561+0000] {processor.py:183} INFO - Processing /home/codespace/.local/share/virtualenvs/airflow_sandbox-vp-HKq_L/lib/python3.10/site-packages/airflow/example_dags/example_xcom.py took 0.079 seconds
[2024-02-14T09:16:55.033+0000] {processor.py:161} INFO - Started process (PID=10124) to work on /home/codespace/.local/share/virtualenvs/airflow_sandbox-vp-HKq_L/lib/python3.10/site-packages/airflow/example_dags/example_xcom.py
[2024-02-14T09:16:55.033+0000] {processor.py:830} INFO - Processing file /home/codespace/.local/share/virtualenvs/airflow_sandbox-vp-HKq_L/lib/python3.10/site-packages/airflow/example_dags/example_xcom.py for tasks to queue
[2024-02-14T09:16:55.034+0000] {logging_mixin.py:188} INFO - [2024-02-14T09:16:55.034+0000] {dagbag.py:538} INFO - Filling up the DagBag from /home/codespace/.local/share/virtualenvs/airflow_sandbox-vp-HKq_L/lib/python3.10/site-packages/airflow/example_dags/example_xcom.py
[2024-02-14T09:16:55.040+0000] {processor.py:840} INFO - DAG(s) 'example_xcom' retrieved from /home/codespace/.local/share/virtualenvs/airflow_sandbox-vp-HKq_L/lib/python3.10/site-packages/airflow/example_dags/example_xcom.py
[2024-02-14T09:16:55.052+0000] {logging_mixin.py:188} INFO - [2024-02-14T09:16:55.052+0000] {dag.py:3033} INFO - Sync 1 DAGs
[2024-02-14T09:16:55.067+0000] {logging_mixin.py:188} INFO - [2024-02-14T09:16:55.067+0000] {dag.py:3820} INFO - Setting next_dagrun for example_xcom to 2021-01-01T00:00:00+00:00, run_after=2021-01-01T00:00:00+00:00
[2024-02-14T09:16:55.110+0000] {processor.py:183} INFO - Processing /home/codespace/.local/share/virtualenvs/airflow_sandbox-vp-HKq_L/lib/python3.10/site-packages/airflow/example_dags/example_xcom.py took 0.080 seconds
[2024-02-14T09:17:46.295+0000] {processor.py:161} INFO - Started process (PID=10519) to work on /home/codespace/.local/share/virtualenvs/airflow_sandbox-vp-HKq_L/lib/python3.10/site-packages/airflow/example_dags/example_xcom.py
[2024-02-14T09:17:46.295+0000] {processor.py:830} INFO - Processing file /home/codespace/.local/share/virtualenvs/airflow_sandbox-vp-HKq_L/lib/python3.10/site-packages/airflow/example_dags/example_xcom.py for tasks to queue
[2024-02-14T09:17:46.296+0000] {logging_mixin.py:188} INFO - [2024-02-14T09:17:46.296+0000] {dagbag.py:538} INFO - Filling up the DagBag from /home/codespace/.local/share/virtualenvs/airflow_sandbox-vp-HKq_L/lib/python3.10/site-packages/airflow/example_dags/example_xcom.py
[2024-02-14T09:17:46.302+0000] {processor.py:840} INFO - DAG(s) 'example_xcom' retrieved from /home/codespace/.local/share/virtualenvs/airflow_sandbox-vp-HKq_L/lib/python3.10/site-packages/airflow/example_dags/example_xcom.py
[2024-02-14T09:17:46.315+0000] {logging_mixin.py:188} INFO - [2024-02-14T09:17:46.315+0000] {dag.py:3033} INFO - Sync 1 DAGs
[2024-02-14T09:17:46.331+0000] {logging_mixin.py:188} INFO - [2024-02-14T09:17:46.331+0000] {dag.py:3820} INFO - Setting next_dagrun for example_xcom to 2021-01-01T00:00:00+00:00, run_after=2021-01-01T00:00:00+00:00
[2024-02-14T09:17:46.381+0000] {processor.py:183} INFO - Processing /home/codespace/.local/share/virtualenvs/airflow_sandbox-vp-HKq_L/lib/python3.10/site-packages/airflow/example_dags/example_xcom.py took 0.089 seconds
[2024-02-14T09:18:37.889+0000] {processor.py:161} INFO - Started process (PID=10891) to work on /home/codespace/.local/share/virtualenvs/airflow_sandbox-vp-HKq_L/lib/python3.10/site-packages/airflow/example_dags/example_xcom.py
[2024-02-14T09:18:37.889+0000] {processor.py:830} INFO - Processing file /home/codespace/.local/share/virtualenvs/airflow_sandbox-vp-HKq_L/lib/python3.10/site-packages/airflow/example_dags/example_xcom.py for tasks to queue
[2024-02-14T09:18:37.890+0000] {logging_mixin.py:188} INFO - [2024-02-14T09:18:37.890+0000] {dagbag.py:538} INFO - Filling up the DagBag from /home/codespace/.local/share/virtualenvs/airflow_sandbox-vp-HKq_L/lib/python3.10/site-packages/airflow/example_dags/example_xcom.py
[2024-02-14T09:18:37.897+0000] {processor.py:840} INFO - DAG(s) 'example_xcom' retrieved from /home/codespace/.local/share/virtualenvs/airflow_sandbox-vp-HKq_L/lib/python3.10/site-packages/airflow/example_dags/example_xcom.py
[2024-02-14T09:18:37.909+0000] {logging_mixin.py:188} INFO - [2024-02-14T09:18:37.909+0000] {dag.py:3033} INFO - Sync 1 DAGs
[2024-02-14T09:18:37.925+0000] {logging_mixin.py:188} INFO - [2024-02-14T09:18:37.925+0000] {dag.py:3820} INFO - Setting next_dagrun for example_xcom to 2021-01-01T00:00:00+00:00, run_after=2021-01-01T00:00:00+00:00
[2024-02-14T09:18:37.967+0000] {processor.py:183} INFO - Processing /home/codespace/.local/share/virtualenvs/airflow_sandbox-vp-HKq_L/lib/python3.10/site-packages/airflow/example_dags/example_xcom.py took 0.080 seconds
[2024-02-14T09:19:31.351+0000] {processor.py:161} INFO - Started process (PID=11268) to work on /home/codespace/.local/share/virtualenvs/airflow_sandbox-vp-HKq_L/lib/python3.10/site-packages/airflow/example_dags/example_xcom.py
[2024-02-14T09:19:31.351+0000] {processor.py:830} INFO - Processing file /home/codespace/.local/share/virtualenvs/airflow_sandbox-vp-HKq_L/lib/python3.10/site-packages/airflow/example_dags/example_xcom.py for tasks to queue
[2024-02-14T09:19:31.352+0000] {logging_mixin.py:188} INFO - [2024-02-14T09:19:31.352+0000] {dagbag.py:538} INFO - Filling up the DagBag from /home/codespace/.local/share/virtualenvs/airflow_sandbox-vp-HKq_L/lib/python3.10/site-packages/airflow/example_dags/example_xcom.py
[2024-02-14T09:19:31.358+0000] {processor.py:840} INFO - DAG(s) 'example_xcom' retrieved from /home/codespace/.local/share/virtualenvs/airflow_sandbox-vp-HKq_L/lib/python3.10/site-packages/airflow/example_dags/example_xcom.py
[2024-02-14T09:19:31.371+0000] {logging_mixin.py:188} INFO - [2024-02-14T09:19:31.371+0000] {dag.py:3033} INFO - Sync 1 DAGs
[2024-02-14T09:19:31.385+0000] {logging_mixin.py:188} INFO - [2024-02-14T09:19:31.385+0000] {dag.py:3820} INFO - Setting next_dagrun for example_xcom to 2021-01-01T00:00:00+00:00, run_after=2021-01-01T00:00:00+00:00
[2024-02-14T09:19:31.431+0000] {processor.py:183} INFO - Processing /home/codespace/.local/share/virtualenvs/airflow_sandbox-vp-HKq_L/lib/python3.10/site-packages/airflow/example_dags/example_xcom.py took 0.083 seconds
[2024-02-14T09:20:09.867+0000] {processor.py:161} INFO - Started process (PID=11560) to work on /home/codespace/.local/share/virtualenvs/airflow_sandbox-vp-HKq_L/lib/python3.10/site-packages/airflow/example_dags/example_xcom.py
[2024-02-14T09:20:09.868+0000] {processor.py:830} INFO - Processing file /home/codespace/.local/share/virtualenvs/airflow_sandbox-vp-HKq_L/lib/python3.10/site-packages/airflow/example_dags/example_xcom.py for tasks to queue
[2024-02-14T09:20:09.868+0000] {logging_mixin.py:188} INFO - [2024-02-14T09:20:09.868+0000] {dagbag.py:538} INFO - Filling up the DagBag from /home/codespace/.local/share/virtualenvs/airflow_sandbox-vp-HKq_L/lib/python3.10/site-packages/airflow/example_dags/example_xcom.py
[2024-02-14T09:20:09.874+0000] {processor.py:840} INFO - DAG(s) 'example_xcom' retrieved from /home/codespace/.local/share/virtualenvs/airflow_sandbox-vp-HKq_L/lib/python3.10/site-packages/airflow/example_dags/example_xcom.py
[2024-02-14T09:20:09.888+0000] {logging_mixin.py:188} INFO - [2024-02-14T09:20:09.888+0000] {dag.py:3033} INFO - Sync 1 DAGs
[2024-02-14T09:20:09.904+0000] {logging_mixin.py:188} INFO - [2024-02-14T09:20:09.904+0000] {dag.py:3820} INFO - Setting next_dagrun for example_xcom to 2021-01-01T00:00:00+00:00, run_after=2021-01-01T00:00:00+00:00
[2024-02-14T09:20:09.954+0000] {processor.py:183} INFO - Processing /home/codespace/.local/share/virtualenvs/airflow_sandbox-vp-HKq_L/lib/python3.10/site-packages/airflow/example_dags/example_xcom.py took 0.089 seconds
[2024-02-14T09:21:00.226+0000] {processor.py:161} INFO - Started process (PID=12403) to work on /home/codespace/.local/share/virtualenvs/airflow_sandbox-vp-HKq_L/lib/python3.10/site-packages/airflow/example_dags/example_xcom.py
[2024-02-14T09:21:00.226+0000] {processor.py:830} INFO - Processing file /home/codespace/.local/share/virtualenvs/airflow_sandbox-vp-HKq_L/lib/python3.10/site-packages/airflow/example_dags/example_xcom.py for tasks to queue
[2024-02-14T09:21:00.227+0000] {logging_mixin.py:188} INFO - [2024-02-14T09:21:00.227+0000] {dagbag.py:538} INFO - Filling up the DagBag from /home/codespace/.local/share/virtualenvs/airflow_sandbox-vp-HKq_L/lib/python3.10/site-packages/airflow/example_dags/example_xcom.py
[2024-02-14T09:21:00.233+0000] {processor.py:840} INFO - DAG(s) 'example_xcom' retrieved from /home/codespace/.local/share/virtualenvs/airflow_sandbox-vp-HKq_L/lib/python3.10/site-packages/airflow/example_dags/example_xcom.py
[2024-02-14T09:21:00.246+0000] {logging_mixin.py:188} INFO - [2024-02-14T09:21:00.246+0000] {dag.py:3033} INFO - Sync 1 DAGs
[2024-02-14T09:21:00.261+0000] {logging_mixin.py:188} INFO - [2024-02-14T09:21:00.261+0000] {dag.py:3820} INFO - Setting next_dagrun for example_xcom to 2021-01-01T00:00:00+00:00, run_after=2021-01-01T00:00:00+00:00
[2024-02-14T09:21:00.302+0000] {processor.py:183} INFO - Processing /home/codespace/.local/share/virtualenvs/airflow_sandbox-vp-HKq_L/lib/python3.10/site-packages/airflow/example_dags/example_xcom.py took 0.078 seconds
[2024-02-14T09:21:54.545+0000] {processor.py:161} INFO - Started process (PID=12779) to work on /home/codespace/.local/share/virtualenvs/airflow_sandbox-vp-HKq_L/lib/python3.10/site-packages/airflow/example_dags/example_xcom.py
[2024-02-14T09:21:54.546+0000] {processor.py:830} INFO - Processing file /home/codespace/.local/share/virtualenvs/airflow_sandbox-vp-HKq_L/lib/python3.10/site-packages/airflow/example_dags/example_xcom.py for tasks to queue
[2024-02-14T09:21:54.547+0000] {logging_mixin.py:188} INFO - [2024-02-14T09:21:54.546+0000] {dagbag.py:538} INFO - Filling up the DagBag from /home/codespace/.local/share/virtualenvs/airflow_sandbox-vp-HKq_L/lib/python3.10/site-packages/airflow/example_dags/example_xcom.py
[2024-02-14T09:21:54.553+0000] {processor.py:840} INFO - DAG(s) 'example_xcom' retrieved from /home/codespace/.local/share/virtualenvs/airflow_sandbox-vp-HKq_L/lib/python3.10/site-packages/airflow/example_dags/example_xcom.py
[2024-02-14T09:21:54.568+0000] {logging_mixin.py:188} INFO - [2024-02-14T09:21:54.568+0000] {dag.py:3033} INFO - Sync 1 DAGs
[2024-02-14T09:21:54.584+0000] {logging_mixin.py:188} INFO - [2024-02-14T09:21:54.584+0000] {dag.py:3820} INFO - Setting next_dagrun for example_xcom to 2021-01-01T00:00:00+00:00, run_after=2021-01-01T00:00:00+00:00
[2024-02-14T09:21:54.627+0000] {processor.py:183} INFO - Processing /home/codespace/.local/share/virtualenvs/airflow_sandbox-vp-HKq_L/lib/python3.10/site-packages/airflow/example_dags/example_xcom.py took 0.084 seconds
[2024-02-14T09:22:32.697+0000] {processor.py:161} INFO - Started process (PID=13087) to work on /home/codespace/.local/share/virtualenvs/airflow_sandbox-vp-HKq_L/lib/python3.10/site-packages/airflow/example_dags/example_xcom.py
[2024-02-14T09:22:32.698+0000] {processor.py:830} INFO - Processing file /home/codespace/.local/share/virtualenvs/airflow_sandbox-vp-HKq_L/lib/python3.10/site-packages/airflow/example_dags/example_xcom.py for tasks to queue
[2024-02-14T09:22:32.698+0000] {logging_mixin.py:188} INFO - [2024-02-14T09:22:32.698+0000] {dagbag.py:538} INFO - Filling up the DagBag from /home/codespace/.local/share/virtualenvs/airflow_sandbox-vp-HKq_L/lib/python3.10/site-packages/airflow/example_dags/example_xcom.py
[2024-02-14T09:22:32.705+0000] {processor.py:840} INFO - DAG(s) 'example_xcom' retrieved from /home/codespace/.local/share/virtualenvs/airflow_sandbox-vp-HKq_L/lib/python3.10/site-packages/airflow/example_dags/example_xcom.py
[2024-02-14T09:22:32.717+0000] {logging_mixin.py:188} INFO - [2024-02-14T09:22:32.717+0000] {dag.py:3033} INFO - Sync 1 DAGs
[2024-02-14T09:22:32.733+0000] {logging_mixin.py:188} INFO - [2024-02-14T09:22:32.733+0000] {dag.py:3820} INFO - Setting next_dagrun for example_xcom to 2021-01-01T00:00:00+00:00, run_after=2021-01-01T00:00:00+00:00
[2024-02-14T09:22:32.797+0000] {processor.py:183} INFO - Processing /home/codespace/.local/share/virtualenvs/airflow_sandbox-vp-HKq_L/lib/python3.10/site-packages/airflow/example_dags/example_xcom.py took 0.102 seconds
[2024-02-14T09:23:10.688+0000] {processor.py:161} INFO - Started process (PID=13356) to work on /home/codespace/.local/share/virtualenvs/airflow_sandbox-vp-HKq_L/lib/python3.10/site-packages/airflow/example_dags/example_xcom.py
[2024-02-14T09:23:10.688+0000] {processor.py:830} INFO - Processing file /home/codespace/.local/share/virtualenvs/airflow_sandbox-vp-HKq_L/lib/python3.10/site-packages/airflow/example_dags/example_xcom.py for tasks to queue
[2024-02-14T09:23:10.689+0000] {logging_mixin.py:188} INFO - [2024-02-14T09:23:10.689+0000] {dagbag.py:538} INFO - Filling up the DagBag from /home/codespace/.local/share/virtualenvs/airflow_sandbox-vp-HKq_L/lib/python3.10/site-packages/airflow/example_dags/example_xcom.py
[2024-02-14T09:23:10.695+0000] {processor.py:840} INFO - DAG(s) 'example_xcom' retrieved from /home/codespace/.local/share/virtualenvs/airflow_sandbox-vp-HKq_L/lib/python3.10/site-packages/airflow/example_dags/example_xcom.py
[2024-02-14T09:23:10.707+0000] {logging_mixin.py:188} INFO - [2024-02-14T09:23:10.707+0000] {dag.py:3033} INFO - Sync 1 DAGs
[2024-02-14T09:23:10.722+0000] {logging_mixin.py:188} INFO - [2024-02-14T09:23:10.722+0000] {dag.py:3820} INFO - Setting next_dagrun for example_xcom to 2021-01-01T00:00:00+00:00, run_after=2021-01-01T00:00:00+00:00
[2024-02-14T09:23:10.766+0000] {processor.py:183} INFO - Processing /home/codespace/.local/share/virtualenvs/airflow_sandbox-vp-HKq_L/lib/python3.10/site-packages/airflow/example_dags/example_xcom.py took 0.081 seconds
[2024-02-14T09:23:48.540+0000] {processor.py:161} INFO - Started process (PID=13599) to work on /home/codespace/.local/share/virtualenvs/airflow_sandbox-vp-HKq_L/lib/python3.10/site-packages/airflow/example_dags/example_xcom.py
[2024-02-14T09:23:48.541+0000] {processor.py:830} INFO - Processing file /home/codespace/.local/share/virtualenvs/airflow_sandbox-vp-HKq_L/lib/python3.10/site-packages/airflow/example_dags/example_xcom.py for tasks to queue
[2024-02-14T09:23:48.541+0000] {logging_mixin.py:188} INFO - [2024-02-14T09:23:48.541+0000] {dagbag.py:538} INFO - Filling up the DagBag from /home/codespace/.local/share/virtualenvs/airflow_sandbox-vp-HKq_L/lib/python3.10/site-packages/airflow/example_dags/example_xcom.py
[2024-02-14T09:23:48.547+0000] {processor.py:840} INFO - DAG(s) 'example_xcom' retrieved from /home/codespace/.local/share/virtualenvs/airflow_sandbox-vp-HKq_L/lib/python3.10/site-packages/airflow/example_dags/example_xcom.py
[2024-02-14T09:23:48.559+0000] {logging_mixin.py:188} INFO - [2024-02-14T09:23:48.559+0000] {dag.py:3033} INFO - Sync 1 DAGs
[2024-02-14T09:23:48.574+0000] {logging_mixin.py:188} INFO - [2024-02-14T09:23:48.574+0000] {dag.py:3820} INFO - Setting next_dagrun for example_xcom to 2021-01-01T00:00:00+00:00, run_after=2021-01-01T00:00:00+00:00
[2024-02-14T09:23:48.616+0000] {processor.py:183} INFO - Processing /home/codespace/.local/share/virtualenvs/airflow_sandbox-vp-HKq_L/lib/python3.10/site-packages/airflow/example_dags/example_xcom.py took 0.079 seconds
[2024-02-14T09:24:28.032+0000] {processor.py:161} INFO - Started process (PID=13876) to work on /home/codespace/.local/share/virtualenvs/airflow_sandbox-vp-HKq_L/lib/python3.10/site-packages/airflow/example_dags/example_xcom.py
[2024-02-14T09:24:28.032+0000] {processor.py:830} INFO - Processing file /home/codespace/.local/share/virtualenvs/airflow_sandbox-vp-HKq_L/lib/python3.10/site-packages/airflow/example_dags/example_xcom.py for tasks to queue
[2024-02-14T09:24:28.033+0000] {logging_mixin.py:188} INFO - [2024-02-14T09:24:28.033+0000] {dagbag.py:538} INFO - Filling up the DagBag from /home/codespace/.local/share/virtualenvs/airflow_sandbox-vp-HKq_L/lib/python3.10/site-packages/airflow/example_dags/example_xcom.py
[2024-02-14T09:24:28.039+0000] {processor.py:840} INFO - DAG(s) 'example_xcom' retrieved from /home/codespace/.local/share/virtualenvs/airflow_sandbox-vp-HKq_L/lib/python3.10/site-packages/airflow/example_dags/example_xcom.py
[2024-02-14T09:24:28.058+0000] {logging_mixin.py:188} INFO - [2024-02-14T09:24:28.057+0000] {dag.py:3033} INFO - Sync 1 DAGs
[2024-02-14T09:24:28.090+0000] {logging_mixin.py:188} INFO - [2024-02-14T09:24:28.090+0000] {dag.py:3820} INFO - Setting next_dagrun for example_xcom to 2021-01-01T00:00:00+00:00, run_after=2021-01-01T00:00:00+00:00
[2024-02-14T09:24:28.138+0000] {processor.py:183} INFO - Processing /home/codespace/.local/share/virtualenvs/airflow_sandbox-vp-HKq_L/lib/python3.10/site-packages/airflow/example_dags/example_xcom.py took 0.109 seconds
[2024-02-14T09:25:20.931+0000] {processor.py:161} INFO - Started process (PID=14257) to work on /home/codespace/.local/share/virtualenvs/airflow_sandbox-vp-HKq_L/lib/python3.10/site-packages/airflow/example_dags/example_xcom.py
[2024-02-14T09:25:20.932+0000] {processor.py:830} INFO - Processing file /home/codespace/.local/share/virtualenvs/airflow_sandbox-vp-HKq_L/lib/python3.10/site-packages/airflow/example_dags/example_xcom.py for tasks to queue
[2024-02-14T09:25:20.933+0000] {logging_mixin.py:188} INFO - [2024-02-14T09:25:20.933+0000] {dagbag.py:538} INFO - Filling up the DagBag from /home/codespace/.local/share/virtualenvs/airflow_sandbox-vp-HKq_L/lib/python3.10/site-packages/airflow/example_dags/example_xcom.py
[2024-02-14T09:25:20.942+0000] {processor.py:840} INFO - DAG(s) 'example_xcom' retrieved from /home/codespace/.local/share/virtualenvs/airflow_sandbox-vp-HKq_L/lib/python3.10/site-packages/airflow/example_dags/example_xcom.py
[2024-02-14T09:25:20.962+0000] {logging_mixin.py:188} INFO - [2024-02-14T09:25:20.962+0000] {dag.py:3033} INFO - Sync 1 DAGs
[2024-02-14T09:25:20.987+0000] {logging_mixin.py:188} INFO - [2024-02-14T09:25:20.986+0000] {dag.py:3820} INFO - Setting next_dagrun for example_xcom to 2021-01-01T00:00:00+00:00, run_after=2021-01-01T00:00:00+00:00
[2024-02-14T09:25:21.038+0000] {processor.py:183} INFO - Processing /home/codespace/.local/share/virtualenvs/airflow_sandbox-vp-HKq_L/lib/python3.10/site-packages/airflow/example_dags/example_xcom.py took 0.111 seconds
[2024-02-14T09:25:58.155+0000] {processor.py:161} INFO - Started process (PID=14499) to work on /home/codespace/.local/share/virtualenvs/airflow_sandbox-vp-HKq_L/lib/python3.10/site-packages/airflow/example_dags/example_xcom.py
[2024-02-14T09:25:58.155+0000] {processor.py:830} INFO - Processing file /home/codespace/.local/share/virtualenvs/airflow_sandbox-vp-HKq_L/lib/python3.10/site-packages/airflow/example_dags/example_xcom.py for tasks to queue
[2024-02-14T09:25:58.156+0000] {logging_mixin.py:188} INFO - [2024-02-14T09:25:58.156+0000] {dagbag.py:538} INFO - Filling up the DagBag from /home/codespace/.local/share/virtualenvs/airflow_sandbox-vp-HKq_L/lib/python3.10/site-packages/airflow/example_dags/example_xcom.py
[2024-02-14T09:25:58.162+0000] {processor.py:840} INFO - DAG(s) 'example_xcom' retrieved from /home/codespace/.local/share/virtualenvs/airflow_sandbox-vp-HKq_L/lib/python3.10/site-packages/airflow/example_dags/example_xcom.py
[2024-02-14T09:25:58.175+0000] {logging_mixin.py:188} INFO - [2024-02-14T09:25:58.174+0000] {dag.py:3033} INFO - Sync 1 DAGs
[2024-02-14T09:25:58.191+0000] {logging_mixin.py:188} INFO - [2024-02-14T09:25:58.191+0000] {dag.py:3820} INFO - Setting next_dagrun for example_xcom to 2021-01-01T00:00:00+00:00, run_after=2021-01-01T00:00:00+00:00
[2024-02-14T09:25:58.233+0000] {processor.py:183} INFO - Processing /home/codespace/.local/share/virtualenvs/airflow_sandbox-vp-HKq_L/lib/python3.10/site-packages/airflow/example_dags/example_xcom.py took 0.081 seconds
[2024-02-14T09:26:50.139+0000] {processor.py:161} INFO - Started process (PID=14855) to work on /home/codespace/.local/share/virtualenvs/airflow_sandbox-vp-HKq_L/lib/python3.10/site-packages/airflow/example_dags/example_xcom.py
[2024-02-14T09:26:50.140+0000] {processor.py:830} INFO - Processing file /home/codespace/.local/share/virtualenvs/airflow_sandbox-vp-HKq_L/lib/python3.10/site-packages/airflow/example_dags/example_xcom.py for tasks to queue
[2024-02-14T09:26:50.140+0000] {logging_mixin.py:188} INFO - [2024-02-14T09:26:50.140+0000] {dagbag.py:538} INFO - Filling up the DagBag from /home/codespace/.local/share/virtualenvs/airflow_sandbox-vp-HKq_L/lib/python3.10/site-packages/airflow/example_dags/example_xcom.py
[2024-02-14T09:26:50.146+0000] {processor.py:840} INFO - DAG(s) 'example_xcom' retrieved from /home/codespace/.local/share/virtualenvs/airflow_sandbox-vp-HKq_L/lib/python3.10/site-packages/airflow/example_dags/example_xcom.py
[2024-02-14T09:26:50.159+0000] {logging_mixin.py:188} INFO - [2024-02-14T09:26:50.159+0000] {dag.py:3033} INFO - Sync 1 DAGs
[2024-02-14T09:26:50.174+0000] {logging_mixin.py:188} INFO - [2024-02-14T09:26:50.174+0000] {dag.py:3820} INFO - Setting next_dagrun for example_xcom to 2021-01-01T00:00:00+00:00, run_after=2021-01-01T00:00:00+00:00
[2024-02-14T09:26:50.224+0000] {processor.py:183} INFO - Processing /home/codespace/.local/share/virtualenvs/airflow_sandbox-vp-HKq_L/lib/python3.10/site-packages/airflow/example_dags/example_xcom.py took 0.087 seconds
[2024-02-14T09:27:28.927+0000] {processor.py:161} INFO - Started process (PID=15125) to work on /home/codespace/.local/share/virtualenvs/airflow_sandbox-vp-HKq_L/lib/python3.10/site-packages/airflow/example_dags/example_xcom.py
[2024-02-14T09:27:28.928+0000] {processor.py:830} INFO - Processing file /home/codespace/.local/share/virtualenvs/airflow_sandbox-vp-HKq_L/lib/python3.10/site-packages/airflow/example_dags/example_xcom.py for tasks to queue
[2024-02-14T09:27:28.928+0000] {logging_mixin.py:188} INFO - [2024-02-14T09:27:28.928+0000] {dagbag.py:538} INFO - Filling up the DagBag from /home/codespace/.local/share/virtualenvs/airflow_sandbox-vp-HKq_L/lib/python3.10/site-packages/airflow/example_dags/example_xcom.py
[2024-02-14T09:27:28.935+0000] {processor.py:840} INFO - DAG(s) 'example_xcom' retrieved from /home/codespace/.local/share/virtualenvs/airflow_sandbox-vp-HKq_L/lib/python3.10/site-packages/airflow/example_dags/example_xcom.py
[2024-02-14T09:27:28.949+0000] {logging_mixin.py:188} INFO - [2024-02-14T09:27:28.949+0000] {dag.py:3033} INFO - Sync 1 DAGs
[2024-02-14T09:27:28.964+0000] {logging_mixin.py:188} INFO - [2024-02-14T09:27:28.963+0000] {dag.py:3820} INFO - Setting next_dagrun for example_xcom to 2021-01-01T00:00:00+00:00, run_after=2021-01-01T00:00:00+00:00
[2024-02-14T09:27:29.010+0000] {processor.py:183} INFO - Processing /home/codespace/.local/share/virtualenvs/airflow_sandbox-vp-HKq_L/lib/python3.10/site-packages/airflow/example_dags/example_xcom.py took 0.085 seconds
[2024-02-14T09:28:22.701+0000] {processor.py:161} INFO - Started process (PID=15535) to work on /home/codespace/.local/share/virtualenvs/airflow_sandbox-vp-HKq_L/lib/python3.10/site-packages/airflow/example_dags/example_xcom.py
[2024-02-14T09:28:22.702+0000] {processor.py:830} INFO - Processing file /home/codespace/.local/share/virtualenvs/airflow_sandbox-vp-HKq_L/lib/python3.10/site-packages/airflow/example_dags/example_xcom.py for tasks to queue
[2024-02-14T09:28:22.703+0000] {logging_mixin.py:188} INFO - [2024-02-14T09:28:22.703+0000] {dagbag.py:538} INFO - Filling up the DagBag from /home/codespace/.local/share/virtualenvs/airflow_sandbox-vp-HKq_L/lib/python3.10/site-packages/airflow/example_dags/example_xcom.py
[2024-02-14T09:28:22.710+0000] {processor.py:840} INFO - DAG(s) 'example_xcom' retrieved from /home/codespace/.local/share/virtualenvs/airflow_sandbox-vp-HKq_L/lib/python3.10/site-packages/airflow/example_dags/example_xcom.py
[2024-02-14T09:28:22.723+0000] {logging_mixin.py:188} INFO - [2024-02-14T09:28:22.723+0000] {dag.py:3033} INFO - Sync 1 DAGs
[2024-02-14T09:28:22.739+0000] {logging_mixin.py:188} INFO - [2024-02-14T09:28:22.738+0000] {dag.py:3820} INFO - Setting next_dagrun for example_xcom to 2021-01-01T00:00:00+00:00, run_after=2021-01-01T00:00:00+00:00
[2024-02-14T09:28:22.780+0000] {processor.py:183} INFO - Processing /home/codespace/.local/share/virtualenvs/airflow_sandbox-vp-HKq_L/lib/python3.10/site-packages/airflow/example_dags/example_xcom.py took 0.082 seconds
[2024-02-14T09:29:13.921+0000] {processor.py:161} INFO - Started process (PID=16037) to work on /home/codespace/.local/share/virtualenvs/airflow_sandbox-vp-HKq_L/lib/python3.10/site-packages/airflow/example_dags/example_xcom.py
[2024-02-14T09:29:13.922+0000] {processor.py:830} INFO - Processing file /home/codespace/.local/share/virtualenvs/airflow_sandbox-vp-HKq_L/lib/python3.10/site-packages/airflow/example_dags/example_xcom.py for tasks to queue
[2024-02-14T09:29:13.923+0000] {logging_mixin.py:188} INFO - [2024-02-14T09:29:13.922+0000] {dagbag.py:538} INFO - Filling up the DagBag from /home/codespace/.local/share/virtualenvs/airflow_sandbox-vp-HKq_L/lib/python3.10/site-packages/airflow/example_dags/example_xcom.py
[2024-02-14T09:29:13.928+0000] {processor.py:840} INFO - DAG(s) 'example_xcom' retrieved from /home/codespace/.local/share/virtualenvs/airflow_sandbox-vp-HKq_L/lib/python3.10/site-packages/airflow/example_dags/example_xcom.py
[2024-02-14T09:29:13.941+0000] {logging_mixin.py:188} INFO - [2024-02-14T09:29:13.941+0000] {dag.py:3033} INFO - Sync 1 DAGs
[2024-02-14T09:29:13.958+0000] {logging_mixin.py:188} INFO - [2024-02-14T09:29:13.958+0000] {dag.py:3820} INFO - Setting next_dagrun for example_xcom to 2021-01-01T00:00:00+00:00, run_after=2021-01-01T00:00:00+00:00
[2024-02-14T09:29:14.002+0000] {processor.py:183} INFO - Processing /home/codespace/.local/share/virtualenvs/airflow_sandbox-vp-HKq_L/lib/python3.10/site-packages/airflow/example_dags/example_xcom.py took 0.083 seconds
[2024-02-14T09:29:51.660+0000] {processor.py:161} INFO - Started process (PID=16310) to work on /home/codespace/.local/share/virtualenvs/airflow_sandbox-vp-HKq_L/lib/python3.10/site-packages/airflow/example_dags/example_xcom.py
[2024-02-14T09:29:51.661+0000] {processor.py:830} INFO - Processing file /home/codespace/.local/share/virtualenvs/airflow_sandbox-vp-HKq_L/lib/python3.10/site-packages/airflow/example_dags/example_xcom.py for tasks to queue
[2024-02-14T09:29:51.661+0000] {logging_mixin.py:188} INFO - [2024-02-14T09:29:51.661+0000] {dagbag.py:538} INFO - Filling up the DagBag from /home/codespace/.local/share/virtualenvs/airflow_sandbox-vp-HKq_L/lib/python3.10/site-packages/airflow/example_dags/example_xcom.py
[2024-02-14T09:29:51.667+0000] {processor.py:840} INFO - DAG(s) 'example_xcom' retrieved from /home/codespace/.local/share/virtualenvs/airflow_sandbox-vp-HKq_L/lib/python3.10/site-packages/airflow/example_dags/example_xcom.py
[2024-02-14T09:29:51.679+0000] {logging_mixin.py:188} INFO - [2024-02-14T09:29:51.679+0000] {dag.py:3033} INFO - Sync 1 DAGs
[2024-02-14T09:29:51.695+0000] {logging_mixin.py:188} INFO - [2024-02-14T09:29:51.694+0000] {dag.py:3820} INFO - Setting next_dagrun for example_xcom to 2021-01-01T00:00:00+00:00, run_after=2021-01-01T00:00:00+00:00
[2024-02-14T09:29:51.741+0000] {processor.py:183} INFO - Processing /home/codespace/.local/share/virtualenvs/airflow_sandbox-vp-HKq_L/lib/python3.10/site-packages/airflow/example_dags/example_xcom.py took 0.084 seconds
[2024-02-14T09:30:42.128+0000] {processor.py:161} INFO - Started process (PID=16662) to work on /home/codespace/.local/share/virtualenvs/airflow_sandbox-vp-HKq_L/lib/python3.10/site-packages/airflow/example_dags/example_xcom.py
[2024-02-14T09:30:42.129+0000] {processor.py:830} INFO - Processing file /home/codespace/.local/share/virtualenvs/airflow_sandbox-vp-HKq_L/lib/python3.10/site-packages/airflow/example_dags/example_xcom.py for tasks to queue
[2024-02-14T09:30:42.130+0000] {logging_mixin.py:188} INFO - [2024-02-14T09:30:42.129+0000] {dagbag.py:538} INFO - Filling up the DagBag from /home/codespace/.local/share/virtualenvs/airflow_sandbox-vp-HKq_L/lib/python3.10/site-packages/airflow/example_dags/example_xcom.py
[2024-02-14T09:30:42.136+0000] {processor.py:840} INFO - DAG(s) 'example_xcom' retrieved from /home/codespace/.local/share/virtualenvs/airflow_sandbox-vp-HKq_L/lib/python3.10/site-packages/airflow/example_dags/example_xcom.py
[2024-02-14T09:30:42.149+0000] {logging_mixin.py:188} INFO - [2024-02-14T09:30:42.148+0000] {dag.py:3033} INFO - Sync 1 DAGs
[2024-02-14T09:30:42.164+0000] {logging_mixin.py:188} INFO - [2024-02-14T09:30:42.164+0000] {dag.py:3820} INFO - Setting next_dagrun for example_xcom to 2021-01-01T00:00:00+00:00, run_after=2021-01-01T00:00:00+00:00
[2024-02-14T09:30:42.209+0000] {processor.py:183} INFO - Processing /home/codespace/.local/share/virtualenvs/airflow_sandbox-vp-HKq_L/lib/python3.10/site-packages/airflow/example_dags/example_xcom.py took 0.083 seconds
[2024-02-14T09:31:35.405+0000] {processor.py:161} INFO - Started process (PID=17040) to work on /home/codespace/.local/share/virtualenvs/airflow_sandbox-vp-HKq_L/lib/python3.10/site-packages/airflow/example_dags/example_xcom.py
[2024-02-14T09:31:35.405+0000] {processor.py:830} INFO - Processing file /home/codespace/.local/share/virtualenvs/airflow_sandbox-vp-HKq_L/lib/python3.10/site-packages/airflow/example_dags/example_xcom.py for tasks to queue
[2024-02-14T09:31:35.406+0000] {logging_mixin.py:188} INFO - [2024-02-14T09:31:35.406+0000] {dagbag.py:538} INFO - Filling up the DagBag from /home/codespace/.local/share/virtualenvs/airflow_sandbox-vp-HKq_L/lib/python3.10/site-packages/airflow/example_dags/example_xcom.py
[2024-02-14T09:31:35.412+0000] {processor.py:840} INFO - DAG(s) 'example_xcom' retrieved from /home/codespace/.local/share/virtualenvs/airflow_sandbox-vp-HKq_L/lib/python3.10/site-packages/airflow/example_dags/example_xcom.py
[2024-02-14T09:31:35.424+0000] {logging_mixin.py:188} INFO - [2024-02-14T09:31:35.424+0000] {dag.py:3033} INFO - Sync 1 DAGs
[2024-02-14T09:31:35.439+0000] {logging_mixin.py:188} INFO - [2024-02-14T09:31:35.439+0000] {dag.py:3820} INFO - Setting next_dagrun for example_xcom to 2021-01-01T00:00:00+00:00, run_after=2021-01-01T00:00:00+00:00
[2024-02-14T09:31:35.479+0000] {processor.py:183} INFO - Processing /home/codespace/.local/share/virtualenvs/airflow_sandbox-vp-HKq_L/lib/python3.10/site-packages/airflow/example_dags/example_xcom.py took 0.077 seconds
[2024-02-14T09:32:29.951+0000] {processor.py:161} INFO - Started process (PID=17430) to work on /home/codespace/.local/share/virtualenvs/airflow_sandbox-vp-HKq_L/lib/python3.10/site-packages/airflow/example_dags/example_xcom.py
[2024-02-14T09:32:29.951+0000] {processor.py:830} INFO - Processing file /home/codespace/.local/share/virtualenvs/airflow_sandbox-vp-HKq_L/lib/python3.10/site-packages/airflow/example_dags/example_xcom.py for tasks to queue
[2024-02-14T09:32:29.952+0000] {logging_mixin.py:188} INFO - [2024-02-14T09:32:29.952+0000] {dagbag.py:538} INFO - Filling up the DagBag from /home/codespace/.local/share/virtualenvs/airflow_sandbox-vp-HKq_L/lib/python3.10/site-packages/airflow/example_dags/example_xcom.py
[2024-02-14T09:32:29.958+0000] {processor.py:840} INFO - DAG(s) 'example_xcom' retrieved from /home/codespace/.local/share/virtualenvs/airflow_sandbox-vp-HKq_L/lib/python3.10/site-packages/airflow/example_dags/example_xcom.py
[2024-02-14T09:32:29.971+0000] {logging_mixin.py:188} INFO - [2024-02-14T09:32:29.971+0000] {dag.py:3033} INFO - Sync 1 DAGs
[2024-02-14T09:32:29.987+0000] {logging_mixin.py:188} INFO - [2024-02-14T09:32:29.987+0000] {dag.py:3820} INFO - Setting next_dagrun for example_xcom to 2021-01-01T00:00:00+00:00, run_after=2021-01-01T00:00:00+00:00
[2024-02-14T09:32:30.029+0000] {processor.py:183} INFO - Processing /home/codespace/.local/share/virtualenvs/airflow_sandbox-vp-HKq_L/lib/python3.10/site-packages/airflow/example_dags/example_xcom.py took 0.080 seconds
[2024-02-14T09:33:19.906+0000] {processor.py:161} INFO - Started process (PID=17793) to work on /home/codespace/.local/share/virtualenvs/airflow_sandbox-vp-HKq_L/lib/python3.10/site-packages/airflow/example_dags/example_xcom.py
[2024-02-14T09:33:19.906+0000] {processor.py:830} INFO - Processing file /home/codespace/.local/share/virtualenvs/airflow_sandbox-vp-HKq_L/lib/python3.10/site-packages/airflow/example_dags/example_xcom.py for tasks to queue
[2024-02-14T09:33:19.907+0000] {logging_mixin.py:188} INFO - [2024-02-14T09:33:19.907+0000] {dagbag.py:538} INFO - Filling up the DagBag from /home/codespace/.local/share/virtualenvs/airflow_sandbox-vp-HKq_L/lib/python3.10/site-packages/airflow/example_dags/example_xcom.py
[2024-02-14T09:33:19.914+0000] {processor.py:840} INFO - DAG(s) 'example_xcom' retrieved from /home/codespace/.local/share/virtualenvs/airflow_sandbox-vp-HKq_L/lib/python3.10/site-packages/airflow/example_dags/example_xcom.py
[2024-02-14T09:33:19.930+0000] {logging_mixin.py:188} INFO - [2024-02-14T09:33:19.930+0000] {dag.py:3033} INFO - Sync 1 DAGs
[2024-02-14T09:33:19.952+0000] {logging_mixin.py:188} INFO - [2024-02-14T09:33:19.952+0000] {dag.py:3820} INFO - Setting next_dagrun for example_xcom to 2021-01-01T00:00:00+00:00, run_after=2021-01-01T00:00:00+00:00
[2024-02-14T09:33:20.023+0000] {processor.py:183} INFO - Processing /home/codespace/.local/share/virtualenvs/airflow_sandbox-vp-HKq_L/lib/python3.10/site-packages/airflow/example_dags/example_xcom.py took 0.120 seconds
[2024-02-14T09:34:11.785+0000] {processor.py:161} INFO - Started process (PID=18185) to work on /home/codespace/.local/share/virtualenvs/airflow_sandbox-vp-HKq_L/lib/python3.10/site-packages/airflow/example_dags/example_xcom.py
[2024-02-14T09:34:11.786+0000] {processor.py:830} INFO - Processing file /home/codespace/.local/share/virtualenvs/airflow_sandbox-vp-HKq_L/lib/python3.10/site-packages/airflow/example_dags/example_xcom.py for tasks to queue
[2024-02-14T09:34:11.787+0000] {logging_mixin.py:188} INFO - [2024-02-14T09:34:11.787+0000] {dagbag.py:538} INFO - Filling up the DagBag from /home/codespace/.local/share/virtualenvs/airflow_sandbox-vp-HKq_L/lib/python3.10/site-packages/airflow/example_dags/example_xcom.py
[2024-02-14T09:34:11.793+0000] {processor.py:840} INFO - DAG(s) 'example_xcom' retrieved from /home/codespace/.local/share/virtualenvs/airflow_sandbox-vp-HKq_L/lib/python3.10/site-packages/airflow/example_dags/example_xcom.py
[2024-02-14T09:34:11.806+0000] {logging_mixin.py:188} INFO - [2024-02-14T09:34:11.806+0000] {dag.py:3033} INFO - Sync 1 DAGs
[2024-02-14T09:34:11.822+0000] {logging_mixin.py:188} INFO - [2024-02-14T09:34:11.821+0000] {dag.py:3820} INFO - Setting next_dagrun for example_xcom to 2021-01-01T00:00:00+00:00, run_after=2021-01-01T00:00:00+00:00
[2024-02-14T09:34:11.869+0000] {processor.py:183} INFO - Processing /home/codespace/.local/share/virtualenvs/airflow_sandbox-vp-HKq_L/lib/python3.10/site-packages/airflow/example_dags/example_xcom.py took 0.086 seconds
[2024-02-14T09:34:50.717+0000] {processor.py:161} INFO - Started process (PID=18591) to work on /home/codespace/.local/share/virtualenvs/airflow_sandbox-vp-HKq_L/lib/python3.10/site-packages/airflow/example_dags/example_xcom.py
[2024-02-14T09:34:50.717+0000] {processor.py:830} INFO - Processing file /home/codespace/.local/share/virtualenvs/airflow_sandbox-vp-HKq_L/lib/python3.10/site-packages/airflow/example_dags/example_xcom.py for tasks to queue
[2024-02-14T09:34:50.718+0000] {logging_mixin.py:188} INFO - [2024-02-14T09:34:50.718+0000] {dagbag.py:538} INFO - Filling up the DagBag from /home/codespace/.local/share/virtualenvs/airflow_sandbox-vp-HKq_L/lib/python3.10/site-packages/airflow/example_dags/example_xcom.py
[2024-02-14T09:34:50.725+0000] {processor.py:840} INFO - DAG(s) 'example_xcom' retrieved from /home/codespace/.local/share/virtualenvs/airflow_sandbox-vp-HKq_L/lib/python3.10/site-packages/airflow/example_dags/example_xcom.py
[2024-02-14T09:34:50.737+0000] {logging_mixin.py:188} INFO - [2024-02-14T09:34:50.737+0000] {dag.py:3033} INFO - Sync 1 DAGs
[2024-02-14T09:34:50.752+0000] {logging_mixin.py:188} INFO - [2024-02-14T09:34:50.752+0000] {dag.py:3820} INFO - Setting next_dagrun for example_xcom to 2021-01-01T00:00:00+00:00, run_after=2021-01-01T00:00:00+00:00
[2024-02-14T09:34:50.793+0000] {processor.py:183} INFO - Processing /home/codespace/.local/share/virtualenvs/airflow_sandbox-vp-HKq_L/lib/python3.10/site-packages/airflow/example_dags/example_xcom.py took 0.079 seconds
