[2024-02-14T09:08:16.386+0000] {processor.py:161} INFO - Started process (PID=4910) to work on /home/codespace/.local/share/virtualenvs/airflow_sandbox-vp-HKq_L/lib/python3.10/site-packages/airflow/example_dags/example_branch_operator.py
[2024-02-14T09:08:16.387+0000] {processor.py:830} INFO - Processing file /home/codespace/.local/share/virtualenvs/airflow_sandbox-vp-HKq_L/lib/python3.10/site-packages/airflow/example_dags/example_branch_operator.py for tasks to queue
[2024-02-14T09:08:16.387+0000] {logging_mixin.py:188} INFO - [2024-02-14T09:08:16.387+0000] {dagbag.py:538} INFO - Filling up the DagBag from /home/codespace/.local/share/virtualenvs/airflow_sandbox-vp-HKq_L/lib/python3.10/site-packages/airflow/example_dags/example_branch_operator.py
[2024-02-14T09:08:16.408+0000] {processor.py:840} INFO - DAG(s) 'example_branch_operator' retrieved from /home/codespace/.local/share/virtualenvs/airflow_sandbox-vp-HKq_L/lib/python3.10/site-packages/airflow/example_dags/example_branch_operator.py
[2024-02-14T09:08:16.523+0000] {logging_mixin.py:188} INFO - [2024-02-14T09:08:16.523+0000] {dag.py:3033} INFO - Sync 1 DAGs
[2024-02-14T09:08:16.538+0000] {logging_mixin.py:188} INFO - [2024-02-14T09:08:16.538+0000] {dag.py:3820} INFO - Setting next_dagrun for example_branch_operator to 2024-02-13T00:00:00+00:00, run_after=2024-02-14T00:00:00+00:00
[2024-02-14T09:08:16.595+0000] {processor.py:183} INFO - Processing /home/codespace/.local/share/virtualenvs/airflow_sandbox-vp-HKq_L/lib/python3.10/site-packages/airflow/example_dags/example_branch_operator.py took 0.211 seconds
[2024-02-14T09:09:24.081+0000] {processor.py:161} INFO - Started process (PID=5922) to work on /home/codespace/.local/share/virtualenvs/airflow_sandbox-vp-HKq_L/lib/python3.10/site-packages/airflow/example_dags/example_branch_operator.py
[2024-02-14T09:09:24.081+0000] {processor.py:830} INFO - Processing file /home/codespace/.local/share/virtualenvs/airflow_sandbox-vp-HKq_L/lib/python3.10/site-packages/airflow/example_dags/example_branch_operator.py for tasks to queue
[2024-02-14T09:09:24.082+0000] {logging_mixin.py:188} INFO - [2024-02-14T09:09:24.082+0000] {dagbag.py:538} INFO - Filling up the DagBag from /home/codespace/.local/share/virtualenvs/airflow_sandbox-vp-HKq_L/lib/python3.10/site-packages/airflow/example_dags/example_branch_operator.py
[2024-02-14T09:09:24.098+0000] {processor.py:840} INFO - DAG(s) 'example_branch_operator' retrieved from /home/codespace/.local/share/virtualenvs/airflow_sandbox-vp-HKq_L/lib/python3.10/site-packages/airflow/example_dags/example_branch_operator.py
[2024-02-14T09:09:24.118+0000] {logging_mixin.py:188} INFO - [2024-02-14T09:09:24.118+0000] {dag.py:3033} INFO - Sync 1 DAGs
[2024-02-14T09:09:24.137+0000] {logging_mixin.py:188} INFO - [2024-02-14T09:09:24.137+0000] {dag.py:3820} INFO - Setting next_dagrun for example_branch_operator to 2024-02-13T00:00:00+00:00, run_after=2024-02-14T00:00:00+00:00
[2024-02-14T09:09:24.179+0000] {processor.py:183} INFO - Processing /home/codespace/.local/share/virtualenvs/airflow_sandbox-vp-HKq_L/lib/python3.10/site-packages/airflow/example_dags/example_branch_operator.py took 0.101 seconds
[2024-02-14T09:10:26.546+0000] {processor.py:161} INFO - Started process (PID=6714) to work on /home/codespace/.local/share/virtualenvs/airflow_sandbox-vp-HKq_L/lib/python3.10/site-packages/airflow/example_dags/example_branch_operator.py
[2024-02-14T09:10:26.550+0000] {processor.py:830} INFO - Processing file /home/codespace/.local/share/virtualenvs/airflow_sandbox-vp-HKq_L/lib/python3.10/site-packages/airflow/example_dags/example_branch_operator.py for tasks to queue
[2024-02-14T09:10:26.551+0000] {logging_mixin.py:188} INFO - [2024-02-14T09:10:26.550+0000] {dagbag.py:538} INFO - Filling up the DagBag from /home/codespace/.local/share/virtualenvs/airflow_sandbox-vp-HKq_L/lib/python3.10/site-packages/airflow/example_dags/example_branch_operator.py
[2024-02-14T09:10:26.567+0000] {processor.py:840} INFO - DAG(s) 'example_branch_operator' retrieved from /home/codespace/.local/share/virtualenvs/airflow_sandbox-vp-HKq_L/lib/python3.10/site-packages/airflow/example_dags/example_branch_operator.py
[2024-02-14T09:10:26.586+0000] {logging_mixin.py:188} INFO - [2024-02-14T09:10:26.586+0000] {dag.py:3033} INFO - Sync 1 DAGs
[2024-02-14T09:10:26.603+0000] {logging_mixin.py:188} INFO - [2024-02-14T09:10:26.603+0000] {dag.py:3820} INFO - Setting next_dagrun for example_branch_operator to 2024-02-13T00:00:00+00:00, run_after=2024-02-14T00:00:00+00:00
[2024-02-14T09:10:26.643+0000] {processor.py:183} INFO - Processing /home/codespace/.local/share/virtualenvs/airflow_sandbox-vp-HKq_L/lib/python3.10/site-packages/airflow/example_dags/example_branch_operator.py took 0.100 seconds
[2024-02-14T09:11:21.803+0000] {processor.py:161} INFO - Started process (PID=7356) to work on /home/codespace/.local/share/virtualenvs/airflow_sandbox-vp-HKq_L/lib/python3.10/site-packages/airflow/example_dags/example_branch_operator.py
[2024-02-14T09:11:21.803+0000] {processor.py:830} INFO - Processing file /home/codespace/.local/share/virtualenvs/airflow_sandbox-vp-HKq_L/lib/python3.10/site-packages/airflow/example_dags/example_branch_operator.py for tasks to queue
[2024-02-14T09:11:21.804+0000] {logging_mixin.py:188} INFO - [2024-02-14T09:11:21.804+0000] {dagbag.py:538} INFO - Filling up the DagBag from /home/codespace/.local/share/virtualenvs/airflow_sandbox-vp-HKq_L/lib/python3.10/site-packages/airflow/example_dags/example_branch_operator.py
[2024-02-14T09:11:21.822+0000] {processor.py:840} INFO - DAG(s) 'example_branch_operator' retrieved from /home/codespace/.local/share/virtualenvs/airflow_sandbox-vp-HKq_L/lib/python3.10/site-packages/airflow/example_dags/example_branch_operator.py
[2024-02-14T09:11:21.849+0000] {logging_mixin.py:188} INFO - [2024-02-14T09:11:21.849+0000] {dag.py:3033} INFO - Sync 1 DAGs
[2024-02-14T09:11:21.867+0000] {logging_mixin.py:188} INFO - [2024-02-14T09:11:21.867+0000] {dag.py:3820} INFO - Setting next_dagrun for example_branch_operator to 2024-02-13T00:00:00+00:00, run_after=2024-02-14T00:00:00+00:00
[2024-02-14T09:11:21.911+0000] {processor.py:183} INFO - Processing /home/codespace/.local/share/virtualenvs/airflow_sandbox-vp-HKq_L/lib/python3.10/site-packages/airflow/example_dags/example_branch_operator.py took 0.110 seconds
[2024-02-14T09:12:17.184+0000] {processor.py:161} INFO - Started process (PID=8015) to work on /home/codespace/.local/share/virtualenvs/airflow_sandbox-vp-HKq_L/lib/python3.10/site-packages/airflow/example_dags/example_branch_operator.py
[2024-02-14T09:12:17.185+0000] {processor.py:830} INFO - Processing file /home/codespace/.local/share/virtualenvs/airflow_sandbox-vp-HKq_L/lib/python3.10/site-packages/airflow/example_dags/example_branch_operator.py for tasks to queue
[2024-02-14T09:12:17.186+0000] {logging_mixin.py:188} INFO - [2024-02-14T09:12:17.186+0000] {dagbag.py:538} INFO - Filling up the DagBag from /home/codespace/.local/share/virtualenvs/airflow_sandbox-vp-HKq_L/lib/python3.10/site-packages/airflow/example_dags/example_branch_operator.py
[2024-02-14T09:12:17.201+0000] {processor.py:840} INFO - DAG(s) 'example_branch_operator' retrieved from /home/codespace/.local/share/virtualenvs/airflow_sandbox-vp-HKq_L/lib/python3.10/site-packages/airflow/example_dags/example_branch_operator.py
[2024-02-14T09:12:17.219+0000] {logging_mixin.py:188} INFO - [2024-02-14T09:12:17.219+0000] {dag.py:3033} INFO - Sync 1 DAGs
[2024-02-14T09:12:17.236+0000] {logging_mixin.py:188} INFO - [2024-02-14T09:12:17.236+0000] {dag.py:3820} INFO - Setting next_dagrun for example_branch_operator to 2024-02-13T00:00:00+00:00, run_after=2024-02-14T00:00:00+00:00
[2024-02-14T09:12:17.277+0000] {processor.py:183} INFO - Processing /home/codespace/.local/share/virtualenvs/airflow_sandbox-vp-HKq_L/lib/python3.10/site-packages/airflow/example_dags/example_branch_operator.py took 0.096 seconds
[2024-02-14T09:13:13.010+0000] {processor.py:161} INFO - Started process (PID=8490) to work on /home/codespace/.local/share/virtualenvs/airflow_sandbox-vp-HKq_L/lib/python3.10/site-packages/airflow/example_dags/example_branch_operator.py
[2024-02-14T09:13:13.011+0000] {processor.py:830} INFO - Processing file /home/codespace/.local/share/virtualenvs/airflow_sandbox-vp-HKq_L/lib/python3.10/site-packages/airflow/example_dags/example_branch_operator.py for tasks to queue
[2024-02-14T09:13:13.011+0000] {logging_mixin.py:188} INFO - [2024-02-14T09:13:13.011+0000] {dagbag.py:538} INFO - Filling up the DagBag from /home/codespace/.local/share/virtualenvs/airflow_sandbox-vp-HKq_L/lib/python3.10/site-packages/airflow/example_dags/example_branch_operator.py
[2024-02-14T09:13:13.026+0000] {processor.py:840} INFO - DAG(s) 'example_branch_operator' retrieved from /home/codespace/.local/share/virtualenvs/airflow_sandbox-vp-HKq_L/lib/python3.10/site-packages/airflow/example_dags/example_branch_operator.py
[2024-02-14T09:13:13.043+0000] {logging_mixin.py:188} INFO - [2024-02-14T09:13:13.043+0000] {dag.py:3033} INFO - Sync 1 DAGs
[2024-02-14T09:13:13.059+0000] {logging_mixin.py:188} INFO - [2024-02-14T09:13:13.059+0000] {dag.py:3820} INFO - Setting next_dagrun for example_branch_operator to 2024-02-13T00:00:00+00:00, run_after=2024-02-14T00:00:00+00:00
[2024-02-14T09:13:13.101+0000] {processor.py:183} INFO - Processing /home/codespace/.local/share/virtualenvs/airflow_sandbox-vp-HKq_L/lib/python3.10/site-packages/airflow/example_dags/example_branch_operator.py took 0.093 seconds
[2024-02-14T09:14:04.566+0000] {processor.py:161} INFO - Started process (PID=8924) to work on /home/codespace/.local/share/virtualenvs/airflow_sandbox-vp-HKq_L/lib/python3.10/site-packages/airflow/example_dags/example_branch_operator.py
[2024-02-14T09:14:04.567+0000] {processor.py:830} INFO - Processing file /home/codespace/.local/share/virtualenvs/airflow_sandbox-vp-HKq_L/lib/python3.10/site-packages/airflow/example_dags/example_branch_operator.py for tasks to queue
[2024-02-14T09:14:04.568+0000] {logging_mixin.py:188} INFO - [2024-02-14T09:14:04.568+0000] {dagbag.py:538} INFO - Filling up the DagBag from /home/codespace/.local/share/virtualenvs/airflow_sandbox-vp-HKq_L/lib/python3.10/site-packages/airflow/example_dags/example_branch_operator.py
[2024-02-14T09:14:04.582+0000] {processor.py:840} INFO - DAG(s) 'example_branch_operator' retrieved from /home/codespace/.local/share/virtualenvs/airflow_sandbox-vp-HKq_L/lib/python3.10/site-packages/airflow/example_dags/example_branch_operator.py
[2024-02-14T09:14:04.603+0000] {logging_mixin.py:188} INFO - [2024-02-14T09:14:04.603+0000] {dag.py:3033} INFO - Sync 1 DAGs
[2024-02-14T09:14:04.628+0000] {logging_mixin.py:188} INFO - [2024-02-14T09:14:04.628+0000] {dag.py:3820} INFO - Setting next_dagrun for example_branch_operator to 2024-02-13T00:00:00+00:00, run_after=2024-02-14T00:00:00+00:00
[2024-02-14T09:14:04.680+0000] {processor.py:183} INFO - Processing /home/codespace/.local/share/virtualenvs/airflow_sandbox-vp-HKq_L/lib/python3.10/site-packages/airflow/example_dags/example_branch_operator.py took 0.116 seconds
[2024-02-14T09:14:56.171+0000] {processor.py:161} INFO - Started process (PID=9278) to work on /home/codespace/.local/share/virtualenvs/airflow_sandbox-vp-HKq_L/lib/python3.10/site-packages/airflow/example_dags/example_branch_operator.py
[2024-02-14T09:14:56.171+0000] {processor.py:830} INFO - Processing file /home/codespace/.local/share/virtualenvs/airflow_sandbox-vp-HKq_L/lib/python3.10/site-packages/airflow/example_dags/example_branch_operator.py for tasks to queue
[2024-02-14T09:14:56.172+0000] {logging_mixin.py:188} INFO - [2024-02-14T09:14:56.172+0000] {dagbag.py:538} INFO - Filling up the DagBag from /home/codespace/.local/share/virtualenvs/airflow_sandbox-vp-HKq_L/lib/python3.10/site-packages/airflow/example_dags/example_branch_operator.py
[2024-02-14T09:14:56.187+0000] {processor.py:840} INFO - DAG(s) 'example_branch_operator' retrieved from /home/codespace/.local/share/virtualenvs/airflow_sandbox-vp-HKq_L/lib/python3.10/site-packages/airflow/example_dags/example_branch_operator.py
[2024-02-14T09:14:56.206+0000] {logging_mixin.py:188} INFO - [2024-02-14T09:14:56.206+0000] {dag.py:3033} INFO - Sync 1 DAGs
[2024-02-14T09:14:56.224+0000] {logging_mixin.py:188} INFO - [2024-02-14T09:14:56.224+0000] {dag.py:3820} INFO - Setting next_dagrun for example_branch_operator to 2024-02-13T00:00:00+00:00, run_after=2024-02-14T00:00:00+00:00
[2024-02-14T09:14:56.266+0000] {processor.py:183} INFO - Processing /home/codespace/.local/share/virtualenvs/airflow_sandbox-vp-HKq_L/lib/python3.10/site-packages/airflow/example_dags/example_branch_operator.py took 0.097 seconds
[2024-02-14T09:15:49.053+0000] {processor.py:161} INFO - Started process (PID=9642) to work on /home/codespace/.local/share/virtualenvs/airflow_sandbox-vp-HKq_L/lib/python3.10/site-packages/airflow/example_dags/example_branch_operator.py
[2024-02-14T09:15:49.054+0000] {processor.py:830} INFO - Processing file /home/codespace/.local/share/virtualenvs/airflow_sandbox-vp-HKq_L/lib/python3.10/site-packages/airflow/example_dags/example_branch_operator.py for tasks to queue
[2024-02-14T09:15:49.055+0000] {logging_mixin.py:188} INFO - [2024-02-14T09:15:49.054+0000] {dagbag.py:538} INFO - Filling up the DagBag from /home/codespace/.local/share/virtualenvs/airflow_sandbox-vp-HKq_L/lib/python3.10/site-packages/airflow/example_dags/example_branch_operator.py
[2024-02-14T09:15:49.069+0000] {processor.py:840} INFO - DAG(s) 'example_branch_operator' retrieved from /home/codespace/.local/share/virtualenvs/airflow_sandbox-vp-HKq_L/lib/python3.10/site-packages/airflow/example_dags/example_branch_operator.py
[2024-02-14T09:15:49.086+0000] {logging_mixin.py:188} INFO - [2024-02-14T09:15:49.086+0000] {dag.py:3033} INFO - Sync 1 DAGs
[2024-02-14T09:15:49.105+0000] {logging_mixin.py:188} INFO - [2024-02-14T09:15:49.105+0000] {dag.py:3820} INFO - Setting next_dagrun for example_branch_operator to 2024-02-13T00:00:00+00:00, run_after=2024-02-14T00:00:00+00:00
[2024-02-14T09:15:49.146+0000] {processor.py:183} INFO - Processing /home/codespace/.local/share/virtualenvs/airflow_sandbox-vp-HKq_L/lib/python3.10/site-packages/airflow/example_dags/example_branch_operator.py took 0.095 seconds
[2024-02-14T09:16:42.998+0000] {processor.py:161} INFO - Started process (PID=10045) to work on /home/codespace/.local/share/virtualenvs/airflow_sandbox-vp-HKq_L/lib/python3.10/site-packages/airflow/example_dags/example_branch_operator.py
[2024-02-14T09:16:42.999+0000] {processor.py:830} INFO - Processing file /home/codespace/.local/share/virtualenvs/airflow_sandbox-vp-HKq_L/lib/python3.10/site-packages/airflow/example_dags/example_branch_operator.py for tasks to queue
[2024-02-14T09:16:42.999+0000] {logging_mixin.py:188} INFO - [2024-02-14T09:16:42.999+0000] {dagbag.py:538} INFO - Filling up the DagBag from /home/codespace/.local/share/virtualenvs/airflow_sandbox-vp-HKq_L/lib/python3.10/site-packages/airflow/example_dags/example_branch_operator.py
[2024-02-14T09:16:43.014+0000] {processor.py:840} INFO - DAG(s) 'example_branch_operator' retrieved from /home/codespace/.local/share/virtualenvs/airflow_sandbox-vp-HKq_L/lib/python3.10/site-packages/airflow/example_dags/example_branch_operator.py
[2024-02-14T09:16:43.032+0000] {logging_mixin.py:188} INFO - [2024-02-14T09:16:43.032+0000] {dag.py:3033} INFO - Sync 1 DAGs
[2024-02-14T09:16:43.049+0000] {logging_mixin.py:188} INFO - [2024-02-14T09:16:43.048+0000] {dag.py:3820} INFO - Setting next_dagrun for example_branch_operator to 2024-02-13T00:00:00+00:00, run_after=2024-02-14T00:00:00+00:00
[2024-02-14T09:16:43.090+0000] {processor.py:183} INFO - Processing /home/codespace/.local/share/virtualenvs/airflow_sandbox-vp-HKq_L/lib/python3.10/site-packages/airflow/example_dags/example_branch_operator.py took 0.095 seconds
[2024-02-14T09:17:35.962+0000] {processor.py:161} INFO - Started process (PID=10453) to work on /home/codespace/.local/share/virtualenvs/airflow_sandbox-vp-HKq_L/lib/python3.10/site-packages/airflow/example_dags/example_branch_operator.py
[2024-02-14T09:17:35.964+0000] {processor.py:830} INFO - Processing file /home/codespace/.local/share/virtualenvs/airflow_sandbox-vp-HKq_L/lib/python3.10/site-packages/airflow/example_dags/example_branch_operator.py for tasks to queue
[2024-02-14T09:17:35.967+0000] {logging_mixin.py:188} INFO - [2024-02-14T09:17:35.966+0000] {dagbag.py:538} INFO - Filling up the DagBag from /home/codespace/.local/share/virtualenvs/airflow_sandbox-vp-HKq_L/lib/python3.10/site-packages/airflow/example_dags/example_branch_operator.py
[2024-02-14T09:17:35.984+0000] {processor.py:840} INFO - DAG(s) 'example_branch_operator' retrieved from /home/codespace/.local/share/virtualenvs/airflow_sandbox-vp-HKq_L/lib/python3.10/site-packages/airflow/example_dags/example_branch_operator.py
[2024-02-14T09:17:36.003+0000] {logging_mixin.py:188} INFO - [2024-02-14T09:17:36.003+0000] {dag.py:3033} INFO - Sync 1 DAGs
[2024-02-14T09:17:36.027+0000] {logging_mixin.py:188} INFO - [2024-02-14T09:17:36.027+0000] {dag.py:3820} INFO - Setting next_dagrun for example_branch_operator to 2024-02-13T00:00:00+00:00, run_after=2024-02-14T00:00:00+00:00
[2024-02-14T09:17:36.070+0000] {processor.py:183} INFO - Processing /home/codespace/.local/share/virtualenvs/airflow_sandbox-vp-HKq_L/lib/python3.10/site-packages/airflow/example_dags/example_branch_operator.py took 0.112 seconds
[2024-02-14T09:18:27.924+0000] {processor.py:161} INFO - Started process (PID=10817) to work on /home/codespace/.local/share/virtualenvs/airflow_sandbox-vp-HKq_L/lib/python3.10/site-packages/airflow/example_dags/example_branch_operator.py
[2024-02-14T09:18:27.925+0000] {processor.py:830} INFO - Processing file /home/codespace/.local/share/virtualenvs/airflow_sandbox-vp-HKq_L/lib/python3.10/site-packages/airflow/example_dags/example_branch_operator.py for tasks to queue
[2024-02-14T09:18:27.926+0000] {logging_mixin.py:188} INFO - [2024-02-14T09:18:27.925+0000] {dagbag.py:538} INFO - Filling up the DagBag from /home/codespace/.local/share/virtualenvs/airflow_sandbox-vp-HKq_L/lib/python3.10/site-packages/airflow/example_dags/example_branch_operator.py
[2024-02-14T09:18:27.940+0000] {processor.py:840} INFO - DAG(s) 'example_branch_operator' retrieved from /home/codespace/.local/share/virtualenvs/airflow_sandbox-vp-HKq_L/lib/python3.10/site-packages/airflow/example_dags/example_branch_operator.py
[2024-02-14T09:18:27.958+0000] {logging_mixin.py:188} INFO - [2024-02-14T09:18:27.958+0000] {dag.py:3033} INFO - Sync 1 DAGs
[2024-02-14T09:18:27.975+0000] {logging_mixin.py:188} INFO - [2024-02-14T09:18:27.975+0000] {dag.py:3820} INFO - Setting next_dagrun for example_branch_operator to 2024-02-13T00:00:00+00:00, run_after=2024-02-14T00:00:00+00:00
[2024-02-14T09:18:28.018+0000] {processor.py:183} INFO - Processing /home/codespace/.local/share/virtualenvs/airflow_sandbox-vp-HKq_L/lib/python3.10/site-packages/airflow/example_dags/example_branch_operator.py took 0.096 seconds
[2024-02-14T09:19:21.482+0000] {processor.py:161} INFO - Started process (PID=11194) to work on /home/codespace/.local/share/virtualenvs/airflow_sandbox-vp-HKq_L/lib/python3.10/site-packages/airflow/example_dags/example_branch_operator.py
[2024-02-14T09:19:21.482+0000] {processor.py:830} INFO - Processing file /home/codespace/.local/share/virtualenvs/airflow_sandbox-vp-HKq_L/lib/python3.10/site-packages/airflow/example_dags/example_branch_operator.py for tasks to queue
[2024-02-14T09:19:21.483+0000] {logging_mixin.py:188} INFO - [2024-02-14T09:19:21.483+0000] {dagbag.py:538} INFO - Filling up the DagBag from /home/codespace/.local/share/virtualenvs/airflow_sandbox-vp-HKq_L/lib/python3.10/site-packages/airflow/example_dags/example_branch_operator.py
[2024-02-14T09:19:21.498+0000] {processor.py:840} INFO - DAG(s) 'example_branch_operator' retrieved from /home/codespace/.local/share/virtualenvs/airflow_sandbox-vp-HKq_L/lib/python3.10/site-packages/airflow/example_dags/example_branch_operator.py
[2024-02-14T09:19:21.517+0000] {logging_mixin.py:188} INFO - [2024-02-14T09:19:21.517+0000] {dag.py:3033} INFO - Sync 1 DAGs
[2024-02-14T09:19:21.534+0000] {logging_mixin.py:188} INFO - [2024-02-14T09:19:21.534+0000] {dag.py:3820} INFO - Setting next_dagrun for example_branch_operator to 2024-02-13T00:00:00+00:00, run_after=2024-02-14T00:00:00+00:00
[2024-02-14T09:19:21.575+0000] {processor.py:183} INFO - Processing /home/codespace/.local/share/virtualenvs/airflow_sandbox-vp-HKq_L/lib/python3.10/site-packages/airflow/example_dags/example_branch_operator.py took 0.096 seconds
[2024-02-14T09:20:17.303+0000] {processor.py:161} INFO - Started process (PID=11614) to work on /home/codespace/.local/share/virtualenvs/airflow_sandbox-vp-HKq_L/lib/python3.10/site-packages/airflow/example_dags/example_branch_operator.py
[2024-02-14T09:20:17.304+0000] {processor.py:830} INFO - Processing file /home/codespace/.local/share/virtualenvs/airflow_sandbox-vp-HKq_L/lib/python3.10/site-packages/airflow/example_dags/example_branch_operator.py for tasks to queue
[2024-02-14T09:20:17.304+0000] {logging_mixin.py:188} INFO - [2024-02-14T09:20:17.304+0000] {dagbag.py:538} INFO - Filling up the DagBag from /home/codespace/.local/share/virtualenvs/airflow_sandbox-vp-HKq_L/lib/python3.10/site-packages/airflow/example_dags/example_branch_operator.py
[2024-02-14T09:20:17.320+0000] {processor.py:840} INFO - DAG(s) 'example_branch_operator' retrieved from /home/codespace/.local/share/virtualenvs/airflow_sandbox-vp-HKq_L/lib/python3.10/site-packages/airflow/example_dags/example_branch_operator.py
[2024-02-14T09:20:17.338+0000] {logging_mixin.py:188} INFO - [2024-02-14T09:20:17.338+0000] {dag.py:3033} INFO - Sync 1 DAGs
[2024-02-14T09:20:17.354+0000] {logging_mixin.py:188} INFO - [2024-02-14T09:20:17.354+0000] {dag.py:3820} INFO - Setting next_dagrun for example_branch_operator to 2024-02-13T00:00:00+00:00, run_after=2024-02-14T00:00:00+00:00
[2024-02-14T09:20:17.394+0000] {processor.py:183} INFO - Processing /home/codespace/.local/share/virtualenvs/airflow_sandbox-vp-HKq_L/lib/python3.10/site-packages/airflow/example_dags/example_branch_operator.py took 0.094 seconds
[2024-02-14T09:21:06.624+0000] {processor.py:161} INFO - Started process (PID=12452) to work on /home/codespace/.local/share/virtualenvs/airflow_sandbox-vp-HKq_L/lib/python3.10/site-packages/airflow/example_dags/example_branch_operator.py
[2024-02-14T09:21:06.625+0000] {processor.py:830} INFO - Processing file /home/codespace/.local/share/virtualenvs/airflow_sandbox-vp-HKq_L/lib/python3.10/site-packages/airflow/example_dags/example_branch_operator.py for tasks to queue
[2024-02-14T09:21:06.625+0000] {logging_mixin.py:188} INFO - [2024-02-14T09:21:06.625+0000] {dagbag.py:538} INFO - Filling up the DagBag from /home/codespace/.local/share/virtualenvs/airflow_sandbox-vp-HKq_L/lib/python3.10/site-packages/airflow/example_dags/example_branch_operator.py
[2024-02-14T09:21:06.640+0000] {processor.py:840} INFO - DAG(s) 'example_branch_operator' retrieved from /home/codespace/.local/share/virtualenvs/airflow_sandbox-vp-HKq_L/lib/python3.10/site-packages/airflow/example_dags/example_branch_operator.py
[2024-02-14T09:21:06.658+0000] {logging_mixin.py:188} INFO - [2024-02-14T09:21:06.658+0000] {dag.py:3033} INFO - Sync 1 DAGs
[2024-02-14T09:21:06.674+0000] {logging_mixin.py:188} INFO - [2024-02-14T09:21:06.674+0000] {dag.py:3820} INFO - Setting next_dagrun for example_branch_operator to 2024-02-13T00:00:00+00:00, run_after=2024-02-14T00:00:00+00:00
[2024-02-14T09:21:06.720+0000] {processor.py:183} INFO - Processing /home/codespace/.local/share/virtualenvs/airflow_sandbox-vp-HKq_L/lib/python3.10/site-packages/airflow/example_dags/example_branch_operator.py took 0.098 seconds
[2024-02-14T09:22:01.057+0000] {processor.py:161} INFO - Started process (PID=12834) to work on /home/codespace/.local/share/virtualenvs/airflow_sandbox-vp-HKq_L/lib/python3.10/site-packages/airflow/example_dags/example_branch_operator.py
[2024-02-14T09:22:01.058+0000] {processor.py:830} INFO - Processing file /home/codespace/.local/share/virtualenvs/airflow_sandbox-vp-HKq_L/lib/python3.10/site-packages/airflow/example_dags/example_branch_operator.py for tasks to queue
[2024-02-14T09:22:01.059+0000] {logging_mixin.py:188} INFO - [2024-02-14T09:22:01.058+0000] {dagbag.py:538} INFO - Filling up the DagBag from /home/codespace/.local/share/virtualenvs/airflow_sandbox-vp-HKq_L/lib/python3.10/site-packages/airflow/example_dags/example_branch_operator.py
[2024-02-14T09:22:01.074+0000] {processor.py:840} INFO - DAG(s) 'example_branch_operator' retrieved from /home/codespace/.local/share/virtualenvs/airflow_sandbox-vp-HKq_L/lib/python3.10/site-packages/airflow/example_dags/example_branch_operator.py
[2024-02-14T09:22:01.092+0000] {logging_mixin.py:188} INFO - [2024-02-14T09:22:01.092+0000] {dag.py:3033} INFO - Sync 1 DAGs
[2024-02-14T09:22:01.108+0000] {logging_mixin.py:188} INFO - [2024-02-14T09:22:01.108+0000] {dag.py:3820} INFO - Setting next_dagrun for example_branch_operator to 2024-02-13T00:00:00+00:00, run_after=2024-02-14T00:00:00+00:00
[2024-02-14T09:22:01.151+0000] {processor.py:183} INFO - Processing /home/codespace/.local/share/virtualenvs/airflow_sandbox-vp-HKq_L/lib/python3.10/site-packages/airflow/example_dags/example_branch_operator.py took 0.097 seconds
[2024-02-14T09:22:59.073+0000] {processor.py:161} INFO - Started process (PID=13277) to work on /home/codespace/.local/share/virtualenvs/airflow_sandbox-vp-HKq_L/lib/python3.10/site-packages/airflow/example_dags/example_branch_operator.py
[2024-02-14T09:22:59.074+0000] {processor.py:830} INFO - Processing file /home/codespace/.local/share/virtualenvs/airflow_sandbox-vp-HKq_L/lib/python3.10/site-packages/airflow/example_dags/example_branch_operator.py for tasks to queue
[2024-02-14T09:22:59.074+0000] {logging_mixin.py:188} INFO - [2024-02-14T09:22:59.074+0000] {dagbag.py:538} INFO - Filling up the DagBag from /home/codespace/.local/share/virtualenvs/airflow_sandbox-vp-HKq_L/lib/python3.10/site-packages/airflow/example_dags/example_branch_operator.py
[2024-02-14T09:22:59.090+0000] {processor.py:840} INFO - DAG(s) 'example_branch_operator' retrieved from /home/codespace/.local/share/virtualenvs/airflow_sandbox-vp-HKq_L/lib/python3.10/site-packages/airflow/example_dags/example_branch_operator.py
[2024-02-14T09:22:59.108+0000] {logging_mixin.py:188} INFO - [2024-02-14T09:22:59.108+0000] {dag.py:3033} INFO - Sync 1 DAGs
[2024-02-14T09:22:59.124+0000] {logging_mixin.py:188} INFO - [2024-02-14T09:22:59.124+0000] {dag.py:3820} INFO - Setting next_dagrun for example_branch_operator to 2024-02-13T00:00:00+00:00, run_after=2024-02-14T00:00:00+00:00
[2024-02-14T09:22:59.164+0000] {processor.py:183} INFO - Processing /home/codespace/.local/share/virtualenvs/airflow_sandbox-vp-HKq_L/lib/python3.10/site-packages/airflow/example_dags/example_branch_operator.py took 0.094 seconds
[2024-02-14T09:23:55.745+0000] {processor.py:161} INFO - Started process (PID=13660) to work on /home/codespace/.local/share/virtualenvs/airflow_sandbox-vp-HKq_L/lib/python3.10/site-packages/airflow/example_dags/example_branch_operator.py
[2024-02-14T09:23:55.746+0000] {processor.py:830} INFO - Processing file /home/codespace/.local/share/virtualenvs/airflow_sandbox-vp-HKq_L/lib/python3.10/site-packages/airflow/example_dags/example_branch_operator.py for tasks to queue
[2024-02-14T09:23:55.747+0000] {logging_mixin.py:188} INFO - [2024-02-14T09:23:55.747+0000] {dagbag.py:538} INFO - Filling up the DagBag from /home/codespace/.local/share/virtualenvs/airflow_sandbox-vp-HKq_L/lib/python3.10/site-packages/airflow/example_dags/example_branch_operator.py
[2024-02-14T09:23:55.761+0000] {processor.py:840} INFO - DAG(s) 'example_branch_operator' retrieved from /home/codespace/.local/share/virtualenvs/airflow_sandbox-vp-HKq_L/lib/python3.10/site-packages/airflow/example_dags/example_branch_operator.py
[2024-02-14T09:23:55.782+0000] {logging_mixin.py:188} INFO - [2024-02-14T09:23:55.782+0000] {dag.py:3033} INFO - Sync 1 DAGs
[2024-02-14T09:23:55.799+0000] {logging_mixin.py:188} INFO - [2024-02-14T09:23:55.799+0000] {dag.py:3820} INFO - Setting next_dagrun for example_branch_operator to 2024-02-13T00:00:00+00:00, run_after=2024-02-14T00:00:00+00:00
[2024-02-14T09:23:55.842+0000] {processor.py:183} INFO - Processing /home/codespace/.local/share/virtualenvs/airflow_sandbox-vp-HKq_L/lib/python3.10/site-packages/airflow/example_dags/example_branch_operator.py took 0.099 seconds
[2024-02-14T09:24:52.692+0000] {processor.py:161} INFO - Started process (PID=14060) to work on /home/codespace/.local/share/virtualenvs/airflow_sandbox-vp-HKq_L/lib/python3.10/site-packages/airflow/example_dags/example_branch_operator.py
[2024-02-14T09:24:52.693+0000] {processor.py:830} INFO - Processing file /home/codespace/.local/share/virtualenvs/airflow_sandbox-vp-HKq_L/lib/python3.10/site-packages/airflow/example_dags/example_branch_operator.py for tasks to queue
[2024-02-14T09:24:52.694+0000] {logging_mixin.py:188} INFO - [2024-02-14T09:24:52.693+0000] {dagbag.py:538} INFO - Filling up the DagBag from /home/codespace/.local/share/virtualenvs/airflow_sandbox-vp-HKq_L/lib/python3.10/site-packages/airflow/example_dags/example_branch_operator.py
[2024-02-14T09:24:52.708+0000] {processor.py:840} INFO - DAG(s) 'example_branch_operator' retrieved from /home/codespace/.local/share/virtualenvs/airflow_sandbox-vp-HKq_L/lib/python3.10/site-packages/airflow/example_dags/example_branch_operator.py
[2024-02-14T09:24:52.735+0000] {logging_mixin.py:188} INFO - [2024-02-14T09:24:52.734+0000] {dag.py:3033} INFO - Sync 1 DAGs
[2024-02-14T09:24:52.751+0000] {logging_mixin.py:188} INFO - [2024-02-14T09:24:52.751+0000] {dag.py:3820} INFO - Setting next_dagrun for example_branch_operator to 2024-02-13T00:00:00+00:00, run_after=2024-02-14T00:00:00+00:00
[2024-02-14T09:24:52.799+0000] {processor.py:183} INFO - Processing /home/codespace/.local/share/virtualenvs/airflow_sandbox-vp-HKq_L/lib/python3.10/site-packages/airflow/example_dags/example_branch_operator.py took 0.109 seconds
[2024-02-14T09:25:47.990+0000] {processor.py:161} INFO - Started process (PID=14428) to work on /home/codespace/.local/share/virtualenvs/airflow_sandbox-vp-HKq_L/lib/python3.10/site-packages/airflow/example_dags/example_branch_operator.py
[2024-02-14T09:25:47.991+0000] {processor.py:830} INFO - Processing file /home/codespace/.local/share/virtualenvs/airflow_sandbox-vp-HKq_L/lib/python3.10/site-packages/airflow/example_dags/example_branch_operator.py for tasks to queue
[2024-02-14T09:25:47.992+0000] {logging_mixin.py:188} INFO - [2024-02-14T09:25:47.991+0000] {dagbag.py:538} INFO - Filling up the DagBag from /home/codespace/.local/share/virtualenvs/airflow_sandbox-vp-HKq_L/lib/python3.10/site-packages/airflow/example_dags/example_branch_operator.py
[2024-02-14T09:25:48.007+0000] {processor.py:840} INFO - DAG(s) 'example_branch_operator' retrieved from /home/codespace/.local/share/virtualenvs/airflow_sandbox-vp-HKq_L/lib/python3.10/site-packages/airflow/example_dags/example_branch_operator.py
[2024-02-14T09:25:48.025+0000] {logging_mixin.py:188} INFO - [2024-02-14T09:25:48.025+0000] {dag.py:3033} INFO - Sync 1 DAGs
[2024-02-14T09:25:48.041+0000] {logging_mixin.py:188} INFO - [2024-02-14T09:25:48.041+0000] {dag.py:3820} INFO - Setting next_dagrun for example_branch_operator to 2024-02-13T00:00:00+00:00, run_after=2024-02-14T00:00:00+00:00
[2024-02-14T09:25:48.085+0000] {processor.py:183} INFO - Processing /home/codespace/.local/share/virtualenvs/airflow_sandbox-vp-HKq_L/lib/python3.10/site-packages/airflow/example_dags/example_branch_operator.py took 0.097 seconds
[2024-02-14T09:26:38.571+0000] {processor.py:161} INFO - Started process (PID=14782) to work on /home/codespace/.local/share/virtualenvs/airflow_sandbox-vp-HKq_L/lib/python3.10/site-packages/airflow/example_dags/example_branch_operator.py
[2024-02-14T09:26:38.571+0000] {processor.py:830} INFO - Processing file /home/codespace/.local/share/virtualenvs/airflow_sandbox-vp-HKq_L/lib/python3.10/site-packages/airflow/example_dags/example_branch_operator.py for tasks to queue
[2024-02-14T09:26:38.572+0000] {logging_mixin.py:188} INFO - [2024-02-14T09:26:38.572+0000] {dagbag.py:538} INFO - Filling up the DagBag from /home/codespace/.local/share/virtualenvs/airflow_sandbox-vp-HKq_L/lib/python3.10/site-packages/airflow/example_dags/example_branch_operator.py
[2024-02-14T09:26:38.595+0000] {processor.py:840} INFO - DAG(s) 'example_branch_operator' retrieved from /home/codespace/.local/share/virtualenvs/airflow_sandbox-vp-HKq_L/lib/python3.10/site-packages/airflow/example_dags/example_branch_operator.py
[2024-02-14T09:26:38.620+0000] {logging_mixin.py:188} INFO - [2024-02-14T09:26:38.620+0000] {dag.py:3033} INFO - Sync 1 DAGs
[2024-02-14T09:26:38.638+0000] {logging_mixin.py:188} INFO - [2024-02-14T09:26:38.638+0000] {dag.py:3820} INFO - Setting next_dagrun for example_branch_operator to 2024-02-13T00:00:00+00:00, run_after=2024-02-14T00:00:00+00:00
[2024-02-14T09:26:38.684+0000] {processor.py:183} INFO - Processing /home/codespace/.local/share/virtualenvs/airflow_sandbox-vp-HKq_L/lib/python3.10/site-packages/airflow/example_dags/example_branch_operator.py took 0.119 seconds
[2024-02-14T09:27:34.195+0000] {processor.py:161} INFO - Started process (PID=15206) to work on /home/codespace/.local/share/virtualenvs/airflow_sandbox-vp-HKq_L/lib/python3.10/site-packages/airflow/example_dags/example_branch_operator.py
[2024-02-14T09:27:34.195+0000] {processor.py:830} INFO - Processing file /home/codespace/.local/share/virtualenvs/airflow_sandbox-vp-HKq_L/lib/python3.10/site-packages/airflow/example_dags/example_branch_operator.py for tasks to queue
[2024-02-14T09:27:34.196+0000] {logging_mixin.py:188} INFO - [2024-02-14T09:27:34.196+0000] {dagbag.py:538} INFO - Filling up the DagBag from /home/codespace/.local/share/virtualenvs/airflow_sandbox-vp-HKq_L/lib/python3.10/site-packages/airflow/example_dags/example_branch_operator.py
[2024-02-14T09:27:34.210+0000] {processor.py:840} INFO - DAG(s) 'example_branch_operator' retrieved from /home/codespace/.local/share/virtualenvs/airflow_sandbox-vp-HKq_L/lib/python3.10/site-packages/airflow/example_dags/example_branch_operator.py
[2024-02-14T09:27:34.229+0000] {logging_mixin.py:188} INFO - [2024-02-14T09:27:34.228+0000] {dag.py:3033} INFO - Sync 1 DAGs
[2024-02-14T09:27:34.245+0000] {logging_mixin.py:188} INFO - [2024-02-14T09:27:34.245+0000] {dag.py:3820} INFO - Setting next_dagrun for example_branch_operator to 2024-02-13T00:00:00+00:00, run_after=2024-02-14T00:00:00+00:00
[2024-02-14T09:27:34.290+0000] {processor.py:183} INFO - Processing /home/codespace/.local/share/virtualenvs/airflow_sandbox-vp-HKq_L/lib/python3.10/site-packages/airflow/example_dags/example_branch_operator.py took 0.098 seconds
[2024-02-14T09:28:29.631+0000] {processor.py:161} INFO - Started process (PID=15588) to work on /home/codespace/.local/share/virtualenvs/airflow_sandbox-vp-HKq_L/lib/python3.10/site-packages/airflow/example_dags/example_branch_operator.py
[2024-02-14T09:28:29.632+0000] {processor.py:830} INFO - Processing file /home/codespace/.local/share/virtualenvs/airflow_sandbox-vp-HKq_L/lib/python3.10/site-packages/airflow/example_dags/example_branch_operator.py for tasks to queue
[2024-02-14T09:28:29.632+0000] {logging_mixin.py:188} INFO - [2024-02-14T09:28:29.632+0000] {dagbag.py:538} INFO - Filling up the DagBag from /home/codespace/.local/share/virtualenvs/airflow_sandbox-vp-HKq_L/lib/python3.10/site-packages/airflow/example_dags/example_branch_operator.py
[2024-02-14T09:28:29.655+0000] {processor.py:840} INFO - DAG(s) 'example_branch_operator' retrieved from /home/codespace/.local/share/virtualenvs/airflow_sandbox-vp-HKq_L/lib/python3.10/site-packages/airflow/example_dags/example_branch_operator.py
[2024-02-14T09:28:29.673+0000] {logging_mixin.py:188} INFO - [2024-02-14T09:28:29.673+0000] {dag.py:3033} INFO - Sync 1 DAGs
[2024-02-14T09:28:29.690+0000] {logging_mixin.py:188} INFO - [2024-02-14T09:28:29.690+0000] {dag.py:3820} INFO - Setting next_dagrun for example_branch_operator to 2024-02-13T00:00:00+00:00, run_after=2024-02-14T00:00:00+00:00
[2024-02-14T09:28:29.733+0000] {processor.py:183} INFO - Processing /home/codespace/.local/share/virtualenvs/airflow_sandbox-vp-HKq_L/lib/python3.10/site-packages/airflow/example_dags/example_branch_operator.py took 0.105 seconds
[2024-02-14T09:29:21.284+0000] {processor.py:161} INFO - Started process (PID=16098) to work on /home/codespace/.local/share/virtualenvs/airflow_sandbox-vp-HKq_L/lib/python3.10/site-packages/airflow/example_dags/example_branch_operator.py
[2024-02-14T09:29:21.285+0000] {processor.py:830} INFO - Processing file /home/codespace/.local/share/virtualenvs/airflow_sandbox-vp-HKq_L/lib/python3.10/site-packages/airflow/example_dags/example_branch_operator.py for tasks to queue
[2024-02-14T09:29:21.286+0000] {logging_mixin.py:188} INFO - [2024-02-14T09:29:21.286+0000] {dagbag.py:538} INFO - Filling up the DagBag from /home/codespace/.local/share/virtualenvs/airflow_sandbox-vp-HKq_L/lib/python3.10/site-packages/airflow/example_dags/example_branch_operator.py
[2024-02-14T09:29:21.303+0000] {processor.py:840} INFO - DAG(s) 'example_branch_operator' retrieved from /home/codespace/.local/share/virtualenvs/airflow_sandbox-vp-HKq_L/lib/python3.10/site-packages/airflow/example_dags/example_branch_operator.py
[2024-02-14T09:29:21.323+0000] {logging_mixin.py:188} INFO - [2024-02-14T09:29:21.323+0000] {dag.py:3033} INFO - Sync 1 DAGs
[2024-02-14T09:29:21.339+0000] {logging_mixin.py:188} INFO - [2024-02-14T09:29:21.339+0000] {dag.py:3820} INFO - Setting next_dagrun for example_branch_operator to 2024-02-13T00:00:00+00:00, run_after=2024-02-14T00:00:00+00:00
[2024-02-14T09:29:21.383+0000] {processor.py:183} INFO - Processing /home/codespace/.local/share/virtualenvs/airflow_sandbox-vp-HKq_L/lib/python3.10/site-packages/airflow/example_dags/example_branch_operator.py took 0.102 seconds
[2024-02-14T09:30:14.058+0000] {processor.py:161} INFO - Started process (PID=16462) to work on /home/codespace/.local/share/virtualenvs/airflow_sandbox-vp-HKq_L/lib/python3.10/site-packages/airflow/example_dags/example_branch_operator.py
[2024-02-14T09:30:14.058+0000] {processor.py:830} INFO - Processing file /home/codespace/.local/share/virtualenvs/airflow_sandbox-vp-HKq_L/lib/python3.10/site-packages/airflow/example_dags/example_branch_operator.py for tasks to queue
[2024-02-14T09:30:14.059+0000] {logging_mixin.py:188} INFO - [2024-02-14T09:30:14.059+0000] {dagbag.py:538} INFO - Filling up the DagBag from /home/codespace/.local/share/virtualenvs/airflow_sandbox-vp-HKq_L/lib/python3.10/site-packages/airflow/example_dags/example_branch_operator.py
[2024-02-14T09:30:14.074+0000] {processor.py:840} INFO - DAG(s) 'example_branch_operator' retrieved from /home/codespace/.local/share/virtualenvs/airflow_sandbox-vp-HKq_L/lib/python3.10/site-packages/airflow/example_dags/example_branch_operator.py
[2024-02-14T09:30:14.092+0000] {logging_mixin.py:188} INFO - [2024-02-14T09:30:14.092+0000] {dag.py:3033} INFO - Sync 1 DAGs
[2024-02-14T09:30:14.110+0000] {logging_mixin.py:188} INFO - [2024-02-14T09:30:14.110+0000] {dag.py:3820} INFO - Setting next_dagrun for example_branch_operator to 2024-02-13T00:00:00+00:00, run_after=2024-02-14T00:00:00+00:00
[2024-02-14T09:30:14.150+0000] {processor.py:183} INFO - Processing /home/codespace/.local/share/virtualenvs/airflow_sandbox-vp-HKq_L/lib/python3.10/site-packages/airflow/example_dags/example_branch_operator.py took 0.095 seconds
[2024-02-14T09:31:05.620+0000] {processor.py:161} INFO - Started process (PID=16839) to work on /home/codespace/.local/share/virtualenvs/airflow_sandbox-vp-HKq_L/lib/python3.10/site-packages/airflow/example_dags/example_branch_operator.py
[2024-02-14T09:31:05.621+0000] {processor.py:830} INFO - Processing file /home/codespace/.local/share/virtualenvs/airflow_sandbox-vp-HKq_L/lib/python3.10/site-packages/airflow/example_dags/example_branch_operator.py for tasks to queue
[2024-02-14T09:31:05.622+0000] {logging_mixin.py:188} INFO - [2024-02-14T09:31:05.622+0000] {dagbag.py:538} INFO - Filling up the DagBag from /home/codespace/.local/share/virtualenvs/airflow_sandbox-vp-HKq_L/lib/python3.10/site-packages/airflow/example_dags/example_branch_operator.py
[2024-02-14T09:31:05.638+0000] {processor.py:840} INFO - DAG(s) 'example_branch_operator' retrieved from /home/codespace/.local/share/virtualenvs/airflow_sandbox-vp-HKq_L/lib/python3.10/site-packages/airflow/example_dags/example_branch_operator.py
[2024-02-14T09:31:05.657+0000] {logging_mixin.py:188} INFO - [2024-02-14T09:31:05.657+0000] {dag.py:3033} INFO - Sync 1 DAGs
[2024-02-14T09:31:05.674+0000] {logging_mixin.py:188} INFO - [2024-02-14T09:31:05.674+0000] {dag.py:3820} INFO - Setting next_dagrun for example_branch_operator to 2024-02-13T00:00:00+00:00, run_after=2024-02-14T00:00:00+00:00
[2024-02-14T09:31:05.724+0000] {processor.py:183} INFO - Processing /home/codespace/.local/share/virtualenvs/airflow_sandbox-vp-HKq_L/lib/python3.10/site-packages/airflow/example_dags/example_branch_operator.py took 0.106 seconds
[2024-02-14T09:31:58.668+0000] {processor.py:161} INFO - Started process (PID=17215) to work on /home/codespace/.local/share/virtualenvs/airflow_sandbox-vp-HKq_L/lib/python3.10/site-packages/airflow/example_dags/example_branch_operator.py
[2024-02-14T09:31:58.669+0000] {processor.py:830} INFO - Processing file /home/codespace/.local/share/virtualenvs/airflow_sandbox-vp-HKq_L/lib/python3.10/site-packages/airflow/example_dags/example_branch_operator.py for tasks to queue
[2024-02-14T09:31:58.669+0000] {logging_mixin.py:188} INFO - [2024-02-14T09:31:58.669+0000] {dagbag.py:538} INFO - Filling up the DagBag from /home/codespace/.local/share/virtualenvs/airflow_sandbox-vp-HKq_L/lib/python3.10/site-packages/airflow/example_dags/example_branch_operator.py
[2024-02-14T09:31:58.685+0000] {processor.py:840} INFO - DAG(s) 'example_branch_operator' retrieved from /home/codespace/.local/share/virtualenvs/airflow_sandbox-vp-HKq_L/lib/python3.10/site-packages/airflow/example_dags/example_branch_operator.py
[2024-02-14T09:31:58.704+0000] {logging_mixin.py:188} INFO - [2024-02-14T09:31:58.703+0000] {dag.py:3033} INFO - Sync 1 DAGs
[2024-02-14T09:31:58.721+0000] {logging_mixin.py:188} INFO - [2024-02-14T09:31:58.721+0000] {dag.py:3820} INFO - Setting next_dagrun for example_branch_operator to 2024-02-13T00:00:00+00:00, run_after=2024-02-14T00:00:00+00:00
[2024-02-14T09:31:58.766+0000] {processor.py:183} INFO - Processing /home/codespace/.local/share/virtualenvs/airflow_sandbox-vp-HKq_L/lib/python3.10/site-packages/airflow/example_dags/example_branch_operator.py took 0.100 seconds
[2024-02-14T09:32:52.543+0000] {processor.py:161} INFO - Started process (PID=17616) to work on /home/codespace/.local/share/virtualenvs/airflow_sandbox-vp-HKq_L/lib/python3.10/site-packages/airflow/example_dags/example_branch_operator.py
[2024-02-14T09:32:52.544+0000] {processor.py:830} INFO - Processing file /home/codespace/.local/share/virtualenvs/airflow_sandbox-vp-HKq_L/lib/python3.10/site-packages/airflow/example_dags/example_branch_operator.py for tasks to queue
[2024-02-14T09:32:52.544+0000] {logging_mixin.py:188} INFO - [2024-02-14T09:32:52.544+0000] {dagbag.py:538} INFO - Filling up the DagBag from /home/codespace/.local/share/virtualenvs/airflow_sandbox-vp-HKq_L/lib/python3.10/site-packages/airflow/example_dags/example_branch_operator.py
[2024-02-14T09:32:52.559+0000] {processor.py:840} INFO - DAG(s) 'example_branch_operator' retrieved from /home/codespace/.local/share/virtualenvs/airflow_sandbox-vp-HKq_L/lib/python3.10/site-packages/airflow/example_dags/example_branch_operator.py
[2024-02-14T09:32:52.577+0000] {logging_mixin.py:188} INFO - [2024-02-14T09:32:52.577+0000] {dag.py:3033} INFO - Sync 1 DAGs
[2024-02-14T09:32:52.594+0000] {logging_mixin.py:188} INFO - [2024-02-14T09:32:52.594+0000] {dag.py:3820} INFO - Setting next_dagrun for example_branch_operator to 2024-02-13T00:00:00+00:00, run_after=2024-02-14T00:00:00+00:00
[2024-02-14T09:32:52.637+0000] {processor.py:183} INFO - Processing /home/codespace/.local/share/virtualenvs/airflow_sandbox-vp-HKq_L/lib/python3.10/site-packages/airflow/example_dags/example_branch_operator.py took 0.096 seconds
[2024-02-14T09:33:44.868+0000] {processor.py:161} INFO - Started process (PID=17978) to work on /home/codespace/.local/share/virtualenvs/airflow_sandbox-vp-HKq_L/lib/python3.10/site-packages/airflow/example_dags/example_branch_operator.py
[2024-02-14T09:33:44.868+0000] {processor.py:830} INFO - Processing file /home/codespace/.local/share/virtualenvs/airflow_sandbox-vp-HKq_L/lib/python3.10/site-packages/airflow/example_dags/example_branch_operator.py for tasks to queue
[2024-02-14T09:33:44.869+0000] {logging_mixin.py:188} INFO - [2024-02-14T09:33:44.869+0000] {dagbag.py:538} INFO - Filling up the DagBag from /home/codespace/.local/share/virtualenvs/airflow_sandbox-vp-HKq_L/lib/python3.10/site-packages/airflow/example_dags/example_branch_operator.py
[2024-02-14T09:33:44.885+0000] {processor.py:840} INFO - DAG(s) 'example_branch_operator' retrieved from /home/codespace/.local/share/virtualenvs/airflow_sandbox-vp-HKq_L/lib/python3.10/site-packages/airflow/example_dags/example_branch_operator.py
[2024-02-14T09:33:44.904+0000] {logging_mixin.py:188} INFO - [2024-02-14T09:33:44.904+0000] {dag.py:3033} INFO - Sync 1 DAGs
[2024-02-14T09:33:44.922+0000] {logging_mixin.py:188} INFO - [2024-02-14T09:33:44.922+0000] {dag.py:3820} INFO - Setting next_dagrun for example_branch_operator to 2024-02-13T00:00:00+00:00, run_after=2024-02-14T00:00:00+00:00
[2024-02-14T09:33:44.968+0000] {processor.py:183} INFO - Processing /home/codespace/.local/share/virtualenvs/airflow_sandbox-vp-HKq_L/lib/python3.10/site-packages/airflow/example_dags/example_branch_operator.py took 0.103 seconds
[2024-02-14T09:34:36.882+0000] {processor.py:161} INFO - Started process (PID=18412) to work on /home/codespace/.local/share/virtualenvs/airflow_sandbox-vp-HKq_L/lib/python3.10/site-packages/airflow/example_dags/example_branch_operator.py
[2024-02-14T09:34:36.883+0000] {processor.py:830} INFO - Processing file /home/codespace/.local/share/virtualenvs/airflow_sandbox-vp-HKq_L/lib/python3.10/site-packages/airflow/example_dags/example_branch_operator.py for tasks to queue
[2024-02-14T09:34:36.883+0000] {logging_mixin.py:188} INFO - [2024-02-14T09:34:36.883+0000] {dagbag.py:538} INFO - Filling up the DagBag from /home/codespace/.local/share/virtualenvs/airflow_sandbox-vp-HKq_L/lib/python3.10/site-packages/airflow/example_dags/example_branch_operator.py
[2024-02-14T09:34:36.898+0000] {processor.py:840} INFO - DAG(s) 'example_branch_operator' retrieved from /home/codespace/.local/share/virtualenvs/airflow_sandbox-vp-HKq_L/lib/python3.10/site-packages/airflow/example_dags/example_branch_operator.py
[2024-02-14T09:34:36.917+0000] {logging_mixin.py:188} INFO - [2024-02-14T09:34:36.917+0000] {dag.py:3033} INFO - Sync 1 DAGs
[2024-02-14T09:34:36.934+0000] {logging_mixin.py:188} INFO - [2024-02-14T09:34:36.934+0000] {dag.py:3820} INFO - Setting next_dagrun for example_branch_operator to 2024-02-13T00:00:00+00:00, run_after=2024-02-14T00:00:00+00:00
[2024-02-14T09:34:36.977+0000] {processor.py:183} INFO - Processing /home/codespace/.local/share/virtualenvs/airflow_sandbox-vp-HKq_L/lib/python3.10/site-packages/airflow/example_dags/example_branch_operator.py took 0.097 seconds
