[2024-02-14T09:07:57.083+0000] {processor.py:161} INFO - Started process (PID=4689) to work on /home/codespace/.local/share/virtualenvs/airflow_sandbox-vp-HKq_L/lib/python3.10/site-packages/airflow/example_dags/example_external_task_marker_dag.py
[2024-02-14T09:07:57.083+0000] {processor.py:830} INFO - Processing file /home/codespace/.local/share/virtualenvs/airflow_sandbox-vp-HKq_L/lib/python3.10/site-packages/airflow/example_dags/example_external_task_marker_dag.py for tasks to queue
[2024-02-14T09:07:57.084+0000] {logging_mixin.py:188} INFO - [2024-02-14T09:07:57.084+0000] {dagbag.py:538} INFO - Filling up the DagBag from /home/codespace/.local/share/virtualenvs/airflow_sandbox-vp-HKq_L/lib/python3.10/site-packages/airflow/example_dags/example_external_task_marker_dag.py
[2024-02-14T09:07:57.089+0000] {processor.py:840} INFO - DAG(s) 'example_external_task_marker_child', 'example_external_task_marker_parent' retrieved from /home/codespace/.local/share/virtualenvs/airflow_sandbox-vp-HKq_L/lib/python3.10/site-packages/airflow/example_dags/example_external_task_marker_dag.py
[2024-02-14T09:07:57.102+0000] {logging_mixin.py:188} INFO - [2024-02-14T09:07:57.102+0000] {dag.py:3033} INFO - Sync 2 DAGs
[2024-02-14T09:07:57.111+0000] {logging_mixin.py:188} INFO - [2024-02-14T09:07:57.111+0000] {dag.py:3820} INFO - Setting next_dagrun for example_external_task_marker_child to None, run_after=None
[2024-02-14T09:07:57.114+0000] {logging_mixin.py:188} INFO - [2024-02-14T09:07:57.114+0000] {dag.py:3820} INFO - Setting next_dagrun for example_external_task_marker_parent to None, run_after=None
[2024-02-14T09:07:57.153+0000] {processor.py:183} INFO - Processing /home/codespace/.local/share/virtualenvs/airflow_sandbox-vp-HKq_L/lib/python3.10/site-packages/airflow/example_dags/example_external_task_marker_dag.py took 0.072 seconds
[2024-02-14T09:08:46.690+0000] {processor.py:161} INFO - Started process (PID=5327) to work on /home/codespace/.local/share/virtualenvs/airflow_sandbox-vp-HKq_L/lib/python3.10/site-packages/airflow/example_dags/example_external_task_marker_dag.py
[2024-02-14T09:08:46.691+0000] {processor.py:830} INFO - Processing file /home/codespace/.local/share/virtualenvs/airflow_sandbox-vp-HKq_L/lib/python3.10/site-packages/airflow/example_dags/example_external_task_marker_dag.py for tasks to queue
[2024-02-14T09:08:46.692+0000] {logging_mixin.py:188} INFO - [2024-02-14T09:08:46.692+0000] {dagbag.py:538} INFO - Filling up the DagBag from /home/codespace/.local/share/virtualenvs/airflow_sandbox-vp-HKq_L/lib/python3.10/site-packages/airflow/example_dags/example_external_task_marker_dag.py
[2024-02-14T09:08:46.697+0000] {processor.py:840} INFO - DAG(s) 'example_external_task_marker_parent', 'example_external_task_marker_child' retrieved from /home/codespace/.local/share/virtualenvs/airflow_sandbox-vp-HKq_L/lib/python3.10/site-packages/airflow/example_dags/example_external_task_marker_dag.py
[2024-02-14T09:08:46.714+0000] {logging_mixin.py:188} INFO - [2024-02-14T09:08:46.713+0000] {dag.py:3033} INFO - Sync 2 DAGs
[2024-02-14T09:08:46.729+0000] {logging_mixin.py:188} INFO - [2024-02-14T09:08:46.728+0000] {dag.py:3820} INFO - Setting next_dagrun for example_external_task_marker_child to None, run_after=None
[2024-02-14T09:08:46.732+0000] {logging_mixin.py:188} INFO - [2024-02-14T09:08:46.732+0000] {dag.py:3820} INFO - Setting next_dagrun for example_external_task_marker_parent to None, run_after=None
[2024-02-14T09:08:46.776+0000] {processor.py:183} INFO - Processing /home/codespace/.local/share/virtualenvs/airflow_sandbox-vp-HKq_L/lib/python3.10/site-packages/airflow/example_dags/example_external_task_marker_dag.py took 0.088 seconds
[2024-02-14T09:09:41.345+0000] {processor.py:161} INFO - Started process (PID=6135) to work on /home/codespace/.local/share/virtualenvs/airflow_sandbox-vp-HKq_L/lib/python3.10/site-packages/airflow/example_dags/example_external_task_marker_dag.py
[2024-02-14T09:09:41.346+0000] {processor.py:830} INFO - Processing file /home/codespace/.local/share/virtualenvs/airflow_sandbox-vp-HKq_L/lib/python3.10/site-packages/airflow/example_dags/example_external_task_marker_dag.py for tasks to queue
[2024-02-14T09:09:41.347+0000] {logging_mixin.py:188} INFO - [2024-02-14T09:09:41.347+0000] {dagbag.py:538} INFO - Filling up the DagBag from /home/codespace/.local/share/virtualenvs/airflow_sandbox-vp-HKq_L/lib/python3.10/site-packages/airflow/example_dags/example_external_task_marker_dag.py
[2024-02-14T09:09:41.352+0000] {processor.py:840} INFO - DAG(s) 'example_external_task_marker_child', 'example_external_task_marker_parent' retrieved from /home/codespace/.local/share/virtualenvs/airflow_sandbox-vp-HKq_L/lib/python3.10/site-packages/airflow/example_dags/example_external_task_marker_dag.py
[2024-02-14T09:09:41.439+0000] {logging_mixin.py:188} INFO - [2024-02-14T09:09:41.438+0000] {dag.py:3033} INFO - Sync 2 DAGs
[2024-02-14T09:09:41.450+0000] {logging_mixin.py:188} INFO - [2024-02-14T09:09:41.450+0000] {dag.py:3820} INFO - Setting next_dagrun for example_external_task_marker_child to None, run_after=None
[2024-02-14T09:09:41.453+0000] {logging_mixin.py:188} INFO - [2024-02-14T09:09:41.453+0000] {dag.py:3820} INFO - Setting next_dagrun for example_external_task_marker_parent to None, run_after=None
[2024-02-14T09:09:41.494+0000] {processor.py:183} INFO - Processing /home/codespace/.local/share/virtualenvs/airflow_sandbox-vp-HKq_L/lib/python3.10/site-packages/airflow/example_dags/example_external_task_marker_dag.py took 0.152 seconds
[2024-02-14T09:10:26.325+0000] {processor.py:161} INFO - Started process (PID=6706) to work on /home/codespace/.local/share/virtualenvs/airflow_sandbox-vp-HKq_L/lib/python3.10/site-packages/airflow/example_dags/example_external_task_marker_dag.py
[2024-02-14T09:10:26.326+0000] {processor.py:830} INFO - Processing file /home/codespace/.local/share/virtualenvs/airflow_sandbox-vp-HKq_L/lib/python3.10/site-packages/airflow/example_dags/example_external_task_marker_dag.py for tasks to queue
[2024-02-14T09:10:26.327+0000] {logging_mixin.py:188} INFO - [2024-02-14T09:10:26.326+0000] {dagbag.py:538} INFO - Filling up the DagBag from /home/codespace/.local/share/virtualenvs/airflow_sandbox-vp-HKq_L/lib/python3.10/site-packages/airflow/example_dags/example_external_task_marker_dag.py
[2024-02-14T09:10:26.332+0000] {processor.py:840} INFO - DAG(s) 'example_external_task_marker_parent', 'example_external_task_marker_child' retrieved from /home/codespace/.local/share/virtualenvs/airflow_sandbox-vp-HKq_L/lib/python3.10/site-packages/airflow/example_dags/example_external_task_marker_dag.py
[2024-02-14T09:10:26.345+0000] {logging_mixin.py:188} INFO - [2024-02-14T09:10:26.345+0000] {dag.py:3033} INFO - Sync 2 DAGs
[2024-02-14T09:10:26.354+0000] {logging_mixin.py:188} INFO - [2024-02-14T09:10:26.354+0000] {dag.py:3820} INFO - Setting next_dagrun for example_external_task_marker_child to None, run_after=None
[2024-02-14T09:10:26.356+0000] {logging_mixin.py:188} INFO - [2024-02-14T09:10:26.356+0000] {dag.py:3820} INFO - Setting next_dagrun for example_external_task_marker_parent to None, run_after=None
[2024-02-14T09:10:26.397+0000] {processor.py:183} INFO - Processing /home/codespace/.local/share/virtualenvs/airflow_sandbox-vp-HKq_L/lib/python3.10/site-packages/airflow/example_dags/example_external_task_marker_dag.py took 0.074 seconds
[2024-02-14T09:11:20.670+0000] {processor.py:161} INFO - Started process (PID=7326) to work on /home/codespace/.local/share/virtualenvs/airflow_sandbox-vp-HKq_L/lib/python3.10/site-packages/airflow/example_dags/example_external_task_marker_dag.py
[2024-02-14T09:11:20.670+0000] {processor.py:830} INFO - Processing file /home/codespace/.local/share/virtualenvs/airflow_sandbox-vp-HKq_L/lib/python3.10/site-packages/airflow/example_dags/example_external_task_marker_dag.py for tasks to queue
[2024-02-14T09:11:20.671+0000] {logging_mixin.py:188} INFO - [2024-02-14T09:11:20.671+0000] {dagbag.py:538} INFO - Filling up the DagBag from /home/codespace/.local/share/virtualenvs/airflow_sandbox-vp-HKq_L/lib/python3.10/site-packages/airflow/example_dags/example_external_task_marker_dag.py
[2024-02-14T09:11:20.676+0000] {processor.py:840} INFO - DAG(s) 'example_external_task_marker_child', 'example_external_task_marker_parent' retrieved from /home/codespace/.local/share/virtualenvs/airflow_sandbox-vp-HKq_L/lib/python3.10/site-packages/airflow/example_dags/example_external_task_marker_dag.py
[2024-02-14T09:11:20.690+0000] {logging_mixin.py:188} INFO - [2024-02-14T09:11:20.690+0000] {dag.py:3033} INFO - Sync 2 DAGs
[2024-02-14T09:11:20.699+0000] {logging_mixin.py:188} INFO - [2024-02-14T09:11:20.699+0000] {dag.py:3820} INFO - Setting next_dagrun for example_external_task_marker_child to None, run_after=None
[2024-02-14T09:11:20.702+0000] {logging_mixin.py:188} INFO - [2024-02-14T09:11:20.701+0000] {dag.py:3820} INFO - Setting next_dagrun for example_external_task_marker_parent to None, run_after=None
[2024-02-14T09:11:20.741+0000] {processor.py:183} INFO - Processing /home/codespace/.local/share/virtualenvs/airflow_sandbox-vp-HKq_L/lib/python3.10/site-packages/airflow/example_dags/example_external_task_marker_dag.py took 0.074 seconds
[2024-02-14T09:12:16.861+0000] {processor.py:161} INFO - Started process (PID=8001) to work on /home/codespace/.local/share/virtualenvs/airflow_sandbox-vp-HKq_L/lib/python3.10/site-packages/airflow/example_dags/example_external_task_marker_dag.py
[2024-02-14T09:12:16.862+0000] {processor.py:830} INFO - Processing file /home/codespace/.local/share/virtualenvs/airflow_sandbox-vp-HKq_L/lib/python3.10/site-packages/airflow/example_dags/example_external_task_marker_dag.py for tasks to queue
[2024-02-14T09:12:16.863+0000] {logging_mixin.py:188} INFO - [2024-02-14T09:12:16.863+0000] {dagbag.py:538} INFO - Filling up the DagBag from /home/codespace/.local/share/virtualenvs/airflow_sandbox-vp-HKq_L/lib/python3.10/site-packages/airflow/example_dags/example_external_task_marker_dag.py
[2024-02-14T09:12:16.868+0000] {processor.py:840} INFO - DAG(s) 'example_external_task_marker_parent', 'example_external_task_marker_child' retrieved from /home/codespace/.local/share/virtualenvs/airflow_sandbox-vp-HKq_L/lib/python3.10/site-packages/airflow/example_dags/example_external_task_marker_dag.py
[2024-02-14T09:12:16.899+0000] {logging_mixin.py:188} INFO - [2024-02-14T09:12:16.899+0000] {dag.py:3033} INFO - Sync 2 DAGs
[2024-02-14T09:12:16.913+0000] {logging_mixin.py:188} INFO - [2024-02-14T09:12:16.913+0000] {dag.py:3820} INFO - Setting next_dagrun for example_external_task_marker_child to None, run_after=None
[2024-02-14T09:12:16.917+0000] {logging_mixin.py:188} INFO - [2024-02-14T09:12:16.917+0000] {dag.py:3820} INFO - Setting next_dagrun for example_external_task_marker_parent to None, run_after=None
[2024-02-14T09:12:16.971+0000] {processor.py:183} INFO - Processing /home/codespace/.local/share/virtualenvs/airflow_sandbox-vp-HKq_L/lib/python3.10/site-packages/airflow/example_dags/example_external_task_marker_dag.py took 0.113 seconds
[2024-02-14T09:13:11.282+0000] {processor.py:161} INFO - Started process (PID=8482) to work on /home/codespace/.local/share/virtualenvs/airflow_sandbox-vp-HKq_L/lib/python3.10/site-packages/airflow/example_dags/example_external_task_marker_dag.py
[2024-02-14T09:13:11.283+0000] {processor.py:830} INFO - Processing file /home/codespace/.local/share/virtualenvs/airflow_sandbox-vp-HKq_L/lib/python3.10/site-packages/airflow/example_dags/example_external_task_marker_dag.py for tasks to queue
[2024-02-14T09:13:11.283+0000] {logging_mixin.py:188} INFO - [2024-02-14T09:13:11.283+0000] {dagbag.py:538} INFO - Filling up the DagBag from /home/codespace/.local/share/virtualenvs/airflow_sandbox-vp-HKq_L/lib/python3.10/site-packages/airflow/example_dags/example_external_task_marker_dag.py
[2024-02-14T09:13:11.288+0000] {processor.py:840} INFO - DAG(s) 'example_external_task_marker_child', 'example_external_task_marker_parent' retrieved from /home/codespace/.local/share/virtualenvs/airflow_sandbox-vp-HKq_L/lib/python3.10/site-packages/airflow/example_dags/example_external_task_marker_dag.py
[2024-02-14T09:13:11.302+0000] {logging_mixin.py:188} INFO - [2024-02-14T09:13:11.301+0000] {dag.py:3033} INFO - Sync 2 DAGs
[2024-02-14T09:13:11.310+0000] {logging_mixin.py:188} INFO - [2024-02-14T09:13:11.310+0000] {dag.py:3820} INFO - Setting next_dagrun for example_external_task_marker_child to None, run_after=None
[2024-02-14T09:13:11.313+0000] {logging_mixin.py:188} INFO - [2024-02-14T09:13:11.313+0000] {dag.py:3820} INFO - Setting next_dagrun for example_external_task_marker_parent to None, run_after=None
[2024-02-14T09:13:11.352+0000] {processor.py:183} INFO - Processing /home/codespace/.local/share/virtualenvs/airflow_sandbox-vp-HKq_L/lib/python3.10/site-packages/airflow/example_dags/example_external_task_marker_dag.py took 0.072 seconds
[2024-02-14T09:14:02.834+0000] {processor.py:161} INFO - Started process (PID=8910) to work on /home/codespace/.local/share/virtualenvs/airflow_sandbox-vp-HKq_L/lib/python3.10/site-packages/airflow/example_dags/example_external_task_marker_dag.py
[2024-02-14T09:14:02.835+0000] {processor.py:830} INFO - Processing file /home/codespace/.local/share/virtualenvs/airflow_sandbox-vp-HKq_L/lib/python3.10/site-packages/airflow/example_dags/example_external_task_marker_dag.py for tasks to queue
[2024-02-14T09:14:02.836+0000] {logging_mixin.py:188} INFO - [2024-02-14T09:14:02.835+0000] {dagbag.py:538} INFO - Filling up the DagBag from /home/codespace/.local/share/virtualenvs/airflow_sandbox-vp-HKq_L/lib/python3.10/site-packages/airflow/example_dags/example_external_task_marker_dag.py
[2024-02-14T09:14:02.840+0000] {processor.py:840} INFO - DAG(s) 'example_external_task_marker_parent', 'example_external_task_marker_child' retrieved from /home/codespace/.local/share/virtualenvs/airflow_sandbox-vp-HKq_L/lib/python3.10/site-packages/airflow/example_dags/example_external_task_marker_dag.py
[2024-02-14T09:14:02.854+0000] {logging_mixin.py:188} INFO - [2024-02-14T09:14:02.854+0000] {dag.py:3033} INFO - Sync 2 DAGs
[2024-02-14T09:14:02.863+0000] {logging_mixin.py:188} INFO - [2024-02-14T09:14:02.863+0000] {dag.py:3820} INFO - Setting next_dagrun for example_external_task_marker_child to None, run_after=None
[2024-02-14T09:14:02.865+0000] {logging_mixin.py:188} INFO - [2024-02-14T09:14:02.865+0000] {dag.py:3820} INFO - Setting next_dagrun for example_external_task_marker_parent to None, run_after=None
[2024-02-14T09:14:02.905+0000] {processor.py:183} INFO - Processing /home/codespace/.local/share/virtualenvs/airflow_sandbox-vp-HKq_L/lib/python3.10/site-packages/airflow/example_dags/example_external_task_marker_dag.py took 0.073 seconds
[2024-02-14T09:14:54.438+0000] {processor.py:161} INFO - Started process (PID=9270) to work on /home/codespace/.local/share/virtualenvs/airflow_sandbox-vp-HKq_L/lib/python3.10/site-packages/airflow/example_dags/example_external_task_marker_dag.py
[2024-02-14T09:14:54.438+0000] {processor.py:830} INFO - Processing file /home/codespace/.local/share/virtualenvs/airflow_sandbox-vp-HKq_L/lib/python3.10/site-packages/airflow/example_dags/example_external_task_marker_dag.py for tasks to queue
[2024-02-14T09:14:54.439+0000] {logging_mixin.py:188} INFO - [2024-02-14T09:14:54.439+0000] {dagbag.py:538} INFO - Filling up the DagBag from /home/codespace/.local/share/virtualenvs/airflow_sandbox-vp-HKq_L/lib/python3.10/site-packages/airflow/example_dags/example_external_task_marker_dag.py
[2024-02-14T09:14:54.444+0000] {processor.py:840} INFO - DAG(s) 'example_external_task_marker_child', 'example_external_task_marker_parent' retrieved from /home/codespace/.local/share/virtualenvs/airflow_sandbox-vp-HKq_L/lib/python3.10/site-packages/airflow/example_dags/example_external_task_marker_dag.py
[2024-02-14T09:14:54.457+0000] {logging_mixin.py:188} INFO - [2024-02-14T09:14:54.457+0000] {dag.py:3033} INFO - Sync 2 DAGs
[2024-02-14T09:14:54.467+0000] {logging_mixin.py:188} INFO - [2024-02-14T09:14:54.467+0000] {dag.py:3820} INFO - Setting next_dagrun for example_external_task_marker_child to None, run_after=None
[2024-02-14T09:14:54.470+0000] {logging_mixin.py:188} INFO - [2024-02-14T09:14:54.470+0000] {dag.py:3820} INFO - Setting next_dagrun for example_external_task_marker_parent to None, run_after=None
[2024-02-14T09:14:54.508+0000] {processor.py:183} INFO - Processing /home/codespace/.local/share/virtualenvs/airflow_sandbox-vp-HKq_L/lib/python3.10/site-packages/airflow/example_dags/example_external_task_marker_dag.py took 0.073 seconds
[2024-02-14T09:15:47.192+0000] {processor.py:161} INFO - Started process (PID=9634) to work on /home/codespace/.local/share/virtualenvs/airflow_sandbox-vp-HKq_L/lib/python3.10/site-packages/airflow/example_dags/example_external_task_marker_dag.py
[2024-02-14T09:15:47.193+0000] {processor.py:830} INFO - Processing file /home/codespace/.local/share/virtualenvs/airflow_sandbox-vp-HKq_L/lib/python3.10/site-packages/airflow/example_dags/example_external_task_marker_dag.py for tasks to queue
[2024-02-14T09:15:47.193+0000] {logging_mixin.py:188} INFO - [2024-02-14T09:15:47.193+0000] {dagbag.py:538} INFO - Filling up the DagBag from /home/codespace/.local/share/virtualenvs/airflow_sandbox-vp-HKq_L/lib/python3.10/site-packages/airflow/example_dags/example_external_task_marker_dag.py
[2024-02-14T09:15:47.199+0000] {processor.py:840} INFO - DAG(s) 'example_external_task_marker_child', 'example_external_task_marker_parent' retrieved from /home/codespace/.local/share/virtualenvs/airflow_sandbox-vp-HKq_L/lib/python3.10/site-packages/airflow/example_dags/example_external_task_marker_dag.py
[2024-02-14T09:15:47.213+0000] {logging_mixin.py:188} INFO - [2024-02-14T09:15:47.213+0000] {dag.py:3033} INFO - Sync 2 DAGs
[2024-02-14T09:15:47.222+0000] {logging_mixin.py:188} INFO - [2024-02-14T09:15:47.222+0000] {dag.py:3820} INFO - Setting next_dagrun for example_external_task_marker_child to None, run_after=None
[2024-02-14T09:15:47.225+0000] {logging_mixin.py:188} INFO - [2024-02-14T09:15:47.225+0000] {dag.py:3820} INFO - Setting next_dagrun for example_external_task_marker_parent to None, run_after=None
[2024-02-14T09:15:47.268+0000] {processor.py:183} INFO - Processing /home/codespace/.local/share/virtualenvs/airflow_sandbox-vp-HKq_L/lib/python3.10/site-packages/airflow/example_dags/example_external_task_marker_dag.py took 0.079 seconds
[2024-02-14T09:16:40.627+0000] {processor.py:161} INFO - Started process (PID=10013) to work on /home/codespace/.local/share/virtualenvs/airflow_sandbox-vp-HKq_L/lib/python3.10/site-packages/airflow/example_dags/example_external_task_marker_dag.py
[2024-02-14T09:16:40.628+0000] {processor.py:830} INFO - Processing file /home/codespace/.local/share/virtualenvs/airflow_sandbox-vp-HKq_L/lib/python3.10/site-packages/airflow/example_dags/example_external_task_marker_dag.py for tasks to queue
[2024-02-14T09:16:40.629+0000] {logging_mixin.py:188} INFO - [2024-02-14T09:16:40.629+0000] {dagbag.py:538} INFO - Filling up the DagBag from /home/codespace/.local/share/virtualenvs/airflow_sandbox-vp-HKq_L/lib/python3.10/site-packages/airflow/example_dags/example_external_task_marker_dag.py
[2024-02-14T09:16:40.634+0000] {processor.py:840} INFO - DAG(s) 'example_external_task_marker_parent', 'example_external_task_marker_child' retrieved from /home/codespace/.local/share/virtualenvs/airflow_sandbox-vp-HKq_L/lib/python3.10/site-packages/airflow/example_dags/example_external_task_marker_dag.py
[2024-02-14T09:16:40.651+0000] {logging_mixin.py:188} INFO - [2024-02-14T09:16:40.651+0000] {dag.py:3033} INFO - Sync 2 DAGs
[2024-02-14T09:16:40.660+0000] {logging_mixin.py:188} INFO - [2024-02-14T09:16:40.660+0000] {dag.py:3820} INFO - Setting next_dagrun for example_external_task_marker_child to None, run_after=None
[2024-02-14T09:16:40.662+0000] {logging_mixin.py:188} INFO - [2024-02-14T09:16:40.662+0000] {dag.py:3820} INFO - Setting next_dagrun for example_external_task_marker_parent to None, run_after=None
[2024-02-14T09:16:40.703+0000] {processor.py:183} INFO - Processing /home/codespace/.local/share/virtualenvs/airflow_sandbox-vp-HKq_L/lib/python3.10/site-packages/airflow/example_dags/example_external_task_marker_dag.py took 0.078 seconds
[2024-02-14T09:17:33.580+0000] {processor.py:161} INFO - Started process (PID=10439) to work on /home/codespace/.local/share/virtualenvs/airflow_sandbox-vp-HKq_L/lib/python3.10/site-packages/airflow/example_dags/example_external_task_marker_dag.py
[2024-02-14T09:17:33.581+0000] {processor.py:830} INFO - Processing file /home/codespace/.local/share/virtualenvs/airflow_sandbox-vp-HKq_L/lib/python3.10/site-packages/airflow/example_dags/example_external_task_marker_dag.py for tasks to queue
[2024-02-14T09:17:33.582+0000] {logging_mixin.py:188} INFO - [2024-02-14T09:17:33.581+0000] {dagbag.py:538} INFO - Filling up the DagBag from /home/codespace/.local/share/virtualenvs/airflow_sandbox-vp-HKq_L/lib/python3.10/site-packages/airflow/example_dags/example_external_task_marker_dag.py
[2024-02-14T09:17:33.587+0000] {processor.py:840} INFO - DAG(s) 'example_external_task_marker_child', 'example_external_task_marker_parent' retrieved from /home/codespace/.local/share/virtualenvs/airflow_sandbox-vp-HKq_L/lib/python3.10/site-packages/airflow/example_dags/example_external_task_marker_dag.py
[2024-02-14T09:17:33.601+0000] {logging_mixin.py:188} INFO - [2024-02-14T09:17:33.601+0000] {dag.py:3033} INFO - Sync 2 DAGs
[2024-02-14T09:17:33.610+0000] {logging_mixin.py:188} INFO - [2024-02-14T09:17:33.610+0000] {dag.py:3820} INFO - Setting next_dagrun for example_external_task_marker_child to None, run_after=None
[2024-02-14T09:17:33.613+0000] {logging_mixin.py:188} INFO - [2024-02-14T09:17:33.613+0000] {dag.py:3820} INFO - Setting next_dagrun for example_external_task_marker_parent to None, run_after=None
[2024-02-14T09:17:33.654+0000] {processor.py:183} INFO - Processing /home/codespace/.local/share/virtualenvs/airflow_sandbox-vp-HKq_L/lib/python3.10/site-packages/airflow/example_dags/example_external_task_marker_dag.py took 0.076 seconds
[2024-02-14T09:18:25.557+0000] {processor.py:161} INFO - Started process (PID=10809) to work on /home/codespace/.local/share/virtualenvs/airflow_sandbox-vp-HKq_L/lib/python3.10/site-packages/airflow/example_dags/example_external_task_marker_dag.py
[2024-02-14T09:18:25.557+0000] {processor.py:830} INFO - Processing file /home/codespace/.local/share/virtualenvs/airflow_sandbox-vp-HKq_L/lib/python3.10/site-packages/airflow/example_dags/example_external_task_marker_dag.py for tasks to queue
[2024-02-14T09:18:25.558+0000] {logging_mixin.py:188} INFO - [2024-02-14T09:18:25.558+0000] {dagbag.py:538} INFO - Filling up the DagBag from /home/codespace/.local/share/virtualenvs/airflow_sandbox-vp-HKq_L/lib/python3.10/site-packages/airflow/example_dags/example_external_task_marker_dag.py
[2024-02-14T09:18:25.563+0000] {processor.py:840} INFO - DAG(s) 'example_external_task_marker_parent', 'example_external_task_marker_child' retrieved from /home/codespace/.local/share/virtualenvs/airflow_sandbox-vp-HKq_L/lib/python3.10/site-packages/airflow/example_dags/example_external_task_marker_dag.py
[2024-02-14T09:18:25.576+0000] {logging_mixin.py:188} INFO - [2024-02-14T09:18:25.576+0000] {dag.py:3033} INFO - Sync 2 DAGs
[2024-02-14T09:18:25.585+0000] {logging_mixin.py:188} INFO - [2024-02-14T09:18:25.585+0000] {dag.py:3820} INFO - Setting next_dagrun for example_external_task_marker_child to None, run_after=None
[2024-02-14T09:18:25.587+0000] {logging_mixin.py:188} INFO - [2024-02-14T09:18:25.587+0000] {dag.py:3820} INFO - Setting next_dagrun for example_external_task_marker_parent to None, run_after=None
[2024-02-14T09:18:25.627+0000] {processor.py:183} INFO - Processing /home/codespace/.local/share/virtualenvs/airflow_sandbox-vp-HKq_L/lib/python3.10/site-packages/airflow/example_dags/example_external_task_marker_dag.py took 0.073 seconds
[2024-02-14T09:19:19.604+0000] {processor.py:161} INFO - Started process (PID=11186) to work on /home/codespace/.local/share/virtualenvs/airflow_sandbox-vp-HKq_L/lib/python3.10/site-packages/airflow/example_dags/example_external_task_marker_dag.py
[2024-02-14T09:19:19.605+0000] {processor.py:830} INFO - Processing file /home/codespace/.local/share/virtualenvs/airflow_sandbox-vp-HKq_L/lib/python3.10/site-packages/airflow/example_dags/example_external_task_marker_dag.py for tasks to queue
[2024-02-14T09:19:19.606+0000] {logging_mixin.py:188} INFO - [2024-02-14T09:19:19.606+0000] {dagbag.py:538} INFO - Filling up the DagBag from /home/codespace/.local/share/virtualenvs/airflow_sandbox-vp-HKq_L/lib/python3.10/site-packages/airflow/example_dags/example_external_task_marker_dag.py
[2024-02-14T09:19:19.611+0000] {processor.py:840} INFO - DAG(s) 'example_external_task_marker_child', 'example_external_task_marker_parent' retrieved from /home/codespace/.local/share/virtualenvs/airflow_sandbox-vp-HKq_L/lib/python3.10/site-packages/airflow/example_dags/example_external_task_marker_dag.py
[2024-02-14T09:19:19.625+0000] {logging_mixin.py:188} INFO - [2024-02-14T09:19:19.625+0000] {dag.py:3033} INFO - Sync 2 DAGs
[2024-02-14T09:19:19.635+0000] {logging_mixin.py:188} INFO - [2024-02-14T09:19:19.635+0000] {dag.py:3820} INFO - Setting next_dagrun for example_external_task_marker_child to None, run_after=None
[2024-02-14T09:19:19.638+0000] {logging_mixin.py:188} INFO - [2024-02-14T09:19:19.638+0000] {dag.py:3820} INFO - Setting next_dagrun for example_external_task_marker_parent to None, run_after=None
[2024-02-14T09:19:19.680+0000] {processor.py:183} INFO - Processing /home/codespace/.local/share/virtualenvs/airflow_sandbox-vp-HKq_L/lib/python3.10/site-packages/airflow/example_dags/example_external_task_marker_dag.py took 0.078 seconds
[2024-02-14T09:20:15.218+0000] {processor.py:161} INFO - Started process (PID=11589) to work on /home/codespace/.local/share/virtualenvs/airflow_sandbox-vp-HKq_L/lib/python3.10/site-packages/airflow/example_dags/example_external_task_marker_dag.py
[2024-02-14T09:20:15.219+0000] {processor.py:830} INFO - Processing file /home/codespace/.local/share/virtualenvs/airflow_sandbox-vp-HKq_L/lib/python3.10/site-packages/airflow/example_dags/example_external_task_marker_dag.py for tasks to queue
[2024-02-14T09:20:15.220+0000] {logging_mixin.py:188} INFO - [2024-02-14T09:20:15.220+0000] {dagbag.py:538} INFO - Filling up the DagBag from /home/codespace/.local/share/virtualenvs/airflow_sandbox-vp-HKq_L/lib/python3.10/site-packages/airflow/example_dags/example_external_task_marker_dag.py
[2024-02-14T09:20:15.225+0000] {processor.py:840} INFO - DAG(s) 'example_external_task_marker_parent', 'example_external_task_marker_child' retrieved from /home/codespace/.local/share/virtualenvs/airflow_sandbox-vp-HKq_L/lib/python3.10/site-packages/airflow/example_dags/example_external_task_marker_dag.py
[2024-02-14T09:20:15.241+0000] {logging_mixin.py:188} INFO - [2024-02-14T09:20:15.241+0000] {dag.py:3033} INFO - Sync 2 DAGs
[2024-02-14T09:20:15.250+0000] {logging_mixin.py:188} INFO - [2024-02-14T09:20:15.250+0000] {dag.py:3820} INFO - Setting next_dagrun for example_external_task_marker_child to None, run_after=None
[2024-02-14T09:20:15.253+0000] {logging_mixin.py:188} INFO - [2024-02-14T09:20:15.253+0000] {dag.py:3820} INFO - Setting next_dagrun for example_external_task_marker_parent to None, run_after=None
[2024-02-14T09:20:15.296+0000] {processor.py:183} INFO - Processing /home/codespace/.local/share/virtualenvs/airflow_sandbox-vp-HKq_L/lib/python3.10/site-packages/airflow/example_dags/example_external_task_marker_dag.py took 0.080 seconds
[2024-02-14T09:21:04.225+0000] {processor.py:161} INFO - Started process (PID=12426) to work on /home/codespace/.local/share/virtualenvs/airflow_sandbox-vp-HKq_L/lib/python3.10/site-packages/airflow/example_dags/example_external_task_marker_dag.py
[2024-02-14T09:21:04.226+0000] {processor.py:830} INFO - Processing file /home/codespace/.local/share/virtualenvs/airflow_sandbox-vp-HKq_L/lib/python3.10/site-packages/airflow/example_dags/example_external_task_marker_dag.py for tasks to queue
[2024-02-14T09:21:04.227+0000] {logging_mixin.py:188} INFO - [2024-02-14T09:21:04.226+0000] {dagbag.py:538} INFO - Filling up the DagBag from /home/codespace/.local/share/virtualenvs/airflow_sandbox-vp-HKq_L/lib/python3.10/site-packages/airflow/example_dags/example_external_task_marker_dag.py
[2024-02-14T09:21:04.232+0000] {processor.py:840} INFO - DAG(s) 'example_external_task_marker_child', 'example_external_task_marker_parent' retrieved from /home/codespace/.local/share/virtualenvs/airflow_sandbox-vp-HKq_L/lib/python3.10/site-packages/airflow/example_dags/example_external_task_marker_dag.py
[2024-02-14T09:21:04.246+0000] {logging_mixin.py:188} INFO - [2024-02-14T09:21:04.246+0000] {dag.py:3033} INFO - Sync 2 DAGs
[2024-02-14T09:21:04.257+0000] {logging_mixin.py:188} INFO - [2024-02-14T09:21:04.256+0000] {dag.py:3820} INFO - Setting next_dagrun for example_external_task_marker_child to None, run_after=None
[2024-02-14T09:21:04.259+0000] {logging_mixin.py:188} INFO - [2024-02-14T09:21:04.259+0000] {dag.py:3820} INFO - Setting next_dagrun for example_external_task_marker_parent to None, run_after=None
[2024-02-14T09:21:04.299+0000] {processor.py:183} INFO - Processing /home/codespace/.local/share/virtualenvs/airflow_sandbox-vp-HKq_L/lib/python3.10/site-packages/airflow/example_dags/example_external_task_marker_dag.py took 0.076 seconds
[2024-02-14T09:21:58.687+0000] {processor.py:161} INFO - Started process (PID=12823) to work on /home/codespace/.local/share/virtualenvs/airflow_sandbox-vp-HKq_L/lib/python3.10/site-packages/airflow/example_dags/example_external_task_marker_dag.py
[2024-02-14T09:21:58.688+0000] {processor.py:830} INFO - Processing file /home/codespace/.local/share/virtualenvs/airflow_sandbox-vp-HKq_L/lib/python3.10/site-packages/airflow/example_dags/example_external_task_marker_dag.py for tasks to queue
[2024-02-14T09:21:58.689+0000] {logging_mixin.py:188} INFO - [2024-02-14T09:21:58.688+0000] {dagbag.py:538} INFO - Filling up the DagBag from /home/codespace/.local/share/virtualenvs/airflow_sandbox-vp-HKq_L/lib/python3.10/site-packages/airflow/example_dags/example_external_task_marker_dag.py
[2024-02-14T09:21:58.694+0000] {processor.py:840} INFO - DAG(s) 'example_external_task_marker_child', 'example_external_task_marker_parent' retrieved from /home/codespace/.local/share/virtualenvs/airflow_sandbox-vp-HKq_L/lib/python3.10/site-packages/airflow/example_dags/example_external_task_marker_dag.py
[2024-02-14T09:21:58.709+0000] {logging_mixin.py:188} INFO - [2024-02-14T09:21:58.708+0000] {dag.py:3033} INFO - Sync 2 DAGs
[2024-02-14T09:21:58.718+0000] {logging_mixin.py:188} INFO - [2024-02-14T09:21:58.718+0000] {dag.py:3820} INFO - Setting next_dagrun for example_external_task_marker_child to None, run_after=None
[2024-02-14T09:21:58.721+0000] {logging_mixin.py:188} INFO - [2024-02-14T09:21:58.721+0000] {dag.py:3820} INFO - Setting next_dagrun for example_external_task_marker_parent to None, run_after=None
[2024-02-14T09:21:58.762+0000] {processor.py:183} INFO - Processing /home/codespace/.local/share/virtualenvs/airflow_sandbox-vp-HKq_L/lib/python3.10/site-packages/airflow/example_dags/example_external_task_marker_dag.py took 0.077 seconds
[2024-02-14T09:22:56.804+0000] {processor.py:161} INFO - Started process (PID=13250) to work on /home/codespace/.local/share/virtualenvs/airflow_sandbox-vp-HKq_L/lib/python3.10/site-packages/airflow/example_dags/example_external_task_marker_dag.py
[2024-02-14T09:22:56.805+0000] {processor.py:830} INFO - Processing file /home/codespace/.local/share/virtualenvs/airflow_sandbox-vp-HKq_L/lib/python3.10/site-packages/airflow/example_dags/example_external_task_marker_dag.py for tasks to queue
[2024-02-14T09:22:56.805+0000] {logging_mixin.py:188} INFO - [2024-02-14T09:22:56.805+0000] {dagbag.py:538} INFO - Filling up the DagBag from /home/codespace/.local/share/virtualenvs/airflow_sandbox-vp-HKq_L/lib/python3.10/site-packages/airflow/example_dags/example_external_task_marker_dag.py
[2024-02-14T09:22:56.810+0000] {processor.py:840} INFO - DAG(s) 'example_external_task_marker_child', 'example_external_task_marker_parent' retrieved from /home/codespace/.local/share/virtualenvs/airflow_sandbox-vp-HKq_L/lib/python3.10/site-packages/airflow/example_dags/example_external_task_marker_dag.py
[2024-02-14T09:22:56.823+0000] {logging_mixin.py:188} INFO - [2024-02-14T09:22:56.823+0000] {dag.py:3033} INFO - Sync 2 DAGs
[2024-02-14T09:22:56.832+0000] {logging_mixin.py:188} INFO - [2024-02-14T09:22:56.832+0000] {dag.py:3820} INFO - Setting next_dagrun for example_external_task_marker_child to None, run_after=None
[2024-02-14T09:22:56.835+0000] {logging_mixin.py:188} INFO - [2024-02-14T09:22:56.834+0000] {dag.py:3820} INFO - Setting next_dagrun for example_external_task_marker_parent to None, run_after=None
[2024-02-14T09:22:56.875+0000] {processor.py:183} INFO - Processing /home/codespace/.local/share/virtualenvs/airflow_sandbox-vp-HKq_L/lib/python3.10/site-packages/airflow/example_dags/example_external_task_marker_dag.py took 0.074 seconds
[2024-02-14T09:23:53.364+0000] {processor.py:161} INFO - Started process (PID=13640) to work on /home/codespace/.local/share/virtualenvs/airflow_sandbox-vp-HKq_L/lib/python3.10/site-packages/airflow/example_dags/example_external_task_marker_dag.py
[2024-02-14T09:23:53.365+0000] {processor.py:830} INFO - Processing file /home/codespace/.local/share/virtualenvs/airflow_sandbox-vp-HKq_L/lib/python3.10/site-packages/airflow/example_dags/example_external_task_marker_dag.py for tasks to queue
[2024-02-14T09:23:53.366+0000] {logging_mixin.py:188} INFO - [2024-02-14T09:23:53.366+0000] {dagbag.py:538} INFO - Filling up the DagBag from /home/codespace/.local/share/virtualenvs/airflow_sandbox-vp-HKq_L/lib/python3.10/site-packages/airflow/example_dags/example_external_task_marker_dag.py
[2024-02-14T09:23:53.370+0000] {processor.py:840} INFO - DAG(s) 'example_external_task_marker_parent', 'example_external_task_marker_child' retrieved from /home/codespace/.local/share/virtualenvs/airflow_sandbox-vp-HKq_L/lib/python3.10/site-packages/airflow/example_dags/example_external_task_marker_dag.py
[2024-02-14T09:23:53.384+0000] {logging_mixin.py:188} INFO - [2024-02-14T09:23:53.384+0000] {dag.py:3033} INFO - Sync 2 DAGs
[2024-02-14T09:23:53.392+0000] {logging_mixin.py:188} INFO - [2024-02-14T09:23:53.392+0000] {dag.py:3820} INFO - Setting next_dagrun for example_external_task_marker_child to None, run_after=None
[2024-02-14T09:23:53.395+0000] {logging_mixin.py:188} INFO - [2024-02-14T09:23:53.395+0000] {dag.py:3820} INFO - Setting next_dagrun for example_external_task_marker_parent to None, run_after=None
[2024-02-14T09:23:53.439+0000] {processor.py:183} INFO - Processing /home/codespace/.local/share/virtualenvs/airflow_sandbox-vp-HKq_L/lib/python3.10/site-packages/airflow/example_dags/example_external_task_marker_dag.py took 0.076 seconds
[2024-02-14T09:24:50.961+0000] {processor.py:161} INFO - Started process (PID=14052) to work on /home/codespace/.local/share/virtualenvs/airflow_sandbox-vp-HKq_L/lib/python3.10/site-packages/airflow/example_dags/example_external_task_marker_dag.py
[2024-02-14T09:24:50.961+0000] {processor.py:830} INFO - Processing file /home/codespace/.local/share/virtualenvs/airflow_sandbox-vp-HKq_L/lib/python3.10/site-packages/airflow/example_dags/example_external_task_marker_dag.py for tasks to queue
[2024-02-14T09:24:50.962+0000] {logging_mixin.py:188} INFO - [2024-02-14T09:24:50.962+0000] {dagbag.py:538} INFO - Filling up the DagBag from /home/codespace/.local/share/virtualenvs/airflow_sandbox-vp-HKq_L/lib/python3.10/site-packages/airflow/example_dags/example_external_task_marker_dag.py
[2024-02-14T09:24:50.966+0000] {processor.py:840} INFO - DAG(s) 'example_external_task_marker_child', 'example_external_task_marker_parent' retrieved from /home/codespace/.local/share/virtualenvs/airflow_sandbox-vp-HKq_L/lib/python3.10/site-packages/airflow/example_dags/example_external_task_marker_dag.py
[2024-02-14T09:24:50.982+0000] {logging_mixin.py:188} INFO - [2024-02-14T09:24:50.981+0000] {dag.py:3033} INFO - Sync 2 DAGs
[2024-02-14T09:24:50.990+0000] {logging_mixin.py:188} INFO - [2024-02-14T09:24:50.990+0000] {dag.py:3820} INFO - Setting next_dagrun for example_external_task_marker_child to None, run_after=None
[2024-02-14T09:24:50.993+0000] {logging_mixin.py:188} INFO - [2024-02-14T09:24:50.993+0000] {dag.py:3820} INFO - Setting next_dagrun for example_external_task_marker_parent to None, run_after=None
[2024-02-14T09:24:51.039+0000] {processor.py:183} INFO - Processing /home/codespace/.local/share/virtualenvs/airflow_sandbox-vp-HKq_L/lib/python3.10/site-packages/airflow/example_dags/example_external_task_marker_dag.py took 0.081 seconds
[2024-02-14T09:25:45.624+0000] {processor.py:161} INFO - Started process (PID=14420) to work on /home/codespace/.local/share/virtualenvs/airflow_sandbox-vp-HKq_L/lib/python3.10/site-packages/airflow/example_dags/example_external_task_marker_dag.py
[2024-02-14T09:25:45.625+0000] {processor.py:830} INFO - Processing file /home/codespace/.local/share/virtualenvs/airflow_sandbox-vp-HKq_L/lib/python3.10/site-packages/airflow/example_dags/example_external_task_marker_dag.py for tasks to queue
[2024-02-14T09:25:45.626+0000] {logging_mixin.py:188} INFO - [2024-02-14T09:25:45.625+0000] {dagbag.py:538} INFO - Filling up the DagBag from /home/codespace/.local/share/virtualenvs/airflow_sandbox-vp-HKq_L/lib/python3.10/site-packages/airflow/example_dags/example_external_task_marker_dag.py
[2024-02-14T09:25:45.631+0000] {processor.py:840} INFO - DAG(s) 'example_external_task_marker_child', 'example_external_task_marker_parent' retrieved from /home/codespace/.local/share/virtualenvs/airflow_sandbox-vp-HKq_L/lib/python3.10/site-packages/airflow/example_dags/example_external_task_marker_dag.py
[2024-02-14T09:25:45.644+0000] {logging_mixin.py:188} INFO - [2024-02-14T09:25:45.644+0000] {dag.py:3033} INFO - Sync 2 DAGs
[2024-02-14T09:25:45.653+0000] {logging_mixin.py:188} INFO - [2024-02-14T09:25:45.653+0000] {dag.py:3820} INFO - Setting next_dagrun for example_external_task_marker_child to None, run_after=None
[2024-02-14T09:25:45.656+0000] {logging_mixin.py:188} INFO - [2024-02-14T09:25:45.656+0000] {dag.py:3820} INFO - Setting next_dagrun for example_external_task_marker_parent to None, run_after=None
[2024-02-14T09:25:45.696+0000] {processor.py:183} INFO - Processing /home/codespace/.local/share/virtualenvs/airflow_sandbox-vp-HKq_L/lib/python3.10/site-packages/airflow/example_dags/example_external_task_marker_dag.py took 0.074 seconds
[2024-02-14T09:26:36.163+0000] {processor.py:161} INFO - Started process (PID=14768) to work on /home/codespace/.local/share/virtualenvs/airflow_sandbox-vp-HKq_L/lib/python3.10/site-packages/airflow/example_dags/example_external_task_marker_dag.py
[2024-02-14T09:26:36.164+0000] {processor.py:830} INFO - Processing file /home/codespace/.local/share/virtualenvs/airflow_sandbox-vp-HKq_L/lib/python3.10/site-packages/airflow/example_dags/example_external_task_marker_dag.py for tasks to queue
[2024-02-14T09:26:36.165+0000] {logging_mixin.py:188} INFO - [2024-02-14T09:26:36.165+0000] {dagbag.py:538} INFO - Filling up the DagBag from /home/codespace/.local/share/virtualenvs/airflow_sandbox-vp-HKq_L/lib/python3.10/site-packages/airflow/example_dags/example_external_task_marker_dag.py
[2024-02-14T09:26:36.170+0000] {processor.py:840} INFO - DAG(s) 'example_external_task_marker_parent', 'example_external_task_marker_child' retrieved from /home/codespace/.local/share/virtualenvs/airflow_sandbox-vp-HKq_L/lib/python3.10/site-packages/airflow/example_dags/example_external_task_marker_dag.py
[2024-02-14T09:26:36.184+0000] {logging_mixin.py:188} INFO - [2024-02-14T09:26:36.183+0000] {dag.py:3033} INFO - Sync 2 DAGs
[2024-02-14T09:26:36.193+0000] {logging_mixin.py:188} INFO - [2024-02-14T09:26:36.193+0000] {dag.py:3820} INFO - Setting next_dagrun for example_external_task_marker_child to None, run_after=None
[2024-02-14T09:26:36.196+0000] {logging_mixin.py:188} INFO - [2024-02-14T09:26:36.196+0000] {dag.py:3820} INFO - Setting next_dagrun for example_external_task_marker_parent to None, run_after=None
[2024-02-14T09:26:36.241+0000] {processor.py:183} INFO - Processing /home/codespace/.local/share/virtualenvs/airflow_sandbox-vp-HKq_L/lib/python3.10/site-packages/airflow/example_dags/example_external_task_marker_dag.py took 0.080 seconds
[2024-02-14T09:27:32.340+0000] {processor.py:161} INFO - Started process (PID=15157) to work on /home/codespace/.local/share/virtualenvs/airflow_sandbox-vp-HKq_L/lib/python3.10/site-packages/airflow/example_dags/example_external_task_marker_dag.py
[2024-02-14T09:27:32.341+0000] {processor.py:830} INFO - Processing file /home/codespace/.local/share/virtualenvs/airflow_sandbox-vp-HKq_L/lib/python3.10/site-packages/airflow/example_dags/example_external_task_marker_dag.py for tasks to queue
[2024-02-14T09:27:32.342+0000] {logging_mixin.py:188} INFO - [2024-02-14T09:27:32.342+0000] {dagbag.py:538} INFO - Filling up the DagBag from /home/codespace/.local/share/virtualenvs/airflow_sandbox-vp-HKq_L/lib/python3.10/site-packages/airflow/example_dags/example_external_task_marker_dag.py
[2024-02-14T09:27:32.347+0000] {processor.py:840} INFO - DAG(s) 'example_external_task_marker_parent', 'example_external_task_marker_child' retrieved from /home/codespace/.local/share/virtualenvs/airflow_sandbox-vp-HKq_L/lib/python3.10/site-packages/airflow/example_dags/example_external_task_marker_dag.py
[2024-02-14T09:27:32.361+0000] {logging_mixin.py:188} INFO - [2024-02-14T09:27:32.360+0000] {dag.py:3033} INFO - Sync 2 DAGs
[2024-02-14T09:27:32.369+0000] {logging_mixin.py:188} INFO - [2024-02-14T09:27:32.369+0000] {dag.py:3820} INFO - Setting next_dagrun for example_external_task_marker_child to None, run_after=None
[2024-02-14T09:27:32.372+0000] {logging_mixin.py:188} INFO - [2024-02-14T09:27:32.372+0000] {dag.py:3820} INFO - Setting next_dagrun for example_external_task_marker_parent to None, run_after=None
[2024-02-14T09:27:32.424+0000] {processor.py:183} INFO - Processing /home/codespace/.local/share/virtualenvs/airflow_sandbox-vp-HKq_L/lib/python3.10/site-packages/airflow/example_dags/example_external_task_marker_dag.py took 0.086 seconds
[2024-02-14T09:28:27.259+0000] {processor.py:161} INFO - Started process (PID=15580) to work on /home/codespace/.local/share/virtualenvs/airflow_sandbox-vp-HKq_L/lib/python3.10/site-packages/airflow/example_dags/example_external_task_marker_dag.py
[2024-02-14T09:28:27.259+0000] {processor.py:830} INFO - Processing file /home/codespace/.local/share/virtualenvs/airflow_sandbox-vp-HKq_L/lib/python3.10/site-packages/airflow/example_dags/example_external_task_marker_dag.py for tasks to queue
[2024-02-14T09:28:27.260+0000] {logging_mixin.py:188} INFO - [2024-02-14T09:28:27.260+0000] {dagbag.py:538} INFO - Filling up the DagBag from /home/codespace/.local/share/virtualenvs/airflow_sandbox-vp-HKq_L/lib/python3.10/site-packages/airflow/example_dags/example_external_task_marker_dag.py
[2024-02-14T09:28:27.265+0000] {processor.py:840} INFO - DAG(s) 'example_external_task_marker_child', 'example_external_task_marker_parent' retrieved from /home/codespace/.local/share/virtualenvs/airflow_sandbox-vp-HKq_L/lib/python3.10/site-packages/airflow/example_dags/example_external_task_marker_dag.py
[2024-02-14T09:28:27.288+0000] {logging_mixin.py:188} INFO - [2024-02-14T09:28:27.288+0000] {dag.py:3033} INFO - Sync 2 DAGs
[2024-02-14T09:28:27.303+0000] {logging_mixin.py:188} INFO - [2024-02-14T09:28:27.302+0000] {dag.py:3820} INFO - Setting next_dagrun for example_external_task_marker_child to None, run_after=None
[2024-02-14T09:28:27.307+0000] {logging_mixin.py:188} INFO - [2024-02-14T09:28:27.306+0000] {dag.py:3820} INFO - Setting next_dagrun for example_external_task_marker_parent to None, run_after=None
[2024-02-14T09:28:27.351+0000] {processor.py:183} INFO - Processing /home/codespace/.local/share/virtualenvs/airflow_sandbox-vp-HKq_L/lib/python3.10/site-packages/airflow/example_dags/example_external_task_marker_dag.py took 0.095 seconds
[2024-02-14T09:29:19.578+0000] {processor.py:161} INFO - Started process (PID=16084) to work on /home/codespace/.local/share/virtualenvs/airflow_sandbox-vp-HKq_L/lib/python3.10/site-packages/airflow/example_dags/example_external_task_marker_dag.py
[2024-02-14T09:29:19.579+0000] {processor.py:830} INFO - Processing file /home/codespace/.local/share/virtualenvs/airflow_sandbox-vp-HKq_L/lib/python3.10/site-packages/airflow/example_dags/example_external_task_marker_dag.py for tasks to queue
[2024-02-14T09:29:19.580+0000] {logging_mixin.py:188} INFO - [2024-02-14T09:29:19.579+0000] {dagbag.py:538} INFO - Filling up the DagBag from /home/codespace/.local/share/virtualenvs/airflow_sandbox-vp-HKq_L/lib/python3.10/site-packages/airflow/example_dags/example_external_task_marker_dag.py
[2024-02-14T09:29:19.587+0000] {processor.py:840} INFO - DAG(s) 'example_external_task_marker_parent', 'example_external_task_marker_child' retrieved from /home/codespace/.local/share/virtualenvs/airflow_sandbox-vp-HKq_L/lib/python3.10/site-packages/airflow/example_dags/example_external_task_marker_dag.py
[2024-02-14T09:29:19.609+0000] {logging_mixin.py:188} INFO - [2024-02-14T09:29:19.608+0000] {dag.py:3033} INFO - Sync 2 DAGs
[2024-02-14T09:29:19.623+0000] {logging_mixin.py:188} INFO - [2024-02-14T09:29:19.623+0000] {dag.py:3820} INFO - Setting next_dagrun for example_external_task_marker_child to None, run_after=None
[2024-02-14T09:29:19.627+0000] {logging_mixin.py:188} INFO - [2024-02-14T09:29:19.627+0000] {dag.py:3820} INFO - Setting next_dagrun for example_external_task_marker_parent to None, run_after=None
[2024-02-14T09:29:19.679+0000] {processor.py:183} INFO - Processing /home/codespace/.local/share/virtualenvs/airflow_sandbox-vp-HKq_L/lib/python3.10/site-packages/airflow/example_dags/example_external_task_marker_dag.py took 0.105 seconds
[2024-02-14T09:30:13.062+0000] {processor.py:161} INFO - Started process (PID=16454) to work on /home/codespace/.local/share/virtualenvs/airflow_sandbox-vp-HKq_L/lib/python3.10/site-packages/airflow/example_dags/example_external_task_marker_dag.py
[2024-02-14T09:30:13.063+0000] {processor.py:830} INFO - Processing file /home/codespace/.local/share/virtualenvs/airflow_sandbox-vp-HKq_L/lib/python3.10/site-packages/airflow/example_dags/example_external_task_marker_dag.py for tasks to queue
[2024-02-14T09:30:13.063+0000] {logging_mixin.py:188} INFO - [2024-02-14T09:30:13.063+0000] {dagbag.py:538} INFO - Filling up the DagBag from /home/codespace/.local/share/virtualenvs/airflow_sandbox-vp-HKq_L/lib/python3.10/site-packages/airflow/example_dags/example_external_task_marker_dag.py
[2024-02-14T09:30:13.068+0000] {processor.py:840} INFO - DAG(s) 'example_external_task_marker_child', 'example_external_task_marker_parent' retrieved from /home/codespace/.local/share/virtualenvs/airflow_sandbox-vp-HKq_L/lib/python3.10/site-packages/airflow/example_dags/example_external_task_marker_dag.py
[2024-02-14T09:30:13.083+0000] {logging_mixin.py:188} INFO - [2024-02-14T09:30:13.083+0000] {dag.py:3033} INFO - Sync 2 DAGs
[2024-02-14T09:30:13.095+0000] {logging_mixin.py:188} INFO - [2024-02-14T09:30:13.095+0000] {dag.py:3820} INFO - Setting next_dagrun for example_external_task_marker_child to None, run_after=None
[2024-02-14T09:30:13.098+0000] {logging_mixin.py:188} INFO - [2024-02-14T09:30:13.098+0000] {dag.py:3820} INFO - Setting next_dagrun for example_external_task_marker_parent to None, run_after=None
[2024-02-14T09:30:13.138+0000] {processor.py:183} INFO - Processing /home/codespace/.local/share/virtualenvs/airflow_sandbox-vp-HKq_L/lib/python3.10/site-packages/airflow/example_dags/example_external_task_marker_dag.py took 0.078 seconds
[2024-02-14T09:31:03.756+0000] {processor.py:161} INFO - Started process (PID=16825) to work on /home/codespace/.local/share/virtualenvs/airflow_sandbox-vp-HKq_L/lib/python3.10/site-packages/airflow/example_dags/example_external_task_marker_dag.py
[2024-02-14T09:31:03.757+0000] {processor.py:830} INFO - Processing file /home/codespace/.local/share/virtualenvs/airflow_sandbox-vp-HKq_L/lib/python3.10/site-packages/airflow/example_dags/example_external_task_marker_dag.py for tasks to queue
[2024-02-14T09:31:03.758+0000] {logging_mixin.py:188} INFO - [2024-02-14T09:31:03.758+0000] {dagbag.py:538} INFO - Filling up the DagBag from /home/codespace/.local/share/virtualenvs/airflow_sandbox-vp-HKq_L/lib/python3.10/site-packages/airflow/example_dags/example_external_task_marker_dag.py
[2024-02-14T09:31:03.762+0000] {processor.py:840} INFO - DAG(s) 'example_external_task_marker_child', 'example_external_task_marker_parent' retrieved from /home/codespace/.local/share/virtualenvs/airflow_sandbox-vp-HKq_L/lib/python3.10/site-packages/airflow/example_dags/example_external_task_marker_dag.py
[2024-02-14T09:31:03.776+0000] {logging_mixin.py:188} INFO - [2024-02-14T09:31:03.775+0000] {dag.py:3033} INFO - Sync 2 DAGs
[2024-02-14T09:31:03.785+0000] {logging_mixin.py:188} INFO - [2024-02-14T09:31:03.785+0000] {dag.py:3820} INFO - Setting next_dagrun for example_external_task_marker_child to None, run_after=None
[2024-02-14T09:31:03.787+0000] {logging_mixin.py:188} INFO - [2024-02-14T09:31:03.787+0000] {dag.py:3820} INFO - Setting next_dagrun for example_external_task_marker_parent to None, run_after=None
[2024-02-14T09:31:03.830+0000] {processor.py:183} INFO - Processing /home/codespace/.local/share/virtualenvs/airflow_sandbox-vp-HKq_L/lib/python3.10/site-packages/airflow/example_dags/example_external_task_marker_dag.py took 0.076 seconds
[2024-02-14T09:31:56.803+0000] {processor.py:161} INFO - Started process (PID=17188) to work on /home/codespace/.local/share/virtualenvs/airflow_sandbox-vp-HKq_L/lib/python3.10/site-packages/airflow/example_dags/example_external_task_marker_dag.py
[2024-02-14T09:31:56.803+0000] {processor.py:830} INFO - Processing file /home/codespace/.local/share/virtualenvs/airflow_sandbox-vp-HKq_L/lib/python3.10/site-packages/airflow/example_dags/example_external_task_marker_dag.py for tasks to queue
[2024-02-14T09:31:56.804+0000] {logging_mixin.py:188} INFO - [2024-02-14T09:31:56.804+0000] {dagbag.py:538} INFO - Filling up the DagBag from /home/codespace/.local/share/virtualenvs/airflow_sandbox-vp-HKq_L/lib/python3.10/site-packages/airflow/example_dags/example_external_task_marker_dag.py
[2024-02-14T09:31:56.809+0000] {processor.py:840} INFO - DAG(s) 'example_external_task_marker_child', 'example_external_task_marker_parent' retrieved from /home/codespace/.local/share/virtualenvs/airflow_sandbox-vp-HKq_L/lib/python3.10/site-packages/airflow/example_dags/example_external_task_marker_dag.py
[2024-02-14T09:31:56.822+0000] {logging_mixin.py:188} INFO - [2024-02-14T09:31:56.822+0000] {dag.py:3033} INFO - Sync 2 DAGs
[2024-02-14T09:31:56.831+0000] {logging_mixin.py:188} INFO - [2024-02-14T09:31:56.830+0000] {dag.py:3820} INFO - Setting next_dagrun for example_external_task_marker_child to None, run_after=None
[2024-02-14T09:31:56.833+0000] {logging_mixin.py:188} INFO - [2024-02-14T09:31:56.833+0000] {dag.py:3820} INFO - Setting next_dagrun for example_external_task_marker_parent to None, run_after=None
[2024-02-14T09:31:56.874+0000] {processor.py:183} INFO - Processing /home/codespace/.local/share/virtualenvs/airflow_sandbox-vp-HKq_L/lib/python3.10/site-packages/airflow/example_dags/example_external_task_marker_dag.py took 0.073 seconds
[2024-02-14T09:32:50.176+0000] {processor.py:161} INFO - Started process (PID=17608) to work on /home/codespace/.local/share/virtualenvs/airflow_sandbox-vp-HKq_L/lib/python3.10/site-packages/airflow/example_dags/example_external_task_marker_dag.py
[2024-02-14T09:32:50.176+0000] {processor.py:830} INFO - Processing file /home/codespace/.local/share/virtualenvs/airflow_sandbox-vp-HKq_L/lib/python3.10/site-packages/airflow/example_dags/example_external_task_marker_dag.py for tasks to queue
[2024-02-14T09:32:50.177+0000] {logging_mixin.py:188} INFO - [2024-02-14T09:32:50.177+0000] {dagbag.py:538} INFO - Filling up the DagBag from /home/codespace/.local/share/virtualenvs/airflow_sandbox-vp-HKq_L/lib/python3.10/site-packages/airflow/example_dags/example_external_task_marker_dag.py
[2024-02-14T09:32:50.182+0000] {processor.py:840} INFO - DAG(s) 'example_external_task_marker_parent', 'example_external_task_marker_child' retrieved from /home/codespace/.local/share/virtualenvs/airflow_sandbox-vp-HKq_L/lib/python3.10/site-packages/airflow/example_dags/example_external_task_marker_dag.py
[2024-02-14T09:32:50.197+0000] {logging_mixin.py:188} INFO - [2024-02-14T09:32:50.196+0000] {dag.py:3033} INFO - Sync 2 DAGs
[2024-02-14T09:32:50.206+0000] {logging_mixin.py:188} INFO - [2024-02-14T09:32:50.206+0000] {dag.py:3820} INFO - Setting next_dagrun for example_external_task_marker_child to None, run_after=None
[2024-02-14T09:32:50.209+0000] {logging_mixin.py:188} INFO - [2024-02-14T09:32:50.209+0000] {dag.py:3820} INFO - Setting next_dagrun for example_external_task_marker_parent to None, run_after=None
[2024-02-14T09:32:50.249+0000] {processor.py:183} INFO - Processing /home/codespace/.local/share/virtualenvs/airflow_sandbox-vp-HKq_L/lib/python3.10/site-packages/airflow/example_dags/example_external_task_marker_dag.py took 0.076 seconds
[2024-02-14T09:33:42.977+0000] {processor.py:161} INFO - Started process (PID=17970) to work on /home/codespace/.local/share/virtualenvs/airflow_sandbox-vp-HKq_L/lib/python3.10/site-packages/airflow/example_dags/example_external_task_marker_dag.py
[2024-02-14T09:33:42.978+0000] {processor.py:830} INFO - Processing file /home/codespace/.local/share/virtualenvs/airflow_sandbox-vp-HKq_L/lib/python3.10/site-packages/airflow/example_dags/example_external_task_marker_dag.py for tasks to queue
[2024-02-14T09:33:42.979+0000] {logging_mixin.py:188} INFO - [2024-02-14T09:33:42.978+0000] {dagbag.py:538} INFO - Filling up the DagBag from /home/codespace/.local/share/virtualenvs/airflow_sandbox-vp-HKq_L/lib/python3.10/site-packages/airflow/example_dags/example_external_task_marker_dag.py
[2024-02-14T09:33:42.984+0000] {processor.py:840} INFO - DAG(s) 'example_external_task_marker_parent', 'example_external_task_marker_child' retrieved from /home/codespace/.local/share/virtualenvs/airflow_sandbox-vp-HKq_L/lib/python3.10/site-packages/airflow/example_dags/example_external_task_marker_dag.py
[2024-02-14T09:33:43.000+0000] {logging_mixin.py:188} INFO - [2024-02-14T09:33:43.000+0000] {dag.py:3033} INFO - Sync 2 DAGs
[2024-02-14T09:33:43.010+0000] {logging_mixin.py:188} INFO - [2024-02-14T09:33:43.010+0000] {dag.py:3820} INFO - Setting next_dagrun for example_external_task_marker_child to None, run_after=None
[2024-02-14T09:33:43.013+0000] {logging_mixin.py:188} INFO - [2024-02-14T09:33:43.013+0000] {dag.py:3820} INFO - Setting next_dagrun for example_external_task_marker_parent to None, run_after=None
[2024-02-14T09:33:43.057+0000] {processor.py:183} INFO - Processing /home/codespace/.local/share/virtualenvs/airflow_sandbox-vp-HKq_L/lib/python3.10/site-packages/airflow/example_dags/example_external_task_marker_dag.py took 0.082 seconds
[2024-02-14T09:34:34.685+0000] {processor.py:161} INFO - Started process (PID=18387) to work on /home/codespace/.local/share/virtualenvs/airflow_sandbox-vp-HKq_L/lib/python3.10/site-packages/airflow/example_dags/example_external_task_marker_dag.py
[2024-02-14T09:34:34.686+0000] {processor.py:830} INFO - Processing file /home/codespace/.local/share/virtualenvs/airflow_sandbox-vp-HKq_L/lib/python3.10/site-packages/airflow/example_dags/example_external_task_marker_dag.py for tasks to queue
[2024-02-14T09:34:34.686+0000] {logging_mixin.py:188} INFO - [2024-02-14T09:34:34.686+0000] {dagbag.py:538} INFO - Filling up the DagBag from /home/codespace/.local/share/virtualenvs/airflow_sandbox-vp-HKq_L/lib/python3.10/site-packages/airflow/example_dags/example_external_task_marker_dag.py
[2024-02-14T09:34:34.691+0000] {processor.py:840} INFO - DAG(s) 'example_external_task_marker_parent', 'example_external_task_marker_child' retrieved from /home/codespace/.local/share/virtualenvs/airflow_sandbox-vp-HKq_L/lib/python3.10/site-packages/airflow/example_dags/example_external_task_marker_dag.py
[2024-02-14T09:34:34.705+0000] {logging_mixin.py:188} INFO - [2024-02-14T09:34:34.705+0000] {dag.py:3033} INFO - Sync 2 DAGs
[2024-02-14T09:34:34.714+0000] {logging_mixin.py:188} INFO - [2024-02-14T09:34:34.714+0000] {dag.py:3820} INFO - Setting next_dagrun for example_external_task_marker_child to None, run_after=None
[2024-02-14T09:34:34.716+0000] {logging_mixin.py:188} INFO - [2024-02-14T09:34:34.716+0000] {dag.py:3820} INFO - Setting next_dagrun for example_external_task_marker_parent to None, run_after=None
[2024-02-14T09:34:34.760+0000] {processor.py:183} INFO - Processing /home/codespace/.local/share/virtualenvs/airflow_sandbox-vp-HKq_L/lib/python3.10/site-packages/airflow/example_dags/example_external_task_marker_dag.py took 0.077 seconds
