[2024-02-14T09:07:49.858+0000] {processor.py:161} INFO - Started process (PID=4639) to work on /home/codespace/.local/share/virtualenvs/airflow_sandbox-vp-HKq_L/lib/python3.10/site-packages/airflow/example_dags/example_trigger_controller_dag.py
[2024-02-14T09:07:49.859+0000] {processor.py:830} INFO - Processing file /home/codespace/.local/share/virtualenvs/airflow_sandbox-vp-HKq_L/lib/python3.10/site-packages/airflow/example_dags/example_trigger_controller_dag.py for tasks to queue
[2024-02-14T09:07:49.859+0000] {logging_mixin.py:188} INFO - [2024-02-14T09:07:49.859+0000] {dagbag.py:538} INFO - Filling up the DagBag from /home/codespace/.local/share/virtualenvs/airflow_sandbox-vp-HKq_L/lib/python3.10/site-packages/airflow/example_dags/example_trigger_controller_dag.py
[2024-02-14T09:07:49.863+0000] {processor.py:840} INFO - DAG(s) 'example_trigger_controller_dag' retrieved from /home/codespace/.local/share/virtualenvs/airflow_sandbox-vp-HKq_L/lib/python3.10/site-packages/airflow/example_dags/example_trigger_controller_dag.py
[2024-02-14T09:07:49.875+0000] {logging_mixin.py:188} INFO - [2024-02-14T09:07:49.875+0000] {dag.py:3033} INFO - Sync 1 DAGs
[2024-02-14T09:07:49.890+0000] {logging_mixin.py:188} INFO - [2024-02-14T09:07:49.890+0000] {dag.py:3820} INFO - Setting next_dagrun for example_trigger_controller_dag to 2021-01-01T00:00:00+00:00, run_after=2021-01-01T00:00:00+00:00
[2024-02-14T09:07:49.931+0000] {processor.py:183} INFO - Processing /home/codespace/.local/share/virtualenvs/airflow_sandbox-vp-HKq_L/lib/python3.10/site-packages/airflow/example_dags/example_trigger_controller_dag.py took 0.075 seconds
[2024-02-14T09:08:39.737+0000] {processor.py:161} INFO - Started process (PID=5222) to work on /home/codespace/.local/share/virtualenvs/airflow_sandbox-vp-HKq_L/lib/python3.10/site-packages/airflow/example_dags/example_trigger_controller_dag.py
[2024-02-14T09:08:39.737+0000] {processor.py:830} INFO - Processing file /home/codespace/.local/share/virtualenvs/airflow_sandbox-vp-HKq_L/lib/python3.10/site-packages/airflow/example_dags/example_trigger_controller_dag.py for tasks to queue
[2024-02-14T09:08:39.738+0000] {logging_mixin.py:188} INFO - [2024-02-14T09:08:39.738+0000] {dagbag.py:538} INFO - Filling up the DagBag from /home/codespace/.local/share/virtualenvs/airflow_sandbox-vp-HKq_L/lib/python3.10/site-packages/airflow/example_dags/example_trigger_controller_dag.py
[2024-02-14T09:08:39.742+0000] {processor.py:840} INFO - DAG(s) 'example_trigger_controller_dag' retrieved from /home/codespace/.local/share/virtualenvs/airflow_sandbox-vp-HKq_L/lib/python3.10/site-packages/airflow/example_dags/example_trigger_controller_dag.py
[2024-02-14T09:08:39.753+0000] {logging_mixin.py:188} INFO - [2024-02-14T09:08:39.753+0000] {dag.py:3033} INFO - Sync 1 DAGs
[2024-02-14T09:08:39.771+0000] {logging_mixin.py:188} INFO - [2024-02-14T09:08:39.771+0000] {dag.py:3820} INFO - Setting next_dagrun for example_trigger_controller_dag to 2021-01-01T00:00:00+00:00, run_after=2021-01-01T00:00:00+00:00
[2024-02-14T09:08:39.819+0000] {processor.py:183} INFO - Processing /home/codespace/.local/share/virtualenvs/airflow_sandbox-vp-HKq_L/lib/python3.10/site-packages/airflow/example_dags/example_trigger_controller_dag.py took 0.085 seconds
[2024-02-14T09:09:34.510+0000] {processor.py:161} INFO - Started process (PID=6068) to work on /home/codespace/.local/share/virtualenvs/airflow_sandbox-vp-HKq_L/lib/python3.10/site-packages/airflow/example_dags/example_trigger_controller_dag.py
[2024-02-14T09:09:34.511+0000] {processor.py:830} INFO - Processing file /home/codespace/.local/share/virtualenvs/airflow_sandbox-vp-HKq_L/lib/python3.10/site-packages/airflow/example_dags/example_trigger_controller_dag.py for tasks to queue
[2024-02-14T09:09:34.512+0000] {logging_mixin.py:188} INFO - [2024-02-14T09:09:34.512+0000] {dagbag.py:538} INFO - Filling up the DagBag from /home/codespace/.local/share/virtualenvs/airflow_sandbox-vp-HKq_L/lib/python3.10/site-packages/airflow/example_dags/example_trigger_controller_dag.py
[2024-02-14T09:09:34.516+0000] {processor.py:840} INFO - DAG(s) 'example_trigger_controller_dag' retrieved from /home/codespace/.local/share/virtualenvs/airflow_sandbox-vp-HKq_L/lib/python3.10/site-packages/airflow/example_dags/example_trigger_controller_dag.py
[2024-02-14T09:09:34.527+0000] {logging_mixin.py:188} INFO - [2024-02-14T09:09:34.527+0000] {dag.py:3033} INFO - Sync 1 DAGs
[2024-02-14T09:09:34.544+0000] {logging_mixin.py:188} INFO - [2024-02-14T09:09:34.544+0000] {dag.py:3820} INFO - Setting next_dagrun for example_trigger_controller_dag to 2021-01-01T00:00:00+00:00, run_after=2021-01-01T00:00:00+00:00
[2024-02-14T09:09:34.607+0000] {processor.py:183} INFO - Processing /home/codespace/.local/share/virtualenvs/airflow_sandbox-vp-HKq_L/lib/python3.10/site-packages/airflow/example_dags/example_trigger_controller_dag.py took 0.099 seconds
[2024-02-14T09:10:19.975+0000] {processor.py:161} INFO - Started process (PID=6657) to work on /home/codespace/.local/share/virtualenvs/airflow_sandbox-vp-HKq_L/lib/python3.10/site-packages/airflow/example_dags/example_trigger_controller_dag.py
[2024-02-14T09:10:19.975+0000] {processor.py:830} INFO - Processing file /home/codespace/.local/share/virtualenvs/airflow_sandbox-vp-HKq_L/lib/python3.10/site-packages/airflow/example_dags/example_trigger_controller_dag.py for tasks to queue
[2024-02-14T09:10:19.976+0000] {logging_mixin.py:188} INFO - [2024-02-14T09:10:19.976+0000] {dagbag.py:538} INFO - Filling up the DagBag from /home/codespace/.local/share/virtualenvs/airflow_sandbox-vp-HKq_L/lib/python3.10/site-packages/airflow/example_dags/example_trigger_controller_dag.py
[2024-02-14T09:10:19.980+0000] {processor.py:840} INFO - DAG(s) 'example_trigger_controller_dag' retrieved from /home/codespace/.local/share/virtualenvs/airflow_sandbox-vp-HKq_L/lib/python3.10/site-packages/airflow/example_dags/example_trigger_controller_dag.py
[2024-02-14T09:10:19.991+0000] {logging_mixin.py:188} INFO - [2024-02-14T09:10:19.991+0000] {dag.py:3033} INFO - Sync 1 DAGs
[2024-02-14T09:10:20.006+0000] {logging_mixin.py:188} INFO - [2024-02-14T09:10:20.006+0000] {dag.py:3820} INFO - Setting next_dagrun for example_trigger_controller_dag to 2021-01-01T00:00:00+00:00, run_after=2021-01-01T00:00:00+00:00
[2024-02-14T09:10:20.049+0000] {processor.py:183} INFO - Processing /home/codespace/.local/share/virtualenvs/airflow_sandbox-vp-HKq_L/lib/python3.10/site-packages/airflow/example_dags/example_trigger_controller_dag.py took 0.076 seconds
[2024-02-14T09:11:00.112+0000] {processor.py:161} INFO - Started process (PID=7081) to work on /home/codespace/.local/share/virtualenvs/airflow_sandbox-vp-HKq_L/lib/python3.10/site-packages/airflow/example_dags/example_trigger_controller_dag.py
[2024-02-14T09:11:00.113+0000] {processor.py:830} INFO - Processing file /home/codespace/.local/share/virtualenvs/airflow_sandbox-vp-HKq_L/lib/python3.10/site-packages/airflow/example_dags/example_trigger_controller_dag.py for tasks to queue
[2024-02-14T09:11:00.113+0000] {logging_mixin.py:188} INFO - [2024-02-14T09:11:00.113+0000] {dagbag.py:538} INFO - Filling up the DagBag from /home/codespace/.local/share/virtualenvs/airflow_sandbox-vp-HKq_L/lib/python3.10/site-packages/airflow/example_dags/example_trigger_controller_dag.py
[2024-02-14T09:11:00.118+0000] {processor.py:840} INFO - DAG(s) 'example_trigger_controller_dag' retrieved from /home/codespace/.local/share/virtualenvs/airflow_sandbox-vp-HKq_L/lib/python3.10/site-packages/airflow/example_dags/example_trigger_controller_dag.py
[2024-02-14T09:11:00.131+0000] {logging_mixin.py:188} INFO - [2024-02-14T09:11:00.131+0000] {dag.py:3033} INFO - Sync 1 DAGs
[2024-02-14T09:11:00.150+0000] {logging_mixin.py:188} INFO - [2024-02-14T09:11:00.149+0000] {dag.py:3820} INFO - Setting next_dagrun for example_trigger_controller_dag to 2021-01-01T00:00:00+00:00, run_after=2021-01-01T00:00:00+00:00
[2024-02-14T09:11:00.191+0000] {processor.py:183} INFO - Processing /home/codespace/.local/share/virtualenvs/airflow_sandbox-vp-HKq_L/lib/python3.10/site-packages/airflow/example_dags/example_trigger_controller_dag.py took 0.082 seconds
[2024-02-14T09:11:56.200+0000] {processor.py:161} INFO - Started process (PID=7835) to work on /home/codespace/.local/share/virtualenvs/airflow_sandbox-vp-HKq_L/lib/python3.10/site-packages/airflow/example_dags/example_trigger_controller_dag.py
[2024-02-14T09:11:56.201+0000] {processor.py:830} INFO - Processing file /home/codespace/.local/share/virtualenvs/airflow_sandbox-vp-HKq_L/lib/python3.10/site-packages/airflow/example_dags/example_trigger_controller_dag.py for tasks to queue
[2024-02-14T09:11:56.202+0000] {logging_mixin.py:188} INFO - [2024-02-14T09:11:56.201+0000] {dagbag.py:538} INFO - Filling up the DagBag from /home/codespace/.local/share/virtualenvs/airflow_sandbox-vp-HKq_L/lib/python3.10/site-packages/airflow/example_dags/example_trigger_controller_dag.py
[2024-02-14T09:11:56.205+0000] {processor.py:840} INFO - DAG(s) 'example_trigger_controller_dag' retrieved from /home/codespace/.local/share/virtualenvs/airflow_sandbox-vp-HKq_L/lib/python3.10/site-packages/airflow/example_dags/example_trigger_controller_dag.py
[2024-02-14T09:11:56.217+0000] {logging_mixin.py:188} INFO - [2024-02-14T09:11:56.217+0000] {dag.py:3033} INFO - Sync 1 DAGs
[2024-02-14T09:11:56.232+0000] {logging_mixin.py:188} INFO - [2024-02-14T09:11:56.232+0000] {dag.py:3820} INFO - Setting next_dagrun for example_trigger_controller_dag to 2021-01-01T00:00:00+00:00, run_after=2021-01-01T00:00:00+00:00
[2024-02-14T09:11:56.273+0000] {processor.py:183} INFO - Processing /home/codespace/.local/share/virtualenvs/airflow_sandbox-vp-HKq_L/lib/python3.10/site-packages/airflow/example_dags/example_trigger_controller_dag.py took 0.075 seconds
[2024-02-14T09:12:50.672+0000] {processor.py:161} INFO - Started process (PID=8341) to work on /home/codespace/.local/share/virtualenvs/airflow_sandbox-vp-HKq_L/lib/python3.10/site-packages/airflow/example_dags/example_trigger_controller_dag.py
[2024-02-14T09:12:50.673+0000] {processor.py:830} INFO - Processing file /home/codespace/.local/share/virtualenvs/airflow_sandbox-vp-HKq_L/lib/python3.10/site-packages/airflow/example_dags/example_trigger_controller_dag.py for tasks to queue
[2024-02-14T09:12:50.674+0000] {logging_mixin.py:188} INFO - [2024-02-14T09:12:50.673+0000] {dagbag.py:538} INFO - Filling up the DagBag from /home/codespace/.local/share/virtualenvs/airflow_sandbox-vp-HKq_L/lib/python3.10/site-packages/airflow/example_dags/example_trigger_controller_dag.py
[2024-02-14T09:12:50.677+0000] {processor.py:840} INFO - DAG(s) 'example_trigger_controller_dag' retrieved from /home/codespace/.local/share/virtualenvs/airflow_sandbox-vp-HKq_L/lib/python3.10/site-packages/airflow/example_dags/example_trigger_controller_dag.py
[2024-02-14T09:12:50.689+0000] {logging_mixin.py:188} INFO - [2024-02-14T09:12:50.689+0000] {dag.py:3033} INFO - Sync 1 DAGs
[2024-02-14T09:12:50.705+0000] {logging_mixin.py:188} INFO - [2024-02-14T09:12:50.704+0000] {dag.py:3820} INFO - Setting next_dagrun for example_trigger_controller_dag to 2021-01-01T00:00:00+00:00, run_after=2021-01-01T00:00:00+00:00
[2024-02-14T09:12:50.747+0000] {processor.py:183} INFO - Processing /home/codespace/.local/share/virtualenvs/airflow_sandbox-vp-HKq_L/lib/python3.10/site-packages/airflow/example_dags/example_trigger_controller_dag.py took 0.077 seconds
[2024-02-14T09:13:43.897+0000] {processor.py:161} INFO - Started process (PID=8707) to work on /home/codespace/.local/share/virtualenvs/airflow_sandbox-vp-HKq_L/lib/python3.10/site-packages/airflow/example_dags/example_trigger_controller_dag.py
[2024-02-14T09:13:43.898+0000] {processor.py:830} INFO - Processing file /home/codespace/.local/share/virtualenvs/airflow_sandbox-vp-HKq_L/lib/python3.10/site-packages/airflow/example_dags/example_trigger_controller_dag.py for tasks to queue
[2024-02-14T09:13:43.899+0000] {logging_mixin.py:188} INFO - [2024-02-14T09:13:43.898+0000] {dagbag.py:538} INFO - Filling up the DagBag from /home/codespace/.local/share/virtualenvs/airflow_sandbox-vp-HKq_L/lib/python3.10/site-packages/airflow/example_dags/example_trigger_controller_dag.py
[2024-02-14T09:13:43.902+0000] {processor.py:840} INFO - DAG(s) 'example_trigger_controller_dag' retrieved from /home/codespace/.local/share/virtualenvs/airflow_sandbox-vp-HKq_L/lib/python3.10/site-packages/airflow/example_dags/example_trigger_controller_dag.py
[2024-02-14T09:13:43.913+0000] {logging_mixin.py:188} INFO - [2024-02-14T09:13:43.913+0000] {dag.py:3033} INFO - Sync 1 DAGs
[2024-02-14T09:13:43.929+0000] {logging_mixin.py:188} INFO - [2024-02-14T09:13:43.929+0000] {dag.py:3820} INFO - Setting next_dagrun for example_trigger_controller_dag to 2021-01-01T00:00:00+00:00, run_after=2021-01-01T00:00:00+00:00
[2024-02-14T09:13:43.977+0000] {processor.py:183} INFO - Processing /home/codespace/.local/share/virtualenvs/airflow_sandbox-vp-HKq_L/lib/python3.10/site-packages/airflow/example_dags/example_trigger_controller_dag.py took 0.082 seconds
[2024-02-14T09:14:35.499+0000] {processor.py:161} INFO - Started process (PID=9134) to work on /home/codespace/.local/share/virtualenvs/airflow_sandbox-vp-HKq_L/lib/python3.10/site-packages/airflow/example_dags/example_trigger_controller_dag.py
[2024-02-14T09:14:35.500+0000] {processor.py:830} INFO - Processing file /home/codespace/.local/share/virtualenvs/airflow_sandbox-vp-HKq_L/lib/python3.10/site-packages/airflow/example_dags/example_trigger_controller_dag.py for tasks to queue
[2024-02-14T09:14:35.501+0000] {logging_mixin.py:188} INFO - [2024-02-14T09:14:35.500+0000] {dagbag.py:538} INFO - Filling up the DagBag from /home/codespace/.local/share/virtualenvs/airflow_sandbox-vp-HKq_L/lib/python3.10/site-packages/airflow/example_dags/example_trigger_controller_dag.py
[2024-02-14T09:14:35.504+0000] {processor.py:840} INFO - DAG(s) 'example_trigger_controller_dag' retrieved from /home/codespace/.local/share/virtualenvs/airflow_sandbox-vp-HKq_L/lib/python3.10/site-packages/airflow/example_dags/example_trigger_controller_dag.py
[2024-02-14T09:14:35.517+0000] {logging_mixin.py:188} INFO - [2024-02-14T09:14:35.517+0000] {dag.py:3033} INFO - Sync 1 DAGs
[2024-02-14T09:14:35.532+0000] {logging_mixin.py:188} INFO - [2024-02-14T09:14:35.532+0000] {dag.py:3820} INFO - Setting next_dagrun for example_trigger_controller_dag to 2021-01-01T00:00:00+00:00, run_after=2021-01-01T00:00:00+00:00
[2024-02-14T09:14:35.574+0000] {processor.py:183} INFO - Processing /home/codespace/.local/share/virtualenvs/airflow_sandbox-vp-HKq_L/lib/python3.10/site-packages/airflow/example_dags/example_trigger_controller_dag.py took 0.077 seconds
[2024-02-14T09:15:29.459+0000] {processor.py:161} INFO - Started process (PID=9499) to work on /home/codespace/.local/share/virtualenvs/airflow_sandbox-vp-HKq_L/lib/python3.10/site-packages/airflow/example_dags/example_trigger_controller_dag.py
[2024-02-14T09:15:29.460+0000] {processor.py:830} INFO - Processing file /home/codespace/.local/share/virtualenvs/airflow_sandbox-vp-HKq_L/lib/python3.10/site-packages/airflow/example_dags/example_trigger_controller_dag.py for tasks to queue
[2024-02-14T09:15:29.460+0000] {logging_mixin.py:188} INFO - [2024-02-14T09:15:29.460+0000] {dagbag.py:538} INFO - Filling up the DagBag from /home/codespace/.local/share/virtualenvs/airflow_sandbox-vp-HKq_L/lib/python3.10/site-packages/airflow/example_dags/example_trigger_controller_dag.py
[2024-02-14T09:15:29.464+0000] {processor.py:840} INFO - DAG(s) 'example_trigger_controller_dag' retrieved from /home/codespace/.local/share/virtualenvs/airflow_sandbox-vp-HKq_L/lib/python3.10/site-packages/airflow/example_dags/example_trigger_controller_dag.py
[2024-02-14T09:15:29.476+0000] {logging_mixin.py:188} INFO - [2024-02-14T09:15:29.476+0000] {dag.py:3033} INFO - Sync 1 DAGs
[2024-02-14T09:15:29.492+0000] {logging_mixin.py:188} INFO - [2024-02-14T09:15:29.491+0000] {dag.py:3820} INFO - Setting next_dagrun for example_trigger_controller_dag to 2021-01-01T00:00:00+00:00, run_after=2021-01-01T00:00:00+00:00
[2024-02-14T09:15:29.543+0000] {processor.py:183} INFO - Processing /home/codespace/.local/share/virtualenvs/airflow_sandbox-vp-HKq_L/lib/python3.10/site-packages/airflow/example_dags/example_trigger_controller_dag.py took 0.086 seconds
[2024-02-14T09:16:20.157+0000] {processor.py:161} INFO - Started process (PID=9866) to work on /home/codespace/.local/share/virtualenvs/airflow_sandbox-vp-HKq_L/lib/python3.10/site-packages/airflow/example_dags/example_trigger_controller_dag.py
[2024-02-14T09:16:20.158+0000] {processor.py:830} INFO - Processing file /home/codespace/.local/share/virtualenvs/airflow_sandbox-vp-HKq_L/lib/python3.10/site-packages/airflow/example_dags/example_trigger_controller_dag.py for tasks to queue
[2024-02-14T09:16:20.158+0000] {logging_mixin.py:188} INFO - [2024-02-14T09:16:20.158+0000] {dagbag.py:538} INFO - Filling up the DagBag from /home/codespace/.local/share/virtualenvs/airflow_sandbox-vp-HKq_L/lib/python3.10/site-packages/airflow/example_dags/example_trigger_controller_dag.py
[2024-02-14T09:16:20.162+0000] {processor.py:840} INFO - DAG(s) 'example_trigger_controller_dag' retrieved from /home/codespace/.local/share/virtualenvs/airflow_sandbox-vp-HKq_L/lib/python3.10/site-packages/airflow/example_dags/example_trigger_controller_dag.py
[2024-02-14T09:16:20.175+0000] {logging_mixin.py:188} INFO - [2024-02-14T09:16:20.174+0000] {dag.py:3033} INFO - Sync 1 DAGs
[2024-02-14T09:16:20.190+0000] {logging_mixin.py:188} INFO - [2024-02-14T09:16:20.190+0000] {dag.py:3820} INFO - Setting next_dagrun for example_trigger_controller_dag to 2021-01-01T00:00:00+00:00, run_after=2021-01-01T00:00:00+00:00
[2024-02-14T09:16:20.232+0000] {processor.py:183} INFO - Processing /home/codespace/.local/share/virtualenvs/airflow_sandbox-vp-HKq_L/lib/python3.10/site-packages/airflow/example_dags/example_trigger_controller_dag.py took 0.077 seconds
[2024-02-14T09:17:14.345+0000] {processor.py:161} INFO - Started process (PID=10262) to work on /home/codespace/.local/share/virtualenvs/airflow_sandbox-vp-HKq_L/lib/python3.10/site-packages/airflow/example_dags/example_trigger_controller_dag.py
[2024-02-14T09:17:14.346+0000] {processor.py:830} INFO - Processing file /home/codespace/.local/share/virtualenvs/airflow_sandbox-vp-HKq_L/lib/python3.10/site-packages/airflow/example_dags/example_trigger_controller_dag.py for tasks to queue
[2024-02-14T09:17:14.347+0000] {logging_mixin.py:188} INFO - [2024-02-14T09:17:14.347+0000] {dagbag.py:538} INFO - Filling up the DagBag from /home/codespace/.local/share/virtualenvs/airflow_sandbox-vp-HKq_L/lib/python3.10/site-packages/airflow/example_dags/example_trigger_controller_dag.py
[2024-02-14T09:17:14.352+0000] {processor.py:840} INFO - DAG(s) 'example_trigger_controller_dag' retrieved from /home/codespace/.local/share/virtualenvs/airflow_sandbox-vp-HKq_L/lib/python3.10/site-packages/airflow/example_dags/example_trigger_controller_dag.py
[2024-02-14T09:17:14.366+0000] {logging_mixin.py:188} INFO - [2024-02-14T09:17:14.365+0000] {dag.py:3033} INFO - Sync 1 DAGs
[2024-02-14T09:17:14.382+0000] {logging_mixin.py:188} INFO - [2024-02-14T09:17:14.382+0000] {dag.py:3820} INFO - Setting next_dagrun for example_trigger_controller_dag to 2021-01-01T00:00:00+00:00, run_after=2021-01-01T00:00:00+00:00
[2024-02-14T09:17:14.425+0000] {processor.py:183} INFO - Processing /home/codespace/.local/share/virtualenvs/airflow_sandbox-vp-HKq_L/lib/python3.10/site-packages/airflow/example_dags/example_trigger_controller_dag.py took 0.083 seconds
[2024-02-14T09:18:03.568+0000] {processor.py:161} INFO - Started process (PID=10650) to work on /home/codespace/.local/share/virtualenvs/airflow_sandbox-vp-HKq_L/lib/python3.10/site-packages/airflow/example_dags/example_trigger_controller_dag.py
[2024-02-14T09:18:03.569+0000] {processor.py:830} INFO - Processing file /home/codespace/.local/share/virtualenvs/airflow_sandbox-vp-HKq_L/lib/python3.10/site-packages/airflow/example_dags/example_trigger_controller_dag.py for tasks to queue
[2024-02-14T09:18:03.570+0000] {logging_mixin.py:188} INFO - [2024-02-14T09:18:03.570+0000] {dagbag.py:538} INFO - Filling up the DagBag from /home/codespace/.local/share/virtualenvs/airflow_sandbox-vp-HKq_L/lib/python3.10/site-packages/airflow/example_dags/example_trigger_controller_dag.py
[2024-02-14T09:18:03.574+0000] {processor.py:840} INFO - DAG(s) 'example_trigger_controller_dag' retrieved from /home/codespace/.local/share/virtualenvs/airflow_sandbox-vp-HKq_L/lib/python3.10/site-packages/airflow/example_dags/example_trigger_controller_dag.py
[2024-02-14T09:18:03.586+0000] {logging_mixin.py:188} INFO - [2024-02-14T09:18:03.585+0000] {dag.py:3033} INFO - Sync 1 DAGs
[2024-02-14T09:18:03.601+0000] {logging_mixin.py:188} INFO - [2024-02-14T09:18:03.601+0000] {dag.py:3820} INFO - Setting next_dagrun for example_trigger_controller_dag to 2021-01-01T00:00:00+00:00, run_after=2021-01-01T00:00:00+00:00
[2024-02-14T09:18:03.642+0000] {processor.py:183} INFO - Processing /home/codespace/.local/share/virtualenvs/airflow_sandbox-vp-HKq_L/lib/python3.10/site-packages/airflow/example_dags/example_trigger_controller_dag.py took 0.076 seconds
[2024-02-14T09:18:56.686+0000] {processor.py:161} INFO - Started process (PID=11030) to work on /home/codespace/.local/share/virtualenvs/airflow_sandbox-vp-HKq_L/lib/python3.10/site-packages/airflow/example_dags/example_trigger_controller_dag.py
[2024-02-14T09:18:56.687+0000] {processor.py:830} INFO - Processing file /home/codespace/.local/share/virtualenvs/airflow_sandbox-vp-HKq_L/lib/python3.10/site-packages/airflow/example_dags/example_trigger_controller_dag.py for tasks to queue
[2024-02-14T09:18:56.687+0000] {logging_mixin.py:188} INFO - [2024-02-14T09:18:56.687+0000] {dagbag.py:538} INFO - Filling up the DagBag from /home/codespace/.local/share/virtualenvs/airflow_sandbox-vp-HKq_L/lib/python3.10/site-packages/airflow/example_dags/example_trigger_controller_dag.py
[2024-02-14T09:18:56.691+0000] {processor.py:840} INFO - DAG(s) 'example_trigger_controller_dag' retrieved from /home/codespace/.local/share/virtualenvs/airflow_sandbox-vp-HKq_L/lib/python3.10/site-packages/airflow/example_dags/example_trigger_controller_dag.py
[2024-02-14T09:18:56.703+0000] {logging_mixin.py:188} INFO - [2024-02-14T09:18:56.703+0000] {dag.py:3033} INFO - Sync 1 DAGs
[2024-02-14T09:18:56.720+0000] {logging_mixin.py:188} INFO - [2024-02-14T09:18:56.719+0000] {dag.py:3820} INFO - Setting next_dagrun for example_trigger_controller_dag to 2021-01-01T00:00:00+00:00, run_after=2021-01-01T00:00:00+00:00
[2024-02-14T09:18:56.760+0000] {processor.py:183} INFO - Processing /home/codespace/.local/share/virtualenvs/airflow_sandbox-vp-HKq_L/lib/python3.10/site-packages/airflow/example_dags/example_trigger_controller_dag.py took 0.077 seconds
[2024-02-14T09:19:52.678+0000] {processor.py:161} INFO - Started process (PID=11421) to work on /home/codespace/.local/share/virtualenvs/airflow_sandbox-vp-HKq_L/lib/python3.10/site-packages/airflow/example_dags/example_trigger_controller_dag.py
[2024-02-14T09:19:52.679+0000] {processor.py:830} INFO - Processing file /home/codespace/.local/share/virtualenvs/airflow_sandbox-vp-HKq_L/lib/python3.10/site-packages/airflow/example_dags/example_trigger_controller_dag.py for tasks to queue
[2024-02-14T09:19:52.679+0000] {logging_mixin.py:188} INFO - [2024-02-14T09:19:52.679+0000] {dagbag.py:538} INFO - Filling up the DagBag from /home/codespace/.local/share/virtualenvs/airflow_sandbox-vp-HKq_L/lib/python3.10/site-packages/airflow/example_dags/example_trigger_controller_dag.py
[2024-02-14T09:19:52.683+0000] {processor.py:840} INFO - DAG(s) 'example_trigger_controller_dag' retrieved from /home/codespace/.local/share/virtualenvs/airflow_sandbox-vp-HKq_L/lib/python3.10/site-packages/airflow/example_dags/example_trigger_controller_dag.py
[2024-02-14T09:19:52.694+0000] {logging_mixin.py:188} INFO - [2024-02-14T09:19:52.694+0000] {dag.py:3033} INFO - Sync 1 DAGs
[2024-02-14T09:19:52.709+0000] {logging_mixin.py:188} INFO - [2024-02-14T09:19:52.709+0000] {dag.py:3820} INFO - Setting next_dagrun for example_trigger_controller_dag to 2021-01-01T00:00:00+00:00, run_after=2021-01-01T00:00:00+00:00
[2024-02-14T09:19:52.760+0000] {processor.py:183} INFO - Processing /home/codespace/.local/share/virtualenvs/airflow_sandbox-vp-HKq_L/lib/python3.10/site-packages/airflow/example_dags/example_trigger_controller_dag.py took 0.085 seconds
[2024-02-14T09:20:44.595+0000] {processor.py:161} INFO - Started process (PID=12283) to work on /home/codespace/.local/share/virtualenvs/airflow_sandbox-vp-HKq_L/lib/python3.10/site-packages/airflow/example_dags/example_trigger_controller_dag.py
[2024-02-14T09:20:44.596+0000] {processor.py:830} INFO - Processing file /home/codespace/.local/share/virtualenvs/airflow_sandbox-vp-HKq_L/lib/python3.10/site-packages/airflow/example_dags/example_trigger_controller_dag.py for tasks to queue
[2024-02-14T09:20:44.597+0000] {logging_mixin.py:188} INFO - [2024-02-14T09:20:44.597+0000] {dagbag.py:538} INFO - Filling up the DagBag from /home/codespace/.local/share/virtualenvs/airflow_sandbox-vp-HKq_L/lib/python3.10/site-packages/airflow/example_dags/example_trigger_controller_dag.py
[2024-02-14T09:20:44.602+0000] {processor.py:840} INFO - DAG(s) 'example_trigger_controller_dag' retrieved from /home/codespace/.local/share/virtualenvs/airflow_sandbox-vp-HKq_L/lib/python3.10/site-packages/airflow/example_dags/example_trigger_controller_dag.py
[2024-02-14T09:20:44.618+0000] {logging_mixin.py:188} INFO - [2024-02-14T09:20:44.618+0000] {dag.py:3033} INFO - Sync 1 DAGs
[2024-02-14T09:20:44.633+0000] {logging_mixin.py:188} INFO - [2024-02-14T09:20:44.633+0000] {dag.py:3820} INFO - Setting next_dagrun for example_trigger_controller_dag to 2021-01-01T00:00:00+00:00, run_after=2021-01-01T00:00:00+00:00
[2024-02-14T09:20:44.676+0000] {processor.py:183} INFO - Processing /home/codespace/.local/share/virtualenvs/airflow_sandbox-vp-HKq_L/lib/python3.10/site-packages/airflow/example_dags/example_trigger_controller_dag.py took 0.084 seconds
[2024-02-14T09:21:36.371+0000] {processor.py:161} INFO - Started process (PID=12648) to work on /home/codespace/.local/share/virtualenvs/airflow_sandbox-vp-HKq_L/lib/python3.10/site-packages/airflow/example_dags/example_trigger_controller_dag.py
[2024-02-14T09:21:36.372+0000] {processor.py:830} INFO - Processing file /home/codespace/.local/share/virtualenvs/airflow_sandbox-vp-HKq_L/lib/python3.10/site-packages/airflow/example_dags/example_trigger_controller_dag.py for tasks to queue
[2024-02-14T09:21:36.373+0000] {logging_mixin.py:188} INFO - [2024-02-14T09:21:36.372+0000] {dagbag.py:538} INFO - Filling up the DagBag from /home/codespace/.local/share/virtualenvs/airflow_sandbox-vp-HKq_L/lib/python3.10/site-packages/airflow/example_dags/example_trigger_controller_dag.py
[2024-02-14T09:21:36.377+0000] {processor.py:840} INFO - DAG(s) 'example_trigger_controller_dag' retrieved from /home/codespace/.local/share/virtualenvs/airflow_sandbox-vp-HKq_L/lib/python3.10/site-packages/airflow/example_dags/example_trigger_controller_dag.py
[2024-02-14T09:21:36.388+0000] {logging_mixin.py:188} INFO - [2024-02-14T09:21:36.387+0000] {dag.py:3033} INFO - Sync 1 DAGs
[2024-02-14T09:21:36.404+0000] {logging_mixin.py:188} INFO - [2024-02-14T09:21:36.404+0000] {dag.py:3820} INFO - Setting next_dagrun for example_trigger_controller_dag to 2021-01-01T00:00:00+00:00, run_after=2021-01-01T00:00:00+00:00
[2024-02-14T09:21:36.446+0000] {processor.py:183} INFO - Processing /home/codespace/.local/share/virtualenvs/airflow_sandbox-vp-HKq_L/lib/python3.10/site-packages/airflow/example_dags/example_trigger_controller_dag.py took 0.077 seconds
[2024-02-14T09:22:35.108+0000] {processor.py:161} INFO - Started process (PID=13101) to work on /home/codespace/.local/share/virtualenvs/airflow_sandbox-vp-HKq_L/lib/python3.10/site-packages/airflow/example_dags/example_trigger_controller_dag.py
[2024-02-14T09:22:35.109+0000] {processor.py:830} INFO - Processing file /home/codespace/.local/share/virtualenvs/airflow_sandbox-vp-HKq_L/lib/python3.10/site-packages/airflow/example_dags/example_trigger_controller_dag.py for tasks to queue
[2024-02-14T09:22:35.110+0000] {logging_mixin.py:188} INFO - [2024-02-14T09:22:35.109+0000] {dagbag.py:538} INFO - Filling up the DagBag from /home/codespace/.local/share/virtualenvs/airflow_sandbox-vp-HKq_L/lib/python3.10/site-packages/airflow/example_dags/example_trigger_controller_dag.py
[2024-02-14T09:22:35.113+0000] {processor.py:840} INFO - DAG(s) 'example_trigger_controller_dag' retrieved from /home/codespace/.local/share/virtualenvs/airflow_sandbox-vp-HKq_L/lib/python3.10/site-packages/airflow/example_dags/example_trigger_controller_dag.py
[2024-02-14T09:22:35.130+0000] {logging_mixin.py:188} INFO - [2024-02-14T09:22:35.130+0000] {dag.py:3033} INFO - Sync 1 DAGs
[2024-02-14T09:22:35.151+0000] {logging_mixin.py:188} INFO - [2024-02-14T09:22:35.150+0000] {dag.py:3820} INFO - Setting next_dagrun for example_trigger_controller_dag to 2021-01-01T00:00:00+00:00, run_after=2021-01-01T00:00:00+00:00
[2024-02-14T09:22:35.192+0000] {processor.py:183} INFO - Processing /home/codespace/.local/share/virtualenvs/airflow_sandbox-vp-HKq_L/lib/python3.10/site-packages/airflow/example_dags/example_trigger_controller_dag.py took 0.087 seconds
[2024-02-14T09:23:30.826+0000] {processor.py:161} INFO - Started process (PID=13492) to work on /home/codespace/.local/share/virtualenvs/airflow_sandbox-vp-HKq_L/lib/python3.10/site-packages/airflow/example_dags/example_trigger_controller_dag.py
[2024-02-14T09:23:30.827+0000] {processor.py:830} INFO - Processing file /home/codespace/.local/share/virtualenvs/airflow_sandbox-vp-HKq_L/lib/python3.10/site-packages/airflow/example_dags/example_trigger_controller_dag.py for tasks to queue
[2024-02-14T09:23:30.828+0000] {logging_mixin.py:188} INFO - [2024-02-14T09:23:30.827+0000] {dagbag.py:538} INFO - Filling up the DagBag from /home/codespace/.local/share/virtualenvs/airflow_sandbox-vp-HKq_L/lib/python3.10/site-packages/airflow/example_dags/example_trigger_controller_dag.py
[2024-02-14T09:23:30.831+0000] {processor.py:840} INFO - DAG(s) 'example_trigger_controller_dag' retrieved from /home/codespace/.local/share/virtualenvs/airflow_sandbox-vp-HKq_L/lib/python3.10/site-packages/airflow/example_dags/example_trigger_controller_dag.py
[2024-02-14T09:23:30.842+0000] {logging_mixin.py:188} INFO - [2024-02-14T09:23:30.842+0000] {dag.py:3033} INFO - Sync 1 DAGs
[2024-02-14T09:23:30.858+0000] {logging_mixin.py:188} INFO - [2024-02-14T09:23:30.858+0000] {dag.py:3820} INFO - Setting next_dagrun for example_trigger_controller_dag to 2021-01-01T00:00:00+00:00, run_after=2021-01-01T00:00:00+00:00
[2024-02-14T09:23:30.903+0000] {processor.py:183} INFO - Processing /home/codespace/.local/share/virtualenvs/airflow_sandbox-vp-HKq_L/lib/python3.10/site-packages/airflow/example_dags/example_trigger_controller_dag.py took 0.079 seconds
[2024-02-14T09:24:09.744+0000] {processor.py:161} INFO - Started process (PID=13767) to work on /home/codespace/.local/share/virtualenvs/airflow_sandbox-vp-HKq_L/lib/python3.10/site-packages/airflow/example_dags/example_trigger_controller_dag.py
[2024-02-14T09:24:09.745+0000] {processor.py:830} INFO - Processing file /home/codespace/.local/share/virtualenvs/airflow_sandbox-vp-HKq_L/lib/python3.10/site-packages/airflow/example_dags/example_trigger_controller_dag.py for tasks to queue
[2024-02-14T09:24:09.745+0000] {logging_mixin.py:188} INFO - [2024-02-14T09:24:09.745+0000] {dagbag.py:538} INFO - Filling up the DagBag from /home/codespace/.local/share/virtualenvs/airflow_sandbox-vp-HKq_L/lib/python3.10/site-packages/airflow/example_dags/example_trigger_controller_dag.py
[2024-02-14T09:24:09.749+0000] {processor.py:840} INFO - DAG(s) 'example_trigger_controller_dag' retrieved from /home/codespace/.local/share/virtualenvs/airflow_sandbox-vp-HKq_L/lib/python3.10/site-packages/airflow/example_dags/example_trigger_controller_dag.py
[2024-02-14T09:24:09.760+0000] {logging_mixin.py:188} INFO - [2024-02-14T09:24:09.760+0000] {dag.py:3033} INFO - Sync 1 DAGs
[2024-02-14T09:24:09.775+0000] {logging_mixin.py:188} INFO - [2024-02-14T09:24:09.775+0000] {dag.py:3820} INFO - Setting next_dagrun for example_trigger_controller_dag to 2021-01-01T00:00:00+00:00, run_after=2021-01-01T00:00:00+00:00
[2024-02-14T09:24:09.831+0000] {processor.py:183} INFO - Processing /home/codespace/.local/share/virtualenvs/airflow_sandbox-vp-HKq_L/lib/python3.10/site-packages/airflow/example_dags/example_trigger_controller_dag.py took 0.089 seconds
[2024-02-14T09:24:48.692+0000] {processor.py:161} INFO - Started process (PID=14019) to work on /home/codespace/.local/share/virtualenvs/airflow_sandbox-vp-HKq_L/lib/python3.10/site-packages/airflow/example_dags/example_trigger_controller_dag.py
[2024-02-14T09:24:48.692+0000] {processor.py:830} INFO - Processing file /home/codespace/.local/share/virtualenvs/airflow_sandbox-vp-HKq_L/lib/python3.10/site-packages/airflow/example_dags/example_trigger_controller_dag.py for tasks to queue
[2024-02-14T09:24:48.693+0000] {logging_mixin.py:188} INFO - [2024-02-14T09:24:48.693+0000] {dagbag.py:538} INFO - Filling up the DagBag from /home/codespace/.local/share/virtualenvs/airflow_sandbox-vp-HKq_L/lib/python3.10/site-packages/airflow/example_dags/example_trigger_controller_dag.py
[2024-02-14T09:24:48.697+0000] {processor.py:840} INFO - DAG(s) 'example_trigger_controller_dag' retrieved from /home/codespace/.local/share/virtualenvs/airflow_sandbox-vp-HKq_L/lib/python3.10/site-packages/airflow/example_dags/example_trigger_controller_dag.py
[2024-02-14T09:24:48.709+0000] {logging_mixin.py:188} INFO - [2024-02-14T09:24:48.708+0000] {dag.py:3033} INFO - Sync 1 DAGs
[2024-02-14T09:24:48.725+0000] {logging_mixin.py:188} INFO - [2024-02-14T09:24:48.724+0000] {dag.py:3820} INFO - Setting next_dagrun for example_trigger_controller_dag to 2021-01-01T00:00:00+00:00, run_after=2021-01-01T00:00:00+00:00
[2024-02-14T09:24:48.769+0000] {processor.py:183} INFO - Processing /home/codespace/.local/share/virtualenvs/airflow_sandbox-vp-HKq_L/lib/python3.10/site-packages/airflow/example_dags/example_trigger_controller_dag.py took 0.079 seconds
[2024-02-14T09:25:44.150+0000] {processor.py:161} INFO - Started process (PID=14412) to work on /home/codespace/.local/share/virtualenvs/airflow_sandbox-vp-HKq_L/lib/python3.10/site-packages/airflow/example_dags/example_trigger_controller_dag.py
[2024-02-14T09:25:44.151+0000] {processor.py:830} INFO - Processing file /home/codespace/.local/share/virtualenvs/airflow_sandbox-vp-HKq_L/lib/python3.10/site-packages/airflow/example_dags/example_trigger_controller_dag.py for tasks to queue
[2024-02-14T09:25:44.152+0000] {logging_mixin.py:188} INFO - [2024-02-14T09:25:44.151+0000] {dagbag.py:538} INFO - Filling up the DagBag from /home/codespace/.local/share/virtualenvs/airflow_sandbox-vp-HKq_L/lib/python3.10/site-packages/airflow/example_dags/example_trigger_controller_dag.py
[2024-02-14T09:25:44.155+0000] {processor.py:840} INFO - DAG(s) 'example_trigger_controller_dag' retrieved from /home/codespace/.local/share/virtualenvs/airflow_sandbox-vp-HKq_L/lib/python3.10/site-packages/airflow/example_dags/example_trigger_controller_dag.py
[2024-02-14T09:25:44.167+0000] {logging_mixin.py:188} INFO - [2024-02-14T09:25:44.167+0000] {dag.py:3033} INFO - Sync 1 DAGs
[2024-02-14T09:25:44.182+0000] {logging_mixin.py:188} INFO - [2024-02-14T09:25:44.182+0000] {dag.py:3820} INFO - Setting next_dagrun for example_trigger_controller_dag to 2021-01-01T00:00:00+00:00, run_after=2021-01-01T00:00:00+00:00
[2024-02-14T09:25:44.225+0000] {processor.py:183} INFO - Processing /home/codespace/.local/share/virtualenvs/airflow_sandbox-vp-HKq_L/lib/python3.10/site-packages/airflow/example_dags/example_trigger_controller_dag.py took 0.077 seconds
[2024-02-14T09:26:34.546+0000] {processor.py:161} INFO - Started process (PID=14760) to work on /home/codespace/.local/share/virtualenvs/airflow_sandbox-vp-HKq_L/lib/python3.10/site-packages/airflow/example_dags/example_trigger_controller_dag.py
[2024-02-14T09:26:34.546+0000] {processor.py:830} INFO - Processing file /home/codespace/.local/share/virtualenvs/airflow_sandbox-vp-HKq_L/lib/python3.10/site-packages/airflow/example_dags/example_trigger_controller_dag.py for tasks to queue
[2024-02-14T09:26:34.547+0000] {logging_mixin.py:188} INFO - [2024-02-14T09:26:34.547+0000] {dagbag.py:538} INFO - Filling up the DagBag from /home/codespace/.local/share/virtualenvs/airflow_sandbox-vp-HKq_L/lib/python3.10/site-packages/airflow/example_dags/example_trigger_controller_dag.py
[2024-02-14T09:26:34.551+0000] {processor.py:840} INFO - DAG(s) 'example_trigger_controller_dag' retrieved from /home/codespace/.local/share/virtualenvs/airflow_sandbox-vp-HKq_L/lib/python3.10/site-packages/airflow/example_dags/example_trigger_controller_dag.py
[2024-02-14T09:26:34.561+0000] {logging_mixin.py:188} INFO - [2024-02-14T09:26:34.561+0000] {dag.py:3033} INFO - Sync 1 DAGs
[2024-02-14T09:26:34.576+0000] {logging_mixin.py:188} INFO - [2024-02-14T09:26:34.576+0000] {dag.py:3820} INFO - Setting next_dagrun for example_trigger_controller_dag to 2021-01-01T00:00:00+00:00, run_after=2021-01-01T00:00:00+00:00
[2024-02-14T09:26:34.619+0000] {processor.py:183} INFO - Processing /home/codespace/.local/share/virtualenvs/airflow_sandbox-vp-HKq_L/lib/python3.10/site-packages/airflow/example_dags/example_trigger_controller_dag.py took 0.076 seconds
[2024-02-14T09:27:30.231+0000] {processor.py:161} INFO - Started process (PID=15133) to work on /home/codespace/.local/share/virtualenvs/airflow_sandbox-vp-HKq_L/lib/python3.10/site-packages/airflow/example_dags/example_trigger_controller_dag.py
[2024-02-14T09:27:30.231+0000] {processor.py:830} INFO - Processing file /home/codespace/.local/share/virtualenvs/airflow_sandbox-vp-HKq_L/lib/python3.10/site-packages/airflow/example_dags/example_trigger_controller_dag.py for tasks to queue
[2024-02-14T09:27:30.232+0000] {logging_mixin.py:188} INFO - [2024-02-14T09:27:30.232+0000] {dagbag.py:538} INFO - Filling up the DagBag from /home/codespace/.local/share/virtualenvs/airflow_sandbox-vp-HKq_L/lib/python3.10/site-packages/airflow/example_dags/example_trigger_controller_dag.py
[2024-02-14T09:27:30.236+0000] {processor.py:840} INFO - DAG(s) 'example_trigger_controller_dag' retrieved from /home/codespace/.local/share/virtualenvs/airflow_sandbox-vp-HKq_L/lib/python3.10/site-packages/airflow/example_dags/example_trigger_controller_dag.py
[2024-02-14T09:27:30.248+0000] {logging_mixin.py:188} INFO - [2024-02-14T09:27:30.248+0000] {dag.py:3033} INFO - Sync 1 DAGs
[2024-02-14T09:27:30.263+0000] {logging_mixin.py:188} INFO - [2024-02-14T09:27:30.263+0000] {dag.py:3820} INFO - Setting next_dagrun for example_trigger_controller_dag to 2021-01-01T00:00:00+00:00, run_after=2021-01-01T00:00:00+00:00
[2024-02-14T09:27:30.307+0000] {processor.py:183} INFO - Processing /home/codespace/.local/share/virtualenvs/airflow_sandbox-vp-HKq_L/lib/python3.10/site-packages/airflow/example_dags/example_trigger_controller_dag.py took 0.078 seconds
[2024-02-14T09:28:25.219+0000] {processor.py:161} INFO - Started process (PID=15566) to work on /home/codespace/.local/share/virtualenvs/airflow_sandbox-vp-HKq_L/lib/python3.10/site-packages/airflow/example_dags/example_trigger_controller_dag.py
[2024-02-14T09:28:25.220+0000] {processor.py:830} INFO - Processing file /home/codespace/.local/share/virtualenvs/airflow_sandbox-vp-HKq_L/lib/python3.10/site-packages/airflow/example_dags/example_trigger_controller_dag.py for tasks to queue
[2024-02-14T09:28:25.221+0000] {logging_mixin.py:188} INFO - [2024-02-14T09:28:25.220+0000] {dagbag.py:538} INFO - Filling up the DagBag from /home/codespace/.local/share/virtualenvs/airflow_sandbox-vp-HKq_L/lib/python3.10/site-packages/airflow/example_dags/example_trigger_controller_dag.py
[2024-02-14T09:28:25.224+0000] {processor.py:840} INFO - DAG(s) 'example_trigger_controller_dag' retrieved from /home/codespace/.local/share/virtualenvs/airflow_sandbox-vp-HKq_L/lib/python3.10/site-packages/airflow/example_dags/example_trigger_controller_dag.py
[2024-02-14T09:28:25.236+0000] {logging_mixin.py:188} INFO - [2024-02-14T09:28:25.236+0000] {dag.py:3033} INFO - Sync 1 DAGs
[2024-02-14T09:28:25.253+0000] {logging_mixin.py:188} INFO - [2024-02-14T09:28:25.253+0000] {dag.py:3820} INFO - Setting next_dagrun for example_trigger_controller_dag to 2021-01-01T00:00:00+00:00, run_after=2021-01-01T00:00:00+00:00
[2024-02-14T09:28:25.306+0000] {processor.py:183} INFO - Processing /home/codespace/.local/share/virtualenvs/airflow_sandbox-vp-HKq_L/lib/python3.10/site-packages/airflow/example_dags/example_trigger_controller_dag.py took 0.089 seconds
[2024-02-14T09:29:17.272+0000] {processor.py:161} INFO - Started process (PID=16076) to work on /home/codespace/.local/share/virtualenvs/airflow_sandbox-vp-HKq_L/lib/python3.10/site-packages/airflow/example_dags/example_trigger_controller_dag.py
[2024-02-14T09:29:17.273+0000] {processor.py:830} INFO - Processing file /home/codespace/.local/share/virtualenvs/airflow_sandbox-vp-HKq_L/lib/python3.10/site-packages/airflow/example_dags/example_trigger_controller_dag.py for tasks to queue
[2024-02-14T09:29:17.274+0000] {logging_mixin.py:188} INFO - [2024-02-14T09:29:17.273+0000] {dagbag.py:538} INFO - Filling up the DagBag from /home/codespace/.local/share/virtualenvs/airflow_sandbox-vp-HKq_L/lib/python3.10/site-packages/airflow/example_dags/example_trigger_controller_dag.py
[2024-02-14T09:29:17.278+0000] {processor.py:840} INFO - DAG(s) 'example_trigger_controller_dag' retrieved from /home/codespace/.local/share/virtualenvs/airflow_sandbox-vp-HKq_L/lib/python3.10/site-packages/airflow/example_dags/example_trigger_controller_dag.py
[2024-02-14T09:29:17.289+0000] {logging_mixin.py:188} INFO - [2024-02-14T09:29:17.289+0000] {dag.py:3033} INFO - Sync 1 DAGs
[2024-02-14T09:29:17.303+0000] {logging_mixin.py:188} INFO - [2024-02-14T09:29:17.303+0000] {dag.py:3820} INFO - Setting next_dagrun for example_trigger_controller_dag to 2021-01-01T00:00:00+00:00, run_after=2021-01-01T00:00:00+00:00
[2024-02-14T09:29:17.362+0000] {processor.py:183} INFO - Processing /home/codespace/.local/share/virtualenvs/airflow_sandbox-vp-HKq_L/lib/python3.10/site-packages/airflow/example_dags/example_trigger_controller_dag.py took 0.092 seconds
[2024-02-14T09:30:11.193+0000] {processor.py:161} INFO - Started process (PID=16446) to work on /home/codespace/.local/share/virtualenvs/airflow_sandbox-vp-HKq_L/lib/python3.10/site-packages/airflow/example_dags/example_trigger_controller_dag.py
[2024-02-14T09:30:11.194+0000] {processor.py:830} INFO - Processing file /home/codespace/.local/share/virtualenvs/airflow_sandbox-vp-HKq_L/lib/python3.10/site-packages/airflow/example_dags/example_trigger_controller_dag.py for tasks to queue
[2024-02-14T09:30:11.194+0000] {logging_mixin.py:188} INFO - [2024-02-14T09:30:11.194+0000] {dagbag.py:538} INFO - Filling up the DagBag from /home/codespace/.local/share/virtualenvs/airflow_sandbox-vp-HKq_L/lib/python3.10/site-packages/airflow/example_dags/example_trigger_controller_dag.py
[2024-02-14T09:30:11.199+0000] {processor.py:840} INFO - DAG(s) 'example_trigger_controller_dag' retrieved from /home/codespace/.local/share/virtualenvs/airflow_sandbox-vp-HKq_L/lib/python3.10/site-packages/airflow/example_dags/example_trigger_controller_dag.py
[2024-02-14T09:30:11.210+0000] {logging_mixin.py:188} INFO - [2024-02-14T09:30:11.210+0000] {dag.py:3033} INFO - Sync 1 DAGs
[2024-02-14T09:30:11.226+0000] {logging_mixin.py:188} INFO - [2024-02-14T09:30:11.226+0000] {dag.py:3820} INFO - Setting next_dagrun for example_trigger_controller_dag to 2021-01-01T00:00:00+00:00, run_after=2021-01-01T00:00:00+00:00
[2024-02-14T09:30:11.267+0000] {processor.py:183} INFO - Processing /home/codespace/.local/share/virtualenvs/airflow_sandbox-vp-HKq_L/lib/python3.10/site-packages/airflow/example_dags/example_trigger_controller_dag.py took 0.077 seconds
[2024-02-14T09:31:01.626+0000] {processor.py:161} INFO - Started process (PID=16816) to work on /home/codespace/.local/share/virtualenvs/airflow_sandbox-vp-HKq_L/lib/python3.10/site-packages/airflow/example_dags/example_trigger_controller_dag.py
[2024-02-14T09:31:01.627+0000] {processor.py:830} INFO - Processing file /home/codespace/.local/share/virtualenvs/airflow_sandbox-vp-HKq_L/lib/python3.10/site-packages/airflow/example_dags/example_trigger_controller_dag.py for tasks to queue
[2024-02-14T09:31:01.628+0000] {logging_mixin.py:188} INFO - [2024-02-14T09:31:01.628+0000] {dagbag.py:538} INFO - Filling up the DagBag from /home/codespace/.local/share/virtualenvs/airflow_sandbox-vp-HKq_L/lib/python3.10/site-packages/airflow/example_dags/example_trigger_controller_dag.py
[2024-02-14T09:31:01.634+0000] {processor.py:840} INFO - DAG(s) 'example_trigger_controller_dag' retrieved from /home/codespace/.local/share/virtualenvs/airflow_sandbox-vp-HKq_L/lib/python3.10/site-packages/airflow/example_dags/example_trigger_controller_dag.py
[2024-02-14T09:31:01.651+0000] {logging_mixin.py:188} INFO - [2024-02-14T09:31:01.651+0000] {dag.py:3033} INFO - Sync 1 DAGs
[2024-02-14T09:31:01.670+0000] {logging_mixin.py:188} INFO - [2024-02-14T09:31:01.670+0000] {dag.py:3820} INFO - Setting next_dagrun for example_trigger_controller_dag to 2021-01-01T00:00:00+00:00, run_after=2021-01-01T00:00:00+00:00
[2024-02-14T09:31:01.714+0000] {processor.py:183} INFO - Processing /home/codespace/.local/share/virtualenvs/airflow_sandbox-vp-HKq_L/lib/python3.10/site-packages/airflow/example_dags/example_trigger_controller_dag.py took 0.091 seconds
[2024-02-14T09:31:54.538+0000] {processor.py:161} INFO - Started process (PID=17180) to work on /home/codespace/.local/share/virtualenvs/airflow_sandbox-vp-HKq_L/lib/python3.10/site-packages/airflow/example_dags/example_trigger_controller_dag.py
[2024-02-14T09:31:54.539+0000] {processor.py:830} INFO - Processing file /home/codespace/.local/share/virtualenvs/airflow_sandbox-vp-HKq_L/lib/python3.10/site-packages/airflow/example_dags/example_trigger_controller_dag.py for tasks to queue
[2024-02-14T09:31:54.540+0000] {logging_mixin.py:188} INFO - [2024-02-14T09:31:54.540+0000] {dagbag.py:538} INFO - Filling up the DagBag from /home/codespace/.local/share/virtualenvs/airflow_sandbox-vp-HKq_L/lib/python3.10/site-packages/airflow/example_dags/example_trigger_controller_dag.py
[2024-02-14T09:31:54.544+0000] {processor.py:840} INFO - DAG(s) 'example_trigger_controller_dag' retrieved from /home/codespace/.local/share/virtualenvs/airflow_sandbox-vp-HKq_L/lib/python3.10/site-packages/airflow/example_dags/example_trigger_controller_dag.py
[2024-02-14T09:31:54.555+0000] {logging_mixin.py:188} INFO - [2024-02-14T09:31:54.555+0000] {dag.py:3033} INFO - Sync 1 DAGs
[2024-02-14T09:31:54.571+0000] {logging_mixin.py:188} INFO - [2024-02-14T09:31:54.571+0000] {dag.py:3820} INFO - Setting next_dagrun for example_trigger_controller_dag to 2021-01-01T00:00:00+00:00, run_after=2021-01-01T00:00:00+00:00
[2024-02-14T09:31:54.617+0000] {processor.py:183} INFO - Processing /home/codespace/.local/share/virtualenvs/airflow_sandbox-vp-HKq_L/lib/python3.10/site-packages/airflow/example_dags/example_trigger_controller_dag.py took 0.081 seconds
[2024-02-14T09:32:48.496+0000] {processor.py:161} INFO - Started process (PID=17580) to work on /home/codespace/.local/share/virtualenvs/airflow_sandbox-vp-HKq_L/lib/python3.10/site-packages/airflow/example_dags/example_trigger_controller_dag.py
[2024-02-14T09:32:48.497+0000] {processor.py:830} INFO - Processing file /home/codespace/.local/share/virtualenvs/airflow_sandbox-vp-HKq_L/lib/python3.10/site-packages/airflow/example_dags/example_trigger_controller_dag.py for tasks to queue
[2024-02-14T09:32:48.498+0000] {logging_mixin.py:188} INFO - [2024-02-14T09:32:48.497+0000] {dagbag.py:538} INFO - Filling up the DagBag from /home/codespace/.local/share/virtualenvs/airflow_sandbox-vp-HKq_L/lib/python3.10/site-packages/airflow/example_dags/example_trigger_controller_dag.py
[2024-02-14T09:32:48.501+0000] {processor.py:840} INFO - DAG(s) 'example_trigger_controller_dag' retrieved from /home/codespace/.local/share/virtualenvs/airflow_sandbox-vp-HKq_L/lib/python3.10/site-packages/airflow/example_dags/example_trigger_controller_dag.py
[2024-02-14T09:32:48.512+0000] {logging_mixin.py:188} INFO - [2024-02-14T09:32:48.512+0000] {dag.py:3033} INFO - Sync 1 DAGs
[2024-02-14T09:32:48.527+0000] {logging_mixin.py:188} INFO - [2024-02-14T09:32:48.527+0000] {dag.py:3820} INFO - Setting next_dagrun for example_trigger_controller_dag to 2021-01-01T00:00:00+00:00, run_after=2021-01-01T00:00:00+00:00
[2024-02-14T09:32:48.576+0000] {processor.py:183} INFO - Processing /home/codespace/.local/share/virtualenvs/airflow_sandbox-vp-HKq_L/lib/python3.10/site-packages/airflow/example_dags/example_trigger_controller_dag.py took 0.082 seconds
[2024-02-14T09:33:40.677+0000] {processor.py:161} INFO - Started process (PID=17956) to work on /home/codespace/.local/share/virtualenvs/airflow_sandbox-vp-HKq_L/lib/python3.10/site-packages/airflow/example_dags/example_trigger_controller_dag.py
[2024-02-14T09:33:40.678+0000] {processor.py:830} INFO - Processing file /home/codespace/.local/share/virtualenvs/airflow_sandbox-vp-HKq_L/lib/python3.10/site-packages/airflow/example_dags/example_trigger_controller_dag.py for tasks to queue
[2024-02-14T09:33:40.678+0000] {logging_mixin.py:188} INFO - [2024-02-14T09:33:40.678+0000] {dagbag.py:538} INFO - Filling up the DagBag from /home/codespace/.local/share/virtualenvs/airflow_sandbox-vp-HKq_L/lib/python3.10/site-packages/airflow/example_dags/example_trigger_controller_dag.py
[2024-02-14T09:33:40.682+0000] {processor.py:840} INFO - DAG(s) 'example_trigger_controller_dag' retrieved from /home/codespace/.local/share/virtualenvs/airflow_sandbox-vp-HKq_L/lib/python3.10/site-packages/airflow/example_dags/example_trigger_controller_dag.py
[2024-02-14T09:33:40.698+0000] {logging_mixin.py:188} INFO - [2024-02-14T09:33:40.698+0000] {dag.py:3033} INFO - Sync 1 DAGs
[2024-02-14T09:33:40.719+0000] {logging_mixin.py:188} INFO - [2024-02-14T09:33:40.719+0000] {dag.py:3820} INFO - Setting next_dagrun for example_trigger_controller_dag to 2021-01-01T00:00:00+00:00, run_after=2021-01-01T00:00:00+00:00
[2024-02-14T09:33:40.761+0000] {processor.py:183} INFO - Processing /home/codespace/.local/share/virtualenvs/airflow_sandbox-vp-HKq_L/lib/python3.10/site-packages/airflow/example_dags/example_trigger_controller_dag.py took 0.086 seconds
[2024-02-14T09:34:32.813+0000] {processor.py:161} INFO - Started process (PID=18360) to work on /home/codespace/.local/share/virtualenvs/airflow_sandbox-vp-HKq_L/lib/python3.10/site-packages/airflow/example_dags/example_trigger_controller_dag.py
[2024-02-14T09:34:32.814+0000] {processor.py:830} INFO - Processing file /home/codespace/.local/share/virtualenvs/airflow_sandbox-vp-HKq_L/lib/python3.10/site-packages/airflow/example_dags/example_trigger_controller_dag.py for tasks to queue
[2024-02-14T09:34:32.815+0000] {logging_mixin.py:188} INFO - [2024-02-14T09:34:32.815+0000] {dagbag.py:538} INFO - Filling up the DagBag from /home/codespace/.local/share/virtualenvs/airflow_sandbox-vp-HKq_L/lib/python3.10/site-packages/airflow/example_dags/example_trigger_controller_dag.py
[2024-02-14T09:34:32.821+0000] {processor.py:840} INFO - DAG(s) 'example_trigger_controller_dag' retrieved from /home/codespace/.local/share/virtualenvs/airflow_sandbox-vp-HKq_L/lib/python3.10/site-packages/airflow/example_dags/example_trigger_controller_dag.py
[2024-02-14T09:34:32.858+0000] {logging_mixin.py:188} INFO - [2024-02-14T09:34:32.857+0000] {dag.py:3033} INFO - Sync 1 DAGs
[2024-02-14T09:34:32.918+0000] {logging_mixin.py:188} INFO - [2024-02-14T09:34:32.917+0000] {dag.py:3820} INFO - Setting next_dagrun for example_trigger_controller_dag to 2021-01-01T00:00:00+00:00, run_after=2021-01-01T00:00:00+00:00
[2024-02-14T09:34:33.011+0000] {processor.py:183} INFO - Processing /home/codespace/.local/share/virtualenvs/airflow_sandbox-vp-HKq_L/lib/python3.10/site-packages/airflow/example_dags/example_trigger_controller_dag.py took 0.202 seconds
