[2024-02-14T09:08:09.787+0000] {processor.py:161} INFO - Started process (PID=4802) to work on /home/codespace/.local/share/virtualenvs/airflow_sandbox-vp-HKq_L/lib/python3.10/site-packages/airflow/example_dags/example_params_trigger_ui.py
[2024-02-14T09:08:09.787+0000] {processor.py:830} INFO - Processing file /home/codespace/.local/share/virtualenvs/airflow_sandbox-vp-HKq_L/lib/python3.10/site-packages/airflow/example_dags/example_params_trigger_ui.py for tasks to queue
[2024-02-14T09:08:09.788+0000] {logging_mixin.py:188} INFO - [2024-02-14T09:08:09.788+0000] {dagbag.py:538} INFO - Filling up the DagBag from /home/codespace/.local/share/virtualenvs/airflow_sandbox-vp-HKq_L/lib/python3.10/site-packages/airflow/example_dags/example_params_trigger_ui.py
[2024-02-14T09:08:09.799+0000] {processor.py:840} INFO - DAG(s) 'example_params_trigger_ui' retrieved from /home/codespace/.local/share/virtualenvs/airflow_sandbox-vp-HKq_L/lib/python3.10/site-packages/airflow/example_dags/example_params_trigger_ui.py
[2024-02-14T09:08:09.834+0000] {logging_mixin.py:188} INFO - [2024-02-14T09:08:09.833+0000] {dag.py:3033} INFO - Sync 1 DAGs
[2024-02-14T09:08:09.844+0000] {logging_mixin.py:188} INFO - [2024-02-14T09:08:09.844+0000] {dag.py:3820} INFO - Setting next_dagrun for example_params_trigger_ui to None, run_after=None
[2024-02-14T09:08:09.893+0000] {processor.py:183} INFO - Processing /home/codespace/.local/share/virtualenvs/airflow_sandbox-vp-HKq_L/lib/python3.10/site-packages/airflow/example_dags/example_params_trigger_ui.py took 0.109 seconds
[2024-02-14T09:08:59.416+0000] {processor.py:161} INFO - Started process (PID=5485) to work on /home/codespace/.local/share/virtualenvs/airflow_sandbox-vp-HKq_L/lib/python3.10/site-packages/airflow/example_dags/example_params_trigger_ui.py
[2024-02-14T09:08:59.417+0000] {processor.py:830} INFO - Processing file /home/codespace/.local/share/virtualenvs/airflow_sandbox-vp-HKq_L/lib/python3.10/site-packages/airflow/example_dags/example_params_trigger_ui.py for tasks to queue
[2024-02-14T09:08:59.417+0000] {logging_mixin.py:188} INFO - [2024-02-14T09:08:59.417+0000] {dagbag.py:538} INFO - Filling up the DagBag from /home/codespace/.local/share/virtualenvs/airflow_sandbox-vp-HKq_L/lib/python3.10/site-packages/airflow/example_dags/example_params_trigger_ui.py
[2024-02-14T09:08:59.428+0000] {processor.py:840} INFO - DAG(s) 'example_params_trigger_ui' retrieved from /home/codespace/.local/share/virtualenvs/airflow_sandbox-vp-HKq_L/lib/python3.10/site-packages/airflow/example_dags/example_params_trigger_ui.py
[2024-02-14T09:08:59.464+0000] {logging_mixin.py:188} INFO - [2024-02-14T09:08:59.464+0000] {dag.py:3033} INFO - Sync 1 DAGs
[2024-02-14T09:08:59.473+0000] {logging_mixin.py:188} INFO - [2024-02-14T09:08:59.473+0000] {dag.py:3820} INFO - Setting next_dagrun for example_params_trigger_ui to None, run_after=None
[2024-02-14T09:08:59.517+0000] {processor.py:183} INFO - Processing /home/codespace/.local/share/virtualenvs/airflow_sandbox-vp-HKq_L/lib/python3.10/site-packages/airflow/example_dags/example_params_trigger_ui.py took 0.103 seconds
[2024-02-14T09:10:04.842+0000] {processor.py:161} INFO - Started process (PID=6457) to work on /home/codespace/.local/share/virtualenvs/airflow_sandbox-vp-HKq_L/lib/python3.10/site-packages/airflow/example_dags/example_params_trigger_ui.py
[2024-02-14T09:10:04.842+0000] {processor.py:830} INFO - Processing file /home/codespace/.local/share/virtualenvs/airflow_sandbox-vp-HKq_L/lib/python3.10/site-packages/airflow/example_dags/example_params_trigger_ui.py for tasks to queue
[2024-02-14T09:10:04.843+0000] {logging_mixin.py:188} INFO - [2024-02-14T09:10:04.843+0000] {dagbag.py:538} INFO - Filling up the DagBag from /home/codespace/.local/share/virtualenvs/airflow_sandbox-vp-HKq_L/lib/python3.10/site-packages/airflow/example_dags/example_params_trigger_ui.py
[2024-02-14T09:10:04.858+0000] {processor.py:840} INFO - DAG(s) 'example_params_trigger_ui' retrieved from /home/codespace/.local/share/virtualenvs/airflow_sandbox-vp-HKq_L/lib/python3.10/site-packages/airflow/example_dags/example_params_trigger_ui.py
[2024-02-14T09:10:04.895+0000] {logging_mixin.py:188} INFO - [2024-02-14T09:10:04.895+0000] {dag.py:3033} INFO - Sync 1 DAGs
[2024-02-14T09:10:04.904+0000] {logging_mixin.py:188} INFO - [2024-02-14T09:10:04.903+0000] {dag.py:3820} INFO - Setting next_dagrun for example_params_trigger_ui to None, run_after=None
[2024-02-14T09:10:04.947+0000] {processor.py:183} INFO - Processing /home/codespace/.local/share/virtualenvs/airflow_sandbox-vp-HKq_L/lib/python3.10/site-packages/airflow/example_dags/example_params_trigger_ui.py took 0.108 seconds
[2024-02-14T09:11:01.291+0000] {processor.py:161} INFO - Started process (PID=7088) to work on /home/codespace/.local/share/virtualenvs/airflow_sandbox-vp-HKq_L/lib/python3.10/site-packages/airflow/example_dags/example_params_trigger_ui.py
[2024-02-14T09:11:01.292+0000] {processor.py:830} INFO - Processing file /home/codespace/.local/share/virtualenvs/airflow_sandbox-vp-HKq_L/lib/python3.10/site-packages/airflow/example_dags/example_params_trigger_ui.py for tasks to queue
[2024-02-14T09:11:01.293+0000] {logging_mixin.py:188} INFO - [2024-02-14T09:11:01.292+0000] {dagbag.py:538} INFO - Filling up the DagBag from /home/codespace/.local/share/virtualenvs/airflow_sandbox-vp-HKq_L/lib/python3.10/site-packages/airflow/example_dags/example_params_trigger_ui.py
[2024-02-14T09:11:01.304+0000] {processor.py:840} INFO - DAG(s) 'example_params_trigger_ui' retrieved from /home/codespace/.local/share/virtualenvs/airflow_sandbox-vp-HKq_L/lib/python3.10/site-packages/airflow/example_dags/example_params_trigger_ui.py
[2024-02-14T09:11:01.342+0000] {logging_mixin.py:188} INFO - [2024-02-14T09:11:01.342+0000] {dag.py:3033} INFO - Sync 1 DAGs
[2024-02-14T09:11:01.352+0000] {logging_mixin.py:188} INFO - [2024-02-14T09:11:01.351+0000] {dag.py:3820} INFO - Setting next_dagrun for example_params_trigger_ui to None, run_after=None
[2024-02-14T09:11:01.394+0000] {processor.py:183} INFO - Processing /home/codespace/.local/share/virtualenvs/airflow_sandbox-vp-HKq_L/lib/python3.10/site-packages/airflow/example_dags/example_params_trigger_ui.py took 0.106 seconds
[2024-02-14T09:11:58.054+0000] {processor.py:161} INFO - Started process (PID=7878) to work on /home/codespace/.local/share/virtualenvs/airflow_sandbox-vp-HKq_L/lib/python3.10/site-packages/airflow/example_dags/example_params_trigger_ui.py
[2024-02-14T09:11:58.055+0000] {processor.py:830} INFO - Processing file /home/codespace/.local/share/virtualenvs/airflow_sandbox-vp-HKq_L/lib/python3.10/site-packages/airflow/example_dags/example_params_trigger_ui.py for tasks to queue
[2024-02-14T09:11:58.056+0000] {logging_mixin.py:188} INFO - [2024-02-14T09:11:58.055+0000] {dagbag.py:538} INFO - Filling up the DagBag from /home/codespace/.local/share/virtualenvs/airflow_sandbox-vp-HKq_L/lib/python3.10/site-packages/airflow/example_dags/example_params_trigger_ui.py
[2024-02-14T09:11:58.070+0000] {processor.py:840} INFO - DAG(s) 'example_params_trigger_ui' retrieved from /home/codespace/.local/share/virtualenvs/airflow_sandbox-vp-HKq_L/lib/python3.10/site-packages/airflow/example_dags/example_params_trigger_ui.py
[2024-02-14T09:11:58.125+0000] {logging_mixin.py:188} INFO - [2024-02-14T09:11:58.125+0000] {dag.py:3033} INFO - Sync 1 DAGs
[2024-02-14T09:11:58.141+0000] {logging_mixin.py:188} INFO - [2024-02-14T09:11:58.141+0000] {dag.py:3820} INFO - Setting next_dagrun for example_params_trigger_ui to None, run_after=None
[2024-02-14T09:11:58.188+0000] {processor.py:183} INFO - Processing /home/codespace/.local/share/virtualenvs/airflow_sandbox-vp-HKq_L/lib/python3.10/site-packages/airflow/example_dags/example_params_trigger_ui.py took 0.137 seconds
[2024-02-14T09:12:52.089+0000] {processor.py:161} INFO - Started process (PID=8349) to work on /home/codespace/.local/share/virtualenvs/airflow_sandbox-vp-HKq_L/lib/python3.10/site-packages/airflow/example_dags/example_params_trigger_ui.py
[2024-02-14T09:12:52.090+0000] {processor.py:830} INFO - Processing file /home/codespace/.local/share/virtualenvs/airflow_sandbox-vp-HKq_L/lib/python3.10/site-packages/airflow/example_dags/example_params_trigger_ui.py for tasks to queue
[2024-02-14T09:12:52.090+0000] {logging_mixin.py:188} INFO - [2024-02-14T09:12:52.090+0000] {dagbag.py:538} INFO - Filling up the DagBag from /home/codespace/.local/share/virtualenvs/airflow_sandbox-vp-HKq_L/lib/python3.10/site-packages/airflow/example_dags/example_params_trigger_ui.py
[2024-02-14T09:12:52.101+0000] {processor.py:840} INFO - DAG(s) 'example_params_trigger_ui' retrieved from /home/codespace/.local/share/virtualenvs/airflow_sandbox-vp-HKq_L/lib/python3.10/site-packages/airflow/example_dags/example_params_trigger_ui.py
[2024-02-14T09:12:52.138+0000] {logging_mixin.py:188} INFO - [2024-02-14T09:12:52.137+0000] {dag.py:3033} INFO - Sync 1 DAGs
[2024-02-14T09:12:52.147+0000] {logging_mixin.py:188} INFO - [2024-02-14T09:12:52.146+0000] {dag.py:3820} INFO - Setting next_dagrun for example_params_trigger_ui to None, run_after=None
[2024-02-14T09:12:52.189+0000] {processor.py:183} INFO - Processing /home/codespace/.local/share/virtualenvs/airflow_sandbox-vp-HKq_L/lib/python3.10/site-packages/airflow/example_dags/example_params_trigger_ui.py took 0.102 seconds
[2024-02-14T09:13:46.206+0000] {processor.py:161} INFO - Started process (PID=8752) to work on /home/codespace/.local/share/virtualenvs/airflow_sandbox-vp-HKq_L/lib/python3.10/site-packages/airflow/example_dags/example_params_trigger_ui.py
[2024-02-14T09:13:46.207+0000] {processor.py:830} INFO - Processing file /home/codespace/.local/share/virtualenvs/airflow_sandbox-vp-HKq_L/lib/python3.10/site-packages/airflow/example_dags/example_params_trigger_ui.py for tasks to queue
[2024-02-14T09:13:46.207+0000] {logging_mixin.py:188} INFO - [2024-02-14T09:13:46.207+0000] {dagbag.py:538} INFO - Filling up the DagBag from /home/codespace/.local/share/virtualenvs/airflow_sandbox-vp-HKq_L/lib/python3.10/site-packages/airflow/example_dags/example_params_trigger_ui.py
[2024-02-14T09:13:46.219+0000] {processor.py:840} INFO - DAG(s) 'example_params_trigger_ui' retrieved from /home/codespace/.local/share/virtualenvs/airflow_sandbox-vp-HKq_L/lib/python3.10/site-packages/airflow/example_dags/example_params_trigger_ui.py
[2024-02-14T09:13:46.255+0000] {logging_mixin.py:188} INFO - [2024-02-14T09:13:46.255+0000] {dag.py:3033} INFO - Sync 1 DAGs
[2024-02-14T09:13:46.264+0000] {logging_mixin.py:188} INFO - [2024-02-14T09:13:46.264+0000] {dag.py:3820} INFO - Setting next_dagrun for example_params_trigger_ui to None, run_after=None
[2024-02-14T09:13:46.306+0000] {processor.py:183} INFO - Processing /home/codespace/.local/share/virtualenvs/airflow_sandbox-vp-HKq_L/lib/python3.10/site-packages/airflow/example_dags/example_params_trigger_ui.py took 0.103 seconds
[2024-02-14T09:14:40.081+0000] {processor.py:161} INFO - Started process (PID=9176) to work on /home/codespace/.local/share/virtualenvs/airflow_sandbox-vp-HKq_L/lib/python3.10/site-packages/airflow/example_dags/example_params_trigger_ui.py
[2024-02-14T09:14:40.082+0000] {processor.py:830} INFO - Processing file /home/codespace/.local/share/virtualenvs/airflow_sandbox-vp-HKq_L/lib/python3.10/site-packages/airflow/example_dags/example_params_trigger_ui.py for tasks to queue
[2024-02-14T09:14:40.083+0000] {logging_mixin.py:188} INFO - [2024-02-14T09:14:40.083+0000] {dagbag.py:538} INFO - Filling up the DagBag from /home/codespace/.local/share/virtualenvs/airflow_sandbox-vp-HKq_L/lib/python3.10/site-packages/airflow/example_dags/example_params_trigger_ui.py
[2024-02-14T09:14:40.095+0000] {processor.py:840} INFO - DAG(s) 'example_params_trigger_ui' retrieved from /home/codespace/.local/share/virtualenvs/airflow_sandbox-vp-HKq_L/lib/python3.10/site-packages/airflow/example_dags/example_params_trigger_ui.py
[2024-02-14T09:14:40.131+0000] {logging_mixin.py:188} INFO - [2024-02-14T09:14:40.131+0000] {dag.py:3033} INFO - Sync 1 DAGs
[2024-02-14T09:14:40.141+0000] {logging_mixin.py:188} INFO - [2024-02-14T09:14:40.140+0000] {dag.py:3820} INFO - Setting next_dagrun for example_params_trigger_ui to None, run_after=None
[2024-02-14T09:14:40.183+0000] {processor.py:183} INFO - Processing /home/codespace/.local/share/virtualenvs/airflow_sandbox-vp-HKq_L/lib/python3.10/site-packages/airflow/example_dags/example_params_trigger_ui.py took 0.104 seconds
[2024-02-14T09:15:31.943+0000] {processor.py:161} INFO - Started process (PID=9540) to work on /home/codespace/.local/share/virtualenvs/airflow_sandbox-vp-HKq_L/lib/python3.10/site-packages/airflow/example_dags/example_params_trigger_ui.py
[2024-02-14T09:15:31.944+0000] {processor.py:830} INFO - Processing file /home/codespace/.local/share/virtualenvs/airflow_sandbox-vp-HKq_L/lib/python3.10/site-packages/airflow/example_dags/example_params_trigger_ui.py for tasks to queue
[2024-02-14T09:15:31.944+0000] {logging_mixin.py:188} INFO - [2024-02-14T09:15:31.944+0000] {dagbag.py:538} INFO - Filling up the DagBag from /home/codespace/.local/share/virtualenvs/airflow_sandbox-vp-HKq_L/lib/python3.10/site-packages/airflow/example_dags/example_params_trigger_ui.py
[2024-02-14T09:15:31.955+0000] {processor.py:840} INFO - DAG(s) 'example_params_trigger_ui' retrieved from /home/codespace/.local/share/virtualenvs/airflow_sandbox-vp-HKq_L/lib/python3.10/site-packages/airflow/example_dags/example_params_trigger_ui.py
[2024-02-14T09:15:31.991+0000] {logging_mixin.py:188} INFO - [2024-02-14T09:15:31.991+0000] {dag.py:3033} INFO - Sync 1 DAGs
[2024-02-14T09:15:32.000+0000] {logging_mixin.py:188} INFO - [2024-02-14T09:15:32.000+0000] {dag.py:3820} INFO - Setting next_dagrun for example_params_trigger_ui to None, run_after=None
[2024-02-14T09:15:32.041+0000] {processor.py:183} INFO - Processing /home/codespace/.local/share/virtualenvs/airflow_sandbox-vp-HKq_L/lib/python3.10/site-packages/airflow/example_dags/example_params_trigger_ui.py took 0.100 seconds
[2024-02-14T09:16:23.788+0000] {processor.py:161} INFO - Started process (PID=9903) to work on /home/codespace/.local/share/virtualenvs/airflow_sandbox-vp-HKq_L/lib/python3.10/site-packages/airflow/example_dags/example_params_trigger_ui.py
[2024-02-14T09:16:23.789+0000] {processor.py:830} INFO - Processing file /home/codespace/.local/share/virtualenvs/airflow_sandbox-vp-HKq_L/lib/python3.10/site-packages/airflow/example_dags/example_params_trigger_ui.py for tasks to queue
[2024-02-14T09:16:23.790+0000] {logging_mixin.py:188} INFO - [2024-02-14T09:16:23.789+0000] {dagbag.py:538} INFO - Filling up the DagBag from /home/codespace/.local/share/virtualenvs/airflow_sandbox-vp-HKq_L/lib/python3.10/site-packages/airflow/example_dags/example_params_trigger_ui.py
[2024-02-14T09:16:23.801+0000] {processor.py:840} INFO - DAG(s) 'example_params_trigger_ui' retrieved from /home/codespace/.local/share/virtualenvs/airflow_sandbox-vp-HKq_L/lib/python3.10/site-packages/airflow/example_dags/example_params_trigger_ui.py
[2024-02-14T09:16:23.839+0000] {logging_mixin.py:188} INFO - [2024-02-14T09:16:23.839+0000] {dag.py:3033} INFO - Sync 1 DAGs
[2024-02-14T09:16:23.849+0000] {logging_mixin.py:188} INFO - [2024-02-14T09:16:23.849+0000] {dag.py:3820} INFO - Setting next_dagrun for example_params_trigger_ui to None, run_after=None
[2024-02-14T09:16:23.890+0000] {processor.py:183} INFO - Processing /home/codespace/.local/share/virtualenvs/airflow_sandbox-vp-HKq_L/lib/python3.10/site-packages/airflow/example_dags/example_params_trigger_ui.py took 0.105 seconds
[2024-02-14T09:17:18.090+0000] {processor.py:161} INFO - Started process (PID=10278) to work on /home/codespace/.local/share/virtualenvs/airflow_sandbox-vp-HKq_L/lib/python3.10/site-packages/airflow/example_dags/example_params_trigger_ui.py
[2024-02-14T09:17:18.091+0000] {processor.py:830} INFO - Processing file /home/codespace/.local/share/virtualenvs/airflow_sandbox-vp-HKq_L/lib/python3.10/site-packages/airflow/example_dags/example_params_trigger_ui.py for tasks to queue
[2024-02-14T09:17:18.092+0000] {logging_mixin.py:188} INFO - [2024-02-14T09:17:18.092+0000] {dagbag.py:538} INFO - Filling up the DagBag from /home/codespace/.local/share/virtualenvs/airflow_sandbox-vp-HKq_L/lib/python3.10/site-packages/airflow/example_dags/example_params_trigger_ui.py
[2024-02-14T09:17:18.103+0000] {processor.py:840} INFO - DAG(s) 'example_params_trigger_ui' retrieved from /home/codespace/.local/share/virtualenvs/airflow_sandbox-vp-HKq_L/lib/python3.10/site-packages/airflow/example_dags/example_params_trigger_ui.py
[2024-02-14T09:17:18.140+0000] {logging_mixin.py:188} INFO - [2024-02-14T09:17:18.140+0000] {dag.py:3033} INFO - Sync 1 DAGs
[2024-02-14T09:17:18.149+0000] {logging_mixin.py:188} INFO - [2024-02-14T09:17:18.149+0000] {dag.py:3820} INFO - Setting next_dagrun for example_params_trigger_ui to None, run_after=None
[2024-02-14T09:17:18.206+0000] {processor.py:183} INFO - Processing /home/codespace/.local/share/virtualenvs/airflow_sandbox-vp-HKq_L/lib/python3.10/site-packages/airflow/example_dags/example_params_trigger_ui.py took 0.119 seconds
[2024-02-14T09:18:07.569+0000] {processor.py:161} INFO - Started process (PID=10669) to work on /home/codespace/.local/share/virtualenvs/airflow_sandbox-vp-HKq_L/lib/python3.10/site-packages/airflow/example_dags/example_params_trigger_ui.py
[2024-02-14T09:18:07.570+0000] {processor.py:830} INFO - Processing file /home/codespace/.local/share/virtualenvs/airflow_sandbox-vp-HKq_L/lib/python3.10/site-packages/airflow/example_dags/example_params_trigger_ui.py for tasks to queue
[2024-02-14T09:18:07.571+0000] {logging_mixin.py:188} INFO - [2024-02-14T09:18:07.570+0000] {dagbag.py:538} INFO - Filling up the DagBag from /home/codespace/.local/share/virtualenvs/airflow_sandbox-vp-HKq_L/lib/python3.10/site-packages/airflow/example_dags/example_params_trigger_ui.py
[2024-02-14T09:18:07.582+0000] {processor.py:840} INFO - DAG(s) 'example_params_trigger_ui' retrieved from /home/codespace/.local/share/virtualenvs/airflow_sandbox-vp-HKq_L/lib/python3.10/site-packages/airflow/example_dags/example_params_trigger_ui.py
[2024-02-14T09:18:07.618+0000] {logging_mixin.py:188} INFO - [2024-02-14T09:18:07.617+0000] {dag.py:3033} INFO - Sync 1 DAGs
[2024-02-14T09:18:07.627+0000] {logging_mixin.py:188} INFO - [2024-02-14T09:18:07.627+0000] {dag.py:3820} INFO - Setting next_dagrun for example_params_trigger_ui to None, run_after=None
[2024-02-14T09:18:07.668+0000] {processor.py:183} INFO - Processing /home/codespace/.local/share/virtualenvs/airflow_sandbox-vp-HKq_L/lib/python3.10/site-packages/airflow/example_dags/example_params_trigger_ui.py took 0.101 seconds
[2024-02-14T09:19:00.718+0000] {processor.py:161} INFO - Started process (PID=11052) to work on /home/codespace/.local/share/virtualenvs/airflow_sandbox-vp-HKq_L/lib/python3.10/site-packages/airflow/example_dags/example_params_trigger_ui.py
[2024-02-14T09:19:00.719+0000] {processor.py:830} INFO - Processing file /home/codespace/.local/share/virtualenvs/airflow_sandbox-vp-HKq_L/lib/python3.10/site-packages/airflow/example_dags/example_params_trigger_ui.py for tasks to queue
[2024-02-14T09:19:00.719+0000] {logging_mixin.py:188} INFO - [2024-02-14T09:19:00.719+0000] {dagbag.py:538} INFO - Filling up the DagBag from /home/codespace/.local/share/virtualenvs/airflow_sandbox-vp-HKq_L/lib/python3.10/site-packages/airflow/example_dags/example_params_trigger_ui.py
[2024-02-14T09:19:00.730+0000] {processor.py:840} INFO - DAG(s) 'example_params_trigger_ui' retrieved from /home/codespace/.local/share/virtualenvs/airflow_sandbox-vp-HKq_L/lib/python3.10/site-packages/airflow/example_dags/example_params_trigger_ui.py
[2024-02-14T09:19:00.766+0000] {logging_mixin.py:188} INFO - [2024-02-14T09:19:00.766+0000] {dag.py:3033} INFO - Sync 1 DAGs
[2024-02-14T09:19:00.774+0000] {logging_mixin.py:188} INFO - [2024-02-14T09:19:00.774+0000] {dag.py:3820} INFO - Setting next_dagrun for example_params_trigger_ui to None, run_after=None
[2024-02-14T09:19:00.820+0000] {processor.py:183} INFO - Processing /home/codespace/.local/share/virtualenvs/airflow_sandbox-vp-HKq_L/lib/python3.10/site-packages/airflow/example_dags/example_params_trigger_ui.py took 0.105 seconds
[2024-02-14T09:19:56.448+0000] {processor.py:161} INFO - Started process (PID=11460) to work on /home/codespace/.local/share/virtualenvs/airflow_sandbox-vp-HKq_L/lib/python3.10/site-packages/airflow/example_dags/example_params_trigger_ui.py
[2024-02-14T09:19:56.448+0000] {processor.py:830} INFO - Processing file /home/codespace/.local/share/virtualenvs/airflow_sandbox-vp-HKq_L/lib/python3.10/site-packages/airflow/example_dags/example_params_trigger_ui.py for tasks to queue
[2024-02-14T09:19:56.449+0000] {logging_mixin.py:188} INFO - [2024-02-14T09:19:56.449+0000] {dagbag.py:538} INFO - Filling up the DagBag from /home/codespace/.local/share/virtualenvs/airflow_sandbox-vp-HKq_L/lib/python3.10/site-packages/airflow/example_dags/example_params_trigger_ui.py
[2024-02-14T09:19:56.460+0000] {processor.py:840} INFO - DAG(s) 'example_params_trigger_ui' retrieved from /home/codespace/.local/share/virtualenvs/airflow_sandbox-vp-HKq_L/lib/python3.10/site-packages/airflow/example_dags/example_params_trigger_ui.py
[2024-02-14T09:19:56.496+0000] {logging_mixin.py:188} INFO - [2024-02-14T09:19:56.496+0000] {dag.py:3033} INFO - Sync 1 DAGs
[2024-02-14T09:19:56.505+0000] {logging_mixin.py:188} INFO - [2024-02-14T09:19:56.505+0000] {dag.py:3820} INFO - Setting next_dagrun for example_params_trigger_ui to None, run_after=None
[2024-02-14T09:19:56.548+0000] {processor.py:183} INFO - Processing /home/codespace/.local/share/virtualenvs/airflow_sandbox-vp-HKq_L/lib/python3.10/site-packages/airflow/example_dags/example_params_trigger_ui.py took 0.103 seconds
[2024-02-14T09:20:48.410+0000] {processor.py:161} INFO - Started process (PID=12323) to work on /home/codespace/.local/share/virtualenvs/airflow_sandbox-vp-HKq_L/lib/python3.10/site-packages/airflow/example_dags/example_params_trigger_ui.py
[2024-02-14T09:20:48.411+0000] {processor.py:830} INFO - Processing file /home/codespace/.local/share/virtualenvs/airflow_sandbox-vp-HKq_L/lib/python3.10/site-packages/airflow/example_dags/example_params_trigger_ui.py for tasks to queue
[2024-02-14T09:20:48.411+0000] {logging_mixin.py:188} INFO - [2024-02-14T09:20:48.411+0000] {dagbag.py:538} INFO - Filling up the DagBag from /home/codespace/.local/share/virtualenvs/airflow_sandbox-vp-HKq_L/lib/python3.10/site-packages/airflow/example_dags/example_params_trigger_ui.py
[2024-02-14T09:20:48.422+0000] {processor.py:840} INFO - DAG(s) 'example_params_trigger_ui' retrieved from /home/codespace/.local/share/virtualenvs/airflow_sandbox-vp-HKq_L/lib/python3.10/site-packages/airflow/example_dags/example_params_trigger_ui.py
[2024-02-14T09:20:48.457+0000] {logging_mixin.py:188} INFO - [2024-02-14T09:20:48.456+0000] {dag.py:3033} INFO - Sync 1 DAGs
[2024-02-14T09:20:48.466+0000] {logging_mixin.py:188} INFO - [2024-02-14T09:20:48.465+0000] {dag.py:3820} INFO - Setting next_dagrun for example_params_trigger_ui to None, run_after=None
[2024-02-14T09:20:48.508+0000] {processor.py:183} INFO - Processing /home/codespace/.local/share/virtualenvs/airflow_sandbox-vp-HKq_L/lib/python3.10/site-packages/airflow/example_dags/example_params_trigger_ui.py took 0.100 seconds
[2024-02-14T09:21:40.373+0000] {processor.py:161} INFO - Started process (PID=12690) to work on /home/codespace/.local/share/virtualenvs/airflow_sandbox-vp-HKq_L/lib/python3.10/site-packages/airflow/example_dags/example_params_trigger_ui.py
[2024-02-14T09:21:40.373+0000] {processor.py:830} INFO - Processing file /home/codespace/.local/share/virtualenvs/airflow_sandbox-vp-HKq_L/lib/python3.10/site-packages/airflow/example_dags/example_params_trigger_ui.py for tasks to queue
[2024-02-14T09:21:40.374+0000] {logging_mixin.py:188} INFO - [2024-02-14T09:21:40.374+0000] {dagbag.py:538} INFO - Filling up the DagBag from /home/codespace/.local/share/virtualenvs/airflow_sandbox-vp-HKq_L/lib/python3.10/site-packages/airflow/example_dags/example_params_trigger_ui.py
[2024-02-14T09:21:40.386+0000] {processor.py:840} INFO - DAG(s) 'example_params_trigger_ui' retrieved from /home/codespace/.local/share/virtualenvs/airflow_sandbox-vp-HKq_L/lib/python3.10/site-packages/airflow/example_dags/example_params_trigger_ui.py
[2024-02-14T09:21:40.421+0000] {logging_mixin.py:188} INFO - [2024-02-14T09:21:40.421+0000] {dag.py:3033} INFO - Sync 1 DAGs
[2024-02-14T09:21:40.430+0000] {logging_mixin.py:188} INFO - [2024-02-14T09:21:40.429+0000] {dag.py:3820} INFO - Setting next_dagrun for example_params_trigger_ui to None, run_after=None
[2024-02-14T09:21:40.471+0000] {processor.py:183} INFO - Processing /home/codespace/.local/share/virtualenvs/airflow_sandbox-vp-HKq_L/lib/python3.10/site-packages/airflow/example_dags/example_params_trigger_ui.py took 0.101 seconds
[2024-02-14T09:22:37.978+0000] {processor.py:161} INFO - Started process (PID=13117) to work on /home/codespace/.local/share/virtualenvs/airflow_sandbox-vp-HKq_L/lib/python3.10/site-packages/airflow/example_dags/example_params_trigger_ui.py
[2024-02-14T09:22:37.981+0000] {processor.py:830} INFO - Processing file /home/codespace/.local/share/virtualenvs/airflow_sandbox-vp-HKq_L/lib/python3.10/site-packages/airflow/example_dags/example_params_trigger_ui.py for tasks to queue
[2024-02-14T09:22:37.982+0000] {logging_mixin.py:188} INFO - [2024-02-14T09:22:37.982+0000] {dagbag.py:538} INFO - Filling up the DagBag from /home/codespace/.local/share/virtualenvs/airflow_sandbox-vp-HKq_L/lib/python3.10/site-packages/airflow/example_dags/example_params_trigger_ui.py
[2024-02-14T09:22:37.998+0000] {processor.py:840} INFO - DAG(s) 'example_params_trigger_ui' retrieved from /home/codespace/.local/share/virtualenvs/airflow_sandbox-vp-HKq_L/lib/python3.10/site-packages/airflow/example_dags/example_params_trigger_ui.py
[2024-02-14T09:22:38.061+0000] {logging_mixin.py:188} INFO - [2024-02-14T09:22:38.061+0000] {dag.py:3033} INFO - Sync 1 DAGs
[2024-02-14T09:22:38.072+0000] {logging_mixin.py:188} INFO - [2024-02-14T09:22:38.072+0000] {dag.py:3820} INFO - Setting next_dagrun for example_params_trigger_ui to None, run_after=None
[2024-02-14T09:22:38.125+0000] {processor.py:183} INFO - Processing /home/codespace/.local/share/virtualenvs/airflow_sandbox-vp-HKq_L/lib/python3.10/site-packages/airflow/example_dags/example_params_trigger_ui.py took 0.151 seconds
[2024-02-14T09:23:35.319+0000] {processor.py:161} INFO - Started process (PID=13520) to work on /home/codespace/.local/share/virtualenvs/airflow_sandbox-vp-HKq_L/lib/python3.10/site-packages/airflow/example_dags/example_params_trigger_ui.py
[2024-02-14T09:23:35.320+0000] {processor.py:830} INFO - Processing file /home/codespace/.local/share/virtualenvs/airflow_sandbox-vp-HKq_L/lib/python3.10/site-packages/airflow/example_dags/example_params_trigger_ui.py for tasks to queue
[2024-02-14T09:23:35.321+0000] {logging_mixin.py:188} INFO - [2024-02-14T09:23:35.321+0000] {dagbag.py:538} INFO - Filling up the DagBag from /home/codespace/.local/share/virtualenvs/airflow_sandbox-vp-HKq_L/lib/python3.10/site-packages/airflow/example_dags/example_params_trigger_ui.py
[2024-02-14T09:23:35.332+0000] {processor.py:840} INFO - DAG(s) 'example_params_trigger_ui' retrieved from /home/codespace/.local/share/virtualenvs/airflow_sandbox-vp-HKq_L/lib/python3.10/site-packages/airflow/example_dags/example_params_trigger_ui.py
[2024-02-14T09:23:35.367+0000] {logging_mixin.py:188} INFO - [2024-02-14T09:23:35.367+0000] {dag.py:3033} INFO - Sync 1 DAGs
[2024-02-14T09:23:35.376+0000] {logging_mixin.py:188} INFO - [2024-02-14T09:23:35.376+0000] {dag.py:3820} INFO - Setting next_dagrun for example_params_trigger_ui to None, run_after=None
[2024-02-14T09:23:35.418+0000] {processor.py:183} INFO - Processing /home/codespace/.local/share/virtualenvs/airflow_sandbox-vp-HKq_L/lib/python3.10/site-packages/airflow/example_dags/example_params_trigger_ui.py took 0.101 seconds
[2024-02-14T09:24:35.465+0000] {processor.py:161} INFO - Started process (PID=13937) to work on /home/codespace/.local/share/virtualenvs/airflow_sandbox-vp-HKq_L/lib/python3.10/site-packages/airflow/example_dags/example_params_trigger_ui.py
[2024-02-14T09:24:35.466+0000] {processor.py:830} INFO - Processing file /home/codespace/.local/share/virtualenvs/airflow_sandbox-vp-HKq_L/lib/python3.10/site-packages/airflow/example_dags/example_params_trigger_ui.py for tasks to queue
[2024-02-14T09:24:35.466+0000] {logging_mixin.py:188} INFO - [2024-02-14T09:24:35.466+0000] {dagbag.py:538} INFO - Filling up the DagBag from /home/codespace/.local/share/virtualenvs/airflow_sandbox-vp-HKq_L/lib/python3.10/site-packages/airflow/example_dags/example_params_trigger_ui.py
[2024-02-14T09:24:35.477+0000] {processor.py:840} INFO - DAG(s) 'example_params_trigger_ui' retrieved from /home/codespace/.local/share/virtualenvs/airflow_sandbox-vp-HKq_L/lib/python3.10/site-packages/airflow/example_dags/example_params_trigger_ui.py
[2024-02-14T09:24:35.521+0000] {logging_mixin.py:188} INFO - [2024-02-14T09:24:35.521+0000] {dag.py:3033} INFO - Sync 1 DAGs
[2024-02-14T09:24:35.530+0000] {logging_mixin.py:188} INFO - [2024-02-14T09:24:35.530+0000] {dag.py:3820} INFO - Setting next_dagrun for example_params_trigger_ui to None, run_after=None
[2024-02-14T09:24:35.581+0000] {processor.py:183} INFO - Processing /home/codespace/.local/share/virtualenvs/airflow_sandbox-vp-HKq_L/lib/python3.10/site-packages/airflow/example_dags/example_params_trigger_ui.py took 0.119 seconds
[2024-02-14T09:25:27.817+0000] {processor.py:161} INFO - Started process (PID=14294) to work on /home/codespace/.local/share/virtualenvs/airflow_sandbox-vp-HKq_L/lib/python3.10/site-packages/airflow/example_dags/example_params_trigger_ui.py
[2024-02-14T09:25:27.818+0000] {processor.py:830} INFO - Processing file /home/codespace/.local/share/virtualenvs/airflow_sandbox-vp-HKq_L/lib/python3.10/site-packages/airflow/example_dags/example_params_trigger_ui.py for tasks to queue
[2024-02-14T09:25:27.818+0000] {logging_mixin.py:188} INFO - [2024-02-14T09:25:27.818+0000] {dagbag.py:538} INFO - Filling up the DagBag from /home/codespace/.local/share/virtualenvs/airflow_sandbox-vp-HKq_L/lib/python3.10/site-packages/airflow/example_dags/example_params_trigger_ui.py
[2024-02-14T09:25:27.829+0000] {processor.py:840} INFO - DAG(s) 'example_params_trigger_ui' retrieved from /home/codespace/.local/share/virtualenvs/airflow_sandbox-vp-HKq_L/lib/python3.10/site-packages/airflow/example_dags/example_params_trigger_ui.py
[2024-02-14T09:25:27.866+0000] {logging_mixin.py:188} INFO - [2024-02-14T09:25:27.866+0000] {dag.py:3033} INFO - Sync 1 DAGs
[2024-02-14T09:25:27.875+0000] {logging_mixin.py:188} INFO - [2024-02-14T09:25:27.875+0000] {dag.py:3820} INFO - Setting next_dagrun for example_params_trigger_ui to None, run_after=None
[2024-02-14T09:25:27.931+0000] {processor.py:183} INFO - Processing /home/codespace/.local/share/virtualenvs/airflow_sandbox-vp-HKq_L/lib/python3.10/site-packages/airflow/example_dags/example_params_trigger_ui.py took 0.117 seconds
[2024-02-14T09:26:19.730+0000] {processor.py:161} INFO - Started process (PID=14647) to work on /home/codespace/.local/share/virtualenvs/airflow_sandbox-vp-HKq_L/lib/python3.10/site-packages/airflow/example_dags/example_params_trigger_ui.py
[2024-02-14T09:26:19.731+0000] {processor.py:830} INFO - Processing file /home/codespace/.local/share/virtualenvs/airflow_sandbox-vp-HKq_L/lib/python3.10/site-packages/airflow/example_dags/example_params_trigger_ui.py for tasks to queue
[2024-02-14T09:26:19.732+0000] {logging_mixin.py:188} INFO - [2024-02-14T09:26:19.731+0000] {dagbag.py:538} INFO - Filling up the DagBag from /home/codespace/.local/share/virtualenvs/airflow_sandbox-vp-HKq_L/lib/python3.10/site-packages/airflow/example_dags/example_params_trigger_ui.py
[2024-02-14T09:26:19.743+0000] {processor.py:840} INFO - DAG(s) 'example_params_trigger_ui' retrieved from /home/codespace/.local/share/virtualenvs/airflow_sandbox-vp-HKq_L/lib/python3.10/site-packages/airflow/example_dags/example_params_trigger_ui.py
[2024-02-14T09:26:19.780+0000] {logging_mixin.py:188} INFO - [2024-02-14T09:26:19.780+0000] {dag.py:3033} INFO - Sync 1 DAGs
[2024-02-14T09:26:19.789+0000] {logging_mixin.py:188} INFO - [2024-02-14T09:26:19.789+0000] {dag.py:3820} INFO - Setting next_dagrun for example_params_trigger_ui to None, run_after=None
[2024-02-14T09:26:19.834+0000] {processor.py:183} INFO - Processing /home/codespace/.local/share/virtualenvs/airflow_sandbox-vp-HKq_L/lib/python3.10/site-packages/airflow/example_dags/example_params_trigger_ui.py took 0.106 seconds
[2024-02-14T09:27:14.552+0000] {processor.py:161} INFO - Started process (PID=15032) to work on /home/codespace/.local/share/virtualenvs/airflow_sandbox-vp-HKq_L/lib/python3.10/site-packages/airflow/example_dags/example_params_trigger_ui.py
[2024-02-14T09:27:14.552+0000] {processor.py:830} INFO - Processing file /home/codespace/.local/share/virtualenvs/airflow_sandbox-vp-HKq_L/lib/python3.10/site-packages/airflow/example_dags/example_params_trigger_ui.py for tasks to queue
[2024-02-14T09:27:14.553+0000] {logging_mixin.py:188} INFO - [2024-02-14T09:27:14.553+0000] {dagbag.py:538} INFO - Filling up the DagBag from /home/codespace/.local/share/virtualenvs/airflow_sandbox-vp-HKq_L/lib/python3.10/site-packages/airflow/example_dags/example_params_trigger_ui.py
[2024-02-14T09:27:14.564+0000] {processor.py:840} INFO - DAG(s) 'example_params_trigger_ui' retrieved from /home/codespace/.local/share/virtualenvs/airflow_sandbox-vp-HKq_L/lib/python3.10/site-packages/airflow/example_dags/example_params_trigger_ui.py
[2024-02-14T09:27:14.598+0000] {logging_mixin.py:188} INFO - [2024-02-14T09:27:14.598+0000] {dag.py:3033} INFO - Sync 1 DAGs
[2024-02-14T09:27:14.611+0000] {logging_mixin.py:188} INFO - [2024-02-14T09:27:14.611+0000] {dag.py:3820} INFO - Setting next_dagrun for example_params_trigger_ui to None, run_after=None
[2024-02-14T09:27:14.662+0000] {processor.py:183} INFO - Processing /home/codespace/.local/share/virtualenvs/airflow_sandbox-vp-HKq_L/lib/python3.10/site-packages/airflow/example_dags/example_params_trigger_ui.py took 0.113 seconds
[2024-02-14T09:28:10.192+0000] {processor.py:161} INFO - Started process (PID=15437) to work on /home/codespace/.local/share/virtualenvs/airflow_sandbox-vp-HKq_L/lib/python3.10/site-packages/airflow/example_dags/example_params_trigger_ui.py
[2024-02-14T09:28:10.192+0000] {processor.py:830} INFO - Processing file /home/codespace/.local/share/virtualenvs/airflow_sandbox-vp-HKq_L/lib/python3.10/site-packages/airflow/example_dags/example_params_trigger_ui.py for tasks to queue
[2024-02-14T09:28:10.193+0000] {logging_mixin.py:188} INFO - [2024-02-14T09:28:10.193+0000] {dagbag.py:538} INFO - Filling up the DagBag from /home/codespace/.local/share/virtualenvs/airflow_sandbox-vp-HKq_L/lib/python3.10/site-packages/airflow/example_dags/example_params_trigger_ui.py
[2024-02-14T09:28:10.204+0000] {processor.py:840} INFO - DAG(s) 'example_params_trigger_ui' retrieved from /home/codespace/.local/share/virtualenvs/airflow_sandbox-vp-HKq_L/lib/python3.10/site-packages/airflow/example_dags/example_params_trigger_ui.py
[2024-02-14T09:28:10.238+0000] {logging_mixin.py:188} INFO - [2024-02-14T09:28:10.238+0000] {dag.py:3033} INFO - Sync 1 DAGs
[2024-02-14T09:28:10.248+0000] {logging_mixin.py:188} INFO - [2024-02-14T09:28:10.247+0000] {dag.py:3820} INFO - Setting next_dagrun for example_params_trigger_ui to None, run_after=None
[2024-02-14T09:28:10.293+0000] {processor.py:183} INFO - Processing /home/codespace/.local/share/virtualenvs/airflow_sandbox-vp-HKq_L/lib/python3.10/site-packages/airflow/example_dags/example_params_trigger_ui.py took 0.103 seconds
[2024-02-14T09:29:01.471+0000] {processor.py:161} INFO - Started process (PID=15951) to work on /home/codespace/.local/share/virtualenvs/airflow_sandbox-vp-HKq_L/lib/python3.10/site-packages/airflow/example_dags/example_params_trigger_ui.py
[2024-02-14T09:29:01.472+0000] {processor.py:830} INFO - Processing file /home/codespace/.local/share/virtualenvs/airflow_sandbox-vp-HKq_L/lib/python3.10/site-packages/airflow/example_dags/example_params_trigger_ui.py for tasks to queue
[2024-02-14T09:29:01.472+0000] {logging_mixin.py:188} INFO - [2024-02-14T09:29:01.472+0000] {dagbag.py:538} INFO - Filling up the DagBag from /home/codespace/.local/share/virtualenvs/airflow_sandbox-vp-HKq_L/lib/python3.10/site-packages/airflow/example_dags/example_params_trigger_ui.py
[2024-02-14T09:29:01.483+0000] {processor.py:840} INFO - DAG(s) 'example_params_trigger_ui' retrieved from /home/codespace/.local/share/virtualenvs/airflow_sandbox-vp-HKq_L/lib/python3.10/site-packages/airflow/example_dags/example_params_trigger_ui.py
[2024-02-14T09:29:01.519+0000] {logging_mixin.py:188} INFO - [2024-02-14T09:29:01.519+0000] {dag.py:3033} INFO - Sync 1 DAGs
[2024-02-14T09:29:01.528+0000] {logging_mixin.py:188} INFO - [2024-02-14T09:29:01.528+0000] {dag.py:3820} INFO - Setting next_dagrun for example_params_trigger_ui to None, run_after=None
[2024-02-14T09:29:01.570+0000] {processor.py:183} INFO - Processing /home/codespace/.local/share/virtualenvs/airflow_sandbox-vp-HKq_L/lib/python3.10/site-packages/airflow/example_dags/example_params_trigger_ui.py took 0.101 seconds
[2024-02-14T09:29:56.827+0000] {processor.py:161} INFO - Started process (PID=16353) to work on /home/codespace/.local/share/virtualenvs/airflow_sandbox-vp-HKq_L/lib/python3.10/site-packages/airflow/example_dags/example_params_trigger_ui.py
[2024-02-14T09:29:56.828+0000] {processor.py:830} INFO - Processing file /home/codespace/.local/share/virtualenvs/airflow_sandbox-vp-HKq_L/lib/python3.10/site-packages/airflow/example_dags/example_params_trigger_ui.py for tasks to queue
[2024-02-14T09:29:56.828+0000] {logging_mixin.py:188} INFO - [2024-02-14T09:29:56.828+0000] {dagbag.py:538} INFO - Filling up the DagBag from /home/codespace/.local/share/virtualenvs/airflow_sandbox-vp-HKq_L/lib/python3.10/site-packages/airflow/example_dags/example_params_trigger_ui.py
[2024-02-14T09:29:56.839+0000] {processor.py:840} INFO - DAG(s) 'example_params_trigger_ui' retrieved from /home/codespace/.local/share/virtualenvs/airflow_sandbox-vp-HKq_L/lib/python3.10/site-packages/airflow/example_dags/example_params_trigger_ui.py
[2024-02-14T09:29:56.874+0000] {logging_mixin.py:188} INFO - [2024-02-14T09:29:56.874+0000] {dag.py:3033} INFO - Sync 1 DAGs
[2024-02-14T09:29:56.885+0000] {logging_mixin.py:188} INFO - [2024-02-14T09:29:56.885+0000] {dag.py:3820} INFO - Setting next_dagrun for example_params_trigger_ui to None, run_after=None
[2024-02-14T09:29:56.928+0000] {processor.py:183} INFO - Processing /home/codespace/.local/share/virtualenvs/airflow_sandbox-vp-HKq_L/lib/python3.10/site-packages/airflow/example_dags/example_params_trigger_ui.py took 0.103 seconds
[2024-02-14T09:30:46.021+0000] {processor.py:161} INFO - Started process (PID=16688) to work on /home/codespace/.local/share/virtualenvs/airflow_sandbox-vp-HKq_L/lib/python3.10/site-packages/airflow/example_dags/example_params_trigger_ui.py
[2024-02-14T09:30:46.021+0000] {processor.py:830} INFO - Processing file /home/codespace/.local/share/virtualenvs/airflow_sandbox-vp-HKq_L/lib/python3.10/site-packages/airflow/example_dags/example_params_trigger_ui.py for tasks to queue
[2024-02-14T09:30:46.022+0000] {logging_mixin.py:188} INFO - [2024-02-14T09:30:46.022+0000] {dagbag.py:538} INFO - Filling up the DagBag from /home/codespace/.local/share/virtualenvs/airflow_sandbox-vp-HKq_L/lib/python3.10/site-packages/airflow/example_dags/example_params_trigger_ui.py
[2024-02-14T09:30:46.033+0000] {processor.py:840} INFO - DAG(s) 'example_params_trigger_ui' retrieved from /home/codespace/.local/share/virtualenvs/airflow_sandbox-vp-HKq_L/lib/python3.10/site-packages/airflow/example_dags/example_params_trigger_ui.py
[2024-02-14T09:30:46.068+0000] {logging_mixin.py:188} INFO - [2024-02-14T09:30:46.068+0000] {dag.py:3033} INFO - Sync 1 DAGs
[2024-02-14T09:30:46.077+0000] {logging_mixin.py:188} INFO - [2024-02-14T09:30:46.077+0000] {dag.py:3820} INFO - Setting next_dagrun for example_params_trigger_ui to None, run_after=None
[2024-02-14T09:30:46.119+0000] {processor.py:183} INFO - Processing /home/codespace/.local/share/virtualenvs/airflow_sandbox-vp-HKq_L/lib/python3.10/site-packages/airflow/example_dags/example_params_trigger_ui.py took 0.101 seconds
[2024-02-14T09:31:40.185+0000] {processor.py:161} INFO - Started process (PID=17087) to work on /home/codespace/.local/share/virtualenvs/airflow_sandbox-vp-HKq_L/lib/python3.10/site-packages/airflow/example_dags/example_params_trigger_ui.py
[2024-02-14T09:31:40.185+0000] {processor.py:830} INFO - Processing file /home/codespace/.local/share/virtualenvs/airflow_sandbox-vp-HKq_L/lib/python3.10/site-packages/airflow/example_dags/example_params_trigger_ui.py for tasks to queue
[2024-02-14T09:31:40.186+0000] {logging_mixin.py:188} INFO - [2024-02-14T09:31:40.186+0000] {dagbag.py:538} INFO - Filling up the DagBag from /home/codespace/.local/share/virtualenvs/airflow_sandbox-vp-HKq_L/lib/python3.10/site-packages/airflow/example_dags/example_params_trigger_ui.py
[2024-02-14T09:31:40.200+0000] {processor.py:840} INFO - DAG(s) 'example_params_trigger_ui' retrieved from /home/codespace/.local/share/virtualenvs/airflow_sandbox-vp-HKq_L/lib/python3.10/site-packages/airflow/example_dags/example_params_trigger_ui.py
[2024-02-14T09:31:40.235+0000] {logging_mixin.py:188} INFO - [2024-02-14T09:31:40.235+0000] {dag.py:3033} INFO - Sync 1 DAGs
[2024-02-14T09:31:40.244+0000] {logging_mixin.py:188} INFO - [2024-02-14T09:31:40.244+0000] {dag.py:3820} INFO - Setting next_dagrun for example_params_trigger_ui to None, run_after=None
[2024-02-14T09:31:40.287+0000] {processor.py:183} INFO - Processing /home/codespace/.local/share/virtualenvs/airflow_sandbox-vp-HKq_L/lib/python3.10/site-packages/airflow/example_dags/example_params_trigger_ui.py took 0.105 seconds
[2024-02-14T09:32:33.942+0000] {processor.py:161} INFO - Started process (PID=17488) to work on /home/codespace/.local/share/virtualenvs/airflow_sandbox-vp-HKq_L/lib/python3.10/site-packages/airflow/example_dags/example_params_trigger_ui.py
[2024-02-14T09:32:33.942+0000] {processor.py:830} INFO - Processing file /home/codespace/.local/share/virtualenvs/airflow_sandbox-vp-HKq_L/lib/python3.10/site-packages/airflow/example_dags/example_params_trigger_ui.py for tasks to queue
[2024-02-14T09:32:33.943+0000] {logging_mixin.py:188} INFO - [2024-02-14T09:32:33.943+0000] {dagbag.py:538} INFO - Filling up the DagBag from /home/codespace/.local/share/virtualenvs/airflow_sandbox-vp-HKq_L/lib/python3.10/site-packages/airflow/example_dags/example_params_trigger_ui.py
[2024-02-14T09:32:33.955+0000] {processor.py:840} INFO - DAG(s) 'example_params_trigger_ui' retrieved from /home/codespace/.local/share/virtualenvs/airflow_sandbox-vp-HKq_L/lib/python3.10/site-packages/airflow/example_dags/example_params_trigger_ui.py
[2024-02-14T09:32:33.992+0000] {logging_mixin.py:188} INFO - [2024-02-14T09:32:33.991+0000] {dag.py:3033} INFO - Sync 1 DAGs
[2024-02-14T09:32:34.002+0000] {logging_mixin.py:188} INFO - [2024-02-14T09:32:34.001+0000] {dag.py:3820} INFO - Setting next_dagrun for example_params_trigger_ui to None, run_after=None
[2024-02-14T09:32:34.044+0000] {processor.py:183} INFO - Processing /home/codespace/.local/share/virtualenvs/airflow_sandbox-vp-HKq_L/lib/python3.10/site-packages/airflow/example_dags/example_params_trigger_ui.py took 0.105 seconds
[2024-02-14T09:33:26.344+0000] {processor.py:161} INFO - Started process (PID=17841) to work on /home/codespace/.local/share/virtualenvs/airflow_sandbox-vp-HKq_L/lib/python3.10/site-packages/airflow/example_dags/example_params_trigger_ui.py
[2024-02-14T09:33:26.345+0000] {processor.py:830} INFO - Processing file /home/codespace/.local/share/virtualenvs/airflow_sandbox-vp-HKq_L/lib/python3.10/site-packages/airflow/example_dags/example_params_trigger_ui.py for tasks to queue
[2024-02-14T09:33:26.346+0000] {logging_mixin.py:188} INFO - [2024-02-14T09:33:26.346+0000] {dagbag.py:538} INFO - Filling up the DagBag from /home/codespace/.local/share/virtualenvs/airflow_sandbox-vp-HKq_L/lib/python3.10/site-packages/airflow/example_dags/example_params_trigger_ui.py
[2024-02-14T09:33:26.357+0000] {processor.py:840} INFO - DAG(s) 'example_params_trigger_ui' retrieved from /home/codespace/.local/share/virtualenvs/airflow_sandbox-vp-HKq_L/lib/python3.10/site-packages/airflow/example_dags/example_params_trigger_ui.py
[2024-02-14T09:33:26.394+0000] {logging_mixin.py:188} INFO - [2024-02-14T09:33:26.394+0000] {dag.py:3033} INFO - Sync 1 DAGs
[2024-02-14T09:33:26.407+0000] {logging_mixin.py:188} INFO - [2024-02-14T09:33:26.407+0000] {dag.py:3820} INFO - Setting next_dagrun for example_params_trigger_ui to None, run_after=None
[2024-02-14T09:33:26.455+0000] {processor.py:183} INFO - Processing /home/codespace/.local/share/virtualenvs/airflow_sandbox-vp-HKq_L/lib/python3.10/site-packages/airflow/example_dags/example_params_trigger_ui.py took 0.113 seconds
[2024-02-14T09:34:16.955+0000] {processor.py:161} INFO - Started process (PID=18218) to work on /home/codespace/.local/share/virtualenvs/airflow_sandbox-vp-HKq_L/lib/python3.10/site-packages/airflow/example_dags/example_params_trigger_ui.py
[2024-02-14T09:34:16.956+0000] {processor.py:830} INFO - Processing file /home/codespace/.local/share/virtualenvs/airflow_sandbox-vp-HKq_L/lib/python3.10/site-packages/airflow/example_dags/example_params_trigger_ui.py for tasks to queue
[2024-02-14T09:34:16.956+0000] {logging_mixin.py:188} INFO - [2024-02-14T09:34:16.956+0000] {dagbag.py:538} INFO - Filling up the DagBag from /home/codespace/.local/share/virtualenvs/airflow_sandbox-vp-HKq_L/lib/python3.10/site-packages/airflow/example_dags/example_params_trigger_ui.py
[2024-02-14T09:34:16.967+0000] {processor.py:840} INFO - DAG(s) 'example_params_trigger_ui' retrieved from /home/codespace/.local/share/virtualenvs/airflow_sandbox-vp-HKq_L/lib/python3.10/site-packages/airflow/example_dags/example_params_trigger_ui.py
[2024-02-14T09:34:17.002+0000] {logging_mixin.py:188} INFO - [2024-02-14T09:34:17.002+0000] {dag.py:3033} INFO - Sync 1 DAGs
[2024-02-14T09:34:17.012+0000] {logging_mixin.py:188} INFO - [2024-02-14T09:34:17.011+0000] {dag.py:3820} INFO - Setting next_dagrun for example_params_trigger_ui to None, run_after=None
[2024-02-14T09:34:17.060+0000] {processor.py:183} INFO - Processing /home/codespace/.local/share/virtualenvs/airflow_sandbox-vp-HKq_L/lib/python3.10/site-packages/airflow/example_dags/example_params_trigger_ui.py took 0.107 seconds
