[2024-02-14T09:08:08.652+0000] {processor.py:161} INFO - Started process (PID=4777) to work on /home/codespace/.local/share/virtualenvs/airflow_sandbox-vp-HKq_L/lib/python3.10/site-packages/airflow/example_dags/example_latest_only.py
[2024-02-14T09:08:08.652+0000] {processor.py:830} INFO - Processing file /home/codespace/.local/share/virtualenvs/airflow_sandbox-vp-HKq_L/lib/python3.10/site-packages/airflow/example_dags/example_latest_only.py for tasks to queue
[2024-02-14T09:08:08.653+0000] {logging_mixin.py:188} INFO - [2024-02-14T09:08:08.653+0000] {dagbag.py:538} INFO - Filling up the DagBag from /home/codespace/.local/share/virtualenvs/airflow_sandbox-vp-HKq_L/lib/python3.10/site-packages/airflow/example_dags/example_latest_only.py
[2024-02-14T09:08:08.657+0000] {processor.py:840} INFO - DAG(s) 'latest_only' retrieved from /home/codespace/.local/share/virtualenvs/airflow_sandbox-vp-HKq_L/lib/python3.10/site-packages/airflow/example_dags/example_latest_only.py
[2024-02-14T09:08:08.670+0000] {logging_mixin.py:188} INFO - [2024-02-14T09:08:08.669+0000] {dag.py:3033} INFO - Sync 1 DAGs
[2024-02-14T09:08:08.687+0000] {logging_mixin.py:188} INFO - [2024-02-14T09:08:08.686+0000] {dag.py:3820} INFO - Setting next_dagrun for latest_only to 2024-02-14T04:00:00+00:00, run_after=2024-02-14T08:00:00+00:00
[2024-02-14T09:08:08.729+0000] {processor.py:183} INFO - Processing /home/codespace/.local/share/virtualenvs/airflow_sandbox-vp-HKq_L/lib/python3.10/site-packages/airflow/example_dags/example_latest_only.py took 0.079 seconds
[2024-02-14T09:08:58.252+0000] {processor.py:161} INFO - Started process (PID=5478) to work on /home/codespace/.local/share/virtualenvs/airflow_sandbox-vp-HKq_L/lib/python3.10/site-packages/airflow/example_dags/example_latest_only.py
[2024-02-14T09:08:58.253+0000] {processor.py:830} INFO - Processing file /home/codespace/.local/share/virtualenvs/airflow_sandbox-vp-HKq_L/lib/python3.10/site-packages/airflow/example_dags/example_latest_only.py for tasks to queue
[2024-02-14T09:08:58.253+0000] {logging_mixin.py:188} INFO - [2024-02-14T09:08:58.253+0000] {dagbag.py:538} INFO - Filling up the DagBag from /home/codespace/.local/share/virtualenvs/airflow_sandbox-vp-HKq_L/lib/python3.10/site-packages/airflow/example_dags/example_latest_only.py
[2024-02-14T09:08:58.257+0000] {processor.py:840} INFO - DAG(s) 'latest_only' retrieved from /home/codespace/.local/share/virtualenvs/airflow_sandbox-vp-HKq_L/lib/python3.10/site-packages/airflow/example_dags/example_latest_only.py
[2024-02-14T09:08:58.269+0000] {logging_mixin.py:188} INFO - [2024-02-14T09:08:58.269+0000] {dag.py:3033} INFO - Sync 1 DAGs
[2024-02-14T09:08:58.284+0000] {logging_mixin.py:188} INFO - [2024-02-14T09:08:58.284+0000] {dag.py:3820} INFO - Setting next_dagrun for latest_only to 2024-02-14T04:00:00+00:00, run_after=2024-02-14T08:00:00+00:00
[2024-02-14T09:08:58.325+0000] {processor.py:183} INFO - Processing /home/codespace/.local/share/virtualenvs/airflow_sandbox-vp-HKq_L/lib/python3.10/site-packages/airflow/example_dags/example_latest_only.py took 0.076 seconds
[2024-02-14T09:09:53.028+0000] {processor.py:161} INFO - Started process (PID=6285) to work on /home/codespace/.local/share/virtualenvs/airflow_sandbox-vp-HKq_L/lib/python3.10/site-packages/airflow/example_dags/example_latest_only.py
[2024-02-14T09:09:53.029+0000] {processor.py:830} INFO - Processing file /home/codespace/.local/share/virtualenvs/airflow_sandbox-vp-HKq_L/lib/python3.10/site-packages/airflow/example_dags/example_latest_only.py for tasks to queue
[2024-02-14T09:09:53.030+0000] {logging_mixin.py:188} INFO - [2024-02-14T09:09:53.029+0000] {dagbag.py:538} INFO - Filling up the DagBag from /home/codespace/.local/share/virtualenvs/airflow_sandbox-vp-HKq_L/lib/python3.10/site-packages/airflow/example_dags/example_latest_only.py
[2024-02-14T09:09:53.034+0000] {processor.py:840} INFO - DAG(s) 'latest_only' retrieved from /home/codespace/.local/share/virtualenvs/airflow_sandbox-vp-HKq_L/lib/python3.10/site-packages/airflow/example_dags/example_latest_only.py
[2024-02-14T09:09:53.047+0000] {logging_mixin.py:188} INFO - [2024-02-14T09:09:53.047+0000] {dag.py:3033} INFO - Sync 1 DAGs
[2024-02-14T09:09:53.062+0000] {logging_mixin.py:188} INFO - [2024-02-14T09:09:53.062+0000] {dag.py:3820} INFO - Setting next_dagrun for latest_only to 2024-02-14T04:00:00+00:00, run_after=2024-02-14T08:00:00+00:00
[2024-02-14T09:09:53.103+0000] {processor.py:183} INFO - Processing /home/codespace/.local/share/virtualenvs/airflow_sandbox-vp-HKq_L/lib/python3.10/site-packages/airflow/example_dags/example_latest_only.py took 0.077 seconds
[2024-02-14T09:10:49.726+0000] {processor.py:161} INFO - Started process (PID=6938) to work on /home/codespace/.local/share/virtualenvs/airflow_sandbox-vp-HKq_L/lib/python3.10/site-packages/airflow/example_dags/example_latest_only.py
[2024-02-14T09:10:49.727+0000] {processor.py:830} INFO - Processing file /home/codespace/.local/share/virtualenvs/airflow_sandbox-vp-HKq_L/lib/python3.10/site-packages/airflow/example_dags/example_latest_only.py for tasks to queue
[2024-02-14T09:10:49.728+0000] {logging_mixin.py:188} INFO - [2024-02-14T09:10:49.728+0000] {dagbag.py:538} INFO - Filling up the DagBag from /home/codespace/.local/share/virtualenvs/airflow_sandbox-vp-HKq_L/lib/python3.10/site-packages/airflow/example_dags/example_latest_only.py
[2024-02-14T09:10:49.732+0000] {processor.py:840} INFO - DAG(s) 'latest_only' retrieved from /home/codespace/.local/share/virtualenvs/airflow_sandbox-vp-HKq_L/lib/python3.10/site-packages/airflow/example_dags/example_latest_only.py
[2024-02-14T09:10:49.744+0000] {logging_mixin.py:188} INFO - [2024-02-14T09:10:49.744+0000] {dag.py:3033} INFO - Sync 1 DAGs
[2024-02-14T09:10:49.762+0000] {logging_mixin.py:188} INFO - [2024-02-14T09:10:49.761+0000] {dag.py:3820} INFO - Setting next_dagrun for latest_only to 2024-02-14T04:00:00+00:00, run_after=2024-02-14T08:00:00+00:00
[2024-02-14T09:10:49.806+0000] {processor.py:183} INFO - Processing /home/codespace/.local/share/virtualenvs/airflow_sandbox-vp-HKq_L/lib/python3.10/site-packages/airflow/example_dags/example_latest_only.py took 0.082 seconds
[2024-02-14T09:11:44.539+0000] {processor.py:161} INFO - Started process (PID=7669) to work on /home/codespace/.local/share/virtualenvs/airflow_sandbox-vp-HKq_L/lib/python3.10/site-packages/airflow/example_dags/example_latest_only.py
[2024-02-14T09:11:44.540+0000] {processor.py:830} INFO - Processing file /home/codespace/.local/share/virtualenvs/airflow_sandbox-vp-HKq_L/lib/python3.10/site-packages/airflow/example_dags/example_latest_only.py for tasks to queue
[2024-02-14T09:11:44.541+0000] {logging_mixin.py:188} INFO - [2024-02-14T09:11:44.541+0000] {dagbag.py:538} INFO - Filling up the DagBag from /home/codespace/.local/share/virtualenvs/airflow_sandbox-vp-HKq_L/lib/python3.10/site-packages/airflow/example_dags/example_latest_only.py
[2024-02-14T09:11:44.545+0000] {processor.py:840} INFO - DAG(s) 'latest_only' retrieved from /home/codespace/.local/share/virtualenvs/airflow_sandbox-vp-HKq_L/lib/python3.10/site-packages/airflow/example_dags/example_latest_only.py
[2024-02-14T09:11:44.559+0000] {logging_mixin.py:188} INFO - [2024-02-14T09:11:44.558+0000] {dag.py:3033} INFO - Sync 1 DAGs
[2024-02-14T09:11:44.576+0000] {logging_mixin.py:188} INFO - [2024-02-14T09:11:44.576+0000] {dag.py:3820} INFO - Setting next_dagrun for latest_only to 2024-02-14T04:00:00+00:00, run_after=2024-02-14T08:00:00+00:00
[2024-02-14T09:11:44.619+0000] {processor.py:183} INFO - Processing /home/codespace/.local/share/virtualenvs/airflow_sandbox-vp-HKq_L/lib/python3.10/site-packages/airflow/example_dags/example_latest_only.py took 0.082 seconds
[2024-02-14T09:12:38.572+0000] {processor.py:161} INFO - Started process (PID=8190) to work on /home/codespace/.local/share/virtualenvs/airflow_sandbox-vp-HKq_L/lib/python3.10/site-packages/airflow/example_dags/example_latest_only.py
[2024-02-14T09:12:38.573+0000] {processor.py:830} INFO - Processing file /home/codespace/.local/share/virtualenvs/airflow_sandbox-vp-HKq_L/lib/python3.10/site-packages/airflow/example_dags/example_latest_only.py for tasks to queue
[2024-02-14T09:12:38.573+0000] {logging_mixin.py:188} INFO - [2024-02-14T09:12:38.573+0000] {dagbag.py:538} INFO - Filling up the DagBag from /home/codespace/.local/share/virtualenvs/airflow_sandbox-vp-HKq_L/lib/python3.10/site-packages/airflow/example_dags/example_latest_only.py
[2024-02-14T09:12:38.578+0000] {processor.py:840} INFO - DAG(s) 'latest_only' retrieved from /home/codespace/.local/share/virtualenvs/airflow_sandbox-vp-HKq_L/lib/python3.10/site-packages/airflow/example_dags/example_latest_only.py
[2024-02-14T09:12:38.589+0000] {logging_mixin.py:188} INFO - [2024-02-14T09:12:38.589+0000] {dag.py:3033} INFO - Sync 1 DAGs
[2024-02-14T09:12:38.608+0000] {logging_mixin.py:188} INFO - [2024-02-14T09:12:38.608+0000] {dag.py:3820} INFO - Setting next_dagrun for latest_only to 2024-02-14T04:00:00+00:00, run_after=2024-02-14T08:00:00+00:00
[2024-02-14T09:12:38.652+0000] {processor.py:183} INFO - Processing /home/codespace/.local/share/virtualenvs/airflow_sandbox-vp-HKq_L/lib/python3.10/site-packages/airflow/example_dags/example_latest_only.py took 0.083 seconds
[2024-02-14T09:13:33.821+0000] {processor.py:161} INFO - Started process (PID=8636) to work on /home/codespace/.local/share/virtualenvs/airflow_sandbox-vp-HKq_L/lib/python3.10/site-packages/airflow/example_dags/example_latest_only.py
[2024-02-14T09:13:33.821+0000] {processor.py:830} INFO - Processing file /home/codespace/.local/share/virtualenvs/airflow_sandbox-vp-HKq_L/lib/python3.10/site-packages/airflow/example_dags/example_latest_only.py for tasks to queue
[2024-02-14T09:13:33.822+0000] {logging_mixin.py:188} INFO - [2024-02-14T09:13:33.822+0000] {dagbag.py:538} INFO - Filling up the DagBag from /home/codespace/.local/share/virtualenvs/airflow_sandbox-vp-HKq_L/lib/python3.10/site-packages/airflow/example_dags/example_latest_only.py
[2024-02-14T09:13:33.827+0000] {processor.py:840} INFO - DAG(s) 'latest_only' retrieved from /home/codespace/.local/share/virtualenvs/airflow_sandbox-vp-HKq_L/lib/python3.10/site-packages/airflow/example_dags/example_latest_only.py
[2024-02-14T09:13:33.838+0000] {logging_mixin.py:188} INFO - [2024-02-14T09:13:33.838+0000] {dag.py:3033} INFO - Sync 1 DAGs
[2024-02-14T09:13:33.856+0000] {logging_mixin.py:188} INFO - [2024-02-14T09:13:33.855+0000] {dag.py:3820} INFO - Setting next_dagrun for latest_only to 2024-02-14T04:00:00+00:00, run_after=2024-02-14T08:00:00+00:00
[2024-02-14T09:13:33.909+0000] {processor.py:183} INFO - Processing /home/codespace/.local/share/virtualenvs/airflow_sandbox-vp-HKq_L/lib/python3.10/site-packages/airflow/example_dags/example_latest_only.py took 0.091 seconds
[2024-02-14T09:14:27.535+0000] {processor.py:161} INFO - Started process (PID=9075) to work on /home/codespace/.local/share/virtualenvs/airflow_sandbox-vp-HKq_L/lib/python3.10/site-packages/airflow/example_dags/example_latest_only.py
[2024-02-14T09:14:27.535+0000] {processor.py:830} INFO - Processing file /home/codespace/.local/share/virtualenvs/airflow_sandbox-vp-HKq_L/lib/python3.10/site-packages/airflow/example_dags/example_latest_only.py for tasks to queue
[2024-02-14T09:14:27.536+0000] {logging_mixin.py:188} INFO - [2024-02-14T09:14:27.536+0000] {dagbag.py:538} INFO - Filling up the DagBag from /home/codespace/.local/share/virtualenvs/airflow_sandbox-vp-HKq_L/lib/python3.10/site-packages/airflow/example_dags/example_latest_only.py
[2024-02-14T09:14:27.540+0000] {processor.py:840} INFO - DAG(s) 'latest_only' retrieved from /home/codespace/.local/share/virtualenvs/airflow_sandbox-vp-HKq_L/lib/python3.10/site-packages/airflow/example_dags/example_latest_only.py
[2024-02-14T09:14:27.552+0000] {logging_mixin.py:188} INFO - [2024-02-14T09:14:27.552+0000] {dag.py:3033} INFO - Sync 1 DAGs
[2024-02-14T09:14:27.572+0000] {logging_mixin.py:188} INFO - [2024-02-14T09:14:27.572+0000] {dag.py:3820} INFO - Setting next_dagrun for latest_only to 2024-02-14T04:00:00+00:00, run_after=2024-02-14T08:00:00+00:00
[2024-02-14T09:14:27.616+0000] {processor.py:183} INFO - Processing /home/codespace/.local/share/virtualenvs/airflow_sandbox-vp-HKq_L/lib/python3.10/site-packages/airflow/example_dags/example_latest_only.py took 0.084 seconds
[2024-02-14T09:15:19.160+0000] {processor.py:161} INFO - Started process (PID=9428) to work on /home/codespace/.local/share/virtualenvs/airflow_sandbox-vp-HKq_L/lib/python3.10/site-packages/airflow/example_dags/example_latest_only.py
[2024-02-14T09:15:19.161+0000] {processor.py:830} INFO - Processing file /home/codespace/.local/share/virtualenvs/airflow_sandbox-vp-HKq_L/lib/python3.10/site-packages/airflow/example_dags/example_latest_only.py for tasks to queue
[2024-02-14T09:15:19.162+0000] {logging_mixin.py:188} INFO - [2024-02-14T09:15:19.162+0000] {dagbag.py:538} INFO - Filling up the DagBag from /home/codespace/.local/share/virtualenvs/airflow_sandbox-vp-HKq_L/lib/python3.10/site-packages/airflow/example_dags/example_latest_only.py
[2024-02-14T09:15:19.166+0000] {processor.py:840} INFO - DAG(s) 'latest_only' retrieved from /home/codespace/.local/share/virtualenvs/airflow_sandbox-vp-HKq_L/lib/python3.10/site-packages/airflow/example_dags/example_latest_only.py
[2024-02-14T09:15:19.177+0000] {logging_mixin.py:188} INFO - [2024-02-14T09:15:19.177+0000] {dag.py:3033} INFO - Sync 1 DAGs
[2024-02-14T09:15:19.192+0000] {logging_mixin.py:188} INFO - [2024-02-14T09:15:19.192+0000] {dag.py:3820} INFO - Setting next_dagrun for latest_only to 2024-02-14T04:00:00+00:00, run_after=2024-02-14T08:00:00+00:00
[2024-02-14T09:15:19.241+0000] {processor.py:183} INFO - Processing /home/codespace/.local/share/virtualenvs/airflow_sandbox-vp-HKq_L/lib/python3.10/site-packages/airflow/example_dags/example_latest_only.py took 0.083 seconds
[2024-02-14T09:16:09.829+0000] {processor.py:161} INFO - Started process (PID=9789) to work on /home/codespace/.local/share/virtualenvs/airflow_sandbox-vp-HKq_L/lib/python3.10/site-packages/airflow/example_dags/example_latest_only.py
[2024-02-14T09:16:09.830+0000] {processor.py:830} INFO - Processing file /home/codespace/.local/share/virtualenvs/airflow_sandbox-vp-HKq_L/lib/python3.10/site-packages/airflow/example_dags/example_latest_only.py for tasks to queue
[2024-02-14T09:16:09.831+0000] {logging_mixin.py:188} INFO - [2024-02-14T09:16:09.831+0000] {dagbag.py:538} INFO - Filling up the DagBag from /home/codespace/.local/share/virtualenvs/airflow_sandbox-vp-HKq_L/lib/python3.10/site-packages/airflow/example_dags/example_latest_only.py
[2024-02-14T09:16:09.835+0000] {processor.py:840} INFO - DAG(s) 'latest_only' retrieved from /home/codespace/.local/share/virtualenvs/airflow_sandbox-vp-HKq_L/lib/python3.10/site-packages/airflow/example_dags/example_latest_only.py
[2024-02-14T09:16:09.848+0000] {logging_mixin.py:188} INFO - [2024-02-14T09:16:09.848+0000] {dag.py:3033} INFO - Sync 1 DAGs
[2024-02-14T09:16:09.865+0000] {logging_mixin.py:188} INFO - [2024-02-14T09:16:09.864+0000] {dag.py:3820} INFO - Setting next_dagrun for latest_only to 2024-02-14T04:00:00+00:00, run_after=2024-02-14T08:00:00+00:00
[2024-02-14T09:16:09.913+0000] {processor.py:183} INFO - Processing /home/codespace/.local/share/virtualenvs/airflow_sandbox-vp-HKq_L/lib/python3.10/site-packages/airflow/example_dags/example_latest_only.py took 0.086 seconds
[2024-02-14T09:17:05.445+0000] {processor.py:161} INFO - Started process (PID=10194) to work on /home/codespace/.local/share/virtualenvs/airflow_sandbox-vp-HKq_L/lib/python3.10/site-packages/airflow/example_dags/example_latest_only.py
[2024-02-14T09:17:05.445+0000] {processor.py:830} INFO - Processing file /home/codespace/.local/share/virtualenvs/airflow_sandbox-vp-HKq_L/lib/python3.10/site-packages/airflow/example_dags/example_latest_only.py for tasks to queue
[2024-02-14T09:17:05.446+0000] {logging_mixin.py:188} INFO - [2024-02-14T09:17:05.446+0000] {dagbag.py:538} INFO - Filling up the DagBag from /home/codespace/.local/share/virtualenvs/airflow_sandbox-vp-HKq_L/lib/python3.10/site-packages/airflow/example_dags/example_latest_only.py
[2024-02-14T09:17:05.450+0000] {processor.py:840} INFO - DAG(s) 'latest_only' retrieved from /home/codespace/.local/share/virtualenvs/airflow_sandbox-vp-HKq_L/lib/python3.10/site-packages/airflow/example_dags/example_latest_only.py
[2024-02-14T09:17:05.462+0000] {logging_mixin.py:188} INFO - [2024-02-14T09:17:05.462+0000] {dag.py:3033} INFO - Sync 1 DAGs
[2024-02-14T09:17:05.478+0000] {logging_mixin.py:188} INFO - [2024-02-14T09:17:05.477+0000] {dag.py:3820} INFO - Setting next_dagrun for latest_only to 2024-02-14T04:00:00+00:00, run_after=2024-02-14T08:00:00+00:00
[2024-02-14T09:17:05.523+0000] {processor.py:183} INFO - Processing /home/codespace/.local/share/virtualenvs/airflow_sandbox-vp-HKq_L/lib/python3.10/site-packages/airflow/example_dags/example_latest_only.py took 0.081 seconds
[2024-02-14T09:17:56.743+0000] {processor.py:161} INFO - Started process (PID=10590) to work on /home/codespace/.local/share/virtualenvs/airflow_sandbox-vp-HKq_L/lib/python3.10/site-packages/airflow/example_dags/example_latest_only.py
[2024-02-14T09:17:56.744+0000] {processor.py:830} INFO - Processing file /home/codespace/.local/share/virtualenvs/airflow_sandbox-vp-HKq_L/lib/python3.10/site-packages/airflow/example_dags/example_latest_only.py for tasks to queue
[2024-02-14T09:17:56.744+0000] {logging_mixin.py:188} INFO - [2024-02-14T09:17:56.744+0000] {dagbag.py:538} INFO - Filling up the DagBag from /home/codespace/.local/share/virtualenvs/airflow_sandbox-vp-HKq_L/lib/python3.10/site-packages/airflow/example_dags/example_latest_only.py
[2024-02-14T09:17:56.749+0000] {processor.py:840} INFO - DAG(s) 'latest_only' retrieved from /home/codespace/.local/share/virtualenvs/airflow_sandbox-vp-HKq_L/lib/python3.10/site-packages/airflow/example_dags/example_latest_only.py
[2024-02-14T09:17:56.761+0000] {logging_mixin.py:188} INFO - [2024-02-14T09:17:56.760+0000] {dag.py:3033} INFO - Sync 1 DAGs
[2024-02-14T09:17:56.775+0000] {logging_mixin.py:188} INFO - [2024-02-14T09:17:56.775+0000] {dag.py:3820} INFO - Setting next_dagrun for latest_only to 2024-02-14T04:00:00+00:00, run_after=2024-02-14T08:00:00+00:00
[2024-02-14T09:17:56.816+0000] {processor.py:183} INFO - Processing /home/codespace/.local/share/virtualenvs/airflow_sandbox-vp-HKq_L/lib/python3.10/site-packages/airflow/example_dags/example_latest_only.py took 0.076 seconds
[2024-02-14T09:18:49.211+0000] {processor.py:161} INFO - Started process (PID=10977) to work on /home/codespace/.local/share/virtualenvs/airflow_sandbox-vp-HKq_L/lib/python3.10/site-packages/airflow/example_dags/example_latest_only.py
[2024-02-14T09:18:49.212+0000] {processor.py:830} INFO - Processing file /home/codespace/.local/share/virtualenvs/airflow_sandbox-vp-HKq_L/lib/python3.10/site-packages/airflow/example_dags/example_latest_only.py for tasks to queue
[2024-02-14T09:18:49.213+0000] {logging_mixin.py:188} INFO - [2024-02-14T09:18:49.213+0000] {dagbag.py:538} INFO - Filling up the DagBag from /home/codespace/.local/share/virtualenvs/airflow_sandbox-vp-HKq_L/lib/python3.10/site-packages/airflow/example_dags/example_latest_only.py
[2024-02-14T09:18:49.217+0000] {processor.py:840} INFO - DAG(s) 'latest_only' retrieved from /home/codespace/.local/share/virtualenvs/airflow_sandbox-vp-HKq_L/lib/python3.10/site-packages/airflow/example_dags/example_latest_only.py
[2024-02-14T09:18:49.231+0000] {logging_mixin.py:188} INFO - [2024-02-14T09:18:49.231+0000] {dag.py:3033} INFO - Sync 1 DAGs
[2024-02-14T09:18:49.246+0000] {logging_mixin.py:188} INFO - [2024-02-14T09:18:49.246+0000] {dag.py:3820} INFO - Setting next_dagrun for latest_only to 2024-02-14T04:00:00+00:00, run_after=2024-02-14T08:00:00+00:00
[2024-02-14T09:18:49.291+0000] {processor.py:183} INFO - Processing /home/codespace/.local/share/virtualenvs/airflow_sandbox-vp-HKq_L/lib/python3.10/site-packages/airflow/example_dags/example_latest_only.py took 0.082 seconds
[2024-02-14T09:19:43.679+0000] {processor.py:161} INFO - Started process (PID=11352) to work on /home/codespace/.local/share/virtualenvs/airflow_sandbox-vp-HKq_L/lib/python3.10/site-packages/airflow/example_dags/example_latest_only.py
[2024-02-14T09:19:43.680+0000] {processor.py:830} INFO - Processing file /home/codespace/.local/share/virtualenvs/airflow_sandbox-vp-HKq_L/lib/python3.10/site-packages/airflow/example_dags/example_latest_only.py for tasks to queue
[2024-02-14T09:19:43.680+0000] {logging_mixin.py:188} INFO - [2024-02-14T09:19:43.680+0000] {dagbag.py:538} INFO - Filling up the DagBag from /home/codespace/.local/share/virtualenvs/airflow_sandbox-vp-HKq_L/lib/python3.10/site-packages/airflow/example_dags/example_latest_only.py
[2024-02-14T09:19:43.685+0000] {processor.py:840} INFO - DAG(s) 'latest_only' retrieved from /home/codespace/.local/share/virtualenvs/airflow_sandbox-vp-HKq_L/lib/python3.10/site-packages/airflow/example_dags/example_latest_only.py
[2024-02-14T09:19:43.697+0000] {logging_mixin.py:188} INFO - [2024-02-14T09:19:43.697+0000] {dag.py:3033} INFO - Sync 1 DAGs
[2024-02-14T09:19:43.714+0000] {logging_mixin.py:188} INFO - [2024-02-14T09:19:43.714+0000] {dag.py:3820} INFO - Setting next_dagrun for latest_only to 2024-02-14T04:00:00+00:00, run_after=2024-02-14T08:00:00+00:00
[2024-02-14T09:19:43.756+0000] {processor.py:183} INFO - Processing /home/codespace/.local/share/virtualenvs/airflow_sandbox-vp-HKq_L/lib/python3.10/site-packages/airflow/example_dags/example_latest_only.py took 0.080 seconds
[2024-02-14T09:20:37.859+0000] {processor.py:161} INFO - Started process (PID=12240) to work on /home/codespace/.local/share/virtualenvs/airflow_sandbox-vp-HKq_L/lib/python3.10/site-packages/airflow/example_dags/example_latest_only.py
[2024-02-14T09:20:37.860+0000] {processor.py:830} INFO - Processing file /home/codespace/.local/share/virtualenvs/airflow_sandbox-vp-HKq_L/lib/python3.10/site-packages/airflow/example_dags/example_latest_only.py for tasks to queue
[2024-02-14T09:20:37.861+0000] {logging_mixin.py:188} INFO - [2024-02-14T09:20:37.861+0000] {dagbag.py:538} INFO - Filling up the DagBag from /home/codespace/.local/share/virtualenvs/airflow_sandbox-vp-HKq_L/lib/python3.10/site-packages/airflow/example_dags/example_latest_only.py
[2024-02-14T09:20:37.865+0000] {processor.py:840} INFO - DAG(s) 'latest_only' retrieved from /home/codespace/.local/share/virtualenvs/airflow_sandbox-vp-HKq_L/lib/python3.10/site-packages/airflow/example_dags/example_latest_only.py
[2024-02-14T09:20:37.876+0000] {logging_mixin.py:188} INFO - [2024-02-14T09:20:37.876+0000] {dag.py:3033} INFO - Sync 1 DAGs
[2024-02-14T09:20:37.892+0000] {logging_mixin.py:188} INFO - [2024-02-14T09:20:37.892+0000] {dag.py:3820} INFO - Setting next_dagrun for latest_only to 2024-02-14T04:00:00+00:00, run_after=2024-02-14T08:00:00+00:00
[2024-02-14T09:20:37.934+0000] {processor.py:183} INFO - Processing /home/codespace/.local/share/virtualenvs/airflow_sandbox-vp-HKq_L/lib/python3.10/site-packages/airflow/example_dags/example_latest_only.py took 0.077 seconds
[2024-02-14T09:21:28.319+0000] {processor.py:161} INFO - Started process (PID=12602) to work on /home/codespace/.local/share/virtualenvs/airflow_sandbox-vp-HKq_L/lib/python3.10/site-packages/airflow/example_dags/example_latest_only.py
[2024-02-14T09:21:28.320+0000] {processor.py:830} INFO - Processing file /home/codespace/.local/share/virtualenvs/airflow_sandbox-vp-HKq_L/lib/python3.10/site-packages/airflow/example_dags/example_latest_only.py for tasks to queue
[2024-02-14T09:21:28.320+0000] {logging_mixin.py:188} INFO - [2024-02-14T09:21:28.320+0000] {dagbag.py:538} INFO - Filling up the DagBag from /home/codespace/.local/share/virtualenvs/airflow_sandbox-vp-HKq_L/lib/python3.10/site-packages/airflow/example_dags/example_latest_only.py
[2024-02-14T09:21:28.324+0000] {processor.py:840} INFO - DAG(s) 'latest_only' retrieved from /home/codespace/.local/share/virtualenvs/airflow_sandbox-vp-HKq_L/lib/python3.10/site-packages/airflow/example_dags/example_latest_only.py
[2024-02-14T09:21:28.336+0000] {logging_mixin.py:188} INFO - [2024-02-14T09:21:28.336+0000] {dag.py:3033} INFO - Sync 1 DAGs
[2024-02-14T09:21:28.352+0000] {logging_mixin.py:188} INFO - [2024-02-14T09:21:28.352+0000] {dag.py:3820} INFO - Setting next_dagrun for latest_only to 2024-02-14T04:00:00+00:00, run_after=2024-02-14T08:00:00+00:00
[2024-02-14T09:21:28.393+0000] {processor.py:183} INFO - Processing /home/codespace/.local/share/virtualenvs/airflow_sandbox-vp-HKq_L/lib/python3.10/site-packages/airflow/example_dags/example_latest_only.py took 0.077 seconds
[2024-02-14T09:22:24.831+0000] {processor.py:161} INFO - Started process (PID=12997) to work on /home/codespace/.local/share/virtualenvs/airflow_sandbox-vp-HKq_L/lib/python3.10/site-packages/airflow/example_dags/example_latest_only.py
[2024-02-14T09:22:24.832+0000] {processor.py:830} INFO - Processing file /home/codespace/.local/share/virtualenvs/airflow_sandbox-vp-HKq_L/lib/python3.10/site-packages/airflow/example_dags/example_latest_only.py for tasks to queue
[2024-02-14T09:22:24.832+0000] {logging_mixin.py:188} INFO - [2024-02-14T09:22:24.832+0000] {dagbag.py:538} INFO - Filling up the DagBag from /home/codespace/.local/share/virtualenvs/airflow_sandbox-vp-HKq_L/lib/python3.10/site-packages/airflow/example_dags/example_latest_only.py
[2024-02-14T09:22:24.837+0000] {processor.py:840} INFO - DAG(s) 'latest_only' retrieved from /home/codespace/.local/share/virtualenvs/airflow_sandbox-vp-HKq_L/lib/python3.10/site-packages/airflow/example_dags/example_latest_only.py
[2024-02-14T09:22:24.849+0000] {logging_mixin.py:188} INFO - [2024-02-14T09:22:24.849+0000] {dag.py:3033} INFO - Sync 1 DAGs
[2024-02-14T09:22:24.865+0000] {logging_mixin.py:188} INFO - [2024-02-14T09:22:24.864+0000] {dag.py:3820} INFO - Setting next_dagrun for latest_only to 2024-02-14T04:00:00+00:00, run_after=2024-02-14T08:00:00+00:00
[2024-02-14T09:22:24.908+0000] {processor.py:183} INFO - Processing /home/codespace/.local/share/virtualenvs/airflow_sandbox-vp-HKq_L/lib/python3.10/site-packages/airflow/example_dags/example_latest_only.py took 0.079 seconds
[2024-02-14T09:23:22.163+0000] {processor.py:161} INFO - Started process (PID=13427) to work on /home/codespace/.local/share/virtualenvs/airflow_sandbox-vp-HKq_L/lib/python3.10/site-packages/airflow/example_dags/example_latest_only.py
[2024-02-14T09:23:22.164+0000] {processor.py:830} INFO - Processing file /home/codespace/.local/share/virtualenvs/airflow_sandbox-vp-HKq_L/lib/python3.10/site-packages/airflow/example_dags/example_latest_only.py for tasks to queue
[2024-02-14T09:23:22.164+0000] {logging_mixin.py:188} INFO - [2024-02-14T09:23:22.164+0000] {dagbag.py:538} INFO - Filling up the DagBag from /home/codespace/.local/share/virtualenvs/airflow_sandbox-vp-HKq_L/lib/python3.10/site-packages/airflow/example_dags/example_latest_only.py
[2024-02-14T09:23:22.168+0000] {processor.py:840} INFO - DAG(s) 'latest_only' retrieved from /home/codespace/.local/share/virtualenvs/airflow_sandbox-vp-HKq_L/lib/python3.10/site-packages/airflow/example_dags/example_latest_only.py
[2024-02-14T09:23:22.179+0000] {logging_mixin.py:188} INFO - [2024-02-14T09:23:22.179+0000] {dag.py:3033} INFO - Sync 1 DAGs
[2024-02-14T09:23:22.193+0000] {logging_mixin.py:188} INFO - [2024-02-14T09:23:22.193+0000] {dag.py:3820} INFO - Setting next_dagrun for latest_only to 2024-02-14T04:00:00+00:00, run_after=2024-02-14T08:00:00+00:00
[2024-02-14T09:23:22.235+0000] {processor.py:183} INFO - Processing /home/codespace/.local/share/virtualenvs/airflow_sandbox-vp-HKq_L/lib/python3.10/site-packages/airflow/example_dags/example_latest_only.py took 0.074 seconds
[2024-02-14T09:24:20.033+0000] {processor.py:161} INFO - Started process (PID=13838) to work on /home/codespace/.local/share/virtualenvs/airflow_sandbox-vp-HKq_L/lib/python3.10/site-packages/airflow/example_dags/example_latest_only.py
[2024-02-14T09:24:20.034+0000] {processor.py:830} INFO - Processing file /home/codespace/.local/share/virtualenvs/airflow_sandbox-vp-HKq_L/lib/python3.10/site-packages/airflow/example_dags/example_latest_only.py for tasks to queue
[2024-02-14T09:24:20.035+0000] {logging_mixin.py:188} INFO - [2024-02-14T09:24:20.034+0000] {dagbag.py:538} INFO - Filling up the DagBag from /home/codespace/.local/share/virtualenvs/airflow_sandbox-vp-HKq_L/lib/python3.10/site-packages/airflow/example_dags/example_latest_only.py
[2024-02-14T09:24:20.040+0000] {processor.py:840} INFO - DAG(s) 'latest_only' retrieved from /home/codespace/.local/share/virtualenvs/airflow_sandbox-vp-HKq_L/lib/python3.10/site-packages/airflow/example_dags/example_latest_only.py
[2024-02-14T09:24:20.058+0000] {logging_mixin.py:188} INFO - [2024-02-14T09:24:20.058+0000] {dag.py:3033} INFO - Sync 1 DAGs
[2024-02-14T09:24:20.085+0000] {logging_mixin.py:188} INFO - [2024-02-14T09:24:20.085+0000] {dag.py:3820} INFO - Setting next_dagrun for latest_only to 2024-02-14T04:00:00+00:00, run_after=2024-02-14T08:00:00+00:00
[2024-02-14T09:24:20.138+0000] {processor.py:183} INFO - Processing /home/codespace/.local/share/virtualenvs/airflow_sandbox-vp-HKq_L/lib/python3.10/site-packages/airflow/example_dags/example_latest_only.py took 0.109 seconds
[2024-02-14T09:25:14.628+0000] {processor.py:161} INFO - Started process (PID=14208) to work on /home/codespace/.local/share/virtualenvs/airflow_sandbox-vp-HKq_L/lib/python3.10/site-packages/airflow/example_dags/example_latest_only.py
[2024-02-14T09:25:14.629+0000] {processor.py:830} INFO - Processing file /home/codespace/.local/share/virtualenvs/airflow_sandbox-vp-HKq_L/lib/python3.10/site-packages/airflow/example_dags/example_latest_only.py for tasks to queue
[2024-02-14T09:25:14.630+0000] {logging_mixin.py:188} INFO - [2024-02-14T09:25:14.629+0000] {dagbag.py:538} INFO - Filling up the DagBag from /home/codespace/.local/share/virtualenvs/airflow_sandbox-vp-HKq_L/lib/python3.10/site-packages/airflow/example_dags/example_latest_only.py
[2024-02-14T09:25:14.634+0000] {processor.py:840} INFO - DAG(s) 'latest_only' retrieved from /home/codespace/.local/share/virtualenvs/airflow_sandbox-vp-HKq_L/lib/python3.10/site-packages/airflow/example_dags/example_latest_only.py
[2024-02-14T09:25:14.645+0000] {logging_mixin.py:188} INFO - [2024-02-14T09:25:14.645+0000] {dag.py:3033} INFO - Sync 1 DAGs
[2024-02-14T09:25:14.660+0000] {logging_mixin.py:188} INFO - [2024-02-14T09:25:14.660+0000] {dag.py:3820} INFO - Setting next_dagrun for latest_only to 2024-02-14T04:00:00+00:00, run_after=2024-02-14T08:00:00+00:00
[2024-02-14T09:25:14.710+0000] {processor.py:183} INFO - Processing /home/codespace/.local/share/virtualenvs/airflow_sandbox-vp-HKq_L/lib/python3.10/site-packages/airflow/example_dags/example_latest_only.py took 0.084 seconds
[2024-02-14T09:26:07.631+0000] {processor.py:161} INFO - Started process (PID=14569) to work on /home/codespace/.local/share/virtualenvs/airflow_sandbox-vp-HKq_L/lib/python3.10/site-packages/airflow/example_dags/example_latest_only.py
[2024-02-14T09:26:07.632+0000] {processor.py:830} INFO - Processing file /home/codespace/.local/share/virtualenvs/airflow_sandbox-vp-HKq_L/lib/python3.10/site-packages/airflow/example_dags/example_latest_only.py for tasks to queue
[2024-02-14T09:26:07.633+0000] {logging_mixin.py:188} INFO - [2024-02-14T09:26:07.632+0000] {dagbag.py:538} INFO - Filling up the DagBag from /home/codespace/.local/share/virtualenvs/airflow_sandbox-vp-HKq_L/lib/python3.10/site-packages/airflow/example_dags/example_latest_only.py
[2024-02-14T09:26:07.637+0000] {processor.py:840} INFO - DAG(s) 'latest_only' retrieved from /home/codespace/.local/share/virtualenvs/airflow_sandbox-vp-HKq_L/lib/python3.10/site-packages/airflow/example_dags/example_latest_only.py
[2024-02-14T09:26:07.650+0000] {logging_mixin.py:188} INFO - [2024-02-14T09:26:07.649+0000] {dag.py:3033} INFO - Sync 1 DAGs
[2024-02-14T09:26:07.665+0000] {logging_mixin.py:188} INFO - [2024-02-14T09:26:07.664+0000] {dag.py:3820} INFO - Setting next_dagrun for latest_only to 2024-02-14T04:00:00+00:00, run_after=2024-02-14T08:00:00+00:00
[2024-02-14T09:26:07.720+0000] {processor.py:183} INFO - Processing /home/codespace/.local/share/virtualenvs/airflow_sandbox-vp-HKq_L/lib/python3.10/site-packages/airflow/example_dags/example_latest_only.py took 0.091 seconds
[2024-02-14T09:27:01.327+0000] {processor.py:161} INFO - Started process (PID=14933) to work on /home/codespace/.local/share/virtualenvs/airflow_sandbox-vp-HKq_L/lib/python3.10/site-packages/airflow/example_dags/example_latest_only.py
[2024-02-14T09:27:01.328+0000] {processor.py:830} INFO - Processing file /home/codespace/.local/share/virtualenvs/airflow_sandbox-vp-HKq_L/lib/python3.10/site-packages/airflow/example_dags/example_latest_only.py for tasks to queue
[2024-02-14T09:27:01.328+0000] {logging_mixin.py:188} INFO - [2024-02-14T09:27:01.328+0000] {dagbag.py:538} INFO - Filling up the DagBag from /home/codespace/.local/share/virtualenvs/airflow_sandbox-vp-HKq_L/lib/python3.10/site-packages/airflow/example_dags/example_latest_only.py
[2024-02-14T09:27:01.332+0000] {processor.py:840} INFO - DAG(s) 'latest_only' retrieved from /home/codespace/.local/share/virtualenvs/airflow_sandbox-vp-HKq_L/lib/python3.10/site-packages/airflow/example_dags/example_latest_only.py
[2024-02-14T09:27:01.343+0000] {logging_mixin.py:188} INFO - [2024-02-14T09:27:01.343+0000] {dag.py:3033} INFO - Sync 1 DAGs
[2024-02-14T09:27:01.359+0000] {logging_mixin.py:188} INFO - [2024-02-14T09:27:01.359+0000] {dag.py:3820} INFO - Setting next_dagrun for latest_only to 2024-02-14T04:00:00+00:00, run_after=2024-02-14T08:00:00+00:00
[2024-02-14T09:27:01.401+0000] {processor.py:183} INFO - Processing /home/codespace/.local/share/virtualenvs/airflow_sandbox-vp-HKq_L/lib/python3.10/site-packages/airflow/example_dags/example_latest_only.py took 0.076 seconds
[2024-02-14T09:27:56.983+0000] {processor.py:161} INFO - Started process (PID=15358) to work on /home/codespace/.local/share/virtualenvs/airflow_sandbox-vp-HKq_L/lib/python3.10/site-packages/airflow/example_dags/example_latest_only.py
[2024-02-14T09:27:56.984+0000] {processor.py:830} INFO - Processing file /home/codespace/.local/share/virtualenvs/airflow_sandbox-vp-HKq_L/lib/python3.10/site-packages/airflow/example_dags/example_latest_only.py for tasks to queue
[2024-02-14T09:27:56.985+0000] {logging_mixin.py:188} INFO - [2024-02-14T09:27:56.984+0000] {dagbag.py:538} INFO - Filling up the DagBag from /home/codespace/.local/share/virtualenvs/airflow_sandbox-vp-HKq_L/lib/python3.10/site-packages/airflow/example_dags/example_latest_only.py
[2024-02-14T09:27:56.989+0000] {processor.py:840} INFO - DAG(s) 'latest_only' retrieved from /home/codespace/.local/share/virtualenvs/airflow_sandbox-vp-HKq_L/lib/python3.10/site-packages/airflow/example_dags/example_latest_only.py
[2024-02-14T09:27:57.001+0000] {logging_mixin.py:188} INFO - [2024-02-14T09:27:57.000+0000] {dag.py:3033} INFO - Sync 1 DAGs
[2024-02-14T09:27:57.016+0000] {logging_mixin.py:188} INFO - [2024-02-14T09:27:57.015+0000] {dag.py:3820} INFO - Setting next_dagrun for latest_only to 2024-02-14T04:00:00+00:00, run_after=2024-02-14T08:00:00+00:00
[2024-02-14T09:27:57.066+0000] {processor.py:183} INFO - Processing /home/codespace/.local/share/virtualenvs/airflow_sandbox-vp-HKq_L/lib/python3.10/site-packages/airflow/example_dags/example_latest_only.py took 0.085 seconds
[2024-02-14T09:28:50.435+0000] {processor.py:161} INFO - Started process (PID=15858) to work on /home/codespace/.local/share/virtualenvs/airflow_sandbox-vp-HKq_L/lib/python3.10/site-packages/airflow/example_dags/example_latest_only.py
[2024-02-14T09:28:50.436+0000] {processor.py:830} INFO - Processing file /home/codespace/.local/share/virtualenvs/airflow_sandbox-vp-HKq_L/lib/python3.10/site-packages/airflow/example_dags/example_latest_only.py for tasks to queue
[2024-02-14T09:28:50.437+0000] {logging_mixin.py:188} INFO - [2024-02-14T09:28:50.437+0000] {dagbag.py:538} INFO - Filling up the DagBag from /home/codespace/.local/share/virtualenvs/airflow_sandbox-vp-HKq_L/lib/python3.10/site-packages/airflow/example_dags/example_latest_only.py
[2024-02-14T09:28:50.441+0000] {processor.py:840} INFO - DAG(s) 'latest_only' retrieved from /home/codespace/.local/share/virtualenvs/airflow_sandbox-vp-HKq_L/lib/python3.10/site-packages/airflow/example_dags/example_latest_only.py
[2024-02-14T09:28:50.452+0000] {logging_mixin.py:188} INFO - [2024-02-14T09:28:50.452+0000] {dag.py:3033} INFO - Sync 1 DAGs
[2024-02-14T09:28:50.467+0000] {logging_mixin.py:188} INFO - [2024-02-14T09:28:50.467+0000] {dag.py:3820} INFO - Setting next_dagrun for latest_only to 2024-02-14T04:00:00+00:00, run_after=2024-02-14T08:00:00+00:00
[2024-02-14T09:28:50.507+0000] {processor.py:183} INFO - Processing /home/codespace/.local/share/virtualenvs/airflow_sandbox-vp-HKq_L/lib/python3.10/site-packages/airflow/example_dags/example_latest_only.py took 0.074 seconds
[2024-02-14T09:29:43.054+0000] {processor.py:161} INFO - Started process (PID=16253) to work on /home/codespace/.local/share/virtualenvs/airflow_sandbox-vp-HKq_L/lib/python3.10/site-packages/airflow/example_dags/example_latest_only.py
[2024-02-14T09:29:43.055+0000] {processor.py:830} INFO - Processing file /home/codespace/.local/share/virtualenvs/airflow_sandbox-vp-HKq_L/lib/python3.10/site-packages/airflow/example_dags/example_latest_only.py for tasks to queue
[2024-02-14T09:29:43.056+0000] {logging_mixin.py:188} INFO - [2024-02-14T09:29:43.055+0000] {dagbag.py:538} INFO - Filling up the DagBag from /home/codespace/.local/share/virtualenvs/airflow_sandbox-vp-HKq_L/lib/python3.10/site-packages/airflow/example_dags/example_latest_only.py
[2024-02-14T09:29:43.060+0000] {processor.py:840} INFO - DAG(s) 'latest_only' retrieved from /home/codespace/.local/share/virtualenvs/airflow_sandbox-vp-HKq_L/lib/python3.10/site-packages/airflow/example_dags/example_latest_only.py
[2024-02-14T09:29:43.073+0000] {logging_mixin.py:188} INFO - [2024-02-14T09:29:43.073+0000] {dag.py:3033} INFO - Sync 1 DAGs
[2024-02-14T09:29:43.089+0000] {logging_mixin.py:188} INFO - [2024-02-14T09:29:43.088+0000] {dag.py:3820} INFO - Setting next_dagrun for latest_only to 2024-02-14T04:00:00+00:00, run_after=2024-02-14T08:00:00+00:00
[2024-02-14T09:29:43.133+0000] {processor.py:183} INFO - Processing /home/codespace/.local/share/virtualenvs/airflow_sandbox-vp-HKq_L/lib/python3.10/site-packages/airflow/example_dags/example_latest_only.py took 0.081 seconds
[2024-02-14T09:30:34.669+0000] {processor.py:161} INFO - Started process (PID=16609) to work on /home/codespace/.local/share/virtualenvs/airflow_sandbox-vp-HKq_L/lib/python3.10/site-packages/airflow/example_dags/example_latest_only.py
[2024-02-14T09:30:34.669+0000] {processor.py:830} INFO - Processing file /home/codespace/.local/share/virtualenvs/airflow_sandbox-vp-HKq_L/lib/python3.10/site-packages/airflow/example_dags/example_latest_only.py for tasks to queue
[2024-02-14T09:30:34.670+0000] {logging_mixin.py:188} INFO - [2024-02-14T09:30:34.670+0000] {dagbag.py:538} INFO - Filling up the DagBag from /home/codespace/.local/share/virtualenvs/airflow_sandbox-vp-HKq_L/lib/python3.10/site-packages/airflow/example_dags/example_latest_only.py
[2024-02-14T09:30:34.674+0000] {processor.py:840} INFO - DAG(s) 'latest_only' retrieved from /home/codespace/.local/share/virtualenvs/airflow_sandbox-vp-HKq_L/lib/python3.10/site-packages/airflow/example_dags/example_latest_only.py
[2024-02-14T09:30:34.686+0000] {logging_mixin.py:188} INFO - [2024-02-14T09:30:34.686+0000] {dag.py:3033} INFO - Sync 1 DAGs
[2024-02-14T09:30:34.704+0000] {logging_mixin.py:188} INFO - [2024-02-14T09:30:34.704+0000] {dag.py:3820} INFO - Setting next_dagrun for latest_only to 2024-02-14T04:00:00+00:00, run_after=2024-02-14T08:00:00+00:00
[2024-02-14T09:30:34.745+0000] {processor.py:183} INFO - Processing /home/codespace/.local/share/virtualenvs/airflow_sandbox-vp-HKq_L/lib/python3.10/site-packages/airflow/example_dags/example_latest_only.py took 0.078 seconds
[2024-02-14T09:31:27.591+0000] {processor.py:161} INFO - Started process (PID=16982) to work on /home/codespace/.local/share/virtualenvs/airflow_sandbox-vp-HKq_L/lib/python3.10/site-packages/airflow/example_dags/example_latest_only.py
[2024-02-14T09:31:27.592+0000] {processor.py:830} INFO - Processing file /home/codespace/.local/share/virtualenvs/airflow_sandbox-vp-HKq_L/lib/python3.10/site-packages/airflow/example_dags/example_latest_only.py for tasks to queue
[2024-02-14T09:31:27.592+0000] {logging_mixin.py:188} INFO - [2024-02-14T09:31:27.592+0000] {dagbag.py:538} INFO - Filling up the DagBag from /home/codespace/.local/share/virtualenvs/airflow_sandbox-vp-HKq_L/lib/python3.10/site-packages/airflow/example_dags/example_latest_only.py
[2024-02-14T09:31:27.596+0000] {processor.py:840} INFO - DAG(s) 'latest_only' retrieved from /home/codespace/.local/share/virtualenvs/airflow_sandbox-vp-HKq_L/lib/python3.10/site-packages/airflow/example_dags/example_latest_only.py
[2024-02-14T09:31:27.607+0000] {logging_mixin.py:188} INFO - [2024-02-14T09:31:27.607+0000] {dag.py:3033} INFO - Sync 1 DAGs
[2024-02-14T09:31:27.624+0000] {logging_mixin.py:188} INFO - [2024-02-14T09:31:27.624+0000] {dag.py:3820} INFO - Setting next_dagrun for latest_only to 2024-02-14T04:00:00+00:00, run_after=2024-02-14T08:00:00+00:00
[2024-02-14T09:31:27.672+0000] {processor.py:183} INFO - Processing /home/codespace/.local/share/virtualenvs/airflow_sandbox-vp-HKq_L/lib/python3.10/site-packages/airflow/example_dags/example_latest_only.py took 0.083 seconds
[2024-02-14T09:32:21.600+0000] {processor.py:161} INFO - Started process (PID=17372) to work on /home/codespace/.local/share/virtualenvs/airflow_sandbox-vp-HKq_L/lib/python3.10/site-packages/airflow/example_dags/example_latest_only.py
[2024-02-14T09:32:21.601+0000] {processor.py:830} INFO - Processing file /home/codespace/.local/share/virtualenvs/airflow_sandbox-vp-HKq_L/lib/python3.10/site-packages/airflow/example_dags/example_latest_only.py for tasks to queue
[2024-02-14T09:32:21.601+0000] {logging_mixin.py:188} INFO - [2024-02-14T09:32:21.601+0000] {dagbag.py:538} INFO - Filling up the DagBag from /home/codespace/.local/share/virtualenvs/airflow_sandbox-vp-HKq_L/lib/python3.10/site-packages/airflow/example_dags/example_latest_only.py
[2024-02-14T09:32:21.605+0000] {processor.py:840} INFO - DAG(s) 'latest_only' retrieved from /home/codespace/.local/share/virtualenvs/airflow_sandbox-vp-HKq_L/lib/python3.10/site-packages/airflow/example_dags/example_latest_only.py
[2024-02-14T09:32:21.617+0000] {logging_mixin.py:188} INFO - [2024-02-14T09:32:21.617+0000] {dag.py:3033} INFO - Sync 1 DAGs
[2024-02-14T09:32:21.632+0000] {logging_mixin.py:188} INFO - [2024-02-14T09:32:21.632+0000] {dag.py:3820} INFO - Setting next_dagrun for latest_only to 2024-02-14T04:00:00+00:00, run_after=2024-02-14T08:00:00+00:00
[2024-02-14T09:32:21.679+0000] {processor.py:183} INFO - Processing /home/codespace/.local/share/virtualenvs/airflow_sandbox-vp-HKq_L/lib/python3.10/site-packages/airflow/example_dags/example_latest_only.py took 0.082 seconds
[2024-02-14T09:33:13.230+0000] {processor.py:161} INFO - Started process (PID=17758) to work on /home/codespace/.local/share/virtualenvs/airflow_sandbox-vp-HKq_L/lib/python3.10/site-packages/airflow/example_dags/example_latest_only.py
[2024-02-14T09:33:13.230+0000] {processor.py:830} INFO - Processing file /home/codespace/.local/share/virtualenvs/airflow_sandbox-vp-HKq_L/lib/python3.10/site-packages/airflow/example_dags/example_latest_only.py for tasks to queue
[2024-02-14T09:33:13.231+0000] {logging_mixin.py:188} INFO - [2024-02-14T09:33:13.231+0000] {dagbag.py:538} INFO - Filling up the DagBag from /home/codespace/.local/share/virtualenvs/airflow_sandbox-vp-HKq_L/lib/python3.10/site-packages/airflow/example_dags/example_latest_only.py
[2024-02-14T09:33:13.235+0000] {processor.py:840} INFO - DAG(s) 'latest_only' retrieved from /home/codespace/.local/share/virtualenvs/airflow_sandbox-vp-HKq_L/lib/python3.10/site-packages/airflow/example_dags/example_latest_only.py
[2024-02-14T09:33:13.247+0000] {logging_mixin.py:188} INFO - [2024-02-14T09:33:13.247+0000] {dag.py:3033} INFO - Sync 1 DAGs
[2024-02-14T09:33:13.262+0000] {logging_mixin.py:188} INFO - [2024-02-14T09:33:13.262+0000] {dag.py:3820} INFO - Setting next_dagrun for latest_only to 2024-02-14T04:00:00+00:00, run_after=2024-02-14T08:00:00+00:00
[2024-02-14T09:33:13.305+0000] {processor.py:183} INFO - Processing /home/codespace/.local/share/virtualenvs/airflow_sandbox-vp-HKq_L/lib/python3.10/site-packages/airflow/example_dags/example_latest_only.py took 0.078 seconds
[2024-02-14T09:34:06.374+0000] {processor.py:161} INFO - Started process (PID=18140) to work on /home/codespace/.local/share/virtualenvs/airflow_sandbox-vp-HKq_L/lib/python3.10/site-packages/airflow/example_dags/example_latest_only.py
[2024-02-14T09:34:06.376+0000] {processor.py:830} INFO - Processing file /home/codespace/.local/share/virtualenvs/airflow_sandbox-vp-HKq_L/lib/python3.10/site-packages/airflow/example_dags/example_latest_only.py for tasks to queue
[2024-02-14T09:34:06.377+0000] {logging_mixin.py:188} INFO - [2024-02-14T09:34:06.377+0000] {dagbag.py:538} INFO - Filling up the DagBag from /home/codespace/.local/share/virtualenvs/airflow_sandbox-vp-HKq_L/lib/python3.10/site-packages/airflow/example_dags/example_latest_only.py
[2024-02-14T09:34:06.382+0000] {processor.py:840} INFO - DAG(s) 'latest_only' retrieved from /home/codespace/.local/share/virtualenvs/airflow_sandbox-vp-HKq_L/lib/python3.10/site-packages/airflow/example_dags/example_latest_only.py
[2024-02-14T09:34:06.394+0000] {logging_mixin.py:188} INFO - [2024-02-14T09:34:06.394+0000] {dag.py:3033} INFO - Sync 1 DAGs
[2024-02-14T09:34:06.409+0000] {logging_mixin.py:188} INFO - [2024-02-14T09:34:06.409+0000] {dag.py:3820} INFO - Setting next_dagrun for latest_only to 2024-02-14T04:00:00+00:00, run_after=2024-02-14T08:00:00+00:00
[2024-02-14T09:34:06.451+0000] {processor.py:183} INFO - Processing /home/codespace/.local/share/virtualenvs/airflow_sandbox-vp-HKq_L/lib/python3.10/site-packages/airflow/example_dags/example_latest_only.py took 0.080 seconds
