[2024-02-14T09:07:41.390+0000] {processor.py:161} INFO - Started process (PID=4501) to work on /home/codespace/.local/share/virtualenvs/airflow_sandbox-vp-HKq_L/lib/python3.10/site-packages/airflow/example_dags/example_task_group_decorator.py
[2024-02-14T09:07:41.391+0000] {processor.py:830} INFO - Processing file /home/codespace/.local/share/virtualenvs/airflow_sandbox-vp-HKq_L/lib/python3.10/site-packages/airflow/example_dags/example_task_group_decorator.py for tasks to queue
[2024-02-14T09:07:41.392+0000] {logging_mixin.py:188} INFO - [2024-02-14T09:07:41.392+0000] {dagbag.py:538} INFO - Filling up the DagBag from /home/codespace/.local/share/virtualenvs/airflow_sandbox-vp-HKq_L/lib/python3.10/site-packages/airflow/example_dags/example_task_group_decorator.py
[2024-02-14T09:07:41.422+0000] {processor.py:840} INFO - DAG(s) 'example_task_group_decorator' retrieved from /home/codespace/.local/share/virtualenvs/airflow_sandbox-vp-HKq_L/lib/python3.10/site-packages/airflow/example_dags/example_task_group_decorator.py
[2024-02-14T09:07:41.455+0000] {logging_mixin.py:188} INFO - [2024-02-14T09:07:41.455+0000] {dag.py:3033} INFO - Sync 1 DAGs
[2024-02-14T09:07:41.646+0000] {logging_mixin.py:188} INFO - [2024-02-14T09:07:41.646+0000] {dag.py:3820} INFO - Setting next_dagrun for example_task_group_decorator to 2024-02-13T00:00:00+00:00, run_after=2024-02-14T00:00:00+00:00
[2024-02-14T09:07:41.712+0000] {processor.py:183} INFO - Processing /home/codespace/.local/share/virtualenvs/airflow_sandbox-vp-HKq_L/lib/python3.10/site-packages/airflow/example_dags/example_task_group_decorator.py took 0.325 seconds
[2024-02-14T09:08:31.554+0000] {processor.py:161} INFO - Started process (PID=5106) to work on /home/codespace/.local/share/virtualenvs/airflow_sandbox-vp-HKq_L/lib/python3.10/site-packages/airflow/example_dags/example_task_group_decorator.py
[2024-02-14T09:08:31.555+0000] {processor.py:830} INFO - Processing file /home/codespace/.local/share/virtualenvs/airflow_sandbox-vp-HKq_L/lib/python3.10/site-packages/airflow/example_dags/example_task_group_decorator.py for tasks to queue
[2024-02-14T09:08:31.556+0000] {logging_mixin.py:188} INFO - [2024-02-14T09:08:31.556+0000] {dagbag.py:538} INFO - Filling up the DagBag from /home/codespace/.local/share/virtualenvs/airflow_sandbox-vp-HKq_L/lib/python3.10/site-packages/airflow/example_dags/example_task_group_decorator.py
[2024-02-14T09:08:31.569+0000] {processor.py:840} INFO - DAG(s) 'example_task_group_decorator' retrieved from /home/codespace/.local/share/virtualenvs/airflow_sandbox-vp-HKq_L/lib/python3.10/site-packages/airflow/example_dags/example_task_group_decorator.py
[2024-02-14T09:08:31.585+0000] {logging_mixin.py:188} INFO - [2024-02-14T09:08:31.584+0000] {dag.py:3033} INFO - Sync 1 DAGs
[2024-02-14T09:08:31.599+0000] {logging_mixin.py:188} INFO - [2024-02-14T09:08:31.599+0000] {dag.py:3820} INFO - Setting next_dagrun for example_task_group_decorator to 2024-02-13T00:00:00+00:00, run_after=2024-02-14T00:00:00+00:00
[2024-02-14T09:08:31.639+0000] {processor.py:183} INFO - Processing /home/codespace/.local/share/virtualenvs/airflow_sandbox-vp-HKq_L/lib/python3.10/site-packages/airflow/example_dags/example_task_group_decorator.py took 0.087 seconds
[2024-02-14T09:09:19.204+0000] {processor.py:161} INFO - Started process (PID=5839) to work on /home/codespace/.local/share/virtualenvs/airflow_sandbox-vp-HKq_L/lib/python3.10/site-packages/airflow/example_dags/example_task_group_decorator.py
[2024-02-14T09:09:19.205+0000] {processor.py:830} INFO - Processing file /home/codespace/.local/share/virtualenvs/airflow_sandbox-vp-HKq_L/lib/python3.10/site-packages/airflow/example_dags/example_task_group_decorator.py for tasks to queue
[2024-02-14T09:09:19.206+0000] {logging_mixin.py:188} INFO - [2024-02-14T09:09:19.206+0000] {dagbag.py:538} INFO - Filling up the DagBag from /home/codespace/.local/share/virtualenvs/airflow_sandbox-vp-HKq_L/lib/python3.10/site-packages/airflow/example_dags/example_task_group_decorator.py
[2024-02-14T09:09:19.218+0000] {processor.py:840} INFO - DAG(s) 'example_task_group_decorator' retrieved from /home/codespace/.local/share/virtualenvs/airflow_sandbox-vp-HKq_L/lib/python3.10/site-packages/airflow/example_dags/example_task_group_decorator.py
[2024-02-14T09:09:19.234+0000] {logging_mixin.py:188} INFO - [2024-02-14T09:09:19.234+0000] {dag.py:3033} INFO - Sync 1 DAGs
[2024-02-14T09:09:19.251+0000] {logging_mixin.py:188} INFO - [2024-02-14T09:09:19.251+0000] {dag.py:3820} INFO - Setting next_dagrun for example_task_group_decorator to 2024-02-13T00:00:00+00:00, run_after=2024-02-14T00:00:00+00:00
[2024-02-14T09:09:19.293+0000] {processor.py:183} INFO - Processing /home/codespace/.local/share/virtualenvs/airflow_sandbox-vp-HKq_L/lib/python3.10/site-packages/airflow/example_dags/example_task_group_decorator.py took 0.090 seconds
[2024-02-14T09:10:03.707+0000] {processor.py:161} INFO - Started process (PID=6431) to work on /home/codespace/.local/share/virtualenvs/airflow_sandbox-vp-HKq_L/lib/python3.10/site-packages/airflow/example_dags/example_task_group_decorator.py
[2024-02-14T09:10:03.708+0000] {processor.py:830} INFO - Processing file /home/codespace/.local/share/virtualenvs/airflow_sandbox-vp-HKq_L/lib/python3.10/site-packages/airflow/example_dags/example_task_group_decorator.py for tasks to queue
[2024-02-14T09:10:03.709+0000] {logging_mixin.py:188} INFO - [2024-02-14T09:10:03.708+0000] {dagbag.py:538} INFO - Filling up the DagBag from /home/codespace/.local/share/virtualenvs/airflow_sandbox-vp-HKq_L/lib/python3.10/site-packages/airflow/example_dags/example_task_group_decorator.py
[2024-02-14T09:10:03.721+0000] {processor.py:840} INFO - DAG(s) 'example_task_group_decorator' retrieved from /home/codespace/.local/share/virtualenvs/airflow_sandbox-vp-HKq_L/lib/python3.10/site-packages/airflow/example_dags/example_task_group_decorator.py
[2024-02-14T09:10:03.737+0000] {logging_mixin.py:188} INFO - [2024-02-14T09:10:03.737+0000] {dag.py:3033} INFO - Sync 1 DAGs
[2024-02-14T09:10:03.753+0000] {logging_mixin.py:188} INFO - [2024-02-14T09:10:03.753+0000] {dag.py:3820} INFO - Setting next_dagrun for example_task_group_decorator to 2024-02-13T00:00:00+00:00, run_after=2024-02-14T00:00:00+00:00
[2024-02-14T09:10:03.798+0000] {processor.py:183} INFO - Processing /home/codespace/.local/share/virtualenvs/airflow_sandbox-vp-HKq_L/lib/python3.10/site-packages/airflow/example_dags/example_task_group_decorator.py took 0.093 seconds
[2024-02-14T09:10:52.145+0000] {processor.py:161} INFO - Started process (PID=6946) to work on /home/codespace/.local/share/virtualenvs/airflow_sandbox-vp-HKq_L/lib/python3.10/site-packages/airflow/example_dags/example_task_group_decorator.py
[2024-02-14T09:10:52.145+0000] {processor.py:830} INFO - Processing file /home/codespace/.local/share/virtualenvs/airflow_sandbox-vp-HKq_L/lib/python3.10/site-packages/airflow/example_dags/example_task_group_decorator.py for tasks to queue
[2024-02-14T09:10:52.146+0000] {logging_mixin.py:188} INFO - [2024-02-14T09:10:52.146+0000] {dagbag.py:538} INFO - Filling up the DagBag from /home/codespace/.local/share/virtualenvs/airflow_sandbox-vp-HKq_L/lib/python3.10/site-packages/airflow/example_dags/example_task_group_decorator.py
[2024-02-14T09:10:52.158+0000] {processor.py:840} INFO - DAG(s) 'example_task_group_decorator' retrieved from /home/codespace/.local/share/virtualenvs/airflow_sandbox-vp-HKq_L/lib/python3.10/site-packages/airflow/example_dags/example_task_group_decorator.py
[2024-02-14T09:10:52.173+0000] {logging_mixin.py:188} INFO - [2024-02-14T09:10:52.173+0000] {dag.py:3033} INFO - Sync 1 DAGs
[2024-02-14T09:10:52.189+0000] {logging_mixin.py:188} INFO - [2024-02-14T09:10:52.189+0000] {dag.py:3820} INFO - Setting next_dagrun for example_task_group_decorator to 2024-02-13T00:00:00+00:00, run_after=2024-02-14T00:00:00+00:00
[2024-02-14T09:10:52.231+0000] {processor.py:183} INFO - Processing /home/codespace/.local/share/virtualenvs/airflow_sandbox-vp-HKq_L/lib/python3.10/site-packages/airflow/example_dags/example_task_group_decorator.py took 0.088 seconds
[2024-02-14T09:11:29.790+0000] {processor.py:161} INFO - Started process (PID=7467) to work on /home/codespace/.local/share/virtualenvs/airflow_sandbox-vp-HKq_L/lib/python3.10/site-packages/airflow/example_dags/example_task_group_decorator.py
[2024-02-14T09:11:29.791+0000] {processor.py:830} INFO - Processing file /home/codespace/.local/share/virtualenvs/airflow_sandbox-vp-HKq_L/lib/python3.10/site-packages/airflow/example_dags/example_task_group_decorator.py for tasks to queue
[2024-02-14T09:11:29.792+0000] {logging_mixin.py:188} INFO - [2024-02-14T09:11:29.791+0000] {dagbag.py:538} INFO - Filling up the DagBag from /home/codespace/.local/share/virtualenvs/airflow_sandbox-vp-HKq_L/lib/python3.10/site-packages/airflow/example_dags/example_task_group_decorator.py
[2024-02-14T09:11:29.804+0000] {processor.py:840} INFO - DAG(s) 'example_task_group_decorator' retrieved from /home/codespace/.local/share/virtualenvs/airflow_sandbox-vp-HKq_L/lib/python3.10/site-packages/airflow/example_dags/example_task_group_decorator.py
[2024-02-14T09:11:29.820+0000] {logging_mixin.py:188} INFO - [2024-02-14T09:11:29.820+0000] {dag.py:3033} INFO - Sync 1 DAGs
[2024-02-14T09:11:29.835+0000] {logging_mixin.py:188} INFO - [2024-02-14T09:11:29.834+0000] {dag.py:3820} INFO - Setting next_dagrun for example_task_group_decorator to 2024-02-13T00:00:00+00:00, run_after=2024-02-14T00:00:00+00:00
[2024-02-14T09:11:29.887+0000] {processor.py:183} INFO - Processing /home/codespace/.local/share/virtualenvs/airflow_sandbox-vp-HKq_L/lib/python3.10/site-packages/airflow/example_dags/example_task_group_decorator.py took 0.099 seconds
[2024-02-14T09:12:06.530+0000] {processor.py:161} INFO - Started process (PID=7926) to work on /home/codespace/.local/share/virtualenvs/airflow_sandbox-vp-HKq_L/lib/python3.10/site-packages/airflow/example_dags/example_task_group_decorator.py
[2024-02-14T09:12:06.531+0000] {processor.py:830} INFO - Processing file /home/codespace/.local/share/virtualenvs/airflow_sandbox-vp-HKq_L/lib/python3.10/site-packages/airflow/example_dags/example_task_group_decorator.py for tasks to queue
[2024-02-14T09:12:06.531+0000] {logging_mixin.py:188} INFO - [2024-02-14T09:12:06.531+0000] {dagbag.py:538} INFO - Filling up the DagBag from /home/codespace/.local/share/virtualenvs/airflow_sandbox-vp-HKq_L/lib/python3.10/site-packages/airflow/example_dags/example_task_group_decorator.py
[2024-02-14T09:12:06.543+0000] {processor.py:840} INFO - DAG(s) 'example_task_group_decorator' retrieved from /home/codespace/.local/share/virtualenvs/airflow_sandbox-vp-HKq_L/lib/python3.10/site-packages/airflow/example_dags/example_task_group_decorator.py
[2024-02-14T09:12:06.565+0000] {logging_mixin.py:188} INFO - [2024-02-14T09:12:06.565+0000] {dag.py:3033} INFO - Sync 1 DAGs
[2024-02-14T09:12:06.580+0000] {logging_mixin.py:188} INFO - [2024-02-14T09:12:06.580+0000] {dag.py:3820} INFO - Setting next_dagrun for example_task_group_decorator to 2024-02-13T00:00:00+00:00, run_after=2024-02-14T00:00:00+00:00
[2024-02-14T09:12:06.650+0000] {processor.py:183} INFO - Processing /home/codespace/.local/share/virtualenvs/airflow_sandbox-vp-HKq_L/lib/python3.10/site-packages/airflow/example_dags/example_task_group_decorator.py took 0.123 seconds
[2024-02-14T09:12:44.080+0000] {processor.py:161} INFO - Started process (PID=8255) to work on /home/codespace/.local/share/virtualenvs/airflow_sandbox-vp-HKq_L/lib/python3.10/site-packages/airflow/example_dags/example_task_group_decorator.py
[2024-02-14T09:12:44.080+0000] {processor.py:830} INFO - Processing file /home/codespace/.local/share/virtualenvs/airflow_sandbox-vp-HKq_L/lib/python3.10/site-packages/airflow/example_dags/example_task_group_decorator.py for tasks to queue
[2024-02-14T09:12:44.081+0000] {logging_mixin.py:188} INFO - [2024-02-14T09:12:44.081+0000] {dagbag.py:538} INFO - Filling up the DagBag from /home/codespace/.local/share/virtualenvs/airflow_sandbox-vp-HKq_L/lib/python3.10/site-packages/airflow/example_dags/example_task_group_decorator.py
[2024-02-14T09:12:44.094+0000] {processor.py:840} INFO - DAG(s) 'example_task_group_decorator' retrieved from /home/codespace/.local/share/virtualenvs/airflow_sandbox-vp-HKq_L/lib/python3.10/site-packages/airflow/example_dags/example_task_group_decorator.py
[2024-02-14T09:12:44.109+0000] {logging_mixin.py:188} INFO - [2024-02-14T09:12:44.109+0000] {dag.py:3033} INFO - Sync 1 DAGs
[2024-02-14T09:12:44.125+0000] {logging_mixin.py:188} INFO - [2024-02-14T09:12:44.125+0000] {dag.py:3820} INFO - Setting next_dagrun for example_task_group_decorator to 2024-02-13T00:00:00+00:00, run_after=2024-02-14T00:00:00+00:00
[2024-02-14T09:12:44.168+0000] {processor.py:183} INFO - Processing /home/codespace/.local/share/virtualenvs/airflow_sandbox-vp-HKq_L/lib/python3.10/site-packages/airflow/example_dags/example_task_group_decorator.py took 0.091 seconds
[2024-02-14T09:13:22.089+0000] {processor.py:161} INFO - Started process (PID=8554) to work on /home/codespace/.local/share/virtualenvs/airflow_sandbox-vp-HKq_L/lib/python3.10/site-packages/airflow/example_dags/example_task_group_decorator.py
[2024-02-14T09:13:22.090+0000] {processor.py:830} INFO - Processing file /home/codespace/.local/share/virtualenvs/airflow_sandbox-vp-HKq_L/lib/python3.10/site-packages/airflow/example_dags/example_task_group_decorator.py for tasks to queue
[2024-02-14T09:13:22.091+0000] {logging_mixin.py:188} INFO - [2024-02-14T09:13:22.091+0000] {dagbag.py:538} INFO - Filling up the DagBag from /home/codespace/.local/share/virtualenvs/airflow_sandbox-vp-HKq_L/lib/python3.10/site-packages/airflow/example_dags/example_task_group_decorator.py
[2024-02-14T09:13:22.103+0000] {processor.py:840} INFO - DAG(s) 'example_task_group_decorator' retrieved from /home/codespace/.local/share/virtualenvs/airflow_sandbox-vp-HKq_L/lib/python3.10/site-packages/airflow/example_dags/example_task_group_decorator.py
[2024-02-14T09:13:22.121+0000] {logging_mixin.py:188} INFO - [2024-02-14T09:13:22.121+0000] {dag.py:3033} INFO - Sync 1 DAGs
[2024-02-14T09:13:22.136+0000] {logging_mixin.py:188} INFO - [2024-02-14T09:13:22.136+0000] {dag.py:3820} INFO - Setting next_dagrun for example_task_group_decorator to 2024-02-13T00:00:00+00:00, run_after=2024-02-14T00:00:00+00:00
[2024-02-14T09:13:22.183+0000] {processor.py:183} INFO - Processing /home/codespace/.local/share/virtualenvs/airflow_sandbox-vp-HKq_L/lib/python3.10/site-packages/airflow/example_dags/example_task_group_decorator.py took 0.096 seconds
[2024-02-14T09:13:56.435+0000] {processor.py:161} INFO - Started process (PID=8859) to work on /home/codespace/.local/share/virtualenvs/airflow_sandbox-vp-HKq_L/lib/python3.10/site-packages/airflow/example_dags/example_task_group_decorator.py
[2024-02-14T09:13:56.436+0000] {processor.py:830} INFO - Processing file /home/codespace/.local/share/virtualenvs/airflow_sandbox-vp-HKq_L/lib/python3.10/site-packages/airflow/example_dags/example_task_group_decorator.py for tasks to queue
[2024-02-14T09:13:56.437+0000] {logging_mixin.py:188} INFO - [2024-02-14T09:13:56.437+0000] {dagbag.py:538} INFO - Filling up the DagBag from /home/codespace/.local/share/virtualenvs/airflow_sandbox-vp-HKq_L/lib/python3.10/site-packages/airflow/example_dags/example_task_group_decorator.py
[2024-02-14T09:13:56.450+0000] {processor.py:840} INFO - DAG(s) 'example_task_group_decorator' retrieved from /home/codespace/.local/share/virtualenvs/airflow_sandbox-vp-HKq_L/lib/python3.10/site-packages/airflow/example_dags/example_task_group_decorator.py
[2024-02-14T09:13:56.467+0000] {logging_mixin.py:188} INFO - [2024-02-14T09:13:56.466+0000] {dag.py:3033} INFO - Sync 1 DAGs
[2024-02-14T09:13:56.483+0000] {logging_mixin.py:188} INFO - [2024-02-14T09:13:56.483+0000] {dag.py:3820} INFO - Setting next_dagrun for example_task_group_decorator to 2024-02-13T00:00:00+00:00, run_after=2024-02-14T00:00:00+00:00
[2024-02-14T09:13:56.525+0000] {processor.py:183} INFO - Processing /home/codespace/.local/share/virtualenvs/airflow_sandbox-vp-HKq_L/lib/python3.10/site-packages/airflow/example_dags/example_task_group_decorator.py took 0.092 seconds
[2024-02-14T09:14:31.802+0000] {processor.py:161} INFO - Started process (PID=9118) to work on /home/codespace/.local/share/virtualenvs/airflow_sandbox-vp-HKq_L/lib/python3.10/site-packages/airflow/example_dags/example_task_group_decorator.py
[2024-02-14T09:14:31.803+0000] {processor.py:830} INFO - Processing file /home/codespace/.local/share/virtualenvs/airflow_sandbox-vp-HKq_L/lib/python3.10/site-packages/airflow/example_dags/example_task_group_decorator.py for tasks to queue
[2024-02-14T09:14:31.803+0000] {logging_mixin.py:188} INFO - [2024-02-14T09:14:31.803+0000] {dagbag.py:538} INFO - Filling up the DagBag from /home/codespace/.local/share/virtualenvs/airflow_sandbox-vp-HKq_L/lib/python3.10/site-packages/airflow/example_dags/example_task_group_decorator.py
[2024-02-14T09:14:31.816+0000] {processor.py:840} INFO - DAG(s) 'example_task_group_decorator' retrieved from /home/codespace/.local/share/virtualenvs/airflow_sandbox-vp-HKq_L/lib/python3.10/site-packages/airflow/example_dags/example_task_group_decorator.py
[2024-02-14T09:14:31.832+0000] {logging_mixin.py:188} INFO - [2024-02-14T09:14:31.832+0000] {dag.py:3033} INFO - Sync 1 DAGs
[2024-02-14T09:14:31.848+0000] {logging_mixin.py:188} INFO - [2024-02-14T09:14:31.848+0000] {dag.py:3820} INFO - Setting next_dagrun for example_task_group_decorator to 2024-02-13T00:00:00+00:00, run_after=2024-02-14T00:00:00+00:00
[2024-02-14T09:14:31.890+0000] {processor.py:183} INFO - Processing /home/codespace/.local/share/virtualenvs/airflow_sandbox-vp-HKq_L/lib/python3.10/site-packages/airflow/example_dags/example_task_group_decorator.py took 0.090 seconds
[2024-02-14T09:15:25.431+0000] {processor.py:161} INFO - Started process (PID=9489) to work on /home/codespace/.local/share/virtualenvs/airflow_sandbox-vp-HKq_L/lib/python3.10/site-packages/airflow/example_dags/example_task_group_decorator.py
[2024-02-14T09:15:25.431+0000] {processor.py:830} INFO - Processing file /home/codespace/.local/share/virtualenvs/airflow_sandbox-vp-HKq_L/lib/python3.10/site-packages/airflow/example_dags/example_task_group_decorator.py for tasks to queue
[2024-02-14T09:15:25.432+0000] {logging_mixin.py:188} INFO - [2024-02-14T09:15:25.432+0000] {dagbag.py:538} INFO - Filling up the DagBag from /home/codespace/.local/share/virtualenvs/airflow_sandbox-vp-HKq_L/lib/python3.10/site-packages/airflow/example_dags/example_task_group_decorator.py
[2024-02-14T09:15:25.450+0000] {processor.py:840} INFO - DAG(s) 'example_task_group_decorator' retrieved from /home/codespace/.local/share/virtualenvs/airflow_sandbox-vp-HKq_L/lib/python3.10/site-packages/airflow/example_dags/example_task_group_decorator.py
[2024-02-14T09:15:25.477+0000] {logging_mixin.py:188} INFO - [2024-02-14T09:15:25.477+0000] {dag.py:3033} INFO - Sync 1 DAGs
[2024-02-14T09:15:25.504+0000] {logging_mixin.py:188} INFO - [2024-02-14T09:15:25.504+0000] {dag.py:3820} INFO - Setting next_dagrun for example_task_group_decorator to 2024-02-13T00:00:00+00:00, run_after=2024-02-14T00:00:00+00:00
[2024-02-14T09:15:25.547+0000] {processor.py:183} INFO - Processing /home/codespace/.local/share/virtualenvs/airflow_sandbox-vp-HKq_L/lib/python3.10/site-packages/airflow/example_dags/example_task_group_decorator.py took 0.119 seconds
[2024-02-14T09:16:16.132+0000] {processor.py:161} INFO - Started process (PID=9841) to work on /home/codespace/.local/share/virtualenvs/airflow_sandbox-vp-HKq_L/lib/python3.10/site-packages/airflow/example_dags/example_task_group_decorator.py
[2024-02-14T09:16:16.133+0000] {processor.py:830} INFO - Processing file /home/codespace/.local/share/virtualenvs/airflow_sandbox-vp-HKq_L/lib/python3.10/site-packages/airflow/example_dags/example_task_group_decorator.py for tasks to queue
[2024-02-14T09:16:16.134+0000] {logging_mixin.py:188} INFO - [2024-02-14T09:16:16.133+0000] {dagbag.py:538} INFO - Filling up the DagBag from /home/codespace/.local/share/virtualenvs/airflow_sandbox-vp-HKq_L/lib/python3.10/site-packages/airflow/example_dags/example_task_group_decorator.py
[2024-02-14T09:16:16.146+0000] {processor.py:840} INFO - DAG(s) 'example_task_group_decorator' retrieved from /home/codespace/.local/share/virtualenvs/airflow_sandbox-vp-HKq_L/lib/python3.10/site-packages/airflow/example_dags/example_task_group_decorator.py
[2024-02-14T09:16:16.162+0000] {logging_mixin.py:188} INFO - [2024-02-14T09:16:16.161+0000] {dag.py:3033} INFO - Sync 1 DAGs
[2024-02-14T09:16:16.179+0000] {logging_mixin.py:188} INFO - [2024-02-14T09:16:16.179+0000] {dag.py:3820} INFO - Setting next_dagrun for example_task_group_decorator to 2024-02-13T00:00:00+00:00, run_after=2024-02-14T00:00:00+00:00
[2024-02-14T09:16:16.221+0000] {processor.py:183} INFO - Processing /home/codespace/.local/share/virtualenvs/airflow_sandbox-vp-HKq_L/lib/python3.10/site-packages/airflow/example_dags/example_task_group_decorator.py took 0.091 seconds
[2024-02-14T09:16:53.036+0000] {processor.py:161} INFO - Started process (PID=10116) to work on /home/codespace/.local/share/virtualenvs/airflow_sandbox-vp-HKq_L/lib/python3.10/site-packages/airflow/example_dags/example_task_group_decorator.py
[2024-02-14T09:16:53.037+0000] {processor.py:830} INFO - Processing file /home/codespace/.local/share/virtualenvs/airflow_sandbox-vp-HKq_L/lib/python3.10/site-packages/airflow/example_dags/example_task_group_decorator.py for tasks to queue
[2024-02-14T09:16:53.038+0000] {logging_mixin.py:188} INFO - [2024-02-14T09:16:53.037+0000] {dagbag.py:538} INFO - Filling up the DagBag from /home/codespace/.local/share/virtualenvs/airflow_sandbox-vp-HKq_L/lib/python3.10/site-packages/airflow/example_dags/example_task_group_decorator.py
[2024-02-14T09:16:53.050+0000] {processor.py:840} INFO - DAG(s) 'example_task_group_decorator' retrieved from /home/codespace/.local/share/virtualenvs/airflow_sandbox-vp-HKq_L/lib/python3.10/site-packages/airflow/example_dags/example_task_group_decorator.py
[2024-02-14T09:16:53.065+0000] {logging_mixin.py:188} INFO - [2024-02-14T09:16:53.065+0000] {dag.py:3033} INFO - Sync 1 DAGs
[2024-02-14T09:16:53.079+0000] {logging_mixin.py:188} INFO - [2024-02-14T09:16:53.079+0000] {dag.py:3820} INFO - Setting next_dagrun for example_task_group_decorator to 2024-02-13T00:00:00+00:00, run_after=2024-02-14T00:00:00+00:00
[2024-02-14T09:16:53.129+0000] {processor.py:183} INFO - Processing /home/codespace/.local/share/virtualenvs/airflow_sandbox-vp-HKq_L/lib/python3.10/site-packages/airflow/example_dags/example_task_group_decorator.py took 0.094 seconds
[2024-02-14T09:17:29.544+0000] {processor.py:161} INFO - Started process (PID=10362) to work on /home/codespace/.local/share/virtualenvs/airflow_sandbox-vp-HKq_L/lib/python3.10/site-packages/airflow/example_dags/example_task_group_decorator.py
[2024-02-14T09:17:29.545+0000] {processor.py:830} INFO - Processing file /home/codespace/.local/share/virtualenvs/airflow_sandbox-vp-HKq_L/lib/python3.10/site-packages/airflow/example_dags/example_task_group_decorator.py for tasks to queue
[2024-02-14T09:17:29.546+0000] {logging_mixin.py:188} INFO - [2024-02-14T09:17:29.545+0000] {dagbag.py:538} INFO - Filling up the DagBag from /home/codespace/.local/share/virtualenvs/airflow_sandbox-vp-HKq_L/lib/python3.10/site-packages/airflow/example_dags/example_task_group_decorator.py
[2024-02-14T09:17:29.558+0000] {processor.py:840} INFO - DAG(s) 'example_task_group_decorator' retrieved from /home/codespace/.local/share/virtualenvs/airflow_sandbox-vp-HKq_L/lib/python3.10/site-packages/airflow/example_dags/example_task_group_decorator.py
[2024-02-14T09:17:29.574+0000] {logging_mixin.py:188} INFO - [2024-02-14T09:17:29.574+0000] {dag.py:3033} INFO - Sync 1 DAGs
[2024-02-14T09:17:29.590+0000] {logging_mixin.py:188} INFO - [2024-02-14T09:17:29.590+0000] {dag.py:3820} INFO - Setting next_dagrun for example_task_group_decorator to 2024-02-13T00:00:00+00:00, run_after=2024-02-14T00:00:00+00:00
[2024-02-14T09:17:29.631+0000] {processor.py:183} INFO - Processing /home/codespace/.local/share/virtualenvs/airflow_sandbox-vp-HKq_L/lib/python3.10/site-packages/airflow/example_dags/example_task_group_decorator.py took 0.089 seconds
[2024-02-14T09:18:20.298+0000] {processor.py:161} INFO - Started process (PID=10767) to work on /home/codespace/.local/share/virtualenvs/airflow_sandbox-vp-HKq_L/lib/python3.10/site-packages/airflow/example_dags/example_task_group_decorator.py
[2024-02-14T09:18:20.299+0000] {processor.py:830} INFO - Processing file /home/codespace/.local/share/virtualenvs/airflow_sandbox-vp-HKq_L/lib/python3.10/site-packages/airflow/example_dags/example_task_group_decorator.py for tasks to queue
[2024-02-14T09:18:20.300+0000] {logging_mixin.py:188} INFO - [2024-02-14T09:18:20.299+0000] {dagbag.py:538} INFO - Filling up the DagBag from /home/codespace/.local/share/virtualenvs/airflow_sandbox-vp-HKq_L/lib/python3.10/site-packages/airflow/example_dags/example_task_group_decorator.py
[2024-02-14T09:18:20.312+0000] {processor.py:840} INFO - DAG(s) 'example_task_group_decorator' retrieved from /home/codespace/.local/share/virtualenvs/airflow_sandbox-vp-HKq_L/lib/python3.10/site-packages/airflow/example_dags/example_task_group_decorator.py
[2024-02-14T09:18:20.329+0000] {logging_mixin.py:188} INFO - [2024-02-14T09:18:20.329+0000] {dag.py:3033} INFO - Sync 1 DAGs
[2024-02-14T09:18:20.345+0000] {logging_mixin.py:188} INFO - [2024-02-14T09:18:20.345+0000] {dag.py:3820} INFO - Setting next_dagrun for example_task_group_decorator to 2024-02-13T00:00:00+00:00, run_after=2024-02-14T00:00:00+00:00
[2024-02-14T09:18:20.387+0000] {processor.py:183} INFO - Processing /home/codespace/.local/share/virtualenvs/airflow_sandbox-vp-HKq_L/lib/python3.10/site-packages/airflow/example_dags/example_task_group_decorator.py took 0.091 seconds
[2024-02-14T09:19:11.043+0000] {processor.py:161} INFO - Started process (PID=11124) to work on /home/codespace/.local/share/virtualenvs/airflow_sandbox-vp-HKq_L/lib/python3.10/site-packages/airflow/example_dags/example_task_group_decorator.py
[2024-02-14T09:19:11.043+0000] {processor.py:830} INFO - Processing file /home/codespace/.local/share/virtualenvs/airflow_sandbox-vp-HKq_L/lib/python3.10/site-packages/airflow/example_dags/example_task_group_decorator.py for tasks to queue
[2024-02-14T09:19:11.044+0000] {logging_mixin.py:188} INFO - [2024-02-14T09:19:11.044+0000] {dagbag.py:538} INFO - Filling up the DagBag from /home/codespace/.local/share/virtualenvs/airflow_sandbox-vp-HKq_L/lib/python3.10/site-packages/airflow/example_dags/example_task_group_decorator.py
[2024-02-14T09:19:11.056+0000] {processor.py:840} INFO - DAG(s) 'example_task_group_decorator' retrieved from /home/codespace/.local/share/virtualenvs/airflow_sandbox-vp-HKq_L/lib/python3.10/site-packages/airflow/example_dags/example_task_group_decorator.py
[2024-02-14T09:19:11.071+0000] {logging_mixin.py:188} INFO - [2024-02-14T09:19:11.071+0000] {dag.py:3033} INFO - Sync 1 DAGs
[2024-02-14T09:19:11.086+0000] {logging_mixin.py:188} INFO - [2024-02-14T09:19:11.086+0000] {dag.py:3820} INFO - Setting next_dagrun for example_task_group_decorator to 2024-02-13T00:00:00+00:00, run_after=2024-02-14T00:00:00+00:00
[2024-02-14T09:19:11.128+0000] {processor.py:183} INFO - Processing /home/codespace/.local/share/virtualenvs/airflow_sandbox-vp-HKq_L/lib/python3.10/site-packages/airflow/example_dags/example_task_group_decorator.py took 0.088 seconds
[2024-02-14T09:19:49.454+0000] {processor.py:161} INFO - Started process (PID=11402) to work on /home/codespace/.local/share/virtualenvs/airflow_sandbox-vp-HKq_L/lib/python3.10/site-packages/airflow/example_dags/example_task_group_decorator.py
[2024-02-14T09:19:49.455+0000] {processor.py:830} INFO - Processing file /home/codespace/.local/share/virtualenvs/airflow_sandbox-vp-HKq_L/lib/python3.10/site-packages/airflow/example_dags/example_task_group_decorator.py for tasks to queue
[2024-02-14T09:19:49.456+0000] {logging_mixin.py:188} INFO - [2024-02-14T09:19:49.455+0000] {dagbag.py:538} INFO - Filling up the DagBag from /home/codespace/.local/share/virtualenvs/airflow_sandbox-vp-HKq_L/lib/python3.10/site-packages/airflow/example_dags/example_task_group_decorator.py
[2024-02-14T09:19:49.468+0000] {processor.py:840} INFO - DAG(s) 'example_task_group_decorator' retrieved from /home/codespace/.local/share/virtualenvs/airflow_sandbox-vp-HKq_L/lib/python3.10/site-packages/airflow/example_dags/example_task_group_decorator.py
[2024-02-14T09:19:49.483+0000] {logging_mixin.py:188} INFO - [2024-02-14T09:19:49.483+0000] {dag.py:3033} INFO - Sync 1 DAGs
[2024-02-14T09:19:49.498+0000] {logging_mixin.py:188} INFO - [2024-02-14T09:19:49.498+0000] {dag.py:3820} INFO - Setting next_dagrun for example_task_group_decorator to 2024-02-13T00:00:00+00:00, run_after=2024-02-14T00:00:00+00:00
[2024-02-14T09:19:49.538+0000] {processor.py:183} INFO - Processing /home/codespace/.local/share/virtualenvs/airflow_sandbox-vp-HKq_L/lib/python3.10/site-packages/airflow/example_dags/example_task_group_decorator.py took 0.086 seconds
[2024-02-14T09:20:25.454+0000] {processor.py:161} INFO - Started process (PID=12072) to work on /home/codespace/.local/share/virtualenvs/airflow_sandbox-vp-HKq_L/lib/python3.10/site-packages/airflow/example_dags/example_task_group_decorator.py
[2024-02-14T09:20:25.454+0000] {processor.py:830} INFO - Processing file /home/codespace/.local/share/virtualenvs/airflow_sandbox-vp-HKq_L/lib/python3.10/site-packages/airflow/example_dags/example_task_group_decorator.py for tasks to queue
[2024-02-14T09:20:25.455+0000] {logging_mixin.py:188} INFO - [2024-02-14T09:20:25.455+0000] {dagbag.py:538} INFO - Filling up the DagBag from /home/codespace/.local/share/virtualenvs/airflow_sandbox-vp-HKq_L/lib/python3.10/site-packages/airflow/example_dags/example_task_group_decorator.py
[2024-02-14T09:20:25.468+0000] {processor.py:840} INFO - DAG(s) 'example_task_group_decorator' retrieved from /home/codespace/.local/share/virtualenvs/airflow_sandbox-vp-HKq_L/lib/python3.10/site-packages/airflow/example_dags/example_task_group_decorator.py
[2024-02-14T09:20:25.484+0000] {logging_mixin.py:188} INFO - [2024-02-14T09:20:25.484+0000] {dag.py:3033} INFO - Sync 1 DAGs
[2024-02-14T09:20:25.500+0000] {logging_mixin.py:188} INFO - [2024-02-14T09:20:25.499+0000] {dag.py:3820} INFO - Setting next_dagrun for example_task_group_decorator to 2024-02-13T00:00:00+00:00, run_after=2024-02-14T00:00:00+00:00
[2024-02-14T09:20:25.542+0000] {processor.py:183} INFO - Processing /home/codespace/.local/share/virtualenvs/airflow_sandbox-vp-HKq_L/lib/python3.10/site-packages/airflow/example_dags/example_task_group_decorator.py took 0.091 seconds
[2024-02-14T09:21:14.553+0000] {processor.py:161} INFO - Started process (PID=12497) to work on /home/codespace/.local/share/virtualenvs/airflow_sandbox-vp-HKq_L/lib/python3.10/site-packages/airflow/example_dags/example_task_group_decorator.py
[2024-02-14T09:21:14.554+0000] {processor.py:830} INFO - Processing file /home/codespace/.local/share/virtualenvs/airflow_sandbox-vp-HKq_L/lib/python3.10/site-packages/airflow/example_dags/example_task_group_decorator.py for tasks to queue
[2024-02-14T09:21:14.554+0000] {logging_mixin.py:188} INFO - [2024-02-14T09:21:14.554+0000] {dagbag.py:538} INFO - Filling up the DagBag from /home/codespace/.local/share/virtualenvs/airflow_sandbox-vp-HKq_L/lib/python3.10/site-packages/airflow/example_dags/example_task_group_decorator.py
[2024-02-14T09:21:14.567+0000] {processor.py:840} INFO - DAG(s) 'example_task_group_decorator' retrieved from /home/codespace/.local/share/virtualenvs/airflow_sandbox-vp-HKq_L/lib/python3.10/site-packages/airflow/example_dags/example_task_group_decorator.py
[2024-02-14T09:21:14.584+0000] {logging_mixin.py:188} INFO - [2024-02-14T09:21:14.583+0000] {dag.py:3033} INFO - Sync 1 DAGs
[2024-02-14T09:21:14.602+0000] {logging_mixin.py:188} INFO - [2024-02-14T09:21:14.602+0000] {dag.py:3820} INFO - Setting next_dagrun for example_task_group_decorator to 2024-02-13T00:00:00+00:00, run_after=2024-02-14T00:00:00+00:00
[2024-02-14T09:21:14.643+0000] {processor.py:183} INFO - Processing /home/codespace/.local/share/virtualenvs/airflow_sandbox-vp-HKq_L/lib/python3.10/site-packages/airflow/example_dags/example_task_group_decorator.py took 0.093 seconds
[2024-02-14T09:21:51.006+0000] {processor.py:161} INFO - Started process (PID=12764) to work on /home/codespace/.local/share/virtualenvs/airflow_sandbox-vp-HKq_L/lib/python3.10/site-packages/airflow/example_dags/example_task_group_decorator.py
[2024-02-14T09:21:51.011+0000] {processor.py:830} INFO - Processing file /home/codespace/.local/share/virtualenvs/airflow_sandbox-vp-HKq_L/lib/python3.10/site-packages/airflow/example_dags/example_task_group_decorator.py for tasks to queue
[2024-02-14T09:21:51.012+0000] {logging_mixin.py:188} INFO - [2024-02-14T09:21:51.011+0000] {dagbag.py:538} INFO - Filling up the DagBag from /home/codespace/.local/share/virtualenvs/airflow_sandbox-vp-HKq_L/lib/python3.10/site-packages/airflow/example_dags/example_task_group_decorator.py
[2024-02-14T09:21:51.032+0000] {processor.py:840} INFO - DAG(s) 'example_task_group_decorator' retrieved from /home/codespace/.local/share/virtualenvs/airflow_sandbox-vp-HKq_L/lib/python3.10/site-packages/airflow/example_dags/example_task_group_decorator.py
[2024-02-14T09:21:51.057+0000] {logging_mixin.py:188} INFO - [2024-02-14T09:21:51.056+0000] {dag.py:3033} INFO - Sync 1 DAGs
[2024-02-14T09:21:51.075+0000] {logging_mixin.py:188} INFO - [2024-02-14T09:21:51.075+0000] {dag.py:3820} INFO - Setting next_dagrun for example_task_group_decorator to 2024-02-13T00:00:00+00:00, run_after=2024-02-14T00:00:00+00:00
[2024-02-14T09:21:51.117+0000] {processor.py:183} INFO - Processing /home/codespace/.local/share/virtualenvs/airflow_sandbox-vp-HKq_L/lib/python3.10/site-packages/airflow/example_dags/example_task_group_decorator.py took 0.114 seconds
[2024-02-14T09:22:29.967+0000] {processor.py:161} INFO - Started process (PID=13045) to work on /home/codespace/.local/share/virtualenvs/airflow_sandbox-vp-HKq_L/lib/python3.10/site-packages/airflow/example_dags/example_task_group_decorator.py
[2024-02-14T09:22:29.968+0000] {processor.py:830} INFO - Processing file /home/codespace/.local/share/virtualenvs/airflow_sandbox-vp-HKq_L/lib/python3.10/site-packages/airflow/example_dags/example_task_group_decorator.py for tasks to queue
[2024-02-14T09:22:29.969+0000] {logging_mixin.py:188} INFO - [2024-02-14T09:22:29.969+0000] {dagbag.py:538} INFO - Filling up the DagBag from /home/codespace/.local/share/virtualenvs/airflow_sandbox-vp-HKq_L/lib/python3.10/site-packages/airflow/example_dags/example_task_group_decorator.py
[2024-02-14T09:22:29.981+0000] {processor.py:840} INFO - DAG(s) 'example_task_group_decorator' retrieved from /home/codespace/.local/share/virtualenvs/airflow_sandbox-vp-HKq_L/lib/python3.10/site-packages/airflow/example_dags/example_task_group_decorator.py
[2024-02-14T09:22:29.998+0000] {logging_mixin.py:188} INFO - [2024-02-14T09:22:29.998+0000] {dag.py:3033} INFO - Sync 1 DAGs
[2024-02-14T09:22:30.015+0000] {logging_mixin.py:188} INFO - [2024-02-14T09:22:30.015+0000] {dag.py:3820} INFO - Setting next_dagrun for example_task_group_decorator to 2024-02-13T00:00:00+00:00, run_after=2024-02-14T00:00:00+00:00
[2024-02-14T09:22:30.073+0000] {processor.py:183} INFO - Processing /home/codespace/.local/share/virtualenvs/airflow_sandbox-vp-HKq_L/lib/python3.10/site-packages/airflow/example_dags/example_task_group_decorator.py took 0.108 seconds
[2024-02-14T09:23:08.070+0000] {processor.py:161} INFO - Started process (PID=13322) to work on /home/codespace/.local/share/virtualenvs/airflow_sandbox-vp-HKq_L/lib/python3.10/site-packages/airflow/example_dags/example_task_group_decorator.py
[2024-02-14T09:23:08.071+0000] {processor.py:830} INFO - Processing file /home/codespace/.local/share/virtualenvs/airflow_sandbox-vp-HKq_L/lib/python3.10/site-packages/airflow/example_dags/example_task_group_decorator.py for tasks to queue
[2024-02-14T09:23:08.072+0000] {logging_mixin.py:188} INFO - [2024-02-14T09:23:08.071+0000] {dagbag.py:538} INFO - Filling up the DagBag from /home/codespace/.local/share/virtualenvs/airflow_sandbox-vp-HKq_L/lib/python3.10/site-packages/airflow/example_dags/example_task_group_decorator.py
[2024-02-14T09:23:08.084+0000] {processor.py:840} INFO - DAG(s) 'example_task_group_decorator' retrieved from /home/codespace/.local/share/virtualenvs/airflow_sandbox-vp-HKq_L/lib/python3.10/site-packages/airflow/example_dags/example_task_group_decorator.py
[2024-02-14T09:23:08.099+0000] {logging_mixin.py:188} INFO - [2024-02-14T09:23:08.099+0000] {dag.py:3033} INFO - Sync 1 DAGs
[2024-02-14T09:23:08.114+0000] {logging_mixin.py:188} INFO - [2024-02-14T09:23:08.114+0000] {dag.py:3820} INFO - Setting next_dagrun for example_task_group_decorator to 2024-02-13T00:00:00+00:00, run_after=2024-02-14T00:00:00+00:00
[2024-02-14T09:23:08.158+0000] {processor.py:183} INFO - Processing /home/codespace/.local/share/virtualenvs/airflow_sandbox-vp-HKq_L/lib/python3.10/site-packages/airflow/example_dags/example_task_group_decorator.py took 0.090 seconds
[2024-02-14T09:23:45.899+0000] {processor.py:161} INFO - Started process (PID=13590) to work on /home/codespace/.local/share/virtualenvs/airflow_sandbox-vp-HKq_L/lib/python3.10/site-packages/airflow/example_dags/example_task_group_decorator.py
[2024-02-14T09:23:45.900+0000] {processor.py:830} INFO - Processing file /home/codespace/.local/share/virtualenvs/airflow_sandbox-vp-HKq_L/lib/python3.10/site-packages/airflow/example_dags/example_task_group_decorator.py for tasks to queue
[2024-02-14T09:23:45.900+0000] {logging_mixin.py:188} INFO - [2024-02-14T09:23:45.900+0000] {dagbag.py:538} INFO - Filling up the DagBag from /home/codespace/.local/share/virtualenvs/airflow_sandbox-vp-HKq_L/lib/python3.10/site-packages/airflow/example_dags/example_task_group_decorator.py
[2024-02-14T09:23:45.913+0000] {processor.py:840} INFO - DAG(s) 'example_task_group_decorator' retrieved from /home/codespace/.local/share/virtualenvs/airflow_sandbox-vp-HKq_L/lib/python3.10/site-packages/airflow/example_dags/example_task_group_decorator.py
[2024-02-14T09:23:45.932+0000] {logging_mixin.py:188} INFO - [2024-02-14T09:23:45.932+0000] {dag.py:3033} INFO - Sync 1 DAGs
[2024-02-14T09:23:45.947+0000] {logging_mixin.py:188} INFO - [2024-02-14T09:23:45.947+0000] {dag.py:3820} INFO - Setting next_dagrun for example_task_group_decorator to 2024-02-13T00:00:00+00:00, run_after=2024-02-14T00:00:00+00:00
[2024-02-14T09:23:45.987+0000] {processor.py:183} INFO - Processing /home/codespace/.local/share/virtualenvs/airflow_sandbox-vp-HKq_L/lib/python3.10/site-packages/airflow/example_dags/example_task_group_decorator.py took 0.090 seconds
[2024-02-14T09:24:24.888+0000] {processor.py:161} INFO - Started process (PID=13867) to work on /home/codespace/.local/share/virtualenvs/airflow_sandbox-vp-HKq_L/lib/python3.10/site-packages/airflow/example_dags/example_task_group_decorator.py
[2024-02-14T09:24:24.888+0000] {processor.py:830} INFO - Processing file /home/codespace/.local/share/virtualenvs/airflow_sandbox-vp-HKq_L/lib/python3.10/site-packages/airflow/example_dags/example_task_group_decorator.py for tasks to queue
[2024-02-14T09:24:24.889+0000] {logging_mixin.py:188} INFO - [2024-02-14T09:24:24.889+0000] {dagbag.py:538} INFO - Filling up the DagBag from /home/codespace/.local/share/virtualenvs/airflow_sandbox-vp-HKq_L/lib/python3.10/site-packages/airflow/example_dags/example_task_group_decorator.py
[2024-02-14T09:24:24.902+0000] {processor.py:840} INFO - DAG(s) 'example_task_group_decorator' retrieved from /home/codespace/.local/share/virtualenvs/airflow_sandbox-vp-HKq_L/lib/python3.10/site-packages/airflow/example_dags/example_task_group_decorator.py
[2024-02-14T09:24:24.919+0000] {logging_mixin.py:188} INFO - [2024-02-14T09:24:24.918+0000] {dag.py:3033} INFO - Sync 1 DAGs
[2024-02-14T09:24:24.934+0000] {logging_mixin.py:188} INFO - [2024-02-14T09:24:24.934+0000] {dag.py:3820} INFO - Setting next_dagrun for example_task_group_decorator to 2024-02-13T00:00:00+00:00, run_after=2024-02-14T00:00:00+00:00
[2024-02-14T09:24:24.975+0000] {processor.py:183} INFO - Processing /home/codespace/.local/share/virtualenvs/airflow_sandbox-vp-HKq_L/lib/python3.10/site-packages/airflow/example_dags/example_task_group_decorator.py took 0.090 seconds
[2024-02-14T09:25:02.531+0000] {processor.py:161} INFO - Started process (PID=14128) to work on /home/codespace/.local/share/virtualenvs/airflow_sandbox-vp-HKq_L/lib/python3.10/site-packages/airflow/example_dags/example_task_group_decorator.py
[2024-02-14T09:25:02.531+0000] {processor.py:830} INFO - Processing file /home/codespace/.local/share/virtualenvs/airflow_sandbox-vp-HKq_L/lib/python3.10/site-packages/airflow/example_dags/example_task_group_decorator.py for tasks to queue
[2024-02-14T09:25:02.532+0000] {logging_mixin.py:188} INFO - [2024-02-14T09:25:02.532+0000] {dagbag.py:538} INFO - Filling up the DagBag from /home/codespace/.local/share/virtualenvs/airflow_sandbox-vp-HKq_L/lib/python3.10/site-packages/airflow/example_dags/example_task_group_decorator.py
[2024-02-14T09:25:02.544+0000] {processor.py:840} INFO - DAG(s) 'example_task_group_decorator' retrieved from /home/codespace/.local/share/virtualenvs/airflow_sandbox-vp-HKq_L/lib/python3.10/site-packages/airflow/example_dags/example_task_group_decorator.py
[2024-02-14T09:25:02.559+0000] {logging_mixin.py:188} INFO - [2024-02-14T09:25:02.559+0000] {dag.py:3033} INFO - Sync 1 DAGs
[2024-02-14T09:25:02.576+0000] {logging_mixin.py:188} INFO - [2024-02-14T09:25:02.576+0000] {dag.py:3820} INFO - Setting next_dagrun for example_task_group_decorator to 2024-02-13T00:00:00+00:00, run_after=2024-02-14T00:00:00+00:00
[2024-02-14T09:25:02.619+0000] {processor.py:183} INFO - Processing /home/codespace/.local/share/virtualenvs/airflow_sandbox-vp-HKq_L/lib/python3.10/site-packages/airflow/example_dags/example_task_group_decorator.py took 0.090 seconds
[2024-02-14T09:25:39.190+0000] {processor.py:161} INFO - Started process (PID=14370) to work on /home/codespace/.local/share/virtualenvs/airflow_sandbox-vp-HKq_L/lib/python3.10/site-packages/airflow/example_dags/example_task_group_decorator.py
[2024-02-14T09:25:39.191+0000] {processor.py:830} INFO - Processing file /home/codespace/.local/share/virtualenvs/airflow_sandbox-vp-HKq_L/lib/python3.10/site-packages/airflow/example_dags/example_task_group_decorator.py for tasks to queue
[2024-02-14T09:25:39.191+0000] {logging_mixin.py:188} INFO - [2024-02-14T09:25:39.191+0000] {dagbag.py:538} INFO - Filling up the DagBag from /home/codespace/.local/share/virtualenvs/airflow_sandbox-vp-HKq_L/lib/python3.10/site-packages/airflow/example_dags/example_task_group_decorator.py
[2024-02-14T09:25:39.203+0000] {processor.py:840} INFO - DAG(s) 'example_task_group_decorator' retrieved from /home/codespace/.local/share/virtualenvs/airflow_sandbox-vp-HKq_L/lib/python3.10/site-packages/airflow/example_dags/example_task_group_decorator.py
[2024-02-14T09:25:39.218+0000] {logging_mixin.py:188} INFO - [2024-02-14T09:25:39.218+0000] {dag.py:3033} INFO - Sync 1 DAGs
[2024-02-14T09:25:39.234+0000] {logging_mixin.py:188} INFO - [2024-02-14T09:25:39.233+0000] {dag.py:3820} INFO - Setting next_dagrun for example_task_group_decorator to 2024-02-13T00:00:00+00:00, run_after=2024-02-14T00:00:00+00:00
[2024-02-14T09:25:39.276+0000] {processor.py:183} INFO - Processing /home/codespace/.local/share/virtualenvs/airflow_sandbox-vp-HKq_L/lib/python3.10/site-packages/airflow/example_dags/example_task_group_decorator.py took 0.088 seconds
[2024-02-14T09:26:28.729+0000] {processor.py:161} INFO - Started process (PID=14711) to work on /home/codespace/.local/share/virtualenvs/airflow_sandbox-vp-HKq_L/lib/python3.10/site-packages/airflow/example_dags/example_task_group_decorator.py
[2024-02-14T09:26:28.730+0000] {processor.py:830} INFO - Processing file /home/codespace/.local/share/virtualenvs/airflow_sandbox-vp-HKq_L/lib/python3.10/site-packages/airflow/example_dags/example_task_group_decorator.py for tasks to queue
[2024-02-14T09:26:28.730+0000] {logging_mixin.py:188} INFO - [2024-02-14T09:26:28.730+0000] {dagbag.py:538} INFO - Filling up the DagBag from /home/codespace/.local/share/virtualenvs/airflow_sandbox-vp-HKq_L/lib/python3.10/site-packages/airflow/example_dags/example_task_group_decorator.py
[2024-02-14T09:26:28.744+0000] {processor.py:840} INFO - DAG(s) 'example_task_group_decorator' retrieved from /home/codespace/.local/share/virtualenvs/airflow_sandbox-vp-HKq_L/lib/python3.10/site-packages/airflow/example_dags/example_task_group_decorator.py
[2024-02-14T09:26:28.759+0000] {logging_mixin.py:188} INFO - [2024-02-14T09:26:28.759+0000] {dag.py:3033} INFO - Sync 1 DAGs
[2024-02-14T09:26:28.774+0000] {logging_mixin.py:188} INFO - [2024-02-14T09:26:28.774+0000] {dag.py:3820} INFO - Setting next_dagrun for example_task_group_decorator to 2024-02-13T00:00:00+00:00, run_after=2024-02-14T00:00:00+00:00
[2024-02-14T09:26:28.816+0000] {processor.py:183} INFO - Processing /home/codespace/.local/share/virtualenvs/airflow_sandbox-vp-HKq_L/lib/python3.10/site-packages/airflow/example_dags/example_task_group_decorator.py took 0.089 seconds
[2024-02-14T09:27:06.482+0000] {processor.py:161} INFO - Started process (PID=14976) to work on /home/codespace/.local/share/virtualenvs/airflow_sandbox-vp-HKq_L/lib/python3.10/site-packages/airflow/example_dags/example_task_group_decorator.py
[2024-02-14T09:27:06.483+0000] {processor.py:830} INFO - Processing file /home/codespace/.local/share/virtualenvs/airflow_sandbox-vp-HKq_L/lib/python3.10/site-packages/airflow/example_dags/example_task_group_decorator.py for tasks to queue
[2024-02-14T09:27:06.484+0000] {logging_mixin.py:188} INFO - [2024-02-14T09:27:06.483+0000] {dagbag.py:538} INFO - Filling up the DagBag from /home/codespace/.local/share/virtualenvs/airflow_sandbox-vp-HKq_L/lib/python3.10/site-packages/airflow/example_dags/example_task_group_decorator.py
[2024-02-14T09:27:06.501+0000] {processor.py:840} INFO - DAG(s) 'example_task_group_decorator' retrieved from /home/codespace/.local/share/virtualenvs/airflow_sandbox-vp-HKq_L/lib/python3.10/site-packages/airflow/example_dags/example_task_group_decorator.py
[2024-02-14T09:27:06.519+0000] {logging_mixin.py:188} INFO - [2024-02-14T09:27:06.519+0000] {dag.py:3033} INFO - Sync 1 DAGs
[2024-02-14T09:27:06.534+0000] {logging_mixin.py:188} INFO - [2024-02-14T09:27:06.534+0000] {dag.py:3820} INFO - Setting next_dagrun for example_task_group_decorator to 2024-02-13T00:00:00+00:00, run_after=2024-02-14T00:00:00+00:00
[2024-02-14T09:27:06.578+0000] {processor.py:183} INFO - Processing /home/codespace/.local/share/virtualenvs/airflow_sandbox-vp-HKq_L/lib/python3.10/site-packages/airflow/example_dags/example_task_group_decorator.py took 0.098 seconds
[2024-02-14T09:27:42.989+0000] {processor.py:161} INFO - Started process (PID=15245) to work on /home/codespace/.local/share/virtualenvs/airflow_sandbox-vp-HKq_L/lib/python3.10/site-packages/airflow/example_dags/example_task_group_decorator.py
[2024-02-14T09:27:42.990+0000] {processor.py:830} INFO - Processing file /home/codespace/.local/share/virtualenvs/airflow_sandbox-vp-HKq_L/lib/python3.10/site-packages/airflow/example_dags/example_task_group_decorator.py for tasks to queue
[2024-02-14T09:27:42.991+0000] {logging_mixin.py:188} INFO - [2024-02-14T09:27:42.990+0000] {dagbag.py:538} INFO - Filling up the DagBag from /home/codespace/.local/share/virtualenvs/airflow_sandbox-vp-HKq_L/lib/python3.10/site-packages/airflow/example_dags/example_task_group_decorator.py
[2024-02-14T09:27:43.005+0000] {processor.py:840} INFO - DAG(s) 'example_task_group_decorator' retrieved from /home/codespace/.local/share/virtualenvs/airflow_sandbox-vp-HKq_L/lib/python3.10/site-packages/airflow/example_dags/example_task_group_decorator.py
[2024-02-14T09:27:43.024+0000] {logging_mixin.py:188} INFO - [2024-02-14T09:27:43.024+0000] {dag.py:3033} INFO - Sync 1 DAGs
[2024-02-14T09:27:43.040+0000] {logging_mixin.py:188} INFO - [2024-02-14T09:27:43.040+0000] {dag.py:3820} INFO - Setting next_dagrun for example_task_group_decorator to 2024-02-13T00:00:00+00:00, run_after=2024-02-14T00:00:00+00:00
[2024-02-14T09:27:43.084+0000] {processor.py:183} INFO - Processing /home/codespace/.local/share/virtualenvs/airflow_sandbox-vp-HKq_L/lib/python3.10/site-packages/airflow/example_dags/example_task_group_decorator.py took 0.099 seconds
[2024-02-14T09:28:20.054+0000] {processor.py:161} INFO - Started process (PID=15513) to work on /home/codespace/.local/share/virtualenvs/airflow_sandbox-vp-HKq_L/lib/python3.10/site-packages/airflow/example_dags/example_task_group_decorator.py
[2024-02-14T09:28:20.055+0000] {processor.py:830} INFO - Processing file /home/codespace/.local/share/virtualenvs/airflow_sandbox-vp-HKq_L/lib/python3.10/site-packages/airflow/example_dags/example_task_group_decorator.py for tasks to queue
[2024-02-14T09:28:20.055+0000] {logging_mixin.py:188} INFO - [2024-02-14T09:28:20.055+0000] {dagbag.py:538} INFO - Filling up the DagBag from /home/codespace/.local/share/virtualenvs/airflow_sandbox-vp-HKq_L/lib/python3.10/site-packages/airflow/example_dags/example_task_group_decorator.py
[2024-02-14T09:28:20.067+0000] {processor.py:840} INFO - DAG(s) 'example_task_group_decorator' retrieved from /home/codespace/.local/share/virtualenvs/airflow_sandbox-vp-HKq_L/lib/python3.10/site-packages/airflow/example_dags/example_task_group_decorator.py
[2024-02-14T09:28:20.084+0000] {logging_mixin.py:188} INFO - [2024-02-14T09:28:20.084+0000] {dag.py:3033} INFO - Sync 1 DAGs
[2024-02-14T09:28:20.101+0000] {logging_mixin.py:188} INFO - [2024-02-14T09:28:20.100+0000] {dag.py:3820} INFO - Setting next_dagrun for example_task_group_decorator to 2024-02-13T00:00:00+00:00, run_after=2024-02-14T00:00:00+00:00
[2024-02-14T09:28:20.144+0000] {processor.py:183} INFO - Processing /home/codespace/.local/share/virtualenvs/airflow_sandbox-vp-HKq_L/lib/python3.10/site-packages/airflow/example_dags/example_task_group_decorator.py took 0.092 seconds
[2024-02-14T09:28:54.476+0000] {processor.py:161} INFO - Started process (PID=15900) to work on /home/codespace/.local/share/virtualenvs/airflow_sandbox-vp-HKq_L/lib/python3.10/site-packages/airflow/example_dags/example_task_group_decorator.py
[2024-02-14T09:28:54.477+0000] {processor.py:830} INFO - Processing file /home/codespace/.local/share/virtualenvs/airflow_sandbox-vp-HKq_L/lib/python3.10/site-packages/airflow/example_dags/example_task_group_decorator.py for tasks to queue
[2024-02-14T09:28:54.478+0000] {logging_mixin.py:188} INFO - [2024-02-14T09:28:54.477+0000] {dagbag.py:538} INFO - Filling up the DagBag from /home/codespace/.local/share/virtualenvs/airflow_sandbox-vp-HKq_L/lib/python3.10/site-packages/airflow/example_dags/example_task_group_decorator.py
[2024-02-14T09:28:54.491+0000] {processor.py:840} INFO - DAG(s) 'example_task_group_decorator' retrieved from /home/codespace/.local/share/virtualenvs/airflow_sandbox-vp-HKq_L/lib/python3.10/site-packages/airflow/example_dags/example_task_group_decorator.py
[2024-02-14T09:28:54.507+0000] {logging_mixin.py:188} INFO - [2024-02-14T09:28:54.507+0000] {dag.py:3033} INFO - Sync 1 DAGs
[2024-02-14T09:28:54.522+0000] {logging_mixin.py:188} INFO - [2024-02-14T09:28:54.522+0000] {dag.py:3820} INFO - Setting next_dagrun for example_task_group_decorator to 2024-02-13T00:00:00+00:00, run_after=2024-02-14T00:00:00+00:00
[2024-02-14T09:28:54.565+0000] {processor.py:183} INFO - Processing /home/codespace/.local/share/virtualenvs/airflow_sandbox-vp-HKq_L/lib/python3.10/site-packages/airflow/example_dags/example_task_group_decorator.py took 0.092 seconds
[2024-02-14T09:29:31.322+0000] {processor.py:161} INFO - Started process (PID=16164) to work on /home/codespace/.local/share/virtualenvs/airflow_sandbox-vp-HKq_L/lib/python3.10/site-packages/airflow/example_dags/example_task_group_decorator.py
[2024-02-14T09:29:31.323+0000] {processor.py:830} INFO - Processing file /home/codespace/.local/share/virtualenvs/airflow_sandbox-vp-HKq_L/lib/python3.10/site-packages/airflow/example_dags/example_task_group_decorator.py for tasks to queue
[2024-02-14T09:29:31.324+0000] {logging_mixin.py:188} INFO - [2024-02-14T09:29:31.323+0000] {dagbag.py:538} INFO - Filling up the DagBag from /home/codespace/.local/share/virtualenvs/airflow_sandbox-vp-HKq_L/lib/python3.10/site-packages/airflow/example_dags/example_task_group_decorator.py
[2024-02-14T09:29:31.336+0000] {processor.py:840} INFO - DAG(s) 'example_task_group_decorator' retrieved from /home/codespace/.local/share/virtualenvs/airflow_sandbox-vp-HKq_L/lib/python3.10/site-packages/airflow/example_dags/example_task_group_decorator.py
[2024-02-14T09:29:31.351+0000] {logging_mixin.py:188} INFO - [2024-02-14T09:29:31.350+0000] {dag.py:3033} INFO - Sync 1 DAGs
[2024-02-14T09:29:31.366+0000] {logging_mixin.py:188} INFO - [2024-02-14T09:29:31.366+0000] {dag.py:3820} INFO - Setting next_dagrun for example_task_group_decorator to 2024-02-13T00:00:00+00:00, run_after=2024-02-14T00:00:00+00:00
[2024-02-14T09:29:31.409+0000] {processor.py:183} INFO - Processing /home/codespace/.local/share/virtualenvs/airflow_sandbox-vp-HKq_L/lib/python3.10/site-packages/airflow/example_dags/example_task_group_decorator.py took 0.089 seconds
[2024-02-14T09:30:07.172+0000] {processor.py:161} INFO - Started process (PID=16424) to work on /home/codespace/.local/share/virtualenvs/airflow_sandbox-vp-HKq_L/lib/python3.10/site-packages/airflow/example_dags/example_task_group_decorator.py
[2024-02-14T09:30:07.172+0000] {processor.py:830} INFO - Processing file /home/codespace/.local/share/virtualenvs/airflow_sandbox-vp-HKq_L/lib/python3.10/site-packages/airflow/example_dags/example_task_group_decorator.py for tasks to queue
[2024-02-14T09:30:07.173+0000] {logging_mixin.py:188} INFO - [2024-02-14T09:30:07.173+0000] {dagbag.py:538} INFO - Filling up the DagBag from /home/codespace/.local/share/virtualenvs/airflow_sandbox-vp-HKq_L/lib/python3.10/site-packages/airflow/example_dags/example_task_group_decorator.py
[2024-02-14T09:30:07.186+0000] {processor.py:840} INFO - DAG(s) 'example_task_group_decorator' retrieved from /home/codespace/.local/share/virtualenvs/airflow_sandbox-vp-HKq_L/lib/python3.10/site-packages/airflow/example_dags/example_task_group_decorator.py
[2024-02-14T09:30:07.202+0000] {logging_mixin.py:188} INFO - [2024-02-14T09:30:07.202+0000] {dag.py:3033} INFO - Sync 1 DAGs
[2024-02-14T09:30:07.218+0000] {logging_mixin.py:188} INFO - [2024-02-14T09:30:07.218+0000] {dag.py:3820} INFO - Setting next_dagrun for example_task_group_decorator to 2024-02-13T00:00:00+00:00, run_after=2024-02-14T00:00:00+00:00
[2024-02-14T09:30:07.260+0000] {processor.py:183} INFO - Processing /home/codespace/.local/share/virtualenvs/airflow_sandbox-vp-HKq_L/lib/python3.10/site-packages/airflow/example_dags/example_task_group_decorator.py took 0.090 seconds
[2024-02-14T09:30:57.598+0000] {processor.py:161} INFO - Started process (PID=16790) to work on /home/codespace/.local/share/virtualenvs/airflow_sandbox-vp-HKq_L/lib/python3.10/site-packages/airflow/example_dags/example_task_group_decorator.py
[2024-02-14T09:30:57.599+0000] {processor.py:830} INFO - Processing file /home/codespace/.local/share/virtualenvs/airflow_sandbox-vp-HKq_L/lib/python3.10/site-packages/airflow/example_dags/example_task_group_decorator.py for tasks to queue
[2024-02-14T09:30:57.600+0000] {logging_mixin.py:188} INFO - [2024-02-14T09:30:57.600+0000] {dagbag.py:538} INFO - Filling up the DagBag from /home/codespace/.local/share/virtualenvs/airflow_sandbox-vp-HKq_L/lib/python3.10/site-packages/airflow/example_dags/example_task_group_decorator.py
[2024-02-14T09:30:57.615+0000] {processor.py:840} INFO - DAG(s) 'example_task_group_decorator' retrieved from /home/codespace/.local/share/virtualenvs/airflow_sandbox-vp-HKq_L/lib/python3.10/site-packages/airflow/example_dags/example_task_group_decorator.py
[2024-02-14T09:30:57.631+0000] {logging_mixin.py:188} INFO - [2024-02-14T09:30:57.631+0000] {dag.py:3033} INFO - Sync 1 DAGs
[2024-02-14T09:30:57.647+0000] {logging_mixin.py:188} INFO - [2024-02-14T09:30:57.647+0000] {dag.py:3820} INFO - Setting next_dagrun for example_task_group_decorator to 2024-02-13T00:00:00+00:00, run_after=2024-02-14T00:00:00+00:00
[2024-02-14T09:30:57.693+0000] {processor.py:183} INFO - Processing /home/codespace/.local/share/virtualenvs/airflow_sandbox-vp-HKq_L/lib/python3.10/site-packages/airflow/example_dags/example_task_group_decorator.py took 0.098 seconds
[2024-02-14T09:31:33.038+0000] {processor.py:161} INFO - Started process (PID=17032) to work on /home/codespace/.local/share/virtualenvs/airflow_sandbox-vp-HKq_L/lib/python3.10/site-packages/airflow/example_dags/example_task_group_decorator.py
[2024-02-14T09:31:33.039+0000] {processor.py:830} INFO - Processing file /home/codespace/.local/share/virtualenvs/airflow_sandbox-vp-HKq_L/lib/python3.10/site-packages/airflow/example_dags/example_task_group_decorator.py for tasks to queue
[2024-02-14T09:31:33.040+0000] {logging_mixin.py:188} INFO - [2024-02-14T09:31:33.039+0000] {dagbag.py:538} INFO - Filling up the DagBag from /home/codespace/.local/share/virtualenvs/airflow_sandbox-vp-HKq_L/lib/python3.10/site-packages/airflow/example_dags/example_task_group_decorator.py
[2024-02-14T09:31:33.055+0000] {processor.py:840} INFO - DAG(s) 'example_task_group_decorator' retrieved from /home/codespace/.local/share/virtualenvs/airflow_sandbox-vp-HKq_L/lib/python3.10/site-packages/airflow/example_dags/example_task_group_decorator.py
[2024-02-14T09:31:33.075+0000] {logging_mixin.py:188} INFO - [2024-02-14T09:31:33.075+0000] {dag.py:3033} INFO - Sync 1 DAGs
[2024-02-14T09:31:33.091+0000] {logging_mixin.py:188} INFO - [2024-02-14T09:31:33.091+0000] {dag.py:3820} INFO - Setting next_dagrun for example_task_group_decorator to 2024-02-13T00:00:00+00:00, run_after=2024-02-14T00:00:00+00:00
[2024-02-14T09:31:33.133+0000] {processor.py:183} INFO - Processing /home/codespace/.local/share/virtualenvs/airflow_sandbox-vp-HKq_L/lib/python3.10/site-packages/airflow/example_dags/example_task_group_decorator.py took 0.098 seconds
[2024-02-14T09:32:09.001+0000] {processor.py:161} INFO - Started process (PID=17287) to work on /home/codespace/.local/share/virtualenvs/airflow_sandbox-vp-HKq_L/lib/python3.10/site-packages/airflow/example_dags/example_task_group_decorator.py
[2024-02-14T09:32:09.001+0000] {processor.py:830} INFO - Processing file /home/codespace/.local/share/virtualenvs/airflow_sandbox-vp-HKq_L/lib/python3.10/site-packages/airflow/example_dags/example_task_group_decorator.py for tasks to queue
[2024-02-14T09:32:09.002+0000] {logging_mixin.py:188} INFO - [2024-02-14T09:32:09.002+0000] {dagbag.py:538} INFO - Filling up the DagBag from /home/codespace/.local/share/virtualenvs/airflow_sandbox-vp-HKq_L/lib/python3.10/site-packages/airflow/example_dags/example_task_group_decorator.py
[2024-02-14T09:32:09.014+0000] {processor.py:840} INFO - DAG(s) 'example_task_group_decorator' retrieved from /home/codespace/.local/share/virtualenvs/airflow_sandbox-vp-HKq_L/lib/python3.10/site-packages/airflow/example_dags/example_task_group_decorator.py
[2024-02-14T09:32:09.029+0000] {logging_mixin.py:188} INFO - [2024-02-14T09:32:09.029+0000] {dag.py:3033} INFO - Sync 1 DAGs
[2024-02-14T09:32:09.044+0000] {logging_mixin.py:188} INFO - [2024-02-14T09:32:09.044+0000] {dag.py:3820} INFO - Setting next_dagrun for example_task_group_decorator to 2024-02-13T00:00:00+00:00, run_after=2024-02-14T00:00:00+00:00
[2024-02-14T09:32:09.087+0000] {processor.py:183} INFO - Processing /home/codespace/.local/share/virtualenvs/airflow_sandbox-vp-HKq_L/lib/python3.10/site-packages/airflow/example_dags/example_task_group_decorator.py took 0.088 seconds
[2024-02-14T09:32:45.089+0000] {processor.py:161} INFO - Started process (PID=17559) to work on /home/codespace/.local/share/virtualenvs/airflow_sandbox-vp-HKq_L/lib/python3.10/site-packages/airflow/example_dags/example_task_group_decorator.py
[2024-02-14T09:32:45.090+0000] {processor.py:830} INFO - Processing file /home/codespace/.local/share/virtualenvs/airflow_sandbox-vp-HKq_L/lib/python3.10/site-packages/airflow/example_dags/example_task_group_decorator.py for tasks to queue
[2024-02-14T09:32:45.091+0000] {logging_mixin.py:188} INFO - [2024-02-14T09:32:45.090+0000] {dagbag.py:538} INFO - Filling up the DagBag from /home/codespace/.local/share/virtualenvs/airflow_sandbox-vp-HKq_L/lib/python3.10/site-packages/airflow/example_dags/example_task_group_decorator.py
[2024-02-14T09:32:45.103+0000] {processor.py:840} INFO - DAG(s) 'example_task_group_decorator' retrieved from /home/codespace/.local/share/virtualenvs/airflow_sandbox-vp-HKq_L/lib/python3.10/site-packages/airflow/example_dags/example_task_group_decorator.py
[2024-02-14T09:32:45.119+0000] {logging_mixin.py:188} INFO - [2024-02-14T09:32:45.119+0000] {dag.py:3033} INFO - Sync 1 DAGs
[2024-02-14T09:32:45.135+0000] {logging_mixin.py:188} INFO - [2024-02-14T09:32:45.135+0000] {dag.py:3820} INFO - Setting next_dagrun for example_task_group_decorator to 2024-02-13T00:00:00+00:00, run_after=2024-02-14T00:00:00+00:00
[2024-02-14T09:32:45.177+0000] {processor.py:183} INFO - Processing /home/codespace/.local/share/virtualenvs/airflow_sandbox-vp-HKq_L/lib/python3.10/site-packages/airflow/example_dags/example_task_group_decorator.py took 0.091 seconds
[2024-02-14T09:33:36.677+0000] {processor.py:161} INFO - Started process (PID=17915) to work on /home/codespace/.local/share/virtualenvs/airflow_sandbox-vp-HKq_L/lib/python3.10/site-packages/airflow/example_dags/example_task_group_decorator.py
[2024-02-14T09:33:36.678+0000] {processor.py:830} INFO - Processing file /home/codespace/.local/share/virtualenvs/airflow_sandbox-vp-HKq_L/lib/python3.10/site-packages/airflow/example_dags/example_task_group_decorator.py for tasks to queue
[2024-02-14T09:33:36.678+0000] {logging_mixin.py:188} INFO - [2024-02-14T09:33:36.678+0000] {dagbag.py:538} INFO - Filling up the DagBag from /home/codespace/.local/share/virtualenvs/airflow_sandbox-vp-HKq_L/lib/python3.10/site-packages/airflow/example_dags/example_task_group_decorator.py
[2024-02-14T09:33:36.691+0000] {processor.py:840} INFO - DAG(s) 'example_task_group_decorator' retrieved from /home/codespace/.local/share/virtualenvs/airflow_sandbox-vp-HKq_L/lib/python3.10/site-packages/airflow/example_dags/example_task_group_decorator.py
[2024-02-14T09:33:36.708+0000] {logging_mixin.py:188} INFO - [2024-02-14T09:33:36.708+0000] {dag.py:3033} INFO - Sync 1 DAGs
[2024-02-14T09:33:36.724+0000] {logging_mixin.py:188} INFO - [2024-02-14T09:33:36.724+0000] {dag.py:3820} INFO - Setting next_dagrun for example_task_group_decorator to 2024-02-13T00:00:00+00:00, run_after=2024-02-14T00:00:00+00:00
[2024-02-14T09:33:36.768+0000] {processor.py:183} INFO - Processing /home/codespace/.local/share/virtualenvs/airflow_sandbox-vp-HKq_L/lib/python3.10/site-packages/airflow/example_dags/example_task_group_decorator.py took 0.094 seconds
[2024-02-14T09:34:28.786+0000] {processor.py:161} INFO - Started process (PID=18302) to work on /home/codespace/.local/share/virtualenvs/airflow_sandbox-vp-HKq_L/lib/python3.10/site-packages/airflow/example_dags/example_task_group_decorator.py
[2024-02-14T09:34:28.787+0000] {processor.py:830} INFO - Processing file /home/codespace/.local/share/virtualenvs/airflow_sandbox-vp-HKq_L/lib/python3.10/site-packages/airflow/example_dags/example_task_group_decorator.py for tasks to queue
[2024-02-14T09:34:28.788+0000] {logging_mixin.py:188} INFO - [2024-02-14T09:34:28.787+0000] {dagbag.py:538} INFO - Filling up the DagBag from /home/codespace/.local/share/virtualenvs/airflow_sandbox-vp-HKq_L/lib/python3.10/site-packages/airflow/example_dags/example_task_group_decorator.py
[2024-02-14T09:34:28.800+0000] {processor.py:840} INFO - DAG(s) 'example_task_group_decorator' retrieved from /home/codespace/.local/share/virtualenvs/airflow_sandbox-vp-HKq_L/lib/python3.10/site-packages/airflow/example_dags/example_task_group_decorator.py
[2024-02-14T09:34:28.816+0000] {logging_mixin.py:188} INFO - [2024-02-14T09:34:28.816+0000] {dag.py:3033} INFO - Sync 1 DAGs
[2024-02-14T09:34:28.832+0000] {logging_mixin.py:188} INFO - [2024-02-14T09:34:28.832+0000] {dag.py:3820} INFO - Setting next_dagrun for example_task_group_decorator to 2024-02-13T00:00:00+00:00, run_after=2024-02-14T00:00:00+00:00
[2024-02-14T09:34:28.874+0000] {processor.py:183} INFO - Processing /home/codespace/.local/share/virtualenvs/airflow_sandbox-vp-HKq_L/lib/python3.10/site-packages/airflow/example_dags/example_task_group_decorator.py took 0.090 seconds
