[2024-02-14T09:08:03.488+0000] {processor.py:161} INFO - Started process (PID=4750) to work on /home/codespace/.local/share/virtualenvs/airflow_sandbox-vp-HKq_L/lib/python3.10/site-packages/airflow/example_dags/example_datasets.py
[2024-02-14T09:08:03.489+0000] {processor.py:830} INFO - Processing file /home/codespace/.local/share/virtualenvs/airflow_sandbox-vp-HKq_L/lib/python3.10/site-packages/airflow/example_dags/example_datasets.py for tasks to queue
[2024-02-14T09:08:03.489+0000] {logging_mixin.py:188} INFO - [2024-02-14T09:08:03.489+0000] {dagbag.py:538} INFO - Filling up the DagBag from /home/codespace/.local/share/virtualenvs/airflow_sandbox-vp-HKq_L/lib/python3.10/site-packages/airflow/example_dags/example_datasets.py
[2024-02-14T09:08:03.497+0000] {processor.py:840} INFO - DAG(s) 'dataset_consumes_1_never_scheduled', 'dataset_consumes_unknown_never_scheduled', 'dataset_produces_1', 'dataset_consumes_1_and_2', 'dataset_consumes_1', 'dataset_produces_2' retrieved from /home/codespace/.local/share/virtualenvs/airflow_sandbox-vp-HKq_L/lib/python3.10/site-packages/airflow/example_dags/example_datasets.py
[2024-02-14T09:08:03.518+0000] {logging_mixin.py:188} INFO - [2024-02-14T09:08:03.518+0000] {dag.py:3033} INFO - Sync 6 DAGs
[2024-02-14T09:08:03.537+0000] {logging_mixin.py:188} INFO - [2024-02-14T09:08:03.537+0000] {dag.py:3820} INFO - Setting next_dagrun for dataset_consumes_1 to None, run_after=None
[2024-02-14T09:08:03.539+0000] {logging_mixin.py:188} INFO - [2024-02-14T09:08:03.539+0000] {dag.py:3820} INFO - Setting next_dagrun for dataset_consumes_1_and_2 to None, run_after=None
[2024-02-14T09:08:03.540+0000] {logging_mixin.py:188} INFO - [2024-02-14T09:08:03.540+0000] {dag.py:3820} INFO - Setting next_dagrun for dataset_consumes_1_never_scheduled to None, run_after=None
[2024-02-14T09:08:03.541+0000] {logging_mixin.py:188} INFO - [2024-02-14T09:08:03.540+0000] {dag.py:3820} INFO - Setting next_dagrun for dataset_consumes_unknown_never_scheduled to None, run_after=None
[2024-02-14T09:08:03.544+0000] {logging_mixin.py:188} INFO - [2024-02-14T09:08:03.544+0000] {dag.py:3820} INFO - Setting next_dagrun for dataset_produces_1 to 2024-02-13T00:00:00+00:00, run_after=2024-02-14T00:00:00+00:00
[2024-02-14T09:08:03.545+0000] {logging_mixin.py:188} INFO - [2024-02-14T09:08:03.545+0000] {dag.py:3820} INFO - Setting next_dagrun for dataset_produces_2 to None, run_after=None
[2024-02-14T09:08:03.594+0000] {processor.py:183} INFO - Processing /home/codespace/.local/share/virtualenvs/airflow_sandbox-vp-HKq_L/lib/python3.10/site-packages/airflow/example_dags/example_datasets.py took 0.108 seconds
[2024-02-14T09:08:52.974+0000] {processor.py:161} INFO - Started process (PID=5399) to work on /home/codespace/.local/share/virtualenvs/airflow_sandbox-vp-HKq_L/lib/python3.10/site-packages/airflow/example_dags/example_datasets.py
[2024-02-14T09:08:52.974+0000] {processor.py:830} INFO - Processing file /home/codespace/.local/share/virtualenvs/airflow_sandbox-vp-HKq_L/lib/python3.10/site-packages/airflow/example_dags/example_datasets.py for tasks to queue
[2024-02-14T09:08:52.975+0000] {logging_mixin.py:188} INFO - [2024-02-14T09:08:52.975+0000] {dagbag.py:538} INFO - Filling up the DagBag from /home/codespace/.local/share/virtualenvs/airflow_sandbox-vp-HKq_L/lib/python3.10/site-packages/airflow/example_dags/example_datasets.py
[2024-02-14T09:08:52.983+0000] {processor.py:840} INFO - DAG(s) 'dataset_consumes_1_and_2', 'dataset_consumes_unknown_never_scheduled', 'dataset_produces_2', 'dataset_produces_1', 'dataset_consumes_1_never_scheduled', 'dataset_consumes_1' retrieved from /home/codespace/.local/share/virtualenvs/airflow_sandbox-vp-HKq_L/lib/python3.10/site-packages/airflow/example_dags/example_datasets.py
[2024-02-14T09:08:53.003+0000] {logging_mixin.py:188} INFO - [2024-02-14T09:08:53.003+0000] {dag.py:3033} INFO - Sync 6 DAGs
[2024-02-14T09:08:53.019+0000] {logging_mixin.py:188} INFO - [2024-02-14T09:08:53.019+0000] {dag.py:3820} INFO - Setting next_dagrun for dataset_consumes_1 to None, run_after=None
[2024-02-14T09:08:53.021+0000] {logging_mixin.py:188} INFO - [2024-02-14T09:08:53.021+0000] {dag.py:3820} INFO - Setting next_dagrun for dataset_consumes_1_and_2 to None, run_after=None
[2024-02-14T09:08:53.022+0000] {logging_mixin.py:188} INFO - [2024-02-14T09:08:53.022+0000] {dag.py:3820} INFO - Setting next_dagrun for dataset_consumes_1_never_scheduled to None, run_after=None
[2024-02-14T09:08:53.022+0000] {logging_mixin.py:188} INFO - [2024-02-14T09:08:53.022+0000] {dag.py:3820} INFO - Setting next_dagrun for dataset_consumes_unknown_never_scheduled to None, run_after=None
[2024-02-14T09:08:53.024+0000] {logging_mixin.py:188} INFO - [2024-02-14T09:08:53.024+0000] {dag.py:3820} INFO - Setting next_dagrun for dataset_produces_1 to 2024-02-13T00:00:00+00:00, run_after=2024-02-14T00:00:00+00:00
[2024-02-14T09:08:53.025+0000] {logging_mixin.py:188} INFO - [2024-02-14T09:08:53.025+0000] {dag.py:3820} INFO - Setting next_dagrun for dataset_produces_2 to None, run_after=None
[2024-02-14T09:08:53.078+0000] {processor.py:183} INFO - Processing /home/codespace/.local/share/virtualenvs/airflow_sandbox-vp-HKq_L/lib/python3.10/site-packages/airflow/example_dags/example_datasets.py took 0.107 seconds
[2024-02-14T09:09:47.439+0000] {processor.py:161} INFO - Started process (PID=6220) to work on /home/codespace/.local/share/virtualenvs/airflow_sandbox-vp-HKq_L/lib/python3.10/site-packages/airflow/example_dags/example_datasets.py
[2024-02-14T09:09:47.440+0000] {processor.py:830} INFO - Processing file /home/codespace/.local/share/virtualenvs/airflow_sandbox-vp-HKq_L/lib/python3.10/site-packages/airflow/example_dags/example_datasets.py for tasks to queue
[2024-02-14T09:09:47.440+0000] {logging_mixin.py:188} INFO - [2024-02-14T09:09:47.440+0000] {dagbag.py:538} INFO - Filling up the DagBag from /home/codespace/.local/share/virtualenvs/airflow_sandbox-vp-HKq_L/lib/python3.10/site-packages/airflow/example_dags/example_datasets.py
[2024-02-14T09:09:47.448+0000] {processor.py:840} INFO - DAG(s) 'dataset_produces_1', 'dataset_consumes_1_never_scheduled', 'dataset_consumes_1_and_2', 'dataset_produces_2', 'dataset_consumes_unknown_never_scheduled', 'dataset_consumes_1' retrieved from /home/codespace/.local/share/virtualenvs/airflow_sandbox-vp-HKq_L/lib/python3.10/site-packages/airflow/example_dags/example_datasets.py
[2024-02-14T09:09:47.478+0000] {logging_mixin.py:188} INFO - [2024-02-14T09:09:47.478+0000] {dag.py:3033} INFO - Sync 6 DAGs
[2024-02-14T09:09:47.503+0000] {logging_mixin.py:188} INFO - [2024-02-14T09:09:47.503+0000] {dag.py:3820} INFO - Setting next_dagrun for dataset_consumes_1 to None, run_after=None
[2024-02-14T09:09:47.507+0000] {logging_mixin.py:188} INFO - [2024-02-14T09:09:47.507+0000] {dag.py:3820} INFO - Setting next_dagrun for dataset_consumes_1_and_2 to None, run_after=None
[2024-02-14T09:09:47.508+0000] {logging_mixin.py:188} INFO - [2024-02-14T09:09:47.508+0000] {dag.py:3820} INFO - Setting next_dagrun for dataset_consumes_1_never_scheduled to None, run_after=None
[2024-02-14T09:09:47.509+0000] {logging_mixin.py:188} INFO - [2024-02-14T09:09:47.509+0000] {dag.py:3820} INFO - Setting next_dagrun for dataset_consumes_unknown_never_scheduled to None, run_after=None
[2024-02-14T09:09:47.512+0000] {logging_mixin.py:188} INFO - [2024-02-14T09:09:47.512+0000] {dag.py:3820} INFO - Setting next_dagrun for dataset_produces_1 to 2024-02-13T00:00:00+00:00, run_after=2024-02-14T00:00:00+00:00
[2024-02-14T09:09:47.513+0000] {logging_mixin.py:188} INFO - [2024-02-14T09:09:47.513+0000] {dag.py:3820} INFO - Setting next_dagrun for dataset_produces_2 to None, run_after=None
[2024-02-14T09:09:47.578+0000] {processor.py:183} INFO - Processing /home/codespace/.local/share/virtualenvs/airflow_sandbox-vp-HKq_L/lib/python3.10/site-packages/airflow/example_dags/example_datasets.py took 0.141 seconds
[2024-02-14T09:10:45.458+0000] {processor.py:161} INFO - Started process (PID=6879) to work on /home/codespace/.local/share/virtualenvs/airflow_sandbox-vp-HKq_L/lib/python3.10/site-packages/airflow/example_dags/example_datasets.py
[2024-02-14T09:10:45.459+0000] {processor.py:830} INFO - Processing file /home/codespace/.local/share/virtualenvs/airflow_sandbox-vp-HKq_L/lib/python3.10/site-packages/airflow/example_dags/example_datasets.py for tasks to queue
[2024-02-14T09:10:45.460+0000] {logging_mixin.py:188} INFO - [2024-02-14T09:10:45.459+0000] {dagbag.py:538} INFO - Filling up the DagBag from /home/codespace/.local/share/virtualenvs/airflow_sandbox-vp-HKq_L/lib/python3.10/site-packages/airflow/example_dags/example_datasets.py
[2024-02-14T09:10:45.467+0000] {processor.py:840} INFO - DAG(s) 'dataset_produces_2', 'dataset_consumes_1_never_scheduled', 'dataset_consumes_unknown_never_scheduled', 'dataset_produces_1', 'dataset_consumes_1_and_2', 'dataset_consumes_1' retrieved from /home/codespace/.local/share/virtualenvs/airflow_sandbox-vp-HKq_L/lib/python3.10/site-packages/airflow/example_dags/example_datasets.py
[2024-02-14T09:10:45.492+0000] {logging_mixin.py:188} INFO - [2024-02-14T09:10:45.492+0000] {dag.py:3033} INFO - Sync 6 DAGs
[2024-02-14T09:10:45.518+0000] {logging_mixin.py:188} INFO - [2024-02-14T09:10:45.517+0000] {dag.py:3820} INFO - Setting next_dagrun for dataset_consumes_1 to None, run_after=None
[2024-02-14T09:10:45.555+0000] {logging_mixin.py:188} INFO - [2024-02-14T09:10:45.555+0000] {dag.py:3820} INFO - Setting next_dagrun for dataset_consumes_1_and_2 to None, run_after=None
[2024-02-14T09:10:45.556+0000] {logging_mixin.py:188} INFO - [2024-02-14T09:10:45.556+0000] {dag.py:3820} INFO - Setting next_dagrun for dataset_consumes_1_never_scheduled to None, run_after=None
[2024-02-14T09:10:45.557+0000] {logging_mixin.py:188} INFO - [2024-02-14T09:10:45.557+0000] {dag.py:3820} INFO - Setting next_dagrun for dataset_consumes_unknown_never_scheduled to None, run_after=None
[2024-02-14T09:10:45.560+0000] {logging_mixin.py:188} INFO - [2024-02-14T09:10:45.559+0000] {dag.py:3820} INFO - Setting next_dagrun for dataset_produces_1 to 2024-02-13T00:00:00+00:00, run_after=2024-02-14T00:00:00+00:00
[2024-02-14T09:10:45.560+0000] {logging_mixin.py:188} INFO - [2024-02-14T09:10:45.560+0000] {dag.py:3820} INFO - Setting next_dagrun for dataset_produces_2 to None, run_after=None
[2024-02-14T09:10:45.608+0000] {processor.py:183} INFO - Processing /home/codespace/.local/share/virtualenvs/airflow_sandbox-vp-HKq_L/lib/python3.10/site-packages/airflow/example_dags/example_datasets.py took 0.152 seconds
[2024-02-14T09:11:39.087+0000] {processor.py:161} INFO - Started process (PID=7604) to work on /home/codespace/.local/share/virtualenvs/airflow_sandbox-vp-HKq_L/lib/python3.10/site-packages/airflow/example_dags/example_datasets.py
[2024-02-14T09:11:39.088+0000] {processor.py:830} INFO - Processing file /home/codespace/.local/share/virtualenvs/airflow_sandbox-vp-HKq_L/lib/python3.10/site-packages/airflow/example_dags/example_datasets.py for tasks to queue
[2024-02-14T09:11:39.088+0000] {logging_mixin.py:188} INFO - [2024-02-14T09:11:39.088+0000] {dagbag.py:538} INFO - Filling up the DagBag from /home/codespace/.local/share/virtualenvs/airflow_sandbox-vp-HKq_L/lib/python3.10/site-packages/airflow/example_dags/example_datasets.py
[2024-02-14T09:11:39.096+0000] {processor.py:840} INFO - DAG(s) 'dataset_produces_2', 'dataset_produces_1', 'dataset_consumes_1_never_scheduled', 'dataset_consumes_1', 'dataset_consumes_1_and_2', 'dataset_consumes_unknown_never_scheduled' retrieved from /home/codespace/.local/share/virtualenvs/airflow_sandbox-vp-HKq_L/lib/python3.10/site-packages/airflow/example_dags/example_datasets.py
[2024-02-14T09:11:39.125+0000] {logging_mixin.py:188} INFO - [2024-02-14T09:11:39.125+0000] {dag.py:3033} INFO - Sync 6 DAGs
[2024-02-14T09:11:39.150+0000] {logging_mixin.py:188} INFO - [2024-02-14T09:11:39.150+0000] {dag.py:3820} INFO - Setting next_dagrun for dataset_consumes_1 to None, run_after=None
[2024-02-14T09:11:39.154+0000] {logging_mixin.py:188} INFO - [2024-02-14T09:11:39.153+0000] {dag.py:3820} INFO - Setting next_dagrun for dataset_consumes_1_and_2 to None, run_after=None
[2024-02-14T09:11:39.155+0000] {logging_mixin.py:188} INFO - [2024-02-14T09:11:39.154+0000] {dag.py:3820} INFO - Setting next_dagrun for dataset_consumes_1_never_scheduled to None, run_after=None
[2024-02-14T09:11:39.156+0000] {logging_mixin.py:188} INFO - [2024-02-14T09:11:39.155+0000] {dag.py:3820} INFO - Setting next_dagrun for dataset_consumes_unknown_never_scheduled to None, run_after=None
[2024-02-14T09:11:39.159+0000] {logging_mixin.py:188} INFO - [2024-02-14T09:11:39.159+0000] {dag.py:3820} INFO - Setting next_dagrun for dataset_produces_1 to 2024-02-13T00:00:00+00:00, run_after=2024-02-14T00:00:00+00:00
[2024-02-14T09:11:39.160+0000] {logging_mixin.py:188} INFO - [2024-02-14T09:11:39.160+0000] {dag.py:3820} INFO - Setting next_dagrun for dataset_produces_2 to None, run_after=None
[2024-02-14T09:11:39.274+0000] {processor.py:183} INFO - Processing /home/codespace/.local/share/virtualenvs/airflow_sandbox-vp-HKq_L/lib/python3.10/site-packages/airflow/example_dags/example_datasets.py took 0.189 seconds
[2024-02-14T09:12:33.161+0000] {processor.py:161} INFO - Started process (PID=8149) to work on /home/codespace/.local/share/virtualenvs/airflow_sandbox-vp-HKq_L/lib/python3.10/site-packages/airflow/example_dags/example_datasets.py
[2024-02-14T09:12:33.161+0000] {processor.py:830} INFO - Processing file /home/codespace/.local/share/virtualenvs/airflow_sandbox-vp-HKq_L/lib/python3.10/site-packages/airflow/example_dags/example_datasets.py for tasks to queue
[2024-02-14T09:12:33.162+0000] {logging_mixin.py:188} INFO - [2024-02-14T09:12:33.162+0000] {dagbag.py:538} INFO - Filling up the DagBag from /home/codespace/.local/share/virtualenvs/airflow_sandbox-vp-HKq_L/lib/python3.10/site-packages/airflow/example_dags/example_datasets.py
[2024-02-14T09:12:33.170+0000] {processor.py:840} INFO - DAG(s) 'dataset_consumes_1', 'dataset_consumes_1_never_scheduled', 'dataset_produces_2', 'dataset_produces_1', 'dataset_consumes_1_and_2', 'dataset_consumes_unknown_never_scheduled' retrieved from /home/codespace/.local/share/virtualenvs/airflow_sandbox-vp-HKq_L/lib/python3.10/site-packages/airflow/example_dags/example_datasets.py
[2024-02-14T09:12:33.191+0000] {logging_mixin.py:188} INFO - [2024-02-14T09:12:33.191+0000] {dag.py:3033} INFO - Sync 6 DAGs
[2024-02-14T09:12:33.207+0000] {logging_mixin.py:188} INFO - [2024-02-14T09:12:33.207+0000] {dag.py:3820} INFO - Setting next_dagrun for dataset_consumes_1 to None, run_after=None
[2024-02-14T09:12:33.210+0000] {logging_mixin.py:188} INFO - [2024-02-14T09:12:33.210+0000] {dag.py:3820} INFO - Setting next_dagrun for dataset_consumes_1_and_2 to None, run_after=None
[2024-02-14T09:12:33.211+0000] {logging_mixin.py:188} INFO - [2024-02-14T09:12:33.211+0000] {dag.py:3820} INFO - Setting next_dagrun for dataset_consumes_1_never_scheduled to None, run_after=None
[2024-02-14T09:12:33.212+0000] {logging_mixin.py:188} INFO - [2024-02-14T09:12:33.212+0000] {dag.py:3820} INFO - Setting next_dagrun for dataset_consumes_unknown_never_scheduled to None, run_after=None
[2024-02-14T09:12:33.214+0000] {logging_mixin.py:188} INFO - [2024-02-14T09:12:33.214+0000] {dag.py:3820} INFO - Setting next_dagrun for dataset_produces_1 to 2024-02-13T00:00:00+00:00, run_after=2024-02-14T00:00:00+00:00
[2024-02-14T09:12:33.215+0000] {logging_mixin.py:188} INFO - [2024-02-14T09:12:33.215+0000] {dag.py:3820} INFO - Setting next_dagrun for dataset_produces_2 to None, run_after=None
[2024-02-14T09:12:33.262+0000] {processor.py:183} INFO - Processing /home/codespace/.local/share/virtualenvs/airflow_sandbox-vp-HKq_L/lib/python3.10/site-packages/airflow/example_dags/example_datasets.py took 0.104 seconds
[2024-02-14T09:13:30.023+0000] {processor.py:161} INFO - Started process (PID=8613) to work on /home/codespace/.local/share/virtualenvs/airflow_sandbox-vp-HKq_L/lib/python3.10/site-packages/airflow/example_dags/example_datasets.py
[2024-02-14T09:13:30.024+0000] {processor.py:830} INFO - Processing file /home/codespace/.local/share/virtualenvs/airflow_sandbox-vp-HKq_L/lib/python3.10/site-packages/airflow/example_dags/example_datasets.py for tasks to queue
[2024-02-14T09:13:30.025+0000] {logging_mixin.py:188} INFO - [2024-02-14T09:13:30.025+0000] {dagbag.py:538} INFO - Filling up the DagBag from /home/codespace/.local/share/virtualenvs/airflow_sandbox-vp-HKq_L/lib/python3.10/site-packages/airflow/example_dags/example_datasets.py
[2024-02-14T09:13:30.033+0000] {processor.py:840} INFO - DAG(s) 'dataset_consumes_unknown_never_scheduled', 'dataset_consumes_1_and_2', 'dataset_consumes_1_never_scheduled', 'dataset_produces_2', 'dataset_consumes_1', 'dataset_produces_1' retrieved from /home/codespace/.local/share/virtualenvs/airflow_sandbox-vp-HKq_L/lib/python3.10/site-packages/airflow/example_dags/example_datasets.py
[2024-02-14T09:13:30.055+0000] {logging_mixin.py:188} INFO - [2024-02-14T09:13:30.055+0000] {dag.py:3033} INFO - Sync 6 DAGs
[2024-02-14T09:13:30.072+0000] {logging_mixin.py:188} INFO - [2024-02-14T09:13:30.072+0000] {dag.py:3820} INFO - Setting next_dagrun for dataset_consumes_1 to None, run_after=None
[2024-02-14T09:13:30.075+0000] {logging_mixin.py:188} INFO - [2024-02-14T09:13:30.075+0000] {dag.py:3820} INFO - Setting next_dagrun for dataset_consumes_1_and_2 to None, run_after=None
[2024-02-14T09:13:30.075+0000] {logging_mixin.py:188} INFO - [2024-02-14T09:13:30.075+0000] {dag.py:3820} INFO - Setting next_dagrun for dataset_consumes_1_never_scheduled to None, run_after=None
[2024-02-14T09:13:30.076+0000] {logging_mixin.py:188} INFO - [2024-02-14T09:13:30.076+0000] {dag.py:3820} INFO - Setting next_dagrun for dataset_consumes_unknown_never_scheduled to None, run_after=None
[2024-02-14T09:13:30.078+0000] {logging_mixin.py:188} INFO - [2024-02-14T09:13:30.078+0000] {dag.py:3820} INFO - Setting next_dagrun for dataset_produces_1 to 2024-02-13T00:00:00+00:00, run_after=2024-02-14T00:00:00+00:00
[2024-02-14T09:13:30.079+0000] {logging_mixin.py:188} INFO - [2024-02-14T09:13:30.079+0000] {dag.py:3820} INFO - Setting next_dagrun for dataset_produces_2 to None, run_after=None
[2024-02-14T09:13:30.127+0000] {processor.py:183} INFO - Processing /home/codespace/.local/share/virtualenvs/airflow_sandbox-vp-HKq_L/lib/python3.10/site-packages/airflow/example_dags/example_datasets.py took 0.106 seconds
[2024-02-14T09:14:22.360+0000] {processor.py:161} INFO - Started process (PID=9051) to work on /home/codespace/.local/share/virtualenvs/airflow_sandbox-vp-HKq_L/lib/python3.10/site-packages/airflow/example_dags/example_datasets.py
[2024-02-14T09:14:22.360+0000] {processor.py:830} INFO - Processing file /home/codespace/.local/share/virtualenvs/airflow_sandbox-vp-HKq_L/lib/python3.10/site-packages/airflow/example_dags/example_datasets.py for tasks to queue
[2024-02-14T09:14:22.361+0000] {logging_mixin.py:188} INFO - [2024-02-14T09:14:22.361+0000] {dagbag.py:538} INFO - Filling up the DagBag from /home/codespace/.local/share/virtualenvs/airflow_sandbox-vp-HKq_L/lib/python3.10/site-packages/airflow/example_dags/example_datasets.py
[2024-02-14T09:14:22.369+0000] {processor.py:840} INFO - DAG(s) 'dataset_consumes_1_and_2', 'dataset_produces_2', 'dataset_consumes_unknown_never_scheduled', 'dataset_consumes_1', 'dataset_consumes_1_never_scheduled', 'dataset_produces_1' retrieved from /home/codespace/.local/share/virtualenvs/airflow_sandbox-vp-HKq_L/lib/python3.10/site-packages/airflow/example_dags/example_datasets.py
[2024-02-14T09:14:22.389+0000] {logging_mixin.py:188} INFO - [2024-02-14T09:14:22.389+0000] {dag.py:3033} INFO - Sync 6 DAGs
[2024-02-14T09:14:22.405+0000] {logging_mixin.py:188} INFO - [2024-02-14T09:14:22.404+0000] {dag.py:3820} INFO - Setting next_dagrun for dataset_consumes_1 to None, run_after=None
[2024-02-14T09:14:22.407+0000] {logging_mixin.py:188} INFO - [2024-02-14T09:14:22.407+0000] {dag.py:3820} INFO - Setting next_dagrun for dataset_consumes_1_and_2 to None, run_after=None
[2024-02-14T09:14:22.408+0000] {logging_mixin.py:188} INFO - [2024-02-14T09:14:22.408+0000] {dag.py:3820} INFO - Setting next_dagrun for dataset_consumes_1_never_scheduled to None, run_after=None
[2024-02-14T09:14:22.408+0000] {logging_mixin.py:188} INFO - [2024-02-14T09:14:22.408+0000] {dag.py:3820} INFO - Setting next_dagrun for dataset_consumes_unknown_never_scheduled to None, run_after=None
[2024-02-14T09:14:22.410+0000] {logging_mixin.py:188} INFO - [2024-02-14T09:14:22.410+0000] {dag.py:3820} INFO - Setting next_dagrun for dataset_produces_1 to 2024-02-13T00:00:00+00:00, run_after=2024-02-14T00:00:00+00:00
[2024-02-14T09:14:22.411+0000] {logging_mixin.py:188} INFO - [2024-02-14T09:14:22.411+0000] {dag.py:3820} INFO - Setting next_dagrun for dataset_produces_2 to None, run_after=None
[2024-02-14T09:14:22.459+0000] {processor.py:183} INFO - Processing /home/codespace/.local/share/virtualenvs/airflow_sandbox-vp-HKq_L/lib/python3.10/site-packages/airflow/example_dags/example_datasets.py took 0.102 seconds
[2024-02-14T09:15:13.996+0000] {processor.py:161} INFO - Started process (PID=9405) to work on /home/codespace/.local/share/virtualenvs/airflow_sandbox-vp-HKq_L/lib/python3.10/site-packages/airflow/example_dags/example_datasets.py
[2024-02-14T09:15:13.997+0000] {processor.py:830} INFO - Processing file /home/codespace/.local/share/virtualenvs/airflow_sandbox-vp-HKq_L/lib/python3.10/site-packages/airflow/example_dags/example_datasets.py for tasks to queue
[2024-02-14T09:15:13.998+0000] {logging_mixin.py:188} INFO - [2024-02-14T09:15:13.997+0000] {dagbag.py:538} INFO - Filling up the DagBag from /home/codespace/.local/share/virtualenvs/airflow_sandbox-vp-HKq_L/lib/python3.10/site-packages/airflow/example_dags/example_datasets.py
[2024-02-14T09:15:14.005+0000] {processor.py:840} INFO - DAG(s) 'dataset_consumes_1', 'dataset_consumes_1_never_scheduled', 'dataset_consumes_1_and_2', 'dataset_consumes_unknown_never_scheduled', 'dataset_produces_2', 'dataset_produces_1' retrieved from /home/codespace/.local/share/virtualenvs/airflow_sandbox-vp-HKq_L/lib/python3.10/site-packages/airflow/example_dags/example_datasets.py
[2024-02-14T09:15:14.027+0000] {logging_mixin.py:188} INFO - [2024-02-14T09:15:14.027+0000] {dag.py:3033} INFO - Sync 6 DAGs
[2024-02-14T09:15:14.044+0000] {logging_mixin.py:188} INFO - [2024-02-14T09:15:14.044+0000] {dag.py:3820} INFO - Setting next_dagrun for dataset_consumes_1 to None, run_after=None
[2024-02-14T09:15:14.046+0000] {logging_mixin.py:188} INFO - [2024-02-14T09:15:14.046+0000] {dag.py:3820} INFO - Setting next_dagrun for dataset_consumes_1_and_2 to None, run_after=None
[2024-02-14T09:15:14.047+0000] {logging_mixin.py:188} INFO - [2024-02-14T09:15:14.047+0000] {dag.py:3820} INFO - Setting next_dagrun for dataset_consumes_1_never_scheduled to None, run_after=None
[2024-02-14T09:15:14.048+0000] {logging_mixin.py:188} INFO - [2024-02-14T09:15:14.048+0000] {dag.py:3820} INFO - Setting next_dagrun for dataset_consumes_unknown_never_scheduled to None, run_after=None
[2024-02-14T09:15:14.050+0000] {logging_mixin.py:188} INFO - [2024-02-14T09:15:14.050+0000] {dag.py:3820} INFO - Setting next_dagrun for dataset_produces_1 to 2024-02-13T00:00:00+00:00, run_after=2024-02-14T00:00:00+00:00
[2024-02-14T09:15:14.051+0000] {logging_mixin.py:188} INFO - [2024-02-14T09:15:14.051+0000] {dag.py:3820} INFO - Setting next_dagrun for dataset_produces_2 to None, run_after=None
[2024-02-14T09:15:14.098+0000] {processor.py:183} INFO - Processing /home/codespace/.local/share/virtualenvs/airflow_sandbox-vp-HKq_L/lib/python3.10/site-packages/airflow/example_dags/example_datasets.py took 0.104 seconds
[2024-02-14T09:16:04.662+0000] {processor.py:161} INFO - Started process (PID=9763) to work on /home/codespace/.local/share/virtualenvs/airflow_sandbox-vp-HKq_L/lib/python3.10/site-packages/airflow/example_dags/example_datasets.py
[2024-02-14T09:16:04.663+0000] {processor.py:830} INFO - Processing file /home/codespace/.local/share/virtualenvs/airflow_sandbox-vp-HKq_L/lib/python3.10/site-packages/airflow/example_dags/example_datasets.py for tasks to queue
[2024-02-14T09:16:04.663+0000] {logging_mixin.py:188} INFO - [2024-02-14T09:16:04.663+0000] {dagbag.py:538} INFO - Filling up the DagBag from /home/codespace/.local/share/virtualenvs/airflow_sandbox-vp-HKq_L/lib/python3.10/site-packages/airflow/example_dags/example_datasets.py
[2024-02-14T09:16:04.672+0000] {processor.py:840} INFO - DAG(s) 'dataset_produces_1', 'dataset_consumes_1_never_scheduled', 'dataset_consumes_1_and_2', 'dataset_consumes_unknown_never_scheduled', 'dataset_produces_2', 'dataset_consumes_1' retrieved from /home/codespace/.local/share/virtualenvs/airflow_sandbox-vp-HKq_L/lib/python3.10/site-packages/airflow/example_dags/example_datasets.py
[2024-02-14T09:16:04.699+0000] {logging_mixin.py:188} INFO - [2024-02-14T09:16:04.699+0000] {dag.py:3033} INFO - Sync 6 DAGs
[2024-02-14T09:16:04.717+0000] {logging_mixin.py:188} INFO - [2024-02-14T09:16:04.717+0000] {dag.py:3820} INFO - Setting next_dagrun for dataset_consumes_1 to None, run_after=None
[2024-02-14T09:16:04.720+0000] {logging_mixin.py:188} INFO - [2024-02-14T09:16:04.720+0000] {dag.py:3820} INFO - Setting next_dagrun for dataset_consumes_1_and_2 to None, run_after=None
[2024-02-14T09:16:04.721+0000] {logging_mixin.py:188} INFO - [2024-02-14T09:16:04.721+0000] {dag.py:3820} INFO - Setting next_dagrun for dataset_consumes_1_never_scheduled to None, run_after=None
[2024-02-14T09:16:04.722+0000] {logging_mixin.py:188} INFO - [2024-02-14T09:16:04.722+0000] {dag.py:3820} INFO - Setting next_dagrun for dataset_consumes_unknown_never_scheduled to None, run_after=None
[2024-02-14T09:16:04.724+0000] {logging_mixin.py:188} INFO - [2024-02-14T09:16:04.724+0000] {dag.py:3820} INFO - Setting next_dagrun for dataset_produces_1 to 2024-02-13T00:00:00+00:00, run_after=2024-02-14T00:00:00+00:00
[2024-02-14T09:16:04.725+0000] {logging_mixin.py:188} INFO - [2024-02-14T09:16:04.725+0000] {dag.py:3820} INFO - Setting next_dagrun for dataset_produces_2 to None, run_after=None
[2024-02-14T09:16:04.774+0000] {processor.py:183} INFO - Processing /home/codespace/.local/share/virtualenvs/airflow_sandbox-vp-HKq_L/lib/python3.10/site-packages/airflow/example_dags/example_datasets.py took 0.115 seconds
[2024-02-14T09:17:00.202+0000] {processor.py:161} INFO - Started process (PID=10153) to work on /home/codespace/.local/share/virtualenvs/airflow_sandbox-vp-HKq_L/lib/python3.10/site-packages/airflow/example_dags/example_datasets.py
[2024-02-14T09:17:00.203+0000] {processor.py:830} INFO - Processing file /home/codespace/.local/share/virtualenvs/airflow_sandbox-vp-HKq_L/lib/python3.10/site-packages/airflow/example_dags/example_datasets.py for tasks to queue
[2024-02-14T09:17:00.204+0000] {logging_mixin.py:188} INFO - [2024-02-14T09:17:00.203+0000] {dagbag.py:538} INFO - Filling up the DagBag from /home/codespace/.local/share/virtualenvs/airflow_sandbox-vp-HKq_L/lib/python3.10/site-packages/airflow/example_dags/example_datasets.py
[2024-02-14T09:17:00.211+0000] {processor.py:840} INFO - DAG(s) 'dataset_produces_2', 'dataset_consumes_1_and_2', 'dataset_consumes_1', 'dataset_consumes_1_never_scheduled', 'dataset_consumes_unknown_never_scheduled', 'dataset_produces_1' retrieved from /home/codespace/.local/share/virtualenvs/airflow_sandbox-vp-HKq_L/lib/python3.10/site-packages/airflow/example_dags/example_datasets.py
[2024-02-14T09:17:00.233+0000] {logging_mixin.py:188} INFO - [2024-02-14T09:17:00.233+0000] {dag.py:3033} INFO - Sync 6 DAGs
[2024-02-14T09:17:00.249+0000] {logging_mixin.py:188} INFO - [2024-02-14T09:17:00.248+0000] {dag.py:3820} INFO - Setting next_dagrun for dataset_consumes_1 to None, run_after=None
[2024-02-14T09:17:00.251+0000] {logging_mixin.py:188} INFO - [2024-02-14T09:17:00.251+0000] {dag.py:3820} INFO - Setting next_dagrun for dataset_consumes_1_and_2 to None, run_after=None
[2024-02-14T09:17:00.252+0000] {logging_mixin.py:188} INFO - [2024-02-14T09:17:00.252+0000] {dag.py:3820} INFO - Setting next_dagrun for dataset_consumes_1_never_scheduled to None, run_after=None
[2024-02-14T09:17:00.252+0000] {logging_mixin.py:188} INFO - [2024-02-14T09:17:00.252+0000] {dag.py:3820} INFO - Setting next_dagrun for dataset_consumes_unknown_never_scheduled to None, run_after=None
[2024-02-14T09:17:00.254+0000] {logging_mixin.py:188} INFO - [2024-02-14T09:17:00.254+0000] {dag.py:3820} INFO - Setting next_dagrun for dataset_produces_1 to 2024-02-13T00:00:00+00:00, run_after=2024-02-14T00:00:00+00:00
[2024-02-14T09:17:00.255+0000] {logging_mixin.py:188} INFO - [2024-02-14T09:17:00.255+0000] {dag.py:3820} INFO - Setting next_dagrun for dataset_produces_2 to None, run_after=None
[2024-02-14T09:17:00.300+0000] {processor.py:183} INFO - Processing /home/codespace/.local/share/virtualenvs/airflow_sandbox-vp-HKq_L/lib/python3.10/site-packages/airflow/example_dags/example_datasets.py took 0.101 seconds
[2024-02-14T09:17:51.201+0000] {processor.py:161} INFO - Started process (PID=10542) to work on /home/codespace/.local/share/virtualenvs/airflow_sandbox-vp-HKq_L/lib/python3.10/site-packages/airflow/example_dags/example_datasets.py
[2024-02-14T09:17:51.202+0000] {processor.py:830} INFO - Processing file /home/codespace/.local/share/virtualenvs/airflow_sandbox-vp-HKq_L/lib/python3.10/site-packages/airflow/example_dags/example_datasets.py for tasks to queue
[2024-02-14T09:17:51.203+0000] {logging_mixin.py:188} INFO - [2024-02-14T09:17:51.202+0000] {dagbag.py:538} INFO - Filling up the DagBag from /home/codespace/.local/share/virtualenvs/airflow_sandbox-vp-HKq_L/lib/python3.10/site-packages/airflow/example_dags/example_datasets.py
[2024-02-14T09:17:51.210+0000] {processor.py:840} INFO - DAG(s) 'dataset_consumes_1', 'dataset_consumes_unknown_never_scheduled', 'dataset_consumes_1_and_2', 'dataset_consumes_1_never_scheduled', 'dataset_produces_2', 'dataset_produces_1' retrieved from /home/codespace/.local/share/virtualenvs/airflow_sandbox-vp-HKq_L/lib/python3.10/site-packages/airflow/example_dags/example_datasets.py
[2024-02-14T09:17:51.239+0000] {logging_mixin.py:188} INFO - [2024-02-14T09:17:51.239+0000] {dag.py:3033} INFO - Sync 6 DAGs
[2024-02-14T09:17:51.256+0000] {logging_mixin.py:188} INFO - [2024-02-14T09:17:51.256+0000] {dag.py:3820} INFO - Setting next_dagrun for dataset_consumes_1 to None, run_after=None
[2024-02-14T09:17:51.259+0000] {logging_mixin.py:188} INFO - [2024-02-14T09:17:51.259+0000] {dag.py:3820} INFO - Setting next_dagrun for dataset_consumes_1_and_2 to None, run_after=None
[2024-02-14T09:17:51.259+0000] {logging_mixin.py:188} INFO - [2024-02-14T09:17:51.259+0000] {dag.py:3820} INFO - Setting next_dagrun for dataset_consumes_1_never_scheduled to None, run_after=None
[2024-02-14T09:17:51.260+0000] {logging_mixin.py:188} INFO - [2024-02-14T09:17:51.260+0000] {dag.py:3820} INFO - Setting next_dagrun for dataset_consumes_unknown_never_scheduled to None, run_after=None
[2024-02-14T09:17:51.263+0000] {logging_mixin.py:188} INFO - [2024-02-14T09:17:51.262+0000] {dag.py:3820} INFO - Setting next_dagrun for dataset_produces_1 to 2024-02-13T00:00:00+00:00, run_after=2024-02-14T00:00:00+00:00
[2024-02-14T09:17:51.263+0000] {logging_mixin.py:188} INFO - [2024-02-14T09:17:51.263+0000] {dag.py:3820} INFO - Setting next_dagrun for dataset_produces_2 to None, run_after=None
[2024-02-14T09:17:51.316+0000] {processor.py:183} INFO - Processing /home/codespace/.local/share/virtualenvs/airflow_sandbox-vp-HKq_L/lib/python3.10/site-packages/airflow/example_dags/example_datasets.py took 0.117 seconds
[2024-02-14T09:18:43.947+0000] {processor.py:161} INFO - Started process (PID=10945) to work on /home/codespace/.local/share/virtualenvs/airflow_sandbox-vp-HKq_L/lib/python3.10/site-packages/airflow/example_dags/example_datasets.py
[2024-02-14T09:18:43.947+0000] {processor.py:830} INFO - Processing file /home/codespace/.local/share/virtualenvs/airflow_sandbox-vp-HKq_L/lib/python3.10/site-packages/airflow/example_dags/example_datasets.py for tasks to queue
[2024-02-14T09:18:43.948+0000] {logging_mixin.py:188} INFO - [2024-02-14T09:18:43.948+0000] {dagbag.py:538} INFO - Filling up the DagBag from /home/codespace/.local/share/virtualenvs/airflow_sandbox-vp-HKq_L/lib/python3.10/site-packages/airflow/example_dags/example_datasets.py
[2024-02-14T09:18:43.957+0000] {processor.py:840} INFO - DAG(s) 'dataset_produces_1', 'dataset_consumes_1', 'dataset_produces_2', 'dataset_consumes_1_never_scheduled', 'dataset_consumes_unknown_never_scheduled', 'dataset_consumes_1_and_2' retrieved from /home/codespace/.local/share/virtualenvs/airflow_sandbox-vp-HKq_L/lib/python3.10/site-packages/airflow/example_dags/example_datasets.py
[2024-02-14T09:18:43.982+0000] {logging_mixin.py:188} INFO - [2024-02-14T09:18:43.982+0000] {dag.py:3033} INFO - Sync 6 DAGs
[2024-02-14T09:18:43.998+0000] {logging_mixin.py:188} INFO - [2024-02-14T09:18:43.998+0000] {dag.py:3820} INFO - Setting next_dagrun for dataset_consumes_1 to None, run_after=None
[2024-02-14T09:18:44.001+0000] {logging_mixin.py:188} INFO - [2024-02-14T09:18:44.001+0000] {dag.py:3820} INFO - Setting next_dagrun for dataset_consumes_1_and_2 to None, run_after=None
[2024-02-14T09:18:44.002+0000] {logging_mixin.py:188} INFO - [2024-02-14T09:18:44.002+0000] {dag.py:3820} INFO - Setting next_dagrun for dataset_consumes_1_never_scheduled to None, run_after=None
[2024-02-14T09:18:44.003+0000] {logging_mixin.py:188} INFO - [2024-02-14T09:18:44.003+0000] {dag.py:3820} INFO - Setting next_dagrun for dataset_consumes_unknown_never_scheduled to None, run_after=None
[2024-02-14T09:18:44.005+0000] {logging_mixin.py:188} INFO - [2024-02-14T09:18:44.005+0000] {dag.py:3820} INFO - Setting next_dagrun for dataset_produces_1 to 2024-02-13T00:00:00+00:00, run_after=2024-02-14T00:00:00+00:00
[2024-02-14T09:18:44.006+0000] {logging_mixin.py:188} INFO - [2024-02-14T09:18:44.005+0000] {dag.py:3820} INFO - Setting next_dagrun for dataset_produces_2 to None, run_after=None
[2024-02-14T09:18:44.055+0000] {processor.py:183} INFO - Processing /home/codespace/.local/share/virtualenvs/airflow_sandbox-vp-HKq_L/lib/python3.10/site-packages/airflow/example_dags/example_datasets.py took 0.111 seconds
[2024-02-14T09:19:38.449+0000] {processor.py:161} INFO - Started process (PID=11326) to work on /home/codespace/.local/share/virtualenvs/airflow_sandbox-vp-HKq_L/lib/python3.10/site-packages/airflow/example_dags/example_datasets.py
[2024-02-14T09:19:38.450+0000] {processor.py:830} INFO - Processing file /home/codespace/.local/share/virtualenvs/airflow_sandbox-vp-HKq_L/lib/python3.10/site-packages/airflow/example_dags/example_datasets.py for tasks to queue
[2024-02-14T09:19:38.450+0000] {logging_mixin.py:188} INFO - [2024-02-14T09:19:38.450+0000] {dagbag.py:538} INFO - Filling up the DagBag from /home/codespace/.local/share/virtualenvs/airflow_sandbox-vp-HKq_L/lib/python3.10/site-packages/airflow/example_dags/example_datasets.py
[2024-02-14T09:19:38.458+0000] {processor.py:840} INFO - DAG(s) 'dataset_produces_1', 'dataset_consumes_1', 'dataset_consumes_1_and_2', 'dataset_consumes_1_never_scheduled', 'dataset_consumes_unknown_never_scheduled', 'dataset_produces_2' retrieved from /home/codespace/.local/share/virtualenvs/airflow_sandbox-vp-HKq_L/lib/python3.10/site-packages/airflow/example_dags/example_datasets.py
[2024-02-14T09:19:38.478+0000] {logging_mixin.py:188} INFO - [2024-02-14T09:19:38.478+0000] {dag.py:3033} INFO - Sync 6 DAGs
[2024-02-14T09:19:38.494+0000] {logging_mixin.py:188} INFO - [2024-02-14T09:19:38.494+0000] {dag.py:3820} INFO - Setting next_dagrun for dataset_consumes_1 to None, run_after=None
[2024-02-14T09:19:38.497+0000] {logging_mixin.py:188} INFO - [2024-02-14T09:19:38.497+0000] {dag.py:3820} INFO - Setting next_dagrun for dataset_consumes_1_and_2 to None, run_after=None
[2024-02-14T09:19:38.498+0000] {logging_mixin.py:188} INFO - [2024-02-14T09:19:38.497+0000] {dag.py:3820} INFO - Setting next_dagrun for dataset_consumes_1_never_scheduled to None, run_after=None
[2024-02-14T09:19:38.498+0000] {logging_mixin.py:188} INFO - [2024-02-14T09:19:38.498+0000] {dag.py:3820} INFO - Setting next_dagrun for dataset_consumes_unknown_never_scheduled to None, run_after=None
[2024-02-14T09:19:38.500+0000] {logging_mixin.py:188} INFO - [2024-02-14T09:19:38.500+0000] {dag.py:3820} INFO - Setting next_dagrun for dataset_produces_1 to 2024-02-13T00:00:00+00:00, run_after=2024-02-14T00:00:00+00:00
[2024-02-14T09:19:38.501+0000] {logging_mixin.py:188} INFO - [2024-02-14T09:19:38.501+0000] {dag.py:3820} INFO - Setting next_dagrun for dataset_produces_2 to None, run_after=None
[2024-02-14T09:19:38.548+0000] {processor.py:183} INFO - Processing /home/codespace/.local/share/virtualenvs/airflow_sandbox-vp-HKq_L/lib/python3.10/site-packages/airflow/example_dags/example_datasets.py took 0.102 seconds
[2024-02-14T09:20:32.808+0000] {processor.py:161} INFO - Started process (PID=12189) to work on /home/codespace/.local/share/virtualenvs/airflow_sandbox-vp-HKq_L/lib/python3.10/site-packages/airflow/example_dags/example_datasets.py
[2024-02-14T09:20:32.809+0000] {processor.py:830} INFO - Processing file /home/codespace/.local/share/virtualenvs/airflow_sandbox-vp-HKq_L/lib/python3.10/site-packages/airflow/example_dags/example_datasets.py for tasks to queue
[2024-02-14T09:20:32.810+0000] {logging_mixin.py:188} INFO - [2024-02-14T09:20:32.810+0000] {dagbag.py:538} INFO - Filling up the DagBag from /home/codespace/.local/share/virtualenvs/airflow_sandbox-vp-HKq_L/lib/python3.10/site-packages/airflow/example_dags/example_datasets.py
[2024-02-14T09:20:32.819+0000] {processor.py:840} INFO - DAG(s) 'dataset_consumes_1_never_scheduled', 'dataset_produces_1', 'dataset_consumes_unknown_never_scheduled', 'dataset_produces_2', 'dataset_consumes_1_and_2', 'dataset_consumes_1' retrieved from /home/codespace/.local/share/virtualenvs/airflow_sandbox-vp-HKq_L/lib/python3.10/site-packages/airflow/example_dags/example_datasets.py
[2024-02-14T09:20:32.842+0000] {logging_mixin.py:188} INFO - [2024-02-14T09:20:32.842+0000] {dag.py:3033} INFO - Sync 6 DAGs
[2024-02-14T09:20:32.859+0000] {logging_mixin.py:188} INFO - [2024-02-14T09:20:32.859+0000] {dag.py:3820} INFO - Setting next_dagrun for dataset_consumes_1 to None, run_after=None
[2024-02-14T09:20:32.862+0000] {logging_mixin.py:188} INFO - [2024-02-14T09:20:32.862+0000] {dag.py:3820} INFO - Setting next_dagrun for dataset_consumes_1_and_2 to None, run_after=None
[2024-02-14T09:20:32.863+0000] {logging_mixin.py:188} INFO - [2024-02-14T09:20:32.863+0000] {dag.py:3820} INFO - Setting next_dagrun for dataset_consumes_1_never_scheduled to None, run_after=None
[2024-02-14T09:20:32.863+0000] {logging_mixin.py:188} INFO - [2024-02-14T09:20:32.863+0000] {dag.py:3820} INFO - Setting next_dagrun for dataset_consumes_unknown_never_scheduled to None, run_after=None
[2024-02-14T09:20:32.865+0000] {logging_mixin.py:188} INFO - [2024-02-14T09:20:32.865+0000] {dag.py:3820} INFO - Setting next_dagrun for dataset_produces_1 to 2024-02-13T00:00:00+00:00, run_after=2024-02-14T00:00:00+00:00
[2024-02-14T09:20:32.866+0000] {logging_mixin.py:188} INFO - [2024-02-14T09:20:32.866+0000] {dag.py:3820} INFO - Setting next_dagrun for dataset_produces_2 to None, run_after=None
[2024-02-14T09:20:32.913+0000] {processor.py:183} INFO - Processing /home/codespace/.local/share/virtualenvs/airflow_sandbox-vp-HKq_L/lib/python3.10/site-packages/airflow/example_dags/example_datasets.py took 0.107 seconds
[2024-02-14T09:21:23.152+0000] {processor.py:161} INFO - Started process (PID=12554) to work on /home/codespace/.local/share/virtualenvs/airflow_sandbox-vp-HKq_L/lib/python3.10/site-packages/airflow/example_dags/example_datasets.py
[2024-02-14T09:21:23.153+0000] {processor.py:830} INFO - Processing file /home/codespace/.local/share/virtualenvs/airflow_sandbox-vp-HKq_L/lib/python3.10/site-packages/airflow/example_dags/example_datasets.py for tasks to queue
[2024-02-14T09:21:23.154+0000] {logging_mixin.py:188} INFO - [2024-02-14T09:21:23.153+0000] {dagbag.py:538} INFO - Filling up the DagBag from /home/codespace/.local/share/virtualenvs/airflow_sandbox-vp-HKq_L/lib/python3.10/site-packages/airflow/example_dags/example_datasets.py
[2024-02-14T09:21:23.161+0000] {processor.py:840} INFO - DAG(s) 'dataset_produces_1', 'dataset_consumes_1_never_scheduled', 'dataset_consumes_1_and_2', 'dataset_consumes_unknown_never_scheduled', 'dataset_consumes_1', 'dataset_produces_2' retrieved from /home/codespace/.local/share/virtualenvs/airflow_sandbox-vp-HKq_L/lib/python3.10/site-packages/airflow/example_dags/example_datasets.py
[2024-02-14T09:21:23.182+0000] {logging_mixin.py:188} INFO - [2024-02-14T09:21:23.182+0000] {dag.py:3033} INFO - Sync 6 DAGs
[2024-02-14T09:21:23.199+0000] {logging_mixin.py:188} INFO - [2024-02-14T09:21:23.199+0000] {dag.py:3820} INFO - Setting next_dagrun for dataset_consumes_1 to None, run_after=None
[2024-02-14T09:21:23.202+0000] {logging_mixin.py:188} INFO - [2024-02-14T09:21:23.202+0000] {dag.py:3820} INFO - Setting next_dagrun for dataset_consumes_1_and_2 to None, run_after=None
[2024-02-14T09:21:23.203+0000] {logging_mixin.py:188} INFO - [2024-02-14T09:21:23.203+0000] {dag.py:3820} INFO - Setting next_dagrun for dataset_consumes_1_never_scheduled to None, run_after=None
[2024-02-14T09:21:23.204+0000] {logging_mixin.py:188} INFO - [2024-02-14T09:21:23.203+0000] {dag.py:3820} INFO - Setting next_dagrun for dataset_consumes_unknown_never_scheduled to None, run_after=None
[2024-02-14T09:21:23.206+0000] {logging_mixin.py:188} INFO - [2024-02-14T09:21:23.206+0000] {dag.py:3820} INFO - Setting next_dagrun for dataset_produces_1 to 2024-02-13T00:00:00+00:00, run_after=2024-02-14T00:00:00+00:00
[2024-02-14T09:21:23.206+0000] {logging_mixin.py:188} INFO - [2024-02-14T09:21:23.206+0000] {dag.py:3820} INFO - Setting next_dagrun for dataset_produces_2 to None, run_after=None
[2024-02-14T09:21:23.254+0000] {processor.py:183} INFO - Processing /home/codespace/.local/share/virtualenvs/airflow_sandbox-vp-HKq_L/lib/python3.10/site-packages/airflow/example_dags/example_datasets.py took 0.104 seconds
[2024-02-14T09:22:19.558+0000] {processor.py:161} INFO - Started process (PID=12974) to work on /home/codespace/.local/share/virtualenvs/airflow_sandbox-vp-HKq_L/lib/python3.10/site-packages/airflow/example_dags/example_datasets.py
[2024-02-14T09:22:19.559+0000] {processor.py:830} INFO - Processing file /home/codespace/.local/share/virtualenvs/airflow_sandbox-vp-HKq_L/lib/python3.10/site-packages/airflow/example_dags/example_datasets.py for tasks to queue
[2024-02-14T09:22:19.559+0000] {logging_mixin.py:188} INFO - [2024-02-14T09:22:19.559+0000] {dagbag.py:538} INFO - Filling up the DagBag from /home/codespace/.local/share/virtualenvs/airflow_sandbox-vp-HKq_L/lib/python3.10/site-packages/airflow/example_dags/example_datasets.py
[2024-02-14T09:22:19.568+0000] {processor.py:840} INFO - DAG(s) 'dataset_consumes_1_never_scheduled', 'dataset_produces_2', 'dataset_consumes_1_and_2', 'dataset_consumes_1', 'dataset_produces_1', 'dataset_consumes_unknown_never_scheduled' retrieved from /home/codespace/.local/share/virtualenvs/airflow_sandbox-vp-HKq_L/lib/python3.10/site-packages/airflow/example_dags/example_datasets.py
[2024-02-14T09:22:19.589+0000] {logging_mixin.py:188} INFO - [2024-02-14T09:22:19.589+0000] {dag.py:3033} INFO - Sync 6 DAGs
[2024-02-14T09:22:19.607+0000] {logging_mixin.py:188} INFO - [2024-02-14T09:22:19.606+0000] {dag.py:3820} INFO - Setting next_dagrun for dataset_consumes_1 to None, run_after=None
[2024-02-14T09:22:19.609+0000] {logging_mixin.py:188} INFO - [2024-02-14T09:22:19.609+0000] {dag.py:3820} INFO - Setting next_dagrun for dataset_consumes_1_and_2 to None, run_after=None
[2024-02-14T09:22:19.610+0000] {logging_mixin.py:188} INFO - [2024-02-14T09:22:19.610+0000] {dag.py:3820} INFO - Setting next_dagrun for dataset_consumes_1_never_scheduled to None, run_after=None
[2024-02-14T09:22:19.611+0000] {logging_mixin.py:188} INFO - [2024-02-14T09:22:19.610+0000] {dag.py:3820} INFO - Setting next_dagrun for dataset_consumes_unknown_never_scheduled to None, run_after=None
[2024-02-14T09:22:19.613+0000] {logging_mixin.py:188} INFO - [2024-02-14T09:22:19.613+0000] {dag.py:3820} INFO - Setting next_dagrun for dataset_produces_1 to 2024-02-13T00:00:00+00:00, run_after=2024-02-14T00:00:00+00:00
[2024-02-14T09:22:19.613+0000] {logging_mixin.py:188} INFO - [2024-02-14T09:22:19.613+0000] {dag.py:3820} INFO - Setting next_dagrun for dataset_produces_2 to None, run_after=None
[2024-02-14T09:22:19.662+0000] {processor.py:183} INFO - Processing /home/codespace/.local/share/virtualenvs/airflow_sandbox-vp-HKq_L/lib/python3.10/site-packages/airflow/example_dags/example_datasets.py took 0.107 seconds
[2024-02-14T09:23:16.997+0000] {processor.py:161} INFO - Started process (PID=13386) to work on /home/codespace/.local/share/virtualenvs/airflow_sandbox-vp-HKq_L/lib/python3.10/site-packages/airflow/example_dags/example_datasets.py
[2024-02-14T09:23:16.998+0000] {processor.py:830} INFO - Processing file /home/codespace/.local/share/virtualenvs/airflow_sandbox-vp-HKq_L/lib/python3.10/site-packages/airflow/example_dags/example_datasets.py for tasks to queue
[2024-02-14T09:23:16.999+0000] {logging_mixin.py:188} INFO - [2024-02-14T09:23:16.998+0000] {dagbag.py:538} INFO - Filling up the DagBag from /home/codespace/.local/share/virtualenvs/airflow_sandbox-vp-HKq_L/lib/python3.10/site-packages/airflow/example_dags/example_datasets.py
[2024-02-14T09:23:17.006+0000] {processor.py:840} INFO - DAG(s) 'dataset_consumes_1_and_2', 'dataset_consumes_1_never_scheduled', 'dataset_consumes_1', 'dataset_consumes_unknown_never_scheduled', 'dataset_produces_2', 'dataset_produces_1' retrieved from /home/codespace/.local/share/virtualenvs/airflow_sandbox-vp-HKq_L/lib/python3.10/site-packages/airflow/example_dags/example_datasets.py
[2024-02-14T09:23:17.029+0000] {logging_mixin.py:188} INFO - [2024-02-14T09:23:17.029+0000] {dag.py:3033} INFO - Sync 6 DAGs
[2024-02-14T09:23:17.045+0000] {logging_mixin.py:188} INFO - [2024-02-14T09:23:17.045+0000] {dag.py:3820} INFO - Setting next_dagrun for dataset_consumes_1 to None, run_after=None
[2024-02-14T09:23:17.048+0000] {logging_mixin.py:188} INFO - [2024-02-14T09:23:17.048+0000] {dag.py:3820} INFO - Setting next_dagrun for dataset_consumes_1_and_2 to None, run_after=None
[2024-02-14T09:23:17.049+0000] {logging_mixin.py:188} INFO - [2024-02-14T09:23:17.049+0000] {dag.py:3820} INFO - Setting next_dagrun for dataset_consumes_1_never_scheduled to None, run_after=None
[2024-02-14T09:23:17.049+0000] {logging_mixin.py:188} INFO - [2024-02-14T09:23:17.049+0000] {dag.py:3820} INFO - Setting next_dagrun for dataset_consumes_unknown_never_scheduled to None, run_after=None
[2024-02-14T09:23:17.051+0000] {logging_mixin.py:188} INFO - [2024-02-14T09:23:17.051+0000] {dag.py:3820} INFO - Setting next_dagrun for dataset_produces_1 to 2024-02-13T00:00:00+00:00, run_after=2024-02-14T00:00:00+00:00
[2024-02-14T09:23:17.052+0000] {logging_mixin.py:188} INFO - [2024-02-14T09:23:17.052+0000] {dag.py:3820} INFO - Setting next_dagrun for dataset_produces_2 to None, run_after=None
[2024-02-14T09:23:17.102+0000] {processor.py:183} INFO - Processing /home/codespace/.local/share/virtualenvs/airflow_sandbox-vp-HKq_L/lib/python3.10/site-packages/airflow/example_dags/example_datasets.py took 0.107 seconds
[2024-02-14T09:24:15.033+0000] {processor.py:161} INFO - Started process (PID=13796) to work on /home/codespace/.local/share/virtualenvs/airflow_sandbox-vp-HKq_L/lib/python3.10/site-packages/airflow/example_dags/example_datasets.py
[2024-02-14T09:24:15.034+0000] {processor.py:830} INFO - Processing file /home/codespace/.local/share/virtualenvs/airflow_sandbox-vp-HKq_L/lib/python3.10/site-packages/airflow/example_dags/example_datasets.py for tasks to queue
[2024-02-14T09:24:15.035+0000] {logging_mixin.py:188} INFO - [2024-02-14T09:24:15.035+0000] {dagbag.py:538} INFO - Filling up the DagBag from /home/codespace/.local/share/virtualenvs/airflow_sandbox-vp-HKq_L/lib/python3.10/site-packages/airflow/example_dags/example_datasets.py
[2024-02-14T09:24:15.044+0000] {processor.py:840} INFO - DAG(s) 'dataset_consumes_1_and_2', 'dataset_produces_1', 'dataset_consumes_1', 'dataset_produces_2', 'dataset_consumes_unknown_never_scheduled', 'dataset_consumes_1_never_scheduled' retrieved from /home/codespace/.local/share/virtualenvs/airflow_sandbox-vp-HKq_L/lib/python3.10/site-packages/airflow/example_dags/example_datasets.py
[2024-02-14T09:24:15.068+0000] {logging_mixin.py:188} INFO - [2024-02-14T09:24:15.067+0000] {dag.py:3033} INFO - Sync 6 DAGs
[2024-02-14T09:24:15.086+0000] {logging_mixin.py:188} INFO - [2024-02-14T09:24:15.086+0000] {dag.py:3820} INFO - Setting next_dagrun for dataset_consumes_1 to None, run_after=None
[2024-02-14T09:24:15.089+0000] {logging_mixin.py:188} INFO - [2024-02-14T09:24:15.089+0000] {dag.py:3820} INFO - Setting next_dagrun for dataset_consumes_1_and_2 to None, run_after=None
[2024-02-14T09:24:15.090+0000] {logging_mixin.py:188} INFO - [2024-02-14T09:24:15.090+0000] {dag.py:3820} INFO - Setting next_dagrun for dataset_consumes_1_never_scheduled to None, run_after=None
[2024-02-14T09:24:15.090+0000] {logging_mixin.py:188} INFO - [2024-02-14T09:24:15.090+0000] {dag.py:3820} INFO - Setting next_dagrun for dataset_consumes_unknown_never_scheduled to None, run_after=None
[2024-02-14T09:24:15.093+0000] {logging_mixin.py:188} INFO - [2024-02-14T09:24:15.092+0000] {dag.py:3820} INFO - Setting next_dagrun for dataset_produces_1 to 2024-02-13T00:00:00+00:00, run_after=2024-02-14T00:00:00+00:00
[2024-02-14T09:24:15.093+0000] {logging_mixin.py:188} INFO - [2024-02-14T09:24:15.093+0000] {dag.py:3820} INFO - Setting next_dagrun for dataset_produces_2 to None, run_after=None
[2024-02-14T09:24:15.146+0000] {processor.py:183} INFO - Processing /home/codespace/.local/share/virtualenvs/airflow_sandbox-vp-HKq_L/lib/python3.10/site-packages/airflow/example_dags/example_datasets.py took 0.116 seconds
[2024-02-14T09:25:09.458+0000] {processor.py:161} INFO - Started process (PID=14159) to work on /home/codespace/.local/share/virtualenvs/airflow_sandbox-vp-HKq_L/lib/python3.10/site-packages/airflow/example_dags/example_datasets.py
[2024-02-14T09:25:09.458+0000] {processor.py:830} INFO - Processing file /home/codespace/.local/share/virtualenvs/airflow_sandbox-vp-HKq_L/lib/python3.10/site-packages/airflow/example_dags/example_datasets.py for tasks to queue
[2024-02-14T09:25:09.459+0000] {logging_mixin.py:188} INFO - [2024-02-14T09:25:09.459+0000] {dagbag.py:538} INFO - Filling up the DagBag from /home/codespace/.local/share/virtualenvs/airflow_sandbox-vp-HKq_L/lib/python3.10/site-packages/airflow/example_dags/example_datasets.py
[2024-02-14T09:25:09.466+0000] {processor.py:840} INFO - DAG(s) 'dataset_consumes_1_and_2', 'dataset_produces_1', 'dataset_consumes_unknown_never_scheduled', 'dataset_consumes_1_never_scheduled', 'dataset_produces_2', 'dataset_consumes_1' retrieved from /home/codespace/.local/share/virtualenvs/airflow_sandbox-vp-HKq_L/lib/python3.10/site-packages/airflow/example_dags/example_datasets.py
[2024-02-14T09:25:09.488+0000] {logging_mixin.py:188} INFO - [2024-02-14T09:25:09.488+0000] {dag.py:3033} INFO - Sync 6 DAGs
[2024-02-14T09:25:09.503+0000] {logging_mixin.py:188} INFO - [2024-02-14T09:25:09.503+0000] {dag.py:3820} INFO - Setting next_dagrun for dataset_consumes_1 to None, run_after=None
[2024-02-14T09:25:09.506+0000] {logging_mixin.py:188} INFO - [2024-02-14T09:25:09.506+0000] {dag.py:3820} INFO - Setting next_dagrun for dataset_consumes_1_and_2 to None, run_after=None
[2024-02-14T09:25:09.507+0000] {logging_mixin.py:188} INFO - [2024-02-14T09:25:09.507+0000] {dag.py:3820} INFO - Setting next_dagrun for dataset_consumes_1_never_scheduled to None, run_after=None
[2024-02-14T09:25:09.507+0000] {logging_mixin.py:188} INFO - [2024-02-14T09:25:09.507+0000] {dag.py:3820} INFO - Setting next_dagrun for dataset_consumes_unknown_never_scheduled to None, run_after=None
[2024-02-14T09:25:09.509+0000] {logging_mixin.py:188} INFO - [2024-02-14T09:25:09.509+0000] {dag.py:3820} INFO - Setting next_dagrun for dataset_produces_1 to 2024-02-13T00:00:00+00:00, run_after=2024-02-14T00:00:00+00:00
[2024-02-14T09:25:09.510+0000] {logging_mixin.py:188} INFO - [2024-02-14T09:25:09.510+0000] {dag.py:3820} INFO - Setting next_dagrun for dataset_produces_2 to None, run_after=None
[2024-02-14T09:25:09.562+0000] {processor.py:183} INFO - Processing /home/codespace/.local/share/virtualenvs/airflow_sandbox-vp-HKq_L/lib/python3.10/site-packages/airflow/example_dags/example_datasets.py took 0.107 seconds
[2024-02-14T09:26:02.463+0000] {processor.py:161} INFO - Started process (PID=14540) to work on /home/codespace/.local/share/virtualenvs/airflow_sandbox-vp-HKq_L/lib/python3.10/site-packages/airflow/example_dags/example_datasets.py
[2024-02-14T09:26:02.463+0000] {processor.py:830} INFO - Processing file /home/codespace/.local/share/virtualenvs/airflow_sandbox-vp-HKq_L/lib/python3.10/site-packages/airflow/example_dags/example_datasets.py for tasks to queue
[2024-02-14T09:26:02.464+0000] {logging_mixin.py:188} INFO - [2024-02-14T09:26:02.464+0000] {dagbag.py:538} INFO - Filling up the DagBag from /home/codespace/.local/share/virtualenvs/airflow_sandbox-vp-HKq_L/lib/python3.10/site-packages/airflow/example_dags/example_datasets.py
[2024-02-14T09:26:02.472+0000] {processor.py:840} INFO - DAG(s) 'dataset_consumes_1', 'dataset_consumes_1_and_2', 'dataset_consumes_unknown_never_scheduled', 'dataset_produces_2', 'dataset_produces_1', 'dataset_consumes_1_never_scheduled' retrieved from /home/codespace/.local/share/virtualenvs/airflow_sandbox-vp-HKq_L/lib/python3.10/site-packages/airflow/example_dags/example_datasets.py
[2024-02-14T09:26:02.493+0000] {logging_mixin.py:188} INFO - [2024-02-14T09:26:02.493+0000] {dag.py:3033} INFO - Sync 6 DAGs
[2024-02-14T09:26:02.509+0000] {logging_mixin.py:188} INFO - [2024-02-14T09:26:02.509+0000] {dag.py:3820} INFO - Setting next_dagrun for dataset_consumes_1 to None, run_after=None
[2024-02-14T09:26:02.511+0000] {logging_mixin.py:188} INFO - [2024-02-14T09:26:02.511+0000] {dag.py:3820} INFO - Setting next_dagrun for dataset_consumes_1_and_2 to None, run_after=None
[2024-02-14T09:26:02.512+0000] {logging_mixin.py:188} INFO - [2024-02-14T09:26:02.512+0000] {dag.py:3820} INFO - Setting next_dagrun for dataset_consumes_1_never_scheduled to None, run_after=None
[2024-02-14T09:26:02.513+0000] {logging_mixin.py:188} INFO - [2024-02-14T09:26:02.513+0000] {dag.py:3820} INFO - Setting next_dagrun for dataset_consumes_unknown_never_scheduled to None, run_after=None
[2024-02-14T09:26:02.515+0000] {logging_mixin.py:188} INFO - [2024-02-14T09:26:02.515+0000] {dag.py:3820} INFO - Setting next_dagrun for dataset_produces_1 to 2024-02-13T00:00:00+00:00, run_after=2024-02-14T00:00:00+00:00
[2024-02-14T09:26:02.515+0000] {logging_mixin.py:188} INFO - [2024-02-14T09:26:02.515+0000] {dag.py:3820} INFO - Setting next_dagrun for dataset_produces_2 to None, run_after=None
[2024-02-14T09:26:02.565+0000] {processor.py:183} INFO - Processing /home/codespace/.local/share/virtualenvs/airflow_sandbox-vp-HKq_L/lib/python3.10/site-packages/airflow/example_dags/example_datasets.py took 0.105 seconds
[2024-02-14T09:26:56.263+0000] {processor.py:161} INFO - Started process (PID=14904) to work on /home/codespace/.local/share/virtualenvs/airflow_sandbox-vp-HKq_L/lib/python3.10/site-packages/airflow/example_dags/example_datasets.py
[2024-02-14T09:26:56.264+0000] {processor.py:830} INFO - Processing file /home/codespace/.local/share/virtualenvs/airflow_sandbox-vp-HKq_L/lib/python3.10/site-packages/airflow/example_dags/example_datasets.py for tasks to queue
[2024-02-14T09:26:56.265+0000] {logging_mixin.py:188} INFO - [2024-02-14T09:26:56.264+0000] {dagbag.py:538} INFO - Filling up the DagBag from /home/codespace/.local/share/virtualenvs/airflow_sandbox-vp-HKq_L/lib/python3.10/site-packages/airflow/example_dags/example_datasets.py
[2024-02-14T09:26:56.272+0000] {processor.py:840} INFO - DAG(s) 'dataset_consumes_1_never_scheduled', 'dataset_consumes_unknown_never_scheduled', 'dataset_consumes_1_and_2', 'dataset_consumes_1', 'dataset_produces_1', 'dataset_produces_2' retrieved from /home/codespace/.local/share/virtualenvs/airflow_sandbox-vp-HKq_L/lib/python3.10/site-packages/airflow/example_dags/example_datasets.py
[2024-02-14T09:26:56.294+0000] {logging_mixin.py:188} INFO - [2024-02-14T09:26:56.294+0000] {dag.py:3033} INFO - Sync 6 DAGs
[2024-02-14T09:26:56.310+0000] {logging_mixin.py:188} INFO - [2024-02-14T09:26:56.310+0000] {dag.py:3820} INFO - Setting next_dagrun for dataset_consumes_1 to None, run_after=None
[2024-02-14T09:26:56.313+0000] {logging_mixin.py:188} INFO - [2024-02-14T09:26:56.312+0000] {dag.py:3820} INFO - Setting next_dagrun for dataset_consumes_1_and_2 to None, run_after=None
[2024-02-14T09:26:56.313+0000] {logging_mixin.py:188} INFO - [2024-02-14T09:26:56.313+0000] {dag.py:3820} INFO - Setting next_dagrun for dataset_consumes_1_never_scheduled to None, run_after=None
[2024-02-14T09:26:56.314+0000] {logging_mixin.py:188} INFO - [2024-02-14T09:26:56.314+0000] {dag.py:3820} INFO - Setting next_dagrun for dataset_consumes_unknown_never_scheduled to None, run_after=None
[2024-02-14T09:26:56.316+0000] {logging_mixin.py:188} INFO - [2024-02-14T09:26:56.316+0000] {dag.py:3820} INFO - Setting next_dagrun for dataset_produces_1 to 2024-02-13T00:00:00+00:00, run_after=2024-02-14T00:00:00+00:00
[2024-02-14T09:26:56.317+0000] {logging_mixin.py:188} INFO - [2024-02-14T09:26:56.317+0000] {dag.py:3820} INFO - Setting next_dagrun for dataset_produces_2 to None, run_after=None
[2024-02-14T09:26:56.365+0000] {processor.py:183} INFO - Processing /home/codespace/.local/share/virtualenvs/airflow_sandbox-vp-HKq_L/lib/python3.10/site-packages/airflow/example_dags/example_datasets.py took 0.104 seconds
[2024-02-14T09:27:52.195+0000] {processor.py:161} INFO - Started process (PID=15316) to work on /home/codespace/.local/share/virtualenvs/airflow_sandbox-vp-HKq_L/lib/python3.10/site-packages/airflow/example_dags/example_datasets.py
[2024-02-14T09:27:52.196+0000] {processor.py:830} INFO - Processing file /home/codespace/.local/share/virtualenvs/airflow_sandbox-vp-HKq_L/lib/python3.10/site-packages/airflow/example_dags/example_datasets.py for tasks to queue
[2024-02-14T09:27:52.197+0000] {logging_mixin.py:188} INFO - [2024-02-14T09:27:52.196+0000] {dagbag.py:538} INFO - Filling up the DagBag from /home/codespace/.local/share/virtualenvs/airflow_sandbox-vp-HKq_L/lib/python3.10/site-packages/airflow/example_dags/example_datasets.py
[2024-02-14T09:27:52.208+0000] {processor.py:840} INFO - DAG(s) 'dataset_consumes_1_and_2', 'dataset_consumes_1', 'dataset_consumes_1_never_scheduled', 'dataset_produces_2', 'dataset_consumes_unknown_never_scheduled', 'dataset_produces_1' retrieved from /home/codespace/.local/share/virtualenvs/airflow_sandbox-vp-HKq_L/lib/python3.10/site-packages/airflow/example_dags/example_datasets.py
[2024-02-14T09:27:52.242+0000] {logging_mixin.py:188} INFO - [2024-02-14T09:27:52.242+0000] {dag.py:3033} INFO - Sync 6 DAGs
[2024-02-14T09:27:52.262+0000] {logging_mixin.py:188} INFO - [2024-02-14T09:27:52.262+0000] {dag.py:3820} INFO - Setting next_dagrun for dataset_consumes_1 to None, run_after=None
[2024-02-14T09:27:52.264+0000] {logging_mixin.py:188} INFO - [2024-02-14T09:27:52.264+0000] {dag.py:3820} INFO - Setting next_dagrun for dataset_consumes_1_and_2 to None, run_after=None
[2024-02-14T09:27:52.265+0000] {logging_mixin.py:188} INFO - [2024-02-14T09:27:52.265+0000] {dag.py:3820} INFO - Setting next_dagrun for dataset_consumes_1_never_scheduled to None, run_after=None
[2024-02-14T09:27:52.266+0000] {logging_mixin.py:188} INFO - [2024-02-14T09:27:52.266+0000] {dag.py:3820} INFO - Setting next_dagrun for dataset_consumes_unknown_never_scheduled to None, run_after=None
[2024-02-14T09:27:52.268+0000] {logging_mixin.py:188} INFO - [2024-02-14T09:27:52.268+0000] {dag.py:3820} INFO - Setting next_dagrun for dataset_produces_1 to 2024-02-13T00:00:00+00:00, run_after=2024-02-14T00:00:00+00:00
[2024-02-14T09:27:52.269+0000] {logging_mixin.py:188} INFO - [2024-02-14T09:27:52.268+0000] {dag.py:3820} INFO - Setting next_dagrun for dataset_produces_2 to None, run_after=None
[2024-02-14T09:27:52.323+0000] {processor.py:183} INFO - Processing /home/codespace/.local/share/virtualenvs/airflow_sandbox-vp-HKq_L/lib/python3.10/site-packages/airflow/example_dags/example_datasets.py took 0.131 seconds
[2024-02-14T09:28:44.776+0000] {processor.py:161} INFO - Started process (PID=15763) to work on /home/codespace/.local/share/virtualenvs/airflow_sandbox-vp-HKq_L/lib/python3.10/site-packages/airflow/example_dags/example_datasets.py
[2024-02-14T09:28:44.777+0000] {processor.py:830} INFO - Processing file /home/codespace/.local/share/virtualenvs/airflow_sandbox-vp-HKq_L/lib/python3.10/site-packages/airflow/example_dags/example_datasets.py for tasks to queue
[2024-02-14T09:28:44.778+0000] {logging_mixin.py:188} INFO - [2024-02-14T09:28:44.777+0000] {dagbag.py:538} INFO - Filling up the DagBag from /home/codespace/.local/share/virtualenvs/airflow_sandbox-vp-HKq_L/lib/python3.10/site-packages/airflow/example_dags/example_datasets.py
[2024-02-14T09:28:44.792+0000] {processor.py:840} INFO - DAG(s) 'dataset_consumes_1', 'dataset_produces_1', 'dataset_consumes_1_and_2', 'dataset_consumes_1_never_scheduled', 'dataset_produces_2', 'dataset_consumes_unknown_never_scheduled' retrieved from /home/codespace/.local/share/virtualenvs/airflow_sandbox-vp-HKq_L/lib/python3.10/site-packages/airflow/example_dags/example_datasets.py
[2024-02-14T09:28:44.826+0000] {logging_mixin.py:188} INFO - [2024-02-14T09:28:44.825+0000] {dag.py:3033} INFO - Sync 6 DAGs
[2024-02-14T09:28:44.851+0000] {logging_mixin.py:188} INFO - [2024-02-14T09:28:44.851+0000] {dag.py:3820} INFO - Setting next_dagrun for dataset_consumes_1 to None, run_after=None
[2024-02-14T09:28:44.855+0000] {logging_mixin.py:188} INFO - [2024-02-14T09:28:44.855+0000] {dag.py:3820} INFO - Setting next_dagrun for dataset_consumes_1_and_2 to None, run_after=None
[2024-02-14T09:28:44.856+0000] {logging_mixin.py:188} INFO - [2024-02-14T09:28:44.856+0000] {dag.py:3820} INFO - Setting next_dagrun for dataset_consumes_1_never_scheduled to None, run_after=None
[2024-02-14T09:28:44.857+0000] {logging_mixin.py:188} INFO - [2024-02-14T09:28:44.857+0000] {dag.py:3820} INFO - Setting next_dagrun for dataset_consumes_unknown_never_scheduled to None, run_after=None
[2024-02-14T09:28:44.860+0000] {logging_mixin.py:188} INFO - [2024-02-14T09:28:44.860+0000] {dag.py:3820} INFO - Setting next_dagrun for dataset_produces_1 to 2024-02-13T00:00:00+00:00, run_after=2024-02-14T00:00:00+00:00
[2024-02-14T09:28:44.863+0000] {logging_mixin.py:188} INFO - [2024-02-14T09:28:44.861+0000] {dag.py:3820} INFO - Setting next_dagrun for dataset_produces_2 to None, run_after=None
[2024-02-14T09:28:44.945+0000] {processor.py:183} INFO - Processing /home/codespace/.local/share/virtualenvs/airflow_sandbox-vp-HKq_L/lib/python3.10/site-packages/airflow/example_dags/example_datasets.py took 0.172 seconds
[2024-02-14T09:29:39.091+0000] {processor.py:161} INFO - Started process (PID=16230) to work on /home/codespace/.local/share/virtualenvs/airflow_sandbox-vp-HKq_L/lib/python3.10/site-packages/airflow/example_dags/example_datasets.py
[2024-02-14T09:29:39.091+0000] {processor.py:830} INFO - Processing file /home/codespace/.local/share/virtualenvs/airflow_sandbox-vp-HKq_L/lib/python3.10/site-packages/airflow/example_dags/example_datasets.py for tasks to queue
[2024-02-14T09:29:39.092+0000] {logging_mixin.py:188} INFO - [2024-02-14T09:29:39.092+0000] {dagbag.py:538} INFO - Filling up the DagBag from /home/codespace/.local/share/virtualenvs/airflow_sandbox-vp-HKq_L/lib/python3.10/site-packages/airflow/example_dags/example_datasets.py
[2024-02-14T09:29:39.099+0000] {processor.py:840} INFO - DAG(s) 'dataset_consumes_1_never_scheduled', 'dataset_consumes_1', 'dataset_produces_1', 'dataset_produces_2', 'dataset_consumes_1_and_2', 'dataset_consumes_unknown_never_scheduled' retrieved from /home/codespace/.local/share/virtualenvs/airflow_sandbox-vp-HKq_L/lib/python3.10/site-packages/airflow/example_dags/example_datasets.py
[2024-02-14T09:29:39.122+0000] {logging_mixin.py:188} INFO - [2024-02-14T09:29:39.121+0000] {dag.py:3033} INFO - Sync 6 DAGs
[2024-02-14T09:29:39.139+0000] {logging_mixin.py:188} INFO - [2024-02-14T09:29:39.139+0000] {dag.py:3820} INFO - Setting next_dagrun for dataset_consumes_1 to None, run_after=None
[2024-02-14T09:29:39.141+0000] {logging_mixin.py:188} INFO - [2024-02-14T09:29:39.141+0000] {dag.py:3820} INFO - Setting next_dagrun for dataset_consumes_1_and_2 to None, run_after=None
[2024-02-14T09:29:39.142+0000] {logging_mixin.py:188} INFO - [2024-02-14T09:29:39.142+0000] {dag.py:3820} INFO - Setting next_dagrun for dataset_consumes_1_never_scheduled to None, run_after=None
[2024-02-14T09:29:39.143+0000] {logging_mixin.py:188} INFO - [2024-02-14T09:29:39.143+0000] {dag.py:3820} INFO - Setting next_dagrun for dataset_consumes_unknown_never_scheduled to None, run_after=None
[2024-02-14T09:29:39.145+0000] {logging_mixin.py:188} INFO - [2024-02-14T09:29:39.145+0000] {dag.py:3820} INFO - Setting next_dagrun for dataset_produces_1 to 2024-02-13T00:00:00+00:00, run_after=2024-02-14T00:00:00+00:00
[2024-02-14T09:29:39.145+0000] {logging_mixin.py:188} INFO - [2024-02-14T09:29:39.145+0000] {dag.py:3820} INFO - Setting next_dagrun for dataset_produces_2 to None, run_after=None
[2024-02-14T09:29:39.193+0000] {processor.py:183} INFO - Processing /home/codespace/.local/share/virtualenvs/airflow_sandbox-vp-HKq_L/lib/python3.10/site-packages/airflow/example_dags/example_datasets.py took 0.105 seconds
[2024-02-14T09:30:30.669+0000] {processor.py:161} INFO - Started process (PID=16582) to work on /home/codespace/.local/share/virtualenvs/airflow_sandbox-vp-HKq_L/lib/python3.10/site-packages/airflow/example_dags/example_datasets.py
[2024-02-14T09:30:30.670+0000] {processor.py:830} INFO - Processing file /home/codespace/.local/share/virtualenvs/airflow_sandbox-vp-HKq_L/lib/python3.10/site-packages/airflow/example_dags/example_datasets.py for tasks to queue
[2024-02-14T09:30:30.670+0000] {logging_mixin.py:188} INFO - [2024-02-14T09:30:30.670+0000] {dagbag.py:538} INFO - Filling up the DagBag from /home/codespace/.local/share/virtualenvs/airflow_sandbox-vp-HKq_L/lib/python3.10/site-packages/airflow/example_dags/example_datasets.py
[2024-02-14T09:30:30.679+0000] {processor.py:840} INFO - DAG(s) 'dataset_consumes_unknown_never_scheduled', 'dataset_consumes_1_never_scheduled', 'dataset_consumes_1', 'dataset_produces_2', 'dataset_produces_1', 'dataset_consumes_1_and_2' retrieved from /home/codespace/.local/share/virtualenvs/airflow_sandbox-vp-HKq_L/lib/python3.10/site-packages/airflow/example_dags/example_datasets.py
[2024-02-14T09:30:30.701+0000] {logging_mixin.py:188} INFO - [2024-02-14T09:30:30.701+0000] {dag.py:3033} INFO - Sync 6 DAGs
[2024-02-14T09:30:30.718+0000] {logging_mixin.py:188} INFO - [2024-02-14T09:30:30.718+0000] {dag.py:3820} INFO - Setting next_dagrun for dataset_consumes_1 to None, run_after=None
[2024-02-14T09:30:30.722+0000] {logging_mixin.py:188} INFO - [2024-02-14T09:30:30.722+0000] {dag.py:3820} INFO - Setting next_dagrun for dataset_consumes_1_and_2 to None, run_after=None
[2024-02-14T09:30:30.722+0000] {logging_mixin.py:188} INFO - [2024-02-14T09:30:30.722+0000] {dag.py:3820} INFO - Setting next_dagrun for dataset_consumes_1_never_scheduled to None, run_after=None
[2024-02-14T09:30:30.723+0000] {logging_mixin.py:188} INFO - [2024-02-14T09:30:30.723+0000] {dag.py:3820} INFO - Setting next_dagrun for dataset_consumes_unknown_never_scheduled to None, run_after=None
[2024-02-14T09:30:30.725+0000] {logging_mixin.py:188} INFO - [2024-02-14T09:30:30.725+0000] {dag.py:3820} INFO - Setting next_dagrun for dataset_produces_1 to 2024-02-13T00:00:00+00:00, run_after=2024-02-14T00:00:00+00:00
[2024-02-14T09:30:30.726+0000] {logging_mixin.py:188} INFO - [2024-02-14T09:30:30.726+0000] {dag.py:3820} INFO - Setting next_dagrun for dataset_produces_2 to None, run_after=None
[2024-02-14T09:30:30.773+0000] {processor.py:183} INFO - Processing /home/codespace/.local/share/virtualenvs/airflow_sandbox-vp-HKq_L/lib/python3.10/site-packages/airflow/example_dags/example_datasets.py took 0.107 seconds
[2024-02-14T09:31:22.395+0000] {processor.py:161} INFO - Started process (PID=16959) to work on /home/codespace/.local/share/virtualenvs/airflow_sandbox-vp-HKq_L/lib/python3.10/site-packages/airflow/example_dags/example_datasets.py
[2024-02-14T09:31:22.395+0000] {processor.py:830} INFO - Processing file /home/codespace/.local/share/virtualenvs/airflow_sandbox-vp-HKq_L/lib/python3.10/site-packages/airflow/example_dags/example_datasets.py for tasks to queue
[2024-02-14T09:31:22.396+0000] {logging_mixin.py:188} INFO - [2024-02-14T09:31:22.396+0000] {dagbag.py:538} INFO - Filling up the DagBag from /home/codespace/.local/share/virtualenvs/airflow_sandbox-vp-HKq_L/lib/python3.10/site-packages/airflow/example_dags/example_datasets.py
[2024-02-14T09:31:22.403+0000] {processor.py:840} INFO - DAG(s) 'dataset_consumes_1_never_scheduled', 'dataset_consumes_1', 'dataset_consumes_unknown_never_scheduled', 'dataset_consumes_1_and_2', 'dataset_produces_2', 'dataset_produces_1' retrieved from /home/codespace/.local/share/virtualenvs/airflow_sandbox-vp-HKq_L/lib/python3.10/site-packages/airflow/example_dags/example_datasets.py
[2024-02-14T09:31:22.425+0000] {logging_mixin.py:188} INFO - [2024-02-14T09:31:22.425+0000] {dag.py:3033} INFO - Sync 6 DAGs
[2024-02-14T09:31:22.441+0000] {logging_mixin.py:188} INFO - [2024-02-14T09:31:22.440+0000] {dag.py:3820} INFO - Setting next_dagrun for dataset_consumes_1 to None, run_after=None
[2024-02-14T09:31:22.443+0000] {logging_mixin.py:188} INFO - [2024-02-14T09:31:22.443+0000] {dag.py:3820} INFO - Setting next_dagrun for dataset_consumes_1_and_2 to None, run_after=None
[2024-02-14T09:31:22.444+0000] {logging_mixin.py:188} INFO - [2024-02-14T09:31:22.444+0000] {dag.py:3820} INFO - Setting next_dagrun for dataset_consumes_1_never_scheduled to None, run_after=None
[2024-02-14T09:31:22.444+0000] {logging_mixin.py:188} INFO - [2024-02-14T09:31:22.444+0000] {dag.py:3820} INFO - Setting next_dagrun for dataset_consumes_unknown_never_scheduled to None, run_after=None
[2024-02-14T09:31:22.447+0000] {logging_mixin.py:188} INFO - [2024-02-14T09:31:22.447+0000] {dag.py:3820} INFO - Setting next_dagrun for dataset_produces_1 to 2024-02-13T00:00:00+00:00, run_after=2024-02-14T00:00:00+00:00
[2024-02-14T09:31:22.447+0000] {logging_mixin.py:188} INFO - [2024-02-14T09:31:22.447+0000] {dag.py:3820} INFO - Setting next_dagrun for dataset_produces_2 to None, run_after=None
[2024-02-14T09:31:22.495+0000] {processor.py:183} INFO - Processing /home/codespace/.local/share/virtualenvs/airflow_sandbox-vp-HKq_L/lib/python3.10/site-packages/airflow/example_dags/example_datasets.py took 0.103 seconds
[2024-02-14T09:32:15.951+0000] {processor.py:161} INFO - Started process (PID=17325) to work on /home/codespace/.local/share/virtualenvs/airflow_sandbox-vp-HKq_L/lib/python3.10/site-packages/airflow/example_dags/example_datasets.py
[2024-02-14T09:32:15.952+0000] {processor.py:830} INFO - Processing file /home/codespace/.local/share/virtualenvs/airflow_sandbox-vp-HKq_L/lib/python3.10/site-packages/airflow/example_dags/example_datasets.py for tasks to queue
[2024-02-14T09:32:15.952+0000] {logging_mixin.py:188} INFO - [2024-02-14T09:32:15.952+0000] {dagbag.py:538} INFO - Filling up the DagBag from /home/codespace/.local/share/virtualenvs/airflow_sandbox-vp-HKq_L/lib/python3.10/site-packages/airflow/example_dags/example_datasets.py
[2024-02-14T09:32:15.959+0000] {processor.py:840} INFO - DAG(s) 'dataset_produces_2', 'dataset_consumes_unknown_never_scheduled', 'dataset_consumes_1_and_2', 'dataset_consumes_1', 'dataset_consumes_1_never_scheduled', 'dataset_produces_1' retrieved from /home/codespace/.local/share/virtualenvs/airflow_sandbox-vp-HKq_L/lib/python3.10/site-packages/airflow/example_dags/example_datasets.py
[2024-02-14T09:32:15.982+0000] {logging_mixin.py:188} INFO - [2024-02-14T09:32:15.982+0000] {dag.py:3033} INFO - Sync 6 DAGs
[2024-02-14T09:32:15.998+0000] {logging_mixin.py:188} INFO - [2024-02-14T09:32:15.998+0000] {dag.py:3820} INFO - Setting next_dagrun for dataset_consumes_1 to None, run_after=None
[2024-02-14T09:32:16.001+0000] {logging_mixin.py:188} INFO - [2024-02-14T09:32:16.001+0000] {dag.py:3820} INFO - Setting next_dagrun for dataset_consumes_1_and_2 to None, run_after=None
[2024-02-14T09:32:16.001+0000] {logging_mixin.py:188} INFO - [2024-02-14T09:32:16.001+0000] {dag.py:3820} INFO - Setting next_dagrun for dataset_consumes_1_never_scheduled to None, run_after=None
[2024-02-14T09:32:16.002+0000] {logging_mixin.py:188} INFO - [2024-02-14T09:32:16.002+0000] {dag.py:3820} INFO - Setting next_dagrun for dataset_consumes_unknown_never_scheduled to None, run_after=None
[2024-02-14T09:32:16.004+0000] {logging_mixin.py:188} INFO - [2024-02-14T09:32:16.004+0000] {dag.py:3820} INFO - Setting next_dagrun for dataset_produces_1 to 2024-02-13T00:00:00+00:00, run_after=2024-02-14T00:00:00+00:00
[2024-02-14T09:32:16.005+0000] {logging_mixin.py:188} INFO - [2024-02-14T09:32:16.005+0000] {dag.py:3820} INFO - Setting next_dagrun for dataset_produces_2 to None, run_after=None
[2024-02-14T09:32:16.057+0000] {processor.py:183} INFO - Processing /home/codespace/.local/share/virtualenvs/airflow_sandbox-vp-HKq_L/lib/python3.10/site-packages/airflow/example_dags/example_datasets.py took 0.108 seconds
[2024-02-14T09:33:08.058+0000] {processor.py:161} INFO - Started process (PID=17710) to work on /home/codespace/.local/share/virtualenvs/airflow_sandbox-vp-HKq_L/lib/python3.10/site-packages/airflow/example_dags/example_datasets.py
[2024-02-14T09:33:08.059+0000] {processor.py:830} INFO - Processing file /home/codespace/.local/share/virtualenvs/airflow_sandbox-vp-HKq_L/lib/python3.10/site-packages/airflow/example_dags/example_datasets.py for tasks to queue
[2024-02-14T09:33:08.060+0000] {logging_mixin.py:188} INFO - [2024-02-14T09:33:08.059+0000] {dagbag.py:538} INFO - Filling up the DagBag from /home/codespace/.local/share/virtualenvs/airflow_sandbox-vp-HKq_L/lib/python3.10/site-packages/airflow/example_dags/example_datasets.py
[2024-02-14T09:33:08.067+0000] {processor.py:840} INFO - DAG(s) 'dataset_produces_1', 'dataset_consumes_1', 'dataset_consumes_1_and_2', 'dataset_consumes_1_never_scheduled', 'dataset_consumes_unknown_never_scheduled', 'dataset_produces_2' retrieved from /home/codespace/.local/share/virtualenvs/airflow_sandbox-vp-HKq_L/lib/python3.10/site-packages/airflow/example_dags/example_datasets.py
[2024-02-14T09:33:08.089+0000] {logging_mixin.py:188} INFO - [2024-02-14T09:33:08.089+0000] {dag.py:3033} INFO - Sync 6 DAGs
[2024-02-14T09:33:08.104+0000] {logging_mixin.py:188} INFO - [2024-02-14T09:33:08.104+0000] {dag.py:3820} INFO - Setting next_dagrun for dataset_consumes_1 to None, run_after=None
[2024-02-14T09:33:08.107+0000] {logging_mixin.py:188} INFO - [2024-02-14T09:33:08.107+0000] {dag.py:3820} INFO - Setting next_dagrun for dataset_consumes_1_and_2 to None, run_after=None
[2024-02-14T09:33:08.108+0000] {logging_mixin.py:188} INFO - [2024-02-14T09:33:08.108+0000] {dag.py:3820} INFO - Setting next_dagrun for dataset_consumes_1_never_scheduled to None, run_after=None
[2024-02-14T09:33:08.109+0000] {logging_mixin.py:188} INFO - [2024-02-14T09:33:08.108+0000] {dag.py:3820} INFO - Setting next_dagrun for dataset_consumes_unknown_never_scheduled to None, run_after=None
[2024-02-14T09:33:08.111+0000] {logging_mixin.py:188} INFO - [2024-02-14T09:33:08.110+0000] {dag.py:3820} INFO - Setting next_dagrun for dataset_produces_1 to 2024-02-13T00:00:00+00:00, run_after=2024-02-14T00:00:00+00:00
[2024-02-14T09:33:08.111+0000] {logging_mixin.py:188} INFO - [2024-02-14T09:33:08.111+0000] {dag.py:3820} INFO - Setting next_dagrun for dataset_produces_2 to None, run_after=None
[2024-02-14T09:33:08.161+0000] {processor.py:183} INFO - Processing /home/codespace/.local/share/virtualenvs/airflow_sandbox-vp-HKq_L/lib/python3.10/site-packages/airflow/example_dags/example_datasets.py took 0.105 seconds
[2024-02-14T09:34:01.346+0000] {processor.py:161} INFO - Started process (PID=18105) to work on /home/codespace/.local/share/virtualenvs/airflow_sandbox-vp-HKq_L/lib/python3.10/site-packages/airflow/example_dags/example_datasets.py
[2024-02-14T09:34:01.347+0000] {processor.py:830} INFO - Processing file /home/codespace/.local/share/virtualenvs/airflow_sandbox-vp-HKq_L/lib/python3.10/site-packages/airflow/example_dags/example_datasets.py for tasks to queue
[2024-02-14T09:34:01.347+0000] {logging_mixin.py:188} INFO - [2024-02-14T09:34:01.347+0000] {dagbag.py:538} INFO - Filling up the DagBag from /home/codespace/.local/share/virtualenvs/airflow_sandbox-vp-HKq_L/lib/python3.10/site-packages/airflow/example_dags/example_datasets.py
[2024-02-14T09:34:01.357+0000] {processor.py:840} INFO - DAG(s) 'dataset_produces_2', 'dataset_consumes_1_and_2', 'dataset_produces_1', 'dataset_consumes_1_never_scheduled', 'dataset_consumes_unknown_never_scheduled', 'dataset_consumes_1' retrieved from /home/codespace/.local/share/virtualenvs/airflow_sandbox-vp-HKq_L/lib/python3.10/site-packages/airflow/example_dags/example_datasets.py
[2024-02-14T09:34:01.379+0000] {logging_mixin.py:188} INFO - [2024-02-14T09:34:01.378+0000] {dag.py:3033} INFO - Sync 6 DAGs
[2024-02-14T09:34:01.395+0000] {logging_mixin.py:188} INFO - [2024-02-14T09:34:01.394+0000] {dag.py:3820} INFO - Setting next_dagrun for dataset_consumes_1 to None, run_after=None
[2024-02-14T09:34:01.397+0000] {logging_mixin.py:188} INFO - [2024-02-14T09:34:01.397+0000] {dag.py:3820} INFO - Setting next_dagrun for dataset_consumes_1_and_2 to None, run_after=None
[2024-02-14T09:34:01.398+0000] {logging_mixin.py:188} INFO - [2024-02-14T09:34:01.398+0000] {dag.py:3820} INFO - Setting next_dagrun for dataset_consumes_1_never_scheduled to None, run_after=None
[2024-02-14T09:34:01.399+0000] {logging_mixin.py:188} INFO - [2024-02-14T09:34:01.399+0000] {dag.py:3820} INFO - Setting next_dagrun for dataset_consumes_unknown_never_scheduled to None, run_after=None
[2024-02-14T09:34:01.402+0000] {logging_mixin.py:188} INFO - [2024-02-14T09:34:01.401+0000] {dag.py:3820} INFO - Setting next_dagrun for dataset_produces_1 to 2024-02-13T00:00:00+00:00, run_after=2024-02-14T00:00:00+00:00
[2024-02-14T09:34:01.402+0000] {logging_mixin.py:188} INFO - [2024-02-14T09:34:01.402+0000] {dag.py:3820} INFO - Setting next_dagrun for dataset_produces_2 to None, run_after=None
[2024-02-14T09:34:01.454+0000] {processor.py:183} INFO - Processing /home/codespace/.local/share/virtualenvs/airflow_sandbox-vp-HKq_L/lib/python3.10/site-packages/airflow/example_dags/example_datasets.py took 0.111 seconds
[2024-02-14T09:34:56.363+0000] {processor.py:161} INFO - Started process (PID=18678) to work on /home/codespace/.local/share/virtualenvs/airflow_sandbox-vp-HKq_L/lib/python3.10/site-packages/airflow/example_dags/example_datasets.py
[2024-02-14T09:34:56.364+0000] {processor.py:830} INFO - Processing file /home/codespace/.local/share/virtualenvs/airflow_sandbox-vp-HKq_L/lib/python3.10/site-packages/airflow/example_dags/example_datasets.py for tasks to queue
[2024-02-14T09:34:56.364+0000] {logging_mixin.py:188} INFO - [2024-02-14T09:34:56.364+0000] {dagbag.py:538} INFO - Filling up the DagBag from /home/codespace/.local/share/virtualenvs/airflow_sandbox-vp-HKq_L/lib/python3.10/site-packages/airflow/example_dags/example_datasets.py
[2024-02-14T09:34:56.372+0000] {processor.py:840} INFO - DAG(s) 'dataset_produces_2', 'dataset_consumes_unknown_never_scheduled', 'dataset_consumes_1_never_scheduled', 'dataset_consumes_1', 'dataset_consumes_1_and_2', 'dataset_produces_1' retrieved from /home/codespace/.local/share/virtualenvs/airflow_sandbox-vp-HKq_L/lib/python3.10/site-packages/airflow/example_dags/example_datasets.py
[2024-02-14T09:34:56.394+0000] {logging_mixin.py:188} INFO - [2024-02-14T09:34:56.394+0000] {dag.py:3033} INFO - Sync 6 DAGs
[2024-02-14T09:34:56.417+0000] {logging_mixin.py:188} INFO - [2024-02-14T09:34:56.417+0000] {dag.py:3820} INFO - Setting next_dagrun for dataset_consumes_1 to None, run_after=None
[2024-02-14T09:34:56.420+0000] {logging_mixin.py:188} INFO - [2024-02-14T09:34:56.420+0000] {dag.py:3820} INFO - Setting next_dagrun for dataset_consumes_1_and_2 to None, run_after=None
[2024-02-14T09:34:56.421+0000] {logging_mixin.py:188} INFO - [2024-02-14T09:34:56.421+0000] {dag.py:3820} INFO - Setting next_dagrun for dataset_consumes_1_never_scheduled to None, run_after=None
[2024-02-14T09:34:56.422+0000] {logging_mixin.py:188} INFO - [2024-02-14T09:34:56.421+0000] {dag.py:3820} INFO - Setting next_dagrun for dataset_consumes_unknown_never_scheduled to None, run_after=None
[2024-02-14T09:34:56.424+0000] {logging_mixin.py:188} INFO - [2024-02-14T09:34:56.423+0000] {dag.py:3820} INFO - Setting next_dagrun for dataset_produces_1 to 2024-02-13T00:00:00+00:00, run_after=2024-02-14T00:00:00+00:00
[2024-02-14T09:34:56.424+0000] {logging_mixin.py:188} INFO - [2024-02-14T09:34:56.424+0000] {dag.py:3820} INFO - Setting next_dagrun for dataset_produces_2 to None, run_after=None
[2024-02-14T09:34:56.472+0000] {processor.py:183} INFO - Processing /home/codespace/.local/share/virtualenvs/airflow_sandbox-vp-HKq_L/lib/python3.10/site-packages/airflow/example_dags/example_datasets.py took 0.112 seconds
