[2024-02-14T09:08:06.247+0000] {processor.py:161} INFO - Started process (PID=4766) to work on /home/codespace/.local/share/virtualenvs/airflow_sandbox-vp-HKq_L/lib/python3.10/site-packages/airflow/example_dags/example_nested_branch_dag.py
[2024-02-14T09:08:06.248+0000] {processor.py:830} INFO - Processing file /home/codespace/.local/share/virtualenvs/airflow_sandbox-vp-HKq_L/lib/python3.10/site-packages/airflow/example_dags/example_nested_branch_dag.py for tasks to queue
[2024-02-14T09:08:06.249+0000] {logging_mixin.py:188} INFO - [2024-02-14T09:08:06.248+0000] {dagbag.py:538} INFO - Filling up the DagBag from /home/codespace/.local/share/virtualenvs/airflow_sandbox-vp-HKq_L/lib/python3.10/site-packages/airflow/example_dags/example_nested_branch_dag.py
[2024-02-14T09:08:06.257+0000] {processor.py:840} INFO - DAG(s) 'example_nested_branch_dag' retrieved from /home/codespace/.local/share/virtualenvs/airflow_sandbox-vp-HKq_L/lib/python3.10/site-packages/airflow/example_dags/example_nested_branch_dag.py
[2024-02-14T09:08:06.269+0000] {logging_mixin.py:188} INFO - [2024-02-14T09:08:06.269+0000] {dag.py:3033} INFO - Sync 1 DAGs
[2024-02-14T09:08:06.287+0000] {logging_mixin.py:188} INFO - [2024-02-14T09:08:06.286+0000] {dag.py:3820} INFO - Setting next_dagrun for example_nested_branch_dag to 2024-02-13T00:00:00+00:00, run_after=2024-02-14T00:00:00+00:00
[2024-02-14T09:08:06.328+0000] {processor.py:183} INFO - Processing /home/codespace/.local/share/virtualenvs/airflow_sandbox-vp-HKq_L/lib/python3.10/site-packages/airflow/example_dags/example_nested_branch_dag.py took 0.083 seconds
[2024-02-14T09:08:56.520+0000] {processor.py:161} INFO - Started process (PID=5470) to work on /home/codespace/.local/share/virtualenvs/airflow_sandbox-vp-HKq_L/lib/python3.10/site-packages/airflow/example_dags/example_nested_branch_dag.py
[2024-02-14T09:08:56.521+0000] {processor.py:830} INFO - Processing file /home/codespace/.local/share/virtualenvs/airflow_sandbox-vp-HKq_L/lib/python3.10/site-packages/airflow/example_dags/example_nested_branch_dag.py for tasks to queue
[2024-02-14T09:08:56.522+0000] {logging_mixin.py:188} INFO - [2024-02-14T09:08:56.521+0000] {dagbag.py:538} INFO - Filling up the DagBag from /home/codespace/.local/share/virtualenvs/airflow_sandbox-vp-HKq_L/lib/python3.10/site-packages/airflow/example_dags/example_nested_branch_dag.py
[2024-02-14T09:08:56.530+0000] {processor.py:840} INFO - DAG(s) 'example_nested_branch_dag' retrieved from /home/codespace/.local/share/virtualenvs/airflow_sandbox-vp-HKq_L/lib/python3.10/site-packages/airflow/example_dags/example_nested_branch_dag.py
[2024-02-14T09:08:56.542+0000] {logging_mixin.py:188} INFO - [2024-02-14T09:08:56.542+0000] {dag.py:3033} INFO - Sync 1 DAGs
[2024-02-14T09:08:56.561+0000] {logging_mixin.py:188} INFO - [2024-02-14T09:08:56.561+0000] {dag.py:3820} INFO - Setting next_dagrun for example_nested_branch_dag to 2024-02-13T00:00:00+00:00, run_after=2024-02-14T00:00:00+00:00
[2024-02-14T09:08:56.611+0000] {processor.py:183} INFO - Processing /home/codespace/.local/share/virtualenvs/airflow_sandbox-vp-HKq_L/lib/python3.10/site-packages/airflow/example_dags/example_nested_branch_dag.py took 0.094 seconds
[2024-02-14T09:09:50.480+0000] {processor.py:161} INFO - Started process (PID=6252) to work on /home/codespace/.local/share/virtualenvs/airflow_sandbox-vp-HKq_L/lib/python3.10/site-packages/airflow/example_dags/example_nested_branch_dag.py
[2024-02-14T09:09:50.481+0000] {processor.py:830} INFO - Processing file /home/codespace/.local/share/virtualenvs/airflow_sandbox-vp-HKq_L/lib/python3.10/site-packages/airflow/example_dags/example_nested_branch_dag.py for tasks to queue
[2024-02-14T09:09:50.482+0000] {logging_mixin.py:188} INFO - [2024-02-14T09:09:50.481+0000] {dagbag.py:538} INFO - Filling up the DagBag from /home/codespace/.local/share/virtualenvs/airflow_sandbox-vp-HKq_L/lib/python3.10/site-packages/airflow/example_dags/example_nested_branch_dag.py
[2024-02-14T09:09:50.493+0000] {processor.py:840} INFO - DAG(s) 'example_nested_branch_dag' retrieved from /home/codespace/.local/share/virtualenvs/airflow_sandbox-vp-HKq_L/lib/python3.10/site-packages/airflow/example_dags/example_nested_branch_dag.py
[2024-02-14T09:09:50.589+0000] {logging_mixin.py:188} INFO - [2024-02-14T09:09:50.589+0000] {dag.py:3033} INFO - Sync 1 DAGs
[2024-02-14T09:09:50.607+0000] {logging_mixin.py:188} INFO - [2024-02-14T09:09:50.607+0000] {dag.py:3820} INFO - Setting next_dagrun for example_nested_branch_dag to 2024-02-13T00:00:00+00:00, run_after=2024-02-14T00:00:00+00:00
[2024-02-14T09:09:50.671+0000] {processor.py:183} INFO - Processing /home/codespace/.local/share/virtualenvs/airflow_sandbox-vp-HKq_L/lib/python3.10/site-packages/airflow/example_dags/example_nested_branch_dag.py took 0.195 seconds
[2024-02-14T09:10:47.206+0000] {processor.py:161} INFO - Started process (PID=6888) to work on /home/codespace/.local/share/virtualenvs/airflow_sandbox-vp-HKq_L/lib/python3.10/site-packages/airflow/example_dags/example_nested_branch_dag.py
[2024-02-14T09:10:47.207+0000] {processor.py:830} INFO - Processing file /home/codespace/.local/share/virtualenvs/airflow_sandbox-vp-HKq_L/lib/python3.10/site-packages/airflow/example_dags/example_nested_branch_dag.py for tasks to queue
[2024-02-14T09:10:47.208+0000] {logging_mixin.py:188} INFO - [2024-02-14T09:10:47.207+0000] {dagbag.py:538} INFO - Filling up the DagBag from /home/codespace/.local/share/virtualenvs/airflow_sandbox-vp-HKq_L/lib/python3.10/site-packages/airflow/example_dags/example_nested_branch_dag.py
[2024-02-14T09:10:47.217+0000] {processor.py:840} INFO - DAG(s) 'example_nested_branch_dag' retrieved from /home/codespace/.local/share/virtualenvs/airflow_sandbox-vp-HKq_L/lib/python3.10/site-packages/airflow/example_dags/example_nested_branch_dag.py
[2024-02-14T09:10:47.238+0000] {logging_mixin.py:188} INFO - [2024-02-14T09:10:47.238+0000] {dag.py:3033} INFO - Sync 1 DAGs
[2024-02-14T09:10:47.266+0000] {logging_mixin.py:188} INFO - [2024-02-14T09:10:47.266+0000] {dag.py:3820} INFO - Setting next_dagrun for example_nested_branch_dag to 2024-02-13T00:00:00+00:00, run_after=2024-02-14T00:00:00+00:00
[2024-02-14T09:10:47.318+0000] {processor.py:183} INFO - Processing /home/codespace/.local/share/virtualenvs/airflow_sandbox-vp-HKq_L/lib/python3.10/site-packages/airflow/example_dags/example_nested_branch_dag.py took 0.114 seconds
[2024-02-14T09:11:42.804+0000] {processor.py:161} INFO - Started process (PID=7661) to work on /home/codespace/.local/share/virtualenvs/airflow_sandbox-vp-HKq_L/lib/python3.10/site-packages/airflow/example_dags/example_nested_branch_dag.py
[2024-02-14T09:11:42.805+0000] {processor.py:830} INFO - Processing file /home/codespace/.local/share/virtualenvs/airflow_sandbox-vp-HKq_L/lib/python3.10/site-packages/airflow/example_dags/example_nested_branch_dag.py for tasks to queue
[2024-02-14T09:11:42.805+0000] {logging_mixin.py:188} INFO - [2024-02-14T09:11:42.805+0000] {dagbag.py:538} INFO - Filling up the DagBag from /home/codespace/.local/share/virtualenvs/airflow_sandbox-vp-HKq_L/lib/python3.10/site-packages/airflow/example_dags/example_nested_branch_dag.py
[2024-02-14T09:11:42.813+0000] {processor.py:840} INFO - DAG(s) 'example_nested_branch_dag' retrieved from /home/codespace/.local/share/virtualenvs/airflow_sandbox-vp-HKq_L/lib/python3.10/site-packages/airflow/example_dags/example_nested_branch_dag.py
[2024-02-14T09:11:42.827+0000] {logging_mixin.py:188} INFO - [2024-02-14T09:11:42.827+0000] {dag.py:3033} INFO - Sync 1 DAGs
[2024-02-14T09:11:42.844+0000] {logging_mixin.py:188} INFO - [2024-02-14T09:11:42.843+0000] {dag.py:3820} INFO - Setting next_dagrun for example_nested_branch_dag to 2024-02-13T00:00:00+00:00, run_after=2024-02-14T00:00:00+00:00
[2024-02-14T09:11:42.893+0000] {processor.py:183} INFO - Processing /home/codespace/.local/share/virtualenvs/airflow_sandbox-vp-HKq_L/lib/python3.10/site-packages/airflow/example_dags/example_nested_branch_dag.py took 0.091 seconds
[2024-02-14T09:12:36.464+0000] {processor.py:161} INFO - Started process (PID=8158) to work on /home/codespace/.local/share/virtualenvs/airflow_sandbox-vp-HKq_L/lib/python3.10/site-packages/airflow/example_dags/example_nested_branch_dag.py
[2024-02-14T09:12:36.465+0000] {processor.py:830} INFO - Processing file /home/codespace/.local/share/virtualenvs/airflow_sandbox-vp-HKq_L/lib/python3.10/site-packages/airflow/example_dags/example_nested_branch_dag.py for tasks to queue
[2024-02-14T09:12:36.465+0000] {logging_mixin.py:188} INFO - [2024-02-14T09:12:36.465+0000] {dagbag.py:538} INFO - Filling up the DagBag from /home/codespace/.local/share/virtualenvs/airflow_sandbox-vp-HKq_L/lib/python3.10/site-packages/airflow/example_dags/example_nested_branch_dag.py
[2024-02-14T09:12:36.473+0000] {processor.py:840} INFO - DAG(s) 'example_nested_branch_dag' retrieved from /home/codespace/.local/share/virtualenvs/airflow_sandbox-vp-HKq_L/lib/python3.10/site-packages/airflow/example_dags/example_nested_branch_dag.py
[2024-02-14T09:12:36.486+0000] {logging_mixin.py:188} INFO - [2024-02-14T09:12:36.486+0000] {dag.py:3033} INFO - Sync 1 DAGs
[2024-02-14T09:12:36.502+0000] {logging_mixin.py:188} INFO - [2024-02-14T09:12:36.501+0000] {dag.py:3820} INFO - Setting next_dagrun for example_nested_branch_dag to 2024-02-13T00:00:00+00:00, run_after=2024-02-14T00:00:00+00:00
[2024-02-14T09:12:36.544+0000] {processor.py:183} INFO - Processing /home/codespace/.local/share/virtualenvs/airflow_sandbox-vp-HKq_L/lib/python3.10/site-packages/airflow/example_dags/example_nested_branch_dag.py took 0.083 seconds
[2024-02-14T09:13:32.804+0000] {processor.py:161} INFO - Started process (PID=8634) to work on /home/codespace/.local/share/virtualenvs/airflow_sandbox-vp-HKq_L/lib/python3.10/site-packages/airflow/example_dags/example_nested_branch_dag.py
[2024-02-14T09:13:32.805+0000] {processor.py:830} INFO - Processing file /home/codespace/.local/share/virtualenvs/airflow_sandbox-vp-HKq_L/lib/python3.10/site-packages/airflow/example_dags/example_nested_branch_dag.py for tasks to queue
[2024-02-14T09:13:32.806+0000] {logging_mixin.py:188} INFO - [2024-02-14T09:13:32.805+0000] {dagbag.py:538} INFO - Filling up the DagBag from /home/codespace/.local/share/virtualenvs/airflow_sandbox-vp-HKq_L/lib/python3.10/site-packages/airflow/example_dags/example_nested_branch_dag.py
[2024-02-14T09:13:32.814+0000] {processor.py:840} INFO - DAG(s) 'example_nested_branch_dag' retrieved from /home/codespace/.local/share/virtualenvs/airflow_sandbox-vp-HKq_L/lib/python3.10/site-packages/airflow/example_dags/example_nested_branch_dag.py
[2024-02-14T09:13:32.826+0000] {logging_mixin.py:188} INFO - [2024-02-14T09:13:32.826+0000] {dag.py:3033} INFO - Sync 1 DAGs
[2024-02-14T09:13:32.847+0000] {logging_mixin.py:188} INFO - [2024-02-14T09:13:32.847+0000] {dag.py:3820} INFO - Setting next_dagrun for example_nested_branch_dag to 2024-02-13T00:00:00+00:00, run_after=2024-02-14T00:00:00+00:00
[2024-02-14T09:13:32.898+0000] {processor.py:183} INFO - Processing /home/codespace/.local/share/virtualenvs/airflow_sandbox-vp-HKq_L/lib/python3.10/site-packages/airflow/example_dags/example_nested_branch_dag.py took 0.096 seconds
[2024-02-14T09:14:25.226+0000] {processor.py:161} INFO - Started process (PID=9060) to work on /home/codespace/.local/share/virtualenvs/airflow_sandbox-vp-HKq_L/lib/python3.10/site-packages/airflow/example_dags/example_nested_branch_dag.py
[2024-02-14T09:14:25.227+0000] {processor.py:830} INFO - Processing file /home/codespace/.local/share/virtualenvs/airflow_sandbox-vp-HKq_L/lib/python3.10/site-packages/airflow/example_dags/example_nested_branch_dag.py for tasks to queue
[2024-02-14T09:14:25.227+0000] {logging_mixin.py:188} INFO - [2024-02-14T09:14:25.227+0000] {dagbag.py:538} INFO - Filling up the DagBag from /home/codespace/.local/share/virtualenvs/airflow_sandbox-vp-HKq_L/lib/python3.10/site-packages/airflow/example_dags/example_nested_branch_dag.py
[2024-02-14T09:14:25.236+0000] {processor.py:840} INFO - DAG(s) 'example_nested_branch_dag' retrieved from /home/codespace/.local/share/virtualenvs/airflow_sandbox-vp-HKq_L/lib/python3.10/site-packages/airflow/example_dags/example_nested_branch_dag.py
[2024-02-14T09:14:25.250+0000] {logging_mixin.py:188} INFO - [2024-02-14T09:14:25.250+0000] {dag.py:3033} INFO - Sync 1 DAGs
[2024-02-14T09:14:25.267+0000] {logging_mixin.py:188} INFO - [2024-02-14T09:14:25.266+0000] {dag.py:3820} INFO - Setting next_dagrun for example_nested_branch_dag to 2024-02-13T00:00:00+00:00, run_after=2024-02-14T00:00:00+00:00
[2024-02-14T09:14:25.307+0000] {processor.py:183} INFO - Processing /home/codespace/.local/share/virtualenvs/airflow_sandbox-vp-HKq_L/lib/python3.10/site-packages/airflow/example_dags/example_nested_branch_dag.py took 0.084 seconds
[2024-02-14T09:15:16.863+0000] {processor.py:161} INFO - Started process (PID=9420) to work on /home/codespace/.local/share/virtualenvs/airflow_sandbox-vp-HKq_L/lib/python3.10/site-packages/airflow/example_dags/example_nested_branch_dag.py
[2024-02-14T09:15:16.863+0000] {processor.py:830} INFO - Processing file /home/codespace/.local/share/virtualenvs/airflow_sandbox-vp-HKq_L/lib/python3.10/site-packages/airflow/example_dags/example_nested_branch_dag.py for tasks to queue
[2024-02-14T09:15:16.864+0000] {logging_mixin.py:188} INFO - [2024-02-14T09:15:16.864+0000] {dagbag.py:538} INFO - Filling up the DagBag from /home/codespace/.local/share/virtualenvs/airflow_sandbox-vp-HKq_L/lib/python3.10/site-packages/airflow/example_dags/example_nested_branch_dag.py
[2024-02-14T09:15:16.872+0000] {processor.py:840} INFO - DAG(s) 'example_nested_branch_dag' retrieved from /home/codespace/.local/share/virtualenvs/airflow_sandbox-vp-HKq_L/lib/python3.10/site-packages/airflow/example_dags/example_nested_branch_dag.py
[2024-02-14T09:15:16.885+0000] {logging_mixin.py:188} INFO - [2024-02-14T09:15:16.885+0000] {dag.py:3033} INFO - Sync 1 DAGs
[2024-02-14T09:15:16.902+0000] {logging_mixin.py:188} INFO - [2024-02-14T09:15:16.902+0000] {dag.py:3820} INFO - Setting next_dagrun for example_nested_branch_dag to 2024-02-13T00:00:00+00:00, run_after=2024-02-14T00:00:00+00:00
[2024-02-14T09:15:16.945+0000] {processor.py:183} INFO - Processing /home/codespace/.local/share/virtualenvs/airflow_sandbox-vp-HKq_L/lib/python3.10/site-packages/airflow/example_dags/example_nested_branch_dag.py took 0.084 seconds
[2024-02-14T09:16:07.517+0000] {processor.py:161} INFO - Started process (PID=9775) to work on /home/codespace/.local/share/virtualenvs/airflow_sandbox-vp-HKq_L/lib/python3.10/site-packages/airflow/example_dags/example_nested_branch_dag.py
[2024-02-14T09:16:07.517+0000] {processor.py:830} INFO - Processing file /home/codespace/.local/share/virtualenvs/airflow_sandbox-vp-HKq_L/lib/python3.10/site-packages/airflow/example_dags/example_nested_branch_dag.py for tasks to queue
[2024-02-14T09:16:07.518+0000] {logging_mixin.py:188} INFO - [2024-02-14T09:16:07.518+0000] {dagbag.py:538} INFO - Filling up the DagBag from /home/codespace/.local/share/virtualenvs/airflow_sandbox-vp-HKq_L/lib/python3.10/site-packages/airflow/example_dags/example_nested_branch_dag.py
[2024-02-14T09:16:07.526+0000] {processor.py:840} INFO - DAG(s) 'example_nested_branch_dag' retrieved from /home/codespace/.local/share/virtualenvs/airflow_sandbox-vp-HKq_L/lib/python3.10/site-packages/airflow/example_dags/example_nested_branch_dag.py
[2024-02-14T09:16:07.539+0000] {logging_mixin.py:188} INFO - [2024-02-14T09:16:07.539+0000] {dag.py:3033} INFO - Sync 1 DAGs
[2024-02-14T09:16:07.555+0000] {logging_mixin.py:188} INFO - [2024-02-14T09:16:07.555+0000] {dag.py:3820} INFO - Setting next_dagrun for example_nested_branch_dag to 2024-02-13T00:00:00+00:00, run_after=2024-02-14T00:00:00+00:00
[2024-02-14T09:16:07.596+0000] {processor.py:183} INFO - Processing /home/codespace/.local/share/virtualenvs/airflow_sandbox-vp-HKq_L/lib/python3.10/site-packages/airflow/example_dags/example_nested_branch_dag.py took 0.082 seconds
[2024-02-14T09:17:03.075+0000] {processor.py:161} INFO - Started process (PID=10186) to work on /home/codespace/.local/share/virtualenvs/airflow_sandbox-vp-HKq_L/lib/python3.10/site-packages/airflow/example_dags/example_nested_branch_dag.py
[2024-02-14T09:17:03.076+0000] {processor.py:830} INFO - Processing file /home/codespace/.local/share/virtualenvs/airflow_sandbox-vp-HKq_L/lib/python3.10/site-packages/airflow/example_dags/example_nested_branch_dag.py for tasks to queue
[2024-02-14T09:17:03.077+0000] {logging_mixin.py:188} INFO - [2024-02-14T09:17:03.076+0000] {dagbag.py:538} INFO - Filling up the DagBag from /home/codespace/.local/share/virtualenvs/airflow_sandbox-vp-HKq_L/lib/python3.10/site-packages/airflow/example_dags/example_nested_branch_dag.py
[2024-02-14T09:17:03.085+0000] {processor.py:840} INFO - DAG(s) 'example_nested_branch_dag' retrieved from /home/codespace/.local/share/virtualenvs/airflow_sandbox-vp-HKq_L/lib/python3.10/site-packages/airflow/example_dags/example_nested_branch_dag.py
[2024-02-14T09:17:03.098+0000] {logging_mixin.py:188} INFO - [2024-02-14T09:17:03.098+0000] {dag.py:3033} INFO - Sync 1 DAGs
[2024-02-14T09:17:03.114+0000] {logging_mixin.py:188} INFO - [2024-02-14T09:17:03.114+0000] {dag.py:3820} INFO - Setting next_dagrun for example_nested_branch_dag to 2024-02-13T00:00:00+00:00, run_after=2024-02-14T00:00:00+00:00
[2024-02-14T09:17:03.156+0000] {processor.py:183} INFO - Processing /home/codespace/.local/share/virtualenvs/airflow_sandbox-vp-HKq_L/lib/python3.10/site-packages/airflow/example_dags/example_nested_branch_dag.py took 0.083 seconds
[2024-02-14T09:17:54.362+0000] {processor.py:161} INFO - Started process (PID=10582) to work on /home/codespace/.local/share/virtualenvs/airflow_sandbox-vp-HKq_L/lib/python3.10/site-packages/airflow/example_dags/example_nested_branch_dag.py
[2024-02-14T09:17:54.362+0000] {processor.py:830} INFO - Processing file /home/codespace/.local/share/virtualenvs/airflow_sandbox-vp-HKq_L/lib/python3.10/site-packages/airflow/example_dags/example_nested_branch_dag.py for tasks to queue
[2024-02-14T09:17:54.363+0000] {logging_mixin.py:188} INFO - [2024-02-14T09:17:54.363+0000] {dagbag.py:538} INFO - Filling up the DagBag from /home/codespace/.local/share/virtualenvs/airflow_sandbox-vp-HKq_L/lib/python3.10/site-packages/airflow/example_dags/example_nested_branch_dag.py
[2024-02-14T09:17:54.371+0000] {processor.py:840} INFO - DAG(s) 'example_nested_branch_dag' retrieved from /home/codespace/.local/share/virtualenvs/airflow_sandbox-vp-HKq_L/lib/python3.10/site-packages/airflow/example_dags/example_nested_branch_dag.py
[2024-02-14T09:17:54.385+0000] {logging_mixin.py:188} INFO - [2024-02-14T09:17:54.385+0000] {dag.py:3033} INFO - Sync 1 DAGs
[2024-02-14T09:17:54.401+0000] {logging_mixin.py:188} INFO - [2024-02-14T09:17:54.401+0000] {dag.py:3820} INFO - Setting next_dagrun for example_nested_branch_dag to 2024-02-13T00:00:00+00:00, run_after=2024-02-14T00:00:00+00:00
[2024-02-14T09:17:54.446+0000] {processor.py:183} INFO - Processing /home/codespace/.local/share/virtualenvs/airflow_sandbox-vp-HKq_L/lib/python3.10/site-packages/airflow/example_dags/example_nested_branch_dag.py took 0.087 seconds
[2024-02-14T09:18:47.479+0000] {processor.py:161} INFO - Started process (PID=10966) to work on /home/codespace/.local/share/virtualenvs/airflow_sandbox-vp-HKq_L/lib/python3.10/site-packages/airflow/example_dags/example_nested_branch_dag.py
[2024-02-14T09:18:47.480+0000] {processor.py:830} INFO - Processing file /home/codespace/.local/share/virtualenvs/airflow_sandbox-vp-HKq_L/lib/python3.10/site-packages/airflow/example_dags/example_nested_branch_dag.py for tasks to queue
[2024-02-14T09:18:47.481+0000] {logging_mixin.py:188} INFO - [2024-02-14T09:18:47.480+0000] {dagbag.py:538} INFO - Filling up the DagBag from /home/codespace/.local/share/virtualenvs/airflow_sandbox-vp-HKq_L/lib/python3.10/site-packages/airflow/example_dags/example_nested_branch_dag.py
[2024-02-14T09:18:47.489+0000] {processor.py:840} INFO - DAG(s) 'example_nested_branch_dag' retrieved from /home/codespace/.local/share/virtualenvs/airflow_sandbox-vp-HKq_L/lib/python3.10/site-packages/airflow/example_dags/example_nested_branch_dag.py
[2024-02-14T09:18:47.502+0000] {logging_mixin.py:188} INFO - [2024-02-14T09:18:47.502+0000] {dag.py:3033} INFO - Sync 1 DAGs
[2024-02-14T09:18:47.523+0000] {logging_mixin.py:188} INFO - [2024-02-14T09:18:47.523+0000] {dag.py:3820} INFO - Setting next_dagrun for example_nested_branch_dag to 2024-02-13T00:00:00+00:00, run_after=2024-02-14T00:00:00+00:00
[2024-02-14T09:18:47.568+0000] {processor.py:183} INFO - Processing /home/codespace/.local/share/virtualenvs/airflow_sandbox-vp-HKq_L/lib/python3.10/site-packages/airflow/example_dags/example_nested_branch_dag.py took 0.090 seconds
[2024-02-14T09:19:42.004+0000] {processor.py:161} INFO - Started process (PID=11344) to work on /home/codespace/.local/share/virtualenvs/airflow_sandbox-vp-HKq_L/lib/python3.10/site-packages/airflow/example_dags/example_nested_branch_dag.py
[2024-02-14T09:19:42.005+0000] {processor.py:830} INFO - Processing file /home/codespace/.local/share/virtualenvs/airflow_sandbox-vp-HKq_L/lib/python3.10/site-packages/airflow/example_dags/example_nested_branch_dag.py for tasks to queue
[2024-02-14T09:19:42.006+0000] {logging_mixin.py:188} INFO - [2024-02-14T09:19:42.006+0000] {dagbag.py:538} INFO - Filling up the DagBag from /home/codespace/.local/share/virtualenvs/airflow_sandbox-vp-HKq_L/lib/python3.10/site-packages/airflow/example_dags/example_nested_branch_dag.py
[2024-02-14T09:19:42.014+0000] {processor.py:840} INFO - DAG(s) 'example_nested_branch_dag' retrieved from /home/codespace/.local/share/virtualenvs/airflow_sandbox-vp-HKq_L/lib/python3.10/site-packages/airflow/example_dags/example_nested_branch_dag.py
[2024-02-14T09:19:42.028+0000] {logging_mixin.py:188} INFO - [2024-02-14T09:19:42.028+0000] {dag.py:3033} INFO - Sync 1 DAGs
[2024-02-14T09:19:42.045+0000] {logging_mixin.py:188} INFO - [2024-02-14T09:19:42.045+0000] {dag.py:3820} INFO - Setting next_dagrun for example_nested_branch_dag to 2024-02-13T00:00:00+00:00, run_after=2024-02-14T00:00:00+00:00
[2024-02-14T09:19:42.087+0000] {processor.py:183} INFO - Processing /home/codespace/.local/share/virtualenvs/airflow_sandbox-vp-HKq_L/lib/python3.10/site-packages/airflow/example_dags/example_nested_branch_dag.py took 0.085 seconds
[2024-02-14T09:20:35.591+0000] {processor.py:161} INFO - Started process (PID=12213) to work on /home/codespace/.local/share/virtualenvs/airflow_sandbox-vp-HKq_L/lib/python3.10/site-packages/airflow/example_dags/example_nested_branch_dag.py
[2024-02-14T09:20:35.592+0000] {processor.py:830} INFO - Processing file /home/codespace/.local/share/virtualenvs/airflow_sandbox-vp-HKq_L/lib/python3.10/site-packages/airflow/example_dags/example_nested_branch_dag.py for tasks to queue
[2024-02-14T09:20:35.593+0000] {logging_mixin.py:188} INFO - [2024-02-14T09:20:35.592+0000] {dagbag.py:538} INFO - Filling up the DagBag from /home/codespace/.local/share/virtualenvs/airflow_sandbox-vp-HKq_L/lib/python3.10/site-packages/airflow/example_dags/example_nested_branch_dag.py
[2024-02-14T09:20:35.601+0000] {processor.py:840} INFO - DAG(s) 'example_nested_branch_dag' retrieved from /home/codespace/.local/share/virtualenvs/airflow_sandbox-vp-HKq_L/lib/python3.10/site-packages/airflow/example_dags/example_nested_branch_dag.py
[2024-02-14T09:20:35.615+0000] {logging_mixin.py:188} INFO - [2024-02-14T09:20:35.614+0000] {dag.py:3033} INFO - Sync 1 DAGs
[2024-02-14T09:20:35.631+0000] {logging_mixin.py:188} INFO - [2024-02-14T09:20:35.631+0000] {dag.py:3820} INFO - Setting next_dagrun for example_nested_branch_dag to 2024-02-13T00:00:00+00:00, run_after=2024-02-14T00:00:00+00:00
[2024-02-14T09:20:35.672+0000] {processor.py:183} INFO - Processing /home/codespace/.local/share/virtualenvs/airflow_sandbox-vp-HKq_L/lib/python3.10/site-packages/airflow/example_dags/example_nested_branch_dag.py took 0.084 seconds
[2024-02-14T09:21:26.054+0000] {processor.py:161} INFO - Started process (PID=12575) to work on /home/codespace/.local/share/virtualenvs/airflow_sandbox-vp-HKq_L/lib/python3.10/site-packages/airflow/example_dags/example_nested_branch_dag.py
[2024-02-14T09:21:26.054+0000] {processor.py:830} INFO - Processing file /home/codespace/.local/share/virtualenvs/airflow_sandbox-vp-HKq_L/lib/python3.10/site-packages/airflow/example_dags/example_nested_branch_dag.py for tasks to queue
[2024-02-14T09:21:26.055+0000] {logging_mixin.py:188} INFO - [2024-02-14T09:21:26.055+0000] {dagbag.py:538} INFO - Filling up the DagBag from /home/codespace/.local/share/virtualenvs/airflow_sandbox-vp-HKq_L/lib/python3.10/site-packages/airflow/example_dags/example_nested_branch_dag.py
[2024-02-14T09:21:26.064+0000] {processor.py:840} INFO - DAG(s) 'example_nested_branch_dag' retrieved from /home/codespace/.local/share/virtualenvs/airflow_sandbox-vp-HKq_L/lib/python3.10/site-packages/airflow/example_dags/example_nested_branch_dag.py
[2024-02-14T09:21:26.078+0000] {logging_mixin.py:188} INFO - [2024-02-14T09:21:26.078+0000] {dag.py:3033} INFO - Sync 1 DAGs
[2024-02-14T09:21:26.096+0000] {logging_mixin.py:188} INFO - [2024-02-14T09:21:26.096+0000] {dag.py:3820} INFO - Setting next_dagrun for example_nested_branch_dag to 2024-02-13T00:00:00+00:00, run_after=2024-02-14T00:00:00+00:00
[2024-02-14T09:21:26.139+0000] {processor.py:183} INFO - Processing /home/codespace/.local/share/virtualenvs/airflow_sandbox-vp-HKq_L/lib/python3.10/site-packages/airflow/example_dags/example_nested_branch_dag.py took 0.088 seconds
[2024-02-14T09:22:22.424+0000] {processor.py:161} INFO - Started process (PID=12983) to work on /home/codespace/.local/share/virtualenvs/airflow_sandbox-vp-HKq_L/lib/python3.10/site-packages/airflow/example_dags/example_nested_branch_dag.py
[2024-02-14T09:22:22.425+0000] {processor.py:830} INFO - Processing file /home/codespace/.local/share/virtualenvs/airflow_sandbox-vp-HKq_L/lib/python3.10/site-packages/airflow/example_dags/example_nested_branch_dag.py for tasks to queue
[2024-02-14T09:22:22.425+0000] {logging_mixin.py:188} INFO - [2024-02-14T09:22:22.425+0000] {dagbag.py:538} INFO - Filling up the DagBag from /home/codespace/.local/share/virtualenvs/airflow_sandbox-vp-HKq_L/lib/python3.10/site-packages/airflow/example_dags/example_nested_branch_dag.py
[2024-02-14T09:22:22.433+0000] {processor.py:840} INFO - DAG(s) 'example_nested_branch_dag' retrieved from /home/codespace/.local/share/virtualenvs/airflow_sandbox-vp-HKq_L/lib/python3.10/site-packages/airflow/example_dags/example_nested_branch_dag.py
[2024-02-14T09:22:22.447+0000] {logging_mixin.py:188} INFO - [2024-02-14T09:22:22.446+0000] {dag.py:3033} INFO - Sync 1 DAGs
[2024-02-14T09:22:22.463+0000] {logging_mixin.py:188} INFO - [2024-02-14T09:22:22.462+0000] {dag.py:3820} INFO - Setting next_dagrun for example_nested_branch_dag to 2024-02-13T00:00:00+00:00, run_after=2024-02-14T00:00:00+00:00
[2024-02-14T09:22:22.506+0000] {processor.py:183} INFO - Processing /home/codespace/.local/share/virtualenvs/airflow_sandbox-vp-HKq_L/lib/python3.10/site-packages/airflow/example_dags/example_nested_branch_dag.py took 0.084 seconds
[2024-02-14T09:23:19.859+0000] {processor.py:161} INFO - Started process (PID=13419) to work on /home/codespace/.local/share/virtualenvs/airflow_sandbox-vp-HKq_L/lib/python3.10/site-packages/airflow/example_dags/example_nested_branch_dag.py
[2024-02-14T09:23:19.860+0000] {processor.py:830} INFO - Processing file /home/codespace/.local/share/virtualenvs/airflow_sandbox-vp-HKq_L/lib/python3.10/site-packages/airflow/example_dags/example_nested_branch_dag.py for tasks to queue
[2024-02-14T09:23:19.860+0000] {logging_mixin.py:188} INFO - [2024-02-14T09:23:19.860+0000] {dagbag.py:538} INFO - Filling up the DagBag from /home/codespace/.local/share/virtualenvs/airflow_sandbox-vp-HKq_L/lib/python3.10/site-packages/airflow/example_dags/example_nested_branch_dag.py
[2024-02-14T09:23:19.869+0000] {processor.py:840} INFO - DAG(s) 'example_nested_branch_dag' retrieved from /home/codespace/.local/share/virtualenvs/airflow_sandbox-vp-HKq_L/lib/python3.10/site-packages/airflow/example_dags/example_nested_branch_dag.py
[2024-02-14T09:23:19.882+0000] {logging_mixin.py:188} INFO - [2024-02-14T09:23:19.882+0000] {dag.py:3033} INFO - Sync 1 DAGs
[2024-02-14T09:23:19.898+0000] {logging_mixin.py:188} INFO - [2024-02-14T09:23:19.898+0000] {dag.py:3820} INFO - Setting next_dagrun for example_nested_branch_dag to 2024-02-13T00:00:00+00:00, run_after=2024-02-14T00:00:00+00:00
[2024-02-14T09:23:19.942+0000] {processor.py:183} INFO - Processing /home/codespace/.local/share/virtualenvs/airflow_sandbox-vp-HKq_L/lib/python3.10/site-packages/airflow/example_dags/example_nested_branch_dag.py took 0.086 seconds
[2024-02-14T09:24:17.761+0000] {processor.py:161} INFO - Started process (PID=13811) to work on /home/codespace/.local/share/virtualenvs/airflow_sandbox-vp-HKq_L/lib/python3.10/site-packages/airflow/example_dags/example_nested_branch_dag.py
[2024-02-14T09:24:17.762+0000] {processor.py:830} INFO - Processing file /home/codespace/.local/share/virtualenvs/airflow_sandbox-vp-HKq_L/lib/python3.10/site-packages/airflow/example_dags/example_nested_branch_dag.py for tasks to queue
[2024-02-14T09:24:17.763+0000] {logging_mixin.py:188} INFO - [2024-02-14T09:24:17.763+0000] {dagbag.py:538} INFO - Filling up the DagBag from /home/codespace/.local/share/virtualenvs/airflow_sandbox-vp-HKq_L/lib/python3.10/site-packages/airflow/example_dags/example_nested_branch_dag.py
[2024-02-14T09:24:17.771+0000] {processor.py:840} INFO - DAG(s) 'example_nested_branch_dag' retrieved from /home/codespace/.local/share/virtualenvs/airflow_sandbox-vp-HKq_L/lib/python3.10/site-packages/airflow/example_dags/example_nested_branch_dag.py
[2024-02-14T09:24:17.785+0000] {logging_mixin.py:188} INFO - [2024-02-14T09:24:17.785+0000] {dag.py:3033} INFO - Sync 1 DAGs
[2024-02-14T09:24:17.805+0000] {logging_mixin.py:188} INFO - [2024-02-14T09:24:17.805+0000] {dag.py:3820} INFO - Setting next_dagrun for example_nested_branch_dag to 2024-02-13T00:00:00+00:00, run_after=2024-02-14T00:00:00+00:00
[2024-02-14T09:24:17.853+0000] {processor.py:183} INFO - Processing /home/codespace/.local/share/virtualenvs/airflow_sandbox-vp-HKq_L/lib/python3.10/site-packages/airflow/example_dags/example_nested_branch_dag.py took 0.094 seconds
[2024-02-14T09:25:12.762+0000] {processor.py:161} INFO - Started process (PID=14200) to work on /home/codespace/.local/share/virtualenvs/airflow_sandbox-vp-HKq_L/lib/python3.10/site-packages/airflow/example_dags/example_nested_branch_dag.py
[2024-02-14T09:25:12.763+0000] {processor.py:830} INFO - Processing file /home/codespace/.local/share/virtualenvs/airflow_sandbox-vp-HKq_L/lib/python3.10/site-packages/airflow/example_dags/example_nested_branch_dag.py for tasks to queue
[2024-02-14T09:25:12.764+0000] {logging_mixin.py:188} INFO - [2024-02-14T09:25:12.763+0000] {dagbag.py:538} INFO - Filling up the DagBag from /home/codespace/.local/share/virtualenvs/airflow_sandbox-vp-HKq_L/lib/python3.10/site-packages/airflow/example_dags/example_nested_branch_dag.py
[2024-02-14T09:25:12.772+0000] {processor.py:840} INFO - DAG(s) 'example_nested_branch_dag' retrieved from /home/codespace/.local/share/virtualenvs/airflow_sandbox-vp-HKq_L/lib/python3.10/site-packages/airflow/example_dags/example_nested_branch_dag.py
[2024-02-14T09:25:12.784+0000] {logging_mixin.py:188} INFO - [2024-02-14T09:25:12.784+0000] {dag.py:3033} INFO - Sync 1 DAGs
[2024-02-14T09:25:12.800+0000] {logging_mixin.py:188} INFO - [2024-02-14T09:25:12.800+0000] {dag.py:3820} INFO - Setting next_dagrun for example_nested_branch_dag to 2024-02-13T00:00:00+00:00, run_after=2024-02-14T00:00:00+00:00
[2024-02-14T09:25:12.857+0000] {processor.py:183} INFO - Processing /home/codespace/.local/share/virtualenvs/airflow_sandbox-vp-HKq_L/lib/python3.10/site-packages/airflow/example_dags/example_nested_branch_dag.py took 0.097 seconds
[2024-02-14T09:26:05.330+0000] {processor.py:161} INFO - Started process (PID=14555) to work on /home/codespace/.local/share/virtualenvs/airflow_sandbox-vp-HKq_L/lib/python3.10/site-packages/airflow/example_dags/example_nested_branch_dag.py
[2024-02-14T09:26:05.331+0000] {processor.py:830} INFO - Processing file /home/codespace/.local/share/virtualenvs/airflow_sandbox-vp-HKq_L/lib/python3.10/site-packages/airflow/example_dags/example_nested_branch_dag.py for tasks to queue
[2024-02-14T09:26:05.332+0000] {logging_mixin.py:188} INFO - [2024-02-14T09:26:05.331+0000] {dagbag.py:538} INFO - Filling up the DagBag from /home/codespace/.local/share/virtualenvs/airflow_sandbox-vp-HKq_L/lib/python3.10/site-packages/airflow/example_dags/example_nested_branch_dag.py
[2024-02-14T09:26:05.340+0000] {processor.py:840} INFO - DAG(s) 'example_nested_branch_dag' retrieved from /home/codespace/.local/share/virtualenvs/airflow_sandbox-vp-HKq_L/lib/python3.10/site-packages/airflow/example_dags/example_nested_branch_dag.py
[2024-02-14T09:26:05.353+0000] {logging_mixin.py:188} INFO - [2024-02-14T09:26:05.352+0000] {dag.py:3033} INFO - Sync 1 DAGs
[2024-02-14T09:26:05.369+0000] {logging_mixin.py:188} INFO - [2024-02-14T09:26:05.369+0000] {dag.py:3820} INFO - Setting next_dagrun for example_nested_branch_dag to 2024-02-13T00:00:00+00:00, run_after=2024-02-14T00:00:00+00:00
[2024-02-14T09:26:05.412+0000] {processor.py:183} INFO - Processing /home/codespace/.local/share/virtualenvs/airflow_sandbox-vp-HKq_L/lib/python3.10/site-packages/airflow/example_dags/example_nested_branch_dag.py took 0.084 seconds
[2024-02-14T09:26:59.054+0000] {processor.py:161} INFO - Started process (PID=14919) to work on /home/codespace/.local/share/virtualenvs/airflow_sandbox-vp-HKq_L/lib/python3.10/site-packages/airflow/example_dags/example_nested_branch_dag.py
[2024-02-14T09:26:59.055+0000] {processor.py:830} INFO - Processing file /home/codespace/.local/share/virtualenvs/airflow_sandbox-vp-HKq_L/lib/python3.10/site-packages/airflow/example_dags/example_nested_branch_dag.py for tasks to queue
[2024-02-14T09:26:59.055+0000] {logging_mixin.py:188} INFO - [2024-02-14T09:26:59.055+0000] {dagbag.py:538} INFO - Filling up the DagBag from /home/codespace/.local/share/virtualenvs/airflow_sandbox-vp-HKq_L/lib/python3.10/site-packages/airflow/example_dags/example_nested_branch_dag.py
[2024-02-14T09:26:59.063+0000] {processor.py:840} INFO - DAG(s) 'example_nested_branch_dag' retrieved from /home/codespace/.local/share/virtualenvs/airflow_sandbox-vp-HKq_L/lib/python3.10/site-packages/airflow/example_dags/example_nested_branch_dag.py
[2024-02-14T09:26:59.077+0000] {logging_mixin.py:188} INFO - [2024-02-14T09:26:59.077+0000] {dag.py:3033} INFO - Sync 1 DAGs
[2024-02-14T09:26:59.094+0000] {logging_mixin.py:188} INFO - [2024-02-14T09:26:59.094+0000] {dag.py:3820} INFO - Setting next_dagrun for example_nested_branch_dag to 2024-02-13T00:00:00+00:00, run_after=2024-02-14T00:00:00+00:00
[2024-02-14T09:26:59.137+0000] {processor.py:183} INFO - Processing /home/codespace/.local/share/virtualenvs/airflow_sandbox-vp-HKq_L/lib/python3.10/site-packages/airflow/example_dags/example_nested_branch_dag.py took 0.086 seconds
[2024-02-14T09:27:55.091+0000] {processor.py:161} INFO - Started process (PID=15350) to work on /home/codespace/.local/share/virtualenvs/airflow_sandbox-vp-HKq_L/lib/python3.10/site-packages/airflow/example_dags/example_nested_branch_dag.py
[2024-02-14T09:27:55.092+0000] {processor.py:830} INFO - Processing file /home/codespace/.local/share/virtualenvs/airflow_sandbox-vp-HKq_L/lib/python3.10/site-packages/airflow/example_dags/example_nested_branch_dag.py for tasks to queue
[2024-02-14T09:27:55.093+0000] {logging_mixin.py:188} INFO - [2024-02-14T09:27:55.092+0000] {dagbag.py:538} INFO - Filling up the DagBag from /home/codespace/.local/share/virtualenvs/airflow_sandbox-vp-HKq_L/lib/python3.10/site-packages/airflow/example_dags/example_nested_branch_dag.py
[2024-02-14T09:27:55.101+0000] {processor.py:840} INFO - DAG(s) 'example_nested_branch_dag' retrieved from /home/codespace/.local/share/virtualenvs/airflow_sandbox-vp-HKq_L/lib/python3.10/site-packages/airflow/example_dags/example_nested_branch_dag.py
[2024-02-14T09:27:55.114+0000] {logging_mixin.py:188} INFO - [2024-02-14T09:27:55.114+0000] {dag.py:3033} INFO - Sync 1 DAGs
[2024-02-14T09:27:55.131+0000] {logging_mixin.py:188} INFO - [2024-02-14T09:27:55.131+0000] {dag.py:3820} INFO - Setting next_dagrun for example_nested_branch_dag to 2024-02-13T00:00:00+00:00, run_after=2024-02-14T00:00:00+00:00
[2024-02-14T09:27:55.176+0000] {processor.py:183} INFO - Processing /home/codespace/.local/share/virtualenvs/airflow_sandbox-vp-HKq_L/lib/python3.10/site-packages/airflow/example_dags/example_nested_branch_dag.py took 0.087 seconds
[2024-02-14T09:28:48.171+0000] {processor.py:161} INFO - Started process (PID=15827) to work on /home/codespace/.local/share/virtualenvs/airflow_sandbox-vp-HKq_L/lib/python3.10/site-packages/airflow/example_dags/example_nested_branch_dag.py
[2024-02-14T09:28:48.171+0000] {processor.py:830} INFO - Processing file /home/codespace/.local/share/virtualenvs/airflow_sandbox-vp-HKq_L/lib/python3.10/site-packages/airflow/example_dags/example_nested_branch_dag.py for tasks to queue
[2024-02-14T09:28:48.172+0000] {logging_mixin.py:188} INFO - [2024-02-14T09:28:48.172+0000] {dagbag.py:538} INFO - Filling up the DagBag from /home/codespace/.local/share/virtualenvs/airflow_sandbox-vp-HKq_L/lib/python3.10/site-packages/airflow/example_dags/example_nested_branch_dag.py
[2024-02-14T09:28:48.180+0000] {processor.py:840} INFO - DAG(s) 'example_nested_branch_dag' retrieved from /home/codespace/.local/share/virtualenvs/airflow_sandbox-vp-HKq_L/lib/python3.10/site-packages/airflow/example_dags/example_nested_branch_dag.py
[2024-02-14T09:28:48.193+0000] {logging_mixin.py:188} INFO - [2024-02-14T09:28:48.193+0000] {dag.py:3033} INFO - Sync 1 DAGs
[2024-02-14T09:28:48.209+0000] {logging_mixin.py:188} INFO - [2024-02-14T09:28:48.209+0000] {dag.py:3820} INFO - Setting next_dagrun for example_nested_branch_dag to 2024-02-13T00:00:00+00:00, run_after=2024-02-14T00:00:00+00:00
[2024-02-14T09:28:48.253+0000] {processor.py:183} INFO - Processing /home/codespace/.local/share/virtualenvs/airflow_sandbox-vp-HKq_L/lib/python3.10/site-packages/airflow/example_dags/example_nested_branch_dag.py took 0.084 seconds
[2024-02-14T09:29:41.651+0000] {processor.py:161} INFO - Started process (PID=16239) to work on /home/codespace/.local/share/virtualenvs/airflow_sandbox-vp-HKq_L/lib/python3.10/site-packages/airflow/example_dags/example_nested_branch_dag.py
[2024-02-14T09:29:41.652+0000] {processor.py:830} INFO - Processing file /home/codespace/.local/share/virtualenvs/airflow_sandbox-vp-HKq_L/lib/python3.10/site-packages/airflow/example_dags/example_nested_branch_dag.py for tasks to queue
[2024-02-14T09:29:41.652+0000] {logging_mixin.py:188} INFO - [2024-02-14T09:29:41.652+0000] {dagbag.py:538} INFO - Filling up the DagBag from /home/codespace/.local/share/virtualenvs/airflow_sandbox-vp-HKq_L/lib/python3.10/site-packages/airflow/example_dags/example_nested_branch_dag.py
[2024-02-14T09:29:41.660+0000] {processor.py:840} INFO - DAG(s) 'example_nested_branch_dag' retrieved from /home/codespace/.local/share/virtualenvs/airflow_sandbox-vp-HKq_L/lib/python3.10/site-packages/airflow/example_dags/example_nested_branch_dag.py
[2024-02-14T09:29:41.674+0000] {logging_mixin.py:188} INFO - [2024-02-14T09:29:41.673+0000] {dag.py:3033} INFO - Sync 1 DAGs
[2024-02-14T09:29:41.691+0000] {logging_mixin.py:188} INFO - [2024-02-14T09:29:41.690+0000] {dag.py:3820} INFO - Setting next_dagrun for example_nested_branch_dag to 2024-02-13T00:00:00+00:00, run_after=2024-02-14T00:00:00+00:00
[2024-02-14T09:29:41.732+0000] {processor.py:183} INFO - Processing /home/codespace/.local/share/virtualenvs/airflow_sandbox-vp-HKq_L/lib/python3.10/site-packages/airflow/example_dags/example_nested_branch_dag.py took 0.084 seconds
[2024-02-14T09:30:32.921+0000] {processor.py:161} INFO - Started process (PID=16598) to work on /home/codespace/.local/share/virtualenvs/airflow_sandbox-vp-HKq_L/lib/python3.10/site-packages/airflow/example_dags/example_nested_branch_dag.py
[2024-02-14T09:30:32.921+0000] {processor.py:830} INFO - Processing file /home/codespace/.local/share/virtualenvs/airflow_sandbox-vp-HKq_L/lib/python3.10/site-packages/airflow/example_dags/example_nested_branch_dag.py for tasks to queue
[2024-02-14T09:30:32.922+0000] {logging_mixin.py:188} INFO - [2024-02-14T09:30:32.922+0000] {dagbag.py:538} INFO - Filling up the DagBag from /home/codespace/.local/share/virtualenvs/airflow_sandbox-vp-HKq_L/lib/python3.10/site-packages/airflow/example_dags/example_nested_branch_dag.py
[2024-02-14T09:30:32.930+0000] {processor.py:840} INFO - DAG(s) 'example_nested_branch_dag' retrieved from /home/codespace/.local/share/virtualenvs/airflow_sandbox-vp-HKq_L/lib/python3.10/site-packages/airflow/example_dags/example_nested_branch_dag.py
[2024-02-14T09:30:32.945+0000] {logging_mixin.py:188} INFO - [2024-02-14T09:30:32.944+0000] {dag.py:3033} INFO - Sync 1 DAGs
[2024-02-14T09:30:32.962+0000] {logging_mixin.py:188} INFO - [2024-02-14T09:30:32.962+0000] {dag.py:3820} INFO - Setting next_dagrun for example_nested_branch_dag to 2024-02-13T00:00:00+00:00, run_after=2024-02-14T00:00:00+00:00
[2024-02-14T09:30:33.007+0000] {processor.py:183} INFO - Processing /home/codespace/.local/share/virtualenvs/airflow_sandbox-vp-HKq_L/lib/python3.10/site-packages/airflow/example_dags/example_nested_branch_dag.py took 0.089 seconds
[2024-02-14T09:31:25.165+0000] {processor.py:161} INFO - Started process (PID=16968) to work on /home/codespace/.local/share/virtualenvs/airflow_sandbox-vp-HKq_L/lib/python3.10/site-packages/airflow/example_dags/example_nested_branch_dag.py
[2024-02-14T09:31:25.165+0000] {processor.py:830} INFO - Processing file /home/codespace/.local/share/virtualenvs/airflow_sandbox-vp-HKq_L/lib/python3.10/site-packages/airflow/example_dags/example_nested_branch_dag.py for tasks to queue
[2024-02-14T09:31:25.166+0000] {logging_mixin.py:188} INFO - [2024-02-14T09:31:25.166+0000] {dagbag.py:538} INFO - Filling up the DagBag from /home/codespace/.local/share/virtualenvs/airflow_sandbox-vp-HKq_L/lib/python3.10/site-packages/airflow/example_dags/example_nested_branch_dag.py
[2024-02-14T09:31:25.174+0000] {processor.py:840} INFO - DAG(s) 'example_nested_branch_dag' retrieved from /home/codespace/.local/share/virtualenvs/airflow_sandbox-vp-HKq_L/lib/python3.10/site-packages/airflow/example_dags/example_nested_branch_dag.py
[2024-02-14T09:31:25.187+0000] {logging_mixin.py:188} INFO - [2024-02-14T09:31:25.187+0000] {dag.py:3033} INFO - Sync 1 DAGs
[2024-02-14T09:31:25.203+0000] {logging_mixin.py:188} INFO - [2024-02-14T09:31:25.203+0000] {dag.py:3820} INFO - Setting next_dagrun for example_nested_branch_dag to 2024-02-13T00:00:00+00:00, run_after=2024-02-14T00:00:00+00:00
[2024-02-14T09:31:25.245+0000] {processor.py:183} INFO - Processing /home/codespace/.local/share/virtualenvs/airflow_sandbox-vp-HKq_L/lib/python3.10/site-packages/airflow/example_dags/example_nested_branch_dag.py took 0.083 seconds
[2024-02-14T09:32:19.335+0000] {processor.py:161} INFO - Started process (PID=17358) to work on /home/codespace/.local/share/virtualenvs/airflow_sandbox-vp-HKq_L/lib/python3.10/site-packages/airflow/example_dags/example_nested_branch_dag.py
[2024-02-14T09:32:19.335+0000] {processor.py:830} INFO - Processing file /home/codespace/.local/share/virtualenvs/airflow_sandbox-vp-HKq_L/lib/python3.10/site-packages/airflow/example_dags/example_nested_branch_dag.py for tasks to queue
[2024-02-14T09:32:19.336+0000] {logging_mixin.py:188} INFO - [2024-02-14T09:32:19.336+0000] {dagbag.py:538} INFO - Filling up the DagBag from /home/codespace/.local/share/virtualenvs/airflow_sandbox-vp-HKq_L/lib/python3.10/site-packages/airflow/example_dags/example_nested_branch_dag.py
[2024-02-14T09:32:19.344+0000] {processor.py:840} INFO - DAG(s) 'example_nested_branch_dag' retrieved from /home/codespace/.local/share/virtualenvs/airflow_sandbox-vp-HKq_L/lib/python3.10/site-packages/airflow/example_dags/example_nested_branch_dag.py
[2024-02-14T09:32:19.358+0000] {logging_mixin.py:188} INFO - [2024-02-14T09:32:19.358+0000] {dag.py:3033} INFO - Sync 1 DAGs
[2024-02-14T09:32:19.375+0000] {logging_mixin.py:188} INFO - [2024-02-14T09:32:19.375+0000] {dag.py:3820} INFO - Setting next_dagrun for example_nested_branch_dag to 2024-02-13T00:00:00+00:00, run_after=2024-02-14T00:00:00+00:00
[2024-02-14T09:32:19.417+0000] {processor.py:183} INFO - Processing /home/codespace/.local/share/virtualenvs/airflow_sandbox-vp-HKq_L/lib/python3.10/site-packages/airflow/example_dags/example_nested_branch_dag.py took 0.085 seconds
[2024-02-14T09:33:10.961+0000] {processor.py:161} INFO - Started process (PID=17750) to work on /home/codespace/.local/share/virtualenvs/airflow_sandbox-vp-HKq_L/lib/python3.10/site-packages/airflow/example_dags/example_nested_branch_dag.py
[2024-02-14T09:33:10.962+0000] {processor.py:830} INFO - Processing file /home/codespace/.local/share/virtualenvs/airflow_sandbox-vp-HKq_L/lib/python3.10/site-packages/airflow/example_dags/example_nested_branch_dag.py for tasks to queue
[2024-02-14T09:33:10.962+0000] {logging_mixin.py:188} INFO - [2024-02-14T09:33:10.962+0000] {dagbag.py:538} INFO - Filling up the DagBag from /home/codespace/.local/share/virtualenvs/airflow_sandbox-vp-HKq_L/lib/python3.10/site-packages/airflow/example_dags/example_nested_branch_dag.py
[2024-02-14T09:33:10.971+0000] {processor.py:840} INFO - DAG(s) 'example_nested_branch_dag' retrieved from /home/codespace/.local/share/virtualenvs/airflow_sandbox-vp-HKq_L/lib/python3.10/site-packages/airflow/example_dags/example_nested_branch_dag.py
[2024-02-14T09:33:10.984+0000] {logging_mixin.py:188} INFO - [2024-02-14T09:33:10.984+0000] {dag.py:3033} INFO - Sync 1 DAGs
[2024-02-14T09:33:11.000+0000] {logging_mixin.py:188} INFO - [2024-02-14T09:33:11.000+0000] {dag.py:3820} INFO - Setting next_dagrun for example_nested_branch_dag to 2024-02-13T00:00:00+00:00, run_after=2024-02-14T00:00:00+00:00
[2024-02-14T09:33:11.048+0000] {processor.py:183} INFO - Processing /home/codespace/.local/share/virtualenvs/airflow_sandbox-vp-HKq_L/lib/python3.10/site-packages/airflow/example_dags/example_nested_branch_dag.py took 0.089 seconds
[2024-02-14T09:34:04.890+0000] {processor.py:161} INFO - Started process (PID=18129) to work on /home/codespace/.local/share/virtualenvs/airflow_sandbox-vp-HKq_L/lib/python3.10/site-packages/airflow/example_dags/example_nested_branch_dag.py
[2024-02-14T09:34:04.891+0000] {processor.py:830} INFO - Processing file /home/codespace/.local/share/virtualenvs/airflow_sandbox-vp-HKq_L/lib/python3.10/site-packages/airflow/example_dags/example_nested_branch_dag.py for tasks to queue
[2024-02-14T09:34:04.892+0000] {logging_mixin.py:188} INFO - [2024-02-14T09:34:04.891+0000] {dagbag.py:538} INFO - Filling up the DagBag from /home/codespace/.local/share/virtualenvs/airflow_sandbox-vp-HKq_L/lib/python3.10/site-packages/airflow/example_dags/example_nested_branch_dag.py
[2024-02-14T09:34:04.900+0000] {processor.py:840} INFO - DAG(s) 'example_nested_branch_dag' retrieved from /home/codespace/.local/share/virtualenvs/airflow_sandbox-vp-HKq_L/lib/python3.10/site-packages/airflow/example_dags/example_nested_branch_dag.py
[2024-02-14T09:34:04.913+0000] {logging_mixin.py:188} INFO - [2024-02-14T09:34:04.913+0000] {dag.py:3033} INFO - Sync 1 DAGs
[2024-02-14T09:34:04.931+0000] {logging_mixin.py:188} INFO - [2024-02-14T09:34:04.931+0000] {dag.py:3820} INFO - Setting next_dagrun for example_nested_branch_dag to 2024-02-13T00:00:00+00:00, run_after=2024-02-14T00:00:00+00:00
[2024-02-14T09:34:05.000+0000] {processor.py:183} INFO - Processing /home/codespace/.local/share/virtualenvs/airflow_sandbox-vp-HKq_L/lib/python3.10/site-packages/airflow/example_dags/example_nested_branch_dag.py took 0.112 seconds
