[2024-02-14T09:07:58.233+0000] {processor.py:161} INFO - Started process (PID=4699) to work on /home/codespace/.local/share/virtualenvs/airflow_sandbox-vp-HKq_L/lib/python3.10/site-packages/airflow/example_dags/example_params_ui_tutorial.py
[2024-02-14T09:07:58.234+0000] {processor.py:830} INFO - Processing file /home/codespace/.local/share/virtualenvs/airflow_sandbox-vp-HKq_L/lib/python3.10/site-packages/airflow/example_dags/example_params_ui_tutorial.py for tasks to queue
[2024-02-14T09:07:58.234+0000] {logging_mixin.py:188} INFO - [2024-02-14T09:07:58.234+0000] {dagbag.py:538} INFO - Filling up the DagBag from /home/codespace/.local/share/virtualenvs/airflow_sandbox-vp-HKq_L/lib/python3.10/site-packages/airflow/example_dags/example_params_ui_tutorial.py
[2024-02-14T09:07:58.243+0000] {processor.py:840} INFO - DAG(s) 'example_params_ui_tutorial' retrieved from /home/codespace/.local/share/virtualenvs/airflow_sandbox-vp-HKq_L/lib/python3.10/site-packages/airflow/example_dags/example_params_ui_tutorial.py
[2024-02-14T09:07:58.367+0000] {logging_mixin.py:188} INFO - [2024-02-14T09:07:58.367+0000] {dag.py:3033} INFO - Sync 1 DAGs
[2024-02-14T09:07:58.375+0000] {logging_mixin.py:188} INFO - [2024-02-14T09:07:58.375+0000] {dag.py:3820} INFO - Setting next_dagrun for example_params_ui_tutorial to None, run_after=None
[2024-02-14T09:07:58.417+0000] {processor.py:183} INFO - Processing /home/codespace/.local/share/virtualenvs/airflow_sandbox-vp-HKq_L/lib/python3.10/site-packages/airflow/example_dags/example_params_ui_tutorial.py took 0.186 seconds
[2024-02-14T09:08:47.646+0000] {processor.py:161} INFO - Started process (PID=5334) to work on /home/codespace/.local/share/virtualenvs/airflow_sandbox-vp-HKq_L/lib/python3.10/site-packages/airflow/example_dags/example_params_ui_tutorial.py
[2024-02-14T09:08:47.647+0000] {processor.py:830} INFO - Processing file /home/codespace/.local/share/virtualenvs/airflow_sandbox-vp-HKq_L/lib/python3.10/site-packages/airflow/example_dags/example_params_ui_tutorial.py for tasks to queue
[2024-02-14T09:08:47.648+0000] {logging_mixin.py:188} INFO - [2024-02-14T09:08:47.648+0000] {dagbag.py:538} INFO - Filling up the DagBag from /home/codespace/.local/share/virtualenvs/airflow_sandbox-vp-HKq_L/lib/python3.10/site-packages/airflow/example_dags/example_params_ui_tutorial.py
[2024-02-14T09:08:47.659+0000] {processor.py:840} INFO - DAG(s) 'example_params_ui_tutorial' retrieved from /home/codespace/.local/share/virtualenvs/airflow_sandbox-vp-HKq_L/lib/python3.10/site-packages/airflow/example_dags/example_params_ui_tutorial.py
[2024-02-14T09:08:47.720+0000] {logging_mixin.py:188} INFO - [2024-02-14T09:08:47.720+0000] {dag.py:3033} INFO - Sync 1 DAGs
[2024-02-14T09:08:47.729+0000] {logging_mixin.py:188} INFO - [2024-02-14T09:08:47.729+0000] {dag.py:3820} INFO - Setting next_dagrun for example_params_ui_tutorial to None, run_after=None
[2024-02-14T09:08:47.770+0000] {processor.py:183} INFO - Processing /home/codespace/.local/share/virtualenvs/airflow_sandbox-vp-HKq_L/lib/python3.10/site-packages/airflow/example_dags/example_params_ui_tutorial.py took 0.126 seconds
[2024-02-14T09:09:42.586+0000] {processor.py:161} INFO - Started process (PID=6142) to work on /home/codespace/.local/share/virtualenvs/airflow_sandbox-vp-HKq_L/lib/python3.10/site-packages/airflow/example_dags/example_params_ui_tutorial.py
[2024-02-14T09:09:42.587+0000] {processor.py:830} INFO - Processing file /home/codespace/.local/share/virtualenvs/airflow_sandbox-vp-HKq_L/lib/python3.10/site-packages/airflow/example_dags/example_params_ui_tutorial.py for tasks to queue
[2024-02-14T09:09:42.588+0000] {logging_mixin.py:188} INFO - [2024-02-14T09:09:42.588+0000] {dagbag.py:538} INFO - Filling up the DagBag from /home/codespace/.local/share/virtualenvs/airflow_sandbox-vp-HKq_L/lib/python3.10/site-packages/airflow/example_dags/example_params_ui_tutorial.py
[2024-02-14T09:09:42.598+0000] {processor.py:840} INFO - DAG(s) 'example_params_ui_tutorial' retrieved from /home/codespace/.local/share/virtualenvs/airflow_sandbox-vp-HKq_L/lib/python3.10/site-packages/airflow/example_dags/example_params_ui_tutorial.py
[2024-02-14T09:09:42.639+0000] {logging_mixin.py:188} INFO - [2024-02-14T09:09:42.639+0000] {dag.py:3033} INFO - Sync 1 DAGs
[2024-02-14T09:09:42.648+0000] {logging_mixin.py:188} INFO - [2024-02-14T09:09:42.648+0000] {dag.py:3820} INFO - Setting next_dagrun for example_params_ui_tutorial to None, run_after=None
[2024-02-14T09:09:42.692+0000] {processor.py:183} INFO - Processing /home/codespace/.local/share/virtualenvs/airflow_sandbox-vp-HKq_L/lib/python3.10/site-packages/airflow/example_dags/example_params_ui_tutorial.py took 0.108 seconds
[2024-02-14T09:10:40.308+0000] {processor.py:161} INFO - Started process (PID=6802) to work on /home/codespace/.local/share/virtualenvs/airflow_sandbox-vp-HKq_L/lib/python3.10/site-packages/airflow/example_dags/example_params_ui_tutorial.py
[2024-02-14T09:10:40.309+0000] {processor.py:830} INFO - Processing file /home/codespace/.local/share/virtualenvs/airflow_sandbox-vp-HKq_L/lib/python3.10/site-packages/airflow/example_dags/example_params_ui_tutorial.py for tasks to queue
[2024-02-14T09:10:40.310+0000] {logging_mixin.py:188} INFO - [2024-02-14T09:10:40.309+0000] {dagbag.py:538} INFO - Filling up the DagBag from /home/codespace/.local/share/virtualenvs/airflow_sandbox-vp-HKq_L/lib/python3.10/site-packages/airflow/example_dags/example_params_ui_tutorial.py
[2024-02-14T09:10:40.320+0000] {processor.py:840} INFO - DAG(s) 'example_params_ui_tutorial' retrieved from /home/codespace/.local/share/virtualenvs/airflow_sandbox-vp-HKq_L/lib/python3.10/site-packages/airflow/example_dags/example_params_ui_tutorial.py
[2024-02-14T09:10:40.358+0000] {logging_mixin.py:188} INFO - [2024-02-14T09:10:40.357+0000] {dag.py:3033} INFO - Sync 1 DAGs
[2024-02-14T09:10:40.366+0000] {logging_mixin.py:188} INFO - [2024-02-14T09:10:40.366+0000] {dag.py:3820} INFO - Setting next_dagrun for example_params_ui_tutorial to None, run_after=None
[2024-02-14T09:10:40.409+0000] {processor.py:183} INFO - Processing /home/codespace/.local/share/virtualenvs/airflow_sandbox-vp-HKq_L/lib/python3.10/site-packages/airflow/example_dags/example_params_ui_tutorial.py took 0.103 seconds
[2024-02-14T09:11:33.937+0000] {processor.py:161} INFO - Started process (PID=7527) to work on /home/codespace/.local/share/virtualenvs/airflow_sandbox-vp-HKq_L/lib/python3.10/site-packages/airflow/example_dags/example_params_ui_tutorial.py
[2024-02-14T09:11:33.938+0000] {processor.py:830} INFO - Processing file /home/codespace/.local/share/virtualenvs/airflow_sandbox-vp-HKq_L/lib/python3.10/site-packages/airflow/example_dags/example_params_ui_tutorial.py for tasks to queue
[2024-02-14T09:11:33.939+0000] {logging_mixin.py:188} INFO - [2024-02-14T09:11:33.939+0000] {dagbag.py:538} INFO - Filling up the DagBag from /home/codespace/.local/share/virtualenvs/airflow_sandbox-vp-HKq_L/lib/python3.10/site-packages/airflow/example_dags/example_params_ui_tutorial.py
[2024-02-14T09:11:33.948+0000] {processor.py:840} INFO - DAG(s) 'example_params_ui_tutorial' retrieved from /home/codespace/.local/share/virtualenvs/airflow_sandbox-vp-HKq_L/lib/python3.10/site-packages/airflow/example_dags/example_params_ui_tutorial.py
[2024-02-14T09:11:33.986+0000] {logging_mixin.py:188} INFO - [2024-02-14T09:11:33.986+0000] {dag.py:3033} INFO - Sync 1 DAGs
[2024-02-14T09:11:33.995+0000] {logging_mixin.py:188} INFO - [2024-02-14T09:11:33.995+0000] {dag.py:3820} INFO - Setting next_dagrun for example_params_ui_tutorial to None, run_after=None
[2024-02-14T09:11:34.034+0000] {processor.py:183} INFO - Processing /home/codespace/.local/share/virtualenvs/airflow_sandbox-vp-HKq_L/lib/python3.10/site-packages/airflow/example_dags/example_params_ui_tutorial.py took 0.099 seconds
[2024-02-14T09:12:28.435+0000] {processor.py:161} INFO - Started process (PID=8087) to work on /home/codespace/.local/share/virtualenvs/airflow_sandbox-vp-HKq_L/lib/python3.10/site-packages/airflow/example_dags/example_params_ui_tutorial.py
[2024-02-14T09:12:28.436+0000] {processor.py:830} INFO - Processing file /home/codespace/.local/share/virtualenvs/airflow_sandbox-vp-HKq_L/lib/python3.10/site-packages/airflow/example_dags/example_params_ui_tutorial.py for tasks to queue
[2024-02-14T09:12:28.436+0000] {logging_mixin.py:188} INFO - [2024-02-14T09:12:28.436+0000] {dagbag.py:538} INFO - Filling up the DagBag from /home/codespace/.local/share/virtualenvs/airflow_sandbox-vp-HKq_L/lib/python3.10/site-packages/airflow/example_dags/example_params_ui_tutorial.py
[2024-02-14T09:12:28.446+0000] {processor.py:840} INFO - DAG(s) 'example_params_ui_tutorial' retrieved from /home/codespace/.local/share/virtualenvs/airflow_sandbox-vp-HKq_L/lib/python3.10/site-packages/airflow/example_dags/example_params_ui_tutorial.py
[2024-02-14T09:12:28.495+0000] {logging_mixin.py:188} INFO - [2024-02-14T09:12:28.495+0000] {dag.py:3033} INFO - Sync 1 DAGs
[2024-02-14T09:12:28.508+0000] {logging_mixin.py:188} INFO - [2024-02-14T09:12:28.508+0000] {dag.py:3820} INFO - Setting next_dagrun for example_params_ui_tutorial to None, run_after=None
[2024-02-14T09:12:28.557+0000] {processor.py:183} INFO - Processing /home/codespace/.local/share/virtualenvs/airflow_sandbox-vp-HKq_L/lib/python3.10/site-packages/airflow/example_dags/example_params_ui_tutorial.py took 0.124 seconds
[2024-02-14T09:13:12.415+0000] {processor.py:161} INFO - Started process (PID=8489) to work on /home/codespace/.local/share/virtualenvs/airflow_sandbox-vp-HKq_L/lib/python3.10/site-packages/airflow/example_dags/example_params_ui_tutorial.py
[2024-02-14T09:13:12.416+0000] {processor.py:830} INFO - Processing file /home/codespace/.local/share/virtualenvs/airflow_sandbox-vp-HKq_L/lib/python3.10/site-packages/airflow/example_dags/example_params_ui_tutorial.py for tasks to queue
[2024-02-14T09:13:12.416+0000] {logging_mixin.py:188} INFO - [2024-02-14T09:13:12.416+0000] {dagbag.py:538} INFO - Filling up the DagBag from /home/codespace/.local/share/virtualenvs/airflow_sandbox-vp-HKq_L/lib/python3.10/site-packages/airflow/example_dags/example_params_ui_tutorial.py
[2024-02-14T09:13:12.426+0000] {processor.py:840} INFO - DAG(s) 'example_params_ui_tutorial' retrieved from /home/codespace/.local/share/virtualenvs/airflow_sandbox-vp-HKq_L/lib/python3.10/site-packages/airflow/example_dags/example_params_ui_tutorial.py
[2024-02-14T09:13:12.464+0000] {logging_mixin.py:188} INFO - [2024-02-14T09:13:12.464+0000] {dag.py:3033} INFO - Sync 1 DAGs
[2024-02-14T09:13:12.474+0000] {logging_mixin.py:188} INFO - [2024-02-14T09:13:12.474+0000] {dag.py:3820} INFO - Setting next_dagrun for example_params_ui_tutorial to None, run_after=None
[2024-02-14T09:13:12.517+0000] {processor.py:183} INFO - Processing /home/codespace/.local/share/virtualenvs/airflow_sandbox-vp-HKq_L/lib/python3.10/site-packages/airflow/example_dags/example_params_ui_tutorial.py took 0.104 seconds
[2024-02-14T09:14:03.970+0000] {processor.py:161} INFO - Started process (PID=8923) to work on /home/codespace/.local/share/virtualenvs/airflow_sandbox-vp-HKq_L/lib/python3.10/site-packages/airflow/example_dags/example_params_ui_tutorial.py
[2024-02-14T09:14:03.971+0000] {processor.py:830} INFO - Processing file /home/codespace/.local/share/virtualenvs/airflow_sandbox-vp-HKq_L/lib/python3.10/site-packages/airflow/example_dags/example_params_ui_tutorial.py for tasks to queue
[2024-02-14T09:14:03.972+0000] {logging_mixin.py:188} INFO - [2024-02-14T09:14:03.971+0000] {dagbag.py:538} INFO - Filling up the DagBag from /home/codespace/.local/share/virtualenvs/airflow_sandbox-vp-HKq_L/lib/python3.10/site-packages/airflow/example_dags/example_params_ui_tutorial.py
[2024-02-14T09:14:03.982+0000] {processor.py:840} INFO - DAG(s) 'example_params_ui_tutorial' retrieved from /home/codespace/.local/share/virtualenvs/airflow_sandbox-vp-HKq_L/lib/python3.10/site-packages/airflow/example_dags/example_params_ui_tutorial.py
[2024-02-14T09:14:04.026+0000] {logging_mixin.py:188} INFO - [2024-02-14T09:14:04.025+0000] {dag.py:3033} INFO - Sync 1 DAGs
[2024-02-14T09:14:04.036+0000] {logging_mixin.py:188} INFO - [2024-02-14T09:14:04.036+0000] {dag.py:3820} INFO - Setting next_dagrun for example_params_ui_tutorial to None, run_after=None
[2024-02-14T09:14:04.081+0000] {processor.py:183} INFO - Processing /home/codespace/.local/share/virtualenvs/airflow_sandbox-vp-HKq_L/lib/python3.10/site-packages/airflow/example_dags/example_params_ui_tutorial.py took 0.113 seconds
[2024-02-14T09:14:55.572+0000] {processor.py:161} INFO - Started process (PID=9277) to work on /home/codespace/.local/share/virtualenvs/airflow_sandbox-vp-HKq_L/lib/python3.10/site-packages/airflow/example_dags/example_params_ui_tutorial.py
[2024-02-14T09:14:55.573+0000] {processor.py:830} INFO - Processing file /home/codespace/.local/share/virtualenvs/airflow_sandbox-vp-HKq_L/lib/python3.10/site-packages/airflow/example_dags/example_params_ui_tutorial.py for tasks to queue
[2024-02-14T09:14:55.573+0000] {logging_mixin.py:188} INFO - [2024-02-14T09:14:55.573+0000] {dagbag.py:538} INFO - Filling up the DagBag from /home/codespace/.local/share/virtualenvs/airflow_sandbox-vp-HKq_L/lib/python3.10/site-packages/airflow/example_dags/example_params_ui_tutorial.py
[2024-02-14T09:14:55.583+0000] {processor.py:840} INFO - DAG(s) 'example_params_ui_tutorial' retrieved from /home/codespace/.local/share/virtualenvs/airflow_sandbox-vp-HKq_L/lib/python3.10/site-packages/airflow/example_dags/example_params_ui_tutorial.py
[2024-02-14T09:14:55.622+0000] {logging_mixin.py:188} INFO - [2024-02-14T09:14:55.621+0000] {dag.py:3033} INFO - Sync 1 DAGs
[2024-02-14T09:14:55.632+0000] {logging_mixin.py:188} INFO - [2024-02-14T09:14:55.631+0000] {dag.py:3820} INFO - Setting next_dagrun for example_params_ui_tutorial to None, run_after=None
[2024-02-14T09:14:55.682+0000] {processor.py:183} INFO - Processing /home/codespace/.local/share/virtualenvs/airflow_sandbox-vp-HKq_L/lib/python3.10/site-packages/airflow/example_dags/example_params_ui_tutorial.py took 0.112 seconds
[2024-02-14T09:15:47.777+0000] {processor.py:161} INFO - Started process (PID=9635) to work on /home/codespace/.local/share/virtualenvs/airflow_sandbox-vp-HKq_L/lib/python3.10/site-packages/airflow/example_dags/example_params_ui_tutorial.py
[2024-02-14T09:15:47.777+0000] {processor.py:830} INFO - Processing file /home/codespace/.local/share/virtualenvs/airflow_sandbox-vp-HKq_L/lib/python3.10/site-packages/airflow/example_dags/example_params_ui_tutorial.py for tasks to queue
[2024-02-14T09:15:47.778+0000] {logging_mixin.py:188} INFO - [2024-02-14T09:15:47.778+0000] {dagbag.py:538} INFO - Filling up the DagBag from /home/codespace/.local/share/virtualenvs/airflow_sandbox-vp-HKq_L/lib/python3.10/site-packages/airflow/example_dags/example_params_ui_tutorial.py
[2024-02-14T09:15:47.789+0000] {processor.py:840} INFO - DAG(s) 'example_params_ui_tutorial' retrieved from /home/codespace/.local/share/virtualenvs/airflow_sandbox-vp-HKq_L/lib/python3.10/site-packages/airflow/example_dags/example_params_ui_tutorial.py
[2024-02-14T09:15:47.829+0000] {logging_mixin.py:188} INFO - [2024-02-14T09:15:47.829+0000] {dag.py:3033} INFO - Sync 1 DAGs
[2024-02-14T09:15:47.838+0000] {logging_mixin.py:188} INFO - [2024-02-14T09:15:47.838+0000] {dag.py:3820} INFO - Setting next_dagrun for example_params_ui_tutorial to None, run_after=None
[2024-02-14T09:15:47.880+0000] {processor.py:183} INFO - Processing /home/codespace/.local/share/virtualenvs/airflow_sandbox-vp-HKq_L/lib/python3.10/site-packages/airflow/example_dags/example_params_ui_tutorial.py took 0.106 seconds
[2024-02-14T09:16:41.764+0000] {processor.py:161} INFO - Started process (PID=10044) to work on /home/codespace/.local/share/virtualenvs/airflow_sandbox-vp-HKq_L/lib/python3.10/site-packages/airflow/example_dags/example_params_ui_tutorial.py
[2024-02-14T09:16:41.765+0000] {processor.py:830} INFO - Processing file /home/codespace/.local/share/virtualenvs/airflow_sandbox-vp-HKq_L/lib/python3.10/site-packages/airflow/example_dags/example_params_ui_tutorial.py for tasks to queue
[2024-02-14T09:16:41.765+0000] {logging_mixin.py:188} INFO - [2024-02-14T09:16:41.765+0000] {dagbag.py:538} INFO - Filling up the DagBag from /home/codespace/.local/share/virtualenvs/airflow_sandbox-vp-HKq_L/lib/python3.10/site-packages/airflow/example_dags/example_params_ui_tutorial.py
[2024-02-14T09:16:41.775+0000] {processor.py:840} INFO - DAG(s) 'example_params_ui_tutorial' retrieved from /home/codespace/.local/share/virtualenvs/airflow_sandbox-vp-HKq_L/lib/python3.10/site-packages/airflow/example_dags/example_params_ui_tutorial.py
[2024-02-14T09:16:41.815+0000] {logging_mixin.py:188} INFO - [2024-02-14T09:16:41.814+0000] {dag.py:3033} INFO - Sync 1 DAGs
[2024-02-14T09:16:41.823+0000] {logging_mixin.py:188} INFO - [2024-02-14T09:16:41.823+0000] {dag.py:3820} INFO - Setting next_dagrun for example_params_ui_tutorial to None, run_after=None
[2024-02-14T09:16:41.866+0000] {processor.py:183} INFO - Processing /home/codespace/.local/share/virtualenvs/airflow_sandbox-vp-HKq_L/lib/python3.10/site-packages/airflow/example_dags/example_params_ui_tutorial.py took 0.104 seconds
[2024-02-14T09:17:34.715+0000] {processor.py:161} INFO - Started process (PID=10440) to work on /home/codespace/.local/share/virtualenvs/airflow_sandbox-vp-HKq_L/lib/python3.10/site-packages/airflow/example_dags/example_params_ui_tutorial.py
[2024-02-14T09:17:34.716+0000] {processor.py:830} INFO - Processing file /home/codespace/.local/share/virtualenvs/airflow_sandbox-vp-HKq_L/lib/python3.10/site-packages/airflow/example_dags/example_params_ui_tutorial.py for tasks to queue
[2024-02-14T09:17:34.717+0000] {logging_mixin.py:188} INFO - [2024-02-14T09:17:34.716+0000] {dagbag.py:538} INFO - Filling up the DagBag from /home/codespace/.local/share/virtualenvs/airflow_sandbox-vp-HKq_L/lib/python3.10/site-packages/airflow/example_dags/example_params_ui_tutorial.py
[2024-02-14T09:17:34.726+0000] {processor.py:840} INFO - DAG(s) 'example_params_ui_tutorial' retrieved from /home/codespace/.local/share/virtualenvs/airflow_sandbox-vp-HKq_L/lib/python3.10/site-packages/airflow/example_dags/example_params_ui_tutorial.py
[2024-02-14T09:17:34.767+0000] {logging_mixin.py:188} INFO - [2024-02-14T09:17:34.766+0000] {dag.py:3033} INFO - Sync 1 DAGs
[2024-02-14T09:17:34.776+0000] {logging_mixin.py:188} INFO - [2024-02-14T09:17:34.776+0000] {dag.py:3820} INFO - Setting next_dagrun for example_params_ui_tutorial to None, run_after=None
[2024-02-14T09:17:34.828+0000] {processor.py:183} INFO - Processing /home/codespace/.local/share/virtualenvs/airflow_sandbox-vp-HKq_L/lib/python3.10/site-packages/airflow/example_dags/example_params_ui_tutorial.py took 0.115 seconds
[2024-02-14T09:18:26.691+0000] {processor.py:161} INFO - Started process (PID=10816) to work on /home/codespace/.local/share/virtualenvs/airflow_sandbox-vp-HKq_L/lib/python3.10/site-packages/airflow/example_dags/example_params_ui_tutorial.py
[2024-02-14T09:18:26.692+0000] {processor.py:830} INFO - Processing file /home/codespace/.local/share/virtualenvs/airflow_sandbox-vp-HKq_L/lib/python3.10/site-packages/airflow/example_dags/example_params_ui_tutorial.py for tasks to queue
[2024-02-14T09:18:26.693+0000] {logging_mixin.py:188} INFO - [2024-02-14T09:18:26.692+0000] {dagbag.py:538} INFO - Filling up the DagBag from /home/codespace/.local/share/virtualenvs/airflow_sandbox-vp-HKq_L/lib/python3.10/site-packages/airflow/example_dags/example_params_ui_tutorial.py
[2024-02-14T09:18:26.708+0000] {processor.py:840} INFO - DAG(s) 'example_params_ui_tutorial' retrieved from /home/codespace/.local/share/virtualenvs/airflow_sandbox-vp-HKq_L/lib/python3.10/site-packages/airflow/example_dags/example_params_ui_tutorial.py
[2024-02-14T09:18:26.748+0000] {logging_mixin.py:188} INFO - [2024-02-14T09:18:26.748+0000] {dag.py:3033} INFO - Sync 1 DAGs
[2024-02-14T09:18:26.757+0000] {logging_mixin.py:188} INFO - [2024-02-14T09:18:26.757+0000] {dag.py:3820} INFO - Setting next_dagrun for example_params_ui_tutorial to None, run_after=None
[2024-02-14T09:18:26.800+0000] {processor.py:183} INFO - Processing /home/codespace/.local/share/virtualenvs/airflow_sandbox-vp-HKq_L/lib/python3.10/site-packages/airflow/example_dags/example_params_ui_tutorial.py took 0.112 seconds
[2024-02-14T09:19:20.208+0000] {processor.py:161} INFO - Started process (PID=11193) to work on /home/codespace/.local/share/virtualenvs/airflow_sandbox-vp-HKq_L/lib/python3.10/site-packages/airflow/example_dags/example_params_ui_tutorial.py
[2024-02-14T09:19:20.209+0000] {processor.py:830} INFO - Processing file /home/codespace/.local/share/virtualenvs/airflow_sandbox-vp-HKq_L/lib/python3.10/site-packages/airflow/example_dags/example_params_ui_tutorial.py for tasks to queue
[2024-02-14T09:19:20.210+0000] {logging_mixin.py:188} INFO - [2024-02-14T09:19:20.210+0000] {dagbag.py:538} INFO - Filling up the DagBag from /home/codespace/.local/share/virtualenvs/airflow_sandbox-vp-HKq_L/lib/python3.10/site-packages/airflow/example_dags/example_params_ui_tutorial.py
[2024-02-14T09:19:20.220+0000] {processor.py:840} INFO - DAG(s) 'example_params_ui_tutorial' retrieved from /home/codespace/.local/share/virtualenvs/airflow_sandbox-vp-HKq_L/lib/python3.10/site-packages/airflow/example_dags/example_params_ui_tutorial.py
[2024-02-14T09:19:20.260+0000] {logging_mixin.py:188} INFO - [2024-02-14T09:19:20.260+0000] {dag.py:3033} INFO - Sync 1 DAGs
[2024-02-14T09:19:20.269+0000] {logging_mixin.py:188} INFO - [2024-02-14T09:19:20.269+0000] {dag.py:3820} INFO - Setting next_dagrun for example_params_ui_tutorial to None, run_after=None
[2024-02-14T09:19:20.311+0000] {processor.py:183} INFO - Processing /home/codespace/.local/share/virtualenvs/airflow_sandbox-vp-HKq_L/lib/python3.10/site-packages/airflow/example_dags/example_params_ui_tutorial.py took 0.105 seconds
[2024-02-14T09:20:16.352+0000] {processor.py:161} INFO - Started process (PID=11613) to work on /home/codespace/.local/share/virtualenvs/airflow_sandbox-vp-HKq_L/lib/python3.10/site-packages/airflow/example_dags/example_params_ui_tutorial.py
[2024-02-14T09:20:16.353+0000] {processor.py:830} INFO - Processing file /home/codespace/.local/share/virtualenvs/airflow_sandbox-vp-HKq_L/lib/python3.10/site-packages/airflow/example_dags/example_params_ui_tutorial.py for tasks to queue
[2024-02-14T09:20:16.353+0000] {logging_mixin.py:188} INFO - [2024-02-14T09:20:16.353+0000] {dagbag.py:538} INFO - Filling up the DagBag from /home/codespace/.local/share/virtualenvs/airflow_sandbox-vp-HKq_L/lib/python3.10/site-packages/airflow/example_dags/example_params_ui_tutorial.py
[2024-02-14T09:20:16.363+0000] {processor.py:840} INFO - DAG(s) 'example_params_ui_tutorial' retrieved from /home/codespace/.local/share/virtualenvs/airflow_sandbox-vp-HKq_L/lib/python3.10/site-packages/airflow/example_dags/example_params_ui_tutorial.py
[2024-02-14T09:20:16.403+0000] {logging_mixin.py:188} INFO - [2024-02-14T09:20:16.403+0000] {dag.py:3033} INFO - Sync 1 DAGs
[2024-02-14T09:20:16.414+0000] {logging_mixin.py:188} INFO - [2024-02-14T09:20:16.414+0000] {dag.py:3820} INFO - Setting next_dagrun for example_params_ui_tutorial to None, run_after=None
[2024-02-14T09:20:16.464+0000] {processor.py:183} INFO - Processing /home/codespace/.local/share/virtualenvs/airflow_sandbox-vp-HKq_L/lib/python3.10/site-packages/airflow/example_dags/example_params_ui_tutorial.py took 0.114 seconds
[2024-02-14T09:21:05.390+0000] {processor.py:161} INFO - Started process (PID=12433) to work on /home/codespace/.local/share/virtualenvs/airflow_sandbox-vp-HKq_L/lib/python3.10/site-packages/airflow/example_dags/example_params_ui_tutorial.py
[2024-02-14T09:21:05.391+0000] {processor.py:830} INFO - Processing file /home/codespace/.local/share/virtualenvs/airflow_sandbox-vp-HKq_L/lib/python3.10/site-packages/airflow/example_dags/example_params_ui_tutorial.py for tasks to queue
[2024-02-14T09:21:05.392+0000] {logging_mixin.py:188} INFO - [2024-02-14T09:21:05.392+0000] {dagbag.py:538} INFO - Filling up the DagBag from /home/codespace/.local/share/virtualenvs/airflow_sandbox-vp-HKq_L/lib/python3.10/site-packages/airflow/example_dags/example_params_ui_tutorial.py
[2024-02-14T09:21:05.401+0000] {processor.py:840} INFO - DAG(s) 'example_params_ui_tutorial' retrieved from /home/codespace/.local/share/virtualenvs/airflow_sandbox-vp-HKq_L/lib/python3.10/site-packages/airflow/example_dags/example_params_ui_tutorial.py
[2024-02-14T09:21:05.439+0000] {logging_mixin.py:188} INFO - [2024-02-14T09:21:05.439+0000] {dag.py:3033} INFO - Sync 1 DAGs
[2024-02-14T09:21:05.447+0000] {logging_mixin.py:188} INFO - [2024-02-14T09:21:05.447+0000] {dag.py:3820} INFO - Setting next_dagrun for example_params_ui_tutorial to None, run_after=None
[2024-02-14T09:21:05.489+0000] {processor.py:183} INFO - Processing /home/codespace/.local/share/virtualenvs/airflow_sandbox-vp-HKq_L/lib/python3.10/site-packages/airflow/example_dags/example_params_ui_tutorial.py took 0.101 seconds
[2024-02-14T09:21:59.820+0000] {processor.py:161} INFO - Started process (PID=12824) to work on /home/codespace/.local/share/virtualenvs/airflow_sandbox-vp-HKq_L/lib/python3.10/site-packages/airflow/example_dags/example_params_ui_tutorial.py
[2024-02-14T09:21:59.821+0000] {processor.py:830} INFO - Processing file /home/codespace/.local/share/virtualenvs/airflow_sandbox-vp-HKq_L/lib/python3.10/site-packages/airflow/example_dags/example_params_ui_tutorial.py for tasks to queue
[2024-02-14T09:21:59.821+0000] {logging_mixin.py:188} INFO - [2024-02-14T09:21:59.821+0000] {dagbag.py:538} INFO - Filling up the DagBag from /home/codespace/.local/share/virtualenvs/airflow_sandbox-vp-HKq_L/lib/python3.10/site-packages/airflow/example_dags/example_params_ui_tutorial.py
[2024-02-14T09:21:59.831+0000] {processor.py:840} INFO - DAG(s) 'example_params_ui_tutorial' retrieved from /home/codespace/.local/share/virtualenvs/airflow_sandbox-vp-HKq_L/lib/python3.10/site-packages/airflow/example_dags/example_params_ui_tutorial.py
[2024-02-14T09:21:59.872+0000] {logging_mixin.py:188} INFO - [2024-02-14T09:21:59.871+0000] {dag.py:3033} INFO - Sync 1 DAGs
[2024-02-14T09:21:59.881+0000] {logging_mixin.py:188} INFO - [2024-02-14T09:21:59.880+0000] {dag.py:3820} INFO - Setting next_dagrun for example_params_ui_tutorial to None, run_after=None
[2024-02-14T09:21:59.925+0000] {processor.py:183} INFO - Processing /home/codespace/.local/share/virtualenvs/airflow_sandbox-vp-HKq_L/lib/python3.10/site-packages/airflow/example_dags/example_params_ui_tutorial.py took 0.107 seconds
[2024-02-14T09:22:57.938+0000] {processor.py:161} INFO - Started process (PID=13251) to work on /home/codespace/.local/share/virtualenvs/airflow_sandbox-vp-HKq_L/lib/python3.10/site-packages/airflow/example_dags/example_params_ui_tutorial.py
[2024-02-14T09:22:57.938+0000] {processor.py:830} INFO - Processing file /home/codespace/.local/share/virtualenvs/airflow_sandbox-vp-HKq_L/lib/python3.10/site-packages/airflow/example_dags/example_params_ui_tutorial.py for tasks to queue
[2024-02-14T09:22:57.939+0000] {logging_mixin.py:188} INFO - [2024-02-14T09:22:57.939+0000] {dagbag.py:538} INFO - Filling up the DagBag from /home/codespace/.local/share/virtualenvs/airflow_sandbox-vp-HKq_L/lib/python3.10/site-packages/airflow/example_dags/example_params_ui_tutorial.py
[2024-02-14T09:22:57.948+0000] {processor.py:840} INFO - DAG(s) 'example_params_ui_tutorial' retrieved from /home/codespace/.local/share/virtualenvs/airflow_sandbox-vp-HKq_L/lib/python3.10/site-packages/airflow/example_dags/example_params_ui_tutorial.py
[2024-02-14T09:22:57.987+0000] {logging_mixin.py:188} INFO - [2024-02-14T09:22:57.987+0000] {dag.py:3033} INFO - Sync 1 DAGs
[2024-02-14T09:22:57.996+0000] {logging_mixin.py:188} INFO - [2024-02-14T09:22:57.996+0000] {dag.py:3820} INFO - Setting next_dagrun for example_params_ui_tutorial to None, run_after=None
[2024-02-14T09:22:58.042+0000] {processor.py:183} INFO - Processing /home/codespace/.local/share/virtualenvs/airflow_sandbox-vp-HKq_L/lib/python3.10/site-packages/airflow/example_dags/example_params_ui_tutorial.py took 0.107 seconds
[2024-02-14T09:23:54.499+0000] {processor.py:161} INFO - Started process (PID=13647) to work on /home/codespace/.local/share/virtualenvs/airflow_sandbox-vp-HKq_L/lib/python3.10/site-packages/airflow/example_dags/example_params_ui_tutorial.py
[2024-02-14T09:23:54.500+0000] {processor.py:830} INFO - Processing file /home/codespace/.local/share/virtualenvs/airflow_sandbox-vp-HKq_L/lib/python3.10/site-packages/airflow/example_dags/example_params_ui_tutorial.py for tasks to queue
[2024-02-14T09:23:54.500+0000] {logging_mixin.py:188} INFO - [2024-02-14T09:23:54.500+0000] {dagbag.py:538} INFO - Filling up the DagBag from /home/codespace/.local/share/virtualenvs/airflow_sandbox-vp-HKq_L/lib/python3.10/site-packages/airflow/example_dags/example_params_ui_tutorial.py
[2024-02-14T09:23:54.510+0000] {processor.py:840} INFO - DAG(s) 'example_params_ui_tutorial' retrieved from /home/codespace/.local/share/virtualenvs/airflow_sandbox-vp-HKq_L/lib/python3.10/site-packages/airflow/example_dags/example_params_ui_tutorial.py
[2024-02-14T09:23:54.549+0000] {logging_mixin.py:188} INFO - [2024-02-14T09:23:54.549+0000] {dag.py:3033} INFO - Sync 1 DAGs
[2024-02-14T09:23:54.558+0000] {logging_mixin.py:188} INFO - [2024-02-14T09:23:54.558+0000] {dag.py:3820} INFO - Setting next_dagrun for example_params_ui_tutorial to None, run_after=None
[2024-02-14T09:23:54.602+0000] {processor.py:183} INFO - Processing /home/codespace/.local/share/virtualenvs/airflow_sandbox-vp-HKq_L/lib/python3.10/site-packages/airflow/example_dags/example_params_ui_tutorial.py took 0.105 seconds
[2024-02-14T09:24:52.094+0000] {processor.py:161} INFO - Started process (PID=14059) to work on /home/codespace/.local/share/virtualenvs/airflow_sandbox-vp-HKq_L/lib/python3.10/site-packages/airflow/example_dags/example_params_ui_tutorial.py
[2024-02-14T09:24:52.095+0000] {processor.py:830} INFO - Processing file /home/codespace/.local/share/virtualenvs/airflow_sandbox-vp-HKq_L/lib/python3.10/site-packages/airflow/example_dags/example_params_ui_tutorial.py for tasks to queue
[2024-02-14T09:24:52.095+0000] {logging_mixin.py:188} INFO - [2024-02-14T09:24:52.095+0000] {dagbag.py:538} INFO - Filling up the DagBag from /home/codespace/.local/share/virtualenvs/airflow_sandbox-vp-HKq_L/lib/python3.10/site-packages/airflow/example_dags/example_params_ui_tutorial.py
[2024-02-14T09:24:52.105+0000] {processor.py:840} INFO - DAG(s) 'example_params_ui_tutorial' retrieved from /home/codespace/.local/share/virtualenvs/airflow_sandbox-vp-HKq_L/lib/python3.10/site-packages/airflow/example_dags/example_params_ui_tutorial.py
[2024-02-14T09:24:52.145+0000] {logging_mixin.py:188} INFO - [2024-02-14T09:24:52.144+0000] {dag.py:3033} INFO - Sync 1 DAGs
[2024-02-14T09:24:52.153+0000] {logging_mixin.py:188} INFO - [2024-02-14T09:24:52.153+0000] {dag.py:3820} INFO - Setting next_dagrun for example_params_ui_tutorial to None, run_after=None
[2024-02-14T09:24:52.198+0000] {processor.py:183} INFO - Processing /home/codespace/.local/share/virtualenvs/airflow_sandbox-vp-HKq_L/lib/python3.10/site-packages/airflow/example_dags/example_params_ui_tutorial.py took 0.106 seconds
[2024-02-14T09:25:46.758+0000] {processor.py:161} INFO - Started process (PID=14427) to work on /home/codespace/.local/share/virtualenvs/airflow_sandbox-vp-HKq_L/lib/python3.10/site-packages/airflow/example_dags/example_params_ui_tutorial.py
[2024-02-14T09:25:46.758+0000] {processor.py:830} INFO - Processing file /home/codespace/.local/share/virtualenvs/airflow_sandbox-vp-HKq_L/lib/python3.10/site-packages/airflow/example_dags/example_params_ui_tutorial.py for tasks to queue
[2024-02-14T09:25:46.759+0000] {logging_mixin.py:188} INFO - [2024-02-14T09:25:46.759+0000] {dagbag.py:538} INFO - Filling up the DagBag from /home/codespace/.local/share/virtualenvs/airflow_sandbox-vp-HKq_L/lib/python3.10/site-packages/airflow/example_dags/example_params_ui_tutorial.py
[2024-02-14T09:25:46.768+0000] {processor.py:840} INFO - DAG(s) 'example_params_ui_tutorial' retrieved from /home/codespace/.local/share/virtualenvs/airflow_sandbox-vp-HKq_L/lib/python3.10/site-packages/airflow/example_dags/example_params_ui_tutorial.py
[2024-02-14T09:25:46.807+0000] {logging_mixin.py:188} INFO - [2024-02-14T09:25:46.806+0000] {dag.py:3033} INFO - Sync 1 DAGs
[2024-02-14T09:25:46.816+0000] {logging_mixin.py:188} INFO - [2024-02-14T09:25:46.816+0000] {dag.py:3820} INFO - Setting next_dagrun for example_params_ui_tutorial to None, run_after=None
[2024-02-14T09:25:46.860+0000] {processor.py:183} INFO - Processing /home/codespace/.local/share/virtualenvs/airflow_sandbox-vp-HKq_L/lib/python3.10/site-packages/airflow/example_dags/example_params_ui_tutorial.py took 0.105 seconds
[2024-02-14T09:26:37.334+0000] {processor.py:161} INFO - Started process (PID=14769) to work on /home/codespace/.local/share/virtualenvs/airflow_sandbox-vp-HKq_L/lib/python3.10/site-packages/airflow/example_dags/example_params_ui_tutorial.py
[2024-02-14T09:26:37.334+0000] {processor.py:830} INFO - Processing file /home/codespace/.local/share/virtualenvs/airflow_sandbox-vp-HKq_L/lib/python3.10/site-packages/airflow/example_dags/example_params_ui_tutorial.py for tasks to queue
[2024-02-14T09:26:37.335+0000] {logging_mixin.py:188} INFO - [2024-02-14T09:26:37.335+0000] {dagbag.py:538} INFO - Filling up the DagBag from /home/codespace/.local/share/virtualenvs/airflow_sandbox-vp-HKq_L/lib/python3.10/site-packages/airflow/example_dags/example_params_ui_tutorial.py
[2024-02-14T09:26:37.345+0000] {processor.py:840} INFO - DAG(s) 'example_params_ui_tutorial' retrieved from /home/codespace/.local/share/virtualenvs/airflow_sandbox-vp-HKq_L/lib/python3.10/site-packages/airflow/example_dags/example_params_ui_tutorial.py
[2024-02-14T09:26:37.385+0000] {logging_mixin.py:188} INFO - [2024-02-14T09:26:37.385+0000] {dag.py:3033} INFO - Sync 1 DAGs
[2024-02-14T09:26:37.395+0000] {logging_mixin.py:188} INFO - [2024-02-14T09:26:37.394+0000] {dag.py:3820} INFO - Setting next_dagrun for example_params_ui_tutorial to None, run_after=None
[2024-02-14T09:26:37.441+0000] {processor.py:183} INFO - Processing /home/codespace/.local/share/virtualenvs/airflow_sandbox-vp-HKq_L/lib/python3.10/site-packages/airflow/example_dags/example_params_ui_tutorial.py took 0.110 seconds
[2024-02-14T09:27:32.928+0000] {processor.py:161} INFO - Started process (PID=15181) to work on /home/codespace/.local/share/virtualenvs/airflow_sandbox-vp-HKq_L/lib/python3.10/site-packages/airflow/example_dags/example_params_ui_tutorial.py
[2024-02-14T09:27:32.928+0000] {processor.py:830} INFO - Processing file /home/codespace/.local/share/virtualenvs/airflow_sandbox-vp-HKq_L/lib/python3.10/site-packages/airflow/example_dags/example_params_ui_tutorial.py for tasks to queue
[2024-02-14T09:27:32.929+0000] {logging_mixin.py:188} INFO - [2024-02-14T09:27:32.929+0000] {dagbag.py:538} INFO - Filling up the DagBag from /home/codespace/.local/share/virtualenvs/airflow_sandbox-vp-HKq_L/lib/python3.10/site-packages/airflow/example_dags/example_params_ui_tutorial.py
[2024-02-14T09:27:32.939+0000] {processor.py:840} INFO - DAG(s) 'example_params_ui_tutorial' retrieved from /home/codespace/.local/share/virtualenvs/airflow_sandbox-vp-HKq_L/lib/python3.10/site-packages/airflow/example_dags/example_params_ui_tutorial.py
[2024-02-14T09:27:33.014+0000] {logging_mixin.py:188} INFO - [2024-02-14T09:27:33.013+0000] {dag.py:3033} INFO - Sync 1 DAGs
[2024-02-14T09:27:33.028+0000] {logging_mixin.py:188} INFO - [2024-02-14T09:27:33.027+0000] {dag.py:3820} INFO - Setting next_dagrun for example_params_ui_tutorial to None, run_after=None
[2024-02-14T09:27:33.088+0000] {processor.py:183} INFO - Processing /home/codespace/.local/share/virtualenvs/airflow_sandbox-vp-HKq_L/lib/python3.10/site-packages/airflow/example_dags/example_params_ui_tutorial.py took 0.164 seconds
[2024-02-14T09:28:28.396+0000] {processor.py:161} INFO - Started process (PID=15581) to work on /home/codespace/.local/share/virtualenvs/airflow_sandbox-vp-HKq_L/lib/python3.10/site-packages/airflow/example_dags/example_params_ui_tutorial.py
[2024-02-14T09:28:28.396+0000] {processor.py:830} INFO - Processing file /home/codespace/.local/share/virtualenvs/airflow_sandbox-vp-HKq_L/lib/python3.10/site-packages/airflow/example_dags/example_params_ui_tutorial.py for tasks to queue
[2024-02-14T09:28:28.397+0000] {logging_mixin.py:188} INFO - [2024-02-14T09:28:28.397+0000] {dagbag.py:538} INFO - Filling up the DagBag from /home/codespace/.local/share/virtualenvs/airflow_sandbox-vp-HKq_L/lib/python3.10/site-packages/airflow/example_dags/example_params_ui_tutorial.py
[2024-02-14T09:28:28.406+0000] {processor.py:840} INFO - DAG(s) 'example_params_ui_tutorial' retrieved from /home/codespace/.local/share/virtualenvs/airflow_sandbox-vp-HKq_L/lib/python3.10/site-packages/airflow/example_dags/example_params_ui_tutorial.py
[2024-02-14T09:28:28.445+0000] {logging_mixin.py:188} INFO - [2024-02-14T09:28:28.445+0000] {dag.py:3033} INFO - Sync 1 DAGs
[2024-02-14T09:28:28.454+0000] {logging_mixin.py:188} INFO - [2024-02-14T09:28:28.454+0000] {dag.py:3820} INFO - Setting next_dagrun for example_params_ui_tutorial to None, run_after=None
[2024-02-14T09:28:28.496+0000] {processor.py:183} INFO - Processing /home/codespace/.local/share/virtualenvs/airflow_sandbox-vp-HKq_L/lib/python3.10/site-packages/airflow/example_dags/example_params_ui_tutorial.py took 0.103 seconds
[2024-02-14T09:29:20.809+0000] {processor.py:161} INFO - Started process (PID=16091) to work on /home/codespace/.local/share/virtualenvs/airflow_sandbox-vp-HKq_L/lib/python3.10/site-packages/airflow/example_dags/example_params_ui_tutorial.py
[2024-02-14T09:29:20.810+0000] {processor.py:830} INFO - Processing file /home/codespace/.local/share/virtualenvs/airflow_sandbox-vp-HKq_L/lib/python3.10/site-packages/airflow/example_dags/example_params_ui_tutorial.py for tasks to queue
[2024-02-14T09:29:20.811+0000] {logging_mixin.py:188} INFO - [2024-02-14T09:29:20.811+0000] {dagbag.py:538} INFO - Filling up the DagBag from /home/codespace/.local/share/virtualenvs/airflow_sandbox-vp-HKq_L/lib/python3.10/site-packages/airflow/example_dags/example_params_ui_tutorial.py
[2024-02-14T09:29:20.821+0000] {processor.py:840} INFO - DAG(s) 'example_params_ui_tutorial' retrieved from /home/codespace/.local/share/virtualenvs/airflow_sandbox-vp-HKq_L/lib/python3.10/site-packages/airflow/example_dags/example_params_ui_tutorial.py
[2024-02-14T09:29:20.858+0000] {logging_mixin.py:188} INFO - [2024-02-14T09:29:20.858+0000] {dag.py:3033} INFO - Sync 1 DAGs
[2024-02-14T09:29:20.868+0000] {logging_mixin.py:188} INFO - [2024-02-14T09:29:20.868+0000] {dag.py:3820} INFO - Setting next_dagrun for example_params_ui_tutorial to None, run_after=None
[2024-02-14T09:29:20.915+0000] {processor.py:183} INFO - Processing /home/codespace/.local/share/virtualenvs/airflow_sandbox-vp-HKq_L/lib/python3.10/site-packages/airflow/example_dags/example_params_ui_tutorial.py took 0.108 seconds
[2024-02-14T09:30:13.353+0000] {processor.py:161} INFO - Started process (PID=16455) to work on /home/codespace/.local/share/virtualenvs/airflow_sandbox-vp-HKq_L/lib/python3.10/site-packages/airflow/example_dags/example_params_ui_tutorial.py
[2024-02-14T09:30:13.353+0000] {processor.py:830} INFO - Processing file /home/codespace/.local/share/virtualenvs/airflow_sandbox-vp-HKq_L/lib/python3.10/site-packages/airflow/example_dags/example_params_ui_tutorial.py for tasks to queue
[2024-02-14T09:30:13.354+0000] {logging_mixin.py:188} INFO - [2024-02-14T09:30:13.354+0000] {dagbag.py:538} INFO - Filling up the DagBag from /home/codespace/.local/share/virtualenvs/airflow_sandbox-vp-HKq_L/lib/python3.10/site-packages/airflow/example_dags/example_params_ui_tutorial.py
[2024-02-14T09:30:13.364+0000] {processor.py:840} INFO - DAG(s) 'example_params_ui_tutorial' retrieved from /home/codespace/.local/share/virtualenvs/airflow_sandbox-vp-HKq_L/lib/python3.10/site-packages/airflow/example_dags/example_params_ui_tutorial.py
[2024-02-14T09:30:13.403+0000] {logging_mixin.py:188} INFO - [2024-02-14T09:30:13.403+0000] {dag.py:3033} INFO - Sync 1 DAGs
[2024-02-14T09:30:13.413+0000] {logging_mixin.py:188} INFO - [2024-02-14T09:30:13.412+0000] {dag.py:3820} INFO - Setting next_dagrun for example_params_ui_tutorial to None, run_after=None
[2024-02-14T09:30:13.458+0000] {processor.py:183} INFO - Processing /home/codespace/.local/share/virtualenvs/airflow_sandbox-vp-HKq_L/lib/python3.10/site-packages/airflow/example_dags/example_params_ui_tutorial.py took 0.107 seconds
[2024-02-14T09:31:04.891+0000] {processor.py:161} INFO - Started process (PID=16832) to work on /home/codespace/.local/share/virtualenvs/airflow_sandbox-vp-HKq_L/lib/python3.10/site-packages/airflow/example_dags/example_params_ui_tutorial.py
[2024-02-14T09:31:04.893+0000] {processor.py:830} INFO - Processing file /home/codespace/.local/share/virtualenvs/airflow_sandbox-vp-HKq_L/lib/python3.10/site-packages/airflow/example_dags/example_params_ui_tutorial.py for tasks to queue
[2024-02-14T09:31:04.894+0000] {logging_mixin.py:188} INFO - [2024-02-14T09:31:04.893+0000] {dagbag.py:538} INFO - Filling up the DagBag from /home/codespace/.local/share/virtualenvs/airflow_sandbox-vp-HKq_L/lib/python3.10/site-packages/airflow/example_dags/example_params_ui_tutorial.py
[2024-02-14T09:31:04.905+0000] {processor.py:840} INFO - DAG(s) 'example_params_ui_tutorial' retrieved from /home/codespace/.local/share/virtualenvs/airflow_sandbox-vp-HKq_L/lib/python3.10/site-packages/airflow/example_dags/example_params_ui_tutorial.py
[2024-02-14T09:31:04.945+0000] {logging_mixin.py:188} INFO - [2024-02-14T09:31:04.945+0000] {dag.py:3033} INFO - Sync 1 DAGs
[2024-02-14T09:31:04.954+0000] {logging_mixin.py:188} INFO - [2024-02-14T09:31:04.954+0000] {dag.py:3820} INFO - Setting next_dagrun for example_params_ui_tutorial to None, run_after=None
[2024-02-14T09:31:04.996+0000] {processor.py:183} INFO - Processing /home/codespace/.local/share/virtualenvs/airflow_sandbox-vp-HKq_L/lib/python3.10/site-packages/airflow/example_dags/example_params_ui_tutorial.py took 0.107 seconds
[2024-02-14T09:31:57.403+0000] {processor.py:161} INFO - Started process (PID=17189) to work on /home/codespace/.local/share/virtualenvs/airflow_sandbox-vp-HKq_L/lib/python3.10/site-packages/airflow/example_dags/example_params_ui_tutorial.py
[2024-02-14T09:31:57.403+0000] {processor.py:830} INFO - Processing file /home/codespace/.local/share/virtualenvs/airflow_sandbox-vp-HKq_L/lib/python3.10/site-packages/airflow/example_dags/example_params_ui_tutorial.py for tasks to queue
[2024-02-14T09:31:57.404+0000] {logging_mixin.py:188} INFO - [2024-02-14T09:31:57.404+0000] {dagbag.py:538} INFO - Filling up the DagBag from /home/codespace/.local/share/virtualenvs/airflow_sandbox-vp-HKq_L/lib/python3.10/site-packages/airflow/example_dags/example_params_ui_tutorial.py
[2024-02-14T09:31:57.413+0000] {processor.py:840} INFO - DAG(s) 'example_params_ui_tutorial' retrieved from /home/codespace/.local/share/virtualenvs/airflow_sandbox-vp-HKq_L/lib/python3.10/site-packages/airflow/example_dags/example_params_ui_tutorial.py
[2024-02-14T09:31:57.452+0000] {logging_mixin.py:188} INFO - [2024-02-14T09:31:57.452+0000] {dag.py:3033} INFO - Sync 1 DAGs
[2024-02-14T09:31:57.461+0000] {logging_mixin.py:188} INFO - [2024-02-14T09:31:57.461+0000] {dag.py:3820} INFO - Setting next_dagrun for example_params_ui_tutorial to None, run_after=None
[2024-02-14T09:31:57.509+0000] {processor.py:183} INFO - Processing /home/codespace/.local/share/virtualenvs/airflow_sandbox-vp-HKq_L/lib/python3.10/site-packages/airflow/example_dags/example_params_ui_tutorial.py took 0.109 seconds
[2024-02-14T09:32:51.309+0000] {processor.py:161} INFO - Started process (PID=17609) to work on /home/codespace/.local/share/virtualenvs/airflow_sandbox-vp-HKq_L/lib/python3.10/site-packages/airflow/example_dags/example_params_ui_tutorial.py
[2024-02-14T09:32:51.310+0000] {processor.py:830} INFO - Processing file /home/codespace/.local/share/virtualenvs/airflow_sandbox-vp-HKq_L/lib/python3.10/site-packages/airflow/example_dags/example_params_ui_tutorial.py for tasks to queue
[2024-02-14T09:32:51.311+0000] {logging_mixin.py:188} INFO - [2024-02-14T09:32:51.310+0000] {dagbag.py:538} INFO - Filling up the DagBag from /home/codespace/.local/share/virtualenvs/airflow_sandbox-vp-HKq_L/lib/python3.10/site-packages/airflow/example_dags/example_params_ui_tutorial.py
[2024-02-14T09:32:51.320+0000] {processor.py:840} INFO - DAG(s) 'example_params_ui_tutorial' retrieved from /home/codespace/.local/share/virtualenvs/airflow_sandbox-vp-HKq_L/lib/python3.10/site-packages/airflow/example_dags/example_params_ui_tutorial.py
[2024-02-14T09:32:51.359+0000] {logging_mixin.py:188} INFO - [2024-02-14T09:32:51.359+0000] {dag.py:3033} INFO - Sync 1 DAGs
[2024-02-14T09:32:51.367+0000] {logging_mixin.py:188} INFO - [2024-02-14T09:32:51.367+0000] {dag.py:3820} INFO - Setting next_dagrun for example_params_ui_tutorial to None, run_after=None
[2024-02-14T09:32:51.415+0000] {processor.py:183} INFO - Processing /home/codespace/.local/share/virtualenvs/airflow_sandbox-vp-HKq_L/lib/python3.10/site-packages/airflow/example_dags/example_params_ui_tutorial.py took 0.108 seconds
[2024-02-14T09:33:44.129+0000] {processor.py:161} INFO - Started process (PID=17977) to work on /home/codespace/.local/share/virtualenvs/airflow_sandbox-vp-HKq_L/lib/python3.10/site-packages/airflow/example_dags/example_params_ui_tutorial.py
[2024-02-14T09:33:44.130+0000] {processor.py:830} INFO - Processing file /home/codespace/.local/share/virtualenvs/airflow_sandbox-vp-HKq_L/lib/python3.10/site-packages/airflow/example_dags/example_params_ui_tutorial.py for tasks to queue
[2024-02-14T09:33:44.130+0000] {logging_mixin.py:188} INFO - [2024-02-14T09:33:44.130+0000] {dagbag.py:538} INFO - Filling up the DagBag from /home/codespace/.local/share/virtualenvs/airflow_sandbox-vp-HKq_L/lib/python3.10/site-packages/airflow/example_dags/example_params_ui_tutorial.py
[2024-02-14T09:33:44.140+0000] {processor.py:840} INFO - DAG(s) 'example_params_ui_tutorial' retrieved from /home/codespace/.local/share/virtualenvs/airflow_sandbox-vp-HKq_L/lib/python3.10/site-packages/airflow/example_dags/example_params_ui_tutorial.py
[2024-02-14T09:33:44.181+0000] {logging_mixin.py:188} INFO - [2024-02-14T09:33:44.181+0000] {dag.py:3033} INFO - Sync 1 DAGs
[2024-02-14T09:33:44.191+0000] {logging_mixin.py:188} INFO - [2024-02-14T09:33:44.191+0000] {dag.py:3820} INFO - Setting next_dagrun for example_params_ui_tutorial to None, run_after=None
[2024-02-14T09:33:44.236+0000] {processor.py:183} INFO - Processing /home/codespace/.local/share/virtualenvs/airflow_sandbox-vp-HKq_L/lib/python3.10/site-packages/airflow/example_dags/example_params_ui_tutorial.py took 0.109 seconds
[2024-02-14T09:34:35.646+0000] {processor.py:161} INFO - Started process (PID=18388) to work on /home/codespace/.local/share/virtualenvs/airflow_sandbox-vp-HKq_L/lib/python3.10/site-packages/airflow/example_dags/example_params_ui_tutorial.py
[2024-02-14T09:34:35.647+0000] {processor.py:830} INFO - Processing file /home/codespace/.local/share/virtualenvs/airflow_sandbox-vp-HKq_L/lib/python3.10/site-packages/airflow/example_dags/example_params_ui_tutorial.py for tasks to queue
[2024-02-14T09:34:35.648+0000] {logging_mixin.py:188} INFO - [2024-02-14T09:34:35.647+0000] {dagbag.py:538} INFO - Filling up the DagBag from /home/codespace/.local/share/virtualenvs/airflow_sandbox-vp-HKq_L/lib/python3.10/site-packages/airflow/example_dags/example_params_ui_tutorial.py
[2024-02-14T09:34:35.660+0000] {processor.py:840} INFO - DAG(s) 'example_params_ui_tutorial' retrieved from /home/codespace/.local/share/virtualenvs/airflow_sandbox-vp-HKq_L/lib/python3.10/site-packages/airflow/example_dags/example_params_ui_tutorial.py
[2024-02-14T09:34:35.699+0000] {logging_mixin.py:188} INFO - [2024-02-14T09:34:35.699+0000] {dag.py:3033} INFO - Sync 1 DAGs
[2024-02-14T09:34:35.709+0000] {logging_mixin.py:188} INFO - [2024-02-14T09:34:35.709+0000] {dag.py:3820} INFO - Setting next_dagrun for example_params_ui_tutorial to None, run_after=None
[2024-02-14T09:34:35.757+0000] {processor.py:183} INFO - Processing /home/codespace/.local/share/virtualenvs/airflow_sandbox-vp-HKq_L/lib/python3.10/site-packages/airflow/example_dags/example_params_ui_tutorial.py took 0.113 seconds
