[2024-02-14T09:07:33.292+0000] {processor.py:161} INFO - Started process (PID=4445) to work on /home/codespace/.local/share/virtualenvs/airflow_sandbox-vp-HKq_L/lib/python3.10/site-packages/airflow/example_dags/example_task_group.py
[2024-02-14T09:07:33.292+0000] {processor.py:830} INFO - Processing file /home/codespace/.local/share/virtualenvs/airflow_sandbox-vp-HKq_L/lib/python3.10/site-packages/airflow/example_dags/example_task_group.py for tasks to queue
[2024-02-14T09:07:33.293+0000] {logging_mixin.py:188} INFO - [2024-02-14T09:07:33.293+0000] {dagbag.py:538} INFO - Filling up the DagBag from /home/codespace/.local/share/virtualenvs/airflow_sandbox-vp-HKq_L/lib/python3.10/site-packages/airflow/example_dags/example_task_group.py
[2024-02-14T09:07:33.321+0000] {processor.py:840} INFO - DAG(s) 'example_task_group' retrieved from /home/codespace/.local/share/virtualenvs/airflow_sandbox-vp-HKq_L/lib/python3.10/site-packages/airflow/example_dags/example_task_group.py
[2024-02-14T09:07:33.356+0000] {logging_mixin.py:188} INFO - [2024-02-14T09:07:33.356+0000] {dag.py:3033} INFO - Sync 1 DAGs
[2024-02-14T09:07:33.373+0000] {logging_mixin.py:188} INFO - [2024-02-14T09:07:33.373+0000] {dag.py:3820} INFO - Setting next_dagrun for example_task_group to 2024-02-13T00:00:00+00:00, run_after=2024-02-14T00:00:00+00:00
[2024-02-14T09:07:33.520+0000] {processor.py:183} INFO - Processing /home/codespace/.local/share/virtualenvs/airflow_sandbox-vp-HKq_L/lib/python3.10/site-packages/airflow/example_dags/example_task_group.py took 0.231 seconds
[2024-02-14T09:08:25.255+0000] {processor.py:161} INFO - Started process (PID=5020) to work on /home/codespace/.local/share/virtualenvs/airflow_sandbox-vp-HKq_L/lib/python3.10/site-packages/airflow/example_dags/example_task_group.py
[2024-02-14T09:08:25.256+0000] {processor.py:830} INFO - Processing file /home/codespace/.local/share/virtualenvs/airflow_sandbox-vp-HKq_L/lib/python3.10/site-packages/airflow/example_dags/example_task_group.py for tasks to queue
[2024-02-14T09:08:25.256+0000] {logging_mixin.py:188} INFO - [2024-02-14T09:08:25.256+0000] {dagbag.py:538} INFO - Filling up the DagBag from /home/codespace/.local/share/virtualenvs/airflow_sandbox-vp-HKq_L/lib/python3.10/site-packages/airflow/example_dags/example_task_group.py
[2024-02-14T09:08:25.262+0000] {processor.py:840} INFO - DAG(s) 'example_task_group' retrieved from /home/codespace/.local/share/virtualenvs/airflow_sandbox-vp-HKq_L/lib/python3.10/site-packages/airflow/example_dags/example_task_group.py
[2024-02-14T09:08:25.276+0000] {logging_mixin.py:188} INFO - [2024-02-14T09:08:25.276+0000] {dag.py:3033} INFO - Sync 1 DAGs
[2024-02-14T09:08:25.293+0000] {logging_mixin.py:188} INFO - [2024-02-14T09:08:25.293+0000] {dag.py:3820} INFO - Setting next_dagrun for example_task_group to 2024-02-13T00:00:00+00:00, run_after=2024-02-14T00:00:00+00:00
[2024-02-14T09:08:25.333+0000] {processor.py:183} INFO - Processing /home/codespace/.local/share/virtualenvs/airflow_sandbox-vp-HKq_L/lib/python3.10/site-packages/airflow/example_dags/example_task_group.py took 0.080 seconds
[2024-02-14T09:09:04.581+0000] {processor.py:161} INFO - Started process (PID=5547) to work on /home/codespace/.local/share/virtualenvs/airflow_sandbox-vp-HKq_L/lib/python3.10/site-packages/airflow/example_dags/example_task_group.py
[2024-02-14T09:09:04.582+0000] {processor.py:830} INFO - Processing file /home/codespace/.local/share/virtualenvs/airflow_sandbox-vp-HKq_L/lib/python3.10/site-packages/airflow/example_dags/example_task_group.py for tasks to queue
[2024-02-14T09:09:04.582+0000] {logging_mixin.py:188} INFO - [2024-02-14T09:09:04.582+0000] {dagbag.py:538} INFO - Filling up the DagBag from /home/codespace/.local/share/virtualenvs/airflow_sandbox-vp-HKq_L/lib/python3.10/site-packages/airflow/example_dags/example_task_group.py
[2024-02-14T09:09:04.589+0000] {processor.py:840} INFO - DAG(s) 'example_task_group' retrieved from /home/codespace/.local/share/virtualenvs/airflow_sandbox-vp-HKq_L/lib/python3.10/site-packages/airflow/example_dags/example_task_group.py
[2024-02-14T09:09:04.603+0000] {logging_mixin.py:188} INFO - [2024-02-14T09:09:04.602+0000] {dag.py:3033} INFO - Sync 1 DAGs
[2024-02-14T09:09:04.618+0000] {logging_mixin.py:188} INFO - [2024-02-14T09:09:04.618+0000] {dag.py:3820} INFO - Setting next_dagrun for example_task_group to 2024-02-13T00:00:00+00:00, run_after=2024-02-14T00:00:00+00:00
[2024-02-14T09:09:04.661+0000] {processor.py:183} INFO - Processing /home/codespace/.local/share/virtualenvs/airflow_sandbox-vp-HKq_L/lib/python3.10/site-packages/airflow/example_dags/example_task_group.py took 0.083 seconds
[2024-02-14T09:09:57.057+0000] {processor.py:161} INFO - Started process (PID=6363) to work on /home/codespace/.local/share/virtualenvs/airflow_sandbox-vp-HKq_L/lib/python3.10/site-packages/airflow/example_dags/example_task_group.py
[2024-02-14T09:09:57.058+0000] {processor.py:830} INFO - Processing file /home/codespace/.local/share/virtualenvs/airflow_sandbox-vp-HKq_L/lib/python3.10/site-packages/airflow/example_dags/example_task_group.py for tasks to queue
[2024-02-14T09:09:57.059+0000] {logging_mixin.py:188} INFO - [2024-02-14T09:09:57.059+0000] {dagbag.py:538} INFO - Filling up the DagBag from /home/codespace/.local/share/virtualenvs/airflow_sandbox-vp-HKq_L/lib/python3.10/site-packages/airflow/example_dags/example_task_group.py
[2024-02-14T09:09:57.065+0000] {processor.py:840} INFO - DAG(s) 'example_task_group' retrieved from /home/codespace/.local/share/virtualenvs/airflow_sandbox-vp-HKq_L/lib/python3.10/site-packages/airflow/example_dags/example_task_group.py
[2024-02-14T09:09:57.078+0000] {logging_mixin.py:188} INFO - [2024-02-14T09:09:57.078+0000] {dag.py:3033} INFO - Sync 1 DAGs
[2024-02-14T09:09:57.093+0000] {logging_mixin.py:188} INFO - [2024-02-14T09:09:57.093+0000] {dag.py:3820} INFO - Setting next_dagrun for example_task_group to 2024-02-13T00:00:00+00:00, run_after=2024-02-14T00:00:00+00:00
[2024-02-14T09:09:57.135+0000] {processor.py:183} INFO - Processing /home/codespace/.local/share/virtualenvs/airflow_sandbox-vp-HKq_L/lib/python3.10/site-packages/airflow/example_dags/example_task_group.py took 0.079 seconds
[2024-02-14T09:10:35.144+0000] {processor.py:161} INFO - Started process (PID=6772) to work on /home/codespace/.local/share/virtualenvs/airflow_sandbox-vp-HKq_L/lib/python3.10/site-packages/airflow/example_dags/example_task_group.py
[2024-02-14T09:10:35.145+0000] {processor.py:830} INFO - Processing file /home/codespace/.local/share/virtualenvs/airflow_sandbox-vp-HKq_L/lib/python3.10/site-packages/airflow/example_dags/example_task_group.py for tasks to queue
[2024-02-14T09:10:35.145+0000] {logging_mixin.py:188} INFO - [2024-02-14T09:10:35.145+0000] {dagbag.py:538} INFO - Filling up the DagBag from /home/codespace/.local/share/virtualenvs/airflow_sandbox-vp-HKq_L/lib/python3.10/site-packages/airflow/example_dags/example_task_group.py
[2024-02-14T09:10:35.151+0000] {processor.py:840} INFO - DAG(s) 'example_task_group' retrieved from /home/codespace/.local/share/virtualenvs/airflow_sandbox-vp-HKq_L/lib/python3.10/site-packages/airflow/example_dags/example_task_group.py
[2024-02-14T09:10:35.164+0000] {logging_mixin.py:188} INFO - [2024-02-14T09:10:35.164+0000] {dag.py:3033} INFO - Sync 1 DAGs
[2024-02-14T09:10:35.180+0000] {logging_mixin.py:188} INFO - [2024-02-14T09:10:35.180+0000] {dag.py:3820} INFO - Setting next_dagrun for example_task_group to 2024-02-13T00:00:00+00:00, run_after=2024-02-14T00:00:00+00:00
[2024-02-14T09:10:35.224+0000] {processor.py:183} INFO - Processing /home/codespace/.local/share/virtualenvs/airflow_sandbox-vp-HKq_L/lib/python3.10/site-packages/airflow/example_dags/example_task_group.py took 0.082 seconds
[2024-02-14T09:11:10.554+0000] {processor.py:161} INFO - Started process (PID=7189) to work on /home/codespace/.local/share/virtualenvs/airflow_sandbox-vp-HKq_L/lib/python3.10/site-packages/airflow/example_dags/example_task_group.py
[2024-02-14T09:11:10.555+0000] {processor.py:830} INFO - Processing file /home/codespace/.local/share/virtualenvs/airflow_sandbox-vp-HKq_L/lib/python3.10/site-packages/airflow/example_dags/example_task_group.py for tasks to queue
[2024-02-14T09:11:10.555+0000] {logging_mixin.py:188} INFO - [2024-02-14T09:11:10.555+0000] {dagbag.py:538} INFO - Filling up the DagBag from /home/codespace/.local/share/virtualenvs/airflow_sandbox-vp-HKq_L/lib/python3.10/site-packages/airflow/example_dags/example_task_group.py
[2024-02-14T09:11:10.563+0000] {processor.py:840} INFO - DAG(s) 'example_task_group' retrieved from /home/codespace/.local/share/virtualenvs/airflow_sandbox-vp-HKq_L/lib/python3.10/site-packages/airflow/example_dags/example_task_group.py
[2024-02-14T09:11:10.599+0000] {logging_mixin.py:188} INFO - [2024-02-14T09:11:10.599+0000] {dag.py:3033} INFO - Sync 1 DAGs
[2024-02-14T09:11:10.615+0000] {logging_mixin.py:188} INFO - [2024-02-14T09:11:10.615+0000] {dag.py:3820} INFO - Setting next_dagrun for example_task_group to 2024-02-13T00:00:00+00:00, run_after=2024-02-14T00:00:00+00:00
[2024-02-14T09:11:10.655+0000] {processor.py:183} INFO - Processing /home/codespace/.local/share/virtualenvs/airflow_sandbox-vp-HKq_L/lib/python3.10/site-packages/airflow/example_dags/example_task_group.py took 0.103 seconds
[2024-02-14T09:11:48.692+0000] {processor.py:161} INFO - Started process (PID=7745) to work on /home/codespace/.local/share/virtualenvs/airflow_sandbox-vp-HKq_L/lib/python3.10/site-packages/airflow/example_dags/example_task_group.py
[2024-02-14T09:11:48.693+0000] {processor.py:830} INFO - Processing file /home/codespace/.local/share/virtualenvs/airflow_sandbox-vp-HKq_L/lib/python3.10/site-packages/airflow/example_dags/example_task_group.py for tasks to queue
[2024-02-14T09:11:48.694+0000] {logging_mixin.py:188} INFO - [2024-02-14T09:11:48.694+0000] {dagbag.py:538} INFO - Filling up the DagBag from /home/codespace/.local/share/virtualenvs/airflow_sandbox-vp-HKq_L/lib/python3.10/site-packages/airflow/example_dags/example_task_group.py
[2024-02-14T09:11:48.701+0000] {processor.py:840} INFO - DAG(s) 'example_task_group' retrieved from /home/codespace/.local/share/virtualenvs/airflow_sandbox-vp-HKq_L/lib/python3.10/site-packages/airflow/example_dags/example_task_group.py
[2024-02-14T09:11:48.715+0000] {logging_mixin.py:188} INFO - [2024-02-14T09:11:48.715+0000] {dag.py:3033} INFO - Sync 1 DAGs
[2024-02-14T09:11:48.732+0000] {logging_mixin.py:188} INFO - [2024-02-14T09:11:48.731+0000] {dag.py:3820} INFO - Setting next_dagrun for example_task_group to 2024-02-13T00:00:00+00:00, run_after=2024-02-14T00:00:00+00:00
[2024-02-14T09:11:48.772+0000] {processor.py:183} INFO - Processing /home/codespace/.local/share/virtualenvs/airflow_sandbox-vp-HKq_L/lib/python3.10/site-packages/airflow/example_dags/example_task_group.py took 0.082 seconds
[2024-02-14T09:12:25.527+0000] {processor.py:161} INFO - Started process (PID=8053) to work on /home/codespace/.local/share/virtualenvs/airflow_sandbox-vp-HKq_L/lib/python3.10/site-packages/airflow/example_dags/example_task_group.py
[2024-02-14T09:12:25.528+0000] {processor.py:830} INFO - Processing file /home/codespace/.local/share/virtualenvs/airflow_sandbox-vp-HKq_L/lib/python3.10/site-packages/airflow/example_dags/example_task_group.py for tasks to queue
[2024-02-14T09:12:25.529+0000] {logging_mixin.py:188} INFO - [2024-02-14T09:12:25.528+0000] {dagbag.py:538} INFO - Filling up the DagBag from /home/codespace/.local/share/virtualenvs/airflow_sandbox-vp-HKq_L/lib/python3.10/site-packages/airflow/example_dags/example_task_group.py
[2024-02-14T09:12:25.535+0000] {processor.py:840} INFO - DAG(s) 'example_task_group' retrieved from /home/codespace/.local/share/virtualenvs/airflow_sandbox-vp-HKq_L/lib/python3.10/site-packages/airflow/example_dags/example_task_group.py
[2024-02-14T09:12:25.547+0000] {logging_mixin.py:188} INFO - [2024-02-14T09:12:25.547+0000] {dag.py:3033} INFO - Sync 1 DAGs
[2024-02-14T09:12:25.564+0000] {logging_mixin.py:188} INFO - [2024-02-14T09:12:25.564+0000] {dag.py:3820} INFO - Setting next_dagrun for example_task_group to 2024-02-13T00:00:00+00:00, run_after=2024-02-14T00:00:00+00:00
[2024-02-14T09:12:25.606+0000] {processor.py:183} INFO - Processing /home/codespace/.local/share/virtualenvs/airflow_sandbox-vp-HKq_L/lib/python3.10/site-packages/airflow/example_dags/example_task_group.py took 0.081 seconds
[2024-02-14T09:13:02.153+0000] {processor.py:161} INFO - Started process (PID=8419) to work on /home/codespace/.local/share/virtualenvs/airflow_sandbox-vp-HKq_L/lib/python3.10/site-packages/airflow/example_dags/example_task_group.py
[2024-02-14T09:13:02.154+0000] {processor.py:830} INFO - Processing file /home/codespace/.local/share/virtualenvs/airflow_sandbox-vp-HKq_L/lib/python3.10/site-packages/airflow/example_dags/example_task_group.py for tasks to queue
[2024-02-14T09:13:02.155+0000] {logging_mixin.py:188} INFO - [2024-02-14T09:13:02.155+0000] {dagbag.py:538} INFO - Filling up the DagBag from /home/codespace/.local/share/virtualenvs/airflow_sandbox-vp-HKq_L/lib/python3.10/site-packages/airflow/example_dags/example_task_group.py
[2024-02-14T09:13:02.161+0000] {processor.py:840} INFO - DAG(s) 'example_task_group' retrieved from /home/codespace/.local/share/virtualenvs/airflow_sandbox-vp-HKq_L/lib/python3.10/site-packages/airflow/example_dags/example_task_group.py
[2024-02-14T09:13:02.173+0000] {logging_mixin.py:188} INFO - [2024-02-14T09:13:02.173+0000] {dag.py:3033} INFO - Sync 1 DAGs
[2024-02-14T09:13:02.189+0000] {logging_mixin.py:188} INFO - [2024-02-14T09:13:02.189+0000] {dag.py:3820} INFO - Setting next_dagrun for example_task_group to 2024-02-13T00:00:00+00:00, run_after=2024-02-14T00:00:00+00:00
[2024-02-14T09:13:02.233+0000] {processor.py:183} INFO - Processing /home/codespace/.local/share/virtualenvs/airflow_sandbox-vp-HKq_L/lib/python3.10/site-packages/airflow/example_dags/example_task_group.py took 0.082 seconds
[2024-02-14T09:13:38.173+0000] {processor.py:161} INFO - Started process (PID=8659) to work on /home/codespace/.local/share/virtualenvs/airflow_sandbox-vp-HKq_L/lib/python3.10/site-packages/airflow/example_dags/example_task_group.py
[2024-02-14T09:13:38.174+0000] {processor.py:830} INFO - Processing file /home/codespace/.local/share/virtualenvs/airflow_sandbox-vp-HKq_L/lib/python3.10/site-packages/airflow/example_dags/example_task_group.py for tasks to queue
[2024-02-14T09:13:38.174+0000] {logging_mixin.py:188} INFO - [2024-02-14T09:13:38.174+0000] {dagbag.py:538} INFO - Filling up the DagBag from /home/codespace/.local/share/virtualenvs/airflow_sandbox-vp-HKq_L/lib/python3.10/site-packages/airflow/example_dags/example_task_group.py
[2024-02-14T09:13:38.181+0000] {processor.py:840} INFO - DAG(s) 'example_task_group' retrieved from /home/codespace/.local/share/virtualenvs/airflow_sandbox-vp-HKq_L/lib/python3.10/site-packages/airflow/example_dags/example_task_group.py
[2024-02-14T09:13:38.194+0000] {logging_mixin.py:188} INFO - [2024-02-14T09:13:38.194+0000] {dag.py:3033} INFO - Sync 1 DAGs
[2024-02-14T09:13:38.211+0000] {logging_mixin.py:188} INFO - [2024-02-14T09:13:38.211+0000] {dag.py:3820} INFO - Setting next_dagrun for example_task_group to 2024-02-13T00:00:00+00:00, run_after=2024-02-14T00:00:00+00:00
[2024-02-14T09:13:38.261+0000] {processor.py:183} INFO - Processing /home/codespace/.local/share/virtualenvs/airflow_sandbox-vp-HKq_L/lib/python3.10/site-packages/airflow/example_dags/example_task_group.py took 0.090 seconds
[2024-02-14T09:14:13.151+0000] {processor.py:161} INFO - Started process (PID=8980) to work on /home/codespace/.local/share/virtualenvs/airflow_sandbox-vp-HKq_L/lib/python3.10/site-packages/airflow/example_dags/example_task_group.py
[2024-02-14T09:14:13.152+0000] {processor.py:830} INFO - Processing file /home/codespace/.local/share/virtualenvs/airflow_sandbox-vp-HKq_L/lib/python3.10/site-packages/airflow/example_dags/example_task_group.py for tasks to queue
[2024-02-14T09:14:13.153+0000] {logging_mixin.py:188} INFO - [2024-02-14T09:14:13.153+0000] {dagbag.py:538} INFO - Filling up the DagBag from /home/codespace/.local/share/virtualenvs/airflow_sandbox-vp-HKq_L/lib/python3.10/site-packages/airflow/example_dags/example_task_group.py
[2024-02-14T09:14:13.159+0000] {processor.py:840} INFO - DAG(s) 'example_task_group' retrieved from /home/codespace/.local/share/virtualenvs/airflow_sandbox-vp-HKq_L/lib/python3.10/site-packages/airflow/example_dags/example_task_group.py
[2024-02-14T09:14:13.171+0000] {logging_mixin.py:188} INFO - [2024-02-14T09:14:13.171+0000] {dag.py:3033} INFO - Sync 1 DAGs
[2024-02-14T09:14:13.188+0000] {logging_mixin.py:188} INFO - [2024-02-14T09:14:13.187+0000] {dag.py:3820} INFO - Setting next_dagrun for example_task_group to 2024-02-13T00:00:00+00:00, run_after=2024-02-14T00:00:00+00:00
[2024-02-14T09:14:13.228+0000] {processor.py:183} INFO - Processing /home/codespace/.local/share/virtualenvs/airflow_sandbox-vp-HKq_L/lib/python3.10/site-packages/airflow/example_dags/example_task_group.py took 0.078 seconds
[2024-02-14T09:14:49.080+0000] {processor.py:161} INFO - Started process (PID=9227) to work on /home/codespace/.local/share/virtualenvs/airflow_sandbox-vp-HKq_L/lib/python3.10/site-packages/airflow/example_dags/example_task_group.py
[2024-02-14T09:14:49.080+0000] {processor.py:830} INFO - Processing file /home/codespace/.local/share/virtualenvs/airflow_sandbox-vp-HKq_L/lib/python3.10/site-packages/airflow/example_dags/example_task_group.py for tasks to queue
[2024-02-14T09:14:49.081+0000] {logging_mixin.py:188} INFO - [2024-02-14T09:14:49.081+0000] {dagbag.py:538} INFO - Filling up the DagBag from /home/codespace/.local/share/virtualenvs/airflow_sandbox-vp-HKq_L/lib/python3.10/site-packages/airflow/example_dags/example_task_group.py
[2024-02-14T09:14:49.087+0000] {processor.py:840} INFO - DAG(s) 'example_task_group' retrieved from /home/codespace/.local/share/virtualenvs/airflow_sandbox-vp-HKq_L/lib/python3.10/site-packages/airflow/example_dags/example_task_group.py
[2024-02-14T09:14:49.101+0000] {logging_mixin.py:188} INFO - [2024-02-14T09:14:49.101+0000] {dag.py:3033} INFO - Sync 1 DAGs
[2024-02-14T09:14:49.116+0000] {logging_mixin.py:188} INFO - [2024-02-14T09:14:49.116+0000] {dag.py:3820} INFO - Setting next_dagrun for example_task_group to 2024-02-13T00:00:00+00:00, run_after=2024-02-14T00:00:00+00:00
[2024-02-14T09:14:49.159+0000] {processor.py:183} INFO - Processing /home/codespace/.local/share/virtualenvs/airflow_sandbox-vp-HKq_L/lib/python3.10/site-packages/airflow/example_dags/example_task_group.py took 0.082 seconds
[2024-02-14T09:15:23.162+0000] {processor.py:161} INFO - Started process (PID=9469) to work on /home/codespace/.local/share/virtualenvs/airflow_sandbox-vp-HKq_L/lib/python3.10/site-packages/airflow/example_dags/example_task_group.py
[2024-02-14T09:15:23.163+0000] {processor.py:830} INFO - Processing file /home/codespace/.local/share/virtualenvs/airflow_sandbox-vp-HKq_L/lib/python3.10/site-packages/airflow/example_dags/example_task_group.py for tasks to queue
[2024-02-14T09:15:23.163+0000] {logging_mixin.py:188} INFO - [2024-02-14T09:15:23.163+0000] {dagbag.py:538} INFO - Filling up the DagBag from /home/codespace/.local/share/virtualenvs/airflow_sandbox-vp-HKq_L/lib/python3.10/site-packages/airflow/example_dags/example_task_group.py
[2024-02-14T09:15:23.169+0000] {processor.py:840} INFO - DAG(s) 'example_task_group' retrieved from /home/codespace/.local/share/virtualenvs/airflow_sandbox-vp-HKq_L/lib/python3.10/site-packages/airflow/example_dags/example_task_group.py
[2024-02-14T09:15:23.182+0000] {logging_mixin.py:188} INFO - [2024-02-14T09:15:23.182+0000] {dag.py:3033} INFO - Sync 1 DAGs
[2024-02-14T09:15:23.198+0000] {logging_mixin.py:188} INFO - [2024-02-14T09:15:23.198+0000] {dag.py:3820} INFO - Setting next_dagrun for example_task_group to 2024-02-13T00:00:00+00:00, run_after=2024-02-14T00:00:00+00:00
[2024-02-14T09:15:23.238+0000] {processor.py:183} INFO - Processing /home/codespace/.local/share/virtualenvs/airflow_sandbox-vp-HKq_L/lib/python3.10/site-packages/airflow/example_dags/example_task_group.py took 0.079 seconds
[2024-02-14T09:15:57.618+0000] {processor.py:161} INFO - Started process (PID=9698) to work on /home/codespace/.local/share/virtualenvs/airflow_sandbox-vp-HKq_L/lib/python3.10/site-packages/airflow/example_dags/example_task_group.py
[2024-02-14T09:15:57.619+0000] {processor.py:830} INFO - Processing file /home/codespace/.local/share/virtualenvs/airflow_sandbox-vp-HKq_L/lib/python3.10/site-packages/airflow/example_dags/example_task_group.py for tasks to queue
[2024-02-14T09:15:57.620+0000] {logging_mixin.py:188} INFO - [2024-02-14T09:15:57.619+0000] {dagbag.py:538} INFO - Filling up the DagBag from /home/codespace/.local/share/virtualenvs/airflow_sandbox-vp-HKq_L/lib/python3.10/site-packages/airflow/example_dags/example_task_group.py
[2024-02-14T09:15:57.625+0000] {processor.py:840} INFO - DAG(s) 'example_task_group' retrieved from /home/codespace/.local/share/virtualenvs/airflow_sandbox-vp-HKq_L/lib/python3.10/site-packages/airflow/example_dags/example_task_group.py
[2024-02-14T09:15:57.638+0000] {logging_mixin.py:188} INFO - [2024-02-14T09:15:57.638+0000] {dag.py:3033} INFO - Sync 1 DAGs
[2024-02-14T09:15:57.655+0000] {logging_mixin.py:188} INFO - [2024-02-14T09:15:57.655+0000] {dag.py:3820} INFO - Setting next_dagrun for example_task_group to 2024-02-13T00:00:00+00:00, run_after=2024-02-14T00:00:00+00:00
[2024-02-14T09:15:57.697+0000] {processor.py:183} INFO - Processing /home/codespace/.local/share/virtualenvs/airflow_sandbox-vp-HKq_L/lib/python3.10/site-packages/airflow/example_dags/example_task_group.py took 0.081 seconds
[2024-02-14T09:16:32.079+0000] {processor.py:161} INFO - Started process (PID=9972) to work on /home/codespace/.local/share/virtualenvs/airflow_sandbox-vp-HKq_L/lib/python3.10/site-packages/airflow/example_dags/example_task_group.py
[2024-02-14T09:16:32.080+0000] {processor.py:830} INFO - Processing file /home/codespace/.local/share/virtualenvs/airflow_sandbox-vp-HKq_L/lib/python3.10/site-packages/airflow/example_dags/example_task_group.py for tasks to queue
[2024-02-14T09:16:32.081+0000] {logging_mixin.py:188} INFO - [2024-02-14T09:16:32.081+0000] {dagbag.py:538} INFO - Filling up the DagBag from /home/codespace/.local/share/virtualenvs/airflow_sandbox-vp-HKq_L/lib/python3.10/site-packages/airflow/example_dags/example_task_group.py
[2024-02-14T09:16:32.091+0000] {processor.py:840} INFO - DAG(s) 'example_task_group' retrieved from /home/codespace/.local/share/virtualenvs/airflow_sandbox-vp-HKq_L/lib/python3.10/site-packages/airflow/example_dags/example_task_group.py
[2024-02-14T09:16:32.111+0000] {logging_mixin.py:188} INFO - [2024-02-14T09:16:32.111+0000] {dag.py:3033} INFO - Sync 1 DAGs
[2024-02-14T09:16:32.127+0000] {logging_mixin.py:188} INFO - [2024-02-14T09:16:32.127+0000] {dag.py:3820} INFO - Setting next_dagrun for example_task_group to 2024-02-13T00:00:00+00:00, run_after=2024-02-14T00:00:00+00:00
[2024-02-14T09:16:32.168+0000] {processor.py:183} INFO - Processing /home/codespace/.local/share/virtualenvs/airflow_sandbox-vp-HKq_L/lib/python3.10/site-packages/airflow/example_dags/example_task_group.py took 0.092 seconds
[2024-02-14T09:17:09.206+0000] {processor.py:161} INFO - Started process (PID=10216) to work on /home/codespace/.local/share/virtualenvs/airflow_sandbox-vp-HKq_L/lib/python3.10/site-packages/airflow/example_dags/example_task_group.py
[2024-02-14T09:17:09.206+0000] {processor.py:830} INFO - Processing file /home/codespace/.local/share/virtualenvs/airflow_sandbox-vp-HKq_L/lib/python3.10/site-packages/airflow/example_dags/example_task_group.py for tasks to queue
[2024-02-14T09:17:09.207+0000] {logging_mixin.py:188} INFO - [2024-02-14T09:17:09.207+0000] {dagbag.py:538} INFO - Filling up the DagBag from /home/codespace/.local/share/virtualenvs/airflow_sandbox-vp-HKq_L/lib/python3.10/site-packages/airflow/example_dags/example_task_group.py
[2024-02-14T09:17:09.213+0000] {processor.py:840} INFO - DAG(s) 'example_task_group' retrieved from /home/codespace/.local/share/virtualenvs/airflow_sandbox-vp-HKq_L/lib/python3.10/site-packages/airflow/example_dags/example_task_group.py
[2024-02-14T09:17:09.226+0000] {logging_mixin.py:188} INFO - [2024-02-14T09:17:09.226+0000] {dag.py:3033} INFO - Sync 1 DAGs
[2024-02-14T09:17:09.241+0000] {logging_mixin.py:188} INFO - [2024-02-14T09:17:09.241+0000] {dag.py:3820} INFO - Setting next_dagrun for example_task_group to 2024-02-13T00:00:00+00:00, run_after=2024-02-14T00:00:00+00:00
[2024-02-14T09:17:09.283+0000] {processor.py:183} INFO - Processing /home/codespace/.local/share/virtualenvs/airflow_sandbox-vp-HKq_L/lib/python3.10/site-packages/airflow/example_dags/example_task_group.py took 0.080 seconds
[2024-02-14T09:17:42.785+0000] {processor.py:161} INFO - Started process (PID=10498) to work on /home/codespace/.local/share/virtualenvs/airflow_sandbox-vp-HKq_L/lib/python3.10/site-packages/airflow/example_dags/example_task_group.py
[2024-02-14T09:17:42.786+0000] {processor.py:830} INFO - Processing file /home/codespace/.local/share/virtualenvs/airflow_sandbox-vp-HKq_L/lib/python3.10/site-packages/airflow/example_dags/example_task_group.py for tasks to queue
[2024-02-14T09:17:42.787+0000] {logging_mixin.py:188} INFO - [2024-02-14T09:17:42.787+0000] {dagbag.py:538} INFO - Filling up the DagBag from /home/codespace/.local/share/virtualenvs/airflow_sandbox-vp-HKq_L/lib/python3.10/site-packages/airflow/example_dags/example_task_group.py
[2024-02-14T09:17:42.796+0000] {processor.py:840} INFO - DAG(s) 'example_task_group' retrieved from /home/codespace/.local/share/virtualenvs/airflow_sandbox-vp-HKq_L/lib/python3.10/site-packages/airflow/example_dags/example_task_group.py
[2024-02-14T09:17:42.817+0000] {logging_mixin.py:188} INFO - [2024-02-14T09:17:42.817+0000] {dag.py:3033} INFO - Sync 1 DAGs
[2024-02-14T09:17:42.848+0000] {logging_mixin.py:188} INFO - [2024-02-14T09:17:42.847+0000] {dag.py:3820} INFO - Setting next_dagrun for example_task_group to 2024-02-13T00:00:00+00:00, run_after=2024-02-14T00:00:00+00:00
[2024-02-14T09:17:42.897+0000] {processor.py:183} INFO - Processing /home/codespace/.local/share/virtualenvs/airflow_sandbox-vp-HKq_L/lib/python3.10/site-packages/airflow/example_dags/example_task_group.py took 0.115 seconds
[2024-02-14T09:18:17.386+0000] {processor.py:161} INFO - Started process (PID=10745) to work on /home/codespace/.local/share/virtualenvs/airflow_sandbox-vp-HKq_L/lib/python3.10/site-packages/airflow/example_dags/example_task_group.py
[2024-02-14T09:18:17.387+0000] {processor.py:830} INFO - Processing file /home/codespace/.local/share/virtualenvs/airflow_sandbox-vp-HKq_L/lib/python3.10/site-packages/airflow/example_dags/example_task_group.py for tasks to queue
[2024-02-14T09:18:17.388+0000] {logging_mixin.py:188} INFO - [2024-02-14T09:18:17.388+0000] {dagbag.py:538} INFO - Filling up the DagBag from /home/codespace/.local/share/virtualenvs/airflow_sandbox-vp-HKq_L/lib/python3.10/site-packages/airflow/example_dags/example_task_group.py
[2024-02-14T09:18:17.397+0000] {processor.py:840} INFO - DAG(s) 'example_task_group' retrieved from /home/codespace/.local/share/virtualenvs/airflow_sandbox-vp-HKq_L/lib/python3.10/site-packages/airflow/example_dags/example_task_group.py
[2024-02-14T09:18:17.416+0000] {logging_mixin.py:188} INFO - [2024-02-14T09:18:17.416+0000] {dag.py:3033} INFO - Sync 1 DAGs
[2024-02-14T09:18:17.433+0000] {logging_mixin.py:188} INFO - [2024-02-14T09:18:17.433+0000] {dag.py:3820} INFO - Setting next_dagrun for example_task_group to 2024-02-13T00:00:00+00:00, run_after=2024-02-14T00:00:00+00:00
[2024-02-14T09:18:17.475+0000] {processor.py:183} INFO - Processing /home/codespace/.local/share/virtualenvs/airflow_sandbox-vp-HKq_L/lib/python3.10/site-packages/airflow/example_dags/example_task_group.py took 0.092 seconds
[2024-02-14T09:18:53.028+0000] {processor.py:161} INFO - Started process (PID=10993) to work on /home/codespace/.local/share/virtualenvs/airflow_sandbox-vp-HKq_L/lib/python3.10/site-packages/airflow/example_dags/example_task_group.py
[2024-02-14T09:18:53.028+0000] {processor.py:830} INFO - Processing file /home/codespace/.local/share/virtualenvs/airflow_sandbox-vp-HKq_L/lib/python3.10/site-packages/airflow/example_dags/example_task_group.py for tasks to queue
[2024-02-14T09:18:53.029+0000] {logging_mixin.py:188} INFO - [2024-02-14T09:18:53.029+0000] {dagbag.py:538} INFO - Filling up the DagBag from /home/codespace/.local/share/virtualenvs/airflow_sandbox-vp-HKq_L/lib/python3.10/site-packages/airflow/example_dags/example_task_group.py
[2024-02-14T09:18:53.035+0000] {processor.py:840} INFO - DAG(s) 'example_task_group' retrieved from /home/codespace/.local/share/virtualenvs/airflow_sandbox-vp-HKq_L/lib/python3.10/site-packages/airflow/example_dags/example_task_group.py
[2024-02-14T09:18:53.053+0000] {logging_mixin.py:188} INFO - [2024-02-14T09:18:53.053+0000] {dag.py:3033} INFO - Sync 1 DAGs
[2024-02-14T09:18:53.070+0000] {logging_mixin.py:188} INFO - [2024-02-14T09:18:53.070+0000] {dag.py:3820} INFO - Setting next_dagrun for example_task_group to 2024-02-13T00:00:00+00:00, run_after=2024-02-14T00:00:00+00:00
[2024-02-14T09:18:53.113+0000] {processor.py:183} INFO - Processing /home/codespace/.local/share/virtualenvs/airflow_sandbox-vp-HKq_L/lib/python3.10/site-packages/airflow/example_dags/example_task_group.py took 0.088 seconds
[2024-02-14T09:19:30.160+0000] {processor.py:161} INFO - Started process (PID=11262) to work on /home/codespace/.local/share/virtualenvs/airflow_sandbox-vp-HKq_L/lib/python3.10/site-packages/airflow/example_dags/example_task_group.py
[2024-02-14T09:19:30.161+0000] {processor.py:830} INFO - Processing file /home/codespace/.local/share/virtualenvs/airflow_sandbox-vp-HKq_L/lib/python3.10/site-packages/airflow/example_dags/example_task_group.py for tasks to queue
[2024-02-14T09:19:30.162+0000] {logging_mixin.py:188} INFO - [2024-02-14T09:19:30.161+0000] {dagbag.py:538} INFO - Filling up the DagBag from /home/codespace/.local/share/virtualenvs/airflow_sandbox-vp-HKq_L/lib/python3.10/site-packages/airflow/example_dags/example_task_group.py
[2024-02-14T09:19:30.172+0000] {processor.py:840} INFO - DAG(s) 'example_task_group' retrieved from /home/codespace/.local/share/virtualenvs/airflow_sandbox-vp-HKq_L/lib/python3.10/site-packages/airflow/example_dags/example_task_group.py
[2024-02-14T09:19:30.191+0000] {logging_mixin.py:188} INFO - [2024-02-14T09:19:30.191+0000] {dag.py:3033} INFO - Sync 1 DAGs
[2024-02-14T09:19:30.211+0000] {logging_mixin.py:188} INFO - [2024-02-14T09:19:30.210+0000] {dag.py:3820} INFO - Setting next_dagrun for example_task_group to 2024-02-13T00:00:00+00:00, run_after=2024-02-14T00:00:00+00:00
[2024-02-14T09:19:30.253+0000] {processor.py:183} INFO - Processing /home/codespace/.local/share/virtualenvs/airflow_sandbox-vp-HKq_L/lib/python3.10/site-packages/airflow/example_dags/example_task_group.py took 0.096 seconds
[2024-02-14T09:20:06.216+0000] {processor.py:161} INFO - Started process (PID=11538) to work on /home/codespace/.local/share/virtualenvs/airflow_sandbox-vp-HKq_L/lib/python3.10/site-packages/airflow/example_dags/example_task_group.py
[2024-02-14T09:20:06.217+0000] {processor.py:830} INFO - Processing file /home/codespace/.local/share/virtualenvs/airflow_sandbox-vp-HKq_L/lib/python3.10/site-packages/airflow/example_dags/example_task_group.py for tasks to queue
[2024-02-14T09:20:06.218+0000] {logging_mixin.py:188} INFO - [2024-02-14T09:20:06.218+0000] {dagbag.py:538} INFO - Filling up the DagBag from /home/codespace/.local/share/virtualenvs/airflow_sandbox-vp-HKq_L/lib/python3.10/site-packages/airflow/example_dags/example_task_group.py
[2024-02-14T09:20:06.224+0000] {processor.py:840} INFO - DAG(s) 'example_task_group' retrieved from /home/codespace/.local/share/virtualenvs/airflow_sandbox-vp-HKq_L/lib/python3.10/site-packages/airflow/example_dags/example_task_group.py
[2024-02-14T09:20:06.238+0000] {logging_mixin.py:188} INFO - [2024-02-14T09:20:06.237+0000] {dag.py:3033} INFO - Sync 1 DAGs
[2024-02-14T09:20:06.254+0000] {logging_mixin.py:188} INFO - [2024-02-14T09:20:06.254+0000] {dag.py:3820} INFO - Setting next_dagrun for example_task_group to 2024-02-13T00:00:00+00:00, run_after=2024-02-14T00:00:00+00:00
[2024-02-14T09:20:06.296+0000] {processor.py:183} INFO - Processing /home/codespace/.local/share/virtualenvs/airflow_sandbox-vp-HKq_L/lib/python3.10/site-packages/airflow/example_dags/example_task_group.py took 0.082 seconds
[2024-02-14T09:20:41.534+0000] {processor.py:161} INFO - Started process (PID=12268) to work on /home/codespace/.local/share/virtualenvs/airflow_sandbox-vp-HKq_L/lib/python3.10/site-packages/airflow/example_dags/example_task_group.py
[2024-02-14T09:20:41.535+0000] {processor.py:830} INFO - Processing file /home/codespace/.local/share/virtualenvs/airflow_sandbox-vp-HKq_L/lib/python3.10/site-packages/airflow/example_dags/example_task_group.py for tasks to queue
[2024-02-14T09:20:41.535+0000] {logging_mixin.py:188} INFO - [2024-02-14T09:20:41.535+0000] {dagbag.py:538} INFO - Filling up the DagBag from /home/codespace/.local/share/virtualenvs/airflow_sandbox-vp-HKq_L/lib/python3.10/site-packages/airflow/example_dags/example_task_group.py
[2024-02-14T09:20:41.542+0000] {processor.py:840} INFO - DAG(s) 'example_task_group' retrieved from /home/codespace/.local/share/virtualenvs/airflow_sandbox-vp-HKq_L/lib/python3.10/site-packages/airflow/example_dags/example_task_group.py
[2024-02-14T09:20:41.557+0000] {logging_mixin.py:188} INFO - [2024-02-14T09:20:41.556+0000] {dag.py:3033} INFO - Sync 1 DAGs
[2024-02-14T09:20:41.573+0000] {logging_mixin.py:188} INFO - [2024-02-14T09:20:41.573+0000] {dag.py:3820} INFO - Setting next_dagrun for example_task_group to 2024-02-13T00:00:00+00:00, run_after=2024-02-14T00:00:00+00:00
[2024-02-14T09:20:41.621+0000] {processor.py:183} INFO - Processing /home/codespace/.local/share/virtualenvs/airflow_sandbox-vp-HKq_L/lib/python3.10/site-packages/airflow/example_dags/example_task_group.py took 0.089 seconds
[2024-02-14T09:21:14.091+0000] {processor.py:161} INFO - Started process (PID=12496) to work on /home/codespace/.local/share/virtualenvs/airflow_sandbox-vp-HKq_L/lib/python3.10/site-packages/airflow/example_dags/example_task_group.py
[2024-02-14T09:21:14.092+0000] {processor.py:830} INFO - Processing file /home/codespace/.local/share/virtualenvs/airflow_sandbox-vp-HKq_L/lib/python3.10/site-packages/airflow/example_dags/example_task_group.py for tasks to queue
[2024-02-14T09:21:14.093+0000] {logging_mixin.py:188} INFO - [2024-02-14T09:21:14.092+0000] {dagbag.py:538} INFO - Filling up the DagBag from /home/codespace/.local/share/virtualenvs/airflow_sandbox-vp-HKq_L/lib/python3.10/site-packages/airflow/example_dags/example_task_group.py
[2024-02-14T09:21:14.098+0000] {processor.py:840} INFO - DAG(s) 'example_task_group' retrieved from /home/codespace/.local/share/virtualenvs/airflow_sandbox-vp-HKq_L/lib/python3.10/site-packages/airflow/example_dags/example_task_group.py
[2024-02-14T09:21:14.111+0000] {logging_mixin.py:188} INFO - [2024-02-14T09:21:14.111+0000] {dag.py:3033} INFO - Sync 1 DAGs
[2024-02-14T09:21:14.126+0000] {logging_mixin.py:188} INFO - [2024-02-14T09:21:14.126+0000] {dag.py:3820} INFO - Setting next_dagrun for example_task_group to 2024-02-13T00:00:00+00:00, run_after=2024-02-14T00:00:00+00:00
[2024-02-14T09:21:14.168+0000] {processor.py:183} INFO - Processing /home/codespace/.local/share/virtualenvs/airflow_sandbox-vp-HKq_L/lib/python3.10/site-packages/airflow/example_dags/example_task_group.py took 0.079 seconds
[2024-02-14T09:21:50.416+0000] {processor.py:161} INFO - Started process (PID=12754) to work on /home/codespace/.local/share/virtualenvs/airflow_sandbox-vp-HKq_L/lib/python3.10/site-packages/airflow/example_dags/example_task_group.py
[2024-02-14T09:21:50.417+0000] {processor.py:830} INFO - Processing file /home/codespace/.local/share/virtualenvs/airflow_sandbox-vp-HKq_L/lib/python3.10/site-packages/airflow/example_dags/example_task_group.py for tasks to queue
[2024-02-14T09:21:50.418+0000] {logging_mixin.py:188} INFO - [2024-02-14T09:21:50.418+0000] {dagbag.py:538} INFO - Filling up the DagBag from /home/codespace/.local/share/virtualenvs/airflow_sandbox-vp-HKq_L/lib/python3.10/site-packages/airflow/example_dags/example_task_group.py
[2024-02-14T09:21:50.427+0000] {processor.py:840} INFO - DAG(s) 'example_task_group' retrieved from /home/codespace/.local/share/virtualenvs/airflow_sandbox-vp-HKq_L/lib/python3.10/site-packages/airflow/example_dags/example_task_group.py
[2024-02-14T09:21:50.446+0000] {logging_mixin.py:188} INFO - [2024-02-14T09:21:50.446+0000] {dag.py:3033} INFO - Sync 1 DAGs
[2024-02-14T09:21:50.466+0000] {logging_mixin.py:188} INFO - [2024-02-14T09:21:50.465+0000] {dag.py:3820} INFO - Setting next_dagrun for example_task_group to 2024-02-13T00:00:00+00:00, run_after=2024-02-14T00:00:00+00:00
[2024-02-14T09:21:50.507+0000] {processor.py:183} INFO - Processing /home/codespace/.local/share/virtualenvs/airflow_sandbox-vp-HKq_L/lib/python3.10/site-packages/airflow/example_dags/example_task_group.py took 0.094 seconds
[2024-02-14T09:22:28.704+0000] {processor.py:161} INFO - Started process (PID=13031) to work on /home/codespace/.local/share/virtualenvs/airflow_sandbox-vp-HKq_L/lib/python3.10/site-packages/airflow/example_dags/example_task_group.py
[2024-02-14T09:22:28.705+0000] {processor.py:830} INFO - Processing file /home/codespace/.local/share/virtualenvs/airflow_sandbox-vp-HKq_L/lib/python3.10/site-packages/airflow/example_dags/example_task_group.py for tasks to queue
[2024-02-14T09:22:28.705+0000] {logging_mixin.py:188} INFO - [2024-02-14T09:22:28.705+0000] {dagbag.py:538} INFO - Filling up the DagBag from /home/codespace/.local/share/virtualenvs/airflow_sandbox-vp-HKq_L/lib/python3.10/site-packages/airflow/example_dags/example_task_group.py
[2024-02-14T09:22:28.713+0000] {processor.py:840} INFO - DAG(s) 'example_task_group' retrieved from /home/codespace/.local/share/virtualenvs/airflow_sandbox-vp-HKq_L/lib/python3.10/site-packages/airflow/example_dags/example_task_group.py
[2024-02-14T09:22:28.733+0000] {logging_mixin.py:188} INFO - [2024-02-14T09:22:28.733+0000] {dag.py:3033} INFO - Sync 1 DAGs
[2024-02-14T09:22:28.754+0000] {logging_mixin.py:188} INFO - [2024-02-14T09:22:28.753+0000] {dag.py:3820} INFO - Setting next_dagrun for example_task_group to 2024-02-13T00:00:00+00:00, run_after=2024-02-14T00:00:00+00:00
[2024-02-14T09:22:28.801+0000] {processor.py:183} INFO - Processing /home/codespace/.local/share/virtualenvs/airflow_sandbox-vp-HKq_L/lib/python3.10/site-packages/airflow/example_dags/example_task_group.py took 0.100 seconds
[2024-02-14T09:23:06.937+0000] {processor.py:161} INFO - Started process (PID=13321) to work on /home/codespace/.local/share/virtualenvs/airflow_sandbox-vp-HKq_L/lib/python3.10/site-packages/airflow/example_dags/example_task_group.py
[2024-02-14T09:23:06.938+0000] {processor.py:830} INFO - Processing file /home/codespace/.local/share/virtualenvs/airflow_sandbox-vp-HKq_L/lib/python3.10/site-packages/airflow/example_dags/example_task_group.py for tasks to queue
[2024-02-14T09:23:06.939+0000] {logging_mixin.py:188} INFO - [2024-02-14T09:23:06.939+0000] {dagbag.py:538} INFO - Filling up the DagBag from /home/codespace/.local/share/virtualenvs/airflow_sandbox-vp-HKq_L/lib/python3.10/site-packages/airflow/example_dags/example_task_group.py
[2024-02-14T09:23:06.945+0000] {processor.py:840} INFO - DAG(s) 'example_task_group' retrieved from /home/codespace/.local/share/virtualenvs/airflow_sandbox-vp-HKq_L/lib/python3.10/site-packages/airflow/example_dags/example_task_group.py
[2024-02-14T09:23:06.957+0000] {logging_mixin.py:188} INFO - [2024-02-14T09:23:06.957+0000] {dag.py:3033} INFO - Sync 1 DAGs
[2024-02-14T09:23:06.972+0000] {logging_mixin.py:188} INFO - [2024-02-14T09:23:06.972+0000] {dag.py:3820} INFO - Setting next_dagrun for example_task_group to 2024-02-13T00:00:00+00:00, run_after=2024-02-14T00:00:00+00:00
[2024-02-14T09:23:07.020+0000] {processor.py:183} INFO - Processing /home/codespace/.local/share/virtualenvs/airflow_sandbox-vp-HKq_L/lib/python3.10/site-packages/airflow/example_dags/example_task_group.py took 0.086 seconds
[2024-02-14T09:23:45.297+0000] {processor.py:161} INFO - Started process (PID=13583) to work on /home/codespace/.local/share/virtualenvs/airflow_sandbox-vp-HKq_L/lib/python3.10/site-packages/airflow/example_dags/example_task_group.py
[2024-02-14T09:23:45.298+0000] {processor.py:830} INFO - Processing file /home/codespace/.local/share/virtualenvs/airflow_sandbox-vp-HKq_L/lib/python3.10/site-packages/airflow/example_dags/example_task_group.py for tasks to queue
[2024-02-14T09:23:45.299+0000] {logging_mixin.py:188} INFO - [2024-02-14T09:23:45.298+0000] {dagbag.py:538} INFO - Filling up the DagBag from /home/codespace/.local/share/virtualenvs/airflow_sandbox-vp-HKq_L/lib/python3.10/site-packages/airflow/example_dags/example_task_group.py
[2024-02-14T09:23:45.305+0000] {processor.py:840} INFO - DAG(s) 'example_task_group' retrieved from /home/codespace/.local/share/virtualenvs/airflow_sandbox-vp-HKq_L/lib/python3.10/site-packages/airflow/example_dags/example_task_group.py
[2024-02-14T09:23:45.318+0000] {logging_mixin.py:188} INFO - [2024-02-14T09:23:45.318+0000] {dag.py:3033} INFO - Sync 1 DAGs
[2024-02-14T09:23:45.333+0000] {logging_mixin.py:188} INFO - [2024-02-14T09:23:45.333+0000] {dag.py:3820} INFO - Setting next_dagrun for example_task_group to 2024-02-13T00:00:00+00:00, run_after=2024-02-14T00:00:00+00:00
[2024-02-14T09:23:45.378+0000] {processor.py:183} INFO - Processing /home/codespace/.local/share/virtualenvs/airflow_sandbox-vp-HKq_L/lib/python3.10/site-packages/airflow/example_dags/example_task_group.py took 0.083 seconds
[2024-02-14T09:24:24.070+0000] {processor.py:161} INFO - Started process (PID=13860) to work on /home/codespace/.local/share/virtualenvs/airflow_sandbox-vp-HKq_L/lib/python3.10/site-packages/airflow/example_dags/example_task_group.py
[2024-02-14T09:24:24.071+0000] {processor.py:830} INFO - Processing file /home/codespace/.local/share/virtualenvs/airflow_sandbox-vp-HKq_L/lib/python3.10/site-packages/airflow/example_dags/example_task_group.py for tasks to queue
[2024-02-14T09:24:24.071+0000] {logging_mixin.py:188} INFO - [2024-02-14T09:24:24.071+0000] {dagbag.py:538} INFO - Filling up the DagBag from /home/codespace/.local/share/virtualenvs/airflow_sandbox-vp-HKq_L/lib/python3.10/site-packages/airflow/example_dags/example_task_group.py
[2024-02-14T09:24:24.077+0000] {processor.py:840} INFO - DAG(s) 'example_task_group' retrieved from /home/codespace/.local/share/virtualenvs/airflow_sandbox-vp-HKq_L/lib/python3.10/site-packages/airflow/example_dags/example_task_group.py
[2024-02-14T09:24:24.091+0000] {logging_mixin.py:188} INFO - [2024-02-14T09:24:24.091+0000] {dag.py:3033} INFO - Sync 1 DAGs
[2024-02-14T09:24:24.107+0000] {logging_mixin.py:188} INFO - [2024-02-14T09:24:24.107+0000] {dag.py:3820} INFO - Setting next_dagrun for example_task_group to 2024-02-13T00:00:00+00:00, run_after=2024-02-14T00:00:00+00:00
[2024-02-14T09:24:24.162+0000] {processor.py:183} INFO - Processing /home/codespace/.local/share/virtualenvs/airflow_sandbox-vp-HKq_L/lib/python3.10/site-packages/airflow/example_dags/example_task_group.py took 0.094 seconds
[2024-02-14T09:25:01.392+0000] {processor.py:161} INFO - Started process (PID=14121) to work on /home/codespace/.local/share/virtualenvs/airflow_sandbox-vp-HKq_L/lib/python3.10/site-packages/airflow/example_dags/example_task_group.py
[2024-02-14T09:25:01.393+0000] {processor.py:830} INFO - Processing file /home/codespace/.local/share/virtualenvs/airflow_sandbox-vp-HKq_L/lib/python3.10/site-packages/airflow/example_dags/example_task_group.py for tasks to queue
[2024-02-14T09:25:01.394+0000] {logging_mixin.py:188} INFO - [2024-02-14T09:25:01.393+0000] {dagbag.py:538} INFO - Filling up the DagBag from /home/codespace/.local/share/virtualenvs/airflow_sandbox-vp-HKq_L/lib/python3.10/site-packages/airflow/example_dags/example_task_group.py
[2024-02-14T09:25:01.400+0000] {processor.py:840} INFO - DAG(s) 'example_task_group' retrieved from /home/codespace/.local/share/virtualenvs/airflow_sandbox-vp-HKq_L/lib/python3.10/site-packages/airflow/example_dags/example_task_group.py
[2024-02-14T09:25:01.416+0000] {logging_mixin.py:188} INFO - [2024-02-14T09:25:01.416+0000] {dag.py:3033} INFO - Sync 1 DAGs
[2024-02-14T09:25:01.431+0000] {logging_mixin.py:188} INFO - [2024-02-14T09:25:01.431+0000] {dag.py:3820} INFO - Setting next_dagrun for example_task_group to 2024-02-13T00:00:00+00:00, run_after=2024-02-14T00:00:00+00:00
[2024-02-14T09:25:01.480+0000] {processor.py:183} INFO - Processing /home/codespace/.local/share/virtualenvs/airflow_sandbox-vp-HKq_L/lib/python3.10/site-packages/airflow/example_dags/example_task_group.py took 0.090 seconds
[2024-02-14T09:25:37.570+0000] {processor.py:161} INFO - Started process (PID=14356) to work on /home/codespace/.local/share/virtualenvs/airflow_sandbox-vp-HKq_L/lib/python3.10/site-packages/airflow/example_dags/example_task_group.py
[2024-02-14T09:25:37.571+0000] {processor.py:830} INFO - Processing file /home/codespace/.local/share/virtualenvs/airflow_sandbox-vp-HKq_L/lib/python3.10/site-packages/airflow/example_dags/example_task_group.py for tasks to queue
[2024-02-14T09:25:37.572+0000] {logging_mixin.py:188} INFO - [2024-02-14T09:25:37.571+0000] {dagbag.py:538} INFO - Filling up the DagBag from /home/codespace/.local/share/virtualenvs/airflow_sandbox-vp-HKq_L/lib/python3.10/site-packages/airflow/example_dags/example_task_group.py
[2024-02-14T09:25:37.577+0000] {processor.py:840} INFO - DAG(s) 'example_task_group' retrieved from /home/codespace/.local/share/virtualenvs/airflow_sandbox-vp-HKq_L/lib/python3.10/site-packages/airflow/example_dags/example_task_group.py
[2024-02-14T09:25:37.590+0000] {logging_mixin.py:188} INFO - [2024-02-14T09:25:37.590+0000] {dag.py:3033} INFO - Sync 1 DAGs
[2024-02-14T09:25:37.605+0000] {logging_mixin.py:188} INFO - [2024-02-14T09:25:37.605+0000] {dag.py:3820} INFO - Setting next_dagrun for example_task_group to 2024-02-13T00:00:00+00:00, run_after=2024-02-14T00:00:00+00:00
[2024-02-14T09:25:37.647+0000] {processor.py:183} INFO - Processing /home/codespace/.local/share/virtualenvs/airflow_sandbox-vp-HKq_L/lib/python3.10/site-packages/airflow/example_dags/example_task_group.py took 0.079 seconds
[2024-02-14T09:26:11.017+0000] {processor.py:161} INFO - Started process (PID=14579) to work on /home/codespace/.local/share/virtualenvs/airflow_sandbox-vp-HKq_L/lib/python3.10/site-packages/airflow/example_dags/example_task_group.py
[2024-02-14T09:26:11.018+0000] {processor.py:830} INFO - Processing file /home/codespace/.local/share/virtualenvs/airflow_sandbox-vp-HKq_L/lib/python3.10/site-packages/airflow/example_dags/example_task_group.py for tasks to queue
[2024-02-14T09:26:11.018+0000] {logging_mixin.py:188} INFO - [2024-02-14T09:26:11.018+0000] {dagbag.py:538} INFO - Filling up the DagBag from /home/codespace/.local/share/virtualenvs/airflow_sandbox-vp-HKq_L/lib/python3.10/site-packages/airflow/example_dags/example_task_group.py
[2024-02-14T09:26:11.024+0000] {processor.py:840} INFO - DAG(s) 'example_task_group' retrieved from /home/codespace/.local/share/virtualenvs/airflow_sandbox-vp-HKq_L/lib/python3.10/site-packages/airflow/example_dags/example_task_group.py
[2024-02-14T09:26:11.037+0000] {logging_mixin.py:188} INFO - [2024-02-14T09:26:11.037+0000] {dag.py:3033} INFO - Sync 1 DAGs
[2024-02-14T09:26:11.052+0000] {logging_mixin.py:188} INFO - [2024-02-14T09:26:11.052+0000] {dag.py:3820} INFO - Setting next_dagrun for example_task_group to 2024-02-13T00:00:00+00:00, run_after=2024-02-14T00:00:00+00:00
[2024-02-14T09:26:11.104+0000] {processor.py:183} INFO - Processing /home/codespace/.local/share/virtualenvs/airflow_sandbox-vp-HKq_L/lib/python3.10/site-packages/airflow/example_dags/example_task_group.py took 0.089 seconds
[2024-02-14T09:26:46.421+0000] {processor.py:161} INFO - Started process (PID=14839) to work on /home/codespace/.local/share/virtualenvs/airflow_sandbox-vp-HKq_L/lib/python3.10/site-packages/airflow/example_dags/example_task_group.py
[2024-02-14T09:26:46.422+0000] {processor.py:830} INFO - Processing file /home/codespace/.local/share/virtualenvs/airflow_sandbox-vp-HKq_L/lib/python3.10/site-packages/airflow/example_dags/example_task_group.py for tasks to queue
[2024-02-14T09:26:46.423+0000] {logging_mixin.py:188} INFO - [2024-02-14T09:26:46.422+0000] {dagbag.py:538} INFO - Filling up the DagBag from /home/codespace/.local/share/virtualenvs/airflow_sandbox-vp-HKq_L/lib/python3.10/site-packages/airflow/example_dags/example_task_group.py
[2024-02-14T09:26:46.428+0000] {processor.py:840} INFO - DAG(s) 'example_task_group' retrieved from /home/codespace/.local/share/virtualenvs/airflow_sandbox-vp-HKq_L/lib/python3.10/site-packages/airflow/example_dags/example_task_group.py
[2024-02-14T09:26:46.441+0000] {logging_mixin.py:188} INFO - [2024-02-14T09:26:46.441+0000] {dag.py:3033} INFO - Sync 1 DAGs
[2024-02-14T09:26:46.457+0000] {logging_mixin.py:188} INFO - [2024-02-14T09:26:46.457+0000] {dag.py:3820} INFO - Setting next_dagrun for example_task_group to 2024-02-13T00:00:00+00:00, run_after=2024-02-14T00:00:00+00:00
[2024-02-14T09:26:46.504+0000] {processor.py:183} INFO - Processing /home/codespace/.local/share/virtualenvs/airflow_sandbox-vp-HKq_L/lib/python3.10/site-packages/airflow/example_dags/example_task_group.py took 0.086 seconds
[2024-02-14T09:27:23.751+0000] {processor.py:161} INFO - Started process (PID=15101) to work on /home/codespace/.local/share/virtualenvs/airflow_sandbox-vp-HKq_L/lib/python3.10/site-packages/airflow/example_dags/example_task_group.py
[2024-02-14T09:27:23.752+0000] {processor.py:830} INFO - Processing file /home/codespace/.local/share/virtualenvs/airflow_sandbox-vp-HKq_L/lib/python3.10/site-packages/airflow/example_dags/example_task_group.py for tasks to queue
[2024-02-14T09:27:23.753+0000] {logging_mixin.py:188} INFO - [2024-02-14T09:27:23.752+0000] {dagbag.py:538} INFO - Filling up the DagBag from /home/codespace/.local/share/virtualenvs/airflow_sandbox-vp-HKq_L/lib/python3.10/site-packages/airflow/example_dags/example_task_group.py
[2024-02-14T09:27:23.759+0000] {processor.py:840} INFO - DAG(s) 'example_task_group' retrieved from /home/codespace/.local/share/virtualenvs/airflow_sandbox-vp-HKq_L/lib/python3.10/site-packages/airflow/example_dags/example_task_group.py
[2024-02-14T09:27:23.772+0000] {logging_mixin.py:188} INFO - [2024-02-14T09:27:23.772+0000] {dag.py:3033} INFO - Sync 1 DAGs
[2024-02-14T09:27:23.788+0000] {logging_mixin.py:188} INFO - [2024-02-14T09:27:23.787+0000] {dag.py:3820} INFO - Setting next_dagrun for example_task_group to 2024-02-13T00:00:00+00:00, run_after=2024-02-14T00:00:00+00:00
[2024-02-14T09:27:23.837+0000] {processor.py:183} INFO - Processing /home/codespace/.local/share/virtualenvs/airflow_sandbox-vp-HKq_L/lib/python3.10/site-packages/airflow/example_dags/example_task_group.py took 0.088 seconds
[2024-02-14T09:28:01.192+0000] {processor.py:161} INFO - Started process (PID=15380) to work on /home/codespace/.local/share/virtualenvs/airflow_sandbox-vp-HKq_L/lib/python3.10/site-packages/airflow/example_dags/example_task_group.py
[2024-02-14T09:28:01.193+0000] {processor.py:830} INFO - Processing file /home/codespace/.local/share/virtualenvs/airflow_sandbox-vp-HKq_L/lib/python3.10/site-packages/airflow/example_dags/example_task_group.py for tasks to queue
[2024-02-14T09:28:01.193+0000] {logging_mixin.py:188} INFO - [2024-02-14T09:28:01.193+0000] {dagbag.py:538} INFO - Filling up the DagBag from /home/codespace/.local/share/virtualenvs/airflow_sandbox-vp-HKq_L/lib/python3.10/site-packages/airflow/example_dags/example_task_group.py
[2024-02-14T09:28:01.199+0000] {processor.py:840} INFO - DAG(s) 'example_task_group' retrieved from /home/codespace/.local/share/virtualenvs/airflow_sandbox-vp-HKq_L/lib/python3.10/site-packages/airflow/example_dags/example_task_group.py
[2024-02-14T09:28:01.212+0000] {logging_mixin.py:188} INFO - [2024-02-14T09:28:01.212+0000] {dag.py:3033} INFO - Sync 1 DAGs
[2024-02-14T09:28:01.234+0000] {logging_mixin.py:188} INFO - [2024-02-14T09:28:01.234+0000] {dag.py:3820} INFO - Setting next_dagrun for example_task_group to 2024-02-13T00:00:00+00:00, run_after=2024-02-14T00:00:00+00:00
[2024-02-14T09:28:01.277+0000] {processor.py:183} INFO - Processing /home/codespace/.local/share/virtualenvs/airflow_sandbox-vp-HKq_L/lib/python3.10/site-packages/airflow/example_dags/example_task_group.py took 0.087 seconds
[2024-02-14T09:28:36.717+0000] {processor.py:161} INFO - Started process (PID=15674) to work on /home/codespace/.local/share/virtualenvs/airflow_sandbox-vp-HKq_L/lib/python3.10/site-packages/airflow/example_dags/example_task_group.py
[2024-02-14T09:28:36.718+0000] {processor.py:830} INFO - Processing file /home/codespace/.local/share/virtualenvs/airflow_sandbox-vp-HKq_L/lib/python3.10/site-packages/airflow/example_dags/example_task_group.py for tasks to queue
[2024-02-14T09:28:36.719+0000] {logging_mixin.py:188} INFO - [2024-02-14T09:28:36.718+0000] {dagbag.py:538} INFO - Filling up the DagBag from /home/codespace/.local/share/virtualenvs/airflow_sandbox-vp-HKq_L/lib/python3.10/site-packages/airflow/example_dags/example_task_group.py
[2024-02-14T09:28:36.725+0000] {processor.py:840} INFO - DAG(s) 'example_task_group' retrieved from /home/codespace/.local/share/virtualenvs/airflow_sandbox-vp-HKq_L/lib/python3.10/site-packages/airflow/example_dags/example_task_group.py
[2024-02-14T09:28:36.745+0000] {logging_mixin.py:188} INFO - [2024-02-14T09:28:36.745+0000] {dag.py:3033} INFO - Sync 1 DAGs
[2024-02-14T09:28:36.764+0000] {logging_mixin.py:188} INFO - [2024-02-14T09:28:36.764+0000] {dag.py:3820} INFO - Setting next_dagrun for example_task_group to 2024-02-13T00:00:00+00:00, run_after=2024-02-14T00:00:00+00:00
[2024-02-14T09:28:36.810+0000] {processor.py:183} INFO - Processing /home/codespace/.local/share/virtualenvs/airflow_sandbox-vp-HKq_L/lib/python3.10/site-packages/airflow/example_dags/example_task_group.py took 0.096 seconds
[2024-02-14T09:29:11.144+0000] {processor.py:161} INFO - Started process (PID=16028) to work on /home/codespace/.local/share/virtualenvs/airflow_sandbox-vp-HKq_L/lib/python3.10/site-packages/airflow/example_dags/example_task_group.py
[2024-02-14T09:29:11.144+0000] {processor.py:830} INFO - Processing file /home/codespace/.local/share/virtualenvs/airflow_sandbox-vp-HKq_L/lib/python3.10/site-packages/airflow/example_dags/example_task_group.py for tasks to queue
[2024-02-14T09:29:11.145+0000] {logging_mixin.py:188} INFO - [2024-02-14T09:29:11.145+0000] {dagbag.py:538} INFO - Filling up the DagBag from /home/codespace/.local/share/virtualenvs/airflow_sandbox-vp-HKq_L/lib/python3.10/site-packages/airflow/example_dags/example_task_group.py
[2024-02-14T09:29:11.151+0000] {processor.py:840} INFO - DAG(s) 'example_task_group' retrieved from /home/codespace/.local/share/virtualenvs/airflow_sandbox-vp-HKq_L/lib/python3.10/site-packages/airflow/example_dags/example_task_group.py
[2024-02-14T09:29:11.165+0000] {logging_mixin.py:188} INFO - [2024-02-14T09:29:11.165+0000] {dag.py:3033} INFO - Sync 1 DAGs
[2024-02-14T09:29:11.180+0000] {logging_mixin.py:188} INFO - [2024-02-14T09:29:11.180+0000] {dag.py:3820} INFO - Setting next_dagrun for example_task_group to 2024-02-13T00:00:00+00:00, run_after=2024-02-14T00:00:00+00:00
[2024-02-14T09:29:11.224+0000] {processor.py:183} INFO - Processing /home/codespace/.local/share/virtualenvs/airflow_sandbox-vp-HKq_L/lib/python3.10/site-packages/airflow/example_dags/example_task_group.py took 0.082 seconds
[2024-02-14T09:29:47.616+0000] {processor.py:161} INFO - Started process (PID=16287) to work on /home/codespace/.local/share/virtualenvs/airflow_sandbox-vp-HKq_L/lib/python3.10/site-packages/airflow/example_dags/example_task_group.py
[2024-02-14T09:29:47.617+0000] {processor.py:830} INFO - Processing file /home/codespace/.local/share/virtualenvs/airflow_sandbox-vp-HKq_L/lib/python3.10/site-packages/airflow/example_dags/example_task_group.py for tasks to queue
[2024-02-14T09:29:47.618+0000] {logging_mixin.py:188} INFO - [2024-02-14T09:29:47.617+0000] {dagbag.py:538} INFO - Filling up the DagBag from /home/codespace/.local/share/virtualenvs/airflow_sandbox-vp-HKq_L/lib/python3.10/site-packages/airflow/example_dags/example_task_group.py
[2024-02-14T09:29:47.623+0000] {processor.py:840} INFO - DAG(s) 'example_task_group' retrieved from /home/codespace/.local/share/virtualenvs/airflow_sandbox-vp-HKq_L/lib/python3.10/site-packages/airflow/example_dags/example_task_group.py
[2024-02-14T09:29:47.636+0000] {logging_mixin.py:188} INFO - [2024-02-14T09:29:47.636+0000] {dag.py:3033} INFO - Sync 1 DAGs
[2024-02-14T09:29:47.651+0000] {logging_mixin.py:188} INFO - [2024-02-14T09:29:47.651+0000] {dag.py:3820} INFO - Setting next_dagrun for example_task_group to 2024-02-13T00:00:00+00:00, run_after=2024-02-14T00:00:00+00:00
[2024-02-14T09:29:47.700+0000] {processor.py:183} INFO - Processing /home/codespace/.local/share/virtualenvs/airflow_sandbox-vp-HKq_L/lib/python3.10/site-packages/airflow/example_dags/example_task_group.py took 0.086 seconds
[2024-02-14T09:30:22.062+0000] {processor.py:161} INFO - Started process (PID=16526) to work on /home/codespace/.local/share/virtualenvs/airflow_sandbox-vp-HKq_L/lib/python3.10/site-packages/airflow/example_dags/example_task_group.py
[2024-02-14T09:30:22.062+0000] {processor.py:830} INFO - Processing file /home/codespace/.local/share/virtualenvs/airflow_sandbox-vp-HKq_L/lib/python3.10/site-packages/airflow/example_dags/example_task_group.py for tasks to queue
[2024-02-14T09:30:22.063+0000] {logging_mixin.py:188} INFO - [2024-02-14T09:30:22.063+0000] {dagbag.py:538} INFO - Filling up the DagBag from /home/codespace/.local/share/virtualenvs/airflow_sandbox-vp-HKq_L/lib/python3.10/site-packages/airflow/example_dags/example_task_group.py
[2024-02-14T09:30:22.069+0000] {processor.py:840} INFO - DAG(s) 'example_task_group' retrieved from /home/codespace/.local/share/virtualenvs/airflow_sandbox-vp-HKq_L/lib/python3.10/site-packages/airflow/example_dags/example_task_group.py
[2024-02-14T09:30:22.083+0000] {logging_mixin.py:188} INFO - [2024-02-14T09:30:22.083+0000] {dag.py:3033} INFO - Sync 1 DAGs
[2024-02-14T09:30:22.110+0000] {logging_mixin.py:188} INFO - [2024-02-14T09:30:22.110+0000] {dag.py:3820} INFO - Setting next_dagrun for example_task_group to 2024-02-13T00:00:00+00:00, run_after=2024-02-14T00:00:00+00:00
[2024-02-14T09:30:22.155+0000] {processor.py:183} INFO - Processing /home/codespace/.local/share/virtualenvs/airflow_sandbox-vp-HKq_L/lib/python3.10/site-packages/airflow/example_dags/example_task_group.py took 0.096 seconds
[2024-02-14T09:30:55.190+0000] {processor.py:161} INFO - Started process (PID=16760) to work on /home/codespace/.local/share/virtualenvs/airflow_sandbox-vp-HKq_L/lib/python3.10/site-packages/airflow/example_dags/example_task_group.py
[2024-02-14T09:30:55.191+0000] {processor.py:830} INFO - Processing file /home/codespace/.local/share/virtualenvs/airflow_sandbox-vp-HKq_L/lib/python3.10/site-packages/airflow/example_dags/example_task_group.py for tasks to queue
[2024-02-14T09:30:55.192+0000] {logging_mixin.py:188} INFO - [2024-02-14T09:30:55.192+0000] {dagbag.py:538} INFO - Filling up the DagBag from /home/codespace/.local/share/virtualenvs/airflow_sandbox-vp-HKq_L/lib/python3.10/site-packages/airflow/example_dags/example_task_group.py
[2024-02-14T09:30:55.201+0000] {processor.py:840} INFO - DAG(s) 'example_task_group' retrieved from /home/codespace/.local/share/virtualenvs/airflow_sandbox-vp-HKq_L/lib/python3.10/site-packages/airflow/example_dags/example_task_group.py
[2024-02-14T09:30:55.218+0000] {logging_mixin.py:188} INFO - [2024-02-14T09:30:55.218+0000] {dag.py:3033} INFO - Sync 1 DAGs
[2024-02-14T09:30:55.241+0000] {logging_mixin.py:188} INFO - [2024-02-14T09:30:55.241+0000] {dag.py:3820} INFO - Setting next_dagrun for example_task_group to 2024-02-13T00:00:00+00:00, run_after=2024-02-14T00:00:00+00:00
[2024-02-14T09:30:55.287+0000] {processor.py:183} INFO - Processing /home/codespace/.local/share/virtualenvs/airflow_sandbox-vp-HKq_L/lib/python3.10/site-packages/airflow/example_dags/example_task_group.py took 0.101 seconds
[2024-02-14T09:31:31.458+0000] {processor.py:161} INFO - Started process (PID=17018) to work on /home/codespace/.local/share/virtualenvs/airflow_sandbox-vp-HKq_L/lib/python3.10/site-packages/airflow/example_dags/example_task_group.py
[2024-02-14T09:31:31.459+0000] {processor.py:830} INFO - Processing file /home/codespace/.local/share/virtualenvs/airflow_sandbox-vp-HKq_L/lib/python3.10/site-packages/airflow/example_dags/example_task_group.py for tasks to queue
[2024-02-14T09:31:31.459+0000] {logging_mixin.py:188} INFO - [2024-02-14T09:31:31.459+0000] {dagbag.py:538} INFO - Filling up the DagBag from /home/codespace/.local/share/virtualenvs/airflow_sandbox-vp-HKq_L/lib/python3.10/site-packages/airflow/example_dags/example_task_group.py
[2024-02-14T09:31:31.468+0000] {processor.py:840} INFO - DAG(s) 'example_task_group' retrieved from /home/codespace/.local/share/virtualenvs/airflow_sandbox-vp-HKq_L/lib/python3.10/site-packages/airflow/example_dags/example_task_group.py
[2024-02-14T09:31:31.489+0000] {logging_mixin.py:188} INFO - [2024-02-14T09:31:31.489+0000] {dag.py:3033} INFO - Sync 1 DAGs
[2024-02-14T09:31:31.512+0000] {logging_mixin.py:188} INFO - [2024-02-14T09:31:31.512+0000] {dag.py:3820} INFO - Setting next_dagrun for example_task_group to 2024-02-13T00:00:00+00:00, run_after=2024-02-14T00:00:00+00:00
[2024-02-14T09:31:31.568+0000] {processor.py:183} INFO - Processing /home/codespace/.local/share/virtualenvs/airflow_sandbox-vp-HKq_L/lib/python3.10/site-packages/airflow/example_dags/example_task_group.py took 0.113 seconds
[2024-02-14T09:32:06.937+0000] {processor.py:161} INFO - Started process (PID=17260) to work on /home/codespace/.local/share/virtualenvs/airflow_sandbox-vp-HKq_L/lib/python3.10/site-packages/airflow/example_dags/example_task_group.py
[2024-02-14T09:32:06.937+0000] {processor.py:830} INFO - Processing file /home/codespace/.local/share/virtualenvs/airflow_sandbox-vp-HKq_L/lib/python3.10/site-packages/airflow/example_dags/example_task_group.py for tasks to queue
[2024-02-14T09:32:06.938+0000] {logging_mixin.py:188} INFO - [2024-02-14T09:32:06.938+0000] {dagbag.py:538} INFO - Filling up the DagBag from /home/codespace/.local/share/virtualenvs/airflow_sandbox-vp-HKq_L/lib/python3.10/site-packages/airflow/example_dags/example_task_group.py
[2024-02-14T09:32:06.946+0000] {processor.py:840} INFO - DAG(s) 'example_task_group' retrieved from /home/codespace/.local/share/virtualenvs/airflow_sandbox-vp-HKq_L/lib/python3.10/site-packages/airflow/example_dags/example_task_group.py
[2024-02-14T09:32:06.959+0000] {logging_mixin.py:188} INFO - [2024-02-14T09:32:06.959+0000] {dag.py:3033} INFO - Sync 1 DAGs
[2024-02-14T09:32:06.974+0000] {logging_mixin.py:188} INFO - [2024-02-14T09:32:06.974+0000] {dag.py:3820} INFO - Setting next_dagrun for example_task_group to 2024-02-13T00:00:00+00:00, run_after=2024-02-14T00:00:00+00:00
[2024-02-14T09:32:07.017+0000] {processor.py:183} INFO - Processing /home/codespace/.local/share/virtualenvs/airflow_sandbox-vp-HKq_L/lib/python3.10/site-packages/airflow/example_dags/example_task_group.py took 0.083 seconds
[2024-02-14T09:32:43.843+0000] {processor.py:161} INFO - Started process (PID=17557) to work on /home/codespace/.local/share/virtualenvs/airflow_sandbox-vp-HKq_L/lib/python3.10/site-packages/airflow/example_dags/example_task_group.py
[2024-02-14T09:32:43.844+0000] {processor.py:830} INFO - Processing file /home/codespace/.local/share/virtualenvs/airflow_sandbox-vp-HKq_L/lib/python3.10/site-packages/airflow/example_dags/example_task_group.py for tasks to queue
[2024-02-14T09:32:43.844+0000] {logging_mixin.py:188} INFO - [2024-02-14T09:32:43.844+0000] {dagbag.py:538} INFO - Filling up the DagBag from /home/codespace/.local/share/virtualenvs/airflow_sandbox-vp-HKq_L/lib/python3.10/site-packages/airflow/example_dags/example_task_group.py
[2024-02-14T09:32:43.850+0000] {processor.py:840} INFO - DAG(s) 'example_task_group' retrieved from /home/codespace/.local/share/virtualenvs/airflow_sandbox-vp-HKq_L/lib/python3.10/site-packages/airflow/example_dags/example_task_group.py
[2024-02-14T09:32:43.863+0000] {logging_mixin.py:188} INFO - [2024-02-14T09:32:43.863+0000] {dag.py:3033} INFO - Sync 1 DAGs
[2024-02-14T09:32:43.877+0000] {logging_mixin.py:188} INFO - [2024-02-14T09:32:43.877+0000] {dag.py:3820} INFO - Setting next_dagrun for example_task_group to 2024-02-13T00:00:00+00:00, run_after=2024-02-14T00:00:00+00:00
[2024-02-14T09:32:43.921+0000] {processor.py:183} INFO - Processing /home/codespace/.local/share/virtualenvs/airflow_sandbox-vp-HKq_L/lib/python3.10/site-packages/airflow/example_dags/example_task_group.py took 0.080 seconds
[2024-02-14T09:33:15.365+0000] {processor.py:161} INFO - Started process (PID=17768) to work on /home/codespace/.local/share/virtualenvs/airflow_sandbox-vp-HKq_L/lib/python3.10/site-packages/airflow/example_dags/example_task_group.py
[2024-02-14T09:33:15.365+0000] {processor.py:830} INFO - Processing file /home/codespace/.local/share/virtualenvs/airflow_sandbox-vp-HKq_L/lib/python3.10/site-packages/airflow/example_dags/example_task_group.py for tasks to queue
[2024-02-14T09:33:15.366+0000] {logging_mixin.py:188} INFO - [2024-02-14T09:33:15.366+0000] {dagbag.py:538} INFO - Filling up the DagBag from /home/codespace/.local/share/virtualenvs/airflow_sandbox-vp-HKq_L/lib/python3.10/site-packages/airflow/example_dags/example_task_group.py
[2024-02-14T09:33:15.374+0000] {processor.py:840} INFO - DAG(s) 'example_task_group' retrieved from /home/codespace/.local/share/virtualenvs/airflow_sandbox-vp-HKq_L/lib/python3.10/site-packages/airflow/example_dags/example_task_group.py
[2024-02-14T09:33:15.392+0000] {logging_mixin.py:188} INFO - [2024-02-14T09:33:15.392+0000] {dag.py:3033} INFO - Sync 1 DAGs
[2024-02-14T09:33:15.409+0000] {logging_mixin.py:188} INFO - [2024-02-14T09:33:15.409+0000] {dag.py:3820} INFO - Setting next_dagrun for example_task_group to 2024-02-13T00:00:00+00:00, run_after=2024-02-14T00:00:00+00:00
[2024-02-14T09:33:15.451+0000] {processor.py:183} INFO - Processing /home/codespace/.local/share/virtualenvs/airflow_sandbox-vp-HKq_L/lib/python3.10/site-packages/airflow/example_dags/example_task_group.py took 0.088 seconds
[2024-02-14T09:33:52.177+0000] {processor.py:161} INFO - Started process (PID=18035) to work on /home/codespace/.local/share/virtualenvs/airflow_sandbox-vp-HKq_L/lib/python3.10/site-packages/airflow/example_dags/example_task_group.py
[2024-02-14T09:33:52.177+0000] {processor.py:830} INFO - Processing file /home/codespace/.local/share/virtualenvs/airflow_sandbox-vp-HKq_L/lib/python3.10/site-packages/airflow/example_dags/example_task_group.py for tasks to queue
[2024-02-14T09:33:52.178+0000] {logging_mixin.py:188} INFO - [2024-02-14T09:33:52.178+0000] {dagbag.py:538} INFO - Filling up the DagBag from /home/codespace/.local/share/virtualenvs/airflow_sandbox-vp-HKq_L/lib/python3.10/site-packages/airflow/example_dags/example_task_group.py
[2024-02-14T09:33:52.186+0000] {processor.py:840} INFO - DAG(s) 'example_task_group' retrieved from /home/codespace/.local/share/virtualenvs/airflow_sandbox-vp-HKq_L/lib/python3.10/site-packages/airflow/example_dags/example_task_group.py
[2024-02-14T09:33:52.200+0000] {logging_mixin.py:188} INFO - [2024-02-14T09:33:52.200+0000] {dag.py:3033} INFO - Sync 1 DAGs
[2024-02-14T09:33:52.216+0000] {logging_mixin.py:188} INFO - [2024-02-14T09:33:52.215+0000] {dag.py:3820} INFO - Setting next_dagrun for example_task_group to 2024-02-13T00:00:00+00:00, run_after=2024-02-14T00:00:00+00:00
[2024-02-14T09:33:52.258+0000] {processor.py:183} INFO - Processing /home/codespace/.local/share/virtualenvs/airflow_sandbox-vp-HKq_L/lib/python3.10/site-packages/airflow/example_dags/example_task_group.py took 0.084 seconds
[2024-02-14T09:34:26.651+0000] {processor.py:161} INFO - Started process (PID=18294) to work on /home/codespace/.local/share/virtualenvs/airflow_sandbox-vp-HKq_L/lib/python3.10/site-packages/airflow/example_dags/example_task_group.py
[2024-02-14T09:34:26.654+0000] {processor.py:830} INFO - Processing file /home/codespace/.local/share/virtualenvs/airflow_sandbox-vp-HKq_L/lib/python3.10/site-packages/airflow/example_dags/example_task_group.py for tasks to queue
[2024-02-14T09:34:26.655+0000] {logging_mixin.py:188} INFO - [2024-02-14T09:34:26.655+0000] {dagbag.py:538} INFO - Filling up the DagBag from /home/codespace/.local/share/virtualenvs/airflow_sandbox-vp-HKq_L/lib/python3.10/site-packages/airflow/example_dags/example_task_group.py
[2024-02-14T09:34:26.665+0000] {processor.py:840} INFO - DAG(s) 'example_task_group' retrieved from /home/codespace/.local/share/virtualenvs/airflow_sandbox-vp-HKq_L/lib/python3.10/site-packages/airflow/example_dags/example_task_group.py
[2024-02-14T09:34:26.686+0000] {logging_mixin.py:188} INFO - [2024-02-14T09:34:26.685+0000] {dag.py:3033} INFO - Sync 1 DAGs
[2024-02-14T09:34:26.703+0000] {logging_mixin.py:188} INFO - [2024-02-14T09:34:26.703+0000] {dag.py:3820} INFO - Setting next_dagrun for example_task_group to 2024-02-13T00:00:00+00:00, run_after=2024-02-14T00:00:00+00:00
[2024-02-14T09:34:26.754+0000] {processor.py:183} INFO - Processing /home/codespace/.local/share/virtualenvs/airflow_sandbox-vp-HKq_L/lib/python3.10/site-packages/airflow/example_dags/example_task_group.py took 0.107 seconds
