[2024-02-14T09:07:45.388+0000] {processor.py:161} INFO - Started process (PID=4576) to work on /home/codespace/.local/share/virtualenvs/airflow_sandbox-vp-HKq_L/lib/python3.10/site-packages/airflow/example_dags/example_xcomargs.py
[2024-02-14T09:07:45.389+0000] {processor.py:830} INFO - Processing file /home/codespace/.local/share/virtualenvs/airflow_sandbox-vp-HKq_L/lib/python3.10/site-packages/airflow/example_dags/example_xcomargs.py for tasks to queue
[2024-02-14T09:07:45.390+0000] {logging_mixin.py:188} INFO - [2024-02-14T09:07:45.389+0000] {dagbag.py:538} INFO - Filling up the DagBag from /home/codespace/.local/share/virtualenvs/airflow_sandbox-vp-HKq_L/lib/python3.10/site-packages/airflow/example_dags/example_xcomargs.py
[2024-02-14T09:07:45.399+0000] {processor.py:840} INFO - DAG(s) 'example_xcom_args', 'example_xcom_args_with_operators' retrieved from /home/codespace/.local/share/virtualenvs/airflow_sandbox-vp-HKq_L/lib/python3.10/site-packages/airflow/example_dags/example_xcomargs.py
[2024-02-14T09:07:45.422+0000] {logging_mixin.py:188} INFO - [2024-02-14T09:07:45.422+0000] {dag.py:3033} INFO - Sync 2 DAGs
[2024-02-14T09:07:45.535+0000] {logging_mixin.py:188} INFO - [2024-02-14T09:07:45.535+0000] {dag.py:3820} INFO - Setting next_dagrun for example_xcom_args to None, run_after=None
[2024-02-14T09:07:45.542+0000] {logging_mixin.py:188} INFO - [2024-02-14T09:07:45.542+0000] {dag.py:3820} INFO - Setting next_dagrun for example_xcom_args_with_operators to None, run_after=None
[2024-02-14T09:07:45.599+0000] {processor.py:183} INFO - Processing /home/codespace/.local/share/virtualenvs/airflow_sandbox-vp-HKq_L/lib/python3.10/site-packages/airflow/example_dags/example_xcomargs.py took 0.214 seconds
[2024-02-14T09:08:35.561+0000] {processor.py:161} INFO - Started process (PID=5164) to work on /home/codespace/.local/share/virtualenvs/airflow_sandbox-vp-HKq_L/lib/python3.10/site-packages/airflow/example_dags/example_xcomargs.py
[2024-02-14T09:08:35.561+0000] {processor.py:830} INFO - Processing file /home/codespace/.local/share/virtualenvs/airflow_sandbox-vp-HKq_L/lib/python3.10/site-packages/airflow/example_dags/example_xcomargs.py for tasks to queue
[2024-02-14T09:08:35.562+0000] {logging_mixin.py:188} INFO - [2024-02-14T09:08:35.562+0000] {dagbag.py:538} INFO - Filling up the DagBag from /home/codespace/.local/share/virtualenvs/airflow_sandbox-vp-HKq_L/lib/python3.10/site-packages/airflow/example_dags/example_xcomargs.py
[2024-02-14T09:08:35.569+0000] {processor.py:840} INFO - DAG(s) 'example_xcom_args', 'example_xcom_args_with_operators' retrieved from /home/codespace/.local/share/virtualenvs/airflow_sandbox-vp-HKq_L/lib/python3.10/site-packages/airflow/example_dags/example_xcomargs.py
[2024-02-14T09:08:35.583+0000] {logging_mixin.py:188} INFO - [2024-02-14T09:08:35.583+0000] {dag.py:3033} INFO - Sync 2 DAGs
[2024-02-14T09:08:35.591+0000] {logging_mixin.py:188} INFO - [2024-02-14T09:08:35.591+0000] {dag.py:3820} INFO - Setting next_dagrun for example_xcom_args to None, run_after=None
[2024-02-14T09:08:35.594+0000] {logging_mixin.py:188} INFO - [2024-02-14T09:08:35.594+0000] {dag.py:3820} INFO - Setting next_dagrun for example_xcom_args_with_operators to None, run_after=None
[2024-02-14T09:08:35.632+0000] {processor.py:183} INFO - Processing /home/codespace/.local/share/virtualenvs/airflow_sandbox-vp-HKq_L/lib/python3.10/site-packages/airflow/example_dags/example_xcomargs.py took 0.073 seconds
[2024-02-14T09:09:30.931+0000] {processor.py:161} INFO - Started process (PID=5991) to work on /home/codespace/.local/share/virtualenvs/airflow_sandbox-vp-HKq_L/lib/python3.10/site-packages/airflow/example_dags/example_xcomargs.py
[2024-02-14T09:09:30.932+0000] {processor.py:830} INFO - Processing file /home/codespace/.local/share/virtualenvs/airflow_sandbox-vp-HKq_L/lib/python3.10/site-packages/airflow/example_dags/example_xcomargs.py for tasks to queue
[2024-02-14T09:09:30.933+0000] {logging_mixin.py:188} INFO - [2024-02-14T09:09:30.932+0000] {dagbag.py:538} INFO - Filling up the DagBag from /home/codespace/.local/share/virtualenvs/airflow_sandbox-vp-HKq_L/lib/python3.10/site-packages/airflow/example_dags/example_xcomargs.py
[2024-02-14T09:09:30.939+0000] {processor.py:840} INFO - DAG(s) 'example_xcom_args_with_operators', 'example_xcom_args' retrieved from /home/codespace/.local/share/virtualenvs/airflow_sandbox-vp-HKq_L/lib/python3.10/site-packages/airflow/example_dags/example_xcomargs.py
[2024-02-14T09:09:30.953+0000] {logging_mixin.py:188} INFO - [2024-02-14T09:09:30.953+0000] {dag.py:3033} INFO - Sync 2 DAGs
[2024-02-14T09:09:30.963+0000] {logging_mixin.py:188} INFO - [2024-02-14T09:09:30.963+0000] {dag.py:3820} INFO - Setting next_dagrun for example_xcom_args to None, run_after=None
[2024-02-14T09:09:30.966+0000] {logging_mixin.py:188} INFO - [2024-02-14T09:09:30.966+0000] {dag.py:3820} INFO - Setting next_dagrun for example_xcom_args_with_operators to None, run_after=None
[2024-02-14T09:09:31.007+0000] {processor.py:183} INFO - Processing /home/codespace/.local/share/virtualenvs/airflow_sandbox-vp-HKq_L/lib/python3.10/site-packages/airflow/example_dags/example_xcomargs.py took 0.079 seconds
[2024-02-14T09:10:16.191+0000] {processor.py:161} INFO - Started process (PID=6605) to work on /home/codespace/.local/share/virtualenvs/airflow_sandbox-vp-HKq_L/lib/python3.10/site-packages/airflow/example_dags/example_xcomargs.py
[2024-02-14T09:10:16.192+0000] {processor.py:830} INFO - Processing file /home/codespace/.local/share/virtualenvs/airflow_sandbox-vp-HKq_L/lib/python3.10/site-packages/airflow/example_dags/example_xcomargs.py for tasks to queue
[2024-02-14T09:10:16.193+0000] {logging_mixin.py:188} INFO - [2024-02-14T09:10:16.192+0000] {dagbag.py:538} INFO - Filling up the DagBag from /home/codespace/.local/share/virtualenvs/airflow_sandbox-vp-HKq_L/lib/python3.10/site-packages/airflow/example_dags/example_xcomargs.py
[2024-02-14T09:10:16.201+0000] {processor.py:840} INFO - DAG(s) 'example_xcom_args', 'example_xcom_args_with_operators' retrieved from /home/codespace/.local/share/virtualenvs/airflow_sandbox-vp-HKq_L/lib/python3.10/site-packages/airflow/example_dags/example_xcomargs.py
[2024-02-14T09:10:16.215+0000] {logging_mixin.py:188} INFO - [2024-02-14T09:10:16.215+0000] {dag.py:3033} INFO - Sync 2 DAGs
[2024-02-14T09:10:16.224+0000] {logging_mixin.py:188} INFO - [2024-02-14T09:10:16.224+0000] {dag.py:3820} INFO - Setting next_dagrun for example_xcom_args to None, run_after=None
[2024-02-14T09:10:16.227+0000] {logging_mixin.py:188} INFO - [2024-02-14T09:10:16.226+0000] {dag.py:3820} INFO - Setting next_dagrun for example_xcom_args_with_operators to None, run_after=None
[2024-02-14T09:10:16.268+0000] {processor.py:183} INFO - Processing /home/codespace/.local/share/virtualenvs/airflow_sandbox-vp-HKq_L/lib/python3.10/site-packages/airflow/example_dags/example_xcomargs.py took 0.081 seconds
[2024-02-14T09:10:55.693+0000] {processor.py:161} INFO - Started process (PID=7023) to work on /home/codespace/.local/share/virtualenvs/airflow_sandbox-vp-HKq_L/lib/python3.10/site-packages/airflow/example_dags/example_xcomargs.py
[2024-02-14T09:10:55.694+0000] {processor.py:830} INFO - Processing file /home/codespace/.local/share/virtualenvs/airflow_sandbox-vp-HKq_L/lib/python3.10/site-packages/airflow/example_dags/example_xcomargs.py for tasks to queue
[2024-02-14T09:10:55.694+0000] {logging_mixin.py:188} INFO - [2024-02-14T09:10:55.694+0000] {dagbag.py:538} INFO - Filling up the DagBag from /home/codespace/.local/share/virtualenvs/airflow_sandbox-vp-HKq_L/lib/python3.10/site-packages/airflow/example_dags/example_xcomargs.py
[2024-02-14T09:10:55.701+0000] {processor.py:840} INFO - DAG(s) 'example_xcom_args_with_operators', 'example_xcom_args' retrieved from /home/codespace/.local/share/virtualenvs/airflow_sandbox-vp-HKq_L/lib/python3.10/site-packages/airflow/example_dags/example_xcomargs.py
[2024-02-14T09:10:55.716+0000] {logging_mixin.py:188} INFO - [2024-02-14T09:10:55.716+0000] {dag.py:3033} INFO - Sync 2 DAGs
[2024-02-14T09:10:55.725+0000] {logging_mixin.py:188} INFO - [2024-02-14T09:10:55.725+0000] {dag.py:3820} INFO - Setting next_dagrun for example_xcom_args to None, run_after=None
[2024-02-14T09:10:55.728+0000] {logging_mixin.py:188} INFO - [2024-02-14T09:10:55.728+0000] {dag.py:3820} INFO - Setting next_dagrun for example_xcom_args_with_operators to None, run_after=None
[2024-02-14T09:10:55.775+0000] {processor.py:183} INFO - Processing /home/codespace/.local/share/virtualenvs/airflow_sandbox-vp-HKq_L/lib/python3.10/site-packages/airflow/example_dags/example_xcomargs.py took 0.084 seconds
[2024-02-14T09:11:33.557+0000] {processor.py:161} INFO - Started process (PID=7526) to work on /home/codespace/.local/share/virtualenvs/airflow_sandbox-vp-HKq_L/lib/python3.10/site-packages/airflow/example_dags/example_xcomargs.py
[2024-02-14T09:11:33.557+0000] {processor.py:830} INFO - Processing file /home/codespace/.local/share/virtualenvs/airflow_sandbox-vp-HKq_L/lib/python3.10/site-packages/airflow/example_dags/example_xcomargs.py for tasks to queue
[2024-02-14T09:11:33.558+0000] {logging_mixin.py:188} INFO - [2024-02-14T09:11:33.558+0000] {dagbag.py:538} INFO - Filling up the DagBag from /home/codespace/.local/share/virtualenvs/airflow_sandbox-vp-HKq_L/lib/python3.10/site-packages/airflow/example_dags/example_xcomargs.py
[2024-02-14T09:11:33.567+0000] {processor.py:840} INFO - DAG(s) 'example_xcom_args', 'example_xcom_args_with_operators' retrieved from /home/codespace/.local/share/virtualenvs/airflow_sandbox-vp-HKq_L/lib/python3.10/site-packages/airflow/example_dags/example_xcomargs.py
[2024-02-14T09:11:33.582+0000] {logging_mixin.py:188} INFO - [2024-02-14T09:11:33.582+0000] {dag.py:3033} INFO - Sync 2 DAGs
[2024-02-14T09:11:33.593+0000] {logging_mixin.py:188} INFO - [2024-02-14T09:11:33.593+0000] {dag.py:3820} INFO - Setting next_dagrun for example_xcom_args to None, run_after=None
[2024-02-14T09:11:33.597+0000] {logging_mixin.py:188} INFO - [2024-02-14T09:11:33.597+0000] {dag.py:3820} INFO - Setting next_dagrun for example_xcom_args_with_operators to None, run_after=None
[2024-02-14T09:11:33.636+0000] {processor.py:183} INFO - Processing /home/codespace/.local/share/virtualenvs/airflow_sandbox-vp-HKq_L/lib/python3.10/site-packages/airflow/example_dags/example_xcomargs.py took 0.082 seconds
[2024-02-14T09:12:10.530+0000] {processor.py:161} INFO - Started process (PID=7965) to work on /home/codespace/.local/share/virtualenvs/airflow_sandbox-vp-HKq_L/lib/python3.10/site-packages/airflow/example_dags/example_xcomargs.py
[2024-02-14T09:12:10.531+0000] {processor.py:830} INFO - Processing file /home/codespace/.local/share/virtualenvs/airflow_sandbox-vp-HKq_L/lib/python3.10/site-packages/airflow/example_dags/example_xcomargs.py for tasks to queue
[2024-02-14T09:12:10.531+0000] {logging_mixin.py:188} INFO - [2024-02-14T09:12:10.531+0000] {dagbag.py:538} INFO - Filling up the DagBag from /home/codespace/.local/share/virtualenvs/airflow_sandbox-vp-HKq_L/lib/python3.10/site-packages/airflow/example_dags/example_xcomargs.py
[2024-02-14T09:12:10.538+0000] {processor.py:840} INFO - DAG(s) 'example_xcom_args_with_operators', 'example_xcom_args' retrieved from /home/codespace/.local/share/virtualenvs/airflow_sandbox-vp-HKq_L/lib/python3.10/site-packages/airflow/example_dags/example_xcomargs.py
[2024-02-14T09:12:10.553+0000] {logging_mixin.py:188} INFO - [2024-02-14T09:12:10.553+0000] {dag.py:3033} INFO - Sync 2 DAGs
[2024-02-14T09:12:10.563+0000] {logging_mixin.py:188} INFO - [2024-02-14T09:12:10.563+0000] {dag.py:3820} INFO - Setting next_dagrun for example_xcom_args to None, run_after=None
[2024-02-14T09:12:10.566+0000] {logging_mixin.py:188} INFO - [2024-02-14T09:12:10.566+0000] {dag.py:3820} INFO - Setting next_dagrun for example_xcom_args_with_operators to None, run_after=None
[2024-02-14T09:12:10.615+0000] {processor.py:183} INFO - Processing /home/codespace/.local/share/virtualenvs/airflow_sandbox-vp-HKq_L/lib/python3.10/site-packages/airflow/example_dags/example_xcomargs.py took 0.088 seconds
[2024-02-14T09:13:04.681+0000] {processor.py:161} INFO - Started process (PID=8434) to work on /home/codespace/.local/share/virtualenvs/airflow_sandbox-vp-HKq_L/lib/python3.10/site-packages/airflow/example_dags/example_xcomargs.py
[2024-02-14T09:13:04.681+0000] {processor.py:830} INFO - Processing file /home/codespace/.local/share/virtualenvs/airflow_sandbox-vp-HKq_L/lib/python3.10/site-packages/airflow/example_dags/example_xcomargs.py for tasks to queue
[2024-02-14T09:13:04.682+0000] {logging_mixin.py:188} INFO - [2024-02-14T09:13:04.682+0000] {dagbag.py:538} INFO - Filling up the DagBag from /home/codespace/.local/share/virtualenvs/airflow_sandbox-vp-HKq_L/lib/python3.10/site-packages/airflow/example_dags/example_xcomargs.py
[2024-02-14T09:13:04.690+0000] {processor.py:840} INFO - DAG(s) 'example_xcom_args_with_operators', 'example_xcom_args' retrieved from /home/codespace/.local/share/virtualenvs/airflow_sandbox-vp-HKq_L/lib/python3.10/site-packages/airflow/example_dags/example_xcomargs.py
[2024-02-14T09:13:04.705+0000] {logging_mixin.py:188} INFO - [2024-02-14T09:13:04.705+0000] {dag.py:3033} INFO - Sync 2 DAGs
[2024-02-14T09:13:04.714+0000] {logging_mixin.py:188} INFO - [2024-02-14T09:13:04.714+0000] {dag.py:3820} INFO - Setting next_dagrun for example_xcom_args to None, run_after=None
[2024-02-14T09:13:04.717+0000] {logging_mixin.py:188} INFO - [2024-02-14T09:13:04.717+0000] {dag.py:3820} INFO - Setting next_dagrun for example_xcom_args_with_operators to None, run_after=None
[2024-02-14T09:13:04.758+0000] {processor.py:183} INFO - Processing /home/codespace/.local/share/virtualenvs/airflow_sandbox-vp-HKq_L/lib/python3.10/site-packages/airflow/example_dags/example_xcomargs.py took 0.079 seconds
[2024-02-14T09:13:41.031+0000] {processor.py:161} INFO - Started process (PID=8692) to work on /home/codespace/.local/share/virtualenvs/airflow_sandbox-vp-HKq_L/lib/python3.10/site-packages/airflow/example_dags/example_xcomargs.py
[2024-02-14T09:13:41.032+0000] {processor.py:830} INFO - Processing file /home/codespace/.local/share/virtualenvs/airflow_sandbox-vp-HKq_L/lib/python3.10/site-packages/airflow/example_dags/example_xcomargs.py for tasks to queue
[2024-02-14T09:13:41.033+0000] {logging_mixin.py:188} INFO - [2024-02-14T09:13:41.032+0000] {dagbag.py:538} INFO - Filling up the DagBag from /home/codespace/.local/share/virtualenvs/airflow_sandbox-vp-HKq_L/lib/python3.10/site-packages/airflow/example_dags/example_xcomargs.py
[2024-02-14T09:13:41.040+0000] {processor.py:840} INFO - DAG(s) 'example_xcom_args_with_operators', 'example_xcom_args' retrieved from /home/codespace/.local/share/virtualenvs/airflow_sandbox-vp-HKq_L/lib/python3.10/site-packages/airflow/example_dags/example_xcomargs.py
[2024-02-14T09:13:41.054+0000] {logging_mixin.py:188} INFO - [2024-02-14T09:13:41.054+0000] {dag.py:3033} INFO - Sync 2 DAGs
[2024-02-14T09:13:41.063+0000] {logging_mixin.py:188} INFO - [2024-02-14T09:13:41.063+0000] {dag.py:3820} INFO - Setting next_dagrun for example_xcom_args to None, run_after=None
[2024-02-14T09:13:41.066+0000] {logging_mixin.py:188} INFO - [2024-02-14T09:13:41.066+0000] {dag.py:3820} INFO - Setting next_dagrun for example_xcom_args_with_operators to None, run_after=None
[2024-02-14T09:13:41.105+0000] {processor.py:183} INFO - Processing /home/codespace/.local/share/virtualenvs/airflow_sandbox-vp-HKq_L/lib/python3.10/site-packages/airflow/example_dags/example_xcomargs.py took 0.076 seconds
[2024-02-14T09:14:32.936+0000] {processor.py:161} INFO - Started process (PID=9125) to work on /home/codespace/.local/share/virtualenvs/airflow_sandbox-vp-HKq_L/lib/python3.10/site-packages/airflow/example_dags/example_xcomargs.py
[2024-02-14T09:14:32.937+0000] {processor.py:830} INFO - Processing file /home/codespace/.local/share/virtualenvs/airflow_sandbox-vp-HKq_L/lib/python3.10/site-packages/airflow/example_dags/example_xcomargs.py for tasks to queue
[2024-02-14T09:14:32.938+0000] {logging_mixin.py:188} INFO - [2024-02-14T09:14:32.937+0000] {dagbag.py:538} INFO - Filling up the DagBag from /home/codespace/.local/share/virtualenvs/airflow_sandbox-vp-HKq_L/lib/python3.10/site-packages/airflow/example_dags/example_xcomargs.py
[2024-02-14T09:14:32.944+0000] {processor.py:840} INFO - DAG(s) 'example_xcom_args', 'example_xcom_args_with_operators' retrieved from /home/codespace/.local/share/virtualenvs/airflow_sandbox-vp-HKq_L/lib/python3.10/site-packages/airflow/example_dags/example_xcomargs.py
[2024-02-14T09:14:32.958+0000] {logging_mixin.py:188} INFO - [2024-02-14T09:14:32.958+0000] {dag.py:3033} INFO - Sync 2 DAGs
[2024-02-14T09:14:32.967+0000] {logging_mixin.py:188} INFO - [2024-02-14T09:14:32.967+0000] {dag.py:3820} INFO - Setting next_dagrun for example_xcom_args to None, run_after=None
[2024-02-14T09:14:32.970+0000] {logging_mixin.py:188} INFO - [2024-02-14T09:14:32.970+0000] {dag.py:3820} INFO - Setting next_dagrun for example_xcom_args_with_operators to None, run_after=None
[2024-02-14T09:14:33.010+0000] {processor.py:183} INFO - Processing /home/codespace/.local/share/virtualenvs/airflow_sandbox-vp-HKq_L/lib/python3.10/site-packages/airflow/example_dags/example_xcomargs.py took 0.076 seconds
[2024-02-14T09:15:26.664+0000] {processor.py:161} INFO - Started process (PID=9490) to work on /home/codespace/.local/share/virtualenvs/airflow_sandbox-vp-HKq_L/lib/python3.10/site-packages/airflow/example_dags/example_xcomargs.py
[2024-02-14T09:15:26.666+0000] {processor.py:830} INFO - Processing file /home/codespace/.local/share/virtualenvs/airflow_sandbox-vp-HKq_L/lib/python3.10/site-packages/airflow/example_dags/example_xcomargs.py for tasks to queue
[2024-02-14T09:15:26.668+0000] {logging_mixin.py:188} INFO - [2024-02-14T09:15:26.667+0000] {dagbag.py:538} INFO - Filling up the DagBag from /home/codespace/.local/share/virtualenvs/airflow_sandbox-vp-HKq_L/lib/python3.10/site-packages/airflow/example_dags/example_xcomargs.py
[2024-02-14T09:15:26.674+0000] {processor.py:840} INFO - DAG(s) 'example_xcom_args_with_operators', 'example_xcom_args' retrieved from /home/codespace/.local/share/virtualenvs/airflow_sandbox-vp-HKq_L/lib/python3.10/site-packages/airflow/example_dags/example_xcomargs.py
[2024-02-14T09:15:26.689+0000] {logging_mixin.py:188} INFO - [2024-02-14T09:15:26.689+0000] {dag.py:3033} INFO - Sync 2 DAGs
[2024-02-14T09:15:26.699+0000] {logging_mixin.py:188} INFO - [2024-02-14T09:15:26.699+0000] {dag.py:3820} INFO - Setting next_dagrun for example_xcom_args to None, run_after=None
[2024-02-14T09:15:26.702+0000] {logging_mixin.py:188} INFO - [2024-02-14T09:15:26.701+0000] {dag.py:3820} INFO - Setting next_dagrun for example_xcom_args_with_operators to None, run_after=None
[2024-02-14T09:15:26.741+0000] {processor.py:183} INFO - Processing /home/codespace/.local/share/virtualenvs/airflow_sandbox-vp-HKq_L/lib/python3.10/site-packages/airflow/example_dags/example_xcomargs.py took 0.079 seconds
[2024-02-14T09:16:17.265+0000] {processor.py:161} INFO - Started process (PID=9851) to work on /home/codespace/.local/share/virtualenvs/airflow_sandbox-vp-HKq_L/lib/python3.10/site-packages/airflow/example_dags/example_xcomargs.py
[2024-02-14T09:16:17.265+0000] {processor.py:830} INFO - Processing file /home/codespace/.local/share/virtualenvs/airflow_sandbox-vp-HKq_L/lib/python3.10/site-packages/airflow/example_dags/example_xcomargs.py for tasks to queue
[2024-02-14T09:16:17.266+0000] {logging_mixin.py:188} INFO - [2024-02-14T09:16:17.266+0000] {dagbag.py:538} INFO - Filling up the DagBag from /home/codespace/.local/share/virtualenvs/airflow_sandbox-vp-HKq_L/lib/python3.10/site-packages/airflow/example_dags/example_xcomargs.py
[2024-02-14T09:16:17.273+0000] {processor.py:840} INFO - DAG(s) 'example_xcom_args', 'example_xcom_args_with_operators' retrieved from /home/codespace/.local/share/virtualenvs/airflow_sandbox-vp-HKq_L/lib/python3.10/site-packages/airflow/example_dags/example_xcomargs.py
[2024-02-14T09:16:17.287+0000] {logging_mixin.py:188} INFO - [2024-02-14T09:16:17.287+0000] {dag.py:3033} INFO - Sync 2 DAGs
[2024-02-14T09:16:17.297+0000] {logging_mixin.py:188} INFO - [2024-02-14T09:16:17.296+0000] {dag.py:3820} INFO - Setting next_dagrun for example_xcom_args to None, run_after=None
[2024-02-14T09:16:17.299+0000] {logging_mixin.py:188} INFO - [2024-02-14T09:16:17.299+0000] {dag.py:3820} INFO - Setting next_dagrun for example_xcom_args_with_operators to None, run_after=None
[2024-02-14T09:16:17.339+0000] {processor.py:183} INFO - Processing /home/codespace/.local/share/virtualenvs/airflow_sandbox-vp-HKq_L/lib/python3.10/site-packages/airflow/example_dags/example_xcomargs.py took 0.077 seconds
[2024-02-14T09:16:54.173+0000] {processor.py:161} INFO - Started process (PID=10123) to work on /home/codespace/.local/share/virtualenvs/airflow_sandbox-vp-HKq_L/lib/python3.10/site-packages/airflow/example_dags/example_xcomargs.py
[2024-02-14T09:16:54.174+0000] {processor.py:830} INFO - Processing file /home/codespace/.local/share/virtualenvs/airflow_sandbox-vp-HKq_L/lib/python3.10/site-packages/airflow/example_dags/example_xcomargs.py for tasks to queue
[2024-02-14T09:16:54.175+0000] {logging_mixin.py:188} INFO - [2024-02-14T09:16:54.175+0000] {dagbag.py:538} INFO - Filling up the DagBag from /home/codespace/.local/share/virtualenvs/airflow_sandbox-vp-HKq_L/lib/python3.10/site-packages/airflow/example_dags/example_xcomargs.py
[2024-02-14T09:16:54.182+0000] {processor.py:840} INFO - DAG(s) 'example_xcom_args_with_operators', 'example_xcom_args' retrieved from /home/codespace/.local/share/virtualenvs/airflow_sandbox-vp-HKq_L/lib/python3.10/site-packages/airflow/example_dags/example_xcomargs.py
[2024-02-14T09:16:54.196+0000] {logging_mixin.py:188} INFO - [2024-02-14T09:16:54.196+0000] {dag.py:3033} INFO - Sync 2 DAGs
[2024-02-14T09:16:54.205+0000] {logging_mixin.py:188} INFO - [2024-02-14T09:16:54.205+0000] {dag.py:3820} INFO - Setting next_dagrun for example_xcom_args to None, run_after=None
[2024-02-14T09:16:54.208+0000] {logging_mixin.py:188} INFO - [2024-02-14T09:16:54.208+0000] {dag.py:3820} INFO - Setting next_dagrun for example_xcom_args_with_operators to None, run_after=None
[2024-02-14T09:16:54.249+0000] {processor.py:183} INFO - Processing /home/codespace/.local/share/virtualenvs/airflow_sandbox-vp-HKq_L/lib/python3.10/site-packages/airflow/example_dags/example_xcomargs.py took 0.078 seconds
[2024-02-14T09:17:30.404+0000] {processor.py:161} INFO - Started process (PID=10371) to work on /home/codespace/.local/share/virtualenvs/airflow_sandbox-vp-HKq_L/lib/python3.10/site-packages/airflow/example_dags/example_xcomargs.py
[2024-02-14T09:17:30.405+0000] {processor.py:830} INFO - Processing file /home/codespace/.local/share/virtualenvs/airflow_sandbox-vp-HKq_L/lib/python3.10/site-packages/airflow/example_dags/example_xcomargs.py for tasks to queue
[2024-02-14T09:17:30.406+0000] {logging_mixin.py:188} INFO - [2024-02-14T09:17:30.405+0000] {dagbag.py:538} INFO - Filling up the DagBag from /home/codespace/.local/share/virtualenvs/airflow_sandbox-vp-HKq_L/lib/python3.10/site-packages/airflow/example_dags/example_xcomargs.py
[2024-02-14T09:17:30.412+0000] {processor.py:840} INFO - DAG(s) 'example_xcom_args', 'example_xcom_args_with_operators' retrieved from /home/codespace/.local/share/virtualenvs/airflow_sandbox-vp-HKq_L/lib/python3.10/site-packages/airflow/example_dags/example_xcomargs.py
[2024-02-14T09:17:30.426+0000] {logging_mixin.py:188} INFO - [2024-02-14T09:17:30.426+0000] {dag.py:3033} INFO - Sync 2 DAGs
[2024-02-14T09:17:30.435+0000] {logging_mixin.py:188} INFO - [2024-02-14T09:17:30.435+0000] {dag.py:3820} INFO - Setting next_dagrun for example_xcom_args to None, run_after=None
[2024-02-14T09:17:30.438+0000] {logging_mixin.py:188} INFO - [2024-02-14T09:17:30.438+0000] {dag.py:3820} INFO - Setting next_dagrun for example_xcom_args_with_operators to None, run_after=None
[2024-02-14T09:17:30.477+0000] {processor.py:183} INFO - Processing /home/codespace/.local/share/virtualenvs/airflow_sandbox-vp-HKq_L/lib/python3.10/site-packages/airflow/example_dags/example_xcomargs.py took 0.075 seconds
[2024-02-14T09:18:21.589+0000] {processor.py:161} INFO - Started process (PID=10769) to work on /home/codespace/.local/share/virtualenvs/airflow_sandbox-vp-HKq_L/lib/python3.10/site-packages/airflow/example_dags/example_xcomargs.py
[2024-02-14T09:18:21.590+0000] {processor.py:830} INFO - Processing file /home/codespace/.local/share/virtualenvs/airflow_sandbox-vp-HKq_L/lib/python3.10/site-packages/airflow/example_dags/example_xcomargs.py for tasks to queue
[2024-02-14T09:18:21.590+0000] {logging_mixin.py:188} INFO - [2024-02-14T09:18:21.590+0000] {dagbag.py:538} INFO - Filling up the DagBag from /home/codespace/.local/share/virtualenvs/airflow_sandbox-vp-HKq_L/lib/python3.10/site-packages/airflow/example_dags/example_xcomargs.py
[2024-02-14T09:18:21.598+0000] {processor.py:840} INFO - DAG(s) 'example_xcom_args', 'example_xcom_args_with_operators' retrieved from /home/codespace/.local/share/virtualenvs/airflow_sandbox-vp-HKq_L/lib/python3.10/site-packages/airflow/example_dags/example_xcomargs.py
[2024-02-14T09:18:21.612+0000] {logging_mixin.py:188} INFO - [2024-02-14T09:18:21.612+0000] {dag.py:3033} INFO - Sync 2 DAGs
[2024-02-14T09:18:21.621+0000] {logging_mixin.py:188} INFO - [2024-02-14T09:18:21.621+0000] {dag.py:3820} INFO - Setting next_dagrun for example_xcom_args to None, run_after=None
[2024-02-14T09:18:21.624+0000] {logging_mixin.py:188} INFO - [2024-02-14T09:18:21.624+0000] {dag.py:3820} INFO - Setting next_dagrun for example_xcom_args_with_operators to None, run_after=None
[2024-02-14T09:18:21.665+0000] {processor.py:183} INFO - Processing /home/codespace/.local/share/virtualenvs/airflow_sandbox-vp-HKq_L/lib/python3.10/site-packages/airflow/example_dags/example_xcomargs.py took 0.079 seconds
[2024-02-14T09:19:15.042+0000] {processor.py:161} INFO - Started process (PID=11164) to work on /home/codespace/.local/share/virtualenvs/airflow_sandbox-vp-HKq_L/lib/python3.10/site-packages/airflow/example_dags/example_xcomargs.py
[2024-02-14T09:19:15.043+0000] {processor.py:830} INFO - Processing file /home/codespace/.local/share/virtualenvs/airflow_sandbox-vp-HKq_L/lib/python3.10/site-packages/airflow/example_dags/example_xcomargs.py for tasks to queue
[2024-02-14T09:19:15.043+0000] {logging_mixin.py:188} INFO - [2024-02-14T09:19:15.043+0000] {dagbag.py:538} INFO - Filling up the DagBag from /home/codespace/.local/share/virtualenvs/airflow_sandbox-vp-HKq_L/lib/python3.10/site-packages/airflow/example_dags/example_xcomargs.py
[2024-02-14T09:19:15.050+0000] {processor.py:840} INFO - DAG(s) 'example_xcom_args_with_operators', 'example_xcom_args' retrieved from /home/codespace/.local/share/virtualenvs/airflow_sandbox-vp-HKq_L/lib/python3.10/site-packages/airflow/example_dags/example_xcomargs.py
[2024-02-14T09:19:15.063+0000] {logging_mixin.py:188} INFO - [2024-02-14T09:19:15.063+0000] {dag.py:3033} INFO - Sync 2 DAGs
[2024-02-14T09:19:15.072+0000] {logging_mixin.py:188} INFO - [2024-02-14T09:19:15.072+0000] {dag.py:3820} INFO - Setting next_dagrun for example_xcom_args to None, run_after=None
[2024-02-14T09:19:15.075+0000] {logging_mixin.py:188} INFO - [2024-02-14T09:19:15.075+0000] {dag.py:3820} INFO - Setting next_dagrun for example_xcom_args_with_operators to None, run_after=None
[2024-02-14T09:19:15.113+0000] {processor.py:183} INFO - Processing /home/codespace/.local/share/virtualenvs/airflow_sandbox-vp-HKq_L/lib/python3.10/site-packages/airflow/example_dags/example_xcomargs.py took 0.073 seconds
[2024-02-14T09:20:08.734+0000] {processor.py:161} INFO - Started process (PID=11553) to work on /home/codespace/.local/share/virtualenvs/airflow_sandbox-vp-HKq_L/lib/python3.10/site-packages/airflow/example_dags/example_xcomargs.py
[2024-02-14T09:20:08.734+0000] {processor.py:830} INFO - Processing file /home/codespace/.local/share/virtualenvs/airflow_sandbox-vp-HKq_L/lib/python3.10/site-packages/airflow/example_dags/example_xcomargs.py for tasks to queue
[2024-02-14T09:20:08.735+0000] {logging_mixin.py:188} INFO - [2024-02-14T09:20:08.735+0000] {dagbag.py:538} INFO - Filling up the DagBag from /home/codespace/.local/share/virtualenvs/airflow_sandbox-vp-HKq_L/lib/python3.10/site-packages/airflow/example_dags/example_xcomargs.py
[2024-02-14T09:20:08.742+0000] {processor.py:840} INFO - DAG(s) 'example_xcom_args_with_operators', 'example_xcom_args' retrieved from /home/codespace/.local/share/virtualenvs/airflow_sandbox-vp-HKq_L/lib/python3.10/site-packages/airflow/example_dags/example_xcomargs.py
[2024-02-14T09:20:08.756+0000] {logging_mixin.py:188} INFO - [2024-02-14T09:20:08.756+0000] {dag.py:3033} INFO - Sync 2 DAGs
[2024-02-14T09:20:08.765+0000] {logging_mixin.py:188} INFO - [2024-02-14T09:20:08.764+0000] {dag.py:3820} INFO - Setting next_dagrun for example_xcom_args to None, run_after=None
[2024-02-14T09:20:08.767+0000] {logging_mixin.py:188} INFO - [2024-02-14T09:20:08.767+0000] {dag.py:3820} INFO - Setting next_dagrun for example_xcom_args_with_operators to None, run_after=None
[2024-02-14T09:20:08.816+0000] {processor.py:183} INFO - Processing /home/codespace/.local/share/virtualenvs/airflow_sandbox-vp-HKq_L/lib/python3.10/site-packages/airflow/example_dags/example_xcomargs.py took 0.085 seconds
[2024-02-14T09:20:58.958+0000] {processor.py:161} INFO - Started process (PID=12396) to work on /home/codespace/.local/share/virtualenvs/airflow_sandbox-vp-HKq_L/lib/python3.10/site-packages/airflow/example_dags/example_xcomargs.py
[2024-02-14T09:20:58.959+0000] {processor.py:830} INFO - Processing file /home/codespace/.local/share/virtualenvs/airflow_sandbox-vp-HKq_L/lib/python3.10/site-packages/airflow/example_dags/example_xcomargs.py for tasks to queue
[2024-02-14T09:20:58.960+0000] {logging_mixin.py:188} INFO - [2024-02-14T09:20:58.959+0000] {dagbag.py:538} INFO - Filling up the DagBag from /home/codespace/.local/share/virtualenvs/airflow_sandbox-vp-HKq_L/lib/python3.10/site-packages/airflow/example_dags/example_xcomargs.py
[2024-02-14T09:20:58.966+0000] {processor.py:840} INFO - DAG(s) 'example_xcom_args_with_operators', 'example_xcom_args' retrieved from /home/codespace/.local/share/virtualenvs/airflow_sandbox-vp-HKq_L/lib/python3.10/site-packages/airflow/example_dags/example_xcomargs.py
[2024-02-14T09:20:58.987+0000] {logging_mixin.py:188} INFO - [2024-02-14T09:20:58.987+0000] {dag.py:3033} INFO - Sync 2 DAGs
[2024-02-14T09:20:59.002+0000] {logging_mixin.py:188} INFO - [2024-02-14T09:20:59.001+0000] {dag.py:3820} INFO - Setting next_dagrun for example_xcom_args to None, run_after=None
[2024-02-14T09:20:59.006+0000] {logging_mixin.py:188} INFO - [2024-02-14T09:20:59.006+0000] {dag.py:3820} INFO - Setting next_dagrun for example_xcom_args_with_operators to None, run_after=None
[2024-02-14T09:20:59.057+0000] {processor.py:183} INFO - Processing /home/codespace/.local/share/virtualenvs/airflow_sandbox-vp-HKq_L/lib/python3.10/site-packages/airflow/example_dags/example_xcomargs.py took 0.101 seconds
[2024-02-14T09:21:35.209+0000] {processor.py:161} INFO - Started process (PID=12641) to work on /home/codespace/.local/share/virtualenvs/airflow_sandbox-vp-HKq_L/lib/python3.10/site-packages/airflow/example_dags/example_xcomargs.py
[2024-02-14T09:21:35.210+0000] {processor.py:830} INFO - Processing file /home/codespace/.local/share/virtualenvs/airflow_sandbox-vp-HKq_L/lib/python3.10/site-packages/airflow/example_dags/example_xcomargs.py for tasks to queue
[2024-02-14T09:21:35.210+0000] {logging_mixin.py:188} INFO - [2024-02-14T09:21:35.210+0000] {dagbag.py:538} INFO - Filling up the DagBag from /home/codespace/.local/share/virtualenvs/airflow_sandbox-vp-HKq_L/lib/python3.10/site-packages/airflow/example_dags/example_xcomargs.py
[2024-02-14T09:21:35.217+0000] {processor.py:840} INFO - DAG(s) 'example_xcom_args', 'example_xcom_args_with_operators' retrieved from /home/codespace/.local/share/virtualenvs/airflow_sandbox-vp-HKq_L/lib/python3.10/site-packages/airflow/example_dags/example_xcomargs.py
[2024-02-14T09:21:35.232+0000] {logging_mixin.py:188} INFO - [2024-02-14T09:21:35.231+0000] {dag.py:3033} INFO - Sync 2 DAGs
[2024-02-14T09:21:35.241+0000] {logging_mixin.py:188} INFO - [2024-02-14T09:21:35.241+0000] {dag.py:3820} INFO - Setting next_dagrun for example_xcom_args to None, run_after=None
[2024-02-14T09:21:35.243+0000] {logging_mixin.py:188} INFO - [2024-02-14T09:21:35.243+0000] {dag.py:3820} INFO - Setting next_dagrun for example_xcom_args_with_operators to None, run_after=None
[2024-02-14T09:21:35.283+0000] {processor.py:183} INFO - Processing /home/codespace/.local/share/virtualenvs/airflow_sandbox-vp-HKq_L/lib/python3.10/site-packages/airflow/example_dags/example_xcomargs.py took 0.077 seconds
[2024-02-14T09:22:13.152+0000] {processor.py:161} INFO - Started process (PID=12925) to work on /home/codespace/.local/share/virtualenvs/airflow_sandbox-vp-HKq_L/lib/python3.10/site-packages/airflow/example_dags/example_xcomargs.py
[2024-02-14T09:22:13.153+0000] {processor.py:830} INFO - Processing file /home/codespace/.local/share/virtualenvs/airflow_sandbox-vp-HKq_L/lib/python3.10/site-packages/airflow/example_dags/example_xcomargs.py for tasks to queue
[2024-02-14T09:22:13.154+0000] {logging_mixin.py:188} INFO - [2024-02-14T09:22:13.154+0000] {dagbag.py:538} INFO - Filling up the DagBag from /home/codespace/.local/share/virtualenvs/airflow_sandbox-vp-HKq_L/lib/python3.10/site-packages/airflow/example_dags/example_xcomargs.py
[2024-02-14T09:22:13.162+0000] {processor.py:840} INFO - DAG(s) 'example_xcom_args_with_operators', 'example_xcom_args' retrieved from /home/codespace/.local/share/virtualenvs/airflow_sandbox-vp-HKq_L/lib/python3.10/site-packages/airflow/example_dags/example_xcomargs.py
[2024-02-14T09:22:13.177+0000] {logging_mixin.py:188} INFO - [2024-02-14T09:22:13.177+0000] {dag.py:3033} INFO - Sync 2 DAGs
[2024-02-14T09:22:13.186+0000] {logging_mixin.py:188} INFO - [2024-02-14T09:22:13.186+0000] {dag.py:3820} INFO - Setting next_dagrun for example_xcom_args to None, run_after=None
[2024-02-14T09:22:13.189+0000] {logging_mixin.py:188} INFO - [2024-02-14T09:22:13.188+0000] {dag.py:3820} INFO - Setting next_dagrun for example_xcom_args_with_operators to None, run_after=None
[2024-02-14T09:22:13.233+0000] {processor.py:183} INFO - Processing /home/codespace/.local/share/virtualenvs/airflow_sandbox-vp-HKq_L/lib/python3.10/site-packages/airflow/example_dags/example_xcomargs.py took 0.083 seconds
[2024-02-14T09:22:52.068+0000] {processor.py:161} INFO - Started process (PID=13224) to work on /home/codespace/.local/share/virtualenvs/airflow_sandbox-vp-HKq_L/lib/python3.10/site-packages/airflow/example_dags/example_xcomargs.py
[2024-02-14T09:22:52.069+0000] {processor.py:830} INFO - Processing file /home/codespace/.local/share/virtualenvs/airflow_sandbox-vp-HKq_L/lib/python3.10/site-packages/airflow/example_dags/example_xcomargs.py for tasks to queue
[2024-02-14T09:22:52.070+0000] {logging_mixin.py:188} INFO - [2024-02-14T09:22:52.069+0000] {dagbag.py:538} INFO - Filling up the DagBag from /home/codespace/.local/share/virtualenvs/airflow_sandbox-vp-HKq_L/lib/python3.10/site-packages/airflow/example_dags/example_xcomargs.py
[2024-02-14T09:22:52.080+0000] {processor.py:840} INFO - DAG(s) 'example_xcom_args', 'example_xcom_args_with_operators' retrieved from /home/codespace/.local/share/virtualenvs/airflow_sandbox-vp-HKq_L/lib/python3.10/site-packages/airflow/example_dags/example_xcomargs.py
[2024-02-14T09:22:52.102+0000] {logging_mixin.py:188} INFO - [2024-02-14T09:22:52.101+0000] {dag.py:3033} INFO - Sync 2 DAGs
[2024-02-14T09:22:52.114+0000] {logging_mixin.py:188} INFO - [2024-02-14T09:22:52.114+0000] {dag.py:3820} INFO - Setting next_dagrun for example_xcom_args to None, run_after=None
[2024-02-14T09:22:52.117+0000] {logging_mixin.py:188} INFO - [2024-02-14T09:22:52.117+0000] {dag.py:3820} INFO - Setting next_dagrun for example_xcom_args_with_operators to None, run_after=None
[2024-02-14T09:22:52.165+0000] {processor.py:183} INFO - Processing /home/codespace/.local/share/virtualenvs/airflow_sandbox-vp-HKq_L/lib/python3.10/site-packages/airflow/example_dags/example_xcomargs.py took 0.100 seconds
[2024-02-14T09:23:30.197+0000] {processor.py:161} INFO - Started process (PID=13491) to work on /home/codespace/.local/share/virtualenvs/airflow_sandbox-vp-HKq_L/lib/python3.10/site-packages/airflow/example_dags/example_xcomargs.py
[2024-02-14T09:23:30.198+0000] {processor.py:830} INFO - Processing file /home/codespace/.local/share/virtualenvs/airflow_sandbox-vp-HKq_L/lib/python3.10/site-packages/airflow/example_dags/example_xcomargs.py for tasks to queue
[2024-02-14T09:23:30.198+0000] {logging_mixin.py:188} INFO - [2024-02-14T09:23:30.198+0000] {dagbag.py:538} INFO - Filling up the DagBag from /home/codespace/.local/share/virtualenvs/airflow_sandbox-vp-HKq_L/lib/python3.10/site-packages/airflow/example_dags/example_xcomargs.py
[2024-02-14T09:23:30.205+0000] {processor.py:840} INFO - DAG(s) 'example_xcom_args_with_operators', 'example_xcom_args' retrieved from /home/codespace/.local/share/virtualenvs/airflow_sandbox-vp-HKq_L/lib/python3.10/site-packages/airflow/example_dags/example_xcomargs.py
[2024-02-14T09:23:30.219+0000] {logging_mixin.py:188} INFO - [2024-02-14T09:23:30.219+0000] {dag.py:3033} INFO - Sync 2 DAGs
[2024-02-14T09:23:30.228+0000] {logging_mixin.py:188} INFO - [2024-02-14T09:23:30.228+0000] {dag.py:3820} INFO - Setting next_dagrun for example_xcom_args to None, run_after=None
[2024-02-14T09:23:30.231+0000] {logging_mixin.py:188} INFO - [2024-02-14T09:23:30.231+0000] {dag.py:3820} INFO - Setting next_dagrun for example_xcom_args_with_operators to None, run_after=None
[2024-02-14T09:23:30.272+0000] {processor.py:183} INFO - Processing /home/codespace/.local/share/virtualenvs/airflow_sandbox-vp-HKq_L/lib/python3.10/site-packages/airflow/example_dags/example_xcomargs.py took 0.078 seconds
[2024-02-14T09:24:07.590+0000] {processor.py:161} INFO - Started process (PID=13740) to work on /home/codespace/.local/share/virtualenvs/airflow_sandbox-vp-HKq_L/lib/python3.10/site-packages/airflow/example_dags/example_xcomargs.py
[2024-02-14T09:24:07.591+0000] {processor.py:830} INFO - Processing file /home/codespace/.local/share/virtualenvs/airflow_sandbox-vp-HKq_L/lib/python3.10/site-packages/airflow/example_dags/example_xcomargs.py for tasks to queue
[2024-02-14T09:24:07.592+0000] {logging_mixin.py:188} INFO - [2024-02-14T09:24:07.591+0000] {dagbag.py:538} INFO - Filling up the DagBag from /home/codespace/.local/share/virtualenvs/airflow_sandbox-vp-HKq_L/lib/python3.10/site-packages/airflow/example_dags/example_xcomargs.py
[2024-02-14T09:24:07.598+0000] {processor.py:840} INFO - DAG(s) 'example_xcom_args', 'example_xcom_args_with_operators' retrieved from /home/codespace/.local/share/virtualenvs/airflow_sandbox-vp-HKq_L/lib/python3.10/site-packages/airflow/example_dags/example_xcomargs.py
[2024-02-14T09:24:07.614+0000] {logging_mixin.py:188} INFO - [2024-02-14T09:24:07.614+0000] {dag.py:3033} INFO - Sync 2 DAGs
[2024-02-14T09:24:07.623+0000] {logging_mixin.py:188} INFO - [2024-02-14T09:24:07.623+0000] {dag.py:3820} INFO - Setting next_dagrun for example_xcom_args to None, run_after=None
[2024-02-14T09:24:07.625+0000] {logging_mixin.py:188} INFO - [2024-02-14T09:24:07.625+0000] {dag.py:3820} INFO - Setting next_dagrun for example_xcom_args_with_operators to None, run_after=None
[2024-02-14T09:24:07.664+0000] {processor.py:183} INFO - Processing /home/codespace/.local/share/virtualenvs/airflow_sandbox-vp-HKq_L/lib/python3.10/site-packages/airflow/example_dags/example_xcomargs.py took 0.076 seconds
[2024-02-14T09:24:47.164+0000] {processor.py:161} INFO - Started process (PID=14017) to work on /home/codespace/.local/share/virtualenvs/airflow_sandbox-vp-HKq_L/lib/python3.10/site-packages/airflow/example_dags/example_xcomargs.py
[2024-02-14T09:24:47.164+0000] {processor.py:830} INFO - Processing file /home/codespace/.local/share/virtualenvs/airflow_sandbox-vp-HKq_L/lib/python3.10/site-packages/airflow/example_dags/example_xcomargs.py for tasks to queue
[2024-02-14T09:24:47.165+0000] {logging_mixin.py:188} INFO - [2024-02-14T09:24:47.165+0000] {dagbag.py:538} INFO - Filling up the DagBag from /home/codespace/.local/share/virtualenvs/airflow_sandbox-vp-HKq_L/lib/python3.10/site-packages/airflow/example_dags/example_xcomargs.py
[2024-02-14T09:24:47.172+0000] {processor.py:840} INFO - DAG(s) 'example_xcom_args_with_operators', 'example_xcom_args' retrieved from /home/codespace/.local/share/virtualenvs/airflow_sandbox-vp-HKq_L/lib/python3.10/site-packages/airflow/example_dags/example_xcomargs.py
[2024-02-14T09:24:47.187+0000] {logging_mixin.py:188} INFO - [2024-02-14T09:24:47.187+0000] {dag.py:3033} INFO - Sync 2 DAGs
[2024-02-14T09:24:47.196+0000] {logging_mixin.py:188} INFO - [2024-02-14T09:24:47.196+0000] {dag.py:3820} INFO - Setting next_dagrun for example_xcom_args to None, run_after=None
[2024-02-14T09:24:47.199+0000] {logging_mixin.py:188} INFO - [2024-02-14T09:24:47.199+0000] {dag.py:3820} INFO - Setting next_dagrun for example_xcom_args_with_operators to None, run_after=None
[2024-02-14T09:24:47.240+0000] {processor.py:183} INFO - Processing /home/codespace/.local/share/virtualenvs/airflow_sandbox-vp-HKq_L/lib/python3.10/site-packages/airflow/example_dags/example_xcomargs.py took 0.079 seconds
[2024-02-14T09:25:41.886+0000] {processor.py:161} INFO - Started process (PID=14398) to work on /home/codespace/.local/share/virtualenvs/airflow_sandbox-vp-HKq_L/lib/python3.10/site-packages/airflow/example_dags/example_xcomargs.py
[2024-02-14T09:25:41.887+0000] {processor.py:830} INFO - Processing file /home/codespace/.local/share/virtualenvs/airflow_sandbox-vp-HKq_L/lib/python3.10/site-packages/airflow/example_dags/example_xcomargs.py for tasks to queue
[2024-02-14T09:25:41.887+0000] {logging_mixin.py:188} INFO - [2024-02-14T09:25:41.887+0000] {dagbag.py:538} INFO - Filling up the DagBag from /home/codespace/.local/share/virtualenvs/airflow_sandbox-vp-HKq_L/lib/python3.10/site-packages/airflow/example_dags/example_xcomargs.py
[2024-02-14T09:25:41.894+0000] {processor.py:840} INFO - DAG(s) 'example_xcom_args', 'example_xcom_args_with_operators' retrieved from /home/codespace/.local/share/virtualenvs/airflow_sandbox-vp-HKq_L/lib/python3.10/site-packages/airflow/example_dags/example_xcomargs.py
[2024-02-14T09:25:41.910+0000] {logging_mixin.py:188} INFO - [2024-02-14T09:25:41.910+0000] {dag.py:3033} INFO - Sync 2 DAGs
[2024-02-14T09:25:41.921+0000] {logging_mixin.py:188} INFO - [2024-02-14T09:25:41.921+0000] {dag.py:3820} INFO - Setting next_dagrun for example_xcom_args to None, run_after=None
[2024-02-14T09:25:41.923+0000] {logging_mixin.py:188} INFO - [2024-02-14T09:25:41.923+0000] {dag.py:3820} INFO - Setting next_dagrun for example_xcom_args_with_operators to None, run_after=None
[2024-02-14T09:25:41.966+0000] {processor.py:183} INFO - Processing /home/codespace/.local/share/virtualenvs/airflow_sandbox-vp-HKq_L/lib/python3.10/site-packages/airflow/example_dags/example_xcomargs.py took 0.082 seconds
[2024-02-14T09:26:32.170+0000] {processor.py:161} INFO - Started process (PID=14726) to work on /home/codespace/.local/share/virtualenvs/airflow_sandbox-vp-HKq_L/lib/python3.10/site-packages/airflow/example_dags/example_xcomargs.py
[2024-02-14T09:26:32.171+0000] {processor.py:830} INFO - Processing file /home/codespace/.local/share/virtualenvs/airflow_sandbox-vp-HKq_L/lib/python3.10/site-packages/airflow/example_dags/example_xcomargs.py for tasks to queue
[2024-02-14T09:26:32.172+0000] {logging_mixin.py:188} INFO - [2024-02-14T09:26:32.171+0000] {dagbag.py:538} INFO - Filling up the DagBag from /home/codespace/.local/share/virtualenvs/airflow_sandbox-vp-HKq_L/lib/python3.10/site-packages/airflow/example_dags/example_xcomargs.py
[2024-02-14T09:26:32.182+0000] {processor.py:840} INFO - DAG(s) 'example_xcom_args_with_operators', 'example_xcom_args' retrieved from /home/codespace/.local/share/virtualenvs/airflow_sandbox-vp-HKq_L/lib/python3.10/site-packages/airflow/example_dags/example_xcomargs.py
[2024-02-14T09:26:32.202+0000] {logging_mixin.py:188} INFO - [2024-02-14T09:26:32.202+0000] {dag.py:3033} INFO - Sync 2 DAGs
[2024-02-14T09:26:32.216+0000] {logging_mixin.py:188} INFO - [2024-02-14T09:26:32.215+0000] {dag.py:3820} INFO - Setting next_dagrun for example_xcom_args to None, run_after=None
[2024-02-14T09:26:32.219+0000] {logging_mixin.py:188} INFO - [2024-02-14T09:26:32.219+0000] {dag.py:3820} INFO - Setting next_dagrun for example_xcom_args_with_operators to None, run_after=None
[2024-02-14T09:26:32.269+0000] {processor.py:183} INFO - Processing /home/codespace/.local/share/virtualenvs/airflow_sandbox-vp-HKq_L/lib/python3.10/site-packages/airflow/example_dags/example_xcomargs.py took 0.102 seconds
[2024-02-14T09:27:27.748+0000] {processor.py:161} INFO - Started process (PID=15124) to work on /home/codespace/.local/share/virtualenvs/airflow_sandbox-vp-HKq_L/lib/python3.10/site-packages/airflow/example_dags/example_xcomargs.py
[2024-02-14T09:27:27.749+0000] {processor.py:830} INFO - Processing file /home/codespace/.local/share/virtualenvs/airflow_sandbox-vp-HKq_L/lib/python3.10/site-packages/airflow/example_dags/example_xcomargs.py for tasks to queue
[2024-02-14T09:27:27.750+0000] {logging_mixin.py:188} INFO - [2024-02-14T09:27:27.749+0000] {dagbag.py:538} INFO - Filling up the DagBag from /home/codespace/.local/share/virtualenvs/airflow_sandbox-vp-HKq_L/lib/python3.10/site-packages/airflow/example_dags/example_xcomargs.py
[2024-02-14T09:27:27.756+0000] {processor.py:840} INFO - DAG(s) 'example_xcom_args_with_operators', 'example_xcom_args' retrieved from /home/codespace/.local/share/virtualenvs/airflow_sandbox-vp-HKq_L/lib/python3.10/site-packages/airflow/example_dags/example_xcomargs.py
[2024-02-14T09:27:27.770+0000] {logging_mixin.py:188} INFO - [2024-02-14T09:27:27.770+0000] {dag.py:3033} INFO - Sync 2 DAGs
[2024-02-14T09:27:27.781+0000] {logging_mixin.py:188} INFO - [2024-02-14T09:27:27.781+0000] {dag.py:3820} INFO - Setting next_dagrun for example_xcom_args to None, run_after=None
[2024-02-14T09:27:27.785+0000] {logging_mixin.py:188} INFO - [2024-02-14T09:27:27.785+0000] {dag.py:3820} INFO - Setting next_dagrun for example_xcom_args_with_operators to None, run_after=None
[2024-02-14T09:27:27.831+0000] {processor.py:183} INFO - Processing /home/codespace/.local/share/virtualenvs/airflow_sandbox-vp-HKq_L/lib/python3.10/site-packages/airflow/example_dags/example_xcomargs.py took 0.085 seconds
[2024-02-14T09:28:05.526+0000] {processor.py:161} INFO - Started process (PID=15420) to work on /home/codespace/.local/share/virtualenvs/airflow_sandbox-vp-HKq_L/lib/python3.10/site-packages/airflow/example_dags/example_xcomargs.py
[2024-02-14T09:28:05.527+0000] {processor.py:830} INFO - Processing file /home/codespace/.local/share/virtualenvs/airflow_sandbox-vp-HKq_L/lib/python3.10/site-packages/airflow/example_dags/example_xcomargs.py for tasks to queue
[2024-02-14T09:28:05.528+0000] {logging_mixin.py:188} INFO - [2024-02-14T09:28:05.527+0000] {dagbag.py:538} INFO - Filling up the DagBag from /home/codespace/.local/share/virtualenvs/airflow_sandbox-vp-HKq_L/lib/python3.10/site-packages/airflow/example_dags/example_xcomargs.py
[2024-02-14T09:28:05.535+0000] {processor.py:840} INFO - DAG(s) 'example_xcom_args', 'example_xcom_args_with_operators' retrieved from /home/codespace/.local/share/virtualenvs/airflow_sandbox-vp-HKq_L/lib/python3.10/site-packages/airflow/example_dags/example_xcomargs.py
[2024-02-14T09:28:05.550+0000] {logging_mixin.py:188} INFO - [2024-02-14T09:28:05.550+0000] {dag.py:3033} INFO - Sync 2 DAGs
[2024-02-14T09:28:05.559+0000] {logging_mixin.py:188} INFO - [2024-02-14T09:28:05.559+0000] {dag.py:3820} INFO - Setting next_dagrun for example_xcom_args to None, run_after=None
[2024-02-14T09:28:05.561+0000] {logging_mixin.py:188} INFO - [2024-02-14T09:28:05.561+0000] {dag.py:3820} INFO - Setting next_dagrun for example_xcom_args_with_operators to None, run_after=None
[2024-02-14T09:28:05.605+0000] {processor.py:183} INFO - Processing /home/codespace/.local/share/virtualenvs/airflow_sandbox-vp-HKq_L/lib/python3.10/site-packages/airflow/example_dags/example_xcomargs.py took 0.081 seconds
[2024-02-14T09:28:57.476+0000] {processor.py:161} INFO - Started process (PID=15927) to work on /home/codespace/.local/share/virtualenvs/airflow_sandbox-vp-HKq_L/lib/python3.10/site-packages/airflow/example_dags/example_xcomargs.py
[2024-02-14T09:28:57.476+0000] {processor.py:830} INFO - Processing file /home/codespace/.local/share/virtualenvs/airflow_sandbox-vp-HKq_L/lib/python3.10/site-packages/airflow/example_dags/example_xcomargs.py for tasks to queue
[2024-02-14T09:28:57.477+0000] {logging_mixin.py:188} INFO - [2024-02-14T09:28:57.477+0000] {dagbag.py:538} INFO - Filling up the DagBag from /home/codespace/.local/share/virtualenvs/airflow_sandbox-vp-HKq_L/lib/python3.10/site-packages/airflow/example_dags/example_xcomargs.py
[2024-02-14T09:28:57.484+0000] {processor.py:840} INFO - DAG(s) 'example_xcom_args', 'example_xcom_args_with_operators' retrieved from /home/codespace/.local/share/virtualenvs/airflow_sandbox-vp-HKq_L/lib/python3.10/site-packages/airflow/example_dags/example_xcomargs.py
[2024-02-14T09:28:57.498+0000] {logging_mixin.py:188} INFO - [2024-02-14T09:28:57.498+0000] {dag.py:3033} INFO - Sync 2 DAGs
[2024-02-14T09:28:57.507+0000] {logging_mixin.py:188} INFO - [2024-02-14T09:28:57.507+0000] {dag.py:3820} INFO - Setting next_dagrun for example_xcom_args to None, run_after=None
[2024-02-14T09:28:57.509+0000] {logging_mixin.py:188} INFO - [2024-02-14T09:28:57.509+0000] {dag.py:3820} INFO - Setting next_dagrun for example_xcom_args_with_operators to None, run_after=None
[2024-02-14T09:28:57.548+0000] {processor.py:183} INFO - Processing /home/codespace/.local/share/virtualenvs/airflow_sandbox-vp-HKq_L/lib/python3.10/site-packages/airflow/example_dags/example_xcomargs.py took 0.074 seconds
[2024-02-14T09:29:50.528+0000] {processor.py:161} INFO - Started process (PID=16303) to work on /home/codespace/.local/share/virtualenvs/airflow_sandbox-vp-HKq_L/lib/python3.10/site-packages/airflow/example_dags/example_xcomargs.py
[2024-02-14T09:29:50.529+0000] {processor.py:830} INFO - Processing file /home/codespace/.local/share/virtualenvs/airflow_sandbox-vp-HKq_L/lib/python3.10/site-packages/airflow/example_dags/example_xcomargs.py for tasks to queue
[2024-02-14T09:29:50.529+0000] {logging_mixin.py:188} INFO - [2024-02-14T09:29:50.529+0000] {dagbag.py:538} INFO - Filling up the DagBag from /home/codespace/.local/share/virtualenvs/airflow_sandbox-vp-HKq_L/lib/python3.10/site-packages/airflow/example_dags/example_xcomargs.py
[2024-02-14T09:29:50.536+0000] {processor.py:840} INFO - DAG(s) 'example_xcom_args', 'example_xcom_args_with_operators' retrieved from /home/codespace/.local/share/virtualenvs/airflow_sandbox-vp-HKq_L/lib/python3.10/site-packages/airflow/example_dags/example_xcomargs.py
[2024-02-14T09:29:50.550+0000] {logging_mixin.py:188} INFO - [2024-02-14T09:29:50.550+0000] {dag.py:3033} INFO - Sync 2 DAGs
[2024-02-14T09:29:50.558+0000] {logging_mixin.py:188} INFO - [2024-02-14T09:29:50.558+0000] {dag.py:3820} INFO - Setting next_dagrun for example_xcom_args to None, run_after=None
[2024-02-14T09:29:50.561+0000] {logging_mixin.py:188} INFO - [2024-02-14T09:29:50.561+0000] {dag.py:3820} INFO - Setting next_dagrun for example_xcom_args_with_operators to None, run_after=None
[2024-02-14T09:29:50.600+0000] {processor.py:183} INFO - Processing /home/codespace/.local/share/virtualenvs/airflow_sandbox-vp-HKq_L/lib/python3.10/site-packages/airflow/example_dags/example_xcomargs.py took 0.074 seconds
[2024-02-14T09:30:40.996+0000] {processor.py:161} INFO - Started process (PID=16661) to work on /home/codespace/.local/share/virtualenvs/airflow_sandbox-vp-HKq_L/lib/python3.10/site-packages/airflow/example_dags/example_xcomargs.py
[2024-02-14T09:30:40.996+0000] {processor.py:830} INFO - Processing file /home/codespace/.local/share/virtualenvs/airflow_sandbox-vp-HKq_L/lib/python3.10/site-packages/airflow/example_dags/example_xcomargs.py for tasks to queue
[2024-02-14T09:30:40.997+0000] {logging_mixin.py:188} INFO - [2024-02-14T09:30:40.997+0000] {dagbag.py:538} INFO - Filling up the DagBag from /home/codespace/.local/share/virtualenvs/airflow_sandbox-vp-HKq_L/lib/python3.10/site-packages/airflow/example_dags/example_xcomargs.py
[2024-02-14T09:30:41.003+0000] {processor.py:840} INFO - DAG(s) 'example_xcom_args', 'example_xcom_args_with_operators' retrieved from /home/codespace/.local/share/virtualenvs/airflow_sandbox-vp-HKq_L/lib/python3.10/site-packages/airflow/example_dags/example_xcomargs.py
[2024-02-14T09:30:41.018+0000] {logging_mixin.py:188} INFO - [2024-02-14T09:30:41.018+0000] {dag.py:3033} INFO - Sync 2 DAGs
[2024-02-14T09:30:41.027+0000] {logging_mixin.py:188} INFO - [2024-02-14T09:30:41.027+0000] {dag.py:3820} INFO - Setting next_dagrun for example_xcom_args to None, run_after=None
[2024-02-14T09:30:41.030+0000] {logging_mixin.py:188} INFO - [2024-02-14T09:30:41.030+0000] {dag.py:3820} INFO - Setting next_dagrun for example_xcom_args_with_operators to None, run_after=None
[2024-02-14T09:30:41.072+0000] {processor.py:183} INFO - Processing /home/codespace/.local/share/virtualenvs/airflow_sandbox-vp-HKq_L/lib/python3.10/site-packages/airflow/example_dags/example_xcomargs.py took 0.079 seconds
[2024-02-14T09:31:34.271+0000] {processor.py:161} INFO - Started process (PID=17039) to work on /home/codespace/.local/share/virtualenvs/airflow_sandbox-vp-HKq_L/lib/python3.10/site-packages/airflow/example_dags/example_xcomargs.py
[2024-02-14T09:31:34.271+0000] {processor.py:830} INFO - Processing file /home/codespace/.local/share/virtualenvs/airflow_sandbox-vp-HKq_L/lib/python3.10/site-packages/airflow/example_dags/example_xcomargs.py for tasks to queue
[2024-02-14T09:31:34.272+0000] {logging_mixin.py:188} INFO - [2024-02-14T09:31:34.272+0000] {dagbag.py:538} INFO - Filling up the DagBag from /home/codespace/.local/share/virtualenvs/airflow_sandbox-vp-HKq_L/lib/python3.10/site-packages/airflow/example_dags/example_xcomargs.py
[2024-02-14T09:31:34.278+0000] {processor.py:840} INFO - DAG(s) 'example_xcom_args', 'example_xcom_args_with_operators' retrieved from /home/codespace/.local/share/virtualenvs/airflow_sandbox-vp-HKq_L/lib/python3.10/site-packages/airflow/example_dags/example_xcomargs.py
[2024-02-14T09:31:34.292+0000] {logging_mixin.py:188} INFO - [2024-02-14T09:31:34.292+0000] {dag.py:3033} INFO - Sync 2 DAGs
[2024-02-14T09:31:34.302+0000] {logging_mixin.py:188} INFO - [2024-02-14T09:31:34.301+0000] {dag.py:3820} INFO - Setting next_dagrun for example_xcom_args to None, run_after=None
[2024-02-14T09:31:34.304+0000] {logging_mixin.py:188} INFO - [2024-02-14T09:31:34.304+0000] {dag.py:3820} INFO - Setting next_dagrun for example_xcom_args_with_operators to None, run_after=None
[2024-02-14T09:31:34.344+0000] {processor.py:183} INFO - Processing /home/codespace/.local/share/virtualenvs/airflow_sandbox-vp-HKq_L/lib/python3.10/site-packages/airflow/example_dags/example_xcomargs.py took 0.075 seconds
[2024-02-14T09:32:29.511+0000] {processor.py:161} INFO - Started process (PID=17429) to work on /home/codespace/.local/share/virtualenvs/airflow_sandbox-vp-HKq_L/lib/python3.10/site-packages/airflow/example_dags/example_xcomargs.py
[2024-02-14T09:32:29.511+0000] {processor.py:830} INFO - Processing file /home/codespace/.local/share/virtualenvs/airflow_sandbox-vp-HKq_L/lib/python3.10/site-packages/airflow/example_dags/example_xcomargs.py for tasks to queue
[2024-02-14T09:32:29.512+0000] {logging_mixin.py:188} INFO - [2024-02-14T09:32:29.512+0000] {dagbag.py:538} INFO - Filling up the DagBag from /home/codespace/.local/share/virtualenvs/airflow_sandbox-vp-HKq_L/lib/python3.10/site-packages/airflow/example_dags/example_xcomargs.py
[2024-02-14T09:32:29.520+0000] {processor.py:840} INFO - DAG(s) 'example_xcom_args', 'example_xcom_args_with_operators' retrieved from /home/codespace/.local/share/virtualenvs/airflow_sandbox-vp-HKq_L/lib/python3.10/site-packages/airflow/example_dags/example_xcomargs.py
[2024-02-14T09:32:29.534+0000] {logging_mixin.py:188} INFO - [2024-02-14T09:32:29.534+0000] {dag.py:3033} INFO - Sync 2 DAGs
[2024-02-14T09:32:29.544+0000] {logging_mixin.py:188} INFO - [2024-02-14T09:32:29.543+0000] {dag.py:3820} INFO - Setting next_dagrun for example_xcom_args to None, run_after=None
[2024-02-14T09:32:29.546+0000] {logging_mixin.py:188} INFO - [2024-02-14T09:32:29.546+0000] {dag.py:3820} INFO - Setting next_dagrun for example_xcom_args_with_operators to None, run_after=None
[2024-02-14T09:32:29.586+0000] {processor.py:183} INFO - Processing /home/codespace/.local/share/virtualenvs/airflow_sandbox-vp-HKq_L/lib/python3.10/site-packages/airflow/example_dags/example_xcomargs.py took 0.078 seconds
[2024-02-14T09:33:18.773+0000] {processor.py:161} INFO - Started process (PID=17789) to work on /home/codespace/.local/share/virtualenvs/airflow_sandbox-vp-HKq_L/lib/python3.10/site-packages/airflow/example_dags/example_xcomargs.py
[2024-02-14T09:33:18.774+0000] {processor.py:830} INFO - Processing file /home/codespace/.local/share/virtualenvs/airflow_sandbox-vp-HKq_L/lib/python3.10/site-packages/airflow/example_dags/example_xcomargs.py for tasks to queue
[2024-02-14T09:33:18.774+0000] {logging_mixin.py:188} INFO - [2024-02-14T09:33:18.774+0000] {dagbag.py:538} INFO - Filling up the DagBag from /home/codespace/.local/share/virtualenvs/airflow_sandbox-vp-HKq_L/lib/python3.10/site-packages/airflow/example_dags/example_xcomargs.py
[2024-02-14T09:33:18.781+0000] {processor.py:840} INFO - DAG(s) 'example_xcom_args', 'example_xcom_args_with_operators' retrieved from /home/codespace/.local/share/virtualenvs/airflow_sandbox-vp-HKq_L/lib/python3.10/site-packages/airflow/example_dags/example_xcomargs.py
[2024-02-14T09:33:18.796+0000] {logging_mixin.py:188} INFO - [2024-02-14T09:33:18.796+0000] {dag.py:3033} INFO - Sync 2 DAGs
[2024-02-14T09:33:18.806+0000] {logging_mixin.py:188} INFO - [2024-02-14T09:33:18.806+0000] {dag.py:3820} INFO - Setting next_dagrun for example_xcom_args to None, run_after=None
[2024-02-14T09:33:18.810+0000] {logging_mixin.py:188} INFO - [2024-02-14T09:33:18.809+0000] {dag.py:3820} INFO - Setting next_dagrun for example_xcom_args_with_operators to None, run_after=None
[2024-02-14T09:33:18.851+0000] {processor.py:183} INFO - Processing /home/codespace/.local/share/virtualenvs/airflow_sandbox-vp-HKq_L/lib/python3.10/site-packages/airflow/example_dags/example_xcomargs.py took 0.080 seconds
[2024-02-14T09:33:55.104+0000] {processor.py:161} INFO - Started process (PID=18050) to work on /home/codespace/.local/share/virtualenvs/airflow_sandbox-vp-HKq_L/lib/python3.10/site-packages/airflow/example_dags/example_xcomargs.py
[2024-02-14T09:33:55.105+0000] {processor.py:830} INFO - Processing file /home/codespace/.local/share/virtualenvs/airflow_sandbox-vp-HKq_L/lib/python3.10/site-packages/airflow/example_dags/example_xcomargs.py for tasks to queue
[2024-02-14T09:33:55.105+0000] {logging_mixin.py:188} INFO - [2024-02-14T09:33:55.105+0000] {dagbag.py:538} INFO - Filling up the DagBag from /home/codespace/.local/share/virtualenvs/airflow_sandbox-vp-HKq_L/lib/python3.10/site-packages/airflow/example_dags/example_xcomargs.py
[2024-02-14T09:33:55.112+0000] {processor.py:840} INFO - DAG(s) 'example_xcom_args', 'example_xcom_args_with_operators' retrieved from /home/codespace/.local/share/virtualenvs/airflow_sandbox-vp-HKq_L/lib/python3.10/site-packages/airflow/example_dags/example_xcomargs.py
[2024-02-14T09:33:55.127+0000] {logging_mixin.py:188} INFO - [2024-02-14T09:33:55.126+0000] {dag.py:3033} INFO - Sync 2 DAGs
[2024-02-14T09:33:55.136+0000] {logging_mixin.py:188} INFO - [2024-02-14T09:33:55.136+0000] {dag.py:3820} INFO - Setting next_dagrun for example_xcom_args to None, run_after=None
[2024-02-14T09:33:55.139+0000] {logging_mixin.py:188} INFO - [2024-02-14T09:33:55.138+0000] {dag.py:3820} INFO - Setting next_dagrun for example_xcom_args_with_operators to None, run_after=None
[2024-02-14T09:33:55.179+0000] {processor.py:183} INFO - Processing /home/codespace/.local/share/virtualenvs/airflow_sandbox-vp-HKq_L/lib/python3.10/site-packages/airflow/example_dags/example_xcomargs.py took 0.077 seconds
[2024-02-14T09:34:49.584+0000] {processor.py:161} INFO - Started process (PID=18590) to work on /home/codespace/.local/share/virtualenvs/airflow_sandbox-vp-HKq_L/lib/python3.10/site-packages/airflow/example_dags/example_xcomargs.py
[2024-02-14T09:34:49.585+0000] {processor.py:830} INFO - Processing file /home/codespace/.local/share/virtualenvs/airflow_sandbox-vp-HKq_L/lib/python3.10/site-packages/airflow/example_dags/example_xcomargs.py for tasks to queue
[2024-02-14T09:34:49.586+0000] {logging_mixin.py:188} INFO - [2024-02-14T09:34:49.585+0000] {dagbag.py:538} INFO - Filling up the DagBag from /home/codespace/.local/share/virtualenvs/airflow_sandbox-vp-HKq_L/lib/python3.10/site-packages/airflow/example_dags/example_xcomargs.py
[2024-02-14T09:34:49.593+0000] {processor.py:840} INFO - DAG(s) 'example_xcom_args_with_operators', 'example_xcom_args' retrieved from /home/codespace/.local/share/virtualenvs/airflow_sandbox-vp-HKq_L/lib/python3.10/site-packages/airflow/example_dags/example_xcomargs.py
[2024-02-14T09:34:49.608+0000] {logging_mixin.py:188} INFO - [2024-02-14T09:34:49.607+0000] {dag.py:3033} INFO - Sync 2 DAGs
[2024-02-14T09:34:49.617+0000] {logging_mixin.py:188} INFO - [2024-02-14T09:34:49.617+0000] {dag.py:3820} INFO - Setting next_dagrun for example_xcom_args to None, run_after=None
[2024-02-14T09:34:49.619+0000] {logging_mixin.py:188} INFO - [2024-02-14T09:34:49.619+0000] {dag.py:3820} INFO - Setting next_dagrun for example_xcom_args_with_operators to None, run_after=None
[2024-02-14T09:34:49.660+0000] {processor.py:183} INFO - Processing /home/codespace/.local/share/virtualenvs/airflow_sandbox-vp-HKq_L/lib/python3.10/site-packages/airflow/example_dags/example_xcomargs.py took 0.078 seconds
