[2024-02-14T09:07:42.849+0000] {processor.py:161} INFO - Started process (PID=4549) to work on /home/codespace/.local/share/virtualenvs/airflow_sandbox-vp-HKq_L/lib/python3.10/site-packages/airflow/example_dags/example_sla_dag.py
[2024-02-14T09:07:42.850+0000] {processor.py:830} INFO - Processing file /home/codespace/.local/share/virtualenvs/airflow_sandbox-vp-HKq_L/lib/python3.10/site-packages/airflow/example_dags/example_sla_dag.py for tasks to queue
[2024-02-14T09:07:42.851+0000] {logging_mixin.py:188} INFO - [2024-02-14T09:07:42.851+0000] {dagbag.py:538} INFO - Filling up the DagBag from /home/codespace/.local/share/virtualenvs/airflow_sandbox-vp-HKq_L/lib/python3.10/site-packages/airflow/example_dags/example_sla_dag.py
[2024-02-14T09:07:42.865+0000] {processor.py:840} INFO - DAG(s) 'example_sla_dag' retrieved from /home/codespace/.local/share/virtualenvs/airflow_sandbox-vp-HKq_L/lib/python3.10/site-packages/airflow/example_dags/example_sla_dag.py
[2024-02-14T09:07:42.896+0000] {logging_mixin.py:188} INFO - [2024-02-14T09:07:42.895+0000] {dag.py:3033} INFO - Sync 1 DAGs
[2024-02-14T09:07:43.069+0000] {logging_mixin.py:188} INFO - [2024-02-14T09:07:43.069+0000] {dag.py:3820} INFO - Setting next_dagrun for example_sla_dag to 2024-02-14T09:04:00+00:00, run_after=2024-02-14T09:06:00+00:00
[2024-02-14T09:07:43.144+0000] {processor.py:183} INFO - Processing /home/codespace/.local/share/virtualenvs/airflow_sandbox-vp-HKq_L/lib/python3.10/site-packages/airflow/example_dags/example_sla_dag.py took 0.298 seconds
[2024-02-14T09:08:32.130+0000] {processor.py:161} INFO - Started process (PID=5107) to work on /home/codespace/.local/share/virtualenvs/airflow_sandbox-vp-HKq_L/lib/python3.10/site-packages/airflow/example_dags/example_sla_dag.py
[2024-02-14T09:08:32.130+0000] {processor.py:830} INFO - Processing file /home/codespace/.local/share/virtualenvs/airflow_sandbox-vp-HKq_L/lib/python3.10/site-packages/airflow/example_dags/example_sla_dag.py for tasks to queue
[2024-02-14T09:08:32.131+0000] {logging_mixin.py:188} INFO - [2024-02-14T09:08:32.131+0000] {dagbag.py:538} INFO - Filling up the DagBag from /home/codespace/.local/share/virtualenvs/airflow_sandbox-vp-HKq_L/lib/python3.10/site-packages/airflow/example_dags/example_sla_dag.py
[2024-02-14T09:08:32.138+0000] {processor.py:840} INFO - DAG(s) 'example_sla_dag' retrieved from /home/codespace/.local/share/virtualenvs/airflow_sandbox-vp-HKq_L/lib/python3.10/site-packages/airflow/example_dags/example_sla_dag.py
[2024-02-14T09:08:32.150+0000] {logging_mixin.py:188} INFO - [2024-02-14T09:08:32.149+0000] {dag.py:3033} INFO - Sync 1 DAGs
[2024-02-14T09:08:32.168+0000] {logging_mixin.py:188} INFO - [2024-02-14T09:08:32.168+0000] {dag.py:3820} INFO - Setting next_dagrun for example_sla_dag to 2024-02-14T09:06:00+00:00, run_after=2024-02-14T09:08:00+00:00
[2024-02-14T09:08:32.208+0000] {processor.py:183} INFO - Processing /home/codespace/.local/share/virtualenvs/airflow_sandbox-vp-HKq_L/lib/python3.10/site-packages/airflow/example_dags/example_sla_dag.py took 0.080 seconds
[2024-02-14T09:09:29.210+0000] {processor.py:161} INFO - Started process (PID=5982) to work on /home/codespace/.local/share/virtualenvs/airflow_sandbox-vp-HKq_L/lib/python3.10/site-packages/airflow/example_dags/example_sla_dag.py
[2024-02-14T09:09:29.211+0000] {processor.py:830} INFO - Processing file /home/codespace/.local/share/virtualenvs/airflow_sandbox-vp-HKq_L/lib/python3.10/site-packages/airflow/example_dags/example_sla_dag.py for tasks to queue
[2024-02-14T09:09:29.211+0000] {logging_mixin.py:188} INFO - [2024-02-14T09:09:29.211+0000] {dagbag.py:538} INFO - Filling up the DagBag from /home/codespace/.local/share/virtualenvs/airflow_sandbox-vp-HKq_L/lib/python3.10/site-packages/airflow/example_dags/example_sla_dag.py
[2024-02-14T09:09:29.219+0000] {processor.py:840} INFO - DAG(s) 'example_sla_dag' retrieved from /home/codespace/.local/share/virtualenvs/airflow_sandbox-vp-HKq_L/lib/python3.10/site-packages/airflow/example_dags/example_sla_dag.py
[2024-02-14T09:09:29.231+0000] {logging_mixin.py:188} INFO - [2024-02-14T09:09:29.231+0000] {dag.py:3033} INFO - Sync 1 DAGs
[2024-02-14T09:09:29.258+0000] {logging_mixin.py:188} INFO - [2024-02-14T09:09:29.258+0000] {dag.py:3820} INFO - Setting next_dagrun for example_sla_dag to 2024-02-14T09:06:00+00:00, run_after=2024-02-14T09:08:00+00:00
[2024-02-14T09:09:29.301+0000] {processor.py:183} INFO - Processing /home/codespace/.local/share/virtualenvs/airflow_sandbox-vp-HKq_L/lib/python3.10/site-packages/airflow/example_dags/example_sla_dag.py took 0.093 seconds
[2024-02-14T09:10:12.348+0000] {processor.py:161} INFO - Started process (PID=6533) to work on /home/codespace/.local/share/virtualenvs/airflow_sandbox-vp-HKq_L/lib/python3.10/site-packages/airflow/example_dags/example_sla_dag.py
[2024-02-14T09:10:12.349+0000] {processor.py:830} INFO - Processing file /home/codespace/.local/share/virtualenvs/airflow_sandbox-vp-HKq_L/lib/python3.10/site-packages/airflow/example_dags/example_sla_dag.py for tasks to queue
[2024-02-14T09:10:12.350+0000] {logging_mixin.py:188} INFO - [2024-02-14T09:10:12.349+0000] {dagbag.py:538} INFO - Filling up the DagBag from /home/codespace/.local/share/virtualenvs/airflow_sandbox-vp-HKq_L/lib/python3.10/site-packages/airflow/example_dags/example_sla_dag.py
[2024-02-14T09:10:12.361+0000] {processor.py:840} INFO - DAG(s) 'example_sla_dag' retrieved from /home/codespace/.local/share/virtualenvs/airflow_sandbox-vp-HKq_L/lib/python3.10/site-packages/airflow/example_dags/example_sla_dag.py
[2024-02-14T09:10:12.378+0000] {logging_mixin.py:188} INFO - [2024-02-14T09:10:12.378+0000] {dag.py:3033} INFO - Sync 1 DAGs
[2024-02-14T09:10:12.401+0000] {logging_mixin.py:188} INFO - [2024-02-14T09:10:12.401+0000] {dag.py:3820} INFO - Setting next_dagrun for example_sla_dag to 2024-02-14T09:08:00+00:00, run_after=2024-02-14T09:10:00+00:00
[2024-02-14T09:10:12.449+0000] {processor.py:183} INFO - Processing /home/codespace/.local/share/virtualenvs/airflow_sandbox-vp-HKq_L/lib/python3.10/site-packages/airflow/example_dags/example_sla_dag.py took 0.104 seconds
[2024-02-14T09:10:52.478+0000] {processor.py:161} INFO - Started process (PID=6953) to work on /home/codespace/.local/share/virtualenvs/airflow_sandbox-vp-HKq_L/lib/python3.10/site-packages/airflow/example_dags/example_sla_dag.py
[2024-02-14T09:10:52.479+0000] {processor.py:830} INFO - Processing file /home/codespace/.local/share/virtualenvs/airflow_sandbox-vp-HKq_L/lib/python3.10/site-packages/airflow/example_dags/example_sla_dag.py for tasks to queue
[2024-02-14T09:10:52.479+0000] {logging_mixin.py:188} INFO - [2024-02-14T09:10:52.479+0000] {dagbag.py:538} INFO - Filling up the DagBag from /home/codespace/.local/share/virtualenvs/airflow_sandbox-vp-HKq_L/lib/python3.10/site-packages/airflow/example_dags/example_sla_dag.py
[2024-02-14T09:10:52.487+0000] {processor.py:840} INFO - DAG(s) 'example_sla_dag' retrieved from /home/codespace/.local/share/virtualenvs/airflow_sandbox-vp-HKq_L/lib/python3.10/site-packages/airflow/example_dags/example_sla_dag.py
[2024-02-14T09:10:52.499+0000] {logging_mixin.py:188} INFO - [2024-02-14T09:10:52.499+0000] {dag.py:3033} INFO - Sync 1 DAGs
[2024-02-14T09:10:52.521+0000] {logging_mixin.py:188} INFO - [2024-02-14T09:10:52.521+0000] {dag.py:3820} INFO - Setting next_dagrun for example_sla_dag to 2024-02-14T09:08:00+00:00, run_after=2024-02-14T09:10:00+00:00
[2024-02-14T09:10:52.563+0000] {processor.py:183} INFO - Processing /home/codespace/.local/share/virtualenvs/airflow_sandbox-vp-HKq_L/lib/python3.10/site-packages/airflow/example_dags/example_sla_dag.py took 0.087 seconds
[2024-02-14T09:11:30.262+0000] {processor.py:161} INFO - Started process (PID=7468) to work on /home/codespace/.local/share/virtualenvs/airflow_sandbox-vp-HKq_L/lib/python3.10/site-packages/airflow/example_dags/example_sla_dag.py
[2024-02-14T09:11:30.263+0000] {processor.py:830} INFO - Processing file /home/codespace/.local/share/virtualenvs/airflow_sandbox-vp-HKq_L/lib/python3.10/site-packages/airflow/example_dags/example_sla_dag.py for tasks to queue
[2024-02-14T09:11:30.263+0000] {logging_mixin.py:188} INFO - [2024-02-14T09:11:30.263+0000] {dagbag.py:538} INFO - Filling up the DagBag from /home/codespace/.local/share/virtualenvs/airflow_sandbox-vp-HKq_L/lib/python3.10/site-packages/airflow/example_dags/example_sla_dag.py
[2024-02-14T09:11:30.271+0000] {processor.py:840} INFO - DAG(s) 'example_sla_dag' retrieved from /home/codespace/.local/share/virtualenvs/airflow_sandbox-vp-HKq_L/lib/python3.10/site-packages/airflow/example_dags/example_sla_dag.py
[2024-02-14T09:11:30.282+0000] {logging_mixin.py:188} INFO - [2024-02-14T09:11:30.282+0000] {dag.py:3033} INFO - Sync 1 DAGs
[2024-02-14T09:11:30.300+0000] {logging_mixin.py:188} INFO - [2024-02-14T09:11:30.300+0000] {dag.py:3820} INFO - Setting next_dagrun for example_sla_dag to 2024-02-14T09:08:00+00:00, run_after=2024-02-14T09:10:00+00:00
[2024-02-14T09:11:30.341+0000] {processor.py:183} INFO - Processing /home/codespace/.local/share/virtualenvs/airflow_sandbox-vp-HKq_L/lib/python3.10/site-packages/airflow/example_dags/example_sla_dag.py took 0.082 seconds
[2024-02-14T09:12:07.047+0000] {processor.py:161} INFO - Started process (PID=7944) to work on /home/codespace/.local/share/virtualenvs/airflow_sandbox-vp-HKq_L/lib/python3.10/site-packages/airflow/example_dags/example_sla_dag.py
[2024-02-14T09:12:07.048+0000] {processor.py:830} INFO - Processing file /home/codespace/.local/share/virtualenvs/airflow_sandbox-vp-HKq_L/lib/python3.10/site-packages/airflow/example_dags/example_sla_dag.py for tasks to queue
[2024-02-14T09:12:07.049+0000] {logging_mixin.py:188} INFO - [2024-02-14T09:12:07.048+0000] {dagbag.py:538} INFO - Filling up the DagBag from /home/codespace/.local/share/virtualenvs/airflow_sandbox-vp-HKq_L/lib/python3.10/site-packages/airflow/example_dags/example_sla_dag.py
[2024-02-14T09:12:07.056+0000] {processor.py:840} INFO - DAG(s) 'example_sla_dag' retrieved from /home/codespace/.local/share/virtualenvs/airflow_sandbox-vp-HKq_L/lib/python3.10/site-packages/airflow/example_dags/example_sla_dag.py
[2024-02-14T09:12:07.069+0000] {logging_mixin.py:188} INFO - [2024-02-14T09:12:07.069+0000] {dag.py:3033} INFO - Sync 1 DAGs
[2024-02-14T09:12:07.089+0000] {logging_mixin.py:188} INFO - [2024-02-14T09:12:07.088+0000] {dag.py:3820} INFO - Setting next_dagrun for example_sla_dag to 2024-02-14T09:10:00+00:00, run_after=2024-02-14T09:12:00+00:00
[2024-02-14T09:12:07.138+0000] {processor.py:183} INFO - Processing /home/codespace/.local/share/virtualenvs/airflow_sandbox-vp-HKq_L/lib/python3.10/site-packages/airflow/example_dags/example_sla_dag.py took 0.094 seconds
[2024-02-14T09:12:45.218+0000] {processor.py:161} INFO - Started process (PID=8257) to work on /home/codespace/.local/share/virtualenvs/airflow_sandbox-vp-HKq_L/lib/python3.10/site-packages/airflow/example_dags/example_sla_dag.py
[2024-02-14T09:12:45.219+0000] {processor.py:830} INFO - Processing file /home/codespace/.local/share/virtualenvs/airflow_sandbox-vp-HKq_L/lib/python3.10/site-packages/airflow/example_dags/example_sla_dag.py for tasks to queue
[2024-02-14T09:12:45.220+0000] {logging_mixin.py:188} INFO - [2024-02-14T09:12:45.219+0000] {dagbag.py:538} INFO - Filling up the DagBag from /home/codespace/.local/share/virtualenvs/airflow_sandbox-vp-HKq_L/lib/python3.10/site-packages/airflow/example_dags/example_sla_dag.py
[2024-02-14T09:12:45.231+0000] {processor.py:840} INFO - DAG(s) 'example_sla_dag' retrieved from /home/codespace/.local/share/virtualenvs/airflow_sandbox-vp-HKq_L/lib/python3.10/site-packages/airflow/example_dags/example_sla_dag.py
[2024-02-14T09:12:45.248+0000] {logging_mixin.py:188} INFO - [2024-02-14T09:12:45.247+0000] {dag.py:3033} INFO - Sync 1 DAGs
[2024-02-14T09:12:45.277+0000] {logging_mixin.py:188} INFO - [2024-02-14T09:12:45.277+0000] {dag.py:3820} INFO - Setting next_dagrun for example_sla_dag to 2024-02-14T09:10:00+00:00, run_after=2024-02-14T09:12:00+00:00
[2024-02-14T09:12:45.324+0000] {processor.py:183} INFO - Processing /home/codespace/.local/share/virtualenvs/airflow_sandbox-vp-HKq_L/lib/python3.10/site-packages/airflow/example_dags/example_sla_dag.py took 0.109 seconds
[2024-02-14T09:13:23.225+0000] {processor.py:161} INFO - Started process (PID=8561) to work on /home/codespace/.local/share/virtualenvs/airflow_sandbox-vp-HKq_L/lib/python3.10/site-packages/airflow/example_dags/example_sla_dag.py
[2024-02-14T09:13:23.226+0000] {processor.py:830} INFO - Processing file /home/codespace/.local/share/virtualenvs/airflow_sandbox-vp-HKq_L/lib/python3.10/site-packages/airflow/example_dags/example_sla_dag.py for tasks to queue
[2024-02-14T09:13:23.227+0000] {logging_mixin.py:188} INFO - [2024-02-14T09:13:23.226+0000] {dagbag.py:538} INFO - Filling up the DagBag from /home/codespace/.local/share/virtualenvs/airflow_sandbox-vp-HKq_L/lib/python3.10/site-packages/airflow/example_dags/example_sla_dag.py
[2024-02-14T09:13:23.234+0000] {processor.py:840} INFO - DAG(s) 'example_sla_dag' retrieved from /home/codespace/.local/share/virtualenvs/airflow_sandbox-vp-HKq_L/lib/python3.10/site-packages/airflow/example_dags/example_sla_dag.py
[2024-02-14T09:13:23.245+0000] {logging_mixin.py:188} INFO - [2024-02-14T09:13:23.245+0000] {dag.py:3033} INFO - Sync 1 DAGs
[2024-02-14T09:13:23.264+0000] {logging_mixin.py:188} INFO - [2024-02-14T09:13:23.263+0000] {dag.py:3820} INFO - Setting next_dagrun for example_sla_dag to 2024-02-14T09:10:00+00:00, run_after=2024-02-14T09:12:00+00:00
[2024-02-14T09:13:23.306+0000] {processor.py:183} INFO - Processing /home/codespace/.local/share/virtualenvs/airflow_sandbox-vp-HKq_L/lib/python3.10/site-packages/airflow/example_dags/example_sla_dag.py took 0.083 seconds
[2024-02-14T09:14:14.885+0000] {processor.py:161} INFO - Started process (PID=8994) to work on /home/codespace/.local/share/virtualenvs/airflow_sandbox-vp-HKq_L/lib/python3.10/site-packages/airflow/example_dags/example_sla_dag.py
[2024-02-14T09:14:14.886+0000] {processor.py:830} INFO - Processing file /home/codespace/.local/share/virtualenvs/airflow_sandbox-vp-HKq_L/lib/python3.10/site-packages/airflow/example_dags/example_sla_dag.py for tasks to queue
[2024-02-14T09:14:14.887+0000] {logging_mixin.py:188} INFO - [2024-02-14T09:14:14.886+0000] {dagbag.py:538} INFO - Filling up the DagBag from /home/codespace/.local/share/virtualenvs/airflow_sandbox-vp-HKq_L/lib/python3.10/site-packages/airflow/example_dags/example_sla_dag.py
[2024-02-14T09:14:14.894+0000] {processor.py:840} INFO - DAG(s) 'example_sla_dag' retrieved from /home/codespace/.local/share/virtualenvs/airflow_sandbox-vp-HKq_L/lib/python3.10/site-packages/airflow/example_dags/example_sla_dag.py
[2024-02-14T09:14:14.906+0000] {logging_mixin.py:188} INFO - [2024-02-14T09:14:14.906+0000] {dag.py:3033} INFO - Sync 1 DAGs
[2024-02-14T09:14:14.925+0000] {logging_mixin.py:188} INFO - [2024-02-14T09:14:14.925+0000] {dag.py:3820} INFO - Setting next_dagrun for example_sla_dag to 2024-02-14T09:12:00+00:00, run_after=2024-02-14T09:14:00+00:00
[2024-02-14T09:14:14.967+0000] {processor.py:183} INFO - Processing /home/codespace/.local/share/virtualenvs/airflow_sandbox-vp-HKq_L/lib/python3.10/site-packages/airflow/example_dags/example_sla_dag.py took 0.084 seconds
[2024-02-14T09:14:50.641+0000] {processor.py:161} INFO - Started process (PID=9254) to work on /home/codespace/.local/share/virtualenvs/airflow_sandbox-vp-HKq_L/lib/python3.10/site-packages/airflow/example_dags/example_sla_dag.py
[2024-02-14T09:14:50.642+0000] {processor.py:830} INFO - Processing file /home/codespace/.local/share/virtualenvs/airflow_sandbox-vp-HKq_L/lib/python3.10/site-packages/airflow/example_dags/example_sla_dag.py for tasks to queue
[2024-02-14T09:14:50.643+0000] {logging_mixin.py:188} INFO - [2024-02-14T09:14:50.642+0000] {dagbag.py:538} INFO - Filling up the DagBag from /home/codespace/.local/share/virtualenvs/airflow_sandbox-vp-HKq_L/lib/python3.10/site-packages/airflow/example_dags/example_sla_dag.py
[2024-02-14T09:14:50.650+0000] {processor.py:840} INFO - DAG(s) 'example_sla_dag' retrieved from /home/codespace/.local/share/virtualenvs/airflow_sandbox-vp-HKq_L/lib/python3.10/site-packages/airflow/example_dags/example_sla_dag.py
[2024-02-14T09:14:50.662+0000] {logging_mixin.py:188} INFO - [2024-02-14T09:14:50.662+0000] {dag.py:3033} INFO - Sync 1 DAGs
[2024-02-14T09:14:50.681+0000] {logging_mixin.py:188} INFO - [2024-02-14T09:14:50.680+0000] {dag.py:3820} INFO - Setting next_dagrun for example_sla_dag to 2024-02-14T09:12:00+00:00, run_after=2024-02-14T09:14:00+00:00
[2024-02-14T09:14:50.723+0000] {processor.py:183} INFO - Processing /home/codespace/.local/share/virtualenvs/airflow_sandbox-vp-HKq_L/lib/python3.10/site-packages/airflow/example_dags/example_sla_dag.py took 0.084 seconds
[2024-02-14T09:15:42.259+0000] {processor.py:161} INFO - Started process (PID=9611) to work on /home/codespace/.local/share/virtualenvs/airflow_sandbox-vp-HKq_L/lib/python3.10/site-packages/airflow/example_dags/example_sla_dag.py
[2024-02-14T09:15:42.259+0000] {processor.py:830} INFO - Processing file /home/codespace/.local/share/virtualenvs/airflow_sandbox-vp-HKq_L/lib/python3.10/site-packages/airflow/example_dags/example_sla_dag.py for tasks to queue
[2024-02-14T09:15:42.260+0000] {logging_mixin.py:188} INFO - [2024-02-14T09:15:42.260+0000] {dagbag.py:538} INFO - Filling up the DagBag from /home/codespace/.local/share/virtualenvs/airflow_sandbox-vp-HKq_L/lib/python3.10/site-packages/airflow/example_dags/example_sla_dag.py
[2024-02-14T09:15:42.267+0000] {processor.py:840} INFO - DAG(s) 'example_sla_dag' retrieved from /home/codespace/.local/share/virtualenvs/airflow_sandbox-vp-HKq_L/lib/python3.10/site-packages/airflow/example_dags/example_sla_dag.py
[2024-02-14T09:15:42.278+0000] {logging_mixin.py:188} INFO - [2024-02-14T09:15:42.278+0000] {dag.py:3033} INFO - Sync 1 DAGs
[2024-02-14T09:15:42.295+0000] {logging_mixin.py:188} INFO - [2024-02-14T09:15:42.295+0000] {dag.py:3820} INFO - Setting next_dagrun for example_sla_dag to 2024-02-14T09:12:00+00:00, run_after=2024-02-14T09:14:00+00:00
[2024-02-14T09:15:42.336+0000] {processor.py:183} INFO - Processing /home/codespace/.local/share/virtualenvs/airflow_sandbox-vp-HKq_L/lib/python3.10/site-packages/airflow/example_dags/example_sla_dag.py took 0.079 seconds
[2024-02-14T09:16:34.354+0000] {processor.py:161} INFO - Started process (PID=9980) to work on /home/codespace/.local/share/virtualenvs/airflow_sandbox-vp-HKq_L/lib/python3.10/site-packages/airflow/example_dags/example_sla_dag.py
[2024-02-14T09:16:34.355+0000] {processor.py:830} INFO - Processing file /home/codespace/.local/share/virtualenvs/airflow_sandbox-vp-HKq_L/lib/python3.10/site-packages/airflow/example_dags/example_sla_dag.py for tasks to queue
[2024-02-14T09:16:34.355+0000] {logging_mixin.py:188} INFO - [2024-02-14T09:16:34.355+0000] {dagbag.py:538} INFO - Filling up the DagBag from /home/codespace/.local/share/virtualenvs/airflow_sandbox-vp-HKq_L/lib/python3.10/site-packages/airflow/example_dags/example_sla_dag.py
[2024-02-14T09:16:34.362+0000] {processor.py:840} INFO - DAG(s) 'example_sla_dag' retrieved from /home/codespace/.local/share/virtualenvs/airflow_sandbox-vp-HKq_L/lib/python3.10/site-packages/airflow/example_dags/example_sla_dag.py
[2024-02-14T09:16:34.373+0000] {logging_mixin.py:188} INFO - [2024-02-14T09:16:34.373+0000] {dag.py:3033} INFO - Sync 1 DAGs
[2024-02-14T09:16:34.390+0000] {logging_mixin.py:188} INFO - [2024-02-14T09:16:34.390+0000] {dag.py:3820} INFO - Setting next_dagrun for example_sla_dag to 2024-02-14T09:14:00+00:00, run_after=2024-02-14T09:16:00+00:00
[2024-02-14T09:16:34.430+0000] {processor.py:183} INFO - Processing /home/codespace/.local/share/virtualenvs/airflow_sandbox-vp-HKq_L/lib/python3.10/site-packages/airflow/example_dags/example_sla_dag.py took 0.078 seconds
[2024-02-14T09:17:10.611+0000] {processor.py:161} INFO - Started process (PID=10224) to work on /home/codespace/.local/share/virtualenvs/airflow_sandbox-vp-HKq_L/lib/python3.10/site-packages/airflow/example_dags/example_sla_dag.py
[2024-02-14T09:17:10.611+0000] {processor.py:830} INFO - Processing file /home/codespace/.local/share/virtualenvs/airflow_sandbox-vp-HKq_L/lib/python3.10/site-packages/airflow/example_dags/example_sla_dag.py for tasks to queue
[2024-02-14T09:17:10.612+0000] {logging_mixin.py:188} INFO - [2024-02-14T09:17:10.612+0000] {dagbag.py:538} INFO - Filling up the DagBag from /home/codespace/.local/share/virtualenvs/airflow_sandbox-vp-HKq_L/lib/python3.10/site-packages/airflow/example_dags/example_sla_dag.py
[2024-02-14T09:17:10.619+0000] {processor.py:840} INFO - DAG(s) 'example_sla_dag' retrieved from /home/codespace/.local/share/virtualenvs/airflow_sandbox-vp-HKq_L/lib/python3.10/site-packages/airflow/example_dags/example_sla_dag.py
[2024-02-14T09:17:10.631+0000] {logging_mixin.py:188} INFO - [2024-02-14T09:17:10.630+0000] {dag.py:3033} INFO - Sync 1 DAGs
[2024-02-14T09:17:10.648+0000] {logging_mixin.py:188} INFO - [2024-02-14T09:17:10.648+0000] {dag.py:3820} INFO - Setting next_dagrun for example_sla_dag to 2024-02-14T09:14:00+00:00, run_after=2024-02-14T09:16:00+00:00
[2024-02-14T09:17:10.690+0000] {processor.py:183} INFO - Processing /home/codespace/.local/share/virtualenvs/airflow_sandbox-vp-HKq_L/lib/python3.10/site-packages/airflow/example_dags/example_sla_dag.py took 0.082 seconds
[2024-02-14T09:17:45.157+0000] {processor.py:161} INFO - Started process (PID=10512) to work on /home/codespace/.local/share/virtualenvs/airflow_sandbox-vp-HKq_L/lib/python3.10/site-packages/airflow/example_dags/example_sla_dag.py
[2024-02-14T09:17:45.157+0000] {processor.py:830} INFO - Processing file /home/codespace/.local/share/virtualenvs/airflow_sandbox-vp-HKq_L/lib/python3.10/site-packages/airflow/example_dags/example_sla_dag.py for tasks to queue
[2024-02-14T09:17:45.158+0000] {logging_mixin.py:188} INFO - [2024-02-14T09:17:45.158+0000] {dagbag.py:538} INFO - Filling up the DagBag from /home/codespace/.local/share/virtualenvs/airflow_sandbox-vp-HKq_L/lib/python3.10/site-packages/airflow/example_dags/example_sla_dag.py
[2024-02-14T09:17:45.165+0000] {processor.py:840} INFO - DAG(s) 'example_sla_dag' retrieved from /home/codespace/.local/share/virtualenvs/airflow_sandbox-vp-HKq_L/lib/python3.10/site-packages/airflow/example_dags/example_sla_dag.py
[2024-02-14T09:17:45.175+0000] {logging_mixin.py:188} INFO - [2024-02-14T09:17:45.175+0000] {dag.py:3033} INFO - Sync 1 DAGs
[2024-02-14T09:17:45.196+0000] {logging_mixin.py:188} INFO - [2024-02-14T09:17:45.196+0000] {dag.py:3820} INFO - Setting next_dagrun for example_sla_dag to 2024-02-14T09:14:00+00:00, run_after=2024-02-14T09:16:00+00:00
[2024-02-14T09:17:45.243+0000] {processor.py:183} INFO - Processing /home/codespace/.local/share/virtualenvs/airflow_sandbox-vp-HKq_L/lib/python3.10/site-packages/airflow/example_dags/example_sla_dag.py took 0.089 seconds
[2024-02-14T09:18:35.898+0000] {processor.py:161} INFO - Started process (PID=10883) to work on /home/codespace/.local/share/virtualenvs/airflow_sandbox-vp-HKq_L/lib/python3.10/site-packages/airflow/example_dags/example_sla_dag.py
[2024-02-14T09:18:35.898+0000] {processor.py:830} INFO - Processing file /home/codespace/.local/share/virtualenvs/airflow_sandbox-vp-HKq_L/lib/python3.10/site-packages/airflow/example_dags/example_sla_dag.py for tasks to queue
[2024-02-14T09:18:35.899+0000] {logging_mixin.py:188} INFO - [2024-02-14T09:18:35.899+0000] {dagbag.py:538} INFO - Filling up the DagBag from /home/codespace/.local/share/virtualenvs/airflow_sandbox-vp-HKq_L/lib/python3.10/site-packages/airflow/example_dags/example_sla_dag.py
[2024-02-14T09:18:35.906+0000] {processor.py:840} INFO - DAG(s) 'example_sla_dag' retrieved from /home/codespace/.local/share/virtualenvs/airflow_sandbox-vp-HKq_L/lib/python3.10/site-packages/airflow/example_dags/example_sla_dag.py
[2024-02-14T09:18:35.917+0000] {logging_mixin.py:188} INFO - [2024-02-14T09:18:35.917+0000] {dag.py:3033} INFO - Sync 1 DAGs
[2024-02-14T09:18:35.936+0000] {logging_mixin.py:188} INFO - [2024-02-14T09:18:35.935+0000] {dag.py:3820} INFO - Setting next_dagrun for example_sla_dag to 2024-02-14T09:16:00+00:00, run_after=2024-02-14T09:18:00+00:00
[2024-02-14T09:18:35.978+0000] {processor.py:183} INFO - Processing /home/codespace/.local/share/virtualenvs/airflow_sandbox-vp-HKq_L/lib/python3.10/site-packages/airflow/example_dags/example_sla_dag.py took 0.083 seconds
[2024-02-14T09:19:12.085+0000] {processor.py:161} INFO - Started process (PID=11131) to work on /home/codespace/.local/share/virtualenvs/airflow_sandbox-vp-HKq_L/lib/python3.10/site-packages/airflow/example_dags/example_sla_dag.py
[2024-02-14T09:19:12.086+0000] {processor.py:830} INFO - Processing file /home/codespace/.local/share/virtualenvs/airflow_sandbox-vp-HKq_L/lib/python3.10/site-packages/airflow/example_dags/example_sla_dag.py for tasks to queue
[2024-02-14T09:19:12.087+0000] {logging_mixin.py:188} INFO - [2024-02-14T09:19:12.087+0000] {dagbag.py:538} INFO - Filling up the DagBag from /home/codespace/.local/share/virtualenvs/airflow_sandbox-vp-HKq_L/lib/python3.10/site-packages/airflow/example_dags/example_sla_dag.py
[2024-02-14T09:19:12.094+0000] {processor.py:840} INFO - DAG(s) 'example_sla_dag' retrieved from /home/codespace/.local/share/virtualenvs/airflow_sandbox-vp-HKq_L/lib/python3.10/site-packages/airflow/example_dags/example_sla_dag.py
[2024-02-14T09:19:12.105+0000] {logging_mixin.py:188} INFO - [2024-02-14T09:19:12.105+0000] {dag.py:3033} INFO - Sync 1 DAGs
[2024-02-14T09:19:12.124+0000] {logging_mixin.py:188} INFO - [2024-02-14T09:19:12.124+0000] {dag.py:3820} INFO - Setting next_dagrun for example_sla_dag to 2024-02-14T09:16:00+00:00, run_after=2024-02-14T09:18:00+00:00
[2024-02-14T09:19:12.165+0000] {processor.py:183} INFO - Processing /home/codespace/.local/share/virtualenvs/airflow_sandbox-vp-HKq_L/lib/python3.10/site-packages/airflow/example_dags/example_sla_dag.py took 0.082 seconds
[2024-02-14T09:19:50.587+0000] {processor.py:161} INFO - Started process (PID=11406) to work on /home/codespace/.local/share/virtualenvs/airflow_sandbox-vp-HKq_L/lib/python3.10/site-packages/airflow/example_dags/example_sla_dag.py
[2024-02-14T09:19:50.587+0000] {processor.py:830} INFO - Processing file /home/codespace/.local/share/virtualenvs/airflow_sandbox-vp-HKq_L/lib/python3.10/site-packages/airflow/example_dags/example_sla_dag.py for tasks to queue
[2024-02-14T09:19:50.588+0000] {logging_mixin.py:188} INFO - [2024-02-14T09:19:50.588+0000] {dagbag.py:538} INFO - Filling up the DagBag from /home/codespace/.local/share/virtualenvs/airflow_sandbox-vp-HKq_L/lib/python3.10/site-packages/airflow/example_dags/example_sla_dag.py
[2024-02-14T09:19:50.595+0000] {processor.py:840} INFO - DAG(s) 'example_sla_dag' retrieved from /home/codespace/.local/share/virtualenvs/airflow_sandbox-vp-HKq_L/lib/python3.10/site-packages/airflow/example_dags/example_sla_dag.py
[2024-02-14T09:19:50.607+0000] {logging_mixin.py:188} INFO - [2024-02-14T09:19:50.607+0000] {dag.py:3033} INFO - Sync 1 DAGs
[2024-02-14T09:19:50.626+0000] {logging_mixin.py:188} INFO - [2024-02-14T09:19:50.625+0000] {dag.py:3820} INFO - Setting next_dagrun for example_sla_dag to 2024-02-14T09:16:00+00:00, run_after=2024-02-14T09:18:00+00:00
[2024-02-14T09:19:50.666+0000] {processor.py:183} INFO - Processing /home/codespace/.local/share/virtualenvs/airflow_sandbox-vp-HKq_L/lib/python3.10/site-packages/airflow/example_dags/example_sla_dag.py took 0.082 seconds
[2024-02-14T09:20:26.587+0000] {processor.py:161} INFO - Started process (PID=12120) to work on /home/codespace/.local/share/virtualenvs/airflow_sandbox-vp-HKq_L/lib/python3.10/site-packages/airflow/example_dags/example_sla_dag.py
[2024-02-14T09:20:26.588+0000] {processor.py:830} INFO - Processing file /home/codespace/.local/share/virtualenvs/airflow_sandbox-vp-HKq_L/lib/python3.10/site-packages/airflow/example_dags/example_sla_dag.py for tasks to queue
[2024-02-14T09:20:26.588+0000] {logging_mixin.py:188} INFO - [2024-02-14T09:20:26.588+0000] {dagbag.py:538} INFO - Filling up the DagBag from /home/codespace/.local/share/virtualenvs/airflow_sandbox-vp-HKq_L/lib/python3.10/site-packages/airflow/example_dags/example_sla_dag.py
[2024-02-14T09:20:26.595+0000] {processor.py:840} INFO - DAG(s) 'example_sla_dag' retrieved from /home/codespace/.local/share/virtualenvs/airflow_sandbox-vp-HKq_L/lib/python3.10/site-packages/airflow/example_dags/example_sla_dag.py
[2024-02-14T09:20:26.607+0000] {logging_mixin.py:188} INFO - [2024-02-14T09:20:26.607+0000] {dag.py:3033} INFO - Sync 1 DAGs
[2024-02-14T09:20:26.624+0000] {logging_mixin.py:188} INFO - [2024-02-14T09:20:26.624+0000] {dag.py:3820} INFO - Setting next_dagrun for example_sla_dag to 2024-02-14T09:18:00+00:00, run_after=2024-02-14T09:20:00+00:00
[2024-02-14T09:20:26.670+0000] {processor.py:183} INFO - Processing /home/codespace/.local/share/virtualenvs/airflow_sandbox-vp-HKq_L/lib/python3.10/site-packages/airflow/example_dags/example_sla_dag.py took 0.085 seconds
[2024-02-14T09:21:15.718+0000] {processor.py:161} INFO - Started process (PID=12504) to work on /home/codespace/.local/share/virtualenvs/airflow_sandbox-vp-HKq_L/lib/python3.10/site-packages/airflow/example_dags/example_sla_dag.py
[2024-02-14T09:21:15.719+0000] {processor.py:830} INFO - Processing file /home/codespace/.local/share/virtualenvs/airflow_sandbox-vp-HKq_L/lib/python3.10/site-packages/airflow/example_dags/example_sla_dag.py for tasks to queue
[2024-02-14T09:21:15.720+0000] {logging_mixin.py:188} INFO - [2024-02-14T09:21:15.720+0000] {dagbag.py:538} INFO - Filling up the DagBag from /home/codespace/.local/share/virtualenvs/airflow_sandbox-vp-HKq_L/lib/python3.10/site-packages/airflow/example_dags/example_sla_dag.py
[2024-02-14T09:21:15.727+0000] {processor.py:840} INFO - DAG(s) 'example_sla_dag' retrieved from /home/codespace/.local/share/virtualenvs/airflow_sandbox-vp-HKq_L/lib/python3.10/site-packages/airflow/example_dags/example_sla_dag.py
[2024-02-14T09:21:15.741+0000] {logging_mixin.py:188} INFO - [2024-02-14T09:21:15.741+0000] {dag.py:3033} INFO - Sync 1 DAGs
[2024-02-14T09:21:15.760+0000] {logging_mixin.py:188} INFO - [2024-02-14T09:21:15.759+0000] {dag.py:3820} INFO - Setting next_dagrun for example_sla_dag to 2024-02-14T09:18:00+00:00, run_after=2024-02-14T09:20:00+00:00
[2024-02-14T09:21:15.801+0000] {processor.py:183} INFO - Processing /home/codespace/.local/share/virtualenvs/airflow_sandbox-vp-HKq_L/lib/python3.10/site-packages/airflow/example_dags/example_sla_dag.py took 0.085 seconds
[2024-02-14T09:21:52.268+0000] {processor.py:161} INFO - Started process (PID=12765) to work on /home/codespace/.local/share/virtualenvs/airflow_sandbox-vp-HKq_L/lib/python3.10/site-packages/airflow/example_dags/example_sla_dag.py
[2024-02-14T09:21:52.269+0000] {processor.py:830} INFO - Processing file /home/codespace/.local/share/virtualenvs/airflow_sandbox-vp-HKq_L/lib/python3.10/site-packages/airflow/example_dags/example_sla_dag.py for tasks to queue
[2024-02-14T09:21:52.270+0000] {logging_mixin.py:188} INFO - [2024-02-14T09:21:52.269+0000] {dagbag.py:538} INFO - Filling up the DagBag from /home/codespace/.local/share/virtualenvs/airflow_sandbox-vp-HKq_L/lib/python3.10/site-packages/airflow/example_dags/example_sla_dag.py
[2024-02-14T09:21:52.277+0000] {processor.py:840} INFO - DAG(s) 'example_sla_dag' retrieved from /home/codespace/.local/share/virtualenvs/airflow_sandbox-vp-HKq_L/lib/python3.10/site-packages/airflow/example_dags/example_sla_dag.py
[2024-02-14T09:21:52.288+0000] {logging_mixin.py:188} INFO - [2024-02-14T09:21:52.288+0000] {dag.py:3033} INFO - Sync 1 DAGs
[2024-02-14T09:21:52.308+0000] {logging_mixin.py:188} INFO - [2024-02-14T09:21:52.308+0000] {dag.py:3820} INFO - Setting next_dagrun for example_sla_dag to 2024-02-14T09:18:00+00:00, run_after=2024-02-14T09:20:00+00:00
[2024-02-14T09:21:52.349+0000] {processor.py:183} INFO - Processing /home/codespace/.local/share/virtualenvs/airflow_sandbox-vp-HKq_L/lib/python3.10/site-packages/airflow/example_dags/example_sla_dag.py took 0.083 seconds
[2024-02-14T09:22:31.211+0000] {processor.py:161} INFO - Started process (PID=13050) to work on /home/codespace/.local/share/virtualenvs/airflow_sandbox-vp-HKq_L/lib/python3.10/site-packages/airflow/example_dags/example_sla_dag.py
[2024-02-14T09:22:31.212+0000] {processor.py:830} INFO - Processing file /home/codespace/.local/share/virtualenvs/airflow_sandbox-vp-HKq_L/lib/python3.10/site-packages/airflow/example_dags/example_sla_dag.py for tasks to queue
[2024-02-14T09:22:31.213+0000] {logging_mixin.py:188} INFO - [2024-02-14T09:22:31.213+0000] {dagbag.py:538} INFO - Filling up the DagBag from /home/codespace/.local/share/virtualenvs/airflow_sandbox-vp-HKq_L/lib/python3.10/site-packages/airflow/example_dags/example_sla_dag.py
[2024-02-14T09:22:31.224+0000] {processor.py:840} INFO - DAG(s) 'example_sla_dag' retrieved from /home/codespace/.local/share/virtualenvs/airflow_sandbox-vp-HKq_L/lib/python3.10/site-packages/airflow/example_dags/example_sla_dag.py
[2024-02-14T09:22:31.239+0000] {logging_mixin.py:188} INFO - [2024-02-14T09:22:31.239+0000] {dag.py:3033} INFO - Sync 1 DAGs
[2024-02-14T09:22:31.259+0000] {logging_mixin.py:188} INFO - [2024-02-14T09:22:31.259+0000] {dag.py:3820} INFO - Setting next_dagrun for example_sla_dag to 2024-02-14T09:20:00+00:00, run_after=2024-02-14T09:22:00+00:00
[2024-02-14T09:22:31.306+0000] {processor.py:183} INFO - Processing /home/codespace/.local/share/virtualenvs/airflow_sandbox-vp-HKq_L/lib/python3.10/site-packages/airflow/example_dags/example_sla_dag.py took 0.098 seconds
[2024-02-14T09:23:09.081+0000] {processor.py:161} INFO - Started process (PID=13348) to work on /home/codespace/.local/share/virtualenvs/airflow_sandbox-vp-HKq_L/lib/python3.10/site-packages/airflow/example_dags/example_sla_dag.py
[2024-02-14T09:23:09.081+0000] {processor.py:830} INFO - Processing file /home/codespace/.local/share/virtualenvs/airflow_sandbox-vp-HKq_L/lib/python3.10/site-packages/airflow/example_dags/example_sla_dag.py for tasks to queue
[2024-02-14T09:23:09.082+0000] {logging_mixin.py:188} INFO - [2024-02-14T09:23:09.082+0000] {dagbag.py:538} INFO - Filling up the DagBag from /home/codespace/.local/share/virtualenvs/airflow_sandbox-vp-HKq_L/lib/python3.10/site-packages/airflow/example_dags/example_sla_dag.py
[2024-02-14T09:23:09.089+0000] {processor.py:840} INFO - DAG(s) 'example_sla_dag' retrieved from /home/codespace/.local/share/virtualenvs/airflow_sandbox-vp-HKq_L/lib/python3.10/site-packages/airflow/example_dags/example_sla_dag.py
[2024-02-14T09:23:09.101+0000] {logging_mixin.py:188} INFO - [2024-02-14T09:23:09.101+0000] {dag.py:3033} INFO - Sync 1 DAGs
[2024-02-14T09:23:09.120+0000] {logging_mixin.py:188} INFO - [2024-02-14T09:23:09.120+0000] {dag.py:3820} INFO - Setting next_dagrun for example_sla_dag to 2024-02-14T09:20:00+00:00, run_after=2024-02-14T09:22:00+00:00
[2024-02-14T09:23:09.163+0000] {processor.py:183} INFO - Processing /home/codespace/.local/share/virtualenvs/airflow_sandbox-vp-HKq_L/lib/python3.10/site-packages/airflow/example_dags/example_sla_dag.py took 0.085 seconds
[2024-02-14T09:23:46.263+0000] {processor.py:161} INFO - Started process (PID=13591) to work on /home/codespace/.local/share/virtualenvs/airflow_sandbox-vp-HKq_L/lib/python3.10/site-packages/airflow/example_dags/example_sla_dag.py
[2024-02-14T09:23:46.264+0000] {processor.py:830} INFO - Processing file /home/codespace/.local/share/virtualenvs/airflow_sandbox-vp-HKq_L/lib/python3.10/site-packages/airflow/example_dags/example_sla_dag.py for tasks to queue
[2024-02-14T09:23:46.265+0000] {logging_mixin.py:188} INFO - [2024-02-14T09:23:46.265+0000] {dagbag.py:538} INFO - Filling up the DagBag from /home/codespace/.local/share/virtualenvs/airflow_sandbox-vp-HKq_L/lib/python3.10/site-packages/airflow/example_dags/example_sla_dag.py
[2024-02-14T09:23:46.272+0000] {processor.py:840} INFO - DAG(s) 'example_sla_dag' retrieved from /home/codespace/.local/share/virtualenvs/airflow_sandbox-vp-HKq_L/lib/python3.10/site-packages/airflow/example_dags/example_sla_dag.py
[2024-02-14T09:23:46.285+0000] {logging_mixin.py:188} INFO - [2024-02-14T09:23:46.285+0000] {dag.py:3033} INFO - Sync 1 DAGs
[2024-02-14T09:23:46.303+0000] {logging_mixin.py:188} INFO - [2024-02-14T09:23:46.303+0000] {dag.py:3820} INFO - Setting next_dagrun for example_sla_dag to 2024-02-14T09:20:00+00:00, run_after=2024-02-14T09:22:00+00:00
[2024-02-14T09:23:46.343+0000] {processor.py:183} INFO - Processing /home/codespace/.local/share/virtualenvs/airflow_sandbox-vp-HKq_L/lib/python3.10/site-packages/airflow/example_dags/example_sla_dag.py took 0.082 seconds
[2024-02-14T09:24:26.022+0000] {processor.py:161} INFO - Started process (PID=13868) to work on /home/codespace/.local/share/virtualenvs/airflow_sandbox-vp-HKq_L/lib/python3.10/site-packages/airflow/example_dags/example_sla_dag.py
[2024-02-14T09:24:26.022+0000] {processor.py:830} INFO - Processing file /home/codespace/.local/share/virtualenvs/airflow_sandbox-vp-HKq_L/lib/python3.10/site-packages/airflow/example_dags/example_sla_dag.py for tasks to queue
[2024-02-14T09:24:26.023+0000] {logging_mixin.py:188} INFO - [2024-02-14T09:24:26.023+0000] {dagbag.py:538} INFO - Filling up the DagBag from /home/codespace/.local/share/virtualenvs/airflow_sandbox-vp-HKq_L/lib/python3.10/site-packages/airflow/example_dags/example_sla_dag.py
[2024-02-14T09:24:26.030+0000] {processor.py:840} INFO - DAG(s) 'example_sla_dag' retrieved from /home/codespace/.local/share/virtualenvs/airflow_sandbox-vp-HKq_L/lib/python3.10/site-packages/airflow/example_dags/example_sla_dag.py
[2024-02-14T09:24:26.041+0000] {logging_mixin.py:188} INFO - [2024-02-14T09:24:26.041+0000] {dag.py:3033} INFO - Sync 1 DAGs
[2024-02-14T09:24:26.059+0000] {logging_mixin.py:188} INFO - [2024-02-14T09:24:26.059+0000] {dag.py:3820} INFO - Setting next_dagrun for example_sla_dag to 2024-02-14T09:22:00+00:00, run_after=2024-02-14T09:24:00+00:00
[2024-02-14T09:24:26.107+0000] {processor.py:183} INFO - Processing /home/codespace/.local/share/virtualenvs/airflow_sandbox-vp-HKq_L/lib/python3.10/site-packages/airflow/example_dags/example_sla_dag.py took 0.087 seconds
[2024-02-14T09:25:03.127+0000] {processor.py:161} INFO - Started process (PID=14129) to work on /home/codespace/.local/share/virtualenvs/airflow_sandbox-vp-HKq_L/lib/python3.10/site-packages/airflow/example_dags/example_sla_dag.py
[2024-02-14T09:25:03.127+0000] {processor.py:830} INFO - Processing file /home/codespace/.local/share/virtualenvs/airflow_sandbox-vp-HKq_L/lib/python3.10/site-packages/airflow/example_dags/example_sla_dag.py for tasks to queue
[2024-02-14T09:25:03.128+0000] {logging_mixin.py:188} INFO - [2024-02-14T09:25:03.128+0000] {dagbag.py:538} INFO - Filling up the DagBag from /home/codespace/.local/share/virtualenvs/airflow_sandbox-vp-HKq_L/lib/python3.10/site-packages/airflow/example_dags/example_sla_dag.py
[2024-02-14T09:25:03.135+0000] {processor.py:840} INFO - DAG(s) 'example_sla_dag' retrieved from /home/codespace/.local/share/virtualenvs/airflow_sandbox-vp-HKq_L/lib/python3.10/site-packages/airflow/example_dags/example_sla_dag.py
[2024-02-14T09:25:03.146+0000] {logging_mixin.py:188} INFO - [2024-02-14T09:25:03.146+0000] {dag.py:3033} INFO - Sync 1 DAGs
[2024-02-14T09:25:03.164+0000] {logging_mixin.py:188} INFO - [2024-02-14T09:25:03.164+0000] {dag.py:3820} INFO - Setting next_dagrun for example_sla_dag to 2024-02-14T09:22:00+00:00, run_after=2024-02-14T09:24:00+00:00
[2024-02-14T09:25:03.204+0000] {processor.py:183} INFO - Processing /home/codespace/.local/share/virtualenvs/airflow_sandbox-vp-HKq_L/lib/python3.10/site-packages/airflow/example_dags/example_sla_dag.py took 0.080 seconds
[2024-02-14T09:25:40.362+0000] {processor.py:161} INFO - Started process (PID=14371) to work on /home/codespace/.local/share/virtualenvs/airflow_sandbox-vp-HKq_L/lib/python3.10/site-packages/airflow/example_dags/example_sla_dag.py
[2024-02-14T09:25:40.362+0000] {processor.py:830} INFO - Processing file /home/codespace/.local/share/virtualenvs/airflow_sandbox-vp-HKq_L/lib/python3.10/site-packages/airflow/example_dags/example_sla_dag.py for tasks to queue
[2024-02-14T09:25:40.363+0000] {logging_mixin.py:188} INFO - [2024-02-14T09:25:40.363+0000] {dagbag.py:538} INFO - Filling up the DagBag from /home/codespace/.local/share/virtualenvs/airflow_sandbox-vp-HKq_L/lib/python3.10/site-packages/airflow/example_dags/example_sla_dag.py
[2024-02-14T09:25:40.369+0000] {processor.py:840} INFO - DAG(s) 'example_sla_dag' retrieved from /home/codespace/.local/share/virtualenvs/airflow_sandbox-vp-HKq_L/lib/python3.10/site-packages/airflow/example_dags/example_sla_dag.py
[2024-02-14T09:25:40.380+0000] {logging_mixin.py:188} INFO - [2024-02-14T09:25:40.380+0000] {dag.py:3033} INFO - Sync 1 DAGs
[2024-02-14T09:25:40.398+0000] {logging_mixin.py:188} INFO - [2024-02-14T09:25:40.398+0000] {dag.py:3820} INFO - Setting next_dagrun for example_sla_dag to 2024-02-14T09:22:00+00:00, run_after=2024-02-14T09:24:00+00:00
[2024-02-14T09:25:40.439+0000] {processor.py:183} INFO - Processing /home/codespace/.local/share/virtualenvs/airflow_sandbox-vp-HKq_L/lib/python3.10/site-packages/airflow/example_dags/example_sla_dag.py took 0.080 seconds
[2024-02-14T09:26:29.864+0000] {processor.py:161} INFO - Started process (PID=14718) to work on /home/codespace/.local/share/virtualenvs/airflow_sandbox-vp-HKq_L/lib/python3.10/site-packages/airflow/example_dags/example_sla_dag.py
[2024-02-14T09:26:29.865+0000] {processor.py:830} INFO - Processing file /home/codespace/.local/share/virtualenvs/airflow_sandbox-vp-HKq_L/lib/python3.10/site-packages/airflow/example_dags/example_sla_dag.py for tasks to queue
[2024-02-14T09:26:29.865+0000] {logging_mixin.py:188} INFO - [2024-02-14T09:26:29.865+0000] {dagbag.py:538} INFO - Filling up the DagBag from /home/codespace/.local/share/virtualenvs/airflow_sandbox-vp-HKq_L/lib/python3.10/site-packages/airflow/example_dags/example_sla_dag.py
[2024-02-14T09:26:29.872+0000] {processor.py:840} INFO - DAG(s) 'example_sla_dag' retrieved from /home/codespace/.local/share/virtualenvs/airflow_sandbox-vp-HKq_L/lib/python3.10/site-packages/airflow/example_dags/example_sla_dag.py
[2024-02-14T09:26:29.883+0000] {logging_mixin.py:188} INFO - [2024-02-14T09:26:29.883+0000] {dag.py:3033} INFO - Sync 1 DAGs
[2024-02-14T09:26:29.900+0000] {logging_mixin.py:188} INFO - [2024-02-14T09:26:29.900+0000] {dag.py:3820} INFO - Setting next_dagrun for example_sla_dag to 2024-02-14T09:24:00+00:00, run_after=2024-02-14T09:26:00+00:00
[2024-02-14T09:26:29.951+0000] {processor.py:183} INFO - Processing /home/codespace/.local/share/virtualenvs/airflow_sandbox-vp-HKq_L/lib/python3.10/site-packages/airflow/example_dags/example_sla_dag.py took 0.089 seconds
[2024-02-14T09:27:07.085+0000] {processor.py:161} INFO - Started process (PID=14983) to work on /home/codespace/.local/share/virtualenvs/airflow_sandbox-vp-HKq_L/lib/python3.10/site-packages/airflow/example_dags/example_sla_dag.py
[2024-02-14T09:27:07.086+0000] {processor.py:830} INFO - Processing file /home/codespace/.local/share/virtualenvs/airflow_sandbox-vp-HKq_L/lib/python3.10/site-packages/airflow/example_dags/example_sla_dag.py for tasks to queue
[2024-02-14T09:27:07.086+0000] {logging_mixin.py:188} INFO - [2024-02-14T09:27:07.086+0000] {dagbag.py:538} INFO - Filling up the DagBag from /home/codespace/.local/share/virtualenvs/airflow_sandbox-vp-HKq_L/lib/python3.10/site-packages/airflow/example_dags/example_sla_dag.py
[2024-02-14T09:27:07.093+0000] {processor.py:840} INFO - DAG(s) 'example_sla_dag' retrieved from /home/codespace/.local/share/virtualenvs/airflow_sandbox-vp-HKq_L/lib/python3.10/site-packages/airflow/example_dags/example_sla_dag.py
[2024-02-14T09:27:07.104+0000] {logging_mixin.py:188} INFO - [2024-02-14T09:27:07.104+0000] {dag.py:3033} INFO - Sync 1 DAGs
[2024-02-14T09:27:07.122+0000] {logging_mixin.py:188} INFO - [2024-02-14T09:27:07.122+0000] {dag.py:3820} INFO - Setting next_dagrun for example_sla_dag to 2024-02-14T09:24:00+00:00, run_after=2024-02-14T09:26:00+00:00
[2024-02-14T09:27:07.168+0000] {processor.py:183} INFO - Processing /home/codespace/.local/share/virtualenvs/airflow_sandbox-vp-HKq_L/lib/python3.10/site-packages/airflow/example_dags/example_sla_dag.py took 0.085 seconds
[2024-02-14T09:27:43.473+0000] {processor.py:161} INFO - Started process (PID=15246) to work on /home/codespace/.local/share/virtualenvs/airflow_sandbox-vp-HKq_L/lib/python3.10/site-packages/airflow/example_dags/example_sla_dag.py
[2024-02-14T09:27:43.474+0000] {processor.py:830} INFO - Processing file /home/codespace/.local/share/virtualenvs/airflow_sandbox-vp-HKq_L/lib/python3.10/site-packages/airflow/example_dags/example_sla_dag.py for tasks to queue
[2024-02-14T09:27:43.475+0000] {logging_mixin.py:188} INFO - [2024-02-14T09:27:43.474+0000] {dagbag.py:538} INFO - Filling up the DagBag from /home/codespace/.local/share/virtualenvs/airflow_sandbox-vp-HKq_L/lib/python3.10/site-packages/airflow/example_dags/example_sla_dag.py
[2024-02-14T09:27:43.485+0000] {processor.py:840} INFO - DAG(s) 'example_sla_dag' retrieved from /home/codespace/.local/share/virtualenvs/airflow_sandbox-vp-HKq_L/lib/python3.10/site-packages/airflow/example_dags/example_sla_dag.py
[2024-02-14T09:27:43.501+0000] {logging_mixin.py:188} INFO - [2024-02-14T09:27:43.501+0000] {dag.py:3033} INFO - Sync 1 DAGs
[2024-02-14T09:27:43.532+0000] {logging_mixin.py:188} INFO - [2024-02-14T09:27:43.531+0000] {dag.py:3820} INFO - Setting next_dagrun for example_sla_dag to 2024-02-14T09:24:00+00:00, run_after=2024-02-14T09:26:00+00:00
[2024-02-14T09:27:43.608+0000] {processor.py:183} INFO - Processing /home/codespace/.local/share/virtualenvs/airflow_sandbox-vp-HKq_L/lib/python3.10/site-packages/airflow/example_dags/example_sla_dag.py took 0.138 seconds
[2024-02-14T09:28:20.426+0000] {processor.py:161} INFO - Started process (PID=15514) to work on /home/codespace/.local/share/virtualenvs/airflow_sandbox-vp-HKq_L/lib/python3.10/site-packages/airflow/example_dags/example_sla_dag.py
[2024-02-14T09:28:20.427+0000] {processor.py:830} INFO - Processing file /home/codespace/.local/share/virtualenvs/airflow_sandbox-vp-HKq_L/lib/python3.10/site-packages/airflow/example_dags/example_sla_dag.py for tasks to queue
[2024-02-14T09:28:20.427+0000] {logging_mixin.py:188} INFO - [2024-02-14T09:28:20.427+0000] {dagbag.py:538} INFO - Filling up the DagBag from /home/codespace/.local/share/virtualenvs/airflow_sandbox-vp-HKq_L/lib/python3.10/site-packages/airflow/example_dags/example_sla_dag.py
[2024-02-14T09:28:20.434+0000] {processor.py:840} INFO - DAG(s) 'example_sla_dag' retrieved from /home/codespace/.local/share/virtualenvs/airflow_sandbox-vp-HKq_L/lib/python3.10/site-packages/airflow/example_dags/example_sla_dag.py
[2024-02-14T09:28:20.446+0000] {logging_mixin.py:188} INFO - [2024-02-14T09:28:20.446+0000] {dag.py:3033} INFO - Sync 1 DAGs
[2024-02-14T09:28:20.466+0000] {logging_mixin.py:188} INFO - [2024-02-14T09:28:20.466+0000] {dag.py:3820} INFO - Setting next_dagrun for example_sla_dag to 2024-02-14T09:26:00+00:00, run_after=2024-02-14T09:28:00+00:00
[2024-02-14T09:28:20.511+0000] {processor.py:183} INFO - Processing /home/codespace/.local/share/virtualenvs/airflow_sandbox-vp-HKq_L/lib/python3.10/site-packages/airflow/example_dags/example_sla_dag.py took 0.088 seconds
[2024-02-14T09:28:55.607+0000] {processor.py:161} INFO - Started process (PID=15919) to work on /home/codespace/.local/share/virtualenvs/airflow_sandbox-vp-HKq_L/lib/python3.10/site-packages/airflow/example_dags/example_sla_dag.py
[2024-02-14T09:28:55.608+0000] {processor.py:830} INFO - Processing file /home/codespace/.local/share/virtualenvs/airflow_sandbox-vp-HKq_L/lib/python3.10/site-packages/airflow/example_dags/example_sla_dag.py for tasks to queue
[2024-02-14T09:28:55.609+0000] {logging_mixin.py:188} INFO - [2024-02-14T09:28:55.608+0000] {dagbag.py:538} INFO - Filling up the DagBag from /home/codespace/.local/share/virtualenvs/airflow_sandbox-vp-HKq_L/lib/python3.10/site-packages/airflow/example_dags/example_sla_dag.py
[2024-02-14T09:28:55.617+0000] {processor.py:840} INFO - DAG(s) 'example_sla_dag' retrieved from /home/codespace/.local/share/virtualenvs/airflow_sandbox-vp-HKq_L/lib/python3.10/site-packages/airflow/example_dags/example_sla_dag.py
[2024-02-14T09:28:55.630+0000] {logging_mixin.py:188} INFO - [2024-02-14T09:28:55.630+0000] {dag.py:3033} INFO - Sync 1 DAGs
[2024-02-14T09:28:55.656+0000] {logging_mixin.py:188} INFO - [2024-02-14T09:28:55.655+0000] {dag.py:3820} INFO - Setting next_dagrun for example_sla_dag to 2024-02-14T09:26:00+00:00, run_after=2024-02-14T09:28:00+00:00
[2024-02-14T09:28:55.702+0000] {processor.py:183} INFO - Processing /home/codespace/.local/share/virtualenvs/airflow_sandbox-vp-HKq_L/lib/python3.10/site-packages/airflow/example_dags/example_sla_dag.py took 0.098 seconds
[2024-02-14T09:29:31.516+0000] {processor.py:161} INFO - Started process (PID=16165) to work on /home/codespace/.local/share/virtualenvs/airflow_sandbox-vp-HKq_L/lib/python3.10/site-packages/airflow/example_dags/example_sla_dag.py
[2024-02-14T09:29:31.517+0000] {processor.py:830} INFO - Processing file /home/codespace/.local/share/virtualenvs/airflow_sandbox-vp-HKq_L/lib/python3.10/site-packages/airflow/example_dags/example_sla_dag.py for tasks to queue
[2024-02-14T09:29:31.518+0000] {logging_mixin.py:188} INFO - [2024-02-14T09:29:31.518+0000] {dagbag.py:538} INFO - Filling up the DagBag from /home/codespace/.local/share/virtualenvs/airflow_sandbox-vp-HKq_L/lib/python3.10/site-packages/airflow/example_dags/example_sla_dag.py
[2024-02-14T09:29:31.525+0000] {processor.py:840} INFO - DAG(s) 'example_sla_dag' retrieved from /home/codespace/.local/share/virtualenvs/airflow_sandbox-vp-HKq_L/lib/python3.10/site-packages/airflow/example_dags/example_sla_dag.py
[2024-02-14T09:29:31.543+0000] {logging_mixin.py:188} INFO - [2024-02-14T09:29:31.542+0000] {dag.py:3033} INFO - Sync 1 DAGs
[2024-02-14T09:29:31.563+0000] {logging_mixin.py:188} INFO - [2024-02-14T09:29:31.563+0000] {dag.py:3820} INFO - Setting next_dagrun for example_sla_dag to 2024-02-14T09:26:00+00:00, run_after=2024-02-14T09:28:00+00:00
[2024-02-14T09:29:31.607+0000] {processor.py:183} INFO - Processing /home/codespace/.local/share/virtualenvs/airflow_sandbox-vp-HKq_L/lib/python3.10/site-packages/airflow/example_dags/example_sla_dag.py took 0.092 seconds
[2024-02-14T09:30:08.304+0000] {processor.py:161} INFO - Started process (PID=16431) to work on /home/codespace/.local/share/virtualenvs/airflow_sandbox-vp-HKq_L/lib/python3.10/site-packages/airflow/example_dags/example_sla_dag.py
[2024-02-14T09:30:08.305+0000] {processor.py:830} INFO - Processing file /home/codespace/.local/share/virtualenvs/airflow_sandbox-vp-HKq_L/lib/python3.10/site-packages/airflow/example_dags/example_sla_dag.py for tasks to queue
[2024-02-14T09:30:08.306+0000] {logging_mixin.py:188} INFO - [2024-02-14T09:30:08.305+0000] {dagbag.py:538} INFO - Filling up the DagBag from /home/codespace/.local/share/virtualenvs/airflow_sandbox-vp-HKq_L/lib/python3.10/site-packages/airflow/example_dags/example_sla_dag.py
[2024-02-14T09:30:08.314+0000] {processor.py:840} INFO - DAG(s) 'example_sla_dag' retrieved from /home/codespace/.local/share/virtualenvs/airflow_sandbox-vp-HKq_L/lib/python3.10/site-packages/airflow/example_dags/example_sla_dag.py
[2024-02-14T09:30:08.325+0000] {logging_mixin.py:188} INFO - [2024-02-14T09:30:08.325+0000] {dag.py:3033} INFO - Sync 1 DAGs
[2024-02-14T09:30:08.343+0000] {logging_mixin.py:188} INFO - [2024-02-14T09:30:08.342+0000] {dag.py:3820} INFO - Setting next_dagrun for example_sla_dag to 2024-02-14T09:28:00+00:00, run_after=2024-02-14T09:30:00+00:00
[2024-02-14T09:30:08.385+0000] {processor.py:183} INFO - Processing /home/codespace/.local/share/virtualenvs/airflow_sandbox-vp-HKq_L/lib/python3.10/site-packages/airflow/example_dags/example_sla_dag.py took 0.083 seconds
[2024-02-14T09:30:58.829+0000] {processor.py:161} INFO - Started process (PID=16791) to work on /home/codespace/.local/share/virtualenvs/airflow_sandbox-vp-HKq_L/lib/python3.10/site-packages/airflow/example_dags/example_sla_dag.py
[2024-02-14T09:30:58.829+0000] {processor.py:830} INFO - Processing file /home/codespace/.local/share/virtualenvs/airflow_sandbox-vp-HKq_L/lib/python3.10/site-packages/airflow/example_dags/example_sla_dag.py for tasks to queue
[2024-02-14T09:30:58.830+0000] {logging_mixin.py:188} INFO - [2024-02-14T09:30:58.830+0000] {dagbag.py:538} INFO - Filling up the DagBag from /home/codespace/.local/share/virtualenvs/airflow_sandbox-vp-HKq_L/lib/python3.10/site-packages/airflow/example_dags/example_sla_dag.py
[2024-02-14T09:30:58.837+0000] {processor.py:840} INFO - DAG(s) 'example_sla_dag' retrieved from /home/codespace/.local/share/virtualenvs/airflow_sandbox-vp-HKq_L/lib/python3.10/site-packages/airflow/example_dags/example_sla_dag.py
[2024-02-14T09:30:58.848+0000] {logging_mixin.py:188} INFO - [2024-02-14T09:30:58.848+0000] {dag.py:3033} INFO - Sync 1 DAGs
[2024-02-14T09:30:58.871+0000] {logging_mixin.py:188} INFO - [2024-02-14T09:30:58.871+0000] {dag.py:3820} INFO - Setting next_dagrun for example_sla_dag to 2024-02-14T09:28:00+00:00, run_after=2024-02-14T09:30:00+00:00
[2024-02-14T09:30:58.931+0000] {processor.py:183} INFO - Processing /home/codespace/.local/share/virtualenvs/airflow_sandbox-vp-HKq_L/lib/python3.10/site-packages/airflow/example_dags/example_sla_dag.py took 0.105 seconds
[2024-02-14T09:31:50.605+0000] {processor.py:161} INFO - Started process (PID=17158) to work on /home/codespace/.local/share/virtualenvs/airflow_sandbox-vp-HKq_L/lib/python3.10/site-packages/airflow/example_dags/example_sla_dag.py
[2024-02-14T09:31:50.606+0000] {processor.py:830} INFO - Processing file /home/codespace/.local/share/virtualenvs/airflow_sandbox-vp-HKq_L/lib/python3.10/site-packages/airflow/example_dags/example_sla_dag.py for tasks to queue
[2024-02-14T09:31:50.606+0000] {logging_mixin.py:188} INFO - [2024-02-14T09:31:50.606+0000] {dagbag.py:538} INFO - Filling up the DagBag from /home/codespace/.local/share/virtualenvs/airflow_sandbox-vp-HKq_L/lib/python3.10/site-packages/airflow/example_dags/example_sla_dag.py
[2024-02-14T09:31:50.613+0000] {processor.py:840} INFO - DAG(s) 'example_sla_dag' retrieved from /home/codespace/.local/share/virtualenvs/airflow_sandbox-vp-HKq_L/lib/python3.10/site-packages/airflow/example_dags/example_sla_dag.py
[2024-02-14T09:31:50.624+0000] {logging_mixin.py:188} INFO - [2024-02-14T09:31:50.624+0000] {dag.py:3033} INFO - Sync 1 DAGs
[2024-02-14T09:31:50.644+0000] {logging_mixin.py:188} INFO - [2024-02-14T09:31:50.644+0000] {dag.py:3820} INFO - Setting next_dagrun for example_sla_dag to 2024-02-14T09:28:00+00:00, run_after=2024-02-14T09:30:00+00:00
[2024-02-14T09:31:50.687+0000] {processor.py:183} INFO - Processing /home/codespace/.local/share/virtualenvs/airflow_sandbox-vp-HKq_L/lib/python3.10/site-packages/airflow/example_dags/example_sla_dag.py took 0.084 seconds
[2024-02-14T09:32:27.211+0000] {processor.py:161} INFO - Started process (PID=17399) to work on /home/codespace/.local/share/virtualenvs/airflow_sandbox-vp-HKq_L/lib/python3.10/site-packages/airflow/example_dags/example_sla_dag.py
[2024-02-14T09:32:27.212+0000] {processor.py:830} INFO - Processing file /home/codespace/.local/share/virtualenvs/airflow_sandbox-vp-HKq_L/lib/python3.10/site-packages/airflow/example_dags/example_sla_dag.py for tasks to queue
[2024-02-14T09:32:27.213+0000] {logging_mixin.py:188} INFO - [2024-02-14T09:32:27.213+0000] {dagbag.py:538} INFO - Filling up the DagBag from /home/codespace/.local/share/virtualenvs/airflow_sandbox-vp-HKq_L/lib/python3.10/site-packages/airflow/example_dags/example_sla_dag.py
[2024-02-14T09:32:27.226+0000] {processor.py:840} INFO - DAG(s) 'example_sla_dag' retrieved from /home/codespace/.local/share/virtualenvs/airflow_sandbox-vp-HKq_L/lib/python3.10/site-packages/airflow/example_dags/example_sla_dag.py
[2024-02-14T09:32:27.239+0000] {logging_mixin.py:188} INFO - [2024-02-14T09:32:27.239+0000] {dag.py:3033} INFO - Sync 1 DAGs
[2024-02-14T09:32:27.258+0000] {logging_mixin.py:188} INFO - [2024-02-14T09:32:27.258+0000] {dag.py:3820} INFO - Setting next_dagrun for example_sla_dag to 2024-02-14T09:30:00+00:00, run_after=2024-02-14T09:32:00+00:00
[2024-02-14T09:32:27.302+0000] {processor.py:183} INFO - Processing /home/codespace/.local/share/virtualenvs/airflow_sandbox-vp-HKq_L/lib/python3.10/site-packages/airflow/example_dags/example_sla_dag.py took 0.094 seconds
[2024-02-14T09:33:02.497+0000] {processor.py:161} INFO - Started process (PID=17686) to work on /home/codespace/.local/share/virtualenvs/airflow_sandbox-vp-HKq_L/lib/python3.10/site-packages/airflow/example_dags/example_sla_dag.py
[2024-02-14T09:33:02.498+0000] {processor.py:830} INFO - Processing file /home/codespace/.local/share/virtualenvs/airflow_sandbox-vp-HKq_L/lib/python3.10/site-packages/airflow/example_dags/example_sla_dag.py for tasks to queue
[2024-02-14T09:33:02.499+0000] {logging_mixin.py:188} INFO - [2024-02-14T09:33:02.499+0000] {dagbag.py:538} INFO - Filling up the DagBag from /home/codespace/.local/share/virtualenvs/airflow_sandbox-vp-HKq_L/lib/python3.10/site-packages/airflow/example_dags/example_sla_dag.py
[2024-02-14T09:33:02.506+0000] {processor.py:840} INFO - DAG(s) 'example_sla_dag' retrieved from /home/codespace/.local/share/virtualenvs/airflow_sandbox-vp-HKq_L/lib/python3.10/site-packages/airflow/example_dags/example_sla_dag.py
[2024-02-14T09:33:02.517+0000] {logging_mixin.py:188} INFO - [2024-02-14T09:33:02.517+0000] {dag.py:3033} INFO - Sync 1 DAGs
[2024-02-14T09:33:02.536+0000] {logging_mixin.py:188} INFO - [2024-02-14T09:33:02.535+0000] {dag.py:3820} INFO - Setting next_dagrun for example_sla_dag to 2024-02-14T09:30:00+00:00, run_after=2024-02-14T09:32:00+00:00
[2024-02-14T09:33:02.577+0000] {processor.py:183} INFO - Processing /home/codespace/.local/share/virtualenvs/airflow_sandbox-vp-HKq_L/lib/python3.10/site-packages/airflow/example_dags/example_sla_dag.py took 0.082 seconds
[2024-02-14T09:33:37.811+0000] {processor.py:161} INFO - Started process (PID=17928) to work on /home/codespace/.local/share/virtualenvs/airflow_sandbox-vp-HKq_L/lib/python3.10/site-packages/airflow/example_dags/example_sla_dag.py
[2024-02-14T09:33:37.812+0000] {processor.py:830} INFO - Processing file /home/codespace/.local/share/virtualenvs/airflow_sandbox-vp-HKq_L/lib/python3.10/site-packages/airflow/example_dags/example_sla_dag.py for tasks to queue
[2024-02-14T09:33:37.813+0000] {logging_mixin.py:188} INFO - [2024-02-14T09:33:37.812+0000] {dagbag.py:538} INFO - Filling up the DagBag from /home/codespace/.local/share/virtualenvs/airflow_sandbox-vp-HKq_L/lib/python3.10/site-packages/airflow/example_dags/example_sla_dag.py
[2024-02-14T09:33:37.821+0000] {processor.py:840} INFO - DAG(s) 'example_sla_dag' retrieved from /home/codespace/.local/share/virtualenvs/airflow_sandbox-vp-HKq_L/lib/python3.10/site-packages/airflow/example_dags/example_sla_dag.py
[2024-02-14T09:33:37.834+0000] {logging_mixin.py:188} INFO - [2024-02-14T09:33:37.834+0000] {dag.py:3033} INFO - Sync 1 DAGs
[2024-02-14T09:33:37.853+0000] {logging_mixin.py:188} INFO - [2024-02-14T09:33:37.853+0000] {dag.py:3820} INFO - Setting next_dagrun for example_sla_dag to 2024-02-14T09:30:00+00:00, run_after=2024-02-14T09:32:00+00:00
[2024-02-14T09:33:37.896+0000] {processor.py:183} INFO - Processing /home/codespace/.local/share/virtualenvs/airflow_sandbox-vp-HKq_L/lib/python3.10/site-packages/airflow/example_dags/example_sla_dag.py took 0.088 seconds
[2024-02-14T09:34:29.919+0000] {processor.py:161} INFO - Started process (PID=18303) to work on /home/codespace/.local/share/virtualenvs/airflow_sandbox-vp-HKq_L/lib/python3.10/site-packages/airflow/example_dags/example_sla_dag.py
[2024-02-14T09:34:29.920+0000] {processor.py:830} INFO - Processing file /home/codespace/.local/share/virtualenvs/airflow_sandbox-vp-HKq_L/lib/python3.10/site-packages/airflow/example_dags/example_sla_dag.py for tasks to queue
[2024-02-14T09:34:29.921+0000] {logging_mixin.py:188} INFO - [2024-02-14T09:34:29.920+0000] {dagbag.py:538} INFO - Filling up the DagBag from /home/codespace/.local/share/virtualenvs/airflow_sandbox-vp-HKq_L/lib/python3.10/site-packages/airflow/example_dags/example_sla_dag.py
[2024-02-14T09:34:29.928+0000] {processor.py:840} INFO - DAG(s) 'example_sla_dag' retrieved from /home/codespace/.local/share/virtualenvs/airflow_sandbox-vp-HKq_L/lib/python3.10/site-packages/airflow/example_dags/example_sla_dag.py
[2024-02-14T09:34:29.939+0000] {logging_mixin.py:188} INFO - [2024-02-14T09:34:29.939+0000] {dag.py:3033} INFO - Sync 1 DAGs
[2024-02-14T09:34:29.959+0000] {logging_mixin.py:188} INFO - [2024-02-14T09:34:29.959+0000] {dag.py:3820} INFO - Setting next_dagrun for example_sla_dag to 2024-02-14T09:32:00+00:00, run_after=2024-02-14T09:34:00+00:00
[2024-02-14T09:34:30.008+0000] {processor.py:183} INFO - Processing /home/codespace/.local/share/virtualenvs/airflow_sandbox-vp-HKq_L/lib/python3.10/site-packages/airflow/example_dags/example_sla_dag.py took 0.091 seconds
