[2024-02-14T09:08:17.756+0000] {processor.py:161} INFO - Started process (PID=4911) to work on /home/codespace/.local/share/virtualenvs/airflow_sandbox-vp-HKq_L/lib/python3.10/site-packages/airflow/example_dags/example_branch_datetime_operator.py
[2024-02-14T09:08:17.757+0000] {processor.py:830} INFO - Processing file /home/codespace/.local/share/virtualenvs/airflow_sandbox-vp-HKq_L/lib/python3.10/site-packages/airflow/example_dags/example_branch_datetime_operator.py for tasks to queue
[2024-02-14T09:08:17.758+0000] {logging_mixin.py:188} INFO - [2024-02-14T09:08:17.757+0000] {dagbag.py:538} INFO - Filling up the DagBag from /home/codespace/.local/share/virtualenvs/airflow_sandbox-vp-HKq_L/lib/python3.10/site-packages/airflow/example_dags/example_branch_datetime_operator.py
[2024-02-14T09:08:17.766+0000] {processor.py:840} INFO - DAG(s) 'example_branch_datetime_operator_3', 'example_branch_datetime_operator', 'example_branch_datetime_operator_2' retrieved from /home/codespace/.local/share/virtualenvs/airflow_sandbox-vp-HKq_L/lib/python3.10/site-packages/airflow/example_dags/example_branch_datetime_operator.py
[2024-02-14T09:08:17.786+0000] {logging_mixin.py:188} INFO - [2024-02-14T09:08:17.786+0000] {dag.py:3033} INFO - Sync 3 DAGs
[2024-02-14T09:08:17.805+0000] {logging_mixin.py:188} INFO - [2024-02-14T09:08:17.805+0000] {dag.py:3820} INFO - Setting next_dagrun for example_branch_datetime_operator to 2024-02-13T00:00:00+00:00, run_after=2024-02-14T00:00:00+00:00
[2024-02-14T09:08:17.809+0000] {logging_mixin.py:188} INFO - [2024-02-14T09:08:17.809+0000] {dag.py:3820} INFO - Setting next_dagrun for example_branch_datetime_operator_2 to 2024-02-13T00:00:00+00:00, run_after=2024-02-14T00:00:00+00:00
[2024-02-14T09:08:17.811+0000] {logging_mixin.py:188} INFO - [2024-02-14T09:08:17.811+0000] {dag.py:3820} INFO - Setting next_dagrun for example_branch_datetime_operator_3 to 2024-02-13T00:00:00+00:00, run_after=2024-02-14T00:00:00+00:00
[2024-02-14T09:08:17.860+0000] {processor.py:183} INFO - Processing /home/codespace/.local/share/virtualenvs/airflow_sandbox-vp-HKq_L/lib/python3.10/site-packages/airflow/example_dags/example_branch_datetime_operator.py took 0.106 seconds
[2024-02-14T09:09:24.342+0000] {processor.py:161} INFO - Started process (PID=5923) to work on /home/codespace/.local/share/virtualenvs/airflow_sandbox-vp-HKq_L/lib/python3.10/site-packages/airflow/example_dags/example_branch_datetime_operator.py
[2024-02-14T09:09:24.343+0000] {processor.py:830} INFO - Processing file /home/codespace/.local/share/virtualenvs/airflow_sandbox-vp-HKq_L/lib/python3.10/site-packages/airflow/example_dags/example_branch_datetime_operator.py for tasks to queue
[2024-02-14T09:09:24.343+0000] {logging_mixin.py:188} INFO - [2024-02-14T09:09:24.343+0000] {dagbag.py:538} INFO - Filling up the DagBag from /home/codespace/.local/share/virtualenvs/airflow_sandbox-vp-HKq_L/lib/python3.10/site-packages/airflow/example_dags/example_branch_datetime_operator.py
[2024-02-14T09:09:24.353+0000] {processor.py:840} INFO - DAG(s) 'example_branch_datetime_operator_2', 'example_branch_datetime_operator', 'example_branch_datetime_operator_3' retrieved from /home/codespace/.local/share/virtualenvs/airflow_sandbox-vp-HKq_L/lib/python3.10/site-packages/airflow/example_dags/example_branch_datetime_operator.py
[2024-02-14T09:09:24.370+0000] {logging_mixin.py:188} INFO - [2024-02-14T09:09:24.370+0000] {dag.py:3033} INFO - Sync 3 DAGs
[2024-02-14T09:09:24.388+0000] {logging_mixin.py:188} INFO - [2024-02-14T09:09:24.388+0000] {dag.py:3820} INFO - Setting next_dagrun for example_branch_datetime_operator to 2024-02-13T00:00:00+00:00, run_after=2024-02-14T00:00:00+00:00
[2024-02-14T09:09:24.392+0000] {logging_mixin.py:188} INFO - [2024-02-14T09:09:24.392+0000] {dag.py:3820} INFO - Setting next_dagrun for example_branch_datetime_operator_2 to 2024-02-13T00:00:00+00:00, run_after=2024-02-14T00:00:00+00:00
[2024-02-14T09:09:24.394+0000] {logging_mixin.py:188} INFO - [2024-02-14T09:09:24.393+0000] {dag.py:3820} INFO - Setting next_dagrun for example_branch_datetime_operator_3 to 2024-02-13T00:00:00+00:00, run_after=2024-02-14T00:00:00+00:00
[2024-02-14T09:09:24.432+0000] {processor.py:183} INFO - Processing /home/codespace/.local/share/virtualenvs/airflow_sandbox-vp-HKq_L/lib/python3.10/site-packages/airflow/example_dags/example_branch_datetime_operator.py took 0.092 seconds
[2024-02-14T09:10:27.814+0000] {processor.py:161} INFO - Started process (PID=6721) to work on /home/codespace/.local/share/virtualenvs/airflow_sandbox-vp-HKq_L/lib/python3.10/site-packages/airflow/example_dags/example_branch_datetime_operator.py
[2024-02-14T09:10:27.815+0000] {processor.py:830} INFO - Processing file /home/codespace/.local/share/virtualenvs/airflow_sandbox-vp-HKq_L/lib/python3.10/site-packages/airflow/example_dags/example_branch_datetime_operator.py for tasks to queue
[2024-02-14T09:10:27.816+0000] {logging_mixin.py:188} INFO - [2024-02-14T09:10:27.816+0000] {dagbag.py:538} INFO - Filling up the DagBag from /home/codespace/.local/share/virtualenvs/airflow_sandbox-vp-HKq_L/lib/python3.10/site-packages/airflow/example_dags/example_branch_datetime_operator.py
[2024-02-14T09:10:27.824+0000] {processor.py:840} INFO - DAG(s) 'example_branch_datetime_operator', 'example_branch_datetime_operator_3', 'example_branch_datetime_operator_2' retrieved from /home/codespace/.local/share/virtualenvs/airflow_sandbox-vp-HKq_L/lib/python3.10/site-packages/airflow/example_dags/example_branch_datetime_operator.py
[2024-02-14T09:10:27.842+0000] {logging_mixin.py:188} INFO - [2024-02-14T09:10:27.841+0000] {dag.py:3033} INFO - Sync 3 DAGs
[2024-02-14T09:10:27.860+0000] {logging_mixin.py:188} INFO - [2024-02-14T09:10:27.860+0000] {dag.py:3820} INFO - Setting next_dagrun for example_branch_datetime_operator to 2024-02-13T00:00:00+00:00, run_after=2024-02-14T00:00:00+00:00
[2024-02-14T09:10:27.863+0000] {logging_mixin.py:188} INFO - [2024-02-14T09:10:27.863+0000] {dag.py:3820} INFO - Setting next_dagrun for example_branch_datetime_operator_2 to 2024-02-13T00:00:00+00:00, run_after=2024-02-14T00:00:00+00:00
[2024-02-14T09:10:27.865+0000] {logging_mixin.py:188} INFO - [2024-02-14T09:10:27.865+0000] {dag.py:3820} INFO - Setting next_dagrun for example_branch_datetime_operator_3 to 2024-02-13T00:00:00+00:00, run_after=2024-02-14T00:00:00+00:00
[2024-02-14T09:10:27.906+0000] {processor.py:183} INFO - Processing /home/codespace/.local/share/virtualenvs/airflow_sandbox-vp-HKq_L/lib/python3.10/site-packages/airflow/example_dags/example_branch_datetime_operator.py took 0.094 seconds
[2024-02-14T09:11:23.043+0000] {processor.py:161} INFO - Started process (PID=7379) to work on /home/codespace/.local/share/virtualenvs/airflow_sandbox-vp-HKq_L/lib/python3.10/site-packages/airflow/example_dags/example_branch_datetime_operator.py
[2024-02-14T09:11:23.044+0000] {processor.py:830} INFO - Processing file /home/codespace/.local/share/virtualenvs/airflow_sandbox-vp-HKq_L/lib/python3.10/site-packages/airflow/example_dags/example_branch_datetime_operator.py for tasks to queue
[2024-02-14T09:11:23.045+0000] {logging_mixin.py:188} INFO - [2024-02-14T09:11:23.045+0000] {dagbag.py:538} INFO - Filling up the DagBag from /home/codespace/.local/share/virtualenvs/airflow_sandbox-vp-HKq_L/lib/python3.10/site-packages/airflow/example_dags/example_branch_datetime_operator.py
[2024-02-14T09:11:23.060+0000] {processor.py:840} INFO - DAG(s) 'example_branch_datetime_operator', 'example_branch_datetime_operator_3', 'example_branch_datetime_operator_2' retrieved from /home/codespace/.local/share/virtualenvs/airflow_sandbox-vp-HKq_L/lib/python3.10/site-packages/airflow/example_dags/example_branch_datetime_operator.py
[2024-02-14T09:11:23.087+0000] {logging_mixin.py:188} INFO - [2024-02-14T09:11:23.087+0000] {dag.py:3033} INFO - Sync 3 DAGs
[2024-02-14T09:11:23.106+0000] {logging_mixin.py:188} INFO - [2024-02-14T09:11:23.106+0000] {dag.py:3820} INFO - Setting next_dagrun for example_branch_datetime_operator to 2024-02-13T00:00:00+00:00, run_after=2024-02-14T00:00:00+00:00
[2024-02-14T09:11:23.110+0000] {logging_mixin.py:188} INFO - [2024-02-14T09:11:23.110+0000] {dag.py:3820} INFO - Setting next_dagrun for example_branch_datetime_operator_2 to 2024-02-13T00:00:00+00:00, run_after=2024-02-14T00:00:00+00:00
[2024-02-14T09:11:23.112+0000] {logging_mixin.py:188} INFO - [2024-02-14T09:11:23.111+0000] {dag.py:3820} INFO - Setting next_dagrun for example_branch_datetime_operator_3 to 2024-02-13T00:00:00+00:00, run_after=2024-02-14T00:00:00+00:00
[2024-02-14T09:11:23.153+0000] {processor.py:183} INFO - Processing /home/codespace/.local/share/virtualenvs/airflow_sandbox-vp-HKq_L/lib/python3.10/site-packages/airflow/example_dags/example_branch_datetime_operator.py took 0.113 seconds
[2024-02-14T09:12:18.026+0000] {processor.py:161} INFO - Started process (PID=8016) to work on /home/codespace/.local/share/virtualenvs/airflow_sandbox-vp-HKq_L/lib/python3.10/site-packages/airflow/example_dags/example_branch_datetime_operator.py
[2024-02-14T09:12:18.026+0000] {processor.py:830} INFO - Processing file /home/codespace/.local/share/virtualenvs/airflow_sandbox-vp-HKq_L/lib/python3.10/site-packages/airflow/example_dags/example_branch_datetime_operator.py for tasks to queue
[2024-02-14T09:12:18.027+0000] {logging_mixin.py:188} INFO - [2024-02-14T09:12:18.027+0000] {dagbag.py:538} INFO - Filling up the DagBag from /home/codespace/.local/share/virtualenvs/airflow_sandbox-vp-HKq_L/lib/python3.10/site-packages/airflow/example_dags/example_branch_datetime_operator.py
[2024-02-14T09:12:18.035+0000] {processor.py:840} INFO - DAG(s) 'example_branch_datetime_operator_3', 'example_branch_datetime_operator', 'example_branch_datetime_operator_2' retrieved from /home/codespace/.local/share/virtualenvs/airflow_sandbox-vp-HKq_L/lib/python3.10/site-packages/airflow/example_dags/example_branch_datetime_operator.py
[2024-02-14T09:12:18.051+0000] {logging_mixin.py:188} INFO - [2024-02-14T09:12:18.051+0000] {dag.py:3033} INFO - Sync 3 DAGs
[2024-02-14T09:12:18.069+0000] {logging_mixin.py:188} INFO - [2024-02-14T09:12:18.069+0000] {dag.py:3820} INFO - Setting next_dagrun for example_branch_datetime_operator to 2024-02-13T00:00:00+00:00, run_after=2024-02-14T00:00:00+00:00
[2024-02-14T09:12:18.073+0000] {logging_mixin.py:188} INFO - [2024-02-14T09:12:18.073+0000] {dag.py:3820} INFO - Setting next_dagrun for example_branch_datetime_operator_2 to 2024-02-13T00:00:00+00:00, run_after=2024-02-14T00:00:00+00:00
[2024-02-14T09:12:18.075+0000] {logging_mixin.py:188} INFO - [2024-02-14T09:12:18.075+0000] {dag.py:3820} INFO - Setting next_dagrun for example_branch_datetime_operator_3 to 2024-02-13T00:00:00+00:00, run_after=2024-02-14T00:00:00+00:00
[2024-02-14T09:12:18.115+0000] {processor.py:183} INFO - Processing /home/codespace/.local/share/virtualenvs/airflow_sandbox-vp-HKq_L/lib/python3.10/site-packages/airflow/example_dags/example_branch_datetime_operator.py took 0.092 seconds
[2024-02-14T09:13:14.173+0000] {processor.py:161} INFO - Started process (PID=8497) to work on /home/codespace/.local/share/virtualenvs/airflow_sandbox-vp-HKq_L/lib/python3.10/site-packages/airflow/example_dags/example_branch_datetime_operator.py
[2024-02-14T09:13:14.174+0000] {processor.py:830} INFO - Processing file /home/codespace/.local/share/virtualenvs/airflow_sandbox-vp-HKq_L/lib/python3.10/site-packages/airflow/example_dags/example_branch_datetime_operator.py for tasks to queue
[2024-02-14T09:13:14.174+0000] {logging_mixin.py:188} INFO - [2024-02-14T09:13:14.174+0000] {dagbag.py:538} INFO - Filling up the DagBag from /home/codespace/.local/share/virtualenvs/airflow_sandbox-vp-HKq_L/lib/python3.10/site-packages/airflow/example_dags/example_branch_datetime_operator.py
[2024-02-14T09:13:14.183+0000] {processor.py:840} INFO - DAG(s) 'example_branch_datetime_operator', 'example_branch_datetime_operator_3', 'example_branch_datetime_operator_2' retrieved from /home/codespace/.local/share/virtualenvs/airflow_sandbox-vp-HKq_L/lib/python3.10/site-packages/airflow/example_dags/example_branch_datetime_operator.py
[2024-02-14T09:13:14.200+0000] {logging_mixin.py:188} INFO - [2024-02-14T09:13:14.199+0000] {dag.py:3033} INFO - Sync 3 DAGs
[2024-02-14T09:13:14.216+0000] {logging_mixin.py:188} INFO - [2024-02-14T09:13:14.216+0000] {dag.py:3820} INFO - Setting next_dagrun for example_branch_datetime_operator to 2024-02-13T00:00:00+00:00, run_after=2024-02-14T00:00:00+00:00
[2024-02-14T09:13:14.219+0000] {logging_mixin.py:188} INFO - [2024-02-14T09:13:14.219+0000] {dag.py:3820} INFO - Setting next_dagrun for example_branch_datetime_operator_2 to 2024-02-13T00:00:00+00:00, run_after=2024-02-14T00:00:00+00:00
[2024-02-14T09:13:14.221+0000] {logging_mixin.py:188} INFO - [2024-02-14T09:13:14.221+0000] {dag.py:3820} INFO - Setting next_dagrun for example_branch_datetime_operator_3 to 2024-02-13T00:00:00+00:00, run_after=2024-02-14T00:00:00+00:00
[2024-02-14T09:13:14.275+0000] {processor.py:183} INFO - Processing /home/codespace/.local/share/virtualenvs/airflow_sandbox-vp-HKq_L/lib/python3.10/site-packages/airflow/example_dags/example_branch_datetime_operator.py took 0.105 seconds
[2024-02-14T09:14:05.832+0000] {processor.py:161} INFO - Started process (PID=8931) to work on /home/codespace/.local/share/virtualenvs/airflow_sandbox-vp-HKq_L/lib/python3.10/site-packages/airflow/example_dags/example_branch_datetime_operator.py
[2024-02-14T09:14:05.833+0000] {processor.py:830} INFO - Processing file /home/codespace/.local/share/virtualenvs/airflow_sandbox-vp-HKq_L/lib/python3.10/site-packages/airflow/example_dags/example_branch_datetime_operator.py for tasks to queue
[2024-02-14T09:14:05.834+0000] {logging_mixin.py:188} INFO - [2024-02-14T09:14:05.834+0000] {dagbag.py:538} INFO - Filling up the DagBag from /home/codespace/.local/share/virtualenvs/airflow_sandbox-vp-HKq_L/lib/python3.10/site-packages/airflow/example_dags/example_branch_datetime_operator.py
[2024-02-14T09:14:05.842+0000] {processor.py:840} INFO - DAG(s) 'example_branch_datetime_operator_2', 'example_branch_datetime_operator_3', 'example_branch_datetime_operator' retrieved from /home/codespace/.local/share/virtualenvs/airflow_sandbox-vp-HKq_L/lib/python3.10/site-packages/airflow/example_dags/example_branch_datetime_operator.py
[2024-02-14T09:14:05.859+0000] {logging_mixin.py:188} INFO - [2024-02-14T09:14:05.858+0000] {dag.py:3033} INFO - Sync 3 DAGs
[2024-02-14T09:14:05.875+0000] {logging_mixin.py:188} INFO - [2024-02-14T09:14:05.875+0000] {dag.py:3820} INFO - Setting next_dagrun for example_branch_datetime_operator to 2024-02-13T00:00:00+00:00, run_after=2024-02-14T00:00:00+00:00
[2024-02-14T09:14:05.878+0000] {logging_mixin.py:188} INFO - [2024-02-14T09:14:05.878+0000] {dag.py:3820} INFO - Setting next_dagrun for example_branch_datetime_operator_2 to 2024-02-13T00:00:00+00:00, run_after=2024-02-14T00:00:00+00:00
[2024-02-14T09:14:05.880+0000] {logging_mixin.py:188} INFO - [2024-02-14T09:14:05.880+0000] {dag.py:3820} INFO - Setting next_dagrun for example_branch_datetime_operator_3 to 2024-02-13T00:00:00+00:00, run_after=2024-02-14T00:00:00+00:00
[2024-02-14T09:14:05.921+0000] {processor.py:183} INFO - Processing /home/codespace/.local/share/virtualenvs/airflow_sandbox-vp-HKq_L/lib/python3.10/site-packages/airflow/example_dags/example_branch_datetime_operator.py took 0.092 seconds
[2024-02-14T09:14:57.342+0000] {processor.py:161} INFO - Started process (PID=9285) to work on /home/codespace/.local/share/virtualenvs/airflow_sandbox-vp-HKq_L/lib/python3.10/site-packages/airflow/example_dags/example_branch_datetime_operator.py
[2024-02-14T09:14:57.343+0000] {processor.py:830} INFO - Processing file /home/codespace/.local/share/virtualenvs/airflow_sandbox-vp-HKq_L/lib/python3.10/site-packages/airflow/example_dags/example_branch_datetime_operator.py for tasks to queue
[2024-02-14T09:14:57.343+0000] {logging_mixin.py:188} INFO - [2024-02-14T09:14:57.343+0000] {dagbag.py:538} INFO - Filling up the DagBag from /home/codespace/.local/share/virtualenvs/airflow_sandbox-vp-HKq_L/lib/python3.10/site-packages/airflow/example_dags/example_branch_datetime_operator.py
[2024-02-14T09:14:57.352+0000] {processor.py:840} INFO - DAG(s) 'example_branch_datetime_operator_3', 'example_branch_datetime_operator', 'example_branch_datetime_operator_2' retrieved from /home/codespace/.local/share/virtualenvs/airflow_sandbox-vp-HKq_L/lib/python3.10/site-packages/airflow/example_dags/example_branch_datetime_operator.py
[2024-02-14T09:14:57.370+0000] {logging_mixin.py:188} INFO - [2024-02-14T09:14:57.370+0000] {dag.py:3033} INFO - Sync 3 DAGs
[2024-02-14T09:14:57.388+0000] {logging_mixin.py:188} INFO - [2024-02-14T09:14:57.388+0000] {dag.py:3820} INFO - Setting next_dagrun for example_branch_datetime_operator to 2024-02-13T00:00:00+00:00, run_after=2024-02-14T00:00:00+00:00
[2024-02-14T09:14:57.392+0000] {logging_mixin.py:188} INFO - [2024-02-14T09:14:57.392+0000] {dag.py:3820} INFO - Setting next_dagrun for example_branch_datetime_operator_2 to 2024-02-13T00:00:00+00:00, run_after=2024-02-14T00:00:00+00:00
[2024-02-14T09:14:57.394+0000] {logging_mixin.py:188} INFO - [2024-02-14T09:14:57.394+0000] {dag.py:3820} INFO - Setting next_dagrun for example_branch_datetime_operator_3 to 2024-02-13T00:00:00+00:00, run_after=2024-02-14T00:00:00+00:00
[2024-02-14T09:14:57.435+0000] {processor.py:183} INFO - Processing /home/codespace/.local/share/virtualenvs/airflow_sandbox-vp-HKq_L/lib/python3.10/site-packages/airflow/example_dags/example_branch_datetime_operator.py took 0.096 seconds
[2024-02-14T09:15:50.001+0000] {processor.py:161} INFO - Started process (PID=9643) to work on /home/codespace/.local/share/virtualenvs/airflow_sandbox-vp-HKq_L/lib/python3.10/site-packages/airflow/example_dags/example_branch_datetime_operator.py
[2024-02-14T09:15:50.002+0000] {processor.py:830} INFO - Processing file /home/codespace/.local/share/virtualenvs/airflow_sandbox-vp-HKq_L/lib/python3.10/site-packages/airflow/example_dags/example_branch_datetime_operator.py for tasks to queue
[2024-02-14T09:15:50.003+0000] {logging_mixin.py:188} INFO - [2024-02-14T09:15:50.002+0000] {dagbag.py:538} INFO - Filling up the DagBag from /home/codespace/.local/share/virtualenvs/airflow_sandbox-vp-HKq_L/lib/python3.10/site-packages/airflow/example_dags/example_branch_datetime_operator.py
[2024-02-14T09:15:50.015+0000] {processor.py:840} INFO - DAG(s) 'example_branch_datetime_operator_2', 'example_branch_datetime_operator_3', 'example_branch_datetime_operator' retrieved from /home/codespace/.local/share/virtualenvs/airflow_sandbox-vp-HKq_L/lib/python3.10/site-packages/airflow/example_dags/example_branch_datetime_operator.py
[2024-02-14T09:15:50.043+0000] {logging_mixin.py:188} INFO - [2024-02-14T09:15:50.043+0000] {dag.py:3033} INFO - Sync 3 DAGs
[2024-02-14T09:15:50.068+0000] {logging_mixin.py:188} INFO - [2024-02-14T09:15:50.067+0000] {dag.py:3820} INFO - Setting next_dagrun for example_branch_datetime_operator to 2024-02-13T00:00:00+00:00, run_after=2024-02-14T00:00:00+00:00
[2024-02-14T09:15:50.073+0000] {logging_mixin.py:188} INFO - [2024-02-14T09:15:50.072+0000] {dag.py:3820} INFO - Setting next_dagrun for example_branch_datetime_operator_2 to 2024-02-13T00:00:00+00:00, run_after=2024-02-14T00:00:00+00:00
[2024-02-14T09:15:50.074+0000] {logging_mixin.py:188} INFO - [2024-02-14T09:15:50.074+0000] {dag.py:3820} INFO - Setting next_dagrun for example_branch_datetime_operator_3 to 2024-02-13T00:00:00+00:00, run_after=2024-02-14T00:00:00+00:00
[2024-02-14T09:15:50.115+0000] {processor.py:183} INFO - Processing /home/codespace/.local/share/virtualenvs/airflow_sandbox-vp-HKq_L/lib/python3.10/site-packages/airflow/example_dags/example_branch_datetime_operator.py took 0.117 seconds
[2024-02-14T09:16:44.133+0000] {processor.py:161} INFO - Started process (PID=10052) to work on /home/codespace/.local/share/virtualenvs/airflow_sandbox-vp-HKq_L/lib/python3.10/site-packages/airflow/example_dags/example_branch_datetime_operator.py
[2024-02-14T09:16:44.134+0000] {processor.py:830} INFO - Processing file /home/codespace/.local/share/virtualenvs/airflow_sandbox-vp-HKq_L/lib/python3.10/site-packages/airflow/example_dags/example_branch_datetime_operator.py for tasks to queue
[2024-02-14T09:16:44.135+0000] {logging_mixin.py:188} INFO - [2024-02-14T09:16:44.134+0000] {dagbag.py:538} INFO - Filling up the DagBag from /home/codespace/.local/share/virtualenvs/airflow_sandbox-vp-HKq_L/lib/python3.10/site-packages/airflow/example_dags/example_branch_datetime_operator.py
[2024-02-14T09:16:44.143+0000] {processor.py:840} INFO - DAG(s) 'example_branch_datetime_operator', 'example_branch_datetime_operator_2', 'example_branch_datetime_operator_3' retrieved from /home/codespace/.local/share/virtualenvs/airflow_sandbox-vp-HKq_L/lib/python3.10/site-packages/airflow/example_dags/example_branch_datetime_operator.py
[2024-02-14T09:16:44.160+0000] {logging_mixin.py:188} INFO - [2024-02-14T09:16:44.160+0000] {dag.py:3033} INFO - Sync 3 DAGs
[2024-02-14T09:16:44.176+0000] {logging_mixin.py:188} INFO - [2024-02-14T09:16:44.176+0000] {dag.py:3820} INFO - Setting next_dagrun for example_branch_datetime_operator to 2024-02-13T00:00:00+00:00, run_after=2024-02-14T00:00:00+00:00
[2024-02-14T09:16:44.180+0000] {logging_mixin.py:188} INFO - [2024-02-14T09:16:44.180+0000] {dag.py:3820} INFO - Setting next_dagrun for example_branch_datetime_operator_2 to 2024-02-13T00:00:00+00:00, run_after=2024-02-14T00:00:00+00:00
[2024-02-14T09:16:44.182+0000] {logging_mixin.py:188} INFO - [2024-02-14T09:16:44.181+0000] {dag.py:3820} INFO - Setting next_dagrun for example_branch_datetime_operator_3 to 2024-02-13T00:00:00+00:00, run_after=2024-02-14T00:00:00+00:00
[2024-02-14T09:16:44.222+0000] {processor.py:183} INFO - Processing /home/codespace/.local/share/virtualenvs/airflow_sandbox-vp-HKq_L/lib/python3.10/site-packages/airflow/example_dags/example_branch_datetime_operator.py took 0.091 seconds
[2024-02-14T09:17:36.441+0000] {processor.py:161} INFO - Started process (PID=10454) to work on /home/codespace/.local/share/virtualenvs/airflow_sandbox-vp-HKq_L/lib/python3.10/site-packages/airflow/example_dags/example_branch_datetime_operator.py
[2024-02-14T09:17:36.442+0000] {processor.py:830} INFO - Processing file /home/codespace/.local/share/virtualenvs/airflow_sandbox-vp-HKq_L/lib/python3.10/site-packages/airflow/example_dags/example_branch_datetime_operator.py for tasks to queue
[2024-02-14T09:17:36.442+0000] {logging_mixin.py:188} INFO - [2024-02-14T09:17:36.442+0000] {dagbag.py:538} INFO - Filling up the DagBag from /home/codespace/.local/share/virtualenvs/airflow_sandbox-vp-HKq_L/lib/python3.10/site-packages/airflow/example_dags/example_branch_datetime_operator.py
[2024-02-14T09:17:36.451+0000] {processor.py:840} INFO - DAG(s) 'example_branch_datetime_operator_2', 'example_branch_datetime_operator_3', 'example_branch_datetime_operator' retrieved from /home/codespace/.local/share/virtualenvs/airflow_sandbox-vp-HKq_L/lib/python3.10/site-packages/airflow/example_dags/example_branch_datetime_operator.py
[2024-02-14T09:17:36.469+0000] {logging_mixin.py:188} INFO - [2024-02-14T09:17:36.468+0000] {dag.py:3033} INFO - Sync 3 DAGs
[2024-02-14T09:17:36.487+0000] {logging_mixin.py:188} INFO - [2024-02-14T09:17:36.487+0000] {dag.py:3820} INFO - Setting next_dagrun for example_branch_datetime_operator to 2024-02-13T00:00:00+00:00, run_after=2024-02-14T00:00:00+00:00
[2024-02-14T09:17:36.490+0000] {logging_mixin.py:188} INFO - [2024-02-14T09:17:36.490+0000] {dag.py:3820} INFO - Setting next_dagrun for example_branch_datetime_operator_2 to 2024-02-13T00:00:00+00:00, run_after=2024-02-14T00:00:00+00:00
[2024-02-14T09:17:36.492+0000] {logging_mixin.py:188} INFO - [2024-02-14T09:17:36.492+0000] {dag.py:3820} INFO - Setting next_dagrun for example_branch_datetime_operator_3 to 2024-02-13T00:00:00+00:00, run_after=2024-02-14T00:00:00+00:00
[2024-02-14T09:17:36.531+0000] {processor.py:183} INFO - Processing /home/codespace/.local/share/virtualenvs/airflow_sandbox-vp-HKq_L/lib/python3.10/site-packages/airflow/example_dags/example_branch_datetime_operator.py took 0.093 seconds
[2024-02-14T09:18:28.321+0000] {processor.py:161} INFO - Started process (PID=10818) to work on /home/codespace/.local/share/virtualenvs/airflow_sandbox-vp-HKq_L/lib/python3.10/site-packages/airflow/example_dags/example_branch_datetime_operator.py
[2024-02-14T09:18:28.322+0000] {processor.py:830} INFO - Processing file /home/codespace/.local/share/virtualenvs/airflow_sandbox-vp-HKq_L/lib/python3.10/site-packages/airflow/example_dags/example_branch_datetime_operator.py for tasks to queue
[2024-02-14T09:18:28.322+0000] {logging_mixin.py:188} INFO - [2024-02-14T09:18:28.322+0000] {dagbag.py:538} INFO - Filling up the DagBag from /home/codespace/.local/share/virtualenvs/airflow_sandbox-vp-HKq_L/lib/python3.10/site-packages/airflow/example_dags/example_branch_datetime_operator.py
[2024-02-14T09:18:28.330+0000] {processor.py:840} INFO - DAG(s) 'example_branch_datetime_operator', 'example_branch_datetime_operator_3', 'example_branch_datetime_operator_2' retrieved from /home/codespace/.local/share/virtualenvs/airflow_sandbox-vp-HKq_L/lib/python3.10/site-packages/airflow/example_dags/example_branch_datetime_operator.py
[2024-02-14T09:18:28.347+0000] {logging_mixin.py:188} INFO - [2024-02-14T09:18:28.347+0000] {dag.py:3033} INFO - Sync 3 DAGs
[2024-02-14T09:18:28.364+0000] {logging_mixin.py:188} INFO - [2024-02-14T09:18:28.364+0000] {dag.py:3820} INFO - Setting next_dagrun for example_branch_datetime_operator to 2024-02-13T00:00:00+00:00, run_after=2024-02-14T00:00:00+00:00
[2024-02-14T09:18:28.367+0000] {logging_mixin.py:188} INFO - [2024-02-14T09:18:28.367+0000] {dag.py:3820} INFO - Setting next_dagrun for example_branch_datetime_operator_2 to 2024-02-13T00:00:00+00:00, run_after=2024-02-14T00:00:00+00:00
[2024-02-14T09:18:28.369+0000] {logging_mixin.py:188} INFO - [2024-02-14T09:18:28.369+0000] {dag.py:3820} INFO - Setting next_dagrun for example_branch_datetime_operator_3 to 2024-02-13T00:00:00+00:00, run_after=2024-02-14T00:00:00+00:00
[2024-02-14T09:18:28.407+0000] {processor.py:183} INFO - Processing /home/codespace/.local/share/virtualenvs/airflow_sandbox-vp-HKq_L/lib/python3.10/site-packages/airflow/example_dags/example_branch_datetime_operator.py took 0.089 seconds
[2024-02-14T09:19:22.171+0000] {processor.py:161} INFO - Started process (PID=11201) to work on /home/codespace/.local/share/virtualenvs/airflow_sandbox-vp-HKq_L/lib/python3.10/site-packages/airflow/example_dags/example_branch_datetime_operator.py
[2024-02-14T09:19:22.172+0000] {processor.py:830} INFO - Processing file /home/codespace/.local/share/virtualenvs/airflow_sandbox-vp-HKq_L/lib/python3.10/site-packages/airflow/example_dags/example_branch_datetime_operator.py for tasks to queue
[2024-02-14T09:19:22.173+0000] {logging_mixin.py:188} INFO - [2024-02-14T09:19:22.173+0000] {dagbag.py:538} INFO - Filling up the DagBag from /home/codespace/.local/share/virtualenvs/airflow_sandbox-vp-HKq_L/lib/python3.10/site-packages/airflow/example_dags/example_branch_datetime_operator.py
[2024-02-14T09:19:22.182+0000] {processor.py:840} INFO - DAG(s) 'example_branch_datetime_operator_2', 'example_branch_datetime_operator_3', 'example_branch_datetime_operator' retrieved from /home/codespace/.local/share/virtualenvs/airflow_sandbox-vp-HKq_L/lib/python3.10/site-packages/airflow/example_dags/example_branch_datetime_operator.py
[2024-02-14T09:19:22.201+0000] {logging_mixin.py:188} INFO - [2024-02-14T09:19:22.201+0000] {dag.py:3033} INFO - Sync 3 DAGs
[2024-02-14T09:19:22.218+0000] {logging_mixin.py:188} INFO - [2024-02-14T09:19:22.218+0000] {dag.py:3820} INFO - Setting next_dagrun for example_branch_datetime_operator to 2024-02-13T00:00:00+00:00, run_after=2024-02-14T00:00:00+00:00
[2024-02-14T09:19:22.221+0000] {logging_mixin.py:188} INFO - [2024-02-14T09:19:22.221+0000] {dag.py:3820} INFO - Setting next_dagrun for example_branch_datetime_operator_2 to 2024-02-13T00:00:00+00:00, run_after=2024-02-14T00:00:00+00:00
[2024-02-14T09:19:22.223+0000] {logging_mixin.py:188} INFO - [2024-02-14T09:19:22.223+0000] {dag.py:3820} INFO - Setting next_dagrun for example_branch_datetime_operator_3 to 2024-02-13T00:00:00+00:00, run_after=2024-02-14T00:00:00+00:00
[2024-02-14T09:19:22.263+0000] {processor.py:183} INFO - Processing /home/codespace/.local/share/virtualenvs/airflow_sandbox-vp-HKq_L/lib/python3.10/site-packages/airflow/example_dags/example_branch_datetime_operator.py took 0.094 seconds
[2024-02-14T09:20:18.473+0000] {processor.py:161} INFO - Started process (PID=11627) to work on /home/codespace/.local/share/virtualenvs/airflow_sandbox-vp-HKq_L/lib/python3.10/site-packages/airflow/example_dags/example_branch_datetime_operator.py
[2024-02-14T09:20:18.474+0000] {processor.py:830} INFO - Processing file /home/codespace/.local/share/virtualenvs/airflow_sandbox-vp-HKq_L/lib/python3.10/site-packages/airflow/example_dags/example_branch_datetime_operator.py for tasks to queue
[2024-02-14T09:20:18.475+0000] {logging_mixin.py:188} INFO - [2024-02-14T09:20:18.474+0000] {dagbag.py:538} INFO - Filling up the DagBag from /home/codespace/.local/share/virtualenvs/airflow_sandbox-vp-HKq_L/lib/python3.10/site-packages/airflow/example_dags/example_branch_datetime_operator.py
[2024-02-14T09:20:18.485+0000] {processor.py:840} INFO - DAG(s) 'example_branch_datetime_operator_2', 'example_branch_datetime_operator', 'example_branch_datetime_operator_3' retrieved from /home/codespace/.local/share/virtualenvs/airflow_sandbox-vp-HKq_L/lib/python3.10/site-packages/airflow/example_dags/example_branch_datetime_operator.py
[2024-02-14T09:20:18.503+0000] {logging_mixin.py:188} INFO - [2024-02-14T09:20:18.503+0000] {dag.py:3033} INFO - Sync 3 DAGs
[2024-02-14T09:20:18.521+0000] {logging_mixin.py:188} INFO - [2024-02-14T09:20:18.520+0000] {dag.py:3820} INFO - Setting next_dagrun for example_branch_datetime_operator to 2024-02-13T00:00:00+00:00, run_after=2024-02-14T00:00:00+00:00
[2024-02-14T09:20:18.524+0000] {logging_mixin.py:188} INFO - [2024-02-14T09:20:18.524+0000] {dag.py:3820} INFO - Setting next_dagrun for example_branch_datetime_operator_2 to 2024-02-13T00:00:00+00:00, run_after=2024-02-14T00:00:00+00:00
[2024-02-14T09:20:18.526+0000] {logging_mixin.py:188} INFO - [2024-02-14T09:20:18.526+0000] {dag.py:3820} INFO - Setting next_dagrun for example_branch_datetime_operator_3 to 2024-02-13T00:00:00+00:00, run_after=2024-02-14T00:00:00+00:00
[2024-02-14T09:20:18.567+0000] {processor.py:183} INFO - Processing /home/codespace/.local/share/virtualenvs/airflow_sandbox-vp-HKq_L/lib/python3.10/site-packages/airflow/example_dags/example_branch_datetime_operator.py took 0.096 seconds
[2024-02-14T09:21:07.764+0000] {processor.py:161} INFO - Started process (PID=12465) to work on /home/codespace/.local/share/virtualenvs/airflow_sandbox-vp-HKq_L/lib/python3.10/site-packages/airflow/example_dags/example_branch_datetime_operator.py
[2024-02-14T09:21:07.765+0000] {processor.py:830} INFO - Processing file /home/codespace/.local/share/virtualenvs/airflow_sandbox-vp-HKq_L/lib/python3.10/site-packages/airflow/example_dags/example_branch_datetime_operator.py for tasks to queue
[2024-02-14T09:21:07.766+0000] {logging_mixin.py:188} INFO - [2024-02-14T09:21:07.765+0000] {dagbag.py:538} INFO - Filling up the DagBag from /home/codespace/.local/share/virtualenvs/airflow_sandbox-vp-HKq_L/lib/python3.10/site-packages/airflow/example_dags/example_branch_datetime_operator.py
[2024-02-14T09:21:07.774+0000] {processor.py:840} INFO - DAG(s) 'example_branch_datetime_operator_3', 'example_branch_datetime_operator', 'example_branch_datetime_operator_2' retrieved from /home/codespace/.local/share/virtualenvs/airflow_sandbox-vp-HKq_L/lib/python3.10/site-packages/airflow/example_dags/example_branch_datetime_operator.py
[2024-02-14T09:21:07.790+0000] {logging_mixin.py:188} INFO - [2024-02-14T09:21:07.790+0000] {dag.py:3033} INFO - Sync 3 DAGs
[2024-02-14T09:21:07.810+0000] {logging_mixin.py:188} INFO - [2024-02-14T09:21:07.809+0000] {dag.py:3820} INFO - Setting next_dagrun for example_branch_datetime_operator to 2024-02-13T00:00:00+00:00, run_after=2024-02-14T00:00:00+00:00
[2024-02-14T09:21:07.816+0000] {logging_mixin.py:188} INFO - [2024-02-14T09:21:07.815+0000] {dag.py:3820} INFO - Setting next_dagrun for example_branch_datetime_operator_2 to 2024-02-13T00:00:00+00:00, run_after=2024-02-14T00:00:00+00:00
[2024-02-14T09:21:07.819+0000] {logging_mixin.py:188} INFO - [2024-02-14T09:21:07.819+0000] {dag.py:3820} INFO - Setting next_dagrun for example_branch_datetime_operator_3 to 2024-02-13T00:00:00+00:00, run_after=2024-02-14T00:00:00+00:00
[2024-02-14T09:21:07.862+0000] {processor.py:183} INFO - Processing /home/codespace/.local/share/virtualenvs/airflow_sandbox-vp-HKq_L/lib/python3.10/site-packages/airflow/example_dags/example_branch_datetime_operator.py took 0.100 seconds
[2024-02-14T09:22:01.551+0000] {processor.py:161} INFO - Started process (PID=12835) to work on /home/codespace/.local/share/virtualenvs/airflow_sandbox-vp-HKq_L/lib/python3.10/site-packages/airflow/example_dags/example_branch_datetime_operator.py
[2024-02-14T09:22:01.552+0000] {processor.py:830} INFO - Processing file /home/codespace/.local/share/virtualenvs/airflow_sandbox-vp-HKq_L/lib/python3.10/site-packages/airflow/example_dags/example_branch_datetime_operator.py for tasks to queue
[2024-02-14T09:22:01.553+0000] {logging_mixin.py:188} INFO - [2024-02-14T09:22:01.553+0000] {dagbag.py:538} INFO - Filling up the DagBag from /home/codespace/.local/share/virtualenvs/airflow_sandbox-vp-HKq_L/lib/python3.10/site-packages/airflow/example_dags/example_branch_datetime_operator.py
[2024-02-14T09:22:01.566+0000] {processor.py:840} INFO - DAG(s) 'example_branch_datetime_operator_2', 'example_branch_datetime_operator_3', 'example_branch_datetime_operator' retrieved from /home/codespace/.local/share/virtualenvs/airflow_sandbox-vp-HKq_L/lib/python3.10/site-packages/airflow/example_dags/example_branch_datetime_operator.py
[2024-02-14T09:22:01.595+0000] {logging_mixin.py:188} INFO - [2024-02-14T09:22:01.595+0000] {dag.py:3033} INFO - Sync 3 DAGs
[2024-02-14T09:22:01.617+0000] {logging_mixin.py:188} INFO - [2024-02-14T09:22:01.616+0000] {dag.py:3820} INFO - Setting next_dagrun for example_branch_datetime_operator to 2024-02-13T00:00:00+00:00, run_after=2024-02-14T00:00:00+00:00
[2024-02-14T09:22:01.622+0000] {logging_mixin.py:188} INFO - [2024-02-14T09:22:01.622+0000] {dag.py:3820} INFO - Setting next_dagrun for example_branch_datetime_operator_2 to 2024-02-13T00:00:00+00:00, run_after=2024-02-14T00:00:00+00:00
[2024-02-14T09:22:01.626+0000] {logging_mixin.py:188} INFO - [2024-02-14T09:22:01.626+0000] {dag.py:3820} INFO - Setting next_dagrun for example_branch_datetime_operator_3 to 2024-02-13T00:00:00+00:00, run_after=2024-02-14T00:00:00+00:00
[2024-02-14T09:22:01.665+0000] {processor.py:183} INFO - Processing /home/codespace/.local/share/virtualenvs/airflow_sandbox-vp-HKq_L/lib/python3.10/site-packages/airflow/example_dags/example_branch_datetime_operator.py took 0.117 seconds
[2024-02-14T09:23:00.242+0000] {processor.py:161} INFO - Started process (PID=13278) to work on /home/codespace/.local/share/virtualenvs/airflow_sandbox-vp-HKq_L/lib/python3.10/site-packages/airflow/example_dags/example_branch_datetime_operator.py
[2024-02-14T09:23:00.243+0000] {processor.py:830} INFO - Processing file /home/codespace/.local/share/virtualenvs/airflow_sandbox-vp-HKq_L/lib/python3.10/site-packages/airflow/example_dags/example_branch_datetime_operator.py for tasks to queue
[2024-02-14T09:23:00.243+0000] {logging_mixin.py:188} INFO - [2024-02-14T09:23:00.243+0000] {dagbag.py:538} INFO - Filling up the DagBag from /home/codespace/.local/share/virtualenvs/airflow_sandbox-vp-HKq_L/lib/python3.10/site-packages/airflow/example_dags/example_branch_datetime_operator.py
[2024-02-14T09:23:00.251+0000] {processor.py:840} INFO - DAG(s) 'example_branch_datetime_operator', 'example_branch_datetime_operator_3', 'example_branch_datetime_operator_2' retrieved from /home/codespace/.local/share/virtualenvs/airflow_sandbox-vp-HKq_L/lib/python3.10/site-packages/airflow/example_dags/example_branch_datetime_operator.py
[2024-02-14T09:23:00.274+0000] {logging_mixin.py:188} INFO - [2024-02-14T09:23:00.274+0000] {dag.py:3033} INFO - Sync 3 DAGs
[2024-02-14T09:23:00.296+0000] {logging_mixin.py:188} INFO - [2024-02-14T09:23:00.296+0000] {dag.py:3820} INFO - Setting next_dagrun for example_branch_datetime_operator to 2024-02-13T00:00:00+00:00, run_after=2024-02-14T00:00:00+00:00
[2024-02-14T09:23:00.303+0000] {logging_mixin.py:188} INFO - [2024-02-14T09:23:00.303+0000] {dag.py:3820} INFO - Setting next_dagrun for example_branch_datetime_operator_2 to 2024-02-13T00:00:00+00:00, run_after=2024-02-14T00:00:00+00:00
[2024-02-14T09:23:00.306+0000] {logging_mixin.py:188} INFO - [2024-02-14T09:23:00.306+0000] {dag.py:3820} INFO - Setting next_dagrun for example_branch_datetime_operator_3 to 2024-02-13T00:00:00+00:00, run_after=2024-02-14T00:00:00+00:00
[2024-02-14T09:23:00.351+0000] {processor.py:183} INFO - Processing /home/codespace/.local/share/virtualenvs/airflow_sandbox-vp-HKq_L/lib/python3.10/site-packages/airflow/example_dags/example_branch_datetime_operator.py took 0.111 seconds
[2024-02-14T09:23:56.233+0000] {processor.py:161} INFO - Started process (PID=13661) to work on /home/codespace/.local/share/virtualenvs/airflow_sandbox-vp-HKq_L/lib/python3.10/site-packages/airflow/example_dags/example_branch_datetime_operator.py
[2024-02-14T09:23:56.234+0000] {processor.py:830} INFO - Processing file /home/codespace/.local/share/virtualenvs/airflow_sandbox-vp-HKq_L/lib/python3.10/site-packages/airflow/example_dags/example_branch_datetime_operator.py for tasks to queue
[2024-02-14T09:23:56.235+0000] {logging_mixin.py:188} INFO - [2024-02-14T09:23:56.235+0000] {dagbag.py:538} INFO - Filling up the DagBag from /home/codespace/.local/share/virtualenvs/airflow_sandbox-vp-HKq_L/lib/python3.10/site-packages/airflow/example_dags/example_branch_datetime_operator.py
[2024-02-14T09:23:56.243+0000] {processor.py:840} INFO - DAG(s) 'example_branch_datetime_operator_2', 'example_branch_datetime_operator_3', 'example_branch_datetime_operator' retrieved from /home/codespace/.local/share/virtualenvs/airflow_sandbox-vp-HKq_L/lib/python3.10/site-packages/airflow/example_dags/example_branch_datetime_operator.py
[2024-02-14T09:23:56.261+0000] {logging_mixin.py:188} INFO - [2024-02-14T09:23:56.261+0000] {dag.py:3033} INFO - Sync 3 DAGs
[2024-02-14T09:23:56.278+0000] {logging_mixin.py:188} INFO - [2024-02-14T09:23:56.278+0000] {dag.py:3820} INFO - Setting next_dagrun for example_branch_datetime_operator to 2024-02-13T00:00:00+00:00, run_after=2024-02-14T00:00:00+00:00
[2024-02-14T09:23:56.282+0000] {logging_mixin.py:188} INFO - [2024-02-14T09:23:56.281+0000] {dag.py:3820} INFO - Setting next_dagrun for example_branch_datetime_operator_2 to 2024-02-13T00:00:00+00:00, run_after=2024-02-14T00:00:00+00:00
[2024-02-14T09:23:56.284+0000] {logging_mixin.py:188} INFO - [2024-02-14T09:23:56.283+0000] {dag.py:3820} INFO - Setting next_dagrun for example_branch_datetime_operator_3 to 2024-02-13T00:00:00+00:00, run_after=2024-02-14T00:00:00+00:00
[2024-02-14T09:23:56.325+0000] {processor.py:183} INFO - Processing /home/codespace/.local/share/virtualenvs/airflow_sandbox-vp-HKq_L/lib/python3.10/site-packages/airflow/example_dags/example_branch_datetime_operator.py took 0.094 seconds
[2024-02-14T09:24:53.963+0000] {processor.py:161} INFO - Started process (PID=14067) to work on /home/codespace/.local/share/virtualenvs/airflow_sandbox-vp-HKq_L/lib/python3.10/site-packages/airflow/example_dags/example_branch_datetime_operator.py
[2024-02-14T09:24:53.964+0000] {processor.py:830} INFO - Processing file /home/codespace/.local/share/virtualenvs/airflow_sandbox-vp-HKq_L/lib/python3.10/site-packages/airflow/example_dags/example_branch_datetime_operator.py for tasks to queue
[2024-02-14T09:24:53.964+0000] {logging_mixin.py:188} INFO - [2024-02-14T09:24:53.964+0000] {dagbag.py:538} INFO - Filling up the DagBag from /home/codespace/.local/share/virtualenvs/airflow_sandbox-vp-HKq_L/lib/python3.10/site-packages/airflow/example_dags/example_branch_datetime_operator.py
[2024-02-14T09:24:53.973+0000] {processor.py:840} INFO - DAG(s) 'example_branch_datetime_operator_3', 'example_branch_datetime_operator_2', 'example_branch_datetime_operator' retrieved from /home/codespace/.local/share/virtualenvs/airflow_sandbox-vp-HKq_L/lib/python3.10/site-packages/airflow/example_dags/example_branch_datetime_operator.py
[2024-02-14T09:24:53.990+0000] {logging_mixin.py:188} INFO - [2024-02-14T09:24:53.990+0000] {dag.py:3033} INFO - Sync 3 DAGs
[2024-02-14T09:24:54.007+0000] {logging_mixin.py:188} INFO - [2024-02-14T09:24:54.006+0000] {dag.py:3820} INFO - Setting next_dagrun for example_branch_datetime_operator to 2024-02-13T00:00:00+00:00, run_after=2024-02-14T00:00:00+00:00
[2024-02-14T09:24:54.011+0000] {logging_mixin.py:188} INFO - [2024-02-14T09:24:54.010+0000] {dag.py:3820} INFO - Setting next_dagrun for example_branch_datetime_operator_2 to 2024-02-13T00:00:00+00:00, run_after=2024-02-14T00:00:00+00:00
[2024-02-14T09:24:54.012+0000] {logging_mixin.py:188} INFO - [2024-02-14T09:24:54.012+0000] {dag.py:3820} INFO - Setting next_dagrun for example_branch_datetime_operator_3 to 2024-02-13T00:00:00+00:00, run_after=2024-02-14T00:00:00+00:00
[2024-02-14T09:24:54.060+0000] {processor.py:183} INFO - Processing /home/codespace/.local/share/virtualenvs/airflow_sandbox-vp-HKq_L/lib/python3.10/site-packages/airflow/example_dags/example_branch_datetime_operator.py took 0.100 seconds
[2024-02-14T09:25:48.189+0000] {processor.py:161} INFO - Started process (PID=14429) to work on /home/codespace/.local/share/virtualenvs/airflow_sandbox-vp-HKq_L/lib/python3.10/site-packages/airflow/example_dags/example_branch_datetime_operator.py
[2024-02-14T09:25:48.190+0000] {processor.py:830} INFO - Processing file /home/codespace/.local/share/virtualenvs/airflow_sandbox-vp-HKq_L/lib/python3.10/site-packages/airflow/example_dags/example_branch_datetime_operator.py for tasks to queue
[2024-02-14T09:25:48.191+0000] {logging_mixin.py:188} INFO - [2024-02-14T09:25:48.191+0000] {dagbag.py:538} INFO - Filling up the DagBag from /home/codespace/.local/share/virtualenvs/airflow_sandbox-vp-HKq_L/lib/python3.10/site-packages/airflow/example_dags/example_branch_datetime_operator.py
[2024-02-14T09:25:48.200+0000] {processor.py:840} INFO - DAG(s) 'example_branch_datetime_operator', 'example_branch_datetime_operator_2', 'example_branch_datetime_operator_3' retrieved from /home/codespace/.local/share/virtualenvs/airflow_sandbox-vp-HKq_L/lib/python3.10/site-packages/airflow/example_dags/example_branch_datetime_operator.py
[2024-02-14T09:25:48.218+0000] {logging_mixin.py:188} INFO - [2024-02-14T09:25:48.218+0000] {dag.py:3033} INFO - Sync 3 DAGs
[2024-02-14T09:25:48.237+0000] {logging_mixin.py:188} INFO - [2024-02-14T09:25:48.237+0000] {dag.py:3820} INFO - Setting next_dagrun for example_branch_datetime_operator to 2024-02-13T00:00:00+00:00, run_after=2024-02-14T00:00:00+00:00
[2024-02-14T09:25:48.240+0000] {logging_mixin.py:188} INFO - [2024-02-14T09:25:48.240+0000] {dag.py:3820} INFO - Setting next_dagrun for example_branch_datetime_operator_2 to 2024-02-13T00:00:00+00:00, run_after=2024-02-14T00:00:00+00:00
[2024-02-14T09:25:48.242+0000] {logging_mixin.py:188} INFO - [2024-02-14T09:25:48.242+0000] {dag.py:3820} INFO - Setting next_dagrun for example_branch_datetime_operator_3 to 2024-02-13T00:00:00+00:00, run_after=2024-02-14T00:00:00+00:00
[2024-02-14T09:25:48.282+0000] {processor.py:183} INFO - Processing /home/codespace/.local/share/virtualenvs/airflow_sandbox-vp-HKq_L/lib/python3.10/site-packages/airflow/example_dags/example_branch_datetime_operator.py took 0.095 seconds
[2024-02-14T09:26:38.864+0000] {processor.py:161} INFO - Started process (PID=14783) to work on /home/codespace/.local/share/virtualenvs/airflow_sandbox-vp-HKq_L/lib/python3.10/site-packages/airflow/example_dags/example_branch_datetime_operator.py
[2024-02-14T09:26:38.865+0000] {processor.py:830} INFO - Processing file /home/codespace/.local/share/virtualenvs/airflow_sandbox-vp-HKq_L/lib/python3.10/site-packages/airflow/example_dags/example_branch_datetime_operator.py for tasks to queue
[2024-02-14T09:26:38.866+0000] {logging_mixin.py:188} INFO - [2024-02-14T09:26:38.865+0000] {dagbag.py:538} INFO - Filling up the DagBag from /home/codespace/.local/share/virtualenvs/airflow_sandbox-vp-HKq_L/lib/python3.10/site-packages/airflow/example_dags/example_branch_datetime_operator.py
[2024-02-14T09:26:38.874+0000] {processor.py:840} INFO - DAG(s) 'example_branch_datetime_operator_2', 'example_branch_datetime_operator', 'example_branch_datetime_operator_3' retrieved from /home/codespace/.local/share/virtualenvs/airflow_sandbox-vp-HKq_L/lib/python3.10/site-packages/airflow/example_dags/example_branch_datetime_operator.py
[2024-02-14T09:26:38.891+0000] {logging_mixin.py:188} INFO - [2024-02-14T09:26:38.891+0000] {dag.py:3033} INFO - Sync 3 DAGs
[2024-02-14T09:26:38.908+0000] {logging_mixin.py:188} INFO - [2024-02-14T09:26:38.907+0000] {dag.py:3820} INFO - Setting next_dagrun for example_branch_datetime_operator to 2024-02-13T00:00:00+00:00, run_after=2024-02-14T00:00:00+00:00
[2024-02-14T09:26:38.912+0000] {logging_mixin.py:188} INFO - [2024-02-14T09:26:38.912+0000] {dag.py:3820} INFO - Setting next_dagrun for example_branch_datetime_operator_2 to 2024-02-13T00:00:00+00:00, run_after=2024-02-14T00:00:00+00:00
[2024-02-14T09:26:38.914+0000] {logging_mixin.py:188} INFO - [2024-02-14T09:26:38.914+0000] {dag.py:3820} INFO - Setting next_dagrun for example_branch_datetime_operator_3 to 2024-02-13T00:00:00+00:00, run_after=2024-02-14T00:00:00+00:00
[2024-02-14T09:26:38.957+0000] {processor.py:183} INFO - Processing /home/codespace/.local/share/virtualenvs/airflow_sandbox-vp-HKq_L/lib/python3.10/site-packages/airflow/example_dags/example_branch_datetime_operator.py took 0.095 seconds
[2024-02-14T09:27:35.333+0000] {processor.py:161} INFO - Started process (PID=15207) to work on /home/codespace/.local/share/virtualenvs/airflow_sandbox-vp-HKq_L/lib/python3.10/site-packages/airflow/example_dags/example_branch_datetime_operator.py
[2024-02-14T09:27:35.334+0000] {processor.py:830} INFO - Processing file /home/codespace/.local/share/virtualenvs/airflow_sandbox-vp-HKq_L/lib/python3.10/site-packages/airflow/example_dags/example_branch_datetime_operator.py for tasks to queue
[2024-02-14T09:27:35.335+0000] {logging_mixin.py:188} INFO - [2024-02-14T09:27:35.335+0000] {dagbag.py:538} INFO - Filling up the DagBag from /home/codespace/.local/share/virtualenvs/airflow_sandbox-vp-HKq_L/lib/python3.10/site-packages/airflow/example_dags/example_branch_datetime_operator.py
[2024-02-14T09:27:35.347+0000] {processor.py:840} INFO - DAG(s) 'example_branch_datetime_operator_2', 'example_branch_datetime_operator_3', 'example_branch_datetime_operator' retrieved from /home/codespace/.local/share/virtualenvs/airflow_sandbox-vp-HKq_L/lib/python3.10/site-packages/airflow/example_dags/example_branch_datetime_operator.py
[2024-02-14T09:27:35.374+0000] {logging_mixin.py:188} INFO - [2024-02-14T09:27:35.374+0000] {dag.py:3033} INFO - Sync 3 DAGs
[2024-02-14T09:27:35.398+0000] {logging_mixin.py:188} INFO - [2024-02-14T09:27:35.397+0000] {dag.py:3820} INFO - Setting next_dagrun for example_branch_datetime_operator to 2024-02-13T00:00:00+00:00, run_after=2024-02-14T00:00:00+00:00
[2024-02-14T09:27:35.401+0000] {logging_mixin.py:188} INFO - [2024-02-14T09:27:35.401+0000] {dag.py:3820} INFO - Setting next_dagrun for example_branch_datetime_operator_2 to 2024-02-13T00:00:00+00:00, run_after=2024-02-14T00:00:00+00:00
[2024-02-14T09:27:35.403+0000] {logging_mixin.py:188} INFO - [2024-02-14T09:27:35.403+0000] {dag.py:3820} INFO - Setting next_dagrun for example_branch_datetime_operator_3 to 2024-02-13T00:00:00+00:00, run_after=2024-02-14T00:00:00+00:00
[2024-02-14T09:27:35.449+0000] {processor.py:183} INFO - Processing /home/codespace/.local/share/virtualenvs/airflow_sandbox-vp-HKq_L/lib/python3.10/site-packages/airflow/example_dags/example_branch_datetime_operator.py took 0.119 seconds
[2024-02-14T09:28:30.385+0000] {processor.py:161} INFO - Started process (PID=15589) to work on /home/codespace/.local/share/virtualenvs/airflow_sandbox-vp-HKq_L/lib/python3.10/site-packages/airflow/example_dags/example_branch_datetime_operator.py
[2024-02-14T09:28:30.386+0000] {processor.py:830} INFO - Processing file /home/codespace/.local/share/virtualenvs/airflow_sandbox-vp-HKq_L/lib/python3.10/site-packages/airflow/example_dags/example_branch_datetime_operator.py for tasks to queue
[2024-02-14T09:28:30.387+0000] {logging_mixin.py:188} INFO - [2024-02-14T09:28:30.386+0000] {dagbag.py:538} INFO - Filling up the DagBag from /home/codespace/.local/share/virtualenvs/airflow_sandbox-vp-HKq_L/lib/python3.10/site-packages/airflow/example_dags/example_branch_datetime_operator.py
[2024-02-14T09:28:30.395+0000] {processor.py:840} INFO - DAG(s) 'example_branch_datetime_operator_3', 'example_branch_datetime_operator_2', 'example_branch_datetime_operator' retrieved from /home/codespace/.local/share/virtualenvs/airflow_sandbox-vp-HKq_L/lib/python3.10/site-packages/airflow/example_dags/example_branch_datetime_operator.py
[2024-02-14T09:28:30.413+0000] {logging_mixin.py:188} INFO - [2024-02-14T09:28:30.413+0000] {dag.py:3033} INFO - Sync 3 DAGs
[2024-02-14T09:28:30.429+0000] {logging_mixin.py:188} INFO - [2024-02-14T09:28:30.429+0000] {dag.py:3820} INFO - Setting next_dagrun for example_branch_datetime_operator to 2024-02-13T00:00:00+00:00, run_after=2024-02-14T00:00:00+00:00
[2024-02-14T09:28:30.433+0000] {logging_mixin.py:188} INFO - [2024-02-14T09:28:30.433+0000] {dag.py:3820} INFO - Setting next_dagrun for example_branch_datetime_operator_2 to 2024-02-13T00:00:00+00:00, run_after=2024-02-14T00:00:00+00:00
[2024-02-14T09:28:30.435+0000] {logging_mixin.py:188} INFO - [2024-02-14T09:28:30.435+0000] {dag.py:3820} INFO - Setting next_dagrun for example_branch_datetime_operator_3 to 2024-02-13T00:00:00+00:00, run_after=2024-02-14T00:00:00+00:00
[2024-02-14T09:28:30.476+0000] {processor.py:183} INFO - Processing /home/codespace/.local/share/virtualenvs/airflow_sandbox-vp-HKq_L/lib/python3.10/site-packages/airflow/example_dags/example_branch_datetime_operator.py took 0.093 seconds
[2024-02-14T09:29:22.441+0000] {processor.py:161} INFO - Started process (PID=16099) to work on /home/codespace/.local/share/virtualenvs/airflow_sandbox-vp-HKq_L/lib/python3.10/site-packages/airflow/example_dags/example_branch_datetime_operator.py
[2024-02-14T09:29:22.442+0000] {processor.py:830} INFO - Processing file /home/codespace/.local/share/virtualenvs/airflow_sandbox-vp-HKq_L/lib/python3.10/site-packages/airflow/example_dags/example_branch_datetime_operator.py for tasks to queue
[2024-02-14T09:29:22.443+0000] {logging_mixin.py:188} INFO - [2024-02-14T09:29:22.443+0000] {dagbag.py:538} INFO - Filling up the DagBag from /home/codespace/.local/share/virtualenvs/airflow_sandbox-vp-HKq_L/lib/python3.10/site-packages/airflow/example_dags/example_branch_datetime_operator.py
[2024-02-14T09:29:22.455+0000] {processor.py:840} INFO - DAG(s) 'example_branch_datetime_operator_3', 'example_branch_datetime_operator_2', 'example_branch_datetime_operator' retrieved from /home/codespace/.local/share/virtualenvs/airflow_sandbox-vp-HKq_L/lib/python3.10/site-packages/airflow/example_dags/example_branch_datetime_operator.py
[2024-02-14T09:29:22.482+0000] {logging_mixin.py:188} INFO - [2024-02-14T09:29:22.482+0000] {dag.py:3033} INFO - Sync 3 DAGs
[2024-02-14T09:29:22.510+0000] {logging_mixin.py:188} INFO - [2024-02-14T09:29:22.509+0000] {dag.py:3820} INFO - Setting next_dagrun for example_branch_datetime_operator to 2024-02-13T00:00:00+00:00, run_after=2024-02-14T00:00:00+00:00
[2024-02-14T09:29:22.513+0000] {logging_mixin.py:188} INFO - [2024-02-14T09:29:22.513+0000] {dag.py:3820} INFO - Setting next_dagrun for example_branch_datetime_operator_2 to 2024-02-13T00:00:00+00:00, run_after=2024-02-14T00:00:00+00:00
[2024-02-14T09:29:22.515+0000] {logging_mixin.py:188} INFO - [2024-02-14T09:29:22.515+0000] {dag.py:3820} INFO - Setting next_dagrun for example_branch_datetime_operator_3 to 2024-02-13T00:00:00+00:00, run_after=2024-02-14T00:00:00+00:00
[2024-02-14T09:29:22.558+0000] {processor.py:183} INFO - Processing /home/codespace/.local/share/virtualenvs/airflow_sandbox-vp-HKq_L/lib/python3.10/site-packages/airflow/example_dags/example_branch_datetime_operator.py took 0.121 seconds
[2024-02-14T09:30:15.226+0000] {processor.py:161} INFO - Started process (PID=16463) to work on /home/codespace/.local/share/virtualenvs/airflow_sandbox-vp-HKq_L/lib/python3.10/site-packages/airflow/example_dags/example_branch_datetime_operator.py
[2024-02-14T09:30:15.227+0000] {processor.py:830} INFO - Processing file /home/codespace/.local/share/virtualenvs/airflow_sandbox-vp-HKq_L/lib/python3.10/site-packages/airflow/example_dags/example_branch_datetime_operator.py for tasks to queue
[2024-02-14T09:30:15.227+0000] {logging_mixin.py:188} INFO - [2024-02-14T09:30:15.227+0000] {dagbag.py:538} INFO - Filling up the DagBag from /home/codespace/.local/share/virtualenvs/airflow_sandbox-vp-HKq_L/lib/python3.10/site-packages/airflow/example_dags/example_branch_datetime_operator.py
[2024-02-14T09:30:15.235+0000] {processor.py:840} INFO - DAG(s) 'example_branch_datetime_operator_3', 'example_branch_datetime_operator', 'example_branch_datetime_operator_2' retrieved from /home/codespace/.local/share/virtualenvs/airflow_sandbox-vp-HKq_L/lib/python3.10/site-packages/airflow/example_dags/example_branch_datetime_operator.py
[2024-02-14T09:30:15.253+0000] {logging_mixin.py:188} INFO - [2024-02-14T09:30:15.253+0000] {dag.py:3033} INFO - Sync 3 DAGs
[2024-02-14T09:30:15.270+0000] {logging_mixin.py:188} INFO - [2024-02-14T09:30:15.270+0000] {dag.py:3820} INFO - Setting next_dagrun for example_branch_datetime_operator to 2024-02-13T00:00:00+00:00, run_after=2024-02-14T00:00:00+00:00
[2024-02-14T09:30:15.273+0000] {logging_mixin.py:188} INFO - [2024-02-14T09:30:15.273+0000] {dag.py:3820} INFO - Setting next_dagrun for example_branch_datetime_operator_2 to 2024-02-13T00:00:00+00:00, run_after=2024-02-14T00:00:00+00:00
[2024-02-14T09:30:15.275+0000] {logging_mixin.py:188} INFO - [2024-02-14T09:30:15.275+0000] {dag.py:3820} INFO - Setting next_dagrun for example_branch_datetime_operator_3 to 2024-02-13T00:00:00+00:00, run_after=2024-02-14T00:00:00+00:00
[2024-02-14T09:30:15.320+0000] {processor.py:183} INFO - Processing /home/codespace/.local/share/virtualenvs/airflow_sandbox-vp-HKq_L/lib/python3.10/site-packages/airflow/example_dags/example_branch_datetime_operator.py took 0.096 seconds
[2024-02-14T09:31:06.884+0000] {processor.py:161} INFO - Started process (PID=16840) to work on /home/codespace/.local/share/virtualenvs/airflow_sandbox-vp-HKq_L/lib/python3.10/site-packages/airflow/example_dags/example_branch_datetime_operator.py
[2024-02-14T09:31:06.885+0000] {processor.py:830} INFO - Processing file /home/codespace/.local/share/virtualenvs/airflow_sandbox-vp-HKq_L/lib/python3.10/site-packages/airflow/example_dags/example_branch_datetime_operator.py for tasks to queue
[2024-02-14T09:31:06.885+0000] {logging_mixin.py:188} INFO - [2024-02-14T09:31:06.885+0000] {dagbag.py:538} INFO - Filling up the DagBag from /home/codespace/.local/share/virtualenvs/airflow_sandbox-vp-HKq_L/lib/python3.10/site-packages/airflow/example_dags/example_branch_datetime_operator.py
[2024-02-14T09:31:06.895+0000] {processor.py:840} INFO - DAG(s) 'example_branch_datetime_operator_3', 'example_branch_datetime_operator', 'example_branch_datetime_operator_2' retrieved from /home/codespace/.local/share/virtualenvs/airflow_sandbox-vp-HKq_L/lib/python3.10/site-packages/airflow/example_dags/example_branch_datetime_operator.py
[2024-02-14T09:31:06.913+0000] {logging_mixin.py:188} INFO - [2024-02-14T09:31:06.913+0000] {dag.py:3033} INFO - Sync 3 DAGs
[2024-02-14T09:31:06.930+0000] {logging_mixin.py:188} INFO - [2024-02-14T09:31:06.929+0000] {dag.py:3820} INFO - Setting next_dagrun for example_branch_datetime_operator to 2024-02-13T00:00:00+00:00, run_after=2024-02-14T00:00:00+00:00
[2024-02-14T09:31:06.933+0000] {logging_mixin.py:188} INFO - [2024-02-14T09:31:06.933+0000] {dag.py:3820} INFO - Setting next_dagrun for example_branch_datetime_operator_2 to 2024-02-13T00:00:00+00:00, run_after=2024-02-14T00:00:00+00:00
[2024-02-14T09:31:06.935+0000] {logging_mixin.py:188} INFO - [2024-02-14T09:31:06.935+0000] {dag.py:3820} INFO - Setting next_dagrun for example_branch_datetime_operator_3 to 2024-02-13T00:00:00+00:00, run_after=2024-02-14T00:00:00+00:00
[2024-02-14T09:31:06.975+0000] {processor.py:183} INFO - Processing /home/codespace/.local/share/virtualenvs/airflow_sandbox-vp-HKq_L/lib/python3.10/site-packages/airflow/example_dags/example_branch_datetime_operator.py took 0.094 seconds
[2024-02-14T09:31:59.674+0000] {processor.py:161} INFO - Started process (PID=17222) to work on /home/codespace/.local/share/virtualenvs/airflow_sandbox-vp-HKq_L/lib/python3.10/site-packages/airflow/example_dags/example_branch_datetime_operator.py
[2024-02-14T09:31:59.675+0000] {processor.py:830} INFO - Processing file /home/codespace/.local/share/virtualenvs/airflow_sandbox-vp-HKq_L/lib/python3.10/site-packages/airflow/example_dags/example_branch_datetime_operator.py for tasks to queue
[2024-02-14T09:31:59.676+0000] {logging_mixin.py:188} INFO - [2024-02-14T09:31:59.675+0000] {dagbag.py:538} INFO - Filling up the DagBag from /home/codespace/.local/share/virtualenvs/airflow_sandbox-vp-HKq_L/lib/python3.10/site-packages/airflow/example_dags/example_branch_datetime_operator.py
[2024-02-14T09:31:59.684+0000] {processor.py:840} INFO - DAG(s) 'example_branch_datetime_operator_2', 'example_branch_datetime_operator', 'example_branch_datetime_operator_3' retrieved from /home/codespace/.local/share/virtualenvs/airflow_sandbox-vp-HKq_L/lib/python3.10/site-packages/airflow/example_dags/example_branch_datetime_operator.py
[2024-02-14T09:31:59.702+0000] {logging_mixin.py:188} INFO - [2024-02-14T09:31:59.701+0000] {dag.py:3033} INFO - Sync 3 DAGs
[2024-02-14T09:31:59.719+0000] {logging_mixin.py:188} INFO - [2024-02-14T09:31:59.719+0000] {dag.py:3820} INFO - Setting next_dagrun for example_branch_datetime_operator to 2024-02-13T00:00:00+00:00, run_after=2024-02-14T00:00:00+00:00
[2024-02-14T09:31:59.723+0000] {logging_mixin.py:188} INFO - [2024-02-14T09:31:59.723+0000] {dag.py:3820} INFO - Setting next_dagrun for example_branch_datetime_operator_2 to 2024-02-13T00:00:00+00:00, run_after=2024-02-14T00:00:00+00:00
[2024-02-14T09:31:59.725+0000] {logging_mixin.py:188} INFO - [2024-02-14T09:31:59.725+0000] {dag.py:3820} INFO - Setting next_dagrun for example_branch_datetime_operator_3 to 2024-02-13T00:00:00+00:00, run_after=2024-02-14T00:00:00+00:00
[2024-02-14T09:31:59.769+0000] {processor.py:183} INFO - Processing /home/codespace/.local/share/virtualenvs/airflow_sandbox-vp-HKq_L/lib/python3.10/site-packages/airflow/example_dags/example_branch_datetime_operator.py took 0.097 seconds
[2024-02-14T09:32:53.679+0000] {processor.py:161} INFO - Started process (PID=17617) to work on /home/codespace/.local/share/virtualenvs/airflow_sandbox-vp-HKq_L/lib/python3.10/site-packages/airflow/example_dags/example_branch_datetime_operator.py
[2024-02-14T09:32:53.680+0000] {processor.py:830} INFO - Processing file /home/codespace/.local/share/virtualenvs/airflow_sandbox-vp-HKq_L/lib/python3.10/site-packages/airflow/example_dags/example_branch_datetime_operator.py for tasks to queue
[2024-02-14T09:32:53.681+0000] {logging_mixin.py:188} INFO - [2024-02-14T09:32:53.680+0000] {dagbag.py:538} INFO - Filling up the DagBag from /home/codespace/.local/share/virtualenvs/airflow_sandbox-vp-HKq_L/lib/python3.10/site-packages/airflow/example_dags/example_branch_datetime_operator.py
[2024-02-14T09:32:53.689+0000] {processor.py:840} INFO - DAG(s) 'example_branch_datetime_operator_3', 'example_branch_datetime_operator', 'example_branch_datetime_operator_2' retrieved from /home/codespace/.local/share/virtualenvs/airflow_sandbox-vp-HKq_L/lib/python3.10/site-packages/airflow/example_dags/example_branch_datetime_operator.py
[2024-02-14T09:32:53.706+0000] {logging_mixin.py:188} INFO - [2024-02-14T09:32:53.706+0000] {dag.py:3033} INFO - Sync 3 DAGs
[2024-02-14T09:32:53.723+0000] {logging_mixin.py:188} INFO - [2024-02-14T09:32:53.723+0000] {dag.py:3820} INFO - Setting next_dagrun for example_branch_datetime_operator to 2024-02-13T00:00:00+00:00, run_after=2024-02-14T00:00:00+00:00
[2024-02-14T09:32:53.727+0000] {logging_mixin.py:188} INFO - [2024-02-14T09:32:53.727+0000] {dag.py:3820} INFO - Setting next_dagrun for example_branch_datetime_operator_2 to 2024-02-13T00:00:00+00:00, run_after=2024-02-14T00:00:00+00:00
[2024-02-14T09:32:53.729+0000] {logging_mixin.py:188} INFO - [2024-02-14T09:32:53.729+0000] {dag.py:3820} INFO - Setting next_dagrun for example_branch_datetime_operator_3 to 2024-02-13T00:00:00+00:00, run_after=2024-02-14T00:00:00+00:00
[2024-02-14T09:32:53.767+0000] {processor.py:183} INFO - Processing /home/codespace/.local/share/virtualenvs/airflow_sandbox-vp-HKq_L/lib/python3.10/site-packages/airflow/example_dags/example_branch_datetime_operator.py took 0.090 seconds
[2024-02-14T09:33:45.514+0000] {processor.py:161} INFO - Started process (PID=17985) to work on /home/codespace/.local/share/virtualenvs/airflow_sandbox-vp-HKq_L/lib/python3.10/site-packages/airflow/example_dags/example_branch_datetime_operator.py
[2024-02-14T09:33:45.514+0000] {processor.py:830} INFO - Processing file /home/codespace/.local/share/virtualenvs/airflow_sandbox-vp-HKq_L/lib/python3.10/site-packages/airflow/example_dags/example_branch_datetime_operator.py for tasks to queue
[2024-02-14T09:33:45.515+0000] {logging_mixin.py:188} INFO - [2024-02-14T09:33:45.515+0000] {dagbag.py:538} INFO - Filling up the DagBag from /home/codespace/.local/share/virtualenvs/airflow_sandbox-vp-HKq_L/lib/python3.10/site-packages/airflow/example_dags/example_branch_datetime_operator.py
[2024-02-14T09:33:45.523+0000] {processor.py:840} INFO - DAG(s) 'example_branch_datetime_operator_3', 'example_branch_datetime_operator', 'example_branch_datetime_operator_2' retrieved from /home/codespace/.local/share/virtualenvs/airflow_sandbox-vp-HKq_L/lib/python3.10/site-packages/airflow/example_dags/example_branch_datetime_operator.py
[2024-02-14T09:33:45.540+0000] {logging_mixin.py:188} INFO - [2024-02-14T09:33:45.540+0000] {dag.py:3033} INFO - Sync 3 DAGs
[2024-02-14T09:33:45.556+0000] {logging_mixin.py:188} INFO - [2024-02-14T09:33:45.556+0000] {dag.py:3820} INFO - Setting next_dagrun for example_branch_datetime_operator to 2024-02-13T00:00:00+00:00, run_after=2024-02-14T00:00:00+00:00
[2024-02-14T09:33:45.560+0000] {logging_mixin.py:188} INFO - [2024-02-14T09:33:45.560+0000] {dag.py:3820} INFO - Setting next_dagrun for example_branch_datetime_operator_2 to 2024-02-13T00:00:00+00:00, run_after=2024-02-14T00:00:00+00:00
[2024-02-14T09:33:45.562+0000] {logging_mixin.py:188} INFO - [2024-02-14T09:33:45.562+0000] {dag.py:3820} INFO - Setting next_dagrun for example_branch_datetime_operator_3 to 2024-02-13T00:00:00+00:00, run_after=2024-02-14T00:00:00+00:00
[2024-02-14T09:33:45.603+0000] {processor.py:183} INFO - Processing /home/codespace/.local/share/virtualenvs/airflow_sandbox-vp-HKq_L/lib/python3.10/site-packages/airflow/example_dags/example_branch_datetime_operator.py took 0.092 seconds
[2024-02-14T09:34:38.018+0000] {processor.py:161} INFO - Started process (PID=18438) to work on /home/codespace/.local/share/virtualenvs/airflow_sandbox-vp-HKq_L/lib/python3.10/site-packages/airflow/example_dags/example_branch_datetime_operator.py
[2024-02-14T09:34:38.019+0000] {processor.py:830} INFO - Processing file /home/codespace/.local/share/virtualenvs/airflow_sandbox-vp-HKq_L/lib/python3.10/site-packages/airflow/example_dags/example_branch_datetime_operator.py for tasks to queue
[2024-02-14T09:34:38.020+0000] {logging_mixin.py:188} INFO - [2024-02-14T09:34:38.020+0000] {dagbag.py:538} INFO - Filling up the DagBag from /home/codespace/.local/share/virtualenvs/airflow_sandbox-vp-HKq_L/lib/python3.10/site-packages/airflow/example_dags/example_branch_datetime_operator.py
[2024-02-14T09:34:38.033+0000] {processor.py:840} INFO - DAG(s) 'example_branch_datetime_operator_3', 'example_branch_datetime_operator', 'example_branch_datetime_operator_2' retrieved from /home/codespace/.local/share/virtualenvs/airflow_sandbox-vp-HKq_L/lib/python3.10/site-packages/airflow/example_dags/example_branch_datetime_operator.py
[2024-02-14T09:34:38.052+0000] {logging_mixin.py:188} INFO - [2024-02-14T09:34:38.052+0000] {dag.py:3033} INFO - Sync 3 DAGs
[2024-02-14T09:34:38.071+0000] {logging_mixin.py:188} INFO - [2024-02-14T09:34:38.071+0000] {dag.py:3820} INFO - Setting next_dagrun for example_branch_datetime_operator to 2024-02-13T00:00:00+00:00, run_after=2024-02-14T00:00:00+00:00
[2024-02-14T09:34:38.075+0000] {logging_mixin.py:188} INFO - [2024-02-14T09:34:38.075+0000] {dag.py:3820} INFO - Setting next_dagrun for example_branch_datetime_operator_2 to 2024-02-13T00:00:00+00:00, run_after=2024-02-14T00:00:00+00:00
[2024-02-14T09:34:38.077+0000] {logging_mixin.py:188} INFO - [2024-02-14T09:34:38.077+0000] {dag.py:3820} INFO - Setting next_dagrun for example_branch_datetime_operator_3 to 2024-02-13T00:00:00+00:00, run_after=2024-02-14T00:00:00+00:00
[2024-02-14T09:34:38.119+0000] {processor.py:183} INFO - Processing /home/codespace/.local/share/virtualenvs/airflow_sandbox-vp-HKq_L/lib/python3.10/site-packages/airflow/example_dags/example_branch_datetime_operator.py took 0.104 seconds
