[2024-02-14T09:08:12.452+0000] {processor.py:161} INFO - Started process (PID=4848) to work on /home/codespace/.local/share/virtualenvs/airflow_sandbox-vp-HKq_L/lib/python3.10/site-packages/airflow/example_dags/example_branch_labels.py
[2024-02-14T09:08:12.453+0000] {processor.py:830} INFO - Processing file /home/codespace/.local/share/virtualenvs/airflow_sandbox-vp-HKq_L/lib/python3.10/site-packages/airflow/example_dags/example_branch_labels.py for tasks to queue
[2024-02-14T09:08:12.454+0000] {logging_mixin.py:188} INFO - [2024-02-14T09:08:12.453+0000] {dagbag.py:538} INFO - Filling up the DagBag from /home/codespace/.local/share/virtualenvs/airflow_sandbox-vp-HKq_L/lib/python3.10/site-packages/airflow/example_dags/example_branch_labels.py
[2024-02-14T09:08:12.463+0000] {processor.py:840} INFO - DAG(s) 'example_branch_labels' retrieved from /home/codespace/.local/share/virtualenvs/airflow_sandbox-vp-HKq_L/lib/python3.10/site-packages/airflow/example_dags/example_branch_labels.py
[2024-02-14T09:08:12.483+0000] {logging_mixin.py:188} INFO - [2024-02-14T09:08:12.483+0000] {dag.py:3033} INFO - Sync 1 DAGs
[2024-02-14T09:08:12.517+0000] {logging_mixin.py:188} INFO - [2024-02-14T09:08:12.517+0000] {dag.py:3820} INFO - Setting next_dagrun for example_branch_labels to 2024-02-13T00:00:00+00:00, run_after=2024-02-14T00:00:00+00:00
[2024-02-14T09:08:12.570+0000] {processor.py:183} INFO - Processing /home/codespace/.local/share/virtualenvs/airflow_sandbox-vp-HKq_L/lib/python3.10/site-packages/airflow/example_dags/example_branch_labels.py took 0.125 seconds
[2024-02-14T09:09:20.368+0000] {processor.py:161} INFO - Started process (PID=5846) to work on /home/codespace/.local/share/virtualenvs/airflow_sandbox-vp-HKq_L/lib/python3.10/site-packages/airflow/example_dags/example_branch_labels.py
[2024-02-14T09:09:20.369+0000] {processor.py:830} INFO - Processing file /home/codespace/.local/share/virtualenvs/airflow_sandbox-vp-HKq_L/lib/python3.10/site-packages/airflow/example_dags/example_branch_labels.py for tasks to queue
[2024-02-14T09:09:20.369+0000] {logging_mixin.py:188} INFO - [2024-02-14T09:09:20.369+0000] {dagbag.py:538} INFO - Filling up the DagBag from /home/codespace/.local/share/virtualenvs/airflow_sandbox-vp-HKq_L/lib/python3.10/site-packages/airflow/example_dags/example_branch_labels.py
[2024-02-14T09:09:20.376+0000] {processor.py:840} INFO - DAG(s) 'example_branch_labels' retrieved from /home/codespace/.local/share/virtualenvs/airflow_sandbox-vp-HKq_L/lib/python3.10/site-packages/airflow/example_dags/example_branch_labels.py
[2024-02-14T09:09:20.389+0000] {logging_mixin.py:188} INFO - [2024-02-14T09:09:20.389+0000] {dag.py:3033} INFO - Sync 1 DAGs
[2024-02-14T09:09:20.406+0000] {logging_mixin.py:188} INFO - [2024-02-14T09:09:20.405+0000] {dag.py:3820} INFO - Setting next_dagrun for example_branch_labels to 2024-02-13T00:00:00+00:00, run_after=2024-02-14T00:00:00+00:00
[2024-02-14T09:09:20.450+0000] {processor.py:183} INFO - Processing /home/codespace/.local/share/virtualenvs/airflow_sandbox-vp-HKq_L/lib/python3.10/site-packages/airflow/example_dags/example_branch_labels.py took 0.084 seconds
[2024-02-14T09:10:08.608+0000] {processor.py:161} INFO - Started process (PID=6508) to work on /home/codespace/.local/share/virtualenvs/airflow_sandbox-vp-HKq_L/lib/python3.10/site-packages/airflow/example_dags/example_branch_labels.py
[2024-02-14T09:10:08.609+0000] {processor.py:830} INFO - Processing file /home/codespace/.local/share/virtualenvs/airflow_sandbox-vp-HKq_L/lib/python3.10/site-packages/airflow/example_dags/example_branch_labels.py for tasks to queue
[2024-02-14T09:10:08.610+0000] {logging_mixin.py:188} INFO - [2024-02-14T09:10:08.609+0000] {dagbag.py:538} INFO - Filling up the DagBag from /home/codespace/.local/share/virtualenvs/airflow_sandbox-vp-HKq_L/lib/python3.10/site-packages/airflow/example_dags/example_branch_labels.py
[2024-02-14T09:10:08.617+0000] {processor.py:840} INFO - DAG(s) 'example_branch_labels' retrieved from /home/codespace/.local/share/virtualenvs/airflow_sandbox-vp-HKq_L/lib/python3.10/site-packages/airflow/example_dags/example_branch_labels.py
[2024-02-14T09:10:08.666+0000] {logging_mixin.py:188} INFO - [2024-02-14T09:10:08.665+0000] {dag.py:3033} INFO - Sync 1 DAGs
[2024-02-14T09:10:08.723+0000] {logging_mixin.py:188} INFO - [2024-02-14T09:10:08.723+0000] {dag.py:3820} INFO - Setting next_dagrun for example_branch_labels to 2024-02-13T00:00:00+00:00, run_after=2024-02-14T00:00:00+00:00
[2024-02-14T09:10:08.764+0000] {processor.py:183} INFO - Processing /home/codespace/.local/share/virtualenvs/airflow_sandbox-vp-HKq_L/lib/python3.10/site-packages/airflow/example_dags/example_branch_labels.py took 0.157 seconds
[2024-02-14T09:11:04.137+0000] {processor.py:161} INFO - Started process (PID=7114) to work on /home/codespace/.local/share/virtualenvs/airflow_sandbox-vp-HKq_L/lib/python3.10/site-packages/airflow/example_dags/example_branch_labels.py
[2024-02-14T09:11:04.138+0000] {processor.py:830} INFO - Processing file /home/codespace/.local/share/virtualenvs/airflow_sandbox-vp-HKq_L/lib/python3.10/site-packages/airflow/example_dags/example_branch_labels.py for tasks to queue
[2024-02-14T09:11:04.138+0000] {logging_mixin.py:188} INFO - [2024-02-14T09:11:04.138+0000] {dagbag.py:538} INFO - Filling up the DagBag from /home/codespace/.local/share/virtualenvs/airflow_sandbox-vp-HKq_L/lib/python3.10/site-packages/airflow/example_dags/example_branch_labels.py
[2024-02-14T09:11:04.145+0000] {processor.py:840} INFO - DAG(s) 'example_branch_labels' retrieved from /home/codespace/.local/share/virtualenvs/airflow_sandbox-vp-HKq_L/lib/python3.10/site-packages/airflow/example_dags/example_branch_labels.py
[2024-02-14T09:11:04.158+0000] {logging_mixin.py:188} INFO - [2024-02-14T09:11:04.158+0000] {dag.py:3033} INFO - Sync 1 DAGs
[2024-02-14T09:11:04.176+0000] {logging_mixin.py:188} INFO - [2024-02-14T09:11:04.176+0000] {dag.py:3820} INFO - Setting next_dagrun for example_branch_labels to 2024-02-13T00:00:00+00:00, run_after=2024-02-14T00:00:00+00:00
[2024-02-14T09:11:04.218+0000] {processor.py:183} INFO - Processing /home/codespace/.local/share/virtualenvs/airflow_sandbox-vp-HKq_L/lib/python3.10/site-packages/airflow/example_dags/example_branch_labels.py took 0.084 seconds
[2024-02-14T09:12:01.365+0000] {processor.py:161} INFO - Started process (PID=7896) to work on /home/codespace/.local/share/virtualenvs/airflow_sandbox-vp-HKq_L/lib/python3.10/site-packages/airflow/example_dags/example_branch_labels.py
[2024-02-14T09:12:01.366+0000] {processor.py:830} INFO - Processing file /home/codespace/.local/share/virtualenvs/airflow_sandbox-vp-HKq_L/lib/python3.10/site-packages/airflow/example_dags/example_branch_labels.py for tasks to queue
[2024-02-14T09:12:01.367+0000] {logging_mixin.py:188} INFO - [2024-02-14T09:12:01.366+0000] {dagbag.py:538} INFO - Filling up the DagBag from /home/codespace/.local/share/virtualenvs/airflow_sandbox-vp-HKq_L/lib/python3.10/site-packages/airflow/example_dags/example_branch_labels.py
[2024-02-14T09:12:01.373+0000] {processor.py:840} INFO - DAG(s) 'example_branch_labels' retrieved from /home/codespace/.local/share/virtualenvs/airflow_sandbox-vp-HKq_L/lib/python3.10/site-packages/airflow/example_dags/example_branch_labels.py
[2024-02-14T09:12:01.386+0000] {logging_mixin.py:188} INFO - [2024-02-14T09:12:01.386+0000] {dag.py:3033} INFO - Sync 1 DAGs
[2024-02-14T09:12:01.403+0000] {logging_mixin.py:188} INFO - [2024-02-14T09:12:01.403+0000] {dag.py:3820} INFO - Setting next_dagrun for example_branch_labels to 2024-02-13T00:00:00+00:00, run_after=2024-02-14T00:00:00+00:00
[2024-02-14T09:12:01.447+0000] {processor.py:183} INFO - Processing /home/codespace/.local/share/virtualenvs/airflow_sandbox-vp-HKq_L/lib/python3.10/site-packages/airflow/example_dags/example_branch_labels.py took 0.084 seconds
[2024-02-14T09:12:55.629+0000] {processor.py:161} INFO - Started process (PID=8370) to work on /home/codespace/.local/share/virtualenvs/airflow_sandbox-vp-HKq_L/lib/python3.10/site-packages/airflow/example_dags/example_branch_labels.py
[2024-02-14T09:12:55.629+0000] {processor.py:830} INFO - Processing file /home/codespace/.local/share/virtualenvs/airflow_sandbox-vp-HKq_L/lib/python3.10/site-packages/airflow/example_dags/example_branch_labels.py for tasks to queue
[2024-02-14T09:12:55.630+0000] {logging_mixin.py:188} INFO - [2024-02-14T09:12:55.630+0000] {dagbag.py:538} INFO - Filling up the DagBag from /home/codespace/.local/share/virtualenvs/airflow_sandbox-vp-HKq_L/lib/python3.10/site-packages/airflow/example_dags/example_branch_labels.py
[2024-02-14T09:12:55.636+0000] {processor.py:840} INFO - DAG(s) 'example_branch_labels' retrieved from /home/codespace/.local/share/virtualenvs/airflow_sandbox-vp-HKq_L/lib/python3.10/site-packages/airflow/example_dags/example_branch_labels.py
[2024-02-14T09:12:55.650+0000] {logging_mixin.py:188} INFO - [2024-02-14T09:12:55.650+0000] {dag.py:3033} INFO - Sync 1 DAGs
[2024-02-14T09:12:55.667+0000] {logging_mixin.py:188} INFO - [2024-02-14T09:12:55.667+0000] {dag.py:3820} INFO - Setting next_dagrun for example_branch_labels to 2024-02-13T00:00:00+00:00, run_after=2024-02-14T00:00:00+00:00
[2024-02-14T09:12:55.709+0000] {processor.py:183} INFO - Processing /home/codespace/.local/share/virtualenvs/airflow_sandbox-vp-HKq_L/lib/python3.10/site-packages/airflow/example_dags/example_branch_labels.py took 0.083 seconds
[2024-02-14T09:13:48.955+0000] {processor.py:161} INFO - Started process (PID=8786) to work on /home/codespace/.local/share/virtualenvs/airflow_sandbox-vp-HKq_L/lib/python3.10/site-packages/airflow/example_dags/example_branch_labels.py
[2024-02-14T09:13:48.956+0000] {processor.py:830} INFO - Processing file /home/codespace/.local/share/virtualenvs/airflow_sandbox-vp-HKq_L/lib/python3.10/site-packages/airflow/example_dags/example_branch_labels.py for tasks to queue
[2024-02-14T09:13:48.957+0000] {logging_mixin.py:188} INFO - [2024-02-14T09:13:48.956+0000] {dagbag.py:538} INFO - Filling up the DagBag from /home/codespace/.local/share/virtualenvs/airflow_sandbox-vp-HKq_L/lib/python3.10/site-packages/airflow/example_dags/example_branch_labels.py
[2024-02-14T09:13:48.963+0000] {processor.py:840} INFO - DAG(s) 'example_branch_labels' retrieved from /home/codespace/.local/share/virtualenvs/airflow_sandbox-vp-HKq_L/lib/python3.10/site-packages/airflow/example_dags/example_branch_labels.py
[2024-02-14T09:13:48.976+0000] {logging_mixin.py:188} INFO - [2024-02-14T09:13:48.976+0000] {dag.py:3033} INFO - Sync 1 DAGs
[2024-02-14T09:13:48.995+0000] {logging_mixin.py:188} INFO - [2024-02-14T09:13:48.994+0000] {dag.py:3820} INFO - Setting next_dagrun for example_branch_labels to 2024-02-13T00:00:00+00:00, run_after=2024-02-14T00:00:00+00:00
[2024-02-14T09:13:49.042+0000] {processor.py:183} INFO - Processing /home/codespace/.local/share/virtualenvs/airflow_sandbox-vp-HKq_L/lib/python3.10/site-packages/airflow/example_dags/example_branch_labels.py took 0.089 seconds
[2024-02-14T09:14:43.075+0000] {processor.py:161} INFO - Started process (PID=9197) to work on /home/codespace/.local/share/virtualenvs/airflow_sandbox-vp-HKq_L/lib/python3.10/site-packages/airflow/example_dags/example_branch_labels.py
[2024-02-14T09:14:43.076+0000] {processor.py:830} INFO - Processing file /home/codespace/.local/share/virtualenvs/airflow_sandbox-vp-HKq_L/lib/python3.10/site-packages/airflow/example_dags/example_branch_labels.py for tasks to queue
[2024-02-14T09:14:43.077+0000] {logging_mixin.py:188} INFO - [2024-02-14T09:14:43.076+0000] {dagbag.py:538} INFO - Filling up the DagBag from /home/codespace/.local/share/virtualenvs/airflow_sandbox-vp-HKq_L/lib/python3.10/site-packages/airflow/example_dags/example_branch_labels.py
[2024-02-14T09:14:43.083+0000] {processor.py:840} INFO - DAG(s) 'example_branch_labels' retrieved from /home/codespace/.local/share/virtualenvs/airflow_sandbox-vp-HKq_L/lib/python3.10/site-packages/airflow/example_dags/example_branch_labels.py
[2024-02-14T09:14:43.097+0000] {logging_mixin.py:188} INFO - [2024-02-14T09:14:43.097+0000] {dag.py:3033} INFO - Sync 1 DAGs
[2024-02-14T09:14:43.113+0000] {logging_mixin.py:188} INFO - [2024-02-14T09:14:43.113+0000] {dag.py:3820} INFO - Setting next_dagrun for example_branch_labels to 2024-02-13T00:00:00+00:00, run_after=2024-02-14T00:00:00+00:00
[2024-02-14T09:14:43.156+0000] {processor.py:183} INFO - Processing /home/codespace/.local/share/virtualenvs/airflow_sandbox-vp-HKq_L/lib/python3.10/site-packages/airflow/example_dags/example_branch_labels.py took 0.083 seconds
[2024-02-14T09:15:34.630+0000] {processor.py:161} INFO - Started process (PID=9549) to work on /home/codespace/.local/share/virtualenvs/airflow_sandbox-vp-HKq_L/lib/python3.10/site-packages/airflow/example_dags/example_branch_labels.py
[2024-02-14T09:15:34.631+0000] {processor.py:830} INFO - Processing file /home/codespace/.local/share/virtualenvs/airflow_sandbox-vp-HKq_L/lib/python3.10/site-packages/airflow/example_dags/example_branch_labels.py for tasks to queue
[2024-02-14T09:15:34.632+0000] {logging_mixin.py:188} INFO - [2024-02-14T09:15:34.631+0000] {dagbag.py:538} INFO - Filling up the DagBag from /home/codespace/.local/share/virtualenvs/airflow_sandbox-vp-HKq_L/lib/python3.10/site-packages/airflow/example_dags/example_branch_labels.py
[2024-02-14T09:15:34.638+0000] {processor.py:840} INFO - DAG(s) 'example_branch_labels' retrieved from /home/codespace/.local/share/virtualenvs/airflow_sandbox-vp-HKq_L/lib/python3.10/site-packages/airflow/example_dags/example_branch_labels.py
[2024-02-14T09:15:34.653+0000] {logging_mixin.py:188} INFO - [2024-02-14T09:15:34.652+0000] {dag.py:3033} INFO - Sync 1 DAGs
[2024-02-14T09:15:34.671+0000] {logging_mixin.py:188} INFO - [2024-02-14T09:15:34.671+0000] {dag.py:3820} INFO - Setting next_dagrun for example_branch_labels to 2024-02-13T00:00:00+00:00, run_after=2024-02-14T00:00:00+00:00
[2024-02-14T09:15:34.713+0000] {processor.py:183} INFO - Processing /home/codespace/.local/share/virtualenvs/airflow_sandbox-vp-HKq_L/lib/python3.10/site-packages/airflow/example_dags/example_branch_labels.py took 0.085 seconds
[2024-02-14T09:16:26.468+0000] {processor.py:161} INFO - Started process (PID=9918) to work on /home/codespace/.local/share/virtualenvs/airflow_sandbox-vp-HKq_L/lib/python3.10/site-packages/airflow/example_dags/example_branch_labels.py
[2024-02-14T09:16:26.468+0000] {processor.py:830} INFO - Processing file /home/codespace/.local/share/virtualenvs/airflow_sandbox-vp-HKq_L/lib/python3.10/site-packages/airflow/example_dags/example_branch_labels.py for tasks to queue
[2024-02-14T09:16:26.469+0000] {logging_mixin.py:188} INFO - [2024-02-14T09:16:26.469+0000] {dagbag.py:538} INFO - Filling up the DagBag from /home/codespace/.local/share/virtualenvs/airflow_sandbox-vp-HKq_L/lib/python3.10/site-packages/airflow/example_dags/example_branch_labels.py
[2024-02-14T09:16:26.475+0000] {processor.py:840} INFO - DAG(s) 'example_branch_labels' retrieved from /home/codespace/.local/share/virtualenvs/airflow_sandbox-vp-HKq_L/lib/python3.10/site-packages/airflow/example_dags/example_branch_labels.py
[2024-02-14T09:16:26.488+0000] {logging_mixin.py:188} INFO - [2024-02-14T09:16:26.488+0000] {dag.py:3033} INFO - Sync 1 DAGs
[2024-02-14T09:16:26.506+0000] {logging_mixin.py:188} INFO - [2024-02-14T09:16:26.505+0000] {dag.py:3820} INFO - Setting next_dagrun for example_branch_labels to 2024-02-13T00:00:00+00:00, run_after=2024-02-14T00:00:00+00:00
[2024-02-14T09:16:26.546+0000] {processor.py:183} INFO - Processing /home/codespace/.local/share/virtualenvs/airflow_sandbox-vp-HKq_L/lib/python3.10/site-packages/airflow/example_dags/example_branch_labels.py took 0.081 seconds
[2024-02-14T09:17:20.943+0000] {processor.py:161} INFO - Started process (PID=10302) to work on /home/codespace/.local/share/virtualenvs/airflow_sandbox-vp-HKq_L/lib/python3.10/site-packages/airflow/example_dags/example_branch_labels.py
[2024-02-14T09:17:20.944+0000] {processor.py:830} INFO - Processing file /home/codespace/.local/share/virtualenvs/airflow_sandbox-vp-HKq_L/lib/python3.10/site-packages/airflow/example_dags/example_branch_labels.py for tasks to queue
[2024-02-14T09:17:20.945+0000] {logging_mixin.py:188} INFO - [2024-02-14T09:17:20.944+0000] {dagbag.py:538} INFO - Filling up the DagBag from /home/codespace/.local/share/virtualenvs/airflow_sandbox-vp-HKq_L/lib/python3.10/site-packages/airflow/example_dags/example_branch_labels.py
[2024-02-14T09:17:20.951+0000] {processor.py:840} INFO - DAG(s) 'example_branch_labels' retrieved from /home/codespace/.local/share/virtualenvs/airflow_sandbox-vp-HKq_L/lib/python3.10/site-packages/airflow/example_dags/example_branch_labels.py
[2024-02-14T09:17:20.966+0000] {logging_mixin.py:188} INFO - [2024-02-14T09:17:20.965+0000] {dag.py:3033} INFO - Sync 1 DAGs
[2024-02-14T09:17:20.985+0000] {logging_mixin.py:188} INFO - [2024-02-14T09:17:20.984+0000] {dag.py:3820} INFO - Setting next_dagrun for example_branch_labels to 2024-02-13T00:00:00+00:00, run_after=2024-02-14T00:00:00+00:00
[2024-02-14T09:17:21.034+0000] {processor.py:183} INFO - Processing /home/codespace/.local/share/virtualenvs/airflow_sandbox-vp-HKq_L/lib/python3.10/site-packages/airflow/example_dags/example_branch_labels.py took 0.093 seconds
[2024-02-14T09:18:11.103+0000] {processor.py:161} INFO - Started process (PID=10693) to work on /home/codespace/.local/share/virtualenvs/airflow_sandbox-vp-HKq_L/lib/python3.10/site-packages/airflow/example_dags/example_branch_labels.py
[2024-02-14T09:18:11.104+0000] {processor.py:830} INFO - Processing file /home/codespace/.local/share/virtualenvs/airflow_sandbox-vp-HKq_L/lib/python3.10/site-packages/airflow/example_dags/example_branch_labels.py for tasks to queue
[2024-02-14T09:18:11.104+0000] {logging_mixin.py:188} INFO - [2024-02-14T09:18:11.104+0000] {dagbag.py:538} INFO - Filling up the DagBag from /home/codespace/.local/share/virtualenvs/airflow_sandbox-vp-HKq_L/lib/python3.10/site-packages/airflow/example_dags/example_branch_labels.py
[2024-02-14T09:18:11.110+0000] {processor.py:840} INFO - DAG(s) 'example_branch_labels' retrieved from /home/codespace/.local/share/virtualenvs/airflow_sandbox-vp-HKq_L/lib/python3.10/site-packages/airflow/example_dags/example_branch_labels.py
[2024-02-14T09:18:11.123+0000] {logging_mixin.py:188} INFO - [2024-02-14T09:18:11.123+0000] {dag.py:3033} INFO - Sync 1 DAGs
[2024-02-14T09:18:11.141+0000] {logging_mixin.py:188} INFO - [2024-02-14T09:18:11.140+0000] {dag.py:3820} INFO - Setting next_dagrun for example_branch_labels to 2024-02-13T00:00:00+00:00, run_after=2024-02-14T00:00:00+00:00
[2024-02-14T09:18:11.183+0000] {processor.py:183} INFO - Processing /home/codespace/.local/share/virtualenvs/airflow_sandbox-vp-HKq_L/lib/python3.10/site-packages/airflow/example_dags/example_branch_labels.py took 0.082 seconds
[2024-02-14T09:19:04.224+0000] {processor.py:161} INFO - Started process (PID=11093) to work on /home/codespace/.local/share/virtualenvs/airflow_sandbox-vp-HKq_L/lib/python3.10/site-packages/airflow/example_dags/example_branch_labels.py
[2024-02-14T09:19:04.224+0000] {processor.py:830} INFO - Processing file /home/codespace/.local/share/virtualenvs/airflow_sandbox-vp-HKq_L/lib/python3.10/site-packages/airflow/example_dags/example_branch_labels.py for tasks to queue
[2024-02-14T09:19:04.225+0000] {logging_mixin.py:188} INFO - [2024-02-14T09:19:04.225+0000] {dagbag.py:538} INFO - Filling up the DagBag from /home/codespace/.local/share/virtualenvs/airflow_sandbox-vp-HKq_L/lib/python3.10/site-packages/airflow/example_dags/example_branch_labels.py
[2024-02-14T09:19:04.231+0000] {processor.py:840} INFO - DAG(s) 'example_branch_labels' retrieved from /home/codespace/.local/share/virtualenvs/airflow_sandbox-vp-HKq_L/lib/python3.10/site-packages/airflow/example_dags/example_branch_labels.py
[2024-02-14T09:19:04.245+0000] {logging_mixin.py:188} INFO - [2024-02-14T09:19:04.244+0000] {dag.py:3033} INFO - Sync 1 DAGs
[2024-02-14T09:19:04.263+0000] {logging_mixin.py:188} INFO - [2024-02-14T09:19:04.262+0000] {dag.py:3820} INFO - Setting next_dagrun for example_branch_labels to 2024-02-13T00:00:00+00:00, run_after=2024-02-14T00:00:00+00:00
[2024-02-14T09:19:04.304+0000] {processor.py:183} INFO - Processing /home/codespace/.local/share/virtualenvs/airflow_sandbox-vp-HKq_L/lib/python3.10/site-packages/airflow/example_dags/example_branch_labels.py took 0.083 seconds
[2024-02-14T09:19:59.980+0000] {processor.py:161} INFO - Started process (PID=11481) to work on /home/codespace/.local/share/virtualenvs/airflow_sandbox-vp-HKq_L/lib/python3.10/site-packages/airflow/example_dags/example_branch_labels.py
[2024-02-14T09:19:59.981+0000] {processor.py:830} INFO - Processing file /home/codespace/.local/share/virtualenvs/airflow_sandbox-vp-HKq_L/lib/python3.10/site-packages/airflow/example_dags/example_branch_labels.py for tasks to queue
[2024-02-14T09:19:59.981+0000] {logging_mixin.py:188} INFO - [2024-02-14T09:19:59.981+0000] {dagbag.py:538} INFO - Filling up the DagBag from /home/codespace/.local/share/virtualenvs/airflow_sandbox-vp-HKq_L/lib/python3.10/site-packages/airflow/example_dags/example_branch_labels.py
[2024-02-14T09:19:59.988+0000] {processor.py:840} INFO - DAG(s) 'example_branch_labels' retrieved from /home/codespace/.local/share/virtualenvs/airflow_sandbox-vp-HKq_L/lib/python3.10/site-packages/airflow/example_dags/example_branch_labels.py
[2024-02-14T09:20:00.005+0000] {logging_mixin.py:188} INFO - [2024-02-14T09:20:00.005+0000] {dag.py:3033} INFO - Sync 1 DAGs
[2024-02-14T09:20:00.029+0000] {logging_mixin.py:188} INFO - [2024-02-14T09:20:00.029+0000] {dag.py:3820} INFO - Setting next_dagrun for example_branch_labels to 2024-02-13T00:00:00+00:00, run_after=2024-02-14T00:00:00+00:00
[2024-02-14T09:20:00.088+0000] {processor.py:183} INFO - Processing /home/codespace/.local/share/virtualenvs/airflow_sandbox-vp-HKq_L/lib/python3.10/site-packages/airflow/example_dags/example_branch_labels.py took 0.110 seconds
[2024-02-14T09:20:51.948+0000] {processor.py:161} INFO - Started process (PID=12347) to work on /home/codespace/.local/share/virtualenvs/airflow_sandbox-vp-HKq_L/lib/python3.10/site-packages/airflow/example_dags/example_branch_labels.py
[2024-02-14T09:20:51.949+0000] {processor.py:830} INFO - Processing file /home/codespace/.local/share/virtualenvs/airflow_sandbox-vp-HKq_L/lib/python3.10/site-packages/airflow/example_dags/example_branch_labels.py for tasks to queue
[2024-02-14T09:20:51.950+0000] {logging_mixin.py:188} INFO - [2024-02-14T09:20:51.949+0000] {dagbag.py:538} INFO - Filling up the DagBag from /home/codespace/.local/share/virtualenvs/airflow_sandbox-vp-HKq_L/lib/python3.10/site-packages/airflow/example_dags/example_branch_labels.py
[2024-02-14T09:20:51.956+0000] {processor.py:840} INFO - DAG(s) 'example_branch_labels' retrieved from /home/codespace/.local/share/virtualenvs/airflow_sandbox-vp-HKq_L/lib/python3.10/site-packages/airflow/example_dags/example_branch_labels.py
[2024-02-14T09:20:51.968+0000] {logging_mixin.py:188} INFO - [2024-02-14T09:20:51.968+0000] {dag.py:3033} INFO - Sync 1 DAGs
[2024-02-14T09:20:51.984+0000] {logging_mixin.py:188} INFO - [2024-02-14T09:20:51.984+0000] {dag.py:3820} INFO - Setting next_dagrun for example_branch_labels to 2024-02-13T00:00:00+00:00, run_after=2024-02-14T00:00:00+00:00
[2024-02-14T09:20:52.029+0000] {processor.py:183} INFO - Processing /home/codespace/.local/share/virtualenvs/airflow_sandbox-vp-HKq_L/lib/python3.10/site-packages/airflow/example_dags/example_branch_labels.py took 0.083 seconds
[2024-02-14T09:21:44.002+0000] {processor.py:161} INFO - Started process (PID=12699) to work on /home/codespace/.local/share/virtualenvs/airflow_sandbox-vp-HKq_L/lib/python3.10/site-packages/airflow/example_dags/example_branch_labels.py
[2024-02-14T09:21:44.003+0000] {processor.py:830} INFO - Processing file /home/codespace/.local/share/virtualenvs/airflow_sandbox-vp-HKq_L/lib/python3.10/site-packages/airflow/example_dags/example_branch_labels.py for tasks to queue
[2024-02-14T09:21:44.003+0000] {logging_mixin.py:188} INFO - [2024-02-14T09:21:44.003+0000] {dagbag.py:538} INFO - Filling up the DagBag from /home/codespace/.local/share/virtualenvs/airflow_sandbox-vp-HKq_L/lib/python3.10/site-packages/airflow/example_dags/example_branch_labels.py
[2024-02-14T09:21:44.010+0000] {processor.py:840} INFO - DAG(s) 'example_branch_labels' retrieved from /home/codespace/.local/share/virtualenvs/airflow_sandbox-vp-HKq_L/lib/python3.10/site-packages/airflow/example_dags/example_branch_labels.py
[2024-02-14T09:21:44.022+0000] {logging_mixin.py:188} INFO - [2024-02-14T09:21:44.022+0000] {dag.py:3033} INFO - Sync 1 DAGs
[2024-02-14T09:21:44.039+0000] {logging_mixin.py:188} INFO - [2024-02-14T09:21:44.039+0000] {dag.py:3820} INFO - Setting next_dagrun for example_branch_labels to 2024-02-13T00:00:00+00:00, run_after=2024-02-14T00:00:00+00:00
[2024-02-14T09:21:44.080+0000] {processor.py:183} INFO - Processing /home/codespace/.local/share/virtualenvs/airflow_sandbox-vp-HKq_L/lib/python3.10/site-packages/airflow/example_dags/example_branch_labels.py took 0.080 seconds
[2024-02-14T09:22:41.210+0000] {processor.py:161} INFO - Started process (PID=13151) to work on /home/codespace/.local/share/virtualenvs/airflow_sandbox-vp-HKq_L/lib/python3.10/site-packages/airflow/example_dags/example_branch_labels.py
[2024-02-14T09:22:41.210+0000] {processor.py:830} INFO - Processing file /home/codespace/.local/share/virtualenvs/airflow_sandbox-vp-HKq_L/lib/python3.10/site-packages/airflow/example_dags/example_branch_labels.py for tasks to queue
[2024-02-14T09:22:41.211+0000] {logging_mixin.py:188} INFO - [2024-02-14T09:22:41.211+0000] {dagbag.py:538} INFO - Filling up the DagBag from /home/codespace/.local/share/virtualenvs/airflow_sandbox-vp-HKq_L/lib/python3.10/site-packages/airflow/example_dags/example_branch_labels.py
[2024-02-14T09:22:41.218+0000] {processor.py:840} INFO - DAG(s) 'example_branch_labels' retrieved from /home/codespace/.local/share/virtualenvs/airflow_sandbox-vp-HKq_L/lib/python3.10/site-packages/airflow/example_dags/example_branch_labels.py
[2024-02-14T09:22:41.231+0000] {logging_mixin.py:188} INFO - [2024-02-14T09:22:41.231+0000] {dag.py:3033} INFO - Sync 1 DAGs
[2024-02-14T09:22:41.248+0000] {logging_mixin.py:188} INFO - [2024-02-14T09:22:41.248+0000] {dag.py:3820} INFO - Setting next_dagrun for example_branch_labels to 2024-02-13T00:00:00+00:00, run_after=2024-02-14T00:00:00+00:00
[2024-02-14T09:22:41.295+0000] {processor.py:183} INFO - Processing /home/codespace/.local/share/virtualenvs/airflow_sandbox-vp-HKq_L/lib/python3.10/site-packages/airflow/example_dags/example_branch_labels.py took 0.088 seconds
[2024-02-14T09:23:38.405+0000] {processor.py:161} INFO - Started process (PID=13529) to work on /home/codespace/.local/share/virtualenvs/airflow_sandbox-vp-HKq_L/lib/python3.10/site-packages/airflow/example_dags/example_branch_labels.py
[2024-02-14T09:23:38.405+0000] {processor.py:830} INFO - Processing file /home/codespace/.local/share/virtualenvs/airflow_sandbox-vp-HKq_L/lib/python3.10/site-packages/airflow/example_dags/example_branch_labels.py for tasks to queue
[2024-02-14T09:23:38.406+0000] {logging_mixin.py:188} INFO - [2024-02-14T09:23:38.406+0000] {dagbag.py:538} INFO - Filling up the DagBag from /home/codespace/.local/share/virtualenvs/airflow_sandbox-vp-HKq_L/lib/python3.10/site-packages/airflow/example_dags/example_branch_labels.py
[2024-02-14T09:23:38.412+0000] {processor.py:840} INFO - DAG(s) 'example_branch_labels' retrieved from /home/codespace/.local/share/virtualenvs/airflow_sandbox-vp-HKq_L/lib/python3.10/site-packages/airflow/example_dags/example_branch_labels.py
[2024-02-14T09:23:38.425+0000] {logging_mixin.py:188} INFO - [2024-02-14T09:23:38.425+0000] {dag.py:3033} INFO - Sync 1 DAGs
[2024-02-14T09:23:38.441+0000] {logging_mixin.py:188} INFO - [2024-02-14T09:23:38.441+0000] {dag.py:3820} INFO - Setting next_dagrun for example_branch_labels to 2024-02-13T00:00:00+00:00, run_after=2024-02-14T00:00:00+00:00
[2024-02-14T09:23:38.483+0000] {processor.py:183} INFO - Processing /home/codespace/.local/share/virtualenvs/airflow_sandbox-vp-HKq_L/lib/python3.10/site-packages/airflow/example_dags/example_branch_labels.py took 0.080 seconds
[2024-02-14T09:24:37.194+0000] {processor.py:161} INFO - Started process (PID=13946) to work on /home/codespace/.local/share/virtualenvs/airflow_sandbox-vp-HKq_L/lib/python3.10/site-packages/airflow/example_dags/example_branch_labels.py
[2024-02-14T09:24:37.195+0000] {processor.py:830} INFO - Processing file /home/codespace/.local/share/virtualenvs/airflow_sandbox-vp-HKq_L/lib/python3.10/site-packages/airflow/example_dags/example_branch_labels.py for tasks to queue
[2024-02-14T09:24:37.195+0000] {logging_mixin.py:188} INFO - [2024-02-14T09:24:37.195+0000] {dagbag.py:538} INFO - Filling up the DagBag from /home/codespace/.local/share/virtualenvs/airflow_sandbox-vp-HKq_L/lib/python3.10/site-packages/airflow/example_dags/example_branch_labels.py
[2024-02-14T09:24:37.202+0000] {processor.py:840} INFO - DAG(s) 'example_branch_labels' retrieved from /home/codespace/.local/share/virtualenvs/airflow_sandbox-vp-HKq_L/lib/python3.10/site-packages/airflow/example_dags/example_branch_labels.py
[2024-02-14T09:24:37.216+0000] {logging_mixin.py:188} INFO - [2024-02-14T09:24:37.216+0000] {dag.py:3033} INFO - Sync 1 DAGs
[2024-02-14T09:24:37.234+0000] {logging_mixin.py:188} INFO - [2024-02-14T09:24:37.234+0000] {dag.py:3820} INFO - Setting next_dagrun for example_branch_labels to 2024-02-13T00:00:00+00:00, run_after=2024-02-14T00:00:00+00:00
[2024-02-14T09:24:37.278+0000] {processor.py:183} INFO - Processing /home/codespace/.local/share/virtualenvs/airflow_sandbox-vp-HKq_L/lib/python3.10/site-packages/airflow/example_dags/example_branch_labels.py took 0.087 seconds
[2024-02-14T09:25:30.973+0000] {processor.py:161} INFO - Started process (PID=14315) to work on /home/codespace/.local/share/virtualenvs/airflow_sandbox-vp-HKq_L/lib/python3.10/site-packages/airflow/example_dags/example_branch_labels.py
[2024-02-14T09:25:30.974+0000] {processor.py:830} INFO - Processing file /home/codespace/.local/share/virtualenvs/airflow_sandbox-vp-HKq_L/lib/python3.10/site-packages/airflow/example_dags/example_branch_labels.py for tasks to queue
[2024-02-14T09:25:30.975+0000] {logging_mixin.py:188} INFO - [2024-02-14T09:25:30.975+0000] {dagbag.py:538} INFO - Filling up the DagBag from /home/codespace/.local/share/virtualenvs/airflow_sandbox-vp-HKq_L/lib/python3.10/site-packages/airflow/example_dags/example_branch_labels.py
[2024-02-14T09:25:30.985+0000] {processor.py:840} INFO - DAG(s) 'example_branch_labels' retrieved from /home/codespace/.local/share/virtualenvs/airflow_sandbox-vp-HKq_L/lib/python3.10/site-packages/airflow/example_dags/example_branch_labels.py
[2024-02-14T09:25:31.007+0000] {logging_mixin.py:188} INFO - [2024-02-14T09:25:31.007+0000] {dag.py:3033} INFO - Sync 1 DAGs
[2024-02-14T09:25:31.033+0000] {logging_mixin.py:188} INFO - [2024-02-14T09:25:31.033+0000] {dag.py:3820} INFO - Setting next_dagrun for example_branch_labels to 2024-02-13T00:00:00+00:00, run_after=2024-02-14T00:00:00+00:00
[2024-02-14T09:25:31.091+0000] {processor.py:183} INFO - Processing /home/codespace/.local/share/virtualenvs/airflow_sandbox-vp-HKq_L/lib/python3.10/site-packages/airflow/example_dags/example_branch_labels.py took 0.129 seconds
[2024-02-14T09:26:23.142+0000] {processor.py:161} INFO - Started process (PID=14680) to work on /home/codespace/.local/share/virtualenvs/airflow_sandbox-vp-HKq_L/lib/python3.10/site-packages/airflow/example_dags/example_branch_labels.py
[2024-02-14T09:26:23.143+0000] {processor.py:830} INFO - Processing file /home/codespace/.local/share/virtualenvs/airflow_sandbox-vp-HKq_L/lib/python3.10/site-packages/airflow/example_dags/example_branch_labels.py for tasks to queue
[2024-02-14T09:26:23.143+0000] {logging_mixin.py:188} INFO - [2024-02-14T09:26:23.143+0000] {dagbag.py:538} INFO - Filling up the DagBag from /home/codespace/.local/share/virtualenvs/airflow_sandbox-vp-HKq_L/lib/python3.10/site-packages/airflow/example_dags/example_branch_labels.py
[2024-02-14T09:26:23.150+0000] {processor.py:840} INFO - DAG(s) 'example_branch_labels' retrieved from /home/codespace/.local/share/virtualenvs/airflow_sandbox-vp-HKq_L/lib/python3.10/site-packages/airflow/example_dags/example_branch_labels.py
[2024-02-14T09:26:23.163+0000] {logging_mixin.py:188} INFO - [2024-02-14T09:26:23.163+0000] {dag.py:3033} INFO - Sync 1 DAGs
[2024-02-14T09:26:23.179+0000] {logging_mixin.py:188} INFO - [2024-02-14T09:26:23.179+0000] {dag.py:3820} INFO - Setting next_dagrun for example_branch_labels to 2024-02-13T00:00:00+00:00, run_after=2024-02-14T00:00:00+00:00
[2024-02-14T09:26:23.221+0000] {processor.py:183} INFO - Processing /home/codespace/.local/share/virtualenvs/airflow_sandbox-vp-HKq_L/lib/python3.10/site-packages/airflow/example_dags/example_branch_labels.py took 0.081 seconds
[2024-02-14T09:27:17.417+0000] {processor.py:161} INFO - Started process (PID=15053) to work on /home/codespace/.local/share/virtualenvs/airflow_sandbox-vp-HKq_L/lib/python3.10/site-packages/airflow/example_dags/example_branch_labels.py
[2024-02-14T09:27:17.418+0000] {processor.py:830} INFO - Processing file /home/codespace/.local/share/virtualenvs/airflow_sandbox-vp-HKq_L/lib/python3.10/site-packages/airflow/example_dags/example_branch_labels.py for tasks to queue
[2024-02-14T09:27:17.418+0000] {logging_mixin.py:188} INFO - [2024-02-14T09:27:17.418+0000] {dagbag.py:538} INFO - Filling up the DagBag from /home/codespace/.local/share/virtualenvs/airflow_sandbox-vp-HKq_L/lib/python3.10/site-packages/airflow/example_dags/example_branch_labels.py
[2024-02-14T09:27:17.424+0000] {processor.py:840} INFO - DAG(s) 'example_branch_labels' retrieved from /home/codespace/.local/share/virtualenvs/airflow_sandbox-vp-HKq_L/lib/python3.10/site-packages/airflow/example_dags/example_branch_labels.py
[2024-02-14T09:27:17.438+0000] {logging_mixin.py:188} INFO - [2024-02-14T09:27:17.437+0000] {dag.py:3033} INFO - Sync 1 DAGs
[2024-02-14T09:27:17.454+0000] {logging_mixin.py:188} INFO - [2024-02-14T09:27:17.454+0000] {dag.py:3820} INFO - Setting next_dagrun for example_branch_labels to 2024-02-13T00:00:00+00:00, run_after=2024-02-14T00:00:00+00:00
[2024-02-14T09:27:17.494+0000] {processor.py:183} INFO - Processing /home/codespace/.local/share/virtualenvs/airflow_sandbox-vp-HKq_L/lib/python3.10/site-packages/airflow/example_dags/example_branch_labels.py took 0.079 seconds
[2024-02-14T09:28:13.259+0000] {processor.py:161} INFO - Started process (PID=15461) to work on /home/codespace/.local/share/virtualenvs/airflow_sandbox-vp-HKq_L/lib/python3.10/site-packages/airflow/example_dags/example_branch_labels.py
[2024-02-14T09:28:13.260+0000] {processor.py:830} INFO - Processing file /home/codespace/.local/share/virtualenvs/airflow_sandbox-vp-HKq_L/lib/python3.10/site-packages/airflow/example_dags/example_branch_labels.py for tasks to queue
[2024-02-14T09:28:13.261+0000] {logging_mixin.py:188} INFO - [2024-02-14T09:28:13.260+0000] {dagbag.py:538} INFO - Filling up the DagBag from /home/codespace/.local/share/virtualenvs/airflow_sandbox-vp-HKq_L/lib/python3.10/site-packages/airflow/example_dags/example_branch_labels.py
[2024-02-14T09:28:13.267+0000] {processor.py:840} INFO - DAG(s) 'example_branch_labels' retrieved from /home/codespace/.local/share/virtualenvs/airflow_sandbox-vp-HKq_L/lib/python3.10/site-packages/airflow/example_dags/example_branch_labels.py
[2024-02-14T09:28:13.280+0000] {logging_mixin.py:188} INFO - [2024-02-14T09:28:13.280+0000] {dag.py:3033} INFO - Sync 1 DAGs
[2024-02-14T09:28:13.298+0000] {logging_mixin.py:188} INFO - [2024-02-14T09:28:13.297+0000] {dag.py:3820} INFO - Setting next_dagrun for example_branch_labels to 2024-02-13T00:00:00+00:00, run_after=2024-02-14T00:00:00+00:00
[2024-02-14T09:28:13.345+0000] {processor.py:183} INFO - Processing /home/codespace/.local/share/virtualenvs/airflow_sandbox-vp-HKq_L/lib/python3.10/site-packages/airflow/example_dags/example_branch_labels.py took 0.088 seconds
[2024-02-14T09:29:05.136+0000] {processor.py:161} INFO - Started process (PID=15974) to work on /home/codespace/.local/share/virtualenvs/airflow_sandbox-vp-HKq_L/lib/python3.10/site-packages/airflow/example_dags/example_branch_labels.py
[2024-02-14T09:29:05.140+0000] {processor.py:830} INFO - Processing file /home/codespace/.local/share/virtualenvs/airflow_sandbox-vp-HKq_L/lib/python3.10/site-packages/airflow/example_dags/example_branch_labels.py for tasks to queue
[2024-02-14T09:29:05.141+0000] {logging_mixin.py:188} INFO - [2024-02-14T09:29:05.141+0000] {dagbag.py:538} INFO - Filling up the DagBag from /home/codespace/.local/share/virtualenvs/airflow_sandbox-vp-HKq_L/lib/python3.10/site-packages/airflow/example_dags/example_branch_labels.py
[2024-02-14T09:29:05.155+0000] {processor.py:840} INFO - DAG(s) 'example_branch_labels' retrieved from /home/codespace/.local/share/virtualenvs/airflow_sandbox-vp-HKq_L/lib/python3.10/site-packages/airflow/example_dags/example_branch_labels.py
[2024-02-14T09:29:05.189+0000] {logging_mixin.py:188} INFO - [2024-02-14T09:29:05.189+0000] {dag.py:3033} INFO - Sync 1 DAGs
[2024-02-14T09:29:05.226+0000] {logging_mixin.py:188} INFO - [2024-02-14T09:29:05.226+0000] {dag.py:3820} INFO - Setting next_dagrun for example_branch_labels to 2024-02-13T00:00:00+00:00, run_after=2024-02-14T00:00:00+00:00
[2024-02-14T09:29:05.274+0000] {processor.py:183} INFO - Processing /home/codespace/.local/share/virtualenvs/airflow_sandbox-vp-HKq_L/lib/python3.10/site-packages/airflow/example_dags/example_branch_labels.py took 0.142 seconds
[2024-02-14T09:29:58.561+0000] {processor.py:161} INFO - Started process (PID=16362) to work on /home/codespace/.local/share/virtualenvs/airflow_sandbox-vp-HKq_L/lib/python3.10/site-packages/airflow/example_dags/example_branch_labels.py
[2024-02-14T09:29:58.562+0000] {processor.py:830} INFO - Processing file /home/codespace/.local/share/virtualenvs/airflow_sandbox-vp-HKq_L/lib/python3.10/site-packages/airflow/example_dags/example_branch_labels.py for tasks to queue
[2024-02-14T09:29:58.563+0000] {logging_mixin.py:188} INFO - [2024-02-14T09:29:58.562+0000] {dagbag.py:538} INFO - Filling up the DagBag from /home/codespace/.local/share/virtualenvs/airflow_sandbox-vp-HKq_L/lib/python3.10/site-packages/airflow/example_dags/example_branch_labels.py
[2024-02-14T09:29:58.569+0000] {processor.py:840} INFO - DAG(s) 'example_branch_labels' retrieved from /home/codespace/.local/share/virtualenvs/airflow_sandbox-vp-HKq_L/lib/python3.10/site-packages/airflow/example_dags/example_branch_labels.py
[2024-02-14T09:29:58.583+0000] {logging_mixin.py:188} INFO - [2024-02-14T09:29:58.583+0000] {dag.py:3033} INFO - Sync 1 DAGs
[2024-02-14T09:29:58.600+0000] {logging_mixin.py:188} INFO - [2024-02-14T09:29:58.599+0000] {dag.py:3820} INFO - Setting next_dagrun for example_branch_labels to 2024-02-13T00:00:00+00:00, run_after=2024-02-14T00:00:00+00:00
[2024-02-14T09:29:58.641+0000] {processor.py:183} INFO - Processing /home/codespace/.local/share/virtualenvs/airflow_sandbox-vp-HKq_L/lib/python3.10/site-packages/airflow/example_dags/example_branch_labels.py took 0.083 seconds
[2024-02-14T09:30:49.624+0000] {processor.py:161} INFO - Started process (PID=16727) to work on /home/codespace/.local/share/virtualenvs/airflow_sandbox-vp-HKq_L/lib/python3.10/site-packages/airflow/example_dags/example_branch_labels.py
[2024-02-14T09:30:49.625+0000] {processor.py:830} INFO - Processing file /home/codespace/.local/share/virtualenvs/airflow_sandbox-vp-HKq_L/lib/python3.10/site-packages/airflow/example_dags/example_branch_labels.py for tasks to queue
[2024-02-14T09:30:49.626+0000] {logging_mixin.py:188} INFO - [2024-02-14T09:30:49.625+0000] {dagbag.py:538} INFO - Filling up the DagBag from /home/codespace/.local/share/virtualenvs/airflow_sandbox-vp-HKq_L/lib/python3.10/site-packages/airflow/example_dags/example_branch_labels.py
[2024-02-14T09:30:49.632+0000] {processor.py:840} INFO - DAG(s) 'example_branch_labels' retrieved from /home/codespace/.local/share/virtualenvs/airflow_sandbox-vp-HKq_L/lib/python3.10/site-packages/airflow/example_dags/example_branch_labels.py
[2024-02-14T09:30:49.645+0000] {logging_mixin.py:188} INFO - [2024-02-14T09:30:49.645+0000] {dag.py:3033} INFO - Sync 1 DAGs
[2024-02-14T09:30:49.665+0000] {logging_mixin.py:188} INFO - [2024-02-14T09:30:49.665+0000] {dag.py:3820} INFO - Setting next_dagrun for example_branch_labels to 2024-02-13T00:00:00+00:00, run_after=2024-02-14T00:00:00+00:00
[2024-02-14T09:30:49.710+0000] {processor.py:183} INFO - Processing /home/codespace/.local/share/virtualenvs/airflow_sandbox-vp-HKq_L/lib/python3.10/site-packages/airflow/example_dags/example_branch_labels.py took 0.088 seconds
[2024-02-14T09:31:43.080+0000] {processor.py:161} INFO - Started process (PID=17103) to work on /home/codespace/.local/share/virtualenvs/airflow_sandbox-vp-HKq_L/lib/python3.10/site-packages/airflow/example_dags/example_branch_labels.py
[2024-02-14T09:31:43.082+0000] {processor.py:830} INFO - Processing file /home/codespace/.local/share/virtualenvs/airflow_sandbox-vp-HKq_L/lib/python3.10/site-packages/airflow/example_dags/example_branch_labels.py for tasks to queue
[2024-02-14T09:31:43.082+0000] {logging_mixin.py:188} INFO - [2024-02-14T09:31:43.082+0000] {dagbag.py:538} INFO - Filling up the DagBag from /home/codespace/.local/share/virtualenvs/airflow_sandbox-vp-HKq_L/lib/python3.10/site-packages/airflow/example_dags/example_branch_labels.py
[2024-02-14T09:31:43.091+0000] {processor.py:840} INFO - DAG(s) 'example_branch_labels' retrieved from /home/codespace/.local/share/virtualenvs/airflow_sandbox-vp-HKq_L/lib/python3.10/site-packages/airflow/example_dags/example_branch_labels.py
[2024-02-14T09:31:43.106+0000] {logging_mixin.py:188} INFO - [2024-02-14T09:31:43.106+0000] {dag.py:3033} INFO - Sync 1 DAGs
[2024-02-14T09:31:43.125+0000] {logging_mixin.py:188} INFO - [2024-02-14T09:31:43.124+0000] {dag.py:3820} INFO - Setting next_dagrun for example_branch_labels to 2024-02-13T00:00:00+00:00, run_after=2024-02-14T00:00:00+00:00
[2024-02-14T09:31:43.170+0000] {processor.py:183} INFO - Processing /home/codespace/.local/share/virtualenvs/airflow_sandbox-vp-HKq_L/lib/python3.10/site-packages/airflow/example_dags/example_branch_labels.py took 0.094 seconds
[2024-02-14T09:32:37.450+0000] {processor.py:161} INFO - Started process (PID=17500) to work on /home/codespace/.local/share/virtualenvs/airflow_sandbox-vp-HKq_L/lib/python3.10/site-packages/airflow/example_dags/example_branch_labels.py
[2024-02-14T09:32:37.451+0000] {processor.py:830} INFO - Processing file /home/codespace/.local/share/virtualenvs/airflow_sandbox-vp-HKq_L/lib/python3.10/site-packages/airflow/example_dags/example_branch_labels.py for tasks to queue
[2024-02-14T09:32:37.452+0000] {logging_mixin.py:188} INFO - [2024-02-14T09:32:37.452+0000] {dagbag.py:538} INFO - Filling up the DagBag from /home/codespace/.local/share/virtualenvs/airflow_sandbox-vp-HKq_L/lib/python3.10/site-packages/airflow/example_dags/example_branch_labels.py
[2024-02-14T09:32:37.462+0000] {processor.py:840} INFO - DAG(s) 'example_branch_labels' retrieved from /home/codespace/.local/share/virtualenvs/airflow_sandbox-vp-HKq_L/lib/python3.10/site-packages/airflow/example_dags/example_branch_labels.py
[2024-02-14T09:32:37.483+0000] {logging_mixin.py:188} INFO - [2024-02-14T09:32:37.481+0000] {dag.py:3033} INFO - Sync 1 DAGs
[2024-02-14T09:32:37.503+0000] {logging_mixin.py:188} INFO - [2024-02-14T09:32:37.503+0000] {dag.py:3820} INFO - Setting next_dagrun for example_branch_labels to 2024-02-13T00:00:00+00:00, run_after=2024-02-14T00:00:00+00:00
[2024-02-14T09:32:37.550+0000] {processor.py:183} INFO - Processing /home/codespace/.local/share/virtualenvs/airflow_sandbox-vp-HKq_L/lib/python3.10/site-packages/airflow/example_dags/example_branch_labels.py took 0.103 seconds
[2024-02-14T09:33:29.945+0000] {processor.py:161} INFO - Started process (PID=17862) to work on /home/codespace/.local/share/virtualenvs/airflow_sandbox-vp-HKq_L/lib/python3.10/site-packages/airflow/example_dags/example_branch_labels.py
[2024-02-14T09:33:29.946+0000] {processor.py:830} INFO - Processing file /home/codespace/.local/share/virtualenvs/airflow_sandbox-vp-HKq_L/lib/python3.10/site-packages/airflow/example_dags/example_branch_labels.py for tasks to queue
[2024-02-14T09:33:29.946+0000] {logging_mixin.py:188} INFO - [2024-02-14T09:33:29.946+0000] {dagbag.py:538} INFO - Filling up the DagBag from /home/codespace/.local/share/virtualenvs/airflow_sandbox-vp-HKq_L/lib/python3.10/site-packages/airflow/example_dags/example_branch_labels.py
[2024-02-14T09:33:29.953+0000] {processor.py:840} INFO - DAG(s) 'example_branch_labels' retrieved from /home/codespace/.local/share/virtualenvs/airflow_sandbox-vp-HKq_L/lib/python3.10/site-packages/airflow/example_dags/example_branch_labels.py
[2024-02-14T09:33:29.967+0000] {logging_mixin.py:188} INFO - [2024-02-14T09:33:29.967+0000] {dag.py:3033} INFO - Sync 1 DAGs
[2024-02-14T09:33:29.983+0000] {logging_mixin.py:188} INFO - [2024-02-14T09:33:29.983+0000] {dag.py:3820} INFO - Setting next_dagrun for example_branch_labels to 2024-02-13T00:00:00+00:00, run_after=2024-02-14T00:00:00+00:00
[2024-02-14T09:33:30.025+0000] {processor.py:183} INFO - Processing /home/codespace/.local/share/virtualenvs/airflow_sandbox-vp-HKq_L/lib/python3.10/site-packages/airflow/example_dags/example_branch_labels.py took 0.083 seconds
[2024-02-14T09:34:20.491+0000] {processor.py:161} INFO - Started process (PID=18233) to work on /home/codespace/.local/share/virtualenvs/airflow_sandbox-vp-HKq_L/lib/python3.10/site-packages/airflow/example_dags/example_branch_labels.py
[2024-02-14T09:34:20.492+0000] {processor.py:830} INFO - Processing file /home/codespace/.local/share/virtualenvs/airflow_sandbox-vp-HKq_L/lib/python3.10/site-packages/airflow/example_dags/example_branch_labels.py for tasks to queue
[2024-02-14T09:34:20.492+0000] {logging_mixin.py:188} INFO - [2024-02-14T09:34:20.492+0000] {dagbag.py:538} INFO - Filling up the DagBag from /home/codespace/.local/share/virtualenvs/airflow_sandbox-vp-HKq_L/lib/python3.10/site-packages/airflow/example_dags/example_branch_labels.py
[2024-02-14T09:34:20.498+0000] {processor.py:840} INFO - DAG(s) 'example_branch_labels' retrieved from /home/codespace/.local/share/virtualenvs/airflow_sandbox-vp-HKq_L/lib/python3.10/site-packages/airflow/example_dags/example_branch_labels.py
[2024-02-14T09:34:20.518+0000] {logging_mixin.py:188} INFO - [2024-02-14T09:34:20.518+0000] {dag.py:3033} INFO - Sync 1 DAGs
[2024-02-14T09:34:20.537+0000] {logging_mixin.py:188} INFO - [2024-02-14T09:34:20.537+0000] {dag.py:3820} INFO - Setting next_dagrun for example_branch_labels to 2024-02-13T00:00:00+00:00, run_after=2024-02-14T00:00:00+00:00
[2024-02-14T09:34:20.579+0000] {processor.py:183} INFO - Processing /home/codespace/.local/share/virtualenvs/airflow_sandbox-vp-HKq_L/lib/python3.10/site-packages/airflow/example_dags/example_branch_labels.py took 0.090 seconds
