[2024-02-14T09:07:35.897+0000] {processor.py:161} INFO - Started process (PID=4456) to work on /home/codespace/.local/share/virtualenvs/airflow_sandbox-vp-HKq_L/lib/python3.10/site-packages/airflow/example_dags/example_time_delta_sensor_async.py
[2024-02-14T09:07:35.898+0000] {processor.py:830} INFO - Processing file /home/codespace/.local/share/virtualenvs/airflow_sandbox-vp-HKq_L/lib/python3.10/site-packages/airflow/example_dags/example_time_delta_sensor_async.py for tasks to queue
[2024-02-14T09:07:35.898+0000] {logging_mixin.py:188} INFO - [2024-02-14T09:07:35.898+0000] {dagbag.py:538} INFO - Filling up the DagBag from /home/codespace/.local/share/virtualenvs/airflow_sandbox-vp-HKq_L/lib/python3.10/site-packages/airflow/example_dags/example_time_delta_sensor_async.py
[2024-02-14T09:07:35.904+0000] {processor.py:840} INFO - DAG(s) 'example_time_delta_sensor_async' retrieved from /home/codespace/.local/share/virtualenvs/airflow_sandbox-vp-HKq_L/lib/python3.10/site-packages/airflow/example_dags/example_time_delta_sensor_async.py
[2024-02-14T09:07:35.919+0000] {logging_mixin.py:188} INFO - [2024-02-14T09:07:35.919+0000] {dag.py:3033} INFO - Sync 1 DAGs
[2024-02-14T09:07:35.927+0000] {logging_mixin.py:188} INFO - [2024-02-14T09:07:35.927+0000] {dag.py:3820} INFO - Setting next_dagrun for example_time_delta_sensor_async to None, run_after=None
[2024-02-14T09:07:35.970+0000] {processor.py:183} INFO - Processing /home/codespace/.local/share/virtualenvs/airflow_sandbox-vp-HKq_L/lib/python3.10/site-packages/airflow/example_dags/example_time_delta_sensor_async.py took 0.075 seconds
[2024-02-14T09:08:26.941+0000] {processor.py:161} INFO - Started process (PID=5047) to work on /home/codespace/.local/share/virtualenvs/airflow_sandbox-vp-HKq_L/lib/python3.10/site-packages/airflow/example_dags/example_time_delta_sensor_async.py
[2024-02-14T09:08:26.942+0000] {processor.py:830} INFO - Processing file /home/codespace/.local/share/virtualenvs/airflow_sandbox-vp-HKq_L/lib/python3.10/site-packages/airflow/example_dags/example_time_delta_sensor_async.py for tasks to queue
[2024-02-14T09:08:26.951+0000] {logging_mixin.py:188} INFO - [2024-02-14T09:08:26.943+0000] {dagbag.py:538} INFO - Filling up the DagBag from /home/codespace/.local/share/virtualenvs/airflow_sandbox-vp-HKq_L/lib/python3.10/site-packages/airflow/example_dags/example_time_delta_sensor_async.py
[2024-02-14T09:08:26.955+0000] {processor.py:840} INFO - DAG(s) 'example_time_delta_sensor_async' retrieved from /home/codespace/.local/share/virtualenvs/airflow_sandbox-vp-HKq_L/lib/python3.10/site-packages/airflow/example_dags/example_time_delta_sensor_async.py
[2024-02-14T09:08:26.972+0000] {logging_mixin.py:188} INFO - [2024-02-14T09:08:26.972+0000] {dag.py:3033} INFO - Sync 1 DAGs
[2024-02-14T09:08:26.982+0000] {logging_mixin.py:188} INFO - [2024-02-14T09:08:26.982+0000] {dag.py:3820} INFO - Setting next_dagrun for example_time_delta_sensor_async to None, run_after=None
[2024-02-14T09:08:27.028+0000] {processor.py:183} INFO - Processing /home/codespace/.local/share/virtualenvs/airflow_sandbox-vp-HKq_L/lib/python3.10/site-packages/airflow/example_dags/example_time_delta_sensor_async.py took 0.091 seconds
[2024-02-14T09:09:14.341+0000] {processor.py:161} INFO - Started process (PID=5764) to work on /home/codespace/.local/share/virtualenvs/airflow_sandbox-vp-HKq_L/lib/python3.10/site-packages/airflow/example_dags/example_time_delta_sensor_async.py
[2024-02-14T09:09:14.342+0000] {processor.py:830} INFO - Processing file /home/codespace/.local/share/virtualenvs/airflow_sandbox-vp-HKq_L/lib/python3.10/site-packages/airflow/example_dags/example_time_delta_sensor_async.py for tasks to queue
[2024-02-14T09:09:14.342+0000] {logging_mixin.py:188} INFO - [2024-02-14T09:09:14.342+0000] {dagbag.py:538} INFO - Filling up the DagBag from /home/codespace/.local/share/virtualenvs/airflow_sandbox-vp-HKq_L/lib/python3.10/site-packages/airflow/example_dags/example_time_delta_sensor_async.py
[2024-02-14T09:09:14.346+0000] {processor.py:840} INFO - DAG(s) 'example_time_delta_sensor_async' retrieved from /home/codespace/.local/share/virtualenvs/airflow_sandbox-vp-HKq_L/lib/python3.10/site-packages/airflow/example_dags/example_time_delta_sensor_async.py
[2024-02-14T09:09:14.359+0000] {logging_mixin.py:188} INFO - [2024-02-14T09:09:14.358+0000] {dag.py:3033} INFO - Sync 1 DAGs
[2024-02-14T09:09:14.369+0000] {logging_mixin.py:188} INFO - [2024-02-14T09:09:14.368+0000] {dag.py:3820} INFO - Setting next_dagrun for example_time_delta_sensor_async to None, run_after=None
[2024-02-14T09:09:14.411+0000] {processor.py:183} INFO - Processing /home/codespace/.local/share/virtualenvs/airflow_sandbox-vp-HKq_L/lib/python3.10/site-packages/airflow/example_dags/example_time_delta_sensor_async.py took 0.072 seconds
[2024-02-14T09:09:59.326+0000] {processor.py:161} INFO - Started process (PID=6371) to work on /home/codespace/.local/share/virtualenvs/airflow_sandbox-vp-HKq_L/lib/python3.10/site-packages/airflow/example_dags/example_time_delta_sensor_async.py
[2024-02-14T09:09:59.327+0000] {processor.py:830} INFO - Processing file /home/codespace/.local/share/virtualenvs/airflow_sandbox-vp-HKq_L/lib/python3.10/site-packages/airflow/example_dags/example_time_delta_sensor_async.py for tasks to queue
[2024-02-14T09:09:59.327+0000] {logging_mixin.py:188} INFO - [2024-02-14T09:09:59.327+0000] {dagbag.py:538} INFO - Filling up the DagBag from /home/codespace/.local/share/virtualenvs/airflow_sandbox-vp-HKq_L/lib/python3.10/site-packages/airflow/example_dags/example_time_delta_sensor_async.py
[2024-02-14T09:09:59.331+0000] {processor.py:840} INFO - DAG(s) 'example_time_delta_sensor_async' retrieved from /home/codespace/.local/share/virtualenvs/airflow_sandbox-vp-HKq_L/lib/python3.10/site-packages/airflow/example_dags/example_time_delta_sensor_async.py
[2024-02-14T09:09:59.342+0000] {logging_mixin.py:188} INFO - [2024-02-14T09:09:59.342+0000] {dag.py:3033} INFO - Sync 1 DAGs
[2024-02-14T09:09:59.351+0000] {logging_mixin.py:188} INFO - [2024-02-14T09:09:59.351+0000] {dag.py:3820} INFO - Setting next_dagrun for example_time_delta_sensor_async to None, run_after=None
[2024-02-14T09:09:59.396+0000] {processor.py:183} INFO - Processing /home/codespace/.local/share/virtualenvs/airflow_sandbox-vp-HKq_L/lib/python3.10/site-packages/airflow/example_dags/example_time_delta_sensor_async.py took 0.072 seconds
[2024-02-14T09:10:36.458+0000] {processor.py:161} INFO - Started process (PID=6780) to work on /home/codespace/.local/share/virtualenvs/airflow_sandbox-vp-HKq_L/lib/python3.10/site-packages/airflow/example_dags/example_time_delta_sensor_async.py
[2024-02-14T09:10:36.459+0000] {processor.py:830} INFO - Processing file /home/codespace/.local/share/virtualenvs/airflow_sandbox-vp-HKq_L/lib/python3.10/site-packages/airflow/example_dags/example_time_delta_sensor_async.py for tasks to queue
[2024-02-14T09:10:36.459+0000] {logging_mixin.py:188} INFO - [2024-02-14T09:10:36.459+0000] {dagbag.py:538} INFO - Filling up the DagBag from /home/codespace/.local/share/virtualenvs/airflow_sandbox-vp-HKq_L/lib/python3.10/site-packages/airflow/example_dags/example_time_delta_sensor_async.py
[2024-02-14T09:10:36.463+0000] {processor.py:840} INFO - DAG(s) 'example_time_delta_sensor_async' retrieved from /home/codespace/.local/share/virtualenvs/airflow_sandbox-vp-HKq_L/lib/python3.10/site-packages/airflow/example_dags/example_time_delta_sensor_async.py
[2024-02-14T09:10:36.476+0000] {logging_mixin.py:188} INFO - [2024-02-14T09:10:36.476+0000] {dag.py:3033} INFO - Sync 1 DAGs
[2024-02-14T09:10:36.486+0000] {logging_mixin.py:188} INFO - [2024-02-14T09:10:36.485+0000] {dag.py:3820} INFO - Setting next_dagrun for example_time_delta_sensor_async to None, run_after=None
[2024-02-14T09:10:36.530+0000] {processor.py:183} INFO - Processing /home/codespace/.local/share/virtualenvs/airflow_sandbox-vp-HKq_L/lib/python3.10/site-packages/airflow/example_dags/example_time_delta_sensor_async.py took 0.074 seconds
[2024-02-14T09:11:12.968+0000] {processor.py:161} INFO - Started process (PID=7239) to work on /home/codespace/.local/share/virtualenvs/airflow_sandbox-vp-HKq_L/lib/python3.10/site-packages/airflow/example_dags/example_time_delta_sensor_async.py
[2024-02-14T09:11:12.968+0000] {processor.py:830} INFO - Processing file /home/codespace/.local/share/virtualenvs/airflow_sandbox-vp-HKq_L/lib/python3.10/site-packages/airflow/example_dags/example_time_delta_sensor_async.py for tasks to queue
[2024-02-14T09:11:12.969+0000] {logging_mixin.py:188} INFO - [2024-02-14T09:11:12.969+0000] {dagbag.py:538} INFO - Filling up the DagBag from /home/codespace/.local/share/virtualenvs/airflow_sandbox-vp-HKq_L/lib/python3.10/site-packages/airflow/example_dags/example_time_delta_sensor_async.py
[2024-02-14T09:11:12.973+0000] {processor.py:840} INFO - DAG(s) 'example_time_delta_sensor_async' retrieved from /home/codespace/.local/share/virtualenvs/airflow_sandbox-vp-HKq_L/lib/python3.10/site-packages/airflow/example_dags/example_time_delta_sensor_async.py
[2024-02-14T09:11:12.985+0000] {logging_mixin.py:188} INFO - [2024-02-14T09:11:12.985+0000] {dag.py:3033} INFO - Sync 1 DAGs
[2024-02-14T09:11:12.995+0000] {logging_mixin.py:188} INFO - [2024-02-14T09:11:12.995+0000] {dag.py:3820} INFO - Setting next_dagrun for example_time_delta_sensor_async to None, run_after=None
[2024-02-14T09:11:13.039+0000] {processor.py:183} INFO - Processing /home/codespace/.local/share/virtualenvs/airflow_sandbox-vp-HKq_L/lib/python3.10/site-packages/airflow/example_dags/example_time_delta_sensor_async.py took 0.073 seconds
[2024-02-14T09:11:51.029+0000] {processor.py:161} INFO - Started process (PID=7770) to work on /home/codespace/.local/share/virtualenvs/airflow_sandbox-vp-HKq_L/lib/python3.10/site-packages/airflow/example_dags/example_time_delta_sensor_async.py
[2024-02-14T09:11:51.030+0000] {processor.py:830} INFO - Processing file /home/codespace/.local/share/virtualenvs/airflow_sandbox-vp-HKq_L/lib/python3.10/site-packages/airflow/example_dags/example_time_delta_sensor_async.py for tasks to queue
[2024-02-14T09:11:51.031+0000] {logging_mixin.py:188} INFO - [2024-02-14T09:11:51.030+0000] {dagbag.py:538} INFO - Filling up the DagBag from /home/codespace/.local/share/virtualenvs/airflow_sandbox-vp-HKq_L/lib/python3.10/site-packages/airflow/example_dags/example_time_delta_sensor_async.py
[2024-02-14T09:11:51.035+0000] {processor.py:840} INFO - DAG(s) 'example_time_delta_sensor_async' retrieved from /home/codespace/.local/share/virtualenvs/airflow_sandbox-vp-HKq_L/lib/python3.10/site-packages/airflow/example_dags/example_time_delta_sensor_async.py
[2024-02-14T09:11:51.157+0000] {logging_mixin.py:188} INFO - [2024-02-14T09:11:51.157+0000] {dag.py:3033} INFO - Sync 1 DAGs
[2024-02-14T09:11:51.206+0000] {logging_mixin.py:188} INFO - [2024-02-14T09:11:51.205+0000] {dag.py:3820} INFO - Setting next_dagrun for example_time_delta_sensor_async to None, run_after=None
[2024-02-14T09:11:51.245+0000] {processor.py:183} INFO - Processing /home/codespace/.local/share/virtualenvs/airflow_sandbox-vp-HKq_L/lib/python3.10/site-packages/airflow/example_dags/example_time_delta_sensor_async.py took 0.218 seconds
[2024-02-14T09:12:27.299+0000] {processor.py:161} INFO - Started process (PID=8086) to work on /home/codespace/.local/share/virtualenvs/airflow_sandbox-vp-HKq_L/lib/python3.10/site-packages/airflow/example_dags/example_time_delta_sensor_async.py
[2024-02-14T09:12:27.299+0000] {processor.py:830} INFO - Processing file /home/codespace/.local/share/virtualenvs/airflow_sandbox-vp-HKq_L/lib/python3.10/site-packages/airflow/example_dags/example_time_delta_sensor_async.py for tasks to queue
[2024-02-14T09:12:27.300+0000] {logging_mixin.py:188} INFO - [2024-02-14T09:12:27.300+0000] {dagbag.py:538} INFO - Filling up the DagBag from /home/codespace/.local/share/virtualenvs/airflow_sandbox-vp-HKq_L/lib/python3.10/site-packages/airflow/example_dags/example_time_delta_sensor_async.py
[2024-02-14T09:12:27.304+0000] {processor.py:840} INFO - DAG(s) 'example_time_delta_sensor_async' retrieved from /home/codespace/.local/share/virtualenvs/airflow_sandbox-vp-HKq_L/lib/python3.10/site-packages/airflow/example_dags/example_time_delta_sensor_async.py
[2024-02-14T09:12:27.315+0000] {logging_mixin.py:188} INFO - [2024-02-14T09:12:27.315+0000] {dag.py:3033} INFO - Sync 1 DAGs
[2024-02-14T09:12:27.325+0000] {logging_mixin.py:188} INFO - [2024-02-14T09:12:27.325+0000] {dag.py:3820} INFO - Setting next_dagrun for example_time_delta_sensor_async to None, run_after=None
[2024-02-14T09:12:27.365+0000] {processor.py:183} INFO - Processing /home/codespace/.local/share/virtualenvs/airflow_sandbox-vp-HKq_L/lib/python3.10/site-packages/airflow/example_dags/example_time_delta_sensor_async.py took 0.069 seconds
[2024-02-14T09:13:03.537+0000] {processor.py:161} INFO - Started process (PID=8421) to work on /home/codespace/.local/share/virtualenvs/airflow_sandbox-vp-HKq_L/lib/python3.10/site-packages/airflow/example_dags/example_time_delta_sensor_async.py
[2024-02-14T09:13:03.538+0000] {processor.py:830} INFO - Processing file /home/codespace/.local/share/virtualenvs/airflow_sandbox-vp-HKq_L/lib/python3.10/site-packages/airflow/example_dags/example_time_delta_sensor_async.py for tasks to queue
[2024-02-14T09:13:03.539+0000] {logging_mixin.py:188} INFO - [2024-02-14T09:13:03.538+0000] {dagbag.py:538} INFO - Filling up the DagBag from /home/codespace/.local/share/virtualenvs/airflow_sandbox-vp-HKq_L/lib/python3.10/site-packages/airflow/example_dags/example_time_delta_sensor_async.py
[2024-02-14T09:13:03.542+0000] {processor.py:840} INFO - DAG(s) 'example_time_delta_sensor_async' retrieved from /home/codespace/.local/share/virtualenvs/airflow_sandbox-vp-HKq_L/lib/python3.10/site-packages/airflow/example_dags/example_time_delta_sensor_async.py
[2024-02-14T09:13:03.554+0000] {logging_mixin.py:188} INFO - [2024-02-14T09:13:03.554+0000] {dag.py:3033} INFO - Sync 1 DAGs
[2024-02-14T09:13:03.563+0000] {logging_mixin.py:188} INFO - [2024-02-14T09:13:03.563+0000] {dag.py:3820} INFO - Setting next_dagrun for example_time_delta_sensor_async to None, run_after=None
[2024-02-14T09:13:03.602+0000] {processor.py:183} INFO - Processing /home/codespace/.local/share/virtualenvs/airflow_sandbox-vp-HKq_L/lib/python3.10/site-packages/airflow/example_dags/example_time_delta_sensor_async.py took 0.067 seconds
[2024-02-14T09:13:39.897+0000] {processor.py:161} INFO - Started process (PID=8685) to work on /home/codespace/.local/share/virtualenvs/airflow_sandbox-vp-HKq_L/lib/python3.10/site-packages/airflow/example_dags/example_time_delta_sensor_async.py
[2024-02-14T09:13:39.898+0000] {processor.py:830} INFO - Processing file /home/codespace/.local/share/virtualenvs/airflow_sandbox-vp-HKq_L/lib/python3.10/site-packages/airflow/example_dags/example_time_delta_sensor_async.py for tasks to queue
[2024-02-14T09:13:39.898+0000] {logging_mixin.py:188} INFO - [2024-02-14T09:13:39.898+0000] {dagbag.py:538} INFO - Filling up the DagBag from /home/codespace/.local/share/virtualenvs/airflow_sandbox-vp-HKq_L/lib/python3.10/site-packages/airflow/example_dags/example_time_delta_sensor_async.py
[2024-02-14T09:13:39.902+0000] {processor.py:840} INFO - DAG(s) 'example_time_delta_sensor_async' retrieved from /home/codespace/.local/share/virtualenvs/airflow_sandbox-vp-HKq_L/lib/python3.10/site-packages/airflow/example_dags/example_time_delta_sensor_async.py
[2024-02-14T09:13:39.914+0000] {logging_mixin.py:188} INFO - [2024-02-14T09:13:39.914+0000] {dag.py:3033} INFO - Sync 1 DAGs
[2024-02-14T09:13:39.924+0000] {logging_mixin.py:188} INFO - [2024-02-14T09:13:39.924+0000] {dag.py:3820} INFO - Setting next_dagrun for example_time_delta_sensor_async to None, run_after=None
[2024-02-14T09:13:39.966+0000] {processor.py:183} INFO - Processing /home/codespace/.local/share/virtualenvs/airflow_sandbox-vp-HKq_L/lib/python3.10/site-packages/airflow/example_dags/example_time_delta_sensor_async.py took 0.071 seconds
[2024-02-14T09:14:28.669+0000] {processor.py:161} INFO - Started process (PID=9082) to work on /home/codespace/.local/share/virtualenvs/airflow_sandbox-vp-HKq_L/lib/python3.10/site-packages/airflow/example_dags/example_time_delta_sensor_async.py
[2024-02-14T09:14:28.670+0000] {processor.py:830} INFO - Processing file /home/codespace/.local/share/virtualenvs/airflow_sandbox-vp-HKq_L/lib/python3.10/site-packages/airflow/example_dags/example_time_delta_sensor_async.py for tasks to queue
[2024-02-14T09:14:28.670+0000] {logging_mixin.py:188} INFO - [2024-02-14T09:14:28.670+0000] {dagbag.py:538} INFO - Filling up the DagBag from /home/codespace/.local/share/virtualenvs/airflow_sandbox-vp-HKq_L/lib/python3.10/site-packages/airflow/example_dags/example_time_delta_sensor_async.py
[2024-02-14T09:14:28.674+0000] {processor.py:840} INFO - DAG(s) 'example_time_delta_sensor_async' retrieved from /home/codespace/.local/share/virtualenvs/airflow_sandbox-vp-HKq_L/lib/python3.10/site-packages/airflow/example_dags/example_time_delta_sensor_async.py
[2024-02-14T09:14:28.686+0000] {logging_mixin.py:188} INFO - [2024-02-14T09:14:28.686+0000] {dag.py:3033} INFO - Sync 1 DAGs
[2024-02-14T09:14:28.695+0000] {logging_mixin.py:188} INFO - [2024-02-14T09:14:28.695+0000] {dag.py:3820} INFO - Setting next_dagrun for example_time_delta_sensor_async to None, run_after=None
[2024-02-14T09:14:28.737+0000] {processor.py:183} INFO - Processing /home/codespace/.local/share/virtualenvs/airflow_sandbox-vp-HKq_L/lib/python3.10/site-packages/airflow/example_dags/example_time_delta_sensor_async.py took 0.070 seconds
[2024-02-14T09:15:01.343+0000] {processor.py:161} INFO - Started process (PID=9325) to work on /home/codespace/.local/share/virtualenvs/airflow_sandbox-vp-HKq_L/lib/python3.10/site-packages/airflow/example_dags/example_time_delta_sensor_async.py
[2024-02-14T09:15:01.344+0000] {processor.py:830} INFO - Processing file /home/codespace/.local/share/virtualenvs/airflow_sandbox-vp-HKq_L/lib/python3.10/site-packages/airflow/example_dags/example_time_delta_sensor_async.py for tasks to queue
[2024-02-14T09:15:01.345+0000] {logging_mixin.py:188} INFO - [2024-02-14T09:15:01.345+0000] {dagbag.py:538} INFO - Filling up the DagBag from /home/codespace/.local/share/virtualenvs/airflow_sandbox-vp-HKq_L/lib/python3.10/site-packages/airflow/example_dags/example_time_delta_sensor_async.py
[2024-02-14T09:15:01.349+0000] {processor.py:840} INFO - DAG(s) 'example_time_delta_sensor_async' retrieved from /home/codespace/.local/share/virtualenvs/airflow_sandbox-vp-HKq_L/lib/python3.10/site-packages/airflow/example_dags/example_time_delta_sensor_async.py
[2024-02-14T09:15:01.360+0000] {logging_mixin.py:188} INFO - [2024-02-14T09:15:01.360+0000] {dag.py:3033} INFO - Sync 1 DAGs
[2024-02-14T09:15:01.369+0000] {logging_mixin.py:188} INFO - [2024-02-14T09:15:01.369+0000] {dag.py:3820} INFO - Setting next_dagrun for example_time_delta_sensor_async to None, run_after=None
[2024-02-14T09:15:01.410+0000] {processor.py:183} INFO - Processing /home/codespace/.local/share/virtualenvs/airflow_sandbox-vp-HKq_L/lib/python3.10/site-packages/airflow/example_dags/example_time_delta_sensor_async.py took 0.071 seconds
[2024-02-14T09:15:37.333+0000] {processor.py:161} INFO - Started process (PID=9564) to work on /home/codespace/.local/share/virtualenvs/airflow_sandbox-vp-HKq_L/lib/python3.10/site-packages/airflow/example_dags/example_time_delta_sensor_async.py
[2024-02-14T09:15:37.334+0000] {processor.py:830} INFO - Processing file /home/codespace/.local/share/virtualenvs/airflow_sandbox-vp-HKq_L/lib/python3.10/site-packages/airflow/example_dags/example_time_delta_sensor_async.py for tasks to queue
[2024-02-14T09:15:37.335+0000] {logging_mixin.py:188} INFO - [2024-02-14T09:15:37.334+0000] {dagbag.py:538} INFO - Filling up the DagBag from /home/codespace/.local/share/virtualenvs/airflow_sandbox-vp-HKq_L/lib/python3.10/site-packages/airflow/example_dags/example_time_delta_sensor_async.py
[2024-02-14T09:15:37.338+0000] {processor.py:840} INFO - DAG(s) 'example_time_delta_sensor_async' retrieved from /home/codespace/.local/share/virtualenvs/airflow_sandbox-vp-HKq_L/lib/python3.10/site-packages/airflow/example_dags/example_time_delta_sensor_async.py
[2024-02-14T09:15:37.351+0000] {logging_mixin.py:188} INFO - [2024-02-14T09:15:37.351+0000] {dag.py:3033} INFO - Sync 1 DAGs
[2024-02-14T09:15:37.360+0000] {logging_mixin.py:188} INFO - [2024-02-14T09:15:37.360+0000] {dag.py:3820} INFO - Setting next_dagrun for example_time_delta_sensor_async to None, run_after=None
[2024-02-14T09:15:37.404+0000] {processor.py:183} INFO - Processing /home/codespace/.local/share/virtualenvs/airflow_sandbox-vp-HKq_L/lib/python3.10/site-packages/airflow/example_dags/example_time_delta_sensor_async.py took 0.073 seconds
[2024-02-14T09:16:11.517+0000] {processor.py:161} INFO - Started process (PID=9816) to work on /home/codespace/.local/share/virtualenvs/airflow_sandbox-vp-HKq_L/lib/python3.10/site-packages/airflow/example_dags/example_time_delta_sensor_async.py
[2024-02-14T09:16:11.518+0000] {processor.py:830} INFO - Processing file /home/codespace/.local/share/virtualenvs/airflow_sandbox-vp-HKq_L/lib/python3.10/site-packages/airflow/example_dags/example_time_delta_sensor_async.py for tasks to queue
[2024-02-14T09:16:11.519+0000] {logging_mixin.py:188} INFO - [2024-02-14T09:16:11.519+0000] {dagbag.py:538} INFO - Filling up the DagBag from /home/codespace/.local/share/virtualenvs/airflow_sandbox-vp-HKq_L/lib/python3.10/site-packages/airflow/example_dags/example_time_delta_sensor_async.py
[2024-02-14T09:16:11.523+0000] {processor.py:840} INFO - DAG(s) 'example_time_delta_sensor_async' retrieved from /home/codespace/.local/share/virtualenvs/airflow_sandbox-vp-HKq_L/lib/python3.10/site-packages/airflow/example_dags/example_time_delta_sensor_async.py
[2024-02-14T09:16:11.536+0000] {logging_mixin.py:188} INFO - [2024-02-14T09:16:11.535+0000] {dag.py:3033} INFO - Sync 1 DAGs
[2024-02-14T09:16:11.545+0000] {logging_mixin.py:188} INFO - [2024-02-14T09:16:11.545+0000] {dag.py:3820} INFO - Setting next_dagrun for example_time_delta_sensor_async to None, run_after=None
[2024-02-14T09:16:11.601+0000] {processor.py:183} INFO - Processing /home/codespace/.local/share/virtualenvs/airflow_sandbox-vp-HKq_L/lib/python3.10/site-packages/airflow/example_dags/example_time_delta_sensor_async.py took 0.086 seconds
[2024-02-14T09:16:49.467+0000] {processor.py:161} INFO - Started process (PID=10075) to work on /home/codespace/.local/share/virtualenvs/airflow_sandbox-vp-HKq_L/lib/python3.10/site-packages/airflow/example_dags/example_time_delta_sensor_async.py
[2024-02-14T09:16:49.468+0000] {processor.py:830} INFO - Processing file /home/codespace/.local/share/virtualenvs/airflow_sandbox-vp-HKq_L/lib/python3.10/site-packages/airflow/example_dags/example_time_delta_sensor_async.py for tasks to queue
[2024-02-14T09:16:49.469+0000] {logging_mixin.py:188} INFO - [2024-02-14T09:16:49.468+0000] {dagbag.py:538} INFO - Filling up the DagBag from /home/codespace/.local/share/virtualenvs/airflow_sandbox-vp-HKq_L/lib/python3.10/site-packages/airflow/example_dags/example_time_delta_sensor_async.py
[2024-02-14T09:16:49.472+0000] {processor.py:840} INFO - DAG(s) 'example_time_delta_sensor_async' retrieved from /home/codespace/.local/share/virtualenvs/airflow_sandbox-vp-HKq_L/lib/python3.10/site-packages/airflow/example_dags/example_time_delta_sensor_async.py
[2024-02-14T09:16:49.484+0000] {logging_mixin.py:188} INFO - [2024-02-14T09:16:49.484+0000] {dag.py:3033} INFO - Sync 1 DAGs
[2024-02-14T09:16:49.492+0000] {logging_mixin.py:188} INFO - [2024-02-14T09:16:49.492+0000] {dag.py:3820} INFO - Setting next_dagrun for example_time_delta_sensor_async to None, run_after=None
[2024-02-14T09:16:49.532+0000] {processor.py:183} INFO - Processing /home/codespace/.local/share/virtualenvs/airflow_sandbox-vp-HKq_L/lib/python3.10/site-packages/airflow/example_dags/example_time_delta_sensor_async.py took 0.067 seconds
[2024-02-14T09:17:25.615+0000] {processor.py:161} INFO - Started process (PID=10346) to work on /home/codespace/.local/share/virtualenvs/airflow_sandbox-vp-HKq_L/lib/python3.10/site-packages/airflow/example_dags/example_time_delta_sensor_async.py
[2024-02-14T09:17:25.615+0000] {processor.py:830} INFO - Processing file /home/codespace/.local/share/virtualenvs/airflow_sandbox-vp-HKq_L/lib/python3.10/site-packages/airflow/example_dags/example_time_delta_sensor_async.py for tasks to queue
[2024-02-14T09:17:25.616+0000] {logging_mixin.py:188} INFO - [2024-02-14T09:17:25.616+0000] {dagbag.py:538} INFO - Filling up the DagBag from /home/codespace/.local/share/virtualenvs/airflow_sandbox-vp-HKq_L/lib/python3.10/site-packages/airflow/example_dags/example_time_delta_sensor_async.py
[2024-02-14T09:17:25.620+0000] {processor.py:840} INFO - DAG(s) 'example_time_delta_sensor_async' retrieved from /home/codespace/.local/share/virtualenvs/airflow_sandbox-vp-HKq_L/lib/python3.10/site-packages/airflow/example_dags/example_time_delta_sensor_async.py
[2024-02-14T09:17:25.632+0000] {logging_mixin.py:188} INFO - [2024-02-14T09:17:25.631+0000] {dag.py:3033} INFO - Sync 1 DAGs
[2024-02-14T09:17:25.640+0000] {logging_mixin.py:188} INFO - [2024-02-14T09:17:25.640+0000] {dag.py:3820} INFO - Setting next_dagrun for example_time_delta_sensor_async to None, run_after=None
[2024-02-14T09:17:25.694+0000] {processor.py:183} INFO - Processing /home/codespace/.local/share/virtualenvs/airflow_sandbox-vp-HKq_L/lib/python3.10/site-packages/airflow/example_dags/example_time_delta_sensor_async.py took 0.081 seconds
[2024-02-14T09:17:58.400+0000] {processor.py:161} INFO - Started process (PID=10605) to work on /home/codespace/.local/share/virtualenvs/airflow_sandbox-vp-HKq_L/lib/python3.10/site-packages/airflow/example_dags/example_time_delta_sensor_async.py
[2024-02-14T09:17:58.401+0000] {processor.py:830} INFO - Processing file /home/codespace/.local/share/virtualenvs/airflow_sandbox-vp-HKq_L/lib/python3.10/site-packages/airflow/example_dags/example_time_delta_sensor_async.py for tasks to queue
[2024-02-14T09:17:58.401+0000] {logging_mixin.py:188} INFO - [2024-02-14T09:17:58.401+0000] {dagbag.py:538} INFO - Filling up the DagBag from /home/codespace/.local/share/virtualenvs/airflow_sandbox-vp-HKq_L/lib/python3.10/site-packages/airflow/example_dags/example_time_delta_sensor_async.py
[2024-02-14T09:17:58.405+0000] {processor.py:840} INFO - DAG(s) 'example_time_delta_sensor_async' retrieved from /home/codespace/.local/share/virtualenvs/airflow_sandbox-vp-HKq_L/lib/python3.10/site-packages/airflow/example_dags/example_time_delta_sensor_async.py
[2024-02-14T09:17:58.416+0000] {logging_mixin.py:188} INFO - [2024-02-14T09:17:58.416+0000] {dag.py:3033} INFO - Sync 1 DAGs
[2024-02-14T09:17:58.425+0000] {logging_mixin.py:188} INFO - [2024-02-14T09:17:58.425+0000] {dag.py:3820} INFO - Setting next_dagrun for example_time_delta_sensor_async to None, run_after=None
[2024-02-14T09:17:58.465+0000] {processor.py:183} INFO - Processing /home/codespace/.local/share/virtualenvs/airflow_sandbox-vp-HKq_L/lib/python3.10/site-packages/airflow/example_dags/example_time_delta_sensor_async.py took 0.067 seconds
[2024-02-14T09:18:32.862+0000] {processor.py:161} INFO - Started process (PID=10847) to work on /home/codespace/.local/share/virtualenvs/airflow_sandbox-vp-HKq_L/lib/python3.10/site-packages/airflow/example_dags/example_time_delta_sensor_async.py
[2024-02-14T09:18:32.863+0000] {processor.py:830} INFO - Processing file /home/codespace/.local/share/virtualenvs/airflow_sandbox-vp-HKq_L/lib/python3.10/site-packages/airflow/example_dags/example_time_delta_sensor_async.py for tasks to queue
[2024-02-14T09:18:32.863+0000] {logging_mixin.py:188} INFO - [2024-02-14T09:18:32.863+0000] {dagbag.py:538} INFO - Filling up the DagBag from /home/codespace/.local/share/virtualenvs/airflow_sandbox-vp-HKq_L/lib/python3.10/site-packages/airflow/example_dags/example_time_delta_sensor_async.py
[2024-02-14T09:18:32.867+0000] {processor.py:840} INFO - DAG(s) 'example_time_delta_sensor_async' retrieved from /home/codespace/.local/share/virtualenvs/airflow_sandbox-vp-HKq_L/lib/python3.10/site-packages/airflow/example_dags/example_time_delta_sensor_async.py
[2024-02-14T09:18:32.879+0000] {logging_mixin.py:188} INFO - [2024-02-14T09:18:32.878+0000] {dag.py:3033} INFO - Sync 1 DAGs
[2024-02-14T09:18:32.888+0000] {logging_mixin.py:188} INFO - [2024-02-14T09:18:32.888+0000] {dag.py:3820} INFO - Setting next_dagrun for example_time_delta_sensor_async to None, run_after=None
[2024-02-14T09:18:32.928+0000] {processor.py:183} INFO - Processing /home/codespace/.local/share/virtualenvs/airflow_sandbox-vp-HKq_L/lib/python3.10/site-packages/airflow/example_dags/example_time_delta_sensor_async.py took 0.069 seconds
[2024-02-14T09:19:08.171+0000] {processor.py:161} INFO - Started process (PID=11115) to work on /home/codespace/.local/share/virtualenvs/airflow_sandbox-vp-HKq_L/lib/python3.10/site-packages/airflow/example_dags/example_time_delta_sensor_async.py
[2024-02-14T09:19:08.172+0000] {processor.py:830} INFO - Processing file /home/codespace/.local/share/virtualenvs/airflow_sandbox-vp-HKq_L/lib/python3.10/site-packages/airflow/example_dags/example_time_delta_sensor_async.py for tasks to queue
[2024-02-14T09:19:08.173+0000] {logging_mixin.py:188} INFO - [2024-02-14T09:19:08.172+0000] {dagbag.py:538} INFO - Filling up the DagBag from /home/codespace/.local/share/virtualenvs/airflow_sandbox-vp-HKq_L/lib/python3.10/site-packages/airflow/example_dags/example_time_delta_sensor_async.py
[2024-02-14T09:19:08.177+0000] {processor.py:840} INFO - DAG(s) 'example_time_delta_sensor_async' retrieved from /home/codespace/.local/share/virtualenvs/airflow_sandbox-vp-HKq_L/lib/python3.10/site-packages/airflow/example_dags/example_time_delta_sensor_async.py
[2024-02-14T09:19:08.192+0000] {logging_mixin.py:188} INFO - [2024-02-14T09:19:08.192+0000] {dag.py:3033} INFO - Sync 1 DAGs
[2024-02-14T09:19:08.202+0000] {logging_mixin.py:188} INFO - [2024-02-14T09:19:08.202+0000] {dag.py:3820} INFO - Setting next_dagrun for example_time_delta_sensor_async to None, run_after=None
[2024-02-14T09:19:08.257+0000] {processor.py:183} INFO - Processing /home/codespace/.local/share/virtualenvs/airflow_sandbox-vp-HKq_L/lib/python3.10/site-packages/airflow/example_dags/example_time_delta_sensor_async.py took 0.088 seconds
[2024-02-14T09:19:46.004+0000] {processor.py:161} INFO - Started process (PID=11387) to work on /home/codespace/.local/share/virtualenvs/airflow_sandbox-vp-HKq_L/lib/python3.10/site-packages/airflow/example_dags/example_time_delta_sensor_async.py
[2024-02-14T09:19:46.005+0000] {processor.py:830} INFO - Processing file /home/codespace/.local/share/virtualenvs/airflow_sandbox-vp-HKq_L/lib/python3.10/site-packages/airflow/example_dags/example_time_delta_sensor_async.py for tasks to queue
[2024-02-14T09:19:46.005+0000] {logging_mixin.py:188} INFO - [2024-02-14T09:19:46.005+0000] {dagbag.py:538} INFO - Filling up the DagBag from /home/codespace/.local/share/virtualenvs/airflow_sandbox-vp-HKq_L/lib/python3.10/site-packages/airflow/example_dags/example_time_delta_sensor_async.py
[2024-02-14T09:19:46.009+0000] {processor.py:840} INFO - DAG(s) 'example_time_delta_sensor_async' retrieved from /home/codespace/.local/share/virtualenvs/airflow_sandbox-vp-HKq_L/lib/python3.10/site-packages/airflow/example_dags/example_time_delta_sensor_async.py
[2024-02-14T09:19:46.022+0000] {logging_mixin.py:188} INFO - [2024-02-14T09:19:46.021+0000] {dag.py:3033} INFO - Sync 1 DAGs
[2024-02-14T09:19:46.032+0000] {logging_mixin.py:188} INFO - [2024-02-14T09:19:46.032+0000] {dag.py:3820} INFO - Setting next_dagrun for example_time_delta_sensor_async to None, run_after=None
[2024-02-14T09:19:46.074+0000] {processor.py:183} INFO - Processing /home/codespace/.local/share/virtualenvs/airflow_sandbox-vp-HKq_L/lib/python3.10/site-packages/airflow/example_dags/example_time_delta_sensor_async.py took 0.072 seconds
[2024-02-14T09:20:22.735+0000] {processor.py:161} INFO - Started process (PID=12036) to work on /home/codespace/.local/share/virtualenvs/airflow_sandbox-vp-HKq_L/lib/python3.10/site-packages/airflow/example_dags/example_time_delta_sensor_async.py
[2024-02-14T09:20:22.736+0000] {processor.py:830} INFO - Processing file /home/codespace/.local/share/virtualenvs/airflow_sandbox-vp-HKq_L/lib/python3.10/site-packages/airflow/example_dags/example_time_delta_sensor_async.py for tasks to queue
[2024-02-14T09:20:22.736+0000] {logging_mixin.py:188} INFO - [2024-02-14T09:20:22.736+0000] {dagbag.py:538} INFO - Filling up the DagBag from /home/codespace/.local/share/virtualenvs/airflow_sandbox-vp-HKq_L/lib/python3.10/site-packages/airflow/example_dags/example_time_delta_sensor_async.py
[2024-02-14T09:20:22.740+0000] {processor.py:840} INFO - DAG(s) 'example_time_delta_sensor_async' retrieved from /home/codespace/.local/share/virtualenvs/airflow_sandbox-vp-HKq_L/lib/python3.10/site-packages/airflow/example_dags/example_time_delta_sensor_async.py
[2024-02-14T09:20:22.752+0000] {logging_mixin.py:188} INFO - [2024-02-14T09:20:22.752+0000] {dag.py:3033} INFO - Sync 1 DAGs
[2024-02-14T09:20:22.762+0000] {logging_mixin.py:188} INFO - [2024-02-14T09:20:22.762+0000] {dag.py:3820} INFO - Setting next_dagrun for example_time_delta_sensor_async to None, run_after=None
[2024-02-14T09:20:22.803+0000] {processor.py:183} INFO - Processing /home/codespace/.local/share/virtualenvs/airflow_sandbox-vp-HKq_L/lib/python3.10/site-packages/airflow/example_dags/example_time_delta_sensor_async.py took 0.071 seconds
[2024-02-14T09:20:56.092+0000] {processor.py:161} INFO - Started process (PID=12363) to work on /home/codespace/.local/share/virtualenvs/airflow_sandbox-vp-HKq_L/lib/python3.10/site-packages/airflow/example_dags/example_time_delta_sensor_async.py
[2024-02-14T09:20:56.093+0000] {processor.py:830} INFO - Processing file /home/codespace/.local/share/virtualenvs/airflow_sandbox-vp-HKq_L/lib/python3.10/site-packages/airflow/example_dags/example_time_delta_sensor_async.py for tasks to queue
[2024-02-14T09:20:56.094+0000] {logging_mixin.py:188} INFO - [2024-02-14T09:20:56.093+0000] {dagbag.py:538} INFO - Filling up the DagBag from /home/codespace/.local/share/virtualenvs/airflow_sandbox-vp-HKq_L/lib/python3.10/site-packages/airflow/example_dags/example_time_delta_sensor_async.py
[2024-02-14T09:20:56.097+0000] {processor.py:840} INFO - DAG(s) 'example_time_delta_sensor_async' retrieved from /home/codespace/.local/share/virtualenvs/airflow_sandbox-vp-HKq_L/lib/python3.10/site-packages/airflow/example_dags/example_time_delta_sensor_async.py
[2024-02-14T09:20:56.109+0000] {logging_mixin.py:188} INFO - [2024-02-14T09:20:56.109+0000] {dag.py:3033} INFO - Sync 1 DAGs
[2024-02-14T09:20:56.118+0000] {logging_mixin.py:188} INFO - [2024-02-14T09:20:56.118+0000] {dag.py:3820} INFO - Setting next_dagrun for example_time_delta_sensor_async to None, run_after=None
[2024-02-14T09:20:56.161+0000] {processor.py:183} INFO - Processing /home/codespace/.local/share/virtualenvs/airflow_sandbox-vp-HKq_L/lib/python3.10/site-packages/airflow/example_dags/example_time_delta_sensor_async.py took 0.071 seconds
[2024-02-14T09:21:30.047+0000] {processor.py:161} INFO - Started process (PID=12617) to work on /home/codespace/.local/share/virtualenvs/airflow_sandbox-vp-HKq_L/lib/python3.10/site-packages/airflow/example_dags/example_time_delta_sensor_async.py
[2024-02-14T09:21:30.047+0000] {processor.py:830} INFO - Processing file /home/codespace/.local/share/virtualenvs/airflow_sandbox-vp-HKq_L/lib/python3.10/site-packages/airflow/example_dags/example_time_delta_sensor_async.py for tasks to queue
[2024-02-14T09:21:30.048+0000] {logging_mixin.py:188} INFO - [2024-02-14T09:21:30.048+0000] {dagbag.py:538} INFO - Filling up the DagBag from /home/codespace/.local/share/virtualenvs/airflow_sandbox-vp-HKq_L/lib/python3.10/site-packages/airflow/example_dags/example_time_delta_sensor_async.py
[2024-02-14T09:21:30.052+0000] {processor.py:840} INFO - DAG(s) 'example_time_delta_sensor_async' retrieved from /home/codespace/.local/share/virtualenvs/airflow_sandbox-vp-HKq_L/lib/python3.10/site-packages/airflow/example_dags/example_time_delta_sensor_async.py
[2024-02-14T09:21:30.064+0000] {logging_mixin.py:188} INFO - [2024-02-14T09:21:30.063+0000] {dag.py:3033} INFO - Sync 1 DAGs
[2024-02-14T09:21:30.072+0000] {logging_mixin.py:188} INFO - [2024-02-14T09:21:30.072+0000] {dag.py:3820} INFO - Setting next_dagrun for example_time_delta_sensor_async to None, run_after=None
[2024-02-14T09:21:30.113+0000] {processor.py:183} INFO - Processing /home/codespace/.local/share/virtualenvs/airflow_sandbox-vp-HKq_L/lib/python3.10/site-packages/airflow/example_dags/example_time_delta_sensor_async.py took 0.069 seconds
[2024-02-14T09:22:06.824+0000] {processor.py:161} INFO - Started process (PID=12864) to work on /home/codespace/.local/share/virtualenvs/airflow_sandbox-vp-HKq_L/lib/python3.10/site-packages/airflow/example_dags/example_time_delta_sensor_async.py
[2024-02-14T09:22:06.825+0000] {processor.py:830} INFO - Processing file /home/codespace/.local/share/virtualenvs/airflow_sandbox-vp-HKq_L/lib/python3.10/site-packages/airflow/example_dags/example_time_delta_sensor_async.py for tasks to queue
[2024-02-14T09:22:06.826+0000] {logging_mixin.py:188} INFO - [2024-02-14T09:22:06.826+0000] {dagbag.py:538} INFO - Filling up the DagBag from /home/codespace/.local/share/virtualenvs/airflow_sandbox-vp-HKq_L/lib/python3.10/site-packages/airflow/example_dags/example_time_delta_sensor_async.py
[2024-02-14T09:22:06.831+0000] {processor.py:840} INFO - DAG(s) 'example_time_delta_sensor_async' retrieved from /home/codespace/.local/share/virtualenvs/airflow_sandbox-vp-HKq_L/lib/python3.10/site-packages/airflow/example_dags/example_time_delta_sensor_async.py
[2024-02-14T09:22:06.846+0000] {logging_mixin.py:188} INFO - [2024-02-14T09:22:06.846+0000] {dag.py:3033} INFO - Sync 1 DAGs
[2024-02-14T09:22:06.855+0000] {logging_mixin.py:188} INFO - [2024-02-14T09:22:06.855+0000] {dag.py:3820} INFO - Setting next_dagrun for example_time_delta_sensor_async to None, run_after=None
[2024-02-14T09:22:06.900+0000] {processor.py:183} INFO - Processing /home/codespace/.local/share/virtualenvs/airflow_sandbox-vp-HKq_L/lib/python3.10/site-packages/airflow/example_dags/example_time_delta_sensor_async.py took 0.079 seconds
[2024-02-14T09:22:45.532+0000] {processor.py:161} INFO - Started process (PID=13173) to work on /home/codespace/.local/share/virtualenvs/airflow_sandbox-vp-HKq_L/lib/python3.10/site-packages/airflow/example_dags/example_time_delta_sensor_async.py
[2024-02-14T09:22:45.533+0000] {processor.py:830} INFO - Processing file /home/codespace/.local/share/virtualenvs/airflow_sandbox-vp-HKq_L/lib/python3.10/site-packages/airflow/example_dags/example_time_delta_sensor_async.py for tasks to queue
[2024-02-14T09:22:45.534+0000] {logging_mixin.py:188} INFO - [2024-02-14T09:22:45.534+0000] {dagbag.py:538} INFO - Filling up the DagBag from /home/codespace/.local/share/virtualenvs/airflow_sandbox-vp-HKq_L/lib/python3.10/site-packages/airflow/example_dags/example_time_delta_sensor_async.py
[2024-02-14T09:22:45.537+0000] {processor.py:840} INFO - DAG(s) 'example_time_delta_sensor_async' retrieved from /home/codespace/.local/share/virtualenvs/airflow_sandbox-vp-HKq_L/lib/python3.10/site-packages/airflow/example_dags/example_time_delta_sensor_async.py
[2024-02-14T09:22:45.550+0000] {logging_mixin.py:188} INFO - [2024-02-14T09:22:45.550+0000] {dag.py:3033} INFO - Sync 1 DAGs
[2024-02-14T09:22:45.560+0000] {logging_mixin.py:188} INFO - [2024-02-14T09:22:45.559+0000] {dag.py:3820} INFO - Setting next_dagrun for example_time_delta_sensor_async to None, run_after=None
[2024-02-14T09:22:45.607+0000] {processor.py:183} INFO - Processing /home/codespace/.local/share/virtualenvs/airflow_sandbox-vp-HKq_L/lib/python3.10/site-packages/airflow/example_dags/example_time_delta_sensor_async.py took 0.078 seconds
[2024-02-14T09:23:24.223+0000] {processor.py:161} INFO - Started process (PID=13441) to work on /home/codespace/.local/share/virtualenvs/airflow_sandbox-vp-HKq_L/lib/python3.10/site-packages/airflow/example_dags/example_time_delta_sensor_async.py
[2024-02-14T09:23:24.223+0000] {processor.py:830} INFO - Processing file /home/codespace/.local/share/virtualenvs/airflow_sandbox-vp-HKq_L/lib/python3.10/site-packages/airflow/example_dags/example_time_delta_sensor_async.py for tasks to queue
[2024-02-14T09:23:24.224+0000] {logging_mixin.py:188} INFO - [2024-02-14T09:23:24.224+0000] {dagbag.py:538} INFO - Filling up the DagBag from /home/codespace/.local/share/virtualenvs/airflow_sandbox-vp-HKq_L/lib/python3.10/site-packages/airflow/example_dags/example_time_delta_sensor_async.py
[2024-02-14T09:23:24.228+0000] {processor.py:840} INFO - DAG(s) 'example_time_delta_sensor_async' retrieved from /home/codespace/.local/share/virtualenvs/airflow_sandbox-vp-HKq_L/lib/python3.10/site-packages/airflow/example_dags/example_time_delta_sensor_async.py
[2024-02-14T09:23:24.240+0000] {logging_mixin.py:188} INFO - [2024-02-14T09:23:24.240+0000] {dag.py:3033} INFO - Sync 1 DAGs
[2024-02-14T09:23:24.254+0000] {logging_mixin.py:188} INFO - [2024-02-14T09:23:24.254+0000] {dag.py:3820} INFO - Setting next_dagrun for example_time_delta_sensor_async to None, run_after=None
[2024-02-14T09:23:24.305+0000] {processor.py:183} INFO - Processing /home/codespace/.local/share/virtualenvs/airflow_sandbox-vp-HKq_L/lib/python3.10/site-packages/airflow/example_dags/example_time_delta_sensor_async.py took 0.084 seconds
[2024-02-14T09:24:01.406+0000] {processor.py:161} INFO - Started process (PID=13707) to work on /home/codespace/.local/share/virtualenvs/airflow_sandbox-vp-HKq_L/lib/python3.10/site-packages/airflow/example_dags/example_time_delta_sensor_async.py
[2024-02-14T09:24:01.407+0000] {processor.py:830} INFO - Processing file /home/codespace/.local/share/virtualenvs/airflow_sandbox-vp-HKq_L/lib/python3.10/site-packages/airflow/example_dags/example_time_delta_sensor_async.py for tasks to queue
[2024-02-14T09:24:01.408+0000] {logging_mixin.py:188} INFO - [2024-02-14T09:24:01.408+0000] {dagbag.py:538} INFO - Filling up the DagBag from /home/codespace/.local/share/virtualenvs/airflow_sandbox-vp-HKq_L/lib/python3.10/site-packages/airflow/example_dags/example_time_delta_sensor_async.py
[2024-02-14T09:24:01.412+0000] {processor.py:840} INFO - DAG(s) 'example_time_delta_sensor_async' retrieved from /home/codespace/.local/share/virtualenvs/airflow_sandbox-vp-HKq_L/lib/python3.10/site-packages/airflow/example_dags/example_time_delta_sensor_async.py
[2024-02-14T09:24:01.425+0000] {logging_mixin.py:188} INFO - [2024-02-14T09:24:01.425+0000] {dag.py:3033} INFO - Sync 1 DAGs
[2024-02-14T09:24:01.435+0000] {logging_mixin.py:188} INFO - [2024-02-14T09:24:01.435+0000] {dag.py:3820} INFO - Setting next_dagrun for example_time_delta_sensor_async to None, run_after=None
[2024-02-14T09:24:01.481+0000] {processor.py:183} INFO - Processing /home/codespace/.local/share/virtualenvs/airflow_sandbox-vp-HKq_L/lib/python3.10/site-packages/airflow/example_dags/example_time_delta_sensor_async.py took 0.077 seconds
[2024-02-14T09:24:41.265+0000] {processor.py:161} INFO - Started process (PID=13987) to work on /home/codespace/.local/share/virtualenvs/airflow_sandbox-vp-HKq_L/lib/python3.10/site-packages/airflow/example_dags/example_time_delta_sensor_async.py
[2024-02-14T09:24:41.266+0000] {processor.py:830} INFO - Processing file /home/codespace/.local/share/virtualenvs/airflow_sandbox-vp-HKq_L/lib/python3.10/site-packages/airflow/example_dags/example_time_delta_sensor_async.py for tasks to queue
[2024-02-14T09:24:41.267+0000] {logging_mixin.py:188} INFO - [2024-02-14T09:24:41.266+0000] {dagbag.py:538} INFO - Filling up the DagBag from /home/codespace/.local/share/virtualenvs/airflow_sandbox-vp-HKq_L/lib/python3.10/site-packages/airflow/example_dags/example_time_delta_sensor_async.py
[2024-02-14T09:24:41.270+0000] {processor.py:840} INFO - DAG(s) 'example_time_delta_sensor_async' retrieved from /home/codespace/.local/share/virtualenvs/airflow_sandbox-vp-HKq_L/lib/python3.10/site-packages/airflow/example_dags/example_time_delta_sensor_async.py
[2024-02-14T09:24:41.281+0000] {logging_mixin.py:188} INFO - [2024-02-14T09:24:41.281+0000] {dag.py:3033} INFO - Sync 1 DAGs
[2024-02-14T09:24:41.291+0000] {logging_mixin.py:188} INFO - [2024-02-14T09:24:41.290+0000] {dag.py:3820} INFO - Setting next_dagrun for example_time_delta_sensor_async to None, run_after=None
[2024-02-14T09:24:41.335+0000] {processor.py:183} INFO - Processing /home/codespace/.local/share/virtualenvs/airflow_sandbox-vp-HKq_L/lib/python3.10/site-packages/airflow/example_dags/example_time_delta_sensor_async.py took 0.072 seconds
[2024-02-14T09:25:16.997+0000] {processor.py:161} INFO - Started process (PID=14222) to work on /home/codespace/.local/share/virtualenvs/airflow_sandbox-vp-HKq_L/lib/python3.10/site-packages/airflow/example_dags/example_time_delta_sensor_async.py
[2024-02-14T09:25:16.998+0000] {processor.py:830} INFO - Processing file /home/codespace/.local/share/virtualenvs/airflow_sandbox-vp-HKq_L/lib/python3.10/site-packages/airflow/example_dags/example_time_delta_sensor_async.py for tasks to queue
[2024-02-14T09:25:16.999+0000] {logging_mixin.py:188} INFO - [2024-02-14T09:25:16.999+0000] {dagbag.py:538} INFO - Filling up the DagBag from /home/codespace/.local/share/virtualenvs/airflow_sandbox-vp-HKq_L/lib/python3.10/site-packages/airflow/example_dags/example_time_delta_sensor_async.py
[2024-02-14T09:25:17.005+0000] {processor.py:840} INFO - DAG(s) 'example_time_delta_sensor_async' retrieved from /home/codespace/.local/share/virtualenvs/airflow_sandbox-vp-HKq_L/lib/python3.10/site-packages/airflow/example_dags/example_time_delta_sensor_async.py
[2024-02-14T09:25:17.021+0000] {logging_mixin.py:188} INFO - [2024-02-14T09:25:17.020+0000] {dag.py:3033} INFO - Sync 1 DAGs
[2024-02-14T09:25:17.030+0000] {logging_mixin.py:188} INFO - [2024-02-14T09:25:17.030+0000] {dag.py:3820} INFO - Setting next_dagrun for example_time_delta_sensor_async to None, run_after=None
[2024-02-14T09:25:17.082+0000] {processor.py:183} INFO - Processing /home/codespace/.local/share/virtualenvs/airflow_sandbox-vp-HKq_L/lib/python3.10/site-packages/airflow/example_dags/example_time_delta_sensor_async.py took 0.088 seconds
[2024-02-14T09:25:53.160+0000] {processor.py:161} INFO - Started process (PID=14476) to work on /home/codespace/.local/share/virtualenvs/airflow_sandbox-vp-HKq_L/lib/python3.10/site-packages/airflow/example_dags/example_time_delta_sensor_async.py
[2024-02-14T09:25:53.160+0000] {processor.py:830} INFO - Processing file /home/codespace/.local/share/virtualenvs/airflow_sandbox-vp-HKq_L/lib/python3.10/site-packages/airflow/example_dags/example_time_delta_sensor_async.py for tasks to queue
[2024-02-14T09:25:53.161+0000] {logging_mixin.py:188} INFO - [2024-02-14T09:25:53.161+0000] {dagbag.py:538} INFO - Filling up the DagBag from /home/codespace/.local/share/virtualenvs/airflow_sandbox-vp-HKq_L/lib/python3.10/site-packages/airflow/example_dags/example_time_delta_sensor_async.py
[2024-02-14T09:25:53.165+0000] {processor.py:840} INFO - DAG(s) 'example_time_delta_sensor_async' retrieved from /home/codespace/.local/share/virtualenvs/airflow_sandbox-vp-HKq_L/lib/python3.10/site-packages/airflow/example_dags/example_time_delta_sensor_async.py
[2024-02-14T09:25:53.177+0000] {logging_mixin.py:188} INFO - [2024-02-14T09:25:53.177+0000] {dag.py:3033} INFO - Sync 1 DAGs
[2024-02-14T09:25:53.186+0000] {logging_mixin.py:188} INFO - [2024-02-14T09:25:53.186+0000] {dag.py:3820} INFO - Setting next_dagrun for example_time_delta_sensor_async to None, run_after=None
[2024-02-14T09:25:53.227+0000] {processor.py:183} INFO - Processing /home/codespace/.local/share/virtualenvs/airflow_sandbox-vp-HKq_L/lib/python3.10/site-packages/airflow/example_dags/example_time_delta_sensor_async.py took 0.070 seconds
[2024-02-14T09:26:26.159+0000] {processor.py:161} INFO - Started process (PID=14696) to work on /home/codespace/.local/share/virtualenvs/airflow_sandbox-vp-HKq_L/lib/python3.10/site-packages/airflow/example_dags/example_time_delta_sensor_async.py
[2024-02-14T09:26:26.160+0000] {processor.py:830} INFO - Processing file /home/codespace/.local/share/virtualenvs/airflow_sandbox-vp-HKq_L/lib/python3.10/site-packages/airflow/example_dags/example_time_delta_sensor_async.py for tasks to queue
[2024-02-14T09:26:26.160+0000] {logging_mixin.py:188} INFO - [2024-02-14T09:26:26.160+0000] {dagbag.py:538} INFO - Filling up the DagBag from /home/codespace/.local/share/virtualenvs/airflow_sandbox-vp-HKq_L/lib/python3.10/site-packages/airflow/example_dags/example_time_delta_sensor_async.py
[2024-02-14T09:26:26.164+0000] {processor.py:840} INFO - DAG(s) 'example_time_delta_sensor_async' retrieved from /home/codespace/.local/share/virtualenvs/airflow_sandbox-vp-HKq_L/lib/python3.10/site-packages/airflow/example_dags/example_time_delta_sensor_async.py
[2024-02-14T09:26:26.177+0000] {logging_mixin.py:188} INFO - [2024-02-14T09:26:26.176+0000] {dag.py:3033} INFO - Sync 1 DAGs
[2024-02-14T09:26:26.185+0000] {logging_mixin.py:188} INFO - [2024-02-14T09:26:26.185+0000] {dag.py:3820} INFO - Setting next_dagrun for example_time_delta_sensor_async to None, run_after=None
[2024-02-14T09:26:26.231+0000] {processor.py:183} INFO - Processing /home/codespace/.local/share/virtualenvs/airflow_sandbox-vp-HKq_L/lib/python3.10/site-packages/airflow/example_dags/example_time_delta_sensor_async.py took 0.074 seconds
[2024-02-14T09:27:03.085+0000] {processor.py:161} INFO - Started process (PID=14961) to work on /home/codespace/.local/share/virtualenvs/airflow_sandbox-vp-HKq_L/lib/python3.10/site-packages/airflow/example_dags/example_time_delta_sensor_async.py
[2024-02-14T09:27:03.086+0000] {processor.py:830} INFO - Processing file /home/codespace/.local/share/virtualenvs/airflow_sandbox-vp-HKq_L/lib/python3.10/site-packages/airflow/example_dags/example_time_delta_sensor_async.py for tasks to queue
[2024-02-14T09:27:03.086+0000] {logging_mixin.py:188} INFO - [2024-02-14T09:27:03.086+0000] {dagbag.py:538} INFO - Filling up the DagBag from /home/codespace/.local/share/virtualenvs/airflow_sandbox-vp-HKq_L/lib/python3.10/site-packages/airflow/example_dags/example_time_delta_sensor_async.py
[2024-02-14T09:27:03.090+0000] {processor.py:840} INFO - DAG(s) 'example_time_delta_sensor_async' retrieved from /home/codespace/.local/share/virtualenvs/airflow_sandbox-vp-HKq_L/lib/python3.10/site-packages/airflow/example_dags/example_time_delta_sensor_async.py
[2024-02-14T09:27:03.104+0000] {logging_mixin.py:188} INFO - [2024-02-14T09:27:03.103+0000] {dag.py:3033} INFO - Sync 1 DAGs
[2024-02-14T09:27:03.113+0000] {logging_mixin.py:188} INFO - [2024-02-14T09:27:03.113+0000] {dag.py:3820} INFO - Setting next_dagrun for example_time_delta_sensor_async to None, run_after=None
[2024-02-14T09:27:03.157+0000] {processor.py:183} INFO - Processing /home/codespace/.local/share/virtualenvs/airflow_sandbox-vp-HKq_L/lib/python3.10/site-packages/airflow/example_dags/example_time_delta_sensor_async.py took 0.075 seconds
[2024-02-14T09:27:39.793+0000] {processor.py:161} INFO - Started process (PID=15236) to work on /home/codespace/.local/share/virtualenvs/airflow_sandbox-vp-HKq_L/lib/python3.10/site-packages/airflow/example_dags/example_time_delta_sensor_async.py
[2024-02-14T09:27:39.794+0000] {processor.py:830} INFO - Processing file /home/codespace/.local/share/virtualenvs/airflow_sandbox-vp-HKq_L/lib/python3.10/site-packages/airflow/example_dags/example_time_delta_sensor_async.py for tasks to queue
[2024-02-14T09:27:39.795+0000] {logging_mixin.py:188} INFO - [2024-02-14T09:27:39.794+0000] {dagbag.py:538} INFO - Filling up the DagBag from /home/codespace/.local/share/virtualenvs/airflow_sandbox-vp-HKq_L/lib/python3.10/site-packages/airflow/example_dags/example_time_delta_sensor_async.py
[2024-02-14T09:27:39.798+0000] {processor.py:840} INFO - DAG(s) 'example_time_delta_sensor_async' retrieved from /home/codespace/.local/share/virtualenvs/airflow_sandbox-vp-HKq_L/lib/python3.10/site-packages/airflow/example_dags/example_time_delta_sensor_async.py
[2024-02-14T09:27:39.810+0000] {logging_mixin.py:188} INFO - [2024-02-14T09:27:39.810+0000] {dag.py:3033} INFO - Sync 1 DAGs
[2024-02-14T09:27:39.819+0000] {logging_mixin.py:188} INFO - [2024-02-14T09:27:39.819+0000] {dag.py:3820} INFO - Setting next_dagrun for example_time_delta_sensor_async to None, run_after=None
[2024-02-14T09:27:39.859+0000] {processor.py:183} INFO - Processing /home/codespace/.local/share/virtualenvs/airflow_sandbox-vp-HKq_L/lib/python3.10/site-packages/airflow/example_dags/example_time_delta_sensor_async.py took 0.069 seconds
[2024-02-14T09:28:17.196+0000] {processor.py:161} INFO - Started process (PID=15501) to work on /home/codespace/.local/share/virtualenvs/airflow_sandbox-vp-HKq_L/lib/python3.10/site-packages/airflow/example_dags/example_time_delta_sensor_async.py
[2024-02-14T09:28:17.196+0000] {processor.py:830} INFO - Processing file /home/codespace/.local/share/virtualenvs/airflow_sandbox-vp-HKq_L/lib/python3.10/site-packages/airflow/example_dags/example_time_delta_sensor_async.py for tasks to queue
[2024-02-14T09:28:17.197+0000] {logging_mixin.py:188} INFO - [2024-02-14T09:28:17.197+0000] {dagbag.py:538} INFO - Filling up the DagBag from /home/codespace/.local/share/virtualenvs/airflow_sandbox-vp-HKq_L/lib/python3.10/site-packages/airflow/example_dags/example_time_delta_sensor_async.py
[2024-02-14T09:28:17.201+0000] {processor.py:840} INFO - DAG(s) 'example_time_delta_sensor_async' retrieved from /home/codespace/.local/share/virtualenvs/airflow_sandbox-vp-HKq_L/lib/python3.10/site-packages/airflow/example_dags/example_time_delta_sensor_async.py
[2024-02-14T09:28:17.213+0000] {logging_mixin.py:188} INFO - [2024-02-14T09:28:17.213+0000] {dag.py:3033} INFO - Sync 1 DAGs
[2024-02-14T09:28:17.224+0000] {logging_mixin.py:188} INFO - [2024-02-14T09:28:17.224+0000] {dag.py:3820} INFO - Setting next_dagrun for example_time_delta_sensor_async to None, run_after=None
[2024-02-14T09:28:17.274+0000] {processor.py:183} INFO - Processing /home/codespace/.local/share/virtualenvs/airflow_sandbox-vp-HKq_L/lib/python3.10/site-packages/airflow/example_dags/example_time_delta_sensor_async.py took 0.080 seconds
[2024-02-14T09:28:51.038+0000] {processor.py:161} INFO - Started process (PID=15879) to work on /home/codespace/.local/share/virtualenvs/airflow_sandbox-vp-HKq_L/lib/python3.10/site-packages/airflow/example_dags/example_time_delta_sensor_async.py
[2024-02-14T09:28:51.039+0000] {processor.py:830} INFO - Processing file /home/codespace/.local/share/virtualenvs/airflow_sandbox-vp-HKq_L/lib/python3.10/site-packages/airflow/example_dags/example_time_delta_sensor_async.py for tasks to queue
[2024-02-14T09:28:51.040+0000] {logging_mixin.py:188} INFO - [2024-02-14T09:28:51.040+0000] {dagbag.py:538} INFO - Filling up the DagBag from /home/codespace/.local/share/virtualenvs/airflow_sandbox-vp-HKq_L/lib/python3.10/site-packages/airflow/example_dags/example_time_delta_sensor_async.py
[2024-02-14T09:28:51.045+0000] {processor.py:840} INFO - DAG(s) 'example_time_delta_sensor_async' retrieved from /home/codespace/.local/share/virtualenvs/airflow_sandbox-vp-HKq_L/lib/python3.10/site-packages/airflow/example_dags/example_time_delta_sensor_async.py
[2024-02-14T09:28:51.057+0000] {logging_mixin.py:188} INFO - [2024-02-14T09:28:51.057+0000] {dag.py:3033} INFO - Sync 1 DAGs
[2024-02-14T09:28:51.066+0000] {logging_mixin.py:188} INFO - [2024-02-14T09:28:51.066+0000] {dag.py:3820} INFO - Setting next_dagrun for example_time_delta_sensor_async to None, run_after=None
[2024-02-14T09:28:51.113+0000] {processor.py:183} INFO - Processing /home/codespace/.local/share/virtualenvs/airflow_sandbox-vp-HKq_L/lib/python3.10/site-packages/airflow/example_dags/example_time_delta_sensor_async.py took 0.078 seconds
[2024-02-14T09:29:27.708+0000] {processor.py:161} INFO - Started process (PID=16148) to work on /home/codespace/.local/share/virtualenvs/airflow_sandbox-vp-HKq_L/lib/python3.10/site-packages/airflow/example_dags/example_time_delta_sensor_async.py
[2024-02-14T09:29:27.709+0000] {processor.py:830} INFO - Processing file /home/codespace/.local/share/virtualenvs/airflow_sandbox-vp-HKq_L/lib/python3.10/site-packages/airflow/example_dags/example_time_delta_sensor_async.py for tasks to queue
[2024-02-14T09:29:27.709+0000] {logging_mixin.py:188} INFO - [2024-02-14T09:29:27.709+0000] {dagbag.py:538} INFO - Filling up the DagBag from /home/codespace/.local/share/virtualenvs/airflow_sandbox-vp-HKq_L/lib/python3.10/site-packages/airflow/example_dags/example_time_delta_sensor_async.py
[2024-02-14T09:29:27.713+0000] {processor.py:840} INFO - DAG(s) 'example_time_delta_sensor_async' retrieved from /home/codespace/.local/share/virtualenvs/airflow_sandbox-vp-HKq_L/lib/python3.10/site-packages/airflow/example_dags/example_time_delta_sensor_async.py
[2024-02-14T09:29:27.725+0000] {logging_mixin.py:188} INFO - [2024-02-14T09:29:27.725+0000] {dag.py:3033} INFO - Sync 1 DAGs
[2024-02-14T09:29:27.734+0000] {logging_mixin.py:188} INFO - [2024-02-14T09:29:27.734+0000] {dag.py:3820} INFO - Setting next_dagrun for example_time_delta_sensor_async to None, run_after=None
[2024-02-14T09:29:27.776+0000] {processor.py:183} INFO - Processing /home/codespace/.local/share/virtualenvs/airflow_sandbox-vp-HKq_L/lib/python3.10/site-packages/airflow/example_dags/example_time_delta_sensor_async.py took 0.070 seconds
[2024-02-14T09:30:02.928+0000] {processor.py:161} INFO - Started process (PID=16384) to work on /home/codespace/.local/share/virtualenvs/airflow_sandbox-vp-HKq_L/lib/python3.10/site-packages/airflow/example_dags/example_time_delta_sensor_async.py
[2024-02-14T09:30:02.929+0000] {processor.py:830} INFO - Processing file /home/codespace/.local/share/virtualenvs/airflow_sandbox-vp-HKq_L/lib/python3.10/site-packages/airflow/example_dags/example_time_delta_sensor_async.py for tasks to queue
[2024-02-14T09:30:02.930+0000] {logging_mixin.py:188} INFO - [2024-02-14T09:30:02.930+0000] {dagbag.py:538} INFO - Filling up the DagBag from /home/codespace/.local/share/virtualenvs/airflow_sandbox-vp-HKq_L/lib/python3.10/site-packages/airflow/example_dags/example_time_delta_sensor_async.py
[2024-02-14T09:30:02.933+0000] {processor.py:840} INFO - DAG(s) 'example_time_delta_sensor_async' retrieved from /home/codespace/.local/share/virtualenvs/airflow_sandbox-vp-HKq_L/lib/python3.10/site-packages/airflow/example_dags/example_time_delta_sensor_async.py
[2024-02-14T09:30:02.946+0000] {logging_mixin.py:188} INFO - [2024-02-14T09:30:02.946+0000] {dag.py:3033} INFO - Sync 1 DAGs
[2024-02-14T09:30:02.955+0000] {logging_mixin.py:188} INFO - [2024-02-14T09:30:02.955+0000] {dag.py:3820} INFO - Setting next_dagrun for example_time_delta_sensor_async to None, run_after=None
[2024-02-14T09:30:02.995+0000] {processor.py:183} INFO - Processing /home/codespace/.local/share/virtualenvs/airflow_sandbox-vp-HKq_L/lib/python3.10/site-packages/airflow/example_dags/example_time_delta_sensor_async.py took 0.069 seconds
[2024-02-14T09:30:36.972+0000] {processor.py:161} INFO - Started process (PID=16629) to work on /home/codespace/.local/share/virtualenvs/airflow_sandbox-vp-HKq_L/lib/python3.10/site-packages/airflow/example_dags/example_time_delta_sensor_async.py
[2024-02-14T09:30:36.973+0000] {processor.py:830} INFO - Processing file /home/codespace/.local/share/virtualenvs/airflow_sandbox-vp-HKq_L/lib/python3.10/site-packages/airflow/example_dags/example_time_delta_sensor_async.py for tasks to queue
[2024-02-14T09:30:36.974+0000] {logging_mixin.py:188} INFO - [2024-02-14T09:30:36.974+0000] {dagbag.py:538} INFO - Filling up the DagBag from /home/codespace/.local/share/virtualenvs/airflow_sandbox-vp-HKq_L/lib/python3.10/site-packages/airflow/example_dags/example_time_delta_sensor_async.py
[2024-02-14T09:30:36.986+0000] {processor.py:840} INFO - DAG(s) 'example_time_delta_sensor_async' retrieved from /home/codespace/.local/share/virtualenvs/airflow_sandbox-vp-HKq_L/lib/python3.10/site-packages/airflow/example_dags/example_time_delta_sensor_async.py
[2024-02-14T09:30:37.011+0000] {logging_mixin.py:188} INFO - [2024-02-14T09:30:37.011+0000] {dag.py:3033} INFO - Sync 1 DAGs
[2024-02-14T09:30:37.026+0000] {logging_mixin.py:188} INFO - [2024-02-14T09:30:37.026+0000] {dag.py:3820} INFO - Setting next_dagrun for example_time_delta_sensor_async to None, run_after=None
[2024-02-14T09:30:37.073+0000] {processor.py:183} INFO - Processing /home/codespace/.local/share/virtualenvs/airflow_sandbox-vp-HKq_L/lib/python3.10/site-packages/airflow/example_dags/example_time_delta_sensor_async.py took 0.105 seconds
[2024-02-14T09:31:12.047+0000] {processor.py:161} INFO - Started process (PID=16888) to work on /home/codespace/.local/share/virtualenvs/airflow_sandbox-vp-HKq_L/lib/python3.10/site-packages/airflow/example_dags/example_time_delta_sensor_async.py
[2024-02-14T09:31:12.047+0000] {processor.py:830} INFO - Processing file /home/codespace/.local/share/virtualenvs/airflow_sandbox-vp-HKq_L/lib/python3.10/site-packages/airflow/example_dags/example_time_delta_sensor_async.py for tasks to queue
[2024-02-14T09:31:12.048+0000] {logging_mixin.py:188} INFO - [2024-02-14T09:31:12.048+0000] {dagbag.py:538} INFO - Filling up the DagBag from /home/codespace/.local/share/virtualenvs/airflow_sandbox-vp-HKq_L/lib/python3.10/site-packages/airflow/example_dags/example_time_delta_sensor_async.py
[2024-02-14T09:31:12.051+0000] {processor.py:840} INFO - DAG(s) 'example_time_delta_sensor_async' retrieved from /home/codespace/.local/share/virtualenvs/airflow_sandbox-vp-HKq_L/lib/python3.10/site-packages/airflow/example_dags/example_time_delta_sensor_async.py
[2024-02-14T09:31:12.063+0000] {logging_mixin.py:188} INFO - [2024-02-14T09:31:12.063+0000] {dag.py:3033} INFO - Sync 1 DAGs
[2024-02-14T09:31:12.071+0000] {logging_mixin.py:188} INFO - [2024-02-14T09:31:12.071+0000] {dag.py:3820} INFO - Setting next_dagrun for example_time_delta_sensor_async to None, run_after=None
[2024-02-14T09:31:12.118+0000] {processor.py:183} INFO - Processing /home/codespace/.local/share/virtualenvs/airflow_sandbox-vp-HKq_L/lib/python3.10/site-packages/airflow/example_dags/example_time_delta_sensor_async.py took 0.074 seconds
[2024-02-14T09:31:46.813+0000] {processor.py:161} INFO - Started process (PID=17119) to work on /home/codespace/.local/share/virtualenvs/airflow_sandbox-vp-HKq_L/lib/python3.10/site-packages/airflow/example_dags/example_time_delta_sensor_async.py
[2024-02-14T09:31:46.814+0000] {processor.py:830} INFO - Processing file /home/codespace/.local/share/virtualenvs/airflow_sandbox-vp-HKq_L/lib/python3.10/site-packages/airflow/example_dags/example_time_delta_sensor_async.py for tasks to queue
[2024-02-14T09:31:46.814+0000] {logging_mixin.py:188} INFO - [2024-02-14T09:31:46.814+0000] {dagbag.py:538} INFO - Filling up the DagBag from /home/codespace/.local/share/virtualenvs/airflow_sandbox-vp-HKq_L/lib/python3.10/site-packages/airflow/example_dags/example_time_delta_sensor_async.py
[2024-02-14T09:31:46.819+0000] {processor.py:840} INFO - DAG(s) 'example_time_delta_sensor_async' retrieved from /home/codespace/.local/share/virtualenvs/airflow_sandbox-vp-HKq_L/lib/python3.10/site-packages/airflow/example_dags/example_time_delta_sensor_async.py
[2024-02-14T09:31:46.836+0000] {logging_mixin.py:188} INFO - [2024-02-14T09:31:46.836+0000] {dag.py:3033} INFO - Sync 1 DAGs
[2024-02-14T09:31:46.849+0000] {logging_mixin.py:188} INFO - [2024-02-14T09:31:46.849+0000] {dag.py:3820} INFO - Setting next_dagrun for example_time_delta_sensor_async to None, run_after=None
[2024-02-14T09:31:46.893+0000] {processor.py:183} INFO - Processing /home/codespace/.local/share/virtualenvs/airflow_sandbox-vp-HKq_L/lib/python3.10/site-packages/airflow/example_dags/example_time_delta_sensor_async.py took 0.083 seconds
[2024-02-14T09:32:23.333+0000] {processor.py:161} INFO - Started process (PID=17380) to work on /home/codespace/.local/share/virtualenvs/airflow_sandbox-vp-HKq_L/lib/python3.10/site-packages/airflow/example_dags/example_time_delta_sensor_async.py
[2024-02-14T09:32:23.334+0000] {processor.py:830} INFO - Processing file /home/codespace/.local/share/virtualenvs/airflow_sandbox-vp-HKq_L/lib/python3.10/site-packages/airflow/example_dags/example_time_delta_sensor_async.py for tasks to queue
[2024-02-14T09:32:23.335+0000] {logging_mixin.py:188} INFO - [2024-02-14T09:32:23.335+0000] {dagbag.py:538} INFO - Filling up the DagBag from /home/codespace/.local/share/virtualenvs/airflow_sandbox-vp-HKq_L/lib/python3.10/site-packages/airflow/example_dags/example_time_delta_sensor_async.py
[2024-02-14T09:32:23.338+0000] {processor.py:840} INFO - DAG(s) 'example_time_delta_sensor_async' retrieved from /home/codespace/.local/share/virtualenvs/airflow_sandbox-vp-HKq_L/lib/python3.10/site-packages/airflow/example_dags/example_time_delta_sensor_async.py
[2024-02-14T09:32:23.350+0000] {logging_mixin.py:188} INFO - [2024-02-14T09:32:23.350+0000] {dag.py:3033} INFO - Sync 1 DAGs
[2024-02-14T09:32:23.359+0000] {logging_mixin.py:188} INFO - [2024-02-14T09:32:23.359+0000] {dag.py:3820} INFO - Setting next_dagrun for example_time_delta_sensor_async to None, run_after=None
[2024-02-14T09:32:23.401+0000] {processor.py:183} INFO - Processing /home/codespace/.local/share/virtualenvs/airflow_sandbox-vp-HKq_L/lib/python3.10/site-packages/airflow/example_dags/example_time_delta_sensor_async.py took 0.070 seconds
[2024-02-14T09:32:59.049+0000] {processor.py:161} INFO - Started process (PID=17646) to work on /home/codespace/.local/share/virtualenvs/airflow_sandbox-vp-HKq_L/lib/python3.10/site-packages/airflow/example_dags/example_time_delta_sensor_async.py
[2024-02-14T09:32:59.049+0000] {processor.py:830} INFO - Processing file /home/codespace/.local/share/virtualenvs/airflow_sandbox-vp-HKq_L/lib/python3.10/site-packages/airflow/example_dags/example_time_delta_sensor_async.py for tasks to queue
[2024-02-14T09:32:59.050+0000] {logging_mixin.py:188} INFO - [2024-02-14T09:32:59.050+0000] {dagbag.py:538} INFO - Filling up the DagBag from /home/codespace/.local/share/virtualenvs/airflow_sandbox-vp-HKq_L/lib/python3.10/site-packages/airflow/example_dags/example_time_delta_sensor_async.py
[2024-02-14T09:32:59.054+0000] {processor.py:840} INFO - DAG(s) 'example_time_delta_sensor_async' retrieved from /home/codespace/.local/share/virtualenvs/airflow_sandbox-vp-HKq_L/lib/python3.10/site-packages/airflow/example_dags/example_time_delta_sensor_async.py
[2024-02-14T09:32:59.066+0000] {logging_mixin.py:188} INFO - [2024-02-14T09:32:59.066+0000] {dag.py:3033} INFO - Sync 1 DAGs
[2024-02-14T09:32:59.076+0000] {logging_mixin.py:188} INFO - [2024-02-14T09:32:59.075+0000] {dag.py:3820} INFO - Setting next_dagrun for example_time_delta_sensor_async to None, run_after=None
[2024-02-14T09:32:59.121+0000] {processor.py:183} INFO - Processing /home/codespace/.local/share/virtualenvs/airflow_sandbox-vp-HKq_L/lib/python3.10/site-packages/airflow/example_dags/example_time_delta_sensor_async.py took 0.074 seconds
[2024-02-14T09:33:33.414+0000] {processor.py:161} INFO - Started process (PID=17902) to work on /home/codespace/.local/share/virtualenvs/airflow_sandbox-vp-HKq_L/lib/python3.10/site-packages/airflow/example_dags/example_time_delta_sensor_async.py
[2024-02-14T09:33:33.415+0000] {processor.py:830} INFO - Processing file /home/codespace/.local/share/virtualenvs/airflow_sandbox-vp-HKq_L/lib/python3.10/site-packages/airflow/example_dags/example_time_delta_sensor_async.py for tasks to queue
[2024-02-14T09:33:33.415+0000] {logging_mixin.py:188} INFO - [2024-02-14T09:33:33.415+0000] {dagbag.py:538} INFO - Filling up the DagBag from /home/codespace/.local/share/virtualenvs/airflow_sandbox-vp-HKq_L/lib/python3.10/site-packages/airflow/example_dags/example_time_delta_sensor_async.py
[2024-02-14T09:33:33.419+0000] {processor.py:840} INFO - DAG(s) 'example_time_delta_sensor_async' retrieved from /home/codespace/.local/share/virtualenvs/airflow_sandbox-vp-HKq_L/lib/python3.10/site-packages/airflow/example_dags/example_time_delta_sensor_async.py
[2024-02-14T09:33:33.431+0000] {logging_mixin.py:188} INFO - [2024-02-14T09:33:33.431+0000] {dag.py:3033} INFO - Sync 1 DAGs
[2024-02-14T09:33:33.441+0000] {logging_mixin.py:188} INFO - [2024-02-14T09:33:33.441+0000] {dag.py:3820} INFO - Setting next_dagrun for example_time_delta_sensor_async to None, run_after=None
[2024-02-14T09:33:33.490+0000] {processor.py:183} INFO - Processing /home/codespace/.local/share/virtualenvs/airflow_sandbox-vp-HKq_L/lib/python3.10/site-packages/airflow/example_dags/example_time_delta_sensor_async.py took 0.078 seconds
[2024-02-14T09:34:07.787+0000] {processor.py:161} INFO - Started process (PID=18142) to work on /home/codespace/.local/share/virtualenvs/airflow_sandbox-vp-HKq_L/lib/python3.10/site-packages/airflow/example_dags/example_time_delta_sensor_async.py
[2024-02-14T09:34:07.787+0000] {processor.py:830} INFO - Processing file /home/codespace/.local/share/virtualenvs/airflow_sandbox-vp-HKq_L/lib/python3.10/site-packages/airflow/example_dags/example_time_delta_sensor_async.py for tasks to queue
[2024-02-14T09:34:07.788+0000] {logging_mixin.py:188} INFO - [2024-02-14T09:34:07.788+0000] {dagbag.py:538} INFO - Filling up the DagBag from /home/codespace/.local/share/virtualenvs/airflow_sandbox-vp-HKq_L/lib/python3.10/site-packages/airflow/example_dags/example_time_delta_sensor_async.py
[2024-02-14T09:34:07.792+0000] {processor.py:840} INFO - DAG(s) 'example_time_delta_sensor_async' retrieved from /home/codespace/.local/share/virtualenvs/airflow_sandbox-vp-HKq_L/lib/python3.10/site-packages/airflow/example_dags/example_time_delta_sensor_async.py
[2024-02-14T09:34:07.805+0000] {logging_mixin.py:188} INFO - [2024-02-14T09:34:07.805+0000] {dag.py:3033} INFO - Sync 1 DAGs
[2024-02-14T09:34:07.815+0000] {logging_mixin.py:188} INFO - [2024-02-14T09:34:07.815+0000] {dag.py:3820} INFO - Setting next_dagrun for example_time_delta_sensor_async to None, run_after=None
[2024-02-14T09:34:07.858+0000] {processor.py:183} INFO - Processing /home/codespace/.local/share/virtualenvs/airflow_sandbox-vp-HKq_L/lib/python3.10/site-packages/airflow/example_dags/example_time_delta_sensor_async.py took 0.073 seconds
[2024-02-14T09:34:44.316+0000] {processor.py:161} INFO - Started process (PID=18522) to work on /home/codespace/.local/share/virtualenvs/airflow_sandbox-vp-HKq_L/lib/python3.10/site-packages/airflow/example_dags/example_time_delta_sensor_async.py
[2024-02-14T09:34:44.317+0000] {processor.py:830} INFO - Processing file /home/codespace/.local/share/virtualenvs/airflow_sandbox-vp-HKq_L/lib/python3.10/site-packages/airflow/example_dags/example_time_delta_sensor_async.py for tasks to queue
[2024-02-14T09:34:44.318+0000] {logging_mixin.py:188} INFO - [2024-02-14T09:34:44.318+0000] {dagbag.py:538} INFO - Filling up the DagBag from /home/codespace/.local/share/virtualenvs/airflow_sandbox-vp-HKq_L/lib/python3.10/site-packages/airflow/example_dags/example_time_delta_sensor_async.py
[2024-02-14T09:34:44.323+0000] {processor.py:840} INFO - DAG(s) 'example_time_delta_sensor_async' retrieved from /home/codespace/.local/share/virtualenvs/airflow_sandbox-vp-HKq_L/lib/python3.10/site-packages/airflow/example_dags/example_time_delta_sensor_async.py
[2024-02-14T09:34:44.340+0000] {logging_mixin.py:188} INFO - [2024-02-14T09:34:44.340+0000] {dag.py:3033} INFO - Sync 1 DAGs
[2024-02-14T09:34:44.351+0000] {logging_mixin.py:188} INFO - [2024-02-14T09:34:44.351+0000] {dag.py:3820} INFO - Setting next_dagrun for example_time_delta_sensor_async to None, run_after=None
[2024-02-14T09:34:44.394+0000] {processor.py:183} INFO - Processing /home/codespace/.local/share/virtualenvs/airflow_sandbox-vp-HKq_L/lib/python3.10/site-packages/airflow/example_dags/example_time_delta_sensor_async.py took 0.081 seconds
