[2024-02-14T09:08:04.723+0000] {processor.py:161} INFO - Started process (PID=4751) to work on /home/codespace/.local/share/virtualenvs/airflow_sandbox-vp-HKq_L/lib/python3.10/site-packages/airflow/example_dags/example_sensor_decorator.py
[2024-02-14T09:08:04.724+0000] {processor.py:830} INFO - Processing file /home/codespace/.local/share/virtualenvs/airflow_sandbox-vp-HKq_L/lib/python3.10/site-packages/airflow/example_dags/example_sensor_decorator.py for tasks to queue
[2024-02-14T09:08:04.725+0000] {logging_mixin.py:188} INFO - [2024-02-14T09:08:04.724+0000] {dagbag.py:538} INFO - Filling up the DagBag from /home/codespace/.local/share/virtualenvs/airflow_sandbox-vp-HKq_L/lib/python3.10/site-packages/airflow/example_dags/example_sensor_decorator.py
[2024-02-14T09:08:04.730+0000] {processor.py:840} INFO - DAG(s) 'example_sensor_decorator' retrieved from /home/codespace/.local/share/virtualenvs/airflow_sandbox-vp-HKq_L/lib/python3.10/site-packages/airflow/example_dags/example_sensor_decorator.py
[2024-02-14T09:08:04.741+0000] {logging_mixin.py:188} INFO - [2024-02-14T09:08:04.741+0000] {dag.py:3033} INFO - Sync 1 DAGs
[2024-02-14T09:08:04.750+0000] {logging_mixin.py:188} INFO - [2024-02-14T09:08:04.749+0000] {dag.py:3820} INFO - Setting next_dagrun for example_sensor_decorator to None, run_after=None
[2024-02-14T09:08:04.792+0000] {processor.py:183} INFO - Processing /home/codespace/.local/share/virtualenvs/airflow_sandbox-vp-HKq_L/lib/python3.10/site-packages/airflow/example_dags/example_sensor_decorator.py took 0.071 seconds
[2024-02-14T09:08:54.253+0000] {processor.py:161} INFO - Started process (PID=5426) to work on /home/codespace/.local/share/virtualenvs/airflow_sandbox-vp-HKq_L/lib/python3.10/site-packages/airflow/example_dags/example_sensor_decorator.py
[2024-02-14T09:08:54.253+0000] {processor.py:830} INFO - Processing file /home/codespace/.local/share/virtualenvs/airflow_sandbox-vp-HKq_L/lib/python3.10/site-packages/airflow/example_dags/example_sensor_decorator.py for tasks to queue
[2024-02-14T09:08:54.254+0000] {logging_mixin.py:188} INFO - [2024-02-14T09:08:54.254+0000] {dagbag.py:538} INFO - Filling up the DagBag from /home/codespace/.local/share/virtualenvs/airflow_sandbox-vp-HKq_L/lib/python3.10/site-packages/airflow/example_dags/example_sensor_decorator.py
[2024-02-14T09:08:54.259+0000] {processor.py:840} INFO - DAG(s) 'example_sensor_decorator' retrieved from /home/codespace/.local/share/virtualenvs/airflow_sandbox-vp-HKq_L/lib/python3.10/site-packages/airflow/example_dags/example_sensor_decorator.py
[2024-02-14T09:08:54.271+0000] {logging_mixin.py:188} INFO - [2024-02-14T09:08:54.270+0000] {dag.py:3033} INFO - Sync 1 DAGs
[2024-02-14T09:08:54.279+0000] {logging_mixin.py:188} INFO - [2024-02-14T09:08:54.279+0000] {dag.py:3820} INFO - Setting next_dagrun for example_sensor_decorator to None, run_after=None
[2024-02-14T09:08:54.334+0000] {processor.py:183} INFO - Processing /home/codespace/.local/share/virtualenvs/airflow_sandbox-vp-HKq_L/lib/python3.10/site-packages/airflow/example_dags/example_sensor_decorator.py took 0.084 seconds
[2024-02-14T09:09:48.672+0000] {processor.py:161} INFO - Started process (PID=6233) to work on /home/codespace/.local/share/virtualenvs/airflow_sandbox-vp-HKq_L/lib/python3.10/site-packages/airflow/example_dags/example_sensor_decorator.py
[2024-02-14T09:09:48.673+0000] {processor.py:830} INFO - Processing file /home/codespace/.local/share/virtualenvs/airflow_sandbox-vp-HKq_L/lib/python3.10/site-packages/airflow/example_dags/example_sensor_decorator.py for tasks to queue
[2024-02-14T09:09:48.673+0000] {logging_mixin.py:188} INFO - [2024-02-14T09:09:48.673+0000] {dagbag.py:538} INFO - Filling up the DagBag from /home/codespace/.local/share/virtualenvs/airflow_sandbox-vp-HKq_L/lib/python3.10/site-packages/airflow/example_dags/example_sensor_decorator.py
[2024-02-14T09:09:48.678+0000] {processor.py:840} INFO - DAG(s) 'example_sensor_decorator' retrieved from /home/codespace/.local/share/virtualenvs/airflow_sandbox-vp-HKq_L/lib/python3.10/site-packages/airflow/example_dags/example_sensor_decorator.py
[2024-02-14T09:09:48.690+0000] {logging_mixin.py:188} INFO - [2024-02-14T09:09:48.690+0000] {dag.py:3033} INFO - Sync 1 DAGs
[2024-02-14T09:09:48.714+0000] {logging_mixin.py:188} INFO - [2024-02-14T09:09:48.714+0000] {dag.py:3820} INFO - Setting next_dagrun for example_sensor_decorator to None, run_after=None
[2024-02-14T09:09:48.762+0000] {processor.py:183} INFO - Processing /home/codespace/.local/share/virtualenvs/airflow_sandbox-vp-HKq_L/lib/python3.10/site-packages/airflow/example_dags/example_sensor_decorator.py took 0.093 seconds
[2024-02-14T09:10:46.693+0000] {processor.py:161} INFO - Started process (PID=6886) to work on /home/codespace/.local/share/virtualenvs/airflow_sandbox-vp-HKq_L/lib/python3.10/site-packages/airflow/example_dags/example_sensor_decorator.py
[2024-02-14T09:10:46.694+0000] {processor.py:830} INFO - Processing file /home/codespace/.local/share/virtualenvs/airflow_sandbox-vp-HKq_L/lib/python3.10/site-packages/airflow/example_dags/example_sensor_decorator.py for tasks to queue
[2024-02-14T09:10:46.695+0000] {logging_mixin.py:188} INFO - [2024-02-14T09:10:46.694+0000] {dagbag.py:538} INFO - Filling up the DagBag from /home/codespace/.local/share/virtualenvs/airflow_sandbox-vp-HKq_L/lib/python3.10/site-packages/airflow/example_dags/example_sensor_decorator.py
[2024-02-14T09:10:46.700+0000] {processor.py:840} INFO - DAG(s) 'example_sensor_decorator' retrieved from /home/codespace/.local/share/virtualenvs/airflow_sandbox-vp-HKq_L/lib/python3.10/site-packages/airflow/example_dags/example_sensor_decorator.py
[2024-02-14T09:10:46.711+0000] {logging_mixin.py:188} INFO - [2024-02-14T09:10:46.711+0000] {dag.py:3033} INFO - Sync 1 DAGs
[2024-02-14T09:10:46.721+0000] {logging_mixin.py:188} INFO - [2024-02-14T09:10:46.720+0000] {dag.py:3820} INFO - Setting next_dagrun for example_sensor_decorator to None, run_after=None
[2024-02-14T09:10:46.760+0000] {processor.py:183} INFO - Processing /home/codespace/.local/share/virtualenvs/airflow_sandbox-vp-HKq_L/lib/python3.10/site-packages/airflow/example_dags/example_sensor_decorator.py took 0.070 seconds
[2024-02-14T09:11:40.538+0000] {processor.py:161} INFO - Started process (PID=7611) to work on /home/codespace/.local/share/virtualenvs/airflow_sandbox-vp-HKq_L/lib/python3.10/site-packages/airflow/example_dags/example_sensor_decorator.py
[2024-02-14T09:11:40.538+0000] {processor.py:830} INFO - Processing file /home/codespace/.local/share/virtualenvs/airflow_sandbox-vp-HKq_L/lib/python3.10/site-packages/airflow/example_dags/example_sensor_decorator.py for tasks to queue
[2024-02-14T09:11:40.539+0000] {logging_mixin.py:188} INFO - [2024-02-14T09:11:40.539+0000] {dagbag.py:538} INFO - Filling up the DagBag from /home/codespace/.local/share/virtualenvs/airflow_sandbox-vp-HKq_L/lib/python3.10/site-packages/airflow/example_dags/example_sensor_decorator.py
[2024-02-14T09:11:40.544+0000] {processor.py:840} INFO - DAG(s) 'example_sensor_decorator' retrieved from /home/codespace/.local/share/virtualenvs/airflow_sandbox-vp-HKq_L/lib/python3.10/site-packages/airflow/example_dags/example_sensor_decorator.py
[2024-02-14T09:11:40.555+0000] {logging_mixin.py:188} INFO - [2024-02-14T09:11:40.555+0000] {dag.py:3033} INFO - Sync 1 DAGs
[2024-02-14T09:11:40.563+0000] {logging_mixin.py:188} INFO - [2024-02-14T09:11:40.563+0000] {dag.py:3820} INFO - Setting next_dagrun for example_sensor_decorator to None, run_after=None
[2024-02-14T09:11:40.607+0000] {processor.py:183} INFO - Processing /home/codespace/.local/share/virtualenvs/airflow_sandbox-vp-HKq_L/lib/python3.10/site-packages/airflow/example_dags/example_sensor_decorator.py took 0.071 seconds
[2024-02-14T09:12:34.404+0000] {processor.py:161} INFO - Started process (PID=8150) to work on /home/codespace/.local/share/virtualenvs/airflow_sandbox-vp-HKq_L/lib/python3.10/site-packages/airflow/example_dags/example_sensor_decorator.py
[2024-02-14T09:12:34.405+0000] {processor.py:830} INFO - Processing file /home/codespace/.local/share/virtualenvs/airflow_sandbox-vp-HKq_L/lib/python3.10/site-packages/airflow/example_dags/example_sensor_decorator.py for tasks to queue
[2024-02-14T09:12:34.406+0000] {logging_mixin.py:188} INFO - [2024-02-14T09:12:34.405+0000] {dagbag.py:538} INFO - Filling up the DagBag from /home/codespace/.local/share/virtualenvs/airflow_sandbox-vp-HKq_L/lib/python3.10/site-packages/airflow/example_dags/example_sensor_decorator.py
[2024-02-14T09:12:34.411+0000] {processor.py:840} INFO - DAG(s) 'example_sensor_decorator' retrieved from /home/codespace/.local/share/virtualenvs/airflow_sandbox-vp-HKq_L/lib/python3.10/site-packages/airflow/example_dags/example_sensor_decorator.py
[2024-02-14T09:12:34.423+0000] {logging_mixin.py:188} INFO - [2024-02-14T09:12:34.422+0000] {dag.py:3033} INFO - Sync 1 DAGs
[2024-02-14T09:12:34.431+0000] {logging_mixin.py:188} INFO - [2024-02-14T09:12:34.431+0000] {dag.py:3820} INFO - Setting next_dagrun for example_sensor_decorator to None, run_after=None
[2024-02-14T09:12:34.472+0000] {processor.py:183} INFO - Processing /home/codespace/.local/share/virtualenvs/airflow_sandbox-vp-HKq_L/lib/python3.10/site-packages/airflow/example_dags/example_sensor_decorator.py took 0.070 seconds
[2024-02-14T09:13:30.532+0000] {processor.py:161} INFO - Started process (PID=8620) to work on /home/codespace/.local/share/virtualenvs/airflow_sandbox-vp-HKq_L/lib/python3.10/site-packages/airflow/example_dags/example_sensor_decorator.py
[2024-02-14T09:13:30.533+0000] {processor.py:830} INFO - Processing file /home/codespace/.local/share/virtualenvs/airflow_sandbox-vp-HKq_L/lib/python3.10/site-packages/airflow/example_dags/example_sensor_decorator.py for tasks to queue
[2024-02-14T09:13:30.533+0000] {logging_mixin.py:188} INFO - [2024-02-14T09:13:30.533+0000] {dagbag.py:538} INFO - Filling up the DagBag from /home/codespace/.local/share/virtualenvs/airflow_sandbox-vp-HKq_L/lib/python3.10/site-packages/airflow/example_dags/example_sensor_decorator.py
[2024-02-14T09:13:30.538+0000] {processor.py:840} INFO - DAG(s) 'example_sensor_decorator' retrieved from /home/codespace/.local/share/virtualenvs/airflow_sandbox-vp-HKq_L/lib/python3.10/site-packages/airflow/example_dags/example_sensor_decorator.py
[2024-02-14T09:13:30.551+0000] {logging_mixin.py:188} INFO - [2024-02-14T09:13:30.550+0000] {dag.py:3033} INFO - Sync 1 DAGs
[2024-02-14T09:13:30.559+0000] {logging_mixin.py:188} INFO - [2024-02-14T09:13:30.559+0000] {dag.py:3820} INFO - Setting next_dagrun for example_sensor_decorator to None, run_after=None
[2024-02-14T09:13:30.600+0000] {processor.py:183} INFO - Processing /home/codespace/.local/share/virtualenvs/airflow_sandbox-vp-HKq_L/lib/python3.10/site-packages/airflow/example_dags/example_sensor_decorator.py took 0.071 seconds
[2024-02-14T09:14:23.593+0000] {processor.py:161} INFO - Started process (PID=9052) to work on /home/codespace/.local/share/virtualenvs/airflow_sandbox-vp-HKq_L/lib/python3.10/site-packages/airflow/example_dags/example_sensor_decorator.py
[2024-02-14T09:14:23.594+0000] {processor.py:830} INFO - Processing file /home/codespace/.local/share/virtualenvs/airflow_sandbox-vp-HKq_L/lib/python3.10/site-packages/airflow/example_dags/example_sensor_decorator.py for tasks to queue
[2024-02-14T09:14:23.594+0000] {logging_mixin.py:188} INFO - [2024-02-14T09:14:23.594+0000] {dagbag.py:538} INFO - Filling up the DagBag from /home/codespace/.local/share/virtualenvs/airflow_sandbox-vp-HKq_L/lib/python3.10/site-packages/airflow/example_dags/example_sensor_decorator.py
[2024-02-14T09:14:23.599+0000] {processor.py:840} INFO - DAG(s) 'example_sensor_decorator' retrieved from /home/codespace/.local/share/virtualenvs/airflow_sandbox-vp-HKq_L/lib/python3.10/site-packages/airflow/example_dags/example_sensor_decorator.py
[2024-02-14T09:14:23.611+0000] {logging_mixin.py:188} INFO - [2024-02-14T09:14:23.610+0000] {dag.py:3033} INFO - Sync 1 DAGs
[2024-02-14T09:14:23.619+0000] {logging_mixin.py:188} INFO - [2024-02-14T09:14:23.619+0000] {dag.py:3820} INFO - Setting next_dagrun for example_sensor_decorator to None, run_after=None
[2024-02-14T09:14:23.662+0000] {processor.py:183} INFO - Processing /home/codespace/.local/share/virtualenvs/airflow_sandbox-vp-HKq_L/lib/python3.10/site-packages/airflow/example_dags/example_sensor_decorator.py took 0.072 seconds
[2024-02-14T09:15:15.229+0000] {processor.py:161} INFO - Started process (PID=9418) to work on /home/codespace/.local/share/virtualenvs/airflow_sandbox-vp-HKq_L/lib/python3.10/site-packages/airflow/example_dags/example_sensor_decorator.py
[2024-02-14T09:15:15.230+0000] {processor.py:830} INFO - Processing file /home/codespace/.local/share/virtualenvs/airflow_sandbox-vp-HKq_L/lib/python3.10/site-packages/airflow/example_dags/example_sensor_decorator.py for tasks to queue
[2024-02-14T09:15:15.230+0000] {logging_mixin.py:188} INFO - [2024-02-14T09:15:15.230+0000] {dagbag.py:538} INFO - Filling up the DagBag from /home/codespace/.local/share/virtualenvs/airflow_sandbox-vp-HKq_L/lib/python3.10/site-packages/airflow/example_dags/example_sensor_decorator.py
[2024-02-14T09:15:15.235+0000] {processor.py:840} INFO - DAG(s) 'example_sensor_decorator' retrieved from /home/codespace/.local/share/virtualenvs/airflow_sandbox-vp-HKq_L/lib/python3.10/site-packages/airflow/example_dags/example_sensor_decorator.py
[2024-02-14T09:15:15.247+0000] {logging_mixin.py:188} INFO - [2024-02-14T09:15:15.247+0000] {dag.py:3033} INFO - Sync 1 DAGs
[2024-02-14T09:15:15.256+0000] {logging_mixin.py:188} INFO - [2024-02-14T09:15:15.256+0000] {dag.py:3820} INFO - Setting next_dagrun for example_sensor_decorator to None, run_after=None
[2024-02-14T09:15:15.303+0000] {processor.py:183} INFO - Processing /home/codespace/.local/share/virtualenvs/airflow_sandbox-vp-HKq_L/lib/python3.10/site-packages/airflow/example_dags/example_sensor_decorator.py took 0.076 seconds
[2024-02-14T09:16:05.236+0000] {processor.py:161} INFO - Started process (PID=9764) to work on /home/codespace/.local/share/virtualenvs/airflow_sandbox-vp-HKq_L/lib/python3.10/site-packages/airflow/example_dags/example_sensor_decorator.py
[2024-02-14T09:16:05.236+0000] {processor.py:830} INFO - Processing file /home/codespace/.local/share/virtualenvs/airflow_sandbox-vp-HKq_L/lib/python3.10/site-packages/airflow/example_dags/example_sensor_decorator.py for tasks to queue
[2024-02-14T09:16:05.237+0000] {logging_mixin.py:188} INFO - [2024-02-14T09:16:05.237+0000] {dagbag.py:538} INFO - Filling up the DagBag from /home/codespace/.local/share/virtualenvs/airflow_sandbox-vp-HKq_L/lib/python3.10/site-packages/airflow/example_dags/example_sensor_decorator.py
[2024-02-14T09:16:05.242+0000] {processor.py:840} INFO - DAG(s) 'example_sensor_decorator' retrieved from /home/codespace/.local/share/virtualenvs/airflow_sandbox-vp-HKq_L/lib/python3.10/site-packages/airflow/example_dags/example_sensor_decorator.py
[2024-02-14T09:16:05.254+0000] {logging_mixin.py:188} INFO - [2024-02-14T09:16:05.254+0000] {dag.py:3033} INFO - Sync 1 DAGs
[2024-02-14T09:16:05.263+0000] {logging_mixin.py:188} INFO - [2024-02-14T09:16:05.263+0000] {dag.py:3820} INFO - Setting next_dagrun for example_sensor_decorator to None, run_after=None
[2024-02-14T09:16:05.310+0000] {processor.py:183} INFO - Processing /home/codespace/.local/share/virtualenvs/airflow_sandbox-vp-HKq_L/lib/python3.10/site-packages/airflow/example_dags/example_sensor_decorator.py took 0.077 seconds
[2024-02-14T09:17:00.800+0000] {processor.py:161} INFO - Started process (PID=10154) to work on /home/codespace/.local/share/virtualenvs/airflow_sandbox-vp-HKq_L/lib/python3.10/site-packages/airflow/example_dags/example_sensor_decorator.py
[2024-02-14T09:17:00.800+0000] {processor.py:830} INFO - Processing file /home/codespace/.local/share/virtualenvs/airflow_sandbox-vp-HKq_L/lib/python3.10/site-packages/airflow/example_dags/example_sensor_decorator.py for tasks to queue
[2024-02-14T09:17:00.801+0000] {logging_mixin.py:188} INFO - [2024-02-14T09:17:00.801+0000] {dagbag.py:538} INFO - Filling up the DagBag from /home/codespace/.local/share/virtualenvs/airflow_sandbox-vp-HKq_L/lib/python3.10/site-packages/airflow/example_dags/example_sensor_decorator.py
[2024-02-14T09:17:00.806+0000] {processor.py:840} INFO - DAG(s) 'example_sensor_decorator' retrieved from /home/codespace/.local/share/virtualenvs/airflow_sandbox-vp-HKq_L/lib/python3.10/site-packages/airflow/example_dags/example_sensor_decorator.py
[2024-02-14T09:17:00.817+0000] {logging_mixin.py:188} INFO - [2024-02-14T09:17:00.817+0000] {dag.py:3033} INFO - Sync 1 DAGs
[2024-02-14T09:17:00.826+0000] {logging_mixin.py:188} INFO - [2024-02-14T09:17:00.826+0000] {dag.py:3820} INFO - Setting next_dagrun for example_sensor_decorator to None, run_after=None
[2024-02-14T09:17:00.871+0000] {processor.py:183} INFO - Processing /home/codespace/.local/share/virtualenvs/airflow_sandbox-vp-HKq_L/lib/python3.10/site-packages/airflow/example_dags/example_sensor_decorator.py took 0.073 seconds
[2024-02-14T09:17:52.045+0000] {processor.py:161} INFO - Started process (PID=10555) to work on /home/codespace/.local/share/virtualenvs/airflow_sandbox-vp-HKq_L/lib/python3.10/site-packages/airflow/example_dags/example_sensor_decorator.py
[2024-02-14T09:17:52.045+0000] {processor.py:830} INFO - Processing file /home/codespace/.local/share/virtualenvs/airflow_sandbox-vp-HKq_L/lib/python3.10/site-packages/airflow/example_dags/example_sensor_decorator.py for tasks to queue
[2024-02-14T09:17:52.046+0000] {logging_mixin.py:188} INFO - [2024-02-14T09:17:52.046+0000] {dagbag.py:538} INFO - Filling up the DagBag from /home/codespace/.local/share/virtualenvs/airflow_sandbox-vp-HKq_L/lib/python3.10/site-packages/airflow/example_dags/example_sensor_decorator.py
[2024-02-14T09:17:52.051+0000] {processor.py:840} INFO - DAG(s) 'example_sensor_decorator' retrieved from /home/codespace/.local/share/virtualenvs/airflow_sandbox-vp-HKq_L/lib/python3.10/site-packages/airflow/example_dags/example_sensor_decorator.py
[2024-02-14T09:17:52.067+0000] {logging_mixin.py:188} INFO - [2024-02-14T09:17:52.067+0000] {dag.py:3033} INFO - Sync 1 DAGs
[2024-02-14T09:17:52.086+0000] {logging_mixin.py:188} INFO - [2024-02-14T09:17:52.086+0000] {dag.py:3820} INFO - Setting next_dagrun for example_sensor_decorator to None, run_after=None
[2024-02-14T09:17:52.133+0000] {processor.py:183} INFO - Processing /home/codespace/.local/share/virtualenvs/airflow_sandbox-vp-HKq_L/lib/python3.10/site-packages/airflow/example_dags/example_sensor_decorator.py took 0.090 seconds
[2024-02-14T09:18:45.211+0000] {processor.py:161} INFO - Started process (PID=10952) to work on /home/codespace/.local/share/virtualenvs/airflow_sandbox-vp-HKq_L/lib/python3.10/site-packages/airflow/example_dags/example_sensor_decorator.py
[2024-02-14T09:18:45.212+0000] {processor.py:830} INFO - Processing file /home/codespace/.local/share/virtualenvs/airflow_sandbox-vp-HKq_L/lib/python3.10/site-packages/airflow/example_dags/example_sensor_decorator.py for tasks to queue
[2024-02-14T09:18:45.213+0000] {logging_mixin.py:188} INFO - [2024-02-14T09:18:45.212+0000] {dagbag.py:538} INFO - Filling up the DagBag from /home/codespace/.local/share/virtualenvs/airflow_sandbox-vp-HKq_L/lib/python3.10/site-packages/airflow/example_dags/example_sensor_decorator.py
[2024-02-14T09:18:45.218+0000] {processor.py:840} INFO - DAG(s) 'example_sensor_decorator' retrieved from /home/codespace/.local/share/virtualenvs/airflow_sandbox-vp-HKq_L/lib/python3.10/site-packages/airflow/example_dags/example_sensor_decorator.py
[2024-02-14T09:18:45.233+0000] {logging_mixin.py:188} INFO - [2024-02-14T09:18:45.233+0000] {dag.py:3033} INFO - Sync 1 DAGs
[2024-02-14T09:18:45.247+0000] {logging_mixin.py:188} INFO - [2024-02-14T09:18:45.246+0000] {dag.py:3820} INFO - Setting next_dagrun for example_sensor_decorator to None, run_after=None
[2024-02-14T09:18:45.294+0000] {processor.py:183} INFO - Processing /home/codespace/.local/share/virtualenvs/airflow_sandbox-vp-HKq_L/lib/python3.10/site-packages/airflow/example_dags/example_sensor_decorator.py took 0.085 seconds
[2024-02-14T09:19:39.690+0000] {processor.py:161} INFO - Started process (PID=11327) to work on /home/codespace/.local/share/virtualenvs/airflow_sandbox-vp-HKq_L/lib/python3.10/site-packages/airflow/example_dags/example_sensor_decorator.py
[2024-02-14T09:19:39.691+0000] {processor.py:830} INFO - Processing file /home/codespace/.local/share/virtualenvs/airflow_sandbox-vp-HKq_L/lib/python3.10/site-packages/airflow/example_dags/example_sensor_decorator.py for tasks to queue
[2024-02-14T09:19:39.692+0000] {logging_mixin.py:188} INFO - [2024-02-14T09:19:39.691+0000] {dagbag.py:538} INFO - Filling up the DagBag from /home/codespace/.local/share/virtualenvs/airflow_sandbox-vp-HKq_L/lib/python3.10/site-packages/airflow/example_dags/example_sensor_decorator.py
[2024-02-14T09:19:39.697+0000] {processor.py:840} INFO - DAG(s) 'example_sensor_decorator' retrieved from /home/codespace/.local/share/virtualenvs/airflow_sandbox-vp-HKq_L/lib/python3.10/site-packages/airflow/example_dags/example_sensor_decorator.py
[2024-02-14T09:19:39.709+0000] {logging_mixin.py:188} INFO - [2024-02-14T09:19:39.709+0000] {dag.py:3033} INFO - Sync 1 DAGs
[2024-02-14T09:19:39.719+0000] {logging_mixin.py:188} INFO - [2024-02-14T09:19:39.719+0000] {dag.py:3820} INFO - Setting next_dagrun for example_sensor_decorator to None, run_after=None
[2024-02-14T09:19:39.762+0000] {processor.py:183} INFO - Processing /home/codespace/.local/share/virtualenvs/airflow_sandbox-vp-HKq_L/lib/python3.10/site-packages/airflow/example_dags/example_sensor_decorator.py took 0.075 seconds
[2024-02-14T09:20:33.319+0000] {processor.py:161} INFO - Started process (PID=12190) to work on /home/codespace/.local/share/virtualenvs/airflow_sandbox-vp-HKq_L/lib/python3.10/site-packages/airflow/example_dags/example_sensor_decorator.py
[2024-02-14T09:20:33.319+0000] {processor.py:830} INFO - Processing file /home/codespace/.local/share/virtualenvs/airflow_sandbox-vp-HKq_L/lib/python3.10/site-packages/airflow/example_dags/example_sensor_decorator.py for tasks to queue
[2024-02-14T09:20:33.320+0000] {logging_mixin.py:188} INFO - [2024-02-14T09:20:33.320+0000] {dagbag.py:538} INFO - Filling up the DagBag from /home/codespace/.local/share/virtualenvs/airflow_sandbox-vp-HKq_L/lib/python3.10/site-packages/airflow/example_dags/example_sensor_decorator.py
[2024-02-14T09:20:33.325+0000] {processor.py:840} INFO - DAG(s) 'example_sensor_decorator' retrieved from /home/codespace/.local/share/virtualenvs/airflow_sandbox-vp-HKq_L/lib/python3.10/site-packages/airflow/example_dags/example_sensor_decorator.py
[2024-02-14T09:20:33.335+0000] {logging_mixin.py:188} INFO - [2024-02-14T09:20:33.335+0000] {dag.py:3033} INFO - Sync 1 DAGs
[2024-02-14T09:20:33.344+0000] {logging_mixin.py:188} INFO - [2024-02-14T09:20:33.344+0000] {dag.py:3820} INFO - Setting next_dagrun for example_sensor_decorator to None, run_after=None
[2024-02-14T09:20:33.391+0000] {processor.py:183} INFO - Processing /home/codespace/.local/share/virtualenvs/airflow_sandbox-vp-HKq_L/lib/python3.10/site-packages/airflow/example_dags/example_sensor_decorator.py took 0.075 seconds
[2024-02-14T09:21:24.231+0000] {processor.py:161} INFO - Started process (PID=12567) to work on /home/codespace/.local/share/virtualenvs/airflow_sandbox-vp-HKq_L/lib/python3.10/site-packages/airflow/example_dags/example_sensor_decorator.py
[2024-02-14T09:21:24.231+0000] {processor.py:830} INFO - Processing file /home/codespace/.local/share/virtualenvs/airflow_sandbox-vp-HKq_L/lib/python3.10/site-packages/airflow/example_dags/example_sensor_decorator.py for tasks to queue
[2024-02-14T09:21:24.232+0000] {logging_mixin.py:188} INFO - [2024-02-14T09:21:24.232+0000] {dagbag.py:538} INFO - Filling up the DagBag from /home/codespace/.local/share/virtualenvs/airflow_sandbox-vp-HKq_L/lib/python3.10/site-packages/airflow/example_dags/example_sensor_decorator.py
[2024-02-14T09:21:24.237+0000] {processor.py:840} INFO - DAG(s) 'example_sensor_decorator' retrieved from /home/codespace/.local/share/virtualenvs/airflow_sandbox-vp-HKq_L/lib/python3.10/site-packages/airflow/example_dags/example_sensor_decorator.py
[2024-02-14T09:21:24.249+0000] {logging_mixin.py:188} INFO - [2024-02-14T09:21:24.249+0000] {dag.py:3033} INFO - Sync 1 DAGs
[2024-02-14T09:21:24.259+0000] {logging_mixin.py:188} INFO - [2024-02-14T09:21:24.258+0000] {dag.py:3820} INFO - Setting next_dagrun for example_sensor_decorator to None, run_after=None
[2024-02-14T09:21:24.304+0000] {processor.py:183} INFO - Processing /home/codespace/.local/share/virtualenvs/airflow_sandbox-vp-HKq_L/lib/python3.10/site-packages/airflow/example_dags/example_sensor_decorator.py took 0.076 seconds
[2024-02-14T09:22:20.791+0000] {processor.py:161} INFO - Started process (PID=12975) to work on /home/codespace/.local/share/virtualenvs/airflow_sandbox-vp-HKq_L/lib/python3.10/site-packages/airflow/example_dags/example_sensor_decorator.py
[2024-02-14T09:22:20.792+0000] {processor.py:830} INFO - Processing file /home/codespace/.local/share/virtualenvs/airflow_sandbox-vp-HKq_L/lib/python3.10/site-packages/airflow/example_dags/example_sensor_decorator.py for tasks to queue
[2024-02-14T09:22:20.792+0000] {logging_mixin.py:188} INFO - [2024-02-14T09:22:20.792+0000] {dagbag.py:538} INFO - Filling up the DagBag from /home/codespace/.local/share/virtualenvs/airflow_sandbox-vp-HKq_L/lib/python3.10/site-packages/airflow/example_dags/example_sensor_decorator.py
[2024-02-14T09:22:20.797+0000] {processor.py:840} INFO - DAG(s) 'example_sensor_decorator' retrieved from /home/codespace/.local/share/virtualenvs/airflow_sandbox-vp-HKq_L/lib/python3.10/site-packages/airflow/example_dags/example_sensor_decorator.py
[2024-02-14T09:22:20.809+0000] {logging_mixin.py:188} INFO - [2024-02-14T09:22:20.809+0000] {dag.py:3033} INFO - Sync 1 DAGs
[2024-02-14T09:22:20.817+0000] {logging_mixin.py:188} INFO - [2024-02-14T09:22:20.817+0000] {dag.py:3820} INFO - Setting next_dagrun for example_sensor_decorator to None, run_after=None
[2024-02-14T09:22:20.859+0000] {processor.py:183} INFO - Processing /home/codespace/.local/share/virtualenvs/airflow_sandbox-vp-HKq_L/lib/python3.10/site-packages/airflow/example_dags/example_sensor_decorator.py took 0.071 seconds
[2024-02-14T09:23:18.229+0000] {processor.py:161} INFO - Started process (PID=13393) to work on /home/codespace/.local/share/virtualenvs/airflow_sandbox-vp-HKq_L/lib/python3.10/site-packages/airflow/example_dags/example_sensor_decorator.py
[2024-02-14T09:23:18.230+0000] {processor.py:830} INFO - Processing file /home/codespace/.local/share/virtualenvs/airflow_sandbox-vp-HKq_L/lib/python3.10/site-packages/airflow/example_dags/example_sensor_decorator.py for tasks to queue
[2024-02-14T09:23:18.231+0000] {logging_mixin.py:188} INFO - [2024-02-14T09:23:18.231+0000] {dagbag.py:538} INFO - Filling up the DagBag from /home/codespace/.local/share/virtualenvs/airflow_sandbox-vp-HKq_L/lib/python3.10/site-packages/airflow/example_dags/example_sensor_decorator.py
[2024-02-14T09:23:18.236+0000] {processor.py:840} INFO - DAG(s) 'example_sensor_decorator' retrieved from /home/codespace/.local/share/virtualenvs/airflow_sandbox-vp-HKq_L/lib/python3.10/site-packages/airflow/example_dags/example_sensor_decorator.py
[2024-02-14T09:23:18.247+0000] {logging_mixin.py:188} INFO - [2024-02-14T09:23:18.246+0000] {dag.py:3033} INFO - Sync 1 DAGs
[2024-02-14T09:23:18.255+0000] {logging_mixin.py:188} INFO - [2024-02-14T09:23:18.255+0000] {dag.py:3820} INFO - Setting next_dagrun for example_sensor_decorator to None, run_after=None
[2024-02-14T09:23:18.296+0000] {processor.py:183} INFO - Processing /home/codespace/.local/share/virtualenvs/airflow_sandbox-vp-HKq_L/lib/python3.10/site-packages/airflow/example_dags/example_sensor_decorator.py took 0.068 seconds
[2024-02-14T09:24:16.278+0000] {processor.py:161} INFO - Started process (PID=13800) to work on /home/codespace/.local/share/virtualenvs/airflow_sandbox-vp-HKq_L/lib/python3.10/site-packages/airflow/example_dags/example_sensor_decorator.py
[2024-02-14T09:24:16.280+0000] {processor.py:830} INFO - Processing file /home/codespace/.local/share/virtualenvs/airflow_sandbox-vp-HKq_L/lib/python3.10/site-packages/airflow/example_dags/example_sensor_decorator.py for tasks to queue
[2024-02-14T09:24:16.281+0000] {logging_mixin.py:188} INFO - [2024-02-14T09:24:16.280+0000] {dagbag.py:538} INFO - Filling up the DagBag from /home/codespace/.local/share/virtualenvs/airflow_sandbox-vp-HKq_L/lib/python3.10/site-packages/airflow/example_dags/example_sensor_decorator.py
[2024-02-14T09:24:16.289+0000] {processor.py:840} INFO - DAG(s) 'example_sensor_decorator' retrieved from /home/codespace/.local/share/virtualenvs/airflow_sandbox-vp-HKq_L/lib/python3.10/site-packages/airflow/example_dags/example_sensor_decorator.py
[2024-02-14T09:24:16.305+0000] {logging_mixin.py:188} INFO - [2024-02-14T09:24:16.305+0000] {dag.py:3033} INFO - Sync 1 DAGs
[2024-02-14T09:24:16.319+0000] {logging_mixin.py:188} INFO - [2024-02-14T09:24:16.318+0000] {dag.py:3820} INFO - Setting next_dagrun for example_sensor_decorator to None, run_after=None
[2024-02-14T09:24:16.365+0000] {processor.py:183} INFO - Processing /home/codespace/.local/share/virtualenvs/airflow_sandbox-vp-HKq_L/lib/python3.10/site-packages/airflow/example_dags/example_sensor_decorator.py took 0.091 seconds
[2024-02-14T09:25:10.454+0000] {processor.py:161} INFO - Started process (PID=14166) to work on /home/codespace/.local/share/virtualenvs/airflow_sandbox-vp-HKq_L/lib/python3.10/site-packages/airflow/example_dags/example_sensor_decorator.py
[2024-02-14T09:25:10.455+0000] {processor.py:830} INFO - Processing file /home/codespace/.local/share/virtualenvs/airflow_sandbox-vp-HKq_L/lib/python3.10/site-packages/airflow/example_dags/example_sensor_decorator.py for tasks to queue
[2024-02-14T09:25:10.456+0000] {logging_mixin.py:188} INFO - [2024-02-14T09:25:10.455+0000] {dagbag.py:538} INFO - Filling up the DagBag from /home/codespace/.local/share/virtualenvs/airflow_sandbox-vp-HKq_L/lib/python3.10/site-packages/airflow/example_dags/example_sensor_decorator.py
[2024-02-14T09:25:10.461+0000] {processor.py:840} INFO - DAG(s) 'example_sensor_decorator' retrieved from /home/codespace/.local/share/virtualenvs/airflow_sandbox-vp-HKq_L/lib/python3.10/site-packages/airflow/example_dags/example_sensor_decorator.py
[2024-02-14T09:25:10.473+0000] {logging_mixin.py:188} INFO - [2024-02-14T09:25:10.473+0000] {dag.py:3033} INFO - Sync 1 DAGs
[2024-02-14T09:25:10.481+0000] {logging_mixin.py:188} INFO - [2024-02-14T09:25:10.481+0000] {dag.py:3820} INFO - Setting next_dagrun for example_sensor_decorator to None, run_after=None
[2024-02-14T09:25:10.529+0000] {processor.py:183} INFO - Processing /home/codespace/.local/share/virtualenvs/airflow_sandbox-vp-HKq_L/lib/python3.10/site-packages/airflow/example_dags/example_sensor_decorator.py took 0.076 seconds
[2024-02-14T09:26:03.696+0000] {processor.py:161} INFO - Started process (PID=14547) to work on /home/codespace/.local/share/virtualenvs/airflow_sandbox-vp-HKq_L/lib/python3.10/site-packages/airflow/example_dags/example_sensor_decorator.py
[2024-02-14T09:26:03.696+0000] {processor.py:830} INFO - Processing file /home/codespace/.local/share/virtualenvs/airflow_sandbox-vp-HKq_L/lib/python3.10/site-packages/airflow/example_dags/example_sensor_decorator.py for tasks to queue
[2024-02-14T09:26:03.697+0000] {logging_mixin.py:188} INFO - [2024-02-14T09:26:03.697+0000] {dagbag.py:538} INFO - Filling up the DagBag from /home/codespace/.local/share/virtualenvs/airflow_sandbox-vp-HKq_L/lib/python3.10/site-packages/airflow/example_dags/example_sensor_decorator.py
[2024-02-14T09:26:03.702+0000] {processor.py:840} INFO - DAG(s) 'example_sensor_decorator' retrieved from /home/codespace/.local/share/virtualenvs/airflow_sandbox-vp-HKq_L/lib/python3.10/site-packages/airflow/example_dags/example_sensor_decorator.py
[2024-02-14T09:26:03.714+0000] {logging_mixin.py:188} INFO - [2024-02-14T09:26:03.714+0000] {dag.py:3033} INFO - Sync 1 DAGs
[2024-02-14T09:26:03.723+0000] {logging_mixin.py:188} INFO - [2024-02-14T09:26:03.723+0000] {dag.py:3820} INFO - Setting next_dagrun for example_sensor_decorator to None, run_after=None
[2024-02-14T09:26:03.764+0000] {processor.py:183} INFO - Processing /home/codespace/.local/share/virtualenvs/airflow_sandbox-vp-HKq_L/lib/python3.10/site-packages/airflow/example_dags/example_sensor_decorator.py took 0.071 seconds
[2024-02-14T09:26:56.754+0000] {processor.py:161} INFO - Started process (PID=14911) to work on /home/codespace/.local/share/virtualenvs/airflow_sandbox-vp-HKq_L/lib/python3.10/site-packages/airflow/example_dags/example_sensor_decorator.py
[2024-02-14T09:26:56.755+0000] {processor.py:830} INFO - Processing file /home/codespace/.local/share/virtualenvs/airflow_sandbox-vp-HKq_L/lib/python3.10/site-packages/airflow/example_dags/example_sensor_decorator.py for tasks to queue
[2024-02-14T09:26:56.755+0000] {logging_mixin.py:188} INFO - [2024-02-14T09:26:56.755+0000] {dagbag.py:538} INFO - Filling up the DagBag from /home/codespace/.local/share/virtualenvs/airflow_sandbox-vp-HKq_L/lib/python3.10/site-packages/airflow/example_dags/example_sensor_decorator.py
[2024-02-14T09:26:56.760+0000] {processor.py:840} INFO - DAG(s) 'example_sensor_decorator' retrieved from /home/codespace/.local/share/virtualenvs/airflow_sandbox-vp-HKq_L/lib/python3.10/site-packages/airflow/example_dags/example_sensor_decorator.py
[2024-02-14T09:26:56.771+0000] {logging_mixin.py:188} INFO - [2024-02-14T09:26:56.771+0000] {dag.py:3033} INFO - Sync 1 DAGs
[2024-02-14T09:26:56.779+0000] {logging_mixin.py:188} INFO - [2024-02-14T09:26:56.779+0000] {dag.py:3820} INFO - Setting next_dagrun for example_sensor_decorator to None, run_after=None
[2024-02-14T09:26:56.821+0000] {processor.py:183} INFO - Processing /home/codespace/.local/share/virtualenvs/airflow_sandbox-vp-HKq_L/lib/python3.10/site-packages/airflow/example_dags/example_sensor_decorator.py took 0.070 seconds
[2024-02-14T09:27:53.426+0000] {processor.py:161} INFO - Started process (PID=15317) to work on /home/codespace/.local/share/virtualenvs/airflow_sandbox-vp-HKq_L/lib/python3.10/site-packages/airflow/example_dags/example_sensor_decorator.py
[2024-02-14T09:27:53.427+0000] {processor.py:830} INFO - Processing file /home/codespace/.local/share/virtualenvs/airflow_sandbox-vp-HKq_L/lib/python3.10/site-packages/airflow/example_dags/example_sensor_decorator.py for tasks to queue
[2024-02-14T09:27:53.427+0000] {logging_mixin.py:188} INFO - [2024-02-14T09:27:53.427+0000] {dagbag.py:538} INFO - Filling up the DagBag from /home/codespace/.local/share/virtualenvs/airflow_sandbox-vp-HKq_L/lib/python3.10/site-packages/airflow/example_dags/example_sensor_decorator.py
[2024-02-14T09:27:53.432+0000] {processor.py:840} INFO - DAG(s) 'example_sensor_decorator' retrieved from /home/codespace/.local/share/virtualenvs/airflow_sandbox-vp-HKq_L/lib/python3.10/site-packages/airflow/example_dags/example_sensor_decorator.py
[2024-02-14T09:27:53.444+0000] {logging_mixin.py:188} INFO - [2024-02-14T09:27:53.444+0000] {dag.py:3033} INFO - Sync 1 DAGs
[2024-02-14T09:27:53.453+0000] {logging_mixin.py:188} INFO - [2024-02-14T09:27:53.453+0000] {dag.py:3820} INFO - Setting next_dagrun for example_sensor_decorator to None, run_after=None
[2024-02-14T09:27:53.497+0000] {processor.py:183} INFO - Processing /home/codespace/.local/share/virtualenvs/airflow_sandbox-vp-HKq_L/lib/python3.10/site-packages/airflow/example_dags/example_sensor_decorator.py took 0.073 seconds
[2024-02-14T09:28:45.870+0000] {processor.py:161} INFO - Started process (PID=15800) to work on /home/codespace/.local/share/virtualenvs/airflow_sandbox-vp-HKq_L/lib/python3.10/site-packages/airflow/example_dags/example_sensor_decorator.py
[2024-02-14T09:28:45.871+0000] {processor.py:830} INFO - Processing file /home/codespace/.local/share/virtualenvs/airflow_sandbox-vp-HKq_L/lib/python3.10/site-packages/airflow/example_dags/example_sensor_decorator.py for tasks to queue
[2024-02-14T09:28:45.872+0000] {logging_mixin.py:188} INFO - [2024-02-14T09:28:45.872+0000] {dagbag.py:538} INFO - Filling up the DagBag from /home/codespace/.local/share/virtualenvs/airflow_sandbox-vp-HKq_L/lib/python3.10/site-packages/airflow/example_dags/example_sensor_decorator.py
[2024-02-14T09:28:45.878+0000] {processor.py:840} INFO - DAG(s) 'example_sensor_decorator' retrieved from /home/codespace/.local/share/virtualenvs/airflow_sandbox-vp-HKq_L/lib/python3.10/site-packages/airflow/example_dags/example_sensor_decorator.py
[2024-02-14T09:28:45.893+0000] {logging_mixin.py:188} INFO - [2024-02-14T09:28:45.893+0000] {dag.py:3033} INFO - Sync 1 DAGs
[2024-02-14T09:28:45.907+0000] {logging_mixin.py:188} INFO - [2024-02-14T09:28:45.907+0000] {dag.py:3820} INFO - Setting next_dagrun for example_sensor_decorator to None, run_after=None
[2024-02-14T09:28:45.954+0000] {processor.py:183} INFO - Processing /home/codespace/.local/share/virtualenvs/airflow_sandbox-vp-HKq_L/lib/python3.10/site-packages/airflow/example_dags/example_sensor_decorator.py took 0.086 seconds
[2024-02-14T09:29:40.323+0000] {processor.py:161} INFO - Started process (PID=16231) to work on /home/codespace/.local/share/virtualenvs/airflow_sandbox-vp-HKq_L/lib/python3.10/site-packages/airflow/example_dags/example_sensor_decorator.py
[2024-02-14T09:29:40.324+0000] {processor.py:830} INFO - Processing file /home/codespace/.local/share/virtualenvs/airflow_sandbox-vp-HKq_L/lib/python3.10/site-packages/airflow/example_dags/example_sensor_decorator.py for tasks to queue
[2024-02-14T09:29:40.325+0000] {logging_mixin.py:188} INFO - [2024-02-14T09:29:40.325+0000] {dagbag.py:538} INFO - Filling up the DagBag from /home/codespace/.local/share/virtualenvs/airflow_sandbox-vp-HKq_L/lib/python3.10/site-packages/airflow/example_dags/example_sensor_decorator.py
[2024-02-14T09:29:40.330+0000] {processor.py:840} INFO - DAG(s) 'example_sensor_decorator' retrieved from /home/codespace/.local/share/virtualenvs/airflow_sandbox-vp-HKq_L/lib/python3.10/site-packages/airflow/example_dags/example_sensor_decorator.py
[2024-02-14T09:29:40.341+0000] {logging_mixin.py:188} INFO - [2024-02-14T09:29:40.341+0000] {dag.py:3033} INFO - Sync 1 DAGs
[2024-02-14T09:29:40.349+0000] {logging_mixin.py:188} INFO - [2024-02-14T09:29:40.349+0000] {dag.py:3820} INFO - Setting next_dagrun for example_sensor_decorator to None, run_after=None
[2024-02-14T09:29:40.391+0000] {processor.py:183} INFO - Processing /home/codespace/.local/share/virtualenvs/airflow_sandbox-vp-HKq_L/lib/python3.10/site-packages/airflow/example_dags/example_sensor_decorator.py took 0.070 seconds
[2024-02-14T09:30:31.902+0000] {processor.py:161} INFO - Started process (PID=16590) to work on /home/codespace/.local/share/virtualenvs/airflow_sandbox-vp-HKq_L/lib/python3.10/site-packages/airflow/example_dags/example_sensor_decorator.py
[2024-02-14T09:30:31.902+0000] {processor.py:830} INFO - Processing file /home/codespace/.local/share/virtualenvs/airflow_sandbox-vp-HKq_L/lib/python3.10/site-packages/airflow/example_dags/example_sensor_decorator.py for tasks to queue
[2024-02-14T09:30:31.903+0000] {logging_mixin.py:188} INFO - [2024-02-14T09:30:31.903+0000] {dagbag.py:538} INFO - Filling up the DagBag from /home/codespace/.local/share/virtualenvs/airflow_sandbox-vp-HKq_L/lib/python3.10/site-packages/airflow/example_dags/example_sensor_decorator.py
[2024-02-14T09:30:31.908+0000] {processor.py:840} INFO - DAG(s) 'example_sensor_decorator' retrieved from /home/codespace/.local/share/virtualenvs/airflow_sandbox-vp-HKq_L/lib/python3.10/site-packages/airflow/example_dags/example_sensor_decorator.py
[2024-02-14T09:30:31.920+0000] {logging_mixin.py:188} INFO - [2024-02-14T09:30:31.920+0000] {dag.py:3033} INFO - Sync 1 DAGs
[2024-02-14T09:30:31.929+0000] {logging_mixin.py:188} INFO - [2024-02-14T09:30:31.929+0000] {dag.py:3820} INFO - Setting next_dagrun for example_sensor_decorator to None, run_after=None
[2024-02-14T09:30:31.976+0000] {processor.py:183} INFO - Processing /home/codespace/.local/share/virtualenvs/airflow_sandbox-vp-HKq_L/lib/python3.10/site-packages/airflow/example_dags/example_sensor_decorator.py took 0.077 seconds
[2024-02-14T09:31:22.890+0000] {processor.py:161} INFO - Started process (PID=16960) to work on /home/codespace/.local/share/virtualenvs/airflow_sandbox-vp-HKq_L/lib/python3.10/site-packages/airflow/example_dags/example_sensor_decorator.py
[2024-02-14T09:31:22.891+0000] {processor.py:830} INFO - Processing file /home/codespace/.local/share/virtualenvs/airflow_sandbox-vp-HKq_L/lib/python3.10/site-packages/airflow/example_dags/example_sensor_decorator.py for tasks to queue
[2024-02-14T09:31:22.891+0000] {logging_mixin.py:188} INFO - [2024-02-14T09:31:22.891+0000] {dagbag.py:538} INFO - Filling up the DagBag from /home/codespace/.local/share/virtualenvs/airflow_sandbox-vp-HKq_L/lib/python3.10/site-packages/airflow/example_dags/example_sensor_decorator.py
[2024-02-14T09:31:22.896+0000] {processor.py:840} INFO - DAG(s) 'example_sensor_decorator' retrieved from /home/codespace/.local/share/virtualenvs/airflow_sandbox-vp-HKq_L/lib/python3.10/site-packages/airflow/example_dags/example_sensor_decorator.py
[2024-02-14T09:31:22.910+0000] {logging_mixin.py:188} INFO - [2024-02-14T09:31:22.910+0000] {dag.py:3033} INFO - Sync 1 DAGs
[2024-02-14T09:31:22.919+0000] {logging_mixin.py:188} INFO - [2024-02-14T09:31:22.919+0000] {dag.py:3820} INFO - Setting next_dagrun for example_sensor_decorator to None, run_after=None
[2024-02-14T09:31:22.960+0000] {processor.py:183} INFO - Processing /home/codespace/.local/share/virtualenvs/airflow_sandbox-vp-HKq_L/lib/python3.10/site-packages/airflow/example_dags/example_sensor_decorator.py took 0.072 seconds
[2024-02-14T09:32:17.183+0000] {processor.py:161} INFO - Started process (PID=17332) to work on /home/codespace/.local/share/virtualenvs/airflow_sandbox-vp-HKq_L/lib/python3.10/site-packages/airflow/example_dags/example_sensor_decorator.py
[2024-02-14T09:32:17.184+0000] {processor.py:830} INFO - Processing file /home/codespace/.local/share/virtualenvs/airflow_sandbox-vp-HKq_L/lib/python3.10/site-packages/airflow/example_dags/example_sensor_decorator.py for tasks to queue
[2024-02-14T09:32:17.185+0000] {logging_mixin.py:188} INFO - [2024-02-14T09:32:17.184+0000] {dagbag.py:538} INFO - Filling up the DagBag from /home/codespace/.local/share/virtualenvs/airflow_sandbox-vp-HKq_L/lib/python3.10/site-packages/airflow/example_dags/example_sensor_decorator.py
[2024-02-14T09:32:17.189+0000] {processor.py:840} INFO - DAG(s) 'example_sensor_decorator' retrieved from /home/codespace/.local/share/virtualenvs/airflow_sandbox-vp-HKq_L/lib/python3.10/site-packages/airflow/example_dags/example_sensor_decorator.py
[2024-02-14T09:32:17.200+0000] {logging_mixin.py:188} INFO - [2024-02-14T09:32:17.200+0000] {dag.py:3033} INFO - Sync 1 DAGs
[2024-02-14T09:32:17.209+0000] {logging_mixin.py:188} INFO - [2024-02-14T09:32:17.209+0000] {dag.py:3820} INFO - Setting next_dagrun for example_sensor_decorator to None, run_after=None
[2024-02-14T09:32:17.252+0000] {processor.py:183} INFO - Processing /home/codespace/.local/share/virtualenvs/airflow_sandbox-vp-HKq_L/lib/python3.10/site-packages/airflow/example_dags/example_sensor_decorator.py took 0.071 seconds
[2024-02-14T09:33:09.297+0000] {processor.py:161} INFO - Started process (PID=17717) to work on /home/codespace/.local/share/virtualenvs/airflow_sandbox-vp-HKq_L/lib/python3.10/site-packages/airflow/example_dags/example_sensor_decorator.py
[2024-02-14T09:33:09.298+0000] {processor.py:830} INFO - Processing file /home/codespace/.local/share/virtualenvs/airflow_sandbox-vp-HKq_L/lib/python3.10/site-packages/airflow/example_dags/example_sensor_decorator.py for tasks to queue
[2024-02-14T09:33:09.298+0000] {logging_mixin.py:188} INFO - [2024-02-14T09:33:09.298+0000] {dagbag.py:538} INFO - Filling up the DagBag from /home/codespace/.local/share/virtualenvs/airflow_sandbox-vp-HKq_L/lib/python3.10/site-packages/airflow/example_dags/example_sensor_decorator.py
[2024-02-14T09:33:09.303+0000] {processor.py:840} INFO - DAG(s) 'example_sensor_decorator' retrieved from /home/codespace/.local/share/virtualenvs/airflow_sandbox-vp-HKq_L/lib/python3.10/site-packages/airflow/example_dags/example_sensor_decorator.py
[2024-02-14T09:33:09.316+0000] {logging_mixin.py:188} INFO - [2024-02-14T09:33:09.316+0000] {dag.py:3033} INFO - Sync 1 DAGs
[2024-02-14T09:33:09.326+0000] {logging_mixin.py:188} INFO - [2024-02-14T09:33:09.326+0000] {dag.py:3820} INFO - Setting next_dagrun for example_sensor_decorator to None, run_after=None
[2024-02-14T09:33:09.367+0000] {processor.py:183} INFO - Processing /home/codespace/.local/share/virtualenvs/airflow_sandbox-vp-HKq_L/lib/python3.10/site-packages/airflow/example_dags/example_sensor_decorator.py took 0.073 seconds
[2024-02-14T09:34:02.621+0000] {processor.py:161} INFO - Started process (PID=18112) to work on /home/codespace/.local/share/virtualenvs/airflow_sandbox-vp-HKq_L/lib/python3.10/site-packages/airflow/example_dags/example_sensor_decorator.py
[2024-02-14T09:34:02.622+0000] {processor.py:830} INFO - Processing file /home/codespace/.local/share/virtualenvs/airflow_sandbox-vp-HKq_L/lib/python3.10/site-packages/airflow/example_dags/example_sensor_decorator.py for tasks to queue
[2024-02-14T09:34:02.622+0000] {logging_mixin.py:188} INFO - [2024-02-14T09:34:02.622+0000] {dagbag.py:538} INFO - Filling up the DagBag from /home/codespace/.local/share/virtualenvs/airflow_sandbox-vp-HKq_L/lib/python3.10/site-packages/airflow/example_dags/example_sensor_decorator.py
[2024-02-14T09:34:02.628+0000] {processor.py:840} INFO - DAG(s) 'example_sensor_decorator' retrieved from /home/codespace/.local/share/virtualenvs/airflow_sandbox-vp-HKq_L/lib/python3.10/site-packages/airflow/example_dags/example_sensor_decorator.py
[2024-02-14T09:34:02.643+0000] {logging_mixin.py:188} INFO - [2024-02-14T09:34:02.643+0000] {dag.py:3033} INFO - Sync 1 DAGs
[2024-02-14T09:34:02.659+0000] {logging_mixin.py:188} INFO - [2024-02-14T09:34:02.659+0000] {dag.py:3820} INFO - Setting next_dagrun for example_sensor_decorator to None, run_after=None
[2024-02-14T09:34:02.704+0000] {processor.py:183} INFO - Processing /home/codespace/.local/share/virtualenvs/airflow_sandbox-vp-HKq_L/lib/python3.10/site-packages/airflow/example_dags/example_sensor_decorator.py took 0.086 seconds
