[2024-02-14T09:07:54.288+0000] {processor.py:161} INFO - Started process (PID=4674) to work on /home/codespace/.local/share/virtualenvs/airflow_sandbox-vp-HKq_L/lib/python3.10/site-packages/airflow/example_dags/example_dynamic_task_mapping.py
[2024-02-14T09:07:54.289+0000] {processor.py:830} INFO - Processing file /home/codespace/.local/share/virtualenvs/airflow_sandbox-vp-HKq_L/lib/python3.10/site-packages/airflow/example_dags/example_dynamic_task_mapping.py for tasks to queue
[2024-02-14T09:07:54.289+0000] {logging_mixin.py:188} INFO - [2024-02-14T09:07:54.289+0000] {dagbag.py:538} INFO - Filling up the DagBag from /home/codespace/.local/share/virtualenvs/airflow_sandbox-vp-HKq_L/lib/python3.10/site-packages/airflow/example_dags/example_dynamic_task_mapping.py
[2024-02-14T09:07:54.296+0000] {processor.py:840} INFO - DAG(s) 'example_dynamic_task_mapping' retrieved from /home/codespace/.local/share/virtualenvs/airflow_sandbox-vp-HKq_L/lib/python3.10/site-packages/airflow/example_dags/example_dynamic_task_mapping.py
[2024-02-14T09:07:54.314+0000] {logging_mixin.py:188} INFO - [2024-02-14T09:07:54.314+0000] {dag.py:3033} INFO - Sync 1 DAGs
[2024-02-14T09:07:54.338+0000] {logging_mixin.py:188} INFO - [2024-02-14T09:07:54.338+0000] {dag.py:3820} INFO - Setting next_dagrun for example_dynamic_task_mapping to 2022-03-04T00:00:00+00:00, run_after=2022-03-05T00:00:00+00:00
[2024-02-14T09:07:54.383+0000] {processor.py:183} INFO - Processing /home/codespace/.local/share/virtualenvs/airflow_sandbox-vp-HKq_L/lib/python3.10/site-packages/airflow/example_dags/example_dynamic_task_mapping.py took 0.098 seconds
[2024-02-14T09:08:43.631+0000] {processor.py:161} INFO - Started process (PID=5282) to work on /home/codespace/.local/share/virtualenvs/airflow_sandbox-vp-HKq_L/lib/python3.10/site-packages/airflow/example_dags/example_dynamic_task_mapping.py
[2024-02-14T09:08:43.632+0000] {processor.py:830} INFO - Processing file /home/codespace/.local/share/virtualenvs/airflow_sandbox-vp-HKq_L/lib/python3.10/site-packages/airflow/example_dags/example_dynamic_task_mapping.py for tasks to queue
[2024-02-14T09:08:43.633+0000] {logging_mixin.py:188} INFO - [2024-02-14T09:08:43.632+0000] {dagbag.py:538} INFO - Filling up the DagBag from /home/codespace/.local/share/virtualenvs/airflow_sandbox-vp-HKq_L/lib/python3.10/site-packages/airflow/example_dags/example_dynamic_task_mapping.py
[2024-02-14T09:08:43.640+0000] {processor.py:840} INFO - DAG(s) 'example_dynamic_task_mapping' retrieved from /home/codespace/.local/share/virtualenvs/airflow_sandbox-vp-HKq_L/lib/python3.10/site-packages/airflow/example_dags/example_dynamic_task_mapping.py
[2024-02-14T09:08:43.656+0000] {logging_mixin.py:188} INFO - [2024-02-14T09:08:43.656+0000] {dag.py:3033} INFO - Sync 1 DAGs
[2024-02-14T09:08:43.672+0000] {logging_mixin.py:188} INFO - [2024-02-14T09:08:43.672+0000] {dag.py:3820} INFO - Setting next_dagrun for example_dynamic_task_mapping to 2022-03-04T00:00:00+00:00, run_after=2022-03-05T00:00:00+00:00
[2024-02-14T09:08:43.714+0000] {processor.py:183} INFO - Processing /home/codespace/.local/share/virtualenvs/airflow_sandbox-vp-HKq_L/lib/python3.10/site-packages/airflow/example_dags/example_dynamic_task_mapping.py took 0.087 seconds
[2024-02-14T09:09:38.224+0000] {processor.py:161} INFO - Started process (PID=6090) to work on /home/codespace/.local/share/virtualenvs/airflow_sandbox-vp-HKq_L/lib/python3.10/site-packages/airflow/example_dags/example_dynamic_task_mapping.py
[2024-02-14T09:09:38.224+0000] {processor.py:830} INFO - Processing file /home/codespace/.local/share/virtualenvs/airflow_sandbox-vp-HKq_L/lib/python3.10/site-packages/airflow/example_dags/example_dynamic_task_mapping.py for tasks to queue
[2024-02-14T09:09:38.225+0000] {logging_mixin.py:188} INFO - [2024-02-14T09:09:38.225+0000] {dagbag.py:538} INFO - Filling up the DagBag from /home/codespace/.local/share/virtualenvs/airflow_sandbox-vp-HKq_L/lib/python3.10/site-packages/airflow/example_dags/example_dynamic_task_mapping.py
[2024-02-14T09:09:38.230+0000] {processor.py:840} INFO - DAG(s) 'example_dynamic_task_mapping' retrieved from /home/codespace/.local/share/virtualenvs/airflow_sandbox-vp-HKq_L/lib/python3.10/site-packages/airflow/example_dags/example_dynamic_task_mapping.py
[2024-02-14T09:09:38.242+0000] {logging_mixin.py:188} INFO - [2024-02-14T09:09:38.241+0000] {dag.py:3033} INFO - Sync 1 DAGs
[2024-02-14T09:09:38.257+0000] {logging_mixin.py:188} INFO - [2024-02-14T09:09:38.256+0000] {dag.py:3820} INFO - Setting next_dagrun for example_dynamic_task_mapping to 2022-03-04T00:00:00+00:00, run_after=2022-03-05T00:00:00+00:00
[2024-02-14T09:09:38.298+0000] {processor.py:183} INFO - Processing /home/codespace/.local/share/virtualenvs/airflow_sandbox-vp-HKq_L/lib/python3.10/site-packages/airflow/example_dags/example_dynamic_task_mapping.py took 0.077 seconds
[2024-02-14T09:10:23.677+0000] {processor.py:161} INFO - Started process (PID=6679) to work on /home/codespace/.local/share/virtualenvs/airflow_sandbox-vp-HKq_L/lib/python3.10/site-packages/airflow/example_dags/example_dynamic_task_mapping.py
[2024-02-14T09:10:23.678+0000] {processor.py:830} INFO - Processing file /home/codespace/.local/share/virtualenvs/airflow_sandbox-vp-HKq_L/lib/python3.10/site-packages/airflow/example_dags/example_dynamic_task_mapping.py for tasks to queue
[2024-02-14T09:10:23.679+0000] {logging_mixin.py:188} INFO - [2024-02-14T09:10:23.679+0000] {dagbag.py:538} INFO - Filling up the DagBag from /home/codespace/.local/share/virtualenvs/airflow_sandbox-vp-HKq_L/lib/python3.10/site-packages/airflow/example_dags/example_dynamic_task_mapping.py
[2024-02-14T09:10:23.685+0000] {processor.py:840} INFO - DAG(s) 'example_dynamic_task_mapping' retrieved from /home/codespace/.local/share/virtualenvs/airflow_sandbox-vp-HKq_L/lib/python3.10/site-packages/airflow/example_dags/example_dynamic_task_mapping.py
[2024-02-14T09:10:23.697+0000] {logging_mixin.py:188} INFO - [2024-02-14T09:10:23.697+0000] {dag.py:3033} INFO - Sync 1 DAGs
[2024-02-14T09:10:23.713+0000] {logging_mixin.py:188} INFO - [2024-02-14T09:10:23.713+0000] {dag.py:3820} INFO - Setting next_dagrun for example_dynamic_task_mapping to 2022-03-04T00:00:00+00:00, run_after=2022-03-05T00:00:00+00:00
[2024-02-14T09:10:23.760+0000] {processor.py:183} INFO - Processing /home/codespace/.local/share/virtualenvs/airflow_sandbox-vp-HKq_L/lib/python3.10/site-packages/airflow/example_dags/example_dynamic_task_mapping.py took 0.085 seconds
[2024-02-14T09:11:17.145+0000] {processor.py:161} INFO - Started process (PID=7317) to work on /home/codespace/.local/share/virtualenvs/airflow_sandbox-vp-HKq_L/lib/python3.10/site-packages/airflow/example_dags/example_dynamic_task_mapping.py
[2024-02-14T09:11:17.146+0000] {processor.py:830} INFO - Processing file /home/codespace/.local/share/virtualenvs/airflow_sandbox-vp-HKq_L/lib/python3.10/site-packages/airflow/example_dags/example_dynamic_task_mapping.py for tasks to queue
[2024-02-14T09:11:17.147+0000] {logging_mixin.py:188} INFO - [2024-02-14T09:11:17.147+0000] {dagbag.py:538} INFO - Filling up the DagBag from /home/codespace/.local/share/virtualenvs/airflow_sandbox-vp-HKq_L/lib/python3.10/site-packages/airflow/example_dags/example_dynamic_task_mapping.py
[2024-02-14T09:11:17.153+0000] {processor.py:840} INFO - DAG(s) 'example_dynamic_task_mapping' retrieved from /home/codespace/.local/share/virtualenvs/airflow_sandbox-vp-HKq_L/lib/python3.10/site-packages/airflow/example_dags/example_dynamic_task_mapping.py
[2024-02-14T09:11:17.165+0000] {logging_mixin.py:188} INFO - [2024-02-14T09:11:17.165+0000] {dag.py:3033} INFO - Sync 1 DAGs
[2024-02-14T09:11:17.181+0000] {logging_mixin.py:188} INFO - [2024-02-14T09:11:17.181+0000] {dag.py:3820} INFO - Setting next_dagrun for example_dynamic_task_mapping to 2022-03-04T00:00:00+00:00, run_after=2022-03-05T00:00:00+00:00
[2024-02-14T09:11:17.223+0000] {processor.py:183} INFO - Processing /home/codespace/.local/share/virtualenvs/airflow_sandbox-vp-HKq_L/lib/python3.10/site-packages/airflow/example_dags/example_dynamic_task_mapping.py took 0.081 seconds
[2024-02-14T09:12:13.964+0000] {processor.py:161} INFO - Started process (PID=7974) to work on /home/codespace/.local/share/virtualenvs/airflow_sandbox-vp-HKq_L/lib/python3.10/site-packages/airflow/example_dags/example_dynamic_task_mapping.py
[2024-02-14T09:12:13.965+0000] {processor.py:830} INFO - Processing file /home/codespace/.local/share/virtualenvs/airflow_sandbox-vp-HKq_L/lib/python3.10/site-packages/airflow/example_dags/example_dynamic_task_mapping.py for tasks to queue
[2024-02-14T09:12:13.965+0000] {logging_mixin.py:188} INFO - [2024-02-14T09:12:13.965+0000] {dagbag.py:538} INFO - Filling up the DagBag from /home/codespace/.local/share/virtualenvs/airflow_sandbox-vp-HKq_L/lib/python3.10/site-packages/airflow/example_dags/example_dynamic_task_mapping.py
[2024-02-14T09:12:13.971+0000] {processor.py:840} INFO - DAG(s) 'example_dynamic_task_mapping' retrieved from /home/codespace/.local/share/virtualenvs/airflow_sandbox-vp-HKq_L/lib/python3.10/site-packages/airflow/example_dags/example_dynamic_task_mapping.py
[2024-02-14T09:12:13.981+0000] {logging_mixin.py:188} INFO - [2024-02-14T09:12:13.981+0000] {dag.py:3033} INFO - Sync 1 DAGs
[2024-02-14T09:12:13.996+0000] {logging_mixin.py:188} INFO - [2024-02-14T09:12:13.996+0000] {dag.py:3820} INFO - Setting next_dagrun for example_dynamic_task_mapping to 2022-03-04T00:00:00+00:00, run_after=2022-03-05T00:00:00+00:00
[2024-02-14T09:12:14.038+0000] {processor.py:183} INFO - Processing /home/codespace/.local/share/virtualenvs/airflow_sandbox-vp-HKq_L/lib/python3.10/site-packages/airflow/example_dags/example_dynamic_task_mapping.py took 0.076 seconds
[2024-02-14T09:13:07.745+0000] {processor.py:161} INFO - Started process (PID=8443) to work on /home/codespace/.local/share/virtualenvs/airflow_sandbox-vp-HKq_L/lib/python3.10/site-packages/airflow/example_dags/example_dynamic_task_mapping.py
[2024-02-14T09:13:07.746+0000] {processor.py:830} INFO - Processing file /home/codespace/.local/share/virtualenvs/airflow_sandbox-vp-HKq_L/lib/python3.10/site-packages/airflow/example_dags/example_dynamic_task_mapping.py for tasks to queue
[2024-02-14T09:13:07.747+0000] {logging_mixin.py:188} INFO - [2024-02-14T09:13:07.747+0000] {dagbag.py:538} INFO - Filling up the DagBag from /home/codespace/.local/share/virtualenvs/airflow_sandbox-vp-HKq_L/lib/python3.10/site-packages/airflow/example_dags/example_dynamic_task_mapping.py
[2024-02-14T09:13:07.756+0000] {processor.py:840} INFO - DAG(s) 'example_dynamic_task_mapping' retrieved from /home/codespace/.local/share/virtualenvs/airflow_sandbox-vp-HKq_L/lib/python3.10/site-packages/airflow/example_dags/example_dynamic_task_mapping.py
[2024-02-14T09:13:07.773+0000] {logging_mixin.py:188} INFO - [2024-02-14T09:13:07.772+0000] {dag.py:3033} INFO - Sync 1 DAGs
[2024-02-14T09:13:07.792+0000] {logging_mixin.py:188} INFO - [2024-02-14T09:13:07.792+0000] {dag.py:3820} INFO - Setting next_dagrun for example_dynamic_task_mapping to 2022-03-04T00:00:00+00:00, run_after=2022-03-05T00:00:00+00:00
[2024-02-14T09:13:07.843+0000] {processor.py:183} INFO - Processing /home/codespace/.local/share/virtualenvs/airflow_sandbox-vp-HKq_L/lib/python3.10/site-packages/airflow/example_dags/example_dynamic_task_mapping.py took 0.102 seconds
[2024-02-14T09:13:59.302+0000] {processor.py:161} INFO - Started process (PID=8895) to work on /home/codespace/.local/share/virtualenvs/airflow_sandbox-vp-HKq_L/lib/python3.10/site-packages/airflow/example_dags/example_dynamic_task_mapping.py
[2024-02-14T09:13:59.303+0000] {processor.py:830} INFO - Processing file /home/codespace/.local/share/virtualenvs/airflow_sandbox-vp-HKq_L/lib/python3.10/site-packages/airflow/example_dags/example_dynamic_task_mapping.py for tasks to queue
[2024-02-14T09:13:59.304+0000] {logging_mixin.py:188} INFO - [2024-02-14T09:13:59.304+0000] {dagbag.py:538} INFO - Filling up the DagBag from /home/codespace/.local/share/virtualenvs/airflow_sandbox-vp-HKq_L/lib/python3.10/site-packages/airflow/example_dags/example_dynamic_task_mapping.py
[2024-02-14T09:13:59.312+0000] {processor.py:840} INFO - DAG(s) 'example_dynamic_task_mapping' retrieved from /home/codespace/.local/share/virtualenvs/airflow_sandbox-vp-HKq_L/lib/python3.10/site-packages/airflow/example_dags/example_dynamic_task_mapping.py
[2024-02-14T09:13:59.331+0000] {logging_mixin.py:188} INFO - [2024-02-14T09:13:59.331+0000] {dag.py:3033} INFO - Sync 1 DAGs
[2024-02-14T09:13:59.356+0000] {logging_mixin.py:188} INFO - [2024-02-14T09:13:59.356+0000] {dag.py:3820} INFO - Setting next_dagrun for example_dynamic_task_mapping to 2022-03-04T00:00:00+00:00, run_after=2022-03-05T00:00:00+00:00
[2024-02-14T09:13:59.399+0000] {processor.py:183} INFO - Processing /home/codespace/.local/share/virtualenvs/airflow_sandbox-vp-HKq_L/lib/python3.10/site-packages/airflow/example_dags/example_dynamic_task_mapping.py took 0.100 seconds
[2024-02-14T09:14:51.008+0000] {processor.py:161} INFO - Started process (PID=9255) to work on /home/codespace/.local/share/virtualenvs/airflow_sandbox-vp-HKq_L/lib/python3.10/site-packages/airflow/example_dags/example_dynamic_task_mapping.py
[2024-02-14T09:14:51.008+0000] {processor.py:830} INFO - Processing file /home/codespace/.local/share/virtualenvs/airflow_sandbox-vp-HKq_L/lib/python3.10/site-packages/airflow/example_dags/example_dynamic_task_mapping.py for tasks to queue
[2024-02-14T09:14:51.009+0000] {logging_mixin.py:188} INFO - [2024-02-14T09:14:51.009+0000] {dagbag.py:538} INFO - Filling up the DagBag from /home/codespace/.local/share/virtualenvs/airflow_sandbox-vp-HKq_L/lib/python3.10/site-packages/airflow/example_dags/example_dynamic_task_mapping.py
[2024-02-14T09:14:51.015+0000] {processor.py:840} INFO - DAG(s) 'example_dynamic_task_mapping' retrieved from /home/codespace/.local/share/virtualenvs/airflow_sandbox-vp-HKq_L/lib/python3.10/site-packages/airflow/example_dags/example_dynamic_task_mapping.py
[2024-02-14T09:14:51.026+0000] {logging_mixin.py:188} INFO - [2024-02-14T09:14:51.026+0000] {dag.py:3033} INFO - Sync 1 DAGs
[2024-02-14T09:14:51.042+0000] {logging_mixin.py:188} INFO - [2024-02-14T09:14:51.042+0000] {dag.py:3820} INFO - Setting next_dagrun for example_dynamic_task_mapping to 2022-03-04T00:00:00+00:00, run_after=2022-03-05T00:00:00+00:00
[2024-02-14T09:14:51.083+0000] {processor.py:183} INFO - Processing /home/codespace/.local/share/virtualenvs/airflow_sandbox-vp-HKq_L/lib/python3.10/site-packages/airflow/example_dags/example_dynamic_task_mapping.py took 0.078 seconds
[2024-02-14T09:15:43.773+0000] {processor.py:161} INFO - Started process (PID=9613) to work on /home/codespace/.local/share/virtualenvs/airflow_sandbox-vp-HKq_L/lib/python3.10/site-packages/airflow/example_dags/example_dynamic_task_mapping.py
[2024-02-14T09:15:43.774+0000] {processor.py:830} INFO - Processing file /home/codespace/.local/share/virtualenvs/airflow_sandbox-vp-HKq_L/lib/python3.10/site-packages/airflow/example_dags/example_dynamic_task_mapping.py for tasks to queue
[2024-02-14T09:15:43.774+0000] {logging_mixin.py:188} INFO - [2024-02-14T09:15:43.774+0000] {dagbag.py:538} INFO - Filling up the DagBag from /home/codespace/.local/share/virtualenvs/airflow_sandbox-vp-HKq_L/lib/python3.10/site-packages/airflow/example_dags/example_dynamic_task_mapping.py
[2024-02-14T09:15:43.780+0000] {processor.py:840} INFO - DAG(s) 'example_dynamic_task_mapping' retrieved from /home/codespace/.local/share/virtualenvs/airflow_sandbox-vp-HKq_L/lib/python3.10/site-packages/airflow/example_dags/example_dynamic_task_mapping.py
[2024-02-14T09:15:43.790+0000] {logging_mixin.py:188} INFO - [2024-02-14T09:15:43.790+0000] {dag.py:3033} INFO - Sync 1 DAGs
[2024-02-14T09:15:43.805+0000] {logging_mixin.py:188} INFO - [2024-02-14T09:15:43.805+0000] {dag.py:3820} INFO - Setting next_dagrun for example_dynamic_task_mapping to 2022-03-04T00:00:00+00:00, run_after=2022-03-05T00:00:00+00:00
[2024-02-14T09:15:43.847+0000] {processor.py:183} INFO - Processing /home/codespace/.local/share/virtualenvs/airflow_sandbox-vp-HKq_L/lib/python3.10/site-packages/airflow/example_dags/example_dynamic_task_mapping.py took 0.076 seconds
[2024-02-14T09:16:37.799+0000] {processor.py:161} INFO - Started process (PID=10004) to work on /home/codespace/.local/share/virtualenvs/airflow_sandbox-vp-HKq_L/lib/python3.10/site-packages/airflow/example_dags/example_dynamic_task_mapping.py
[2024-02-14T09:16:37.800+0000] {processor.py:830} INFO - Processing file /home/codespace/.local/share/virtualenvs/airflow_sandbox-vp-HKq_L/lib/python3.10/site-packages/airflow/example_dags/example_dynamic_task_mapping.py for tasks to queue
[2024-02-14T09:16:37.800+0000] {logging_mixin.py:188} INFO - [2024-02-14T09:16:37.800+0000] {dagbag.py:538} INFO - Filling up the DagBag from /home/codespace/.local/share/virtualenvs/airflow_sandbox-vp-HKq_L/lib/python3.10/site-packages/airflow/example_dags/example_dynamic_task_mapping.py
[2024-02-14T09:16:37.806+0000] {processor.py:840} INFO - DAG(s) 'example_dynamic_task_mapping' retrieved from /home/codespace/.local/share/virtualenvs/airflow_sandbox-vp-HKq_L/lib/python3.10/site-packages/airflow/example_dags/example_dynamic_task_mapping.py
[2024-02-14T09:16:37.817+0000] {logging_mixin.py:188} INFO - [2024-02-14T09:16:37.817+0000] {dag.py:3033} INFO - Sync 1 DAGs
[2024-02-14T09:16:37.832+0000] {logging_mixin.py:188} INFO - [2024-02-14T09:16:37.832+0000] {dag.py:3820} INFO - Setting next_dagrun for example_dynamic_task_mapping to 2022-03-04T00:00:00+00:00, run_after=2022-03-05T00:00:00+00:00
[2024-02-14T09:16:37.889+0000] {processor.py:183} INFO - Processing /home/codespace/.local/share/virtualenvs/airflow_sandbox-vp-HKq_L/lib/python3.10/site-packages/airflow/example_dags/example_dynamic_task_mapping.py took 0.092 seconds
[2024-02-14T09:17:31.077+0000] {processor.py:161} INFO - Started process (PID=10394) to work on /home/codespace/.local/share/virtualenvs/airflow_sandbox-vp-HKq_L/lib/python3.10/site-packages/airflow/example_dags/example_dynamic_task_mapping.py
[2024-02-14T09:17:31.078+0000] {processor.py:830} INFO - Processing file /home/codespace/.local/share/virtualenvs/airflow_sandbox-vp-HKq_L/lib/python3.10/site-packages/airflow/example_dags/example_dynamic_task_mapping.py for tasks to queue
[2024-02-14T09:17:31.078+0000] {logging_mixin.py:188} INFO - [2024-02-14T09:17:31.078+0000] {dagbag.py:538} INFO - Filling up the DagBag from /home/codespace/.local/share/virtualenvs/airflow_sandbox-vp-HKq_L/lib/python3.10/site-packages/airflow/example_dags/example_dynamic_task_mapping.py
[2024-02-14T09:17:31.085+0000] {processor.py:840} INFO - DAG(s) 'example_dynamic_task_mapping' retrieved from /home/codespace/.local/share/virtualenvs/airflow_sandbox-vp-HKq_L/lib/python3.10/site-packages/airflow/example_dags/example_dynamic_task_mapping.py
[2024-02-14T09:17:31.097+0000] {logging_mixin.py:188} INFO - [2024-02-14T09:17:31.096+0000] {dag.py:3033} INFO - Sync 1 DAGs
[2024-02-14T09:17:31.113+0000] {logging_mixin.py:188} INFO - [2024-02-14T09:17:31.113+0000] {dag.py:3820} INFO - Setting next_dagrun for example_dynamic_task_mapping to 2022-03-04T00:00:00+00:00, run_after=2022-03-05T00:00:00+00:00
[2024-02-14T09:17:31.159+0000] {processor.py:183} INFO - Processing /home/codespace/.local/share/virtualenvs/airflow_sandbox-vp-HKq_L/lib/python3.10/site-packages/airflow/example_dags/example_dynamic_task_mapping.py took 0.084 seconds
[2024-02-14T09:18:22.726+0000] {processor.py:161} INFO - Started process (PID=10776) to work on /home/codespace/.local/share/virtualenvs/airflow_sandbox-vp-HKq_L/lib/python3.10/site-packages/airflow/example_dags/example_dynamic_task_mapping.py
[2024-02-14T09:18:22.726+0000] {processor.py:830} INFO - Processing file /home/codespace/.local/share/virtualenvs/airflow_sandbox-vp-HKq_L/lib/python3.10/site-packages/airflow/example_dags/example_dynamic_task_mapping.py for tasks to queue
[2024-02-14T09:18:22.727+0000] {logging_mixin.py:188} INFO - [2024-02-14T09:18:22.727+0000] {dagbag.py:538} INFO - Filling up the DagBag from /home/codespace/.local/share/virtualenvs/airflow_sandbox-vp-HKq_L/lib/python3.10/site-packages/airflow/example_dags/example_dynamic_task_mapping.py
[2024-02-14T09:18:22.732+0000] {processor.py:840} INFO - DAG(s) 'example_dynamic_task_mapping' retrieved from /home/codespace/.local/share/virtualenvs/airflow_sandbox-vp-HKq_L/lib/python3.10/site-packages/airflow/example_dags/example_dynamic_task_mapping.py
[2024-02-14T09:18:22.743+0000] {logging_mixin.py:188} INFO - [2024-02-14T09:18:22.743+0000] {dag.py:3033} INFO - Sync 1 DAGs
[2024-02-14T09:18:22.759+0000] {logging_mixin.py:188} INFO - [2024-02-14T09:18:22.759+0000] {dag.py:3820} INFO - Setting next_dagrun for example_dynamic_task_mapping to 2022-03-04T00:00:00+00:00, run_after=2022-03-05T00:00:00+00:00
[2024-02-14T09:18:22.800+0000] {processor.py:183} INFO - Processing /home/codespace/.local/share/virtualenvs/airflow_sandbox-vp-HKq_L/lib/python3.10/site-packages/airflow/example_dags/example_dynamic_task_mapping.py took 0.077 seconds
[2024-02-14T09:19:16.207+0000] {processor.py:161} INFO - Started process (PID=11171) to work on /home/codespace/.local/share/virtualenvs/airflow_sandbox-vp-HKq_L/lib/python3.10/site-packages/airflow/example_dags/example_dynamic_task_mapping.py
[2024-02-14T09:19:16.207+0000] {processor.py:830} INFO - Processing file /home/codespace/.local/share/virtualenvs/airflow_sandbox-vp-HKq_L/lib/python3.10/site-packages/airflow/example_dags/example_dynamic_task_mapping.py for tasks to queue
[2024-02-14T09:19:16.208+0000] {logging_mixin.py:188} INFO - [2024-02-14T09:19:16.208+0000] {dagbag.py:538} INFO - Filling up the DagBag from /home/codespace/.local/share/virtualenvs/airflow_sandbox-vp-HKq_L/lib/python3.10/site-packages/airflow/example_dags/example_dynamic_task_mapping.py
[2024-02-14T09:19:16.213+0000] {processor.py:840} INFO - DAG(s) 'example_dynamic_task_mapping' retrieved from /home/codespace/.local/share/virtualenvs/airflow_sandbox-vp-HKq_L/lib/python3.10/site-packages/airflow/example_dags/example_dynamic_task_mapping.py
[2024-02-14T09:19:16.224+0000] {logging_mixin.py:188} INFO - [2024-02-14T09:19:16.224+0000] {dag.py:3033} INFO - Sync 1 DAGs
[2024-02-14T09:19:16.239+0000] {logging_mixin.py:188} INFO - [2024-02-14T09:19:16.239+0000] {dag.py:3820} INFO - Setting next_dagrun for example_dynamic_task_mapping to 2022-03-04T00:00:00+00:00, run_after=2022-03-05T00:00:00+00:00
[2024-02-14T09:19:16.283+0000] {processor.py:183} INFO - Processing /home/codespace/.local/share/virtualenvs/airflow_sandbox-vp-HKq_L/lib/python3.10/site-packages/airflow/example_dags/example_dynamic_task_mapping.py took 0.079 seconds
[2024-02-14T09:20:12.133+0000] {processor.py:161} INFO - Started process (PID=11571) to work on /home/codespace/.local/share/virtualenvs/airflow_sandbox-vp-HKq_L/lib/python3.10/site-packages/airflow/example_dags/example_dynamic_task_mapping.py
[2024-02-14T09:20:12.134+0000] {processor.py:830} INFO - Processing file /home/codespace/.local/share/virtualenvs/airflow_sandbox-vp-HKq_L/lib/python3.10/site-packages/airflow/example_dags/example_dynamic_task_mapping.py for tasks to queue
[2024-02-14T09:20:12.134+0000] {logging_mixin.py:188} INFO - [2024-02-14T09:20:12.134+0000] {dagbag.py:538} INFO - Filling up the DagBag from /home/codespace/.local/share/virtualenvs/airflow_sandbox-vp-HKq_L/lib/python3.10/site-packages/airflow/example_dags/example_dynamic_task_mapping.py
[2024-02-14T09:20:12.140+0000] {processor.py:840} INFO - DAG(s) 'example_dynamic_task_mapping' retrieved from /home/codespace/.local/share/virtualenvs/airflow_sandbox-vp-HKq_L/lib/python3.10/site-packages/airflow/example_dags/example_dynamic_task_mapping.py
[2024-02-14T09:20:12.151+0000] {logging_mixin.py:188} INFO - [2024-02-14T09:20:12.151+0000] {dag.py:3033} INFO - Sync 1 DAGs
[2024-02-14T09:20:12.168+0000] {logging_mixin.py:188} INFO - [2024-02-14T09:20:12.168+0000] {dag.py:3820} INFO - Setting next_dagrun for example_dynamic_task_mapping to 2022-03-04T00:00:00+00:00, run_after=2022-03-05T00:00:00+00:00
[2024-02-14T09:20:12.209+0000] {processor.py:183} INFO - Processing /home/codespace/.local/share/virtualenvs/airflow_sandbox-vp-HKq_L/lib/python3.10/site-packages/airflow/example_dags/example_dynamic_task_mapping.py took 0.079 seconds
[2024-02-14T09:21:02.492+0000] {processor.py:161} INFO - Started process (PID=12417) to work on /home/codespace/.local/share/virtualenvs/airflow_sandbox-vp-HKq_L/lib/python3.10/site-packages/airflow/example_dags/example_dynamic_task_mapping.py
[2024-02-14T09:21:02.493+0000] {processor.py:830} INFO - Processing file /home/codespace/.local/share/virtualenvs/airflow_sandbox-vp-HKq_L/lib/python3.10/site-packages/airflow/example_dags/example_dynamic_task_mapping.py for tasks to queue
[2024-02-14T09:21:02.494+0000] {logging_mixin.py:188} INFO - [2024-02-14T09:21:02.493+0000] {dagbag.py:538} INFO - Filling up the DagBag from /home/codespace/.local/share/virtualenvs/airflow_sandbox-vp-HKq_L/lib/python3.10/site-packages/airflow/example_dags/example_dynamic_task_mapping.py
[2024-02-14T09:21:02.500+0000] {processor.py:840} INFO - DAG(s) 'example_dynamic_task_mapping' retrieved from /home/codespace/.local/share/virtualenvs/airflow_sandbox-vp-HKq_L/lib/python3.10/site-packages/airflow/example_dags/example_dynamic_task_mapping.py
[2024-02-14T09:21:02.511+0000] {logging_mixin.py:188} INFO - [2024-02-14T09:21:02.511+0000] {dag.py:3033} INFO - Sync 1 DAGs
[2024-02-14T09:21:02.527+0000] {logging_mixin.py:188} INFO - [2024-02-14T09:21:02.527+0000] {dag.py:3820} INFO - Setting next_dagrun for example_dynamic_task_mapping to 2022-03-04T00:00:00+00:00, run_after=2022-03-05T00:00:00+00:00
[2024-02-14T09:21:02.569+0000] {processor.py:183} INFO - Processing /home/codespace/.local/share/virtualenvs/airflow_sandbox-vp-HKq_L/lib/python3.10/site-packages/airflow/example_dags/example_dynamic_task_mapping.py took 0.079 seconds
[2024-02-14T09:21:55.888+0000] {processor.py:161} INFO - Started process (PID=12784) to work on /home/codespace/.local/share/virtualenvs/airflow_sandbox-vp-HKq_L/lib/python3.10/site-packages/airflow/example_dags/example_dynamic_task_mapping.py
[2024-02-14T09:21:55.889+0000] {processor.py:830} INFO - Processing file /home/codespace/.local/share/virtualenvs/airflow_sandbox-vp-HKq_L/lib/python3.10/site-packages/airflow/example_dags/example_dynamic_task_mapping.py for tasks to queue
[2024-02-14T09:21:55.890+0000] {logging_mixin.py:188} INFO - [2024-02-14T09:21:55.890+0000] {dagbag.py:538} INFO - Filling up the DagBag from /home/codespace/.local/share/virtualenvs/airflow_sandbox-vp-HKq_L/lib/python3.10/site-packages/airflow/example_dags/example_dynamic_task_mapping.py
[2024-02-14T09:21:55.896+0000] {processor.py:840} INFO - DAG(s) 'example_dynamic_task_mapping' retrieved from /home/codespace/.local/share/virtualenvs/airflow_sandbox-vp-HKq_L/lib/python3.10/site-packages/airflow/example_dags/example_dynamic_task_mapping.py
[2024-02-14T09:21:55.908+0000] {logging_mixin.py:188} INFO - [2024-02-14T09:21:55.907+0000] {dag.py:3033} INFO - Sync 1 DAGs
[2024-02-14T09:21:55.924+0000] {logging_mixin.py:188} INFO - [2024-02-14T09:21:55.924+0000] {dag.py:3820} INFO - Setting next_dagrun for example_dynamic_task_mapping to 2022-03-04T00:00:00+00:00, run_after=2022-03-05T00:00:00+00:00
[2024-02-14T09:21:55.971+0000] {processor.py:183} INFO - Processing /home/codespace/.local/share/virtualenvs/airflow_sandbox-vp-HKq_L/lib/python3.10/site-packages/airflow/example_dags/example_dynamic_task_mapping.py took 0.087 seconds
[2024-02-14T09:22:53.805+0000] {processor.py:161} INFO - Started process (PID=13229) to work on /home/codespace/.local/share/virtualenvs/airflow_sandbox-vp-HKq_L/lib/python3.10/site-packages/airflow/example_dags/example_dynamic_task_mapping.py
[2024-02-14T09:22:53.806+0000] {processor.py:830} INFO - Processing file /home/codespace/.local/share/virtualenvs/airflow_sandbox-vp-HKq_L/lib/python3.10/site-packages/airflow/example_dags/example_dynamic_task_mapping.py for tasks to queue
[2024-02-14T09:22:53.807+0000] {logging_mixin.py:188} INFO - [2024-02-14T09:22:53.807+0000] {dagbag.py:538} INFO - Filling up the DagBag from /home/codespace/.local/share/virtualenvs/airflow_sandbox-vp-HKq_L/lib/python3.10/site-packages/airflow/example_dags/example_dynamic_task_mapping.py
[2024-02-14T09:22:53.815+0000] {processor.py:840} INFO - DAG(s) 'example_dynamic_task_mapping' retrieved from /home/codespace/.local/share/virtualenvs/airflow_sandbox-vp-HKq_L/lib/python3.10/site-packages/airflow/example_dags/example_dynamic_task_mapping.py
[2024-02-14T09:22:53.833+0000] {logging_mixin.py:188} INFO - [2024-02-14T09:22:53.833+0000] {dag.py:3033} INFO - Sync 1 DAGs
[2024-02-14T09:22:53.856+0000] {logging_mixin.py:188} INFO - [2024-02-14T09:22:53.856+0000] {dag.py:3820} INFO - Setting next_dagrun for example_dynamic_task_mapping to 2022-03-04T00:00:00+00:00, run_after=2022-03-05T00:00:00+00:00
[2024-02-14T09:22:53.903+0000] {processor.py:183} INFO - Processing /home/codespace/.local/share/virtualenvs/airflow_sandbox-vp-HKq_L/lib/python3.10/site-packages/airflow/example_dags/example_dynamic_task_mapping.py took 0.101 seconds
[2024-02-14T09:23:50.809+0000] {processor.py:161} INFO - Started process (PID=13631) to work on /home/codespace/.local/share/virtualenvs/airflow_sandbox-vp-HKq_L/lib/python3.10/site-packages/airflow/example_dags/example_dynamic_task_mapping.py
[2024-02-14T09:23:50.809+0000] {processor.py:830} INFO - Processing file /home/codespace/.local/share/virtualenvs/airflow_sandbox-vp-HKq_L/lib/python3.10/site-packages/airflow/example_dags/example_dynamic_task_mapping.py for tasks to queue
[2024-02-14T09:23:50.810+0000] {logging_mixin.py:188} INFO - [2024-02-14T09:23:50.810+0000] {dagbag.py:538} INFO - Filling up the DagBag from /home/codespace/.local/share/virtualenvs/airflow_sandbox-vp-HKq_L/lib/python3.10/site-packages/airflow/example_dags/example_dynamic_task_mapping.py
[2024-02-14T09:23:50.816+0000] {processor.py:840} INFO - DAG(s) 'example_dynamic_task_mapping' retrieved from /home/codespace/.local/share/virtualenvs/airflow_sandbox-vp-HKq_L/lib/python3.10/site-packages/airflow/example_dags/example_dynamic_task_mapping.py
[2024-02-14T09:23:50.827+0000] {logging_mixin.py:188} INFO - [2024-02-14T09:23:50.826+0000] {dag.py:3033} INFO - Sync 1 DAGs
[2024-02-14T09:23:50.842+0000] {logging_mixin.py:188} INFO - [2024-02-14T09:23:50.842+0000] {dag.py:3820} INFO - Setting next_dagrun for example_dynamic_task_mapping to 2022-03-04T00:00:00+00:00, run_after=2022-03-05T00:00:00+00:00
[2024-02-14T09:23:50.892+0000] {processor.py:183} INFO - Processing /home/codespace/.local/share/virtualenvs/airflow_sandbox-vp-HKq_L/lib/python3.10/site-packages/airflow/example_dags/example_dynamic_task_mapping.py took 0.086 seconds
[2024-02-14T09:24:33.198+0000] {processor.py:161} INFO - Started process (PID=13923) to work on /home/codespace/.local/share/virtualenvs/airflow_sandbox-vp-HKq_L/lib/python3.10/site-packages/airflow/example_dags/example_dynamic_task_mapping.py
[2024-02-14T09:24:33.199+0000] {processor.py:830} INFO - Processing file /home/codespace/.local/share/virtualenvs/airflow_sandbox-vp-HKq_L/lib/python3.10/site-packages/airflow/example_dags/example_dynamic_task_mapping.py for tasks to queue
[2024-02-14T09:24:33.200+0000] {logging_mixin.py:188} INFO - [2024-02-14T09:24:33.199+0000] {dagbag.py:538} INFO - Filling up the DagBag from /home/codespace/.local/share/virtualenvs/airflow_sandbox-vp-HKq_L/lib/python3.10/site-packages/airflow/example_dags/example_dynamic_task_mapping.py
[2024-02-14T09:24:33.205+0000] {processor.py:840} INFO - DAG(s) 'example_dynamic_task_mapping' retrieved from /home/codespace/.local/share/virtualenvs/airflow_sandbox-vp-HKq_L/lib/python3.10/site-packages/airflow/example_dags/example_dynamic_task_mapping.py
[2024-02-14T09:24:33.216+0000] {logging_mixin.py:188} INFO - [2024-02-14T09:24:33.216+0000] {dag.py:3033} INFO - Sync 1 DAGs
[2024-02-14T09:24:33.231+0000] {logging_mixin.py:188} INFO - [2024-02-14T09:24:33.231+0000] {dag.py:3820} INFO - Setting next_dagrun for example_dynamic_task_mapping to 2022-03-04T00:00:00+00:00, run_after=2022-03-05T00:00:00+00:00
[2024-02-14T09:24:33.272+0000] {processor.py:183} INFO - Processing /home/codespace/.local/share/virtualenvs/airflow_sandbox-vp-HKq_L/lib/python3.10/site-packages/airflow/example_dags/example_dynamic_task_mapping.py took 0.077 seconds
[2024-02-14T09:25:25.608+0000] {processor.py:161} INFO - Started process (PID=14280) to work on /home/codespace/.local/share/virtualenvs/airflow_sandbox-vp-HKq_L/lib/python3.10/site-packages/airflow/example_dags/example_dynamic_task_mapping.py
[2024-02-14T09:25:25.609+0000] {processor.py:830} INFO - Processing file /home/codespace/.local/share/virtualenvs/airflow_sandbox-vp-HKq_L/lib/python3.10/site-packages/airflow/example_dags/example_dynamic_task_mapping.py for tasks to queue
[2024-02-14T09:25:25.610+0000] {logging_mixin.py:188} INFO - [2024-02-14T09:25:25.609+0000] {dagbag.py:538} INFO - Filling up the DagBag from /home/codespace/.local/share/virtualenvs/airflow_sandbox-vp-HKq_L/lib/python3.10/site-packages/airflow/example_dags/example_dynamic_task_mapping.py
[2024-02-14T09:25:25.615+0000] {processor.py:840} INFO - DAG(s) 'example_dynamic_task_mapping' retrieved from /home/codespace/.local/share/virtualenvs/airflow_sandbox-vp-HKq_L/lib/python3.10/site-packages/airflow/example_dags/example_dynamic_task_mapping.py
[2024-02-14T09:25:25.625+0000] {logging_mixin.py:188} INFO - [2024-02-14T09:25:25.625+0000] {dag.py:3033} INFO - Sync 1 DAGs
[2024-02-14T09:25:25.640+0000] {logging_mixin.py:188} INFO - [2024-02-14T09:25:25.640+0000] {dag.py:3820} INFO - Setting next_dagrun for example_dynamic_task_mapping to 2022-03-04T00:00:00+00:00, run_after=2022-03-05T00:00:00+00:00
[2024-02-14T09:25:25.684+0000] {processor.py:183} INFO - Processing /home/codespace/.local/share/virtualenvs/airflow_sandbox-vp-HKq_L/lib/python3.10/site-packages/airflow/example_dags/example_dynamic_task_mapping.py took 0.078 seconds
[2024-02-14T09:26:17.869+0000] {processor.py:161} INFO - Started process (PID=14639) to work on /home/codespace/.local/share/virtualenvs/airflow_sandbox-vp-HKq_L/lib/python3.10/site-packages/airflow/example_dags/example_dynamic_task_mapping.py
[2024-02-14T09:26:17.869+0000] {processor.py:830} INFO - Processing file /home/codespace/.local/share/virtualenvs/airflow_sandbox-vp-HKq_L/lib/python3.10/site-packages/airflow/example_dags/example_dynamic_task_mapping.py for tasks to queue
[2024-02-14T09:26:17.870+0000] {logging_mixin.py:188} INFO - [2024-02-14T09:26:17.870+0000] {dagbag.py:538} INFO - Filling up the DagBag from /home/codespace/.local/share/virtualenvs/airflow_sandbox-vp-HKq_L/lib/python3.10/site-packages/airflow/example_dags/example_dynamic_task_mapping.py
[2024-02-14T09:26:17.875+0000] {processor.py:840} INFO - DAG(s) 'example_dynamic_task_mapping' retrieved from /home/codespace/.local/share/virtualenvs/airflow_sandbox-vp-HKq_L/lib/python3.10/site-packages/airflow/example_dags/example_dynamic_task_mapping.py
[2024-02-14T09:26:17.886+0000] {logging_mixin.py:188} INFO - [2024-02-14T09:26:17.886+0000] {dag.py:3033} INFO - Sync 1 DAGs
[2024-02-14T09:26:17.901+0000] {logging_mixin.py:188} INFO - [2024-02-14T09:26:17.901+0000] {dag.py:3820} INFO - Setting next_dagrun for example_dynamic_task_mapping to 2022-03-04T00:00:00+00:00, run_after=2022-03-05T00:00:00+00:00
[2024-02-14T09:26:17.940+0000] {processor.py:183} INFO - Processing /home/codespace/.local/share/virtualenvs/airflow_sandbox-vp-HKq_L/lib/python3.10/site-packages/airflow/example_dags/example_dynamic_task_mapping.py took 0.074 seconds
[2024-02-14T09:27:12.251+0000] {processor.py:161} INFO - Started process (PID=15006) to work on /home/codespace/.local/share/virtualenvs/airflow_sandbox-vp-HKq_L/lib/python3.10/site-packages/airflow/example_dags/example_dynamic_task_mapping.py
[2024-02-14T09:27:12.252+0000] {processor.py:830} INFO - Processing file /home/codespace/.local/share/virtualenvs/airflow_sandbox-vp-HKq_L/lib/python3.10/site-packages/airflow/example_dags/example_dynamic_task_mapping.py for tasks to queue
[2024-02-14T09:27:12.253+0000] {logging_mixin.py:188} INFO - [2024-02-14T09:27:12.252+0000] {dagbag.py:538} INFO - Filling up the DagBag from /home/codespace/.local/share/virtualenvs/airflow_sandbox-vp-HKq_L/lib/python3.10/site-packages/airflow/example_dags/example_dynamic_task_mapping.py
[2024-02-14T09:27:12.258+0000] {processor.py:840} INFO - DAG(s) 'example_dynamic_task_mapping' retrieved from /home/codespace/.local/share/virtualenvs/airflow_sandbox-vp-HKq_L/lib/python3.10/site-packages/airflow/example_dags/example_dynamic_task_mapping.py
[2024-02-14T09:27:12.269+0000] {logging_mixin.py:188} INFO - [2024-02-14T09:27:12.268+0000] {dag.py:3033} INFO - Sync 1 DAGs
[2024-02-14T09:27:12.284+0000] {logging_mixin.py:188} INFO - [2024-02-14T09:27:12.284+0000] {dag.py:3820} INFO - Setting next_dagrun for example_dynamic_task_mapping to 2022-03-04T00:00:00+00:00, run_after=2022-03-05T00:00:00+00:00
[2024-02-14T09:27:12.328+0000] {processor.py:183} INFO - Processing /home/codespace/.local/share/virtualenvs/airflow_sandbox-vp-HKq_L/lib/python3.10/site-packages/airflow/example_dags/example_dynamic_task_mapping.py took 0.078 seconds
[2024-02-14T09:28:08.923+0000] {processor.py:161} INFO - Started process (PID=15435) to work on /home/codespace/.local/share/virtualenvs/airflow_sandbox-vp-HKq_L/lib/python3.10/site-packages/airflow/example_dags/example_dynamic_task_mapping.py
[2024-02-14T09:28:08.924+0000] {processor.py:830} INFO - Processing file /home/codespace/.local/share/virtualenvs/airflow_sandbox-vp-HKq_L/lib/python3.10/site-packages/airflow/example_dags/example_dynamic_task_mapping.py for tasks to queue
[2024-02-14T09:28:08.924+0000] {logging_mixin.py:188} INFO - [2024-02-14T09:28:08.924+0000] {dagbag.py:538} INFO - Filling up the DagBag from /home/codespace/.local/share/virtualenvs/airflow_sandbox-vp-HKq_L/lib/python3.10/site-packages/airflow/example_dags/example_dynamic_task_mapping.py
[2024-02-14T09:28:08.930+0000] {processor.py:840} INFO - DAG(s) 'example_dynamic_task_mapping' retrieved from /home/codespace/.local/share/virtualenvs/airflow_sandbox-vp-HKq_L/lib/python3.10/site-packages/airflow/example_dags/example_dynamic_task_mapping.py
[2024-02-14T09:28:08.941+0000] {logging_mixin.py:188} INFO - [2024-02-14T09:28:08.941+0000] {dag.py:3033} INFO - Sync 1 DAGs
[2024-02-14T09:28:08.956+0000] {logging_mixin.py:188} INFO - [2024-02-14T09:28:08.956+0000] {dag.py:3820} INFO - Setting next_dagrun for example_dynamic_task_mapping to 2022-03-04T00:00:00+00:00, run_after=2022-03-05T00:00:00+00:00
[2024-02-14T09:28:08.996+0000] {processor.py:183} INFO - Processing /home/codespace/.local/share/virtualenvs/airflow_sandbox-vp-HKq_L/lib/python3.10/site-packages/airflow/example_dags/example_dynamic_task_mapping.py took 0.076 seconds
[2024-02-14T09:28:59.911+0000] {processor.py:161} INFO - Started process (PID=15948) to work on /home/codespace/.local/share/virtualenvs/airflow_sandbox-vp-HKq_L/lib/python3.10/site-packages/airflow/example_dags/example_dynamic_task_mapping.py
[2024-02-14T09:28:59.912+0000] {processor.py:830} INFO - Processing file /home/codespace/.local/share/virtualenvs/airflow_sandbox-vp-HKq_L/lib/python3.10/site-packages/airflow/example_dags/example_dynamic_task_mapping.py for tasks to queue
[2024-02-14T09:28:59.913+0000] {logging_mixin.py:188} INFO - [2024-02-14T09:28:59.913+0000] {dagbag.py:538} INFO - Filling up the DagBag from /home/codespace/.local/share/virtualenvs/airflow_sandbox-vp-HKq_L/lib/python3.10/site-packages/airflow/example_dags/example_dynamic_task_mapping.py
[2024-02-14T09:28:59.919+0000] {processor.py:840} INFO - DAG(s) 'example_dynamic_task_mapping' retrieved from /home/codespace/.local/share/virtualenvs/airflow_sandbox-vp-HKq_L/lib/python3.10/site-packages/airflow/example_dags/example_dynamic_task_mapping.py
[2024-02-14T09:28:59.930+0000] {logging_mixin.py:188} INFO - [2024-02-14T09:28:59.930+0000] {dag.py:3033} INFO - Sync 1 DAGs
[2024-02-14T09:28:59.945+0000] {logging_mixin.py:188} INFO - [2024-02-14T09:28:59.945+0000] {dag.py:3820} INFO - Setting next_dagrun for example_dynamic_task_mapping to 2022-03-04T00:00:00+00:00, run_after=2022-03-05T00:00:00+00:00
[2024-02-14T09:28:59.991+0000] {processor.py:183} INFO - Processing /home/codespace/.local/share/virtualenvs/airflow_sandbox-vp-HKq_L/lib/python3.10/site-packages/airflow/example_dags/example_dynamic_task_mapping.py took 0.082 seconds
[2024-02-14T09:29:54.561+0000] {processor.py:161} INFO - Started process (PID=16326) to work on /home/codespace/.local/share/virtualenvs/airflow_sandbox-vp-HKq_L/lib/python3.10/site-packages/airflow/example_dags/example_dynamic_task_mapping.py
[2024-02-14T09:29:54.562+0000] {processor.py:830} INFO - Processing file /home/codespace/.local/share/virtualenvs/airflow_sandbox-vp-HKq_L/lib/python3.10/site-packages/airflow/example_dags/example_dynamic_task_mapping.py for tasks to queue
[2024-02-14T09:29:54.563+0000] {logging_mixin.py:188} INFO - [2024-02-14T09:29:54.562+0000] {dagbag.py:538} INFO - Filling up the DagBag from /home/codespace/.local/share/virtualenvs/airflow_sandbox-vp-HKq_L/lib/python3.10/site-packages/airflow/example_dags/example_dynamic_task_mapping.py
[2024-02-14T09:29:54.568+0000] {processor.py:840} INFO - DAG(s) 'example_dynamic_task_mapping' retrieved from /home/codespace/.local/share/virtualenvs/airflow_sandbox-vp-HKq_L/lib/python3.10/site-packages/airflow/example_dags/example_dynamic_task_mapping.py
[2024-02-14T09:29:54.579+0000] {logging_mixin.py:188} INFO - [2024-02-14T09:29:54.579+0000] {dag.py:3033} INFO - Sync 1 DAGs
[2024-02-14T09:29:54.594+0000] {logging_mixin.py:188} INFO - [2024-02-14T09:29:54.594+0000] {dag.py:3820} INFO - Setting next_dagrun for example_dynamic_task_mapping to 2022-03-04T00:00:00+00:00, run_after=2022-03-05T00:00:00+00:00
[2024-02-14T09:29:54.637+0000] {processor.py:183} INFO - Processing /home/codespace/.local/share/virtualenvs/airflow_sandbox-vp-HKq_L/lib/python3.10/site-packages/airflow/example_dags/example_dynamic_task_mapping.py took 0.078 seconds
[2024-02-14T09:30:43.722+0000] {processor.py:161} INFO - Started process (PID=16677) to work on /home/codespace/.local/share/virtualenvs/airflow_sandbox-vp-HKq_L/lib/python3.10/site-packages/airflow/example_dags/example_dynamic_task_mapping.py
[2024-02-14T09:30:43.722+0000] {processor.py:830} INFO - Processing file /home/codespace/.local/share/virtualenvs/airflow_sandbox-vp-HKq_L/lib/python3.10/site-packages/airflow/example_dags/example_dynamic_task_mapping.py for tasks to queue
[2024-02-14T09:30:43.723+0000] {logging_mixin.py:188} INFO - [2024-02-14T09:30:43.723+0000] {dagbag.py:538} INFO - Filling up the DagBag from /home/codespace/.local/share/virtualenvs/airflow_sandbox-vp-HKq_L/lib/python3.10/site-packages/airflow/example_dags/example_dynamic_task_mapping.py
[2024-02-14T09:30:43.728+0000] {processor.py:840} INFO - DAG(s) 'example_dynamic_task_mapping' retrieved from /home/codespace/.local/share/virtualenvs/airflow_sandbox-vp-HKq_L/lib/python3.10/site-packages/airflow/example_dags/example_dynamic_task_mapping.py
[2024-02-14T09:30:43.739+0000] {logging_mixin.py:188} INFO - [2024-02-14T09:30:43.739+0000] {dag.py:3033} INFO - Sync 1 DAGs
[2024-02-14T09:30:43.755+0000] {logging_mixin.py:188} INFO - [2024-02-14T09:30:43.755+0000] {dag.py:3820} INFO - Setting next_dagrun for example_dynamic_task_mapping to 2022-03-04T00:00:00+00:00, run_after=2022-03-05T00:00:00+00:00
[2024-02-14T09:30:43.798+0000] {processor.py:183} INFO - Processing /home/codespace/.local/share/virtualenvs/airflow_sandbox-vp-HKq_L/lib/python3.10/site-packages/airflow/example_dags/example_dynamic_task_mapping.py took 0.079 seconds
[2024-02-14T09:31:37.904+0000] {processor.py:161} INFO - Started process (PID=17058) to work on /home/codespace/.local/share/virtualenvs/airflow_sandbox-vp-HKq_L/lib/python3.10/site-packages/airflow/example_dags/example_dynamic_task_mapping.py
[2024-02-14T09:31:37.905+0000] {processor.py:830} INFO - Processing file /home/codespace/.local/share/virtualenvs/airflow_sandbox-vp-HKq_L/lib/python3.10/site-packages/airflow/example_dags/example_dynamic_task_mapping.py for tasks to queue
[2024-02-14T09:31:37.905+0000] {logging_mixin.py:188} INFO - [2024-02-14T09:31:37.905+0000] {dagbag.py:538} INFO - Filling up the DagBag from /home/codespace/.local/share/virtualenvs/airflow_sandbox-vp-HKq_L/lib/python3.10/site-packages/airflow/example_dags/example_dynamic_task_mapping.py
[2024-02-14T09:31:37.913+0000] {processor.py:840} INFO - DAG(s) 'example_dynamic_task_mapping' retrieved from /home/codespace/.local/share/virtualenvs/airflow_sandbox-vp-HKq_L/lib/python3.10/site-packages/airflow/example_dags/example_dynamic_task_mapping.py
[2024-02-14T09:31:37.929+0000] {logging_mixin.py:188} INFO - [2024-02-14T09:31:37.929+0000] {dag.py:3033} INFO - Sync 1 DAGs
[2024-02-14T09:31:37.947+0000] {logging_mixin.py:188} INFO - [2024-02-14T09:31:37.947+0000] {dag.py:3820} INFO - Setting next_dagrun for example_dynamic_task_mapping to 2022-03-04T00:00:00+00:00, run_after=2022-03-05T00:00:00+00:00
[2024-02-14T09:31:37.995+0000] {processor.py:183} INFO - Processing /home/codespace/.local/share/virtualenvs/airflow_sandbox-vp-HKq_L/lib/python3.10/site-packages/airflow/example_dags/example_dynamic_task_mapping.py took 0.094 seconds
[2024-02-14T09:32:33.275+0000] {processor.py:161} INFO - Started process (PID=17480) to work on /home/codespace/.local/share/virtualenvs/airflow_sandbox-vp-HKq_L/lib/python3.10/site-packages/airflow/example_dags/example_dynamic_task_mapping.py
[2024-02-14T09:32:33.276+0000] {processor.py:830} INFO - Processing file /home/codespace/.local/share/virtualenvs/airflow_sandbox-vp-HKq_L/lib/python3.10/site-packages/airflow/example_dags/example_dynamic_task_mapping.py for tasks to queue
[2024-02-14T09:32:33.277+0000] {logging_mixin.py:188} INFO - [2024-02-14T09:32:33.276+0000] {dagbag.py:538} INFO - Filling up the DagBag from /home/codespace/.local/share/virtualenvs/airflow_sandbox-vp-HKq_L/lib/python3.10/site-packages/airflow/example_dags/example_dynamic_task_mapping.py
[2024-02-14T09:32:33.283+0000] {processor.py:840} INFO - DAG(s) 'example_dynamic_task_mapping' retrieved from /home/codespace/.local/share/virtualenvs/airflow_sandbox-vp-HKq_L/lib/python3.10/site-packages/airflow/example_dags/example_dynamic_task_mapping.py
[2024-02-14T09:32:33.294+0000] {logging_mixin.py:188} INFO - [2024-02-14T09:32:33.294+0000] {dag.py:3033} INFO - Sync 1 DAGs
[2024-02-14T09:32:33.309+0000] {logging_mixin.py:188} INFO - [2024-02-14T09:32:33.309+0000] {dag.py:3820} INFO - Setting next_dagrun for example_dynamic_task_mapping to 2022-03-04T00:00:00+00:00, run_after=2022-03-05T00:00:00+00:00
[2024-02-14T09:32:33.369+0000] {processor.py:183} INFO - Processing /home/codespace/.local/share/virtualenvs/airflow_sandbox-vp-HKq_L/lib/python3.10/site-packages/airflow/example_dags/example_dynamic_task_mapping.py took 0.096 seconds
[2024-02-14T09:33:24.586+0000] {processor.py:161} INFO - Started process (PID=17833) to work on /home/codespace/.local/share/virtualenvs/airflow_sandbox-vp-HKq_L/lib/python3.10/site-packages/airflow/example_dags/example_dynamic_task_mapping.py
[2024-02-14T09:33:24.587+0000] {processor.py:830} INFO - Processing file /home/codespace/.local/share/virtualenvs/airflow_sandbox-vp-HKq_L/lib/python3.10/site-packages/airflow/example_dags/example_dynamic_task_mapping.py for tasks to queue
[2024-02-14T09:33:24.588+0000] {logging_mixin.py:188} INFO - [2024-02-14T09:33:24.587+0000] {dagbag.py:538} INFO - Filling up the DagBag from /home/codespace/.local/share/virtualenvs/airflow_sandbox-vp-HKq_L/lib/python3.10/site-packages/airflow/example_dags/example_dynamic_task_mapping.py
[2024-02-14T09:33:24.593+0000] {processor.py:840} INFO - DAG(s) 'example_dynamic_task_mapping' retrieved from /home/codespace/.local/share/virtualenvs/airflow_sandbox-vp-HKq_L/lib/python3.10/site-packages/airflow/example_dags/example_dynamic_task_mapping.py
[2024-02-14T09:33:24.606+0000] {logging_mixin.py:188} INFO - [2024-02-14T09:33:24.606+0000] {dag.py:3033} INFO - Sync 1 DAGs
[2024-02-14T09:33:24.630+0000] {logging_mixin.py:188} INFO - [2024-02-14T09:33:24.630+0000] {dag.py:3820} INFO - Setting next_dagrun for example_dynamic_task_mapping to 2022-03-04T00:00:00+00:00, run_after=2022-03-05T00:00:00+00:00
[2024-02-14T09:33:24.676+0000] {processor.py:183} INFO - Processing /home/codespace/.local/share/virtualenvs/airflow_sandbox-vp-HKq_L/lib/python3.10/site-packages/airflow/example_dags/example_dynamic_task_mapping.py took 0.092 seconds
[2024-02-14T09:34:15.375+0000] {processor.py:161} INFO - Started process (PID=18207) to work on /home/codespace/.local/share/virtualenvs/airflow_sandbox-vp-HKq_L/lib/python3.10/site-packages/airflow/example_dags/example_dynamic_task_mapping.py
[2024-02-14T09:34:15.376+0000] {processor.py:830} INFO - Processing file /home/codespace/.local/share/virtualenvs/airflow_sandbox-vp-HKq_L/lib/python3.10/site-packages/airflow/example_dags/example_dynamic_task_mapping.py for tasks to queue
[2024-02-14T09:34:15.377+0000] {logging_mixin.py:188} INFO - [2024-02-14T09:34:15.377+0000] {dagbag.py:538} INFO - Filling up the DagBag from /home/codespace/.local/share/virtualenvs/airflow_sandbox-vp-HKq_L/lib/python3.10/site-packages/airflow/example_dags/example_dynamic_task_mapping.py
[2024-02-14T09:34:15.387+0000] {processor.py:840} INFO - DAG(s) 'example_dynamic_task_mapping' retrieved from /home/codespace/.local/share/virtualenvs/airflow_sandbox-vp-HKq_L/lib/python3.10/site-packages/airflow/example_dags/example_dynamic_task_mapping.py
[2024-02-14T09:34:15.398+0000] {logging_mixin.py:188} INFO - [2024-02-14T09:34:15.398+0000] {dag.py:3033} INFO - Sync 1 DAGs
[2024-02-14T09:34:15.415+0000] {logging_mixin.py:188} INFO - [2024-02-14T09:34:15.415+0000] {dag.py:3820} INFO - Setting next_dagrun for example_dynamic_task_mapping to 2022-03-04T00:00:00+00:00, run_after=2022-03-05T00:00:00+00:00
[2024-02-14T09:34:15.459+0000] {processor.py:183} INFO - Processing /home/codespace/.local/share/virtualenvs/airflow_sandbox-vp-HKq_L/lib/python3.10/site-packages/airflow/example_dags/example_dynamic_task_mapping.py took 0.086 seconds
