[2024-02-14T09:07:39.521+0000] {processor.py:161} INFO - Started process (PID=4477) to work on /home/codespace/.local/share/virtualenvs/airflow_sandbox-vp-HKq_L/lib/python3.10/site-packages/airflow/example_dags/tutorial_taskflow_api.py
[2024-02-14T09:07:39.522+0000] {processor.py:830} INFO - Processing file /home/codespace/.local/share/virtualenvs/airflow_sandbox-vp-HKq_L/lib/python3.10/site-packages/airflow/example_dags/tutorial_taskflow_api.py for tasks to queue
[2024-02-14T09:07:39.522+0000] {logging_mixin.py:188} INFO - [2024-02-14T09:07:39.522+0000] {dagbag.py:538} INFO - Filling up the DagBag from /home/codespace/.local/share/virtualenvs/airflow_sandbox-vp-HKq_L/lib/python3.10/site-packages/airflow/example_dags/tutorial_taskflow_api.py
[2024-02-14T09:07:39.529+0000] {processor.py:840} INFO - DAG(s) 'tutorial_taskflow_api' retrieved from /home/codespace/.local/share/virtualenvs/airflow_sandbox-vp-HKq_L/lib/python3.10/site-packages/airflow/example_dags/tutorial_taskflow_api.py
[2024-02-14T09:07:39.548+0000] {logging_mixin.py:188} INFO - [2024-02-14T09:07:39.548+0000] {dag.py:3033} INFO - Sync 1 DAGs
[2024-02-14T09:07:39.651+0000] {logging_mixin.py:188} INFO - [2024-02-14T09:07:39.650+0000] {dag.py:3820} INFO - Setting next_dagrun for tutorial_taskflow_api to None, run_after=None
[2024-02-14T09:07:39.692+0000] {processor.py:183} INFO - Processing /home/codespace/.local/share/virtualenvs/airflow_sandbox-vp-HKq_L/lib/python3.10/site-packages/airflow/example_dags/tutorial_taskflow_api.py took 0.173 seconds
[2024-02-14T09:08:29.743+0000] {processor.py:161} INFO - Started process (PID=5079) to work on /home/codespace/.local/share/virtualenvs/airflow_sandbox-vp-HKq_L/lib/python3.10/site-packages/airflow/example_dags/tutorial_taskflow_api.py
[2024-02-14T09:08:29.744+0000] {processor.py:830} INFO - Processing file /home/codespace/.local/share/virtualenvs/airflow_sandbox-vp-HKq_L/lib/python3.10/site-packages/airflow/example_dags/tutorial_taskflow_api.py for tasks to queue
[2024-02-14T09:08:29.744+0000] {logging_mixin.py:188} INFO - [2024-02-14T09:08:29.744+0000] {dagbag.py:538} INFO - Filling up the DagBag from /home/codespace/.local/share/virtualenvs/airflow_sandbox-vp-HKq_L/lib/python3.10/site-packages/airflow/example_dags/tutorial_taskflow_api.py
[2024-02-14T09:08:29.750+0000] {processor.py:840} INFO - DAG(s) 'tutorial_taskflow_api' retrieved from /home/codespace/.local/share/virtualenvs/airflow_sandbox-vp-HKq_L/lib/python3.10/site-packages/airflow/example_dags/tutorial_taskflow_api.py
[2024-02-14T09:08:29.762+0000] {logging_mixin.py:188} INFO - [2024-02-14T09:08:29.762+0000] {dag.py:3033} INFO - Sync 1 DAGs
[2024-02-14T09:08:29.775+0000] {logging_mixin.py:188} INFO - [2024-02-14T09:08:29.775+0000] {dag.py:3820} INFO - Setting next_dagrun for tutorial_taskflow_api to None, run_after=None
[2024-02-14T09:08:29.818+0000] {processor.py:183} INFO - Processing /home/codespace/.local/share/virtualenvs/airflow_sandbox-vp-HKq_L/lib/python3.10/site-packages/airflow/example_dags/tutorial_taskflow_api.py took 0.077 seconds
[2024-02-14T09:09:16.929+0000] {processor.py:161} INFO - Started process (PID=5798) to work on /home/codespace/.local/share/virtualenvs/airflow_sandbox-vp-HKq_L/lib/python3.10/site-packages/airflow/example_dags/tutorial_taskflow_api.py
[2024-02-14T09:09:16.929+0000] {processor.py:830} INFO - Processing file /home/codespace/.local/share/virtualenvs/airflow_sandbox-vp-HKq_L/lib/python3.10/site-packages/airflow/example_dags/tutorial_taskflow_api.py for tasks to queue
[2024-02-14T09:09:16.930+0000] {logging_mixin.py:188} INFO - [2024-02-14T09:09:16.930+0000] {dagbag.py:538} INFO - Filling up the DagBag from /home/codespace/.local/share/virtualenvs/airflow_sandbox-vp-HKq_L/lib/python3.10/site-packages/airflow/example_dags/tutorial_taskflow_api.py
[2024-02-14T09:09:16.935+0000] {processor.py:840} INFO - DAG(s) 'tutorial_taskflow_api' retrieved from /home/codespace/.local/share/virtualenvs/airflow_sandbox-vp-HKq_L/lib/python3.10/site-packages/airflow/example_dags/tutorial_taskflow_api.py
[2024-02-14T09:09:16.947+0000] {logging_mixin.py:188} INFO - [2024-02-14T09:09:16.947+0000] {dag.py:3033} INFO - Sync 1 DAGs
[2024-02-14T09:09:16.955+0000] {logging_mixin.py:188} INFO - [2024-02-14T09:09:16.955+0000] {dag.py:3820} INFO - Setting next_dagrun for tutorial_taskflow_api to None, run_after=None
[2024-02-14T09:09:17.002+0000] {processor.py:183} INFO - Processing /home/codespace/.local/share/virtualenvs/airflow_sandbox-vp-HKq_L/lib/python3.10/site-packages/airflow/example_dags/tutorial_taskflow_api.py took 0.076 seconds
[2024-02-14T09:10:01.438+0000] {processor.py:161} INFO - Started process (PID=6423) to work on /home/codespace/.local/share/virtualenvs/airflow_sandbox-vp-HKq_L/lib/python3.10/site-packages/airflow/example_dags/tutorial_taskflow_api.py
[2024-02-14T09:10:01.439+0000] {processor.py:830} INFO - Processing file /home/codespace/.local/share/virtualenvs/airflow_sandbox-vp-HKq_L/lib/python3.10/site-packages/airflow/example_dags/tutorial_taskflow_api.py for tasks to queue
[2024-02-14T09:10:01.439+0000] {logging_mixin.py:188} INFO - [2024-02-14T09:10:01.439+0000] {dagbag.py:538} INFO - Filling up the DagBag from /home/codespace/.local/share/virtualenvs/airflow_sandbox-vp-HKq_L/lib/python3.10/site-packages/airflow/example_dags/tutorial_taskflow_api.py
[2024-02-14T09:10:01.445+0000] {processor.py:840} INFO - DAG(s) 'tutorial_taskflow_api' retrieved from /home/codespace/.local/share/virtualenvs/airflow_sandbox-vp-HKq_L/lib/python3.10/site-packages/airflow/example_dags/tutorial_taskflow_api.py
[2024-02-14T09:10:01.457+0000] {logging_mixin.py:188} INFO - [2024-02-14T09:10:01.457+0000] {dag.py:3033} INFO - Sync 1 DAGs
[2024-02-14T09:10:01.466+0000] {logging_mixin.py:188} INFO - [2024-02-14T09:10:01.466+0000] {dag.py:3820} INFO - Setting next_dagrun for tutorial_taskflow_api to None, run_after=None
[2024-02-14T09:10:01.507+0000] {processor.py:183} INFO - Processing /home/codespace/.local/share/virtualenvs/airflow_sandbox-vp-HKq_L/lib/python3.10/site-packages/airflow/example_dags/tutorial_taskflow_api.py took 0.071 seconds
[2024-02-14T09:10:39.174+0000] {processor.py:161} INFO - Started process (PID=6795) to work on /home/codespace/.local/share/virtualenvs/airflow_sandbox-vp-HKq_L/lib/python3.10/site-packages/airflow/example_dags/tutorial_taskflow_api.py
[2024-02-14T09:10:39.175+0000] {processor.py:830} INFO - Processing file /home/codespace/.local/share/virtualenvs/airflow_sandbox-vp-HKq_L/lib/python3.10/site-packages/airflow/example_dags/tutorial_taskflow_api.py for tasks to queue
[2024-02-14T09:10:39.175+0000] {logging_mixin.py:188} INFO - [2024-02-14T09:10:39.175+0000] {dagbag.py:538} INFO - Filling up the DagBag from /home/codespace/.local/share/virtualenvs/airflow_sandbox-vp-HKq_L/lib/python3.10/site-packages/airflow/example_dags/tutorial_taskflow_api.py
[2024-02-14T09:10:39.181+0000] {processor.py:840} INFO - DAG(s) 'tutorial_taskflow_api' retrieved from /home/codespace/.local/share/virtualenvs/airflow_sandbox-vp-HKq_L/lib/python3.10/site-packages/airflow/example_dags/tutorial_taskflow_api.py
[2024-02-14T09:10:39.192+0000] {logging_mixin.py:188} INFO - [2024-02-14T09:10:39.192+0000] {dag.py:3033} INFO - Sync 1 DAGs
[2024-02-14T09:10:39.201+0000] {logging_mixin.py:188} INFO - [2024-02-14T09:10:39.201+0000] {dag.py:3820} INFO - Setting next_dagrun for tutorial_taskflow_api to None, run_after=None
[2024-02-14T09:10:39.243+0000] {processor.py:183} INFO - Processing /home/codespace/.local/share/virtualenvs/airflow_sandbox-vp-HKq_L/lib/python3.10/site-packages/airflow/example_dags/tutorial_taskflow_api.py took 0.071 seconds
[2024-02-14T09:11:27.641+0000] {processor.py:161} INFO - Started process (PID=7459) to work on /home/codespace/.local/share/virtualenvs/airflow_sandbox-vp-HKq_L/lib/python3.10/site-packages/airflow/example_dags/tutorial_taskflow_api.py
[2024-02-14T09:11:27.641+0000] {processor.py:830} INFO - Processing file /home/codespace/.local/share/virtualenvs/airflow_sandbox-vp-HKq_L/lib/python3.10/site-packages/airflow/example_dags/tutorial_taskflow_api.py for tasks to queue
[2024-02-14T09:11:27.642+0000] {logging_mixin.py:188} INFO - [2024-02-14T09:11:27.642+0000] {dagbag.py:538} INFO - Filling up the DagBag from /home/codespace/.local/share/virtualenvs/airflow_sandbox-vp-HKq_L/lib/python3.10/site-packages/airflow/example_dags/tutorial_taskflow_api.py
[2024-02-14T09:11:27.647+0000] {processor.py:840} INFO - DAG(s) 'tutorial_taskflow_api' retrieved from /home/codespace/.local/share/virtualenvs/airflow_sandbox-vp-HKq_L/lib/python3.10/site-packages/airflow/example_dags/tutorial_taskflow_api.py
[2024-02-14T09:11:27.659+0000] {logging_mixin.py:188} INFO - [2024-02-14T09:11:27.659+0000] {dag.py:3033} INFO - Sync 1 DAGs
[2024-02-14T09:11:27.668+0000] {logging_mixin.py:188} INFO - [2024-02-14T09:11:27.668+0000] {dag.py:3820} INFO - Setting next_dagrun for tutorial_taskflow_api to None, run_after=None
[2024-02-14T09:11:27.710+0000] {processor.py:183} INFO - Processing /home/codespace/.local/share/virtualenvs/airflow_sandbox-vp-HKq_L/lib/python3.10/site-packages/airflow/example_dags/tutorial_taskflow_api.py took 0.072 seconds
[2024-02-14T09:12:05.158+0000] {processor.py:161} INFO - Started process (PID=7918) to work on /home/codespace/.local/share/virtualenvs/airflow_sandbox-vp-HKq_L/lib/python3.10/site-packages/airflow/example_dags/tutorial_taskflow_api.py
[2024-02-14T09:12:05.159+0000] {processor.py:830} INFO - Processing file /home/codespace/.local/share/virtualenvs/airflow_sandbox-vp-HKq_L/lib/python3.10/site-packages/airflow/example_dags/tutorial_taskflow_api.py for tasks to queue
[2024-02-14T09:12:05.160+0000] {logging_mixin.py:188} INFO - [2024-02-14T09:12:05.159+0000] {dagbag.py:538} INFO - Filling up the DagBag from /home/codespace/.local/share/virtualenvs/airflow_sandbox-vp-HKq_L/lib/python3.10/site-packages/airflow/example_dags/tutorial_taskflow_api.py
[2024-02-14T09:12:05.165+0000] {processor.py:840} INFO - DAG(s) 'tutorial_taskflow_api' retrieved from /home/codespace/.local/share/virtualenvs/airflow_sandbox-vp-HKq_L/lib/python3.10/site-packages/airflow/example_dags/tutorial_taskflow_api.py
[2024-02-14T09:12:05.176+0000] {logging_mixin.py:188} INFO - [2024-02-14T09:12:05.176+0000] {dag.py:3033} INFO - Sync 1 DAGs
[2024-02-14T09:12:05.186+0000] {logging_mixin.py:188} INFO - [2024-02-14T09:12:05.185+0000] {dag.py:3820} INFO - Setting next_dagrun for tutorial_taskflow_api to None, run_after=None
[2024-02-14T09:12:05.227+0000] {processor.py:183} INFO - Processing /home/codespace/.local/share/virtualenvs/airflow_sandbox-vp-HKq_L/lib/python3.10/site-packages/airflow/example_dags/tutorial_taskflow_api.py took 0.071 seconds
[2024-02-14T09:12:41.637+0000] {processor.py:161} INFO - Started process (PID=8222) to work on /home/codespace/.local/share/virtualenvs/airflow_sandbox-vp-HKq_L/lib/python3.10/site-packages/airflow/example_dags/tutorial_taskflow_api.py
[2024-02-14T09:12:41.638+0000] {processor.py:830} INFO - Processing file /home/codespace/.local/share/virtualenvs/airflow_sandbox-vp-HKq_L/lib/python3.10/site-packages/airflow/example_dags/tutorial_taskflow_api.py for tasks to queue
[2024-02-14T09:12:41.639+0000] {logging_mixin.py:188} INFO - [2024-02-14T09:12:41.639+0000] {dagbag.py:538} INFO - Filling up the DagBag from /home/codespace/.local/share/virtualenvs/airflow_sandbox-vp-HKq_L/lib/python3.10/site-packages/airflow/example_dags/tutorial_taskflow_api.py
[2024-02-14T09:12:41.644+0000] {processor.py:840} INFO - DAG(s) 'tutorial_taskflow_api' retrieved from /home/codespace/.local/share/virtualenvs/airflow_sandbox-vp-HKq_L/lib/python3.10/site-packages/airflow/example_dags/tutorial_taskflow_api.py
[2024-02-14T09:12:41.691+0000] {logging_mixin.py:188} INFO - [2024-02-14T09:12:41.691+0000] {dag.py:3033} INFO - Sync 1 DAGs
[2024-02-14T09:12:41.705+0000] {logging_mixin.py:188} INFO - [2024-02-14T09:12:41.704+0000] {dag.py:3820} INFO - Setting next_dagrun for tutorial_taskflow_api to None, run_after=None
[2024-02-14T09:12:41.782+0000] {processor.py:183} INFO - Processing /home/codespace/.local/share/virtualenvs/airflow_sandbox-vp-HKq_L/lib/python3.10/site-packages/airflow/example_dags/tutorial_taskflow_api.py took 0.147 seconds
[2024-02-14T09:13:19.821+0000] {processor.py:161} INFO - Started process (PID=8540) to work on /home/codespace/.local/share/virtualenvs/airflow_sandbox-vp-HKq_L/lib/python3.10/site-packages/airflow/example_dags/tutorial_taskflow_api.py
[2024-02-14T09:13:19.822+0000] {processor.py:830} INFO - Processing file /home/codespace/.local/share/virtualenvs/airflow_sandbox-vp-HKq_L/lib/python3.10/site-packages/airflow/example_dags/tutorial_taskflow_api.py for tasks to queue
[2024-02-14T09:13:19.823+0000] {logging_mixin.py:188} INFO - [2024-02-14T09:13:19.823+0000] {dagbag.py:538} INFO - Filling up the DagBag from /home/codespace/.local/share/virtualenvs/airflow_sandbox-vp-HKq_L/lib/python3.10/site-packages/airflow/example_dags/tutorial_taskflow_api.py
[2024-02-14T09:13:19.828+0000] {processor.py:840} INFO - DAG(s) 'tutorial_taskflow_api' retrieved from /home/codespace/.local/share/virtualenvs/airflow_sandbox-vp-HKq_L/lib/python3.10/site-packages/airflow/example_dags/tutorial_taskflow_api.py
[2024-02-14T09:13:19.839+0000] {logging_mixin.py:188} INFO - [2024-02-14T09:13:19.839+0000] {dag.py:3033} INFO - Sync 1 DAGs
[2024-02-14T09:13:19.847+0000] {logging_mixin.py:188} INFO - [2024-02-14T09:13:19.847+0000] {dag.py:3820} INFO - Setting next_dagrun for tutorial_taskflow_api to None, run_after=None
[2024-02-14T09:13:19.888+0000] {processor.py:183} INFO - Processing /home/codespace/.local/share/virtualenvs/airflow_sandbox-vp-HKq_L/lib/python3.10/site-packages/airflow/example_dags/tutorial_taskflow_api.py took 0.069 seconds
[2024-02-14T09:13:54.133+0000] {processor.py:161} INFO - Started process (PID=8851) to work on /home/codespace/.local/share/virtualenvs/airflow_sandbox-vp-HKq_L/lib/python3.10/site-packages/airflow/example_dags/tutorial_taskflow_api.py
[2024-02-14T09:13:54.134+0000] {processor.py:830} INFO - Processing file /home/codespace/.local/share/virtualenvs/airflow_sandbox-vp-HKq_L/lib/python3.10/site-packages/airflow/example_dags/tutorial_taskflow_api.py for tasks to queue
[2024-02-14T09:13:54.135+0000] {logging_mixin.py:188} INFO - [2024-02-14T09:13:54.135+0000] {dagbag.py:538} INFO - Filling up the DagBag from /home/codespace/.local/share/virtualenvs/airflow_sandbox-vp-HKq_L/lib/python3.10/site-packages/airflow/example_dags/tutorial_taskflow_api.py
[2024-02-14T09:13:54.143+0000] {processor.py:840} INFO - DAG(s) 'tutorial_taskflow_api' retrieved from /home/codespace/.local/share/virtualenvs/airflow_sandbox-vp-HKq_L/lib/python3.10/site-packages/airflow/example_dags/tutorial_taskflow_api.py
[2024-02-14T09:13:54.158+0000] {logging_mixin.py:188} INFO - [2024-02-14T09:13:54.158+0000] {dag.py:3033} INFO - Sync 1 DAGs
[2024-02-14T09:13:54.168+0000] {logging_mixin.py:188} INFO - [2024-02-14T09:13:54.168+0000] {dag.py:3820} INFO - Setting next_dagrun for tutorial_taskflow_api to None, run_after=None
[2024-02-14T09:13:54.213+0000] {processor.py:183} INFO - Processing /home/codespace/.local/share/virtualenvs/airflow_sandbox-vp-HKq_L/lib/python3.10/site-packages/airflow/example_dags/tutorial_taskflow_api.py took 0.084 seconds
[2024-02-14T09:14:30.389+0000] {processor.py:161} INFO - Started process (PID=9110) to work on /home/codespace/.local/share/virtualenvs/airflow_sandbox-vp-HKq_L/lib/python3.10/site-packages/airflow/example_dags/tutorial_taskflow_api.py
[2024-02-14T09:14:30.389+0000] {processor.py:830} INFO - Processing file /home/codespace/.local/share/virtualenvs/airflow_sandbox-vp-HKq_L/lib/python3.10/site-packages/airflow/example_dags/tutorial_taskflow_api.py for tasks to queue
[2024-02-14T09:14:30.390+0000] {logging_mixin.py:188} INFO - [2024-02-14T09:14:30.390+0000] {dagbag.py:538} INFO - Filling up the DagBag from /home/codespace/.local/share/virtualenvs/airflow_sandbox-vp-HKq_L/lib/python3.10/site-packages/airflow/example_dags/tutorial_taskflow_api.py
[2024-02-14T09:14:30.395+0000] {processor.py:840} INFO - DAG(s) 'tutorial_taskflow_api' retrieved from /home/codespace/.local/share/virtualenvs/airflow_sandbox-vp-HKq_L/lib/python3.10/site-packages/airflow/example_dags/tutorial_taskflow_api.py
[2024-02-14T09:14:30.407+0000] {logging_mixin.py:188} INFO - [2024-02-14T09:14:30.407+0000] {dag.py:3033} INFO - Sync 1 DAGs
[2024-02-14T09:14:30.417+0000] {logging_mixin.py:188} INFO - [2024-02-14T09:14:30.417+0000] {dag.py:3820} INFO - Setting next_dagrun for tutorial_taskflow_api to None, run_after=None
[2024-02-14T09:14:30.459+0000] {processor.py:183} INFO - Processing /home/codespace/.local/share/virtualenvs/airflow_sandbox-vp-HKq_L/lib/python3.10/site-packages/airflow/example_dags/tutorial_taskflow_api.py took 0.072 seconds
[2024-02-14T09:15:04.641+0000] {processor.py:161} INFO - Started process (PID=9340) to work on /home/codespace/.local/share/virtualenvs/airflow_sandbox-vp-HKq_L/lib/python3.10/site-packages/airflow/example_dags/tutorial_taskflow_api.py
[2024-02-14T09:15:04.642+0000] {processor.py:830} INFO - Processing file /home/codespace/.local/share/virtualenvs/airflow_sandbox-vp-HKq_L/lib/python3.10/site-packages/airflow/example_dags/tutorial_taskflow_api.py for tasks to queue
[2024-02-14T09:15:04.643+0000] {logging_mixin.py:188} INFO - [2024-02-14T09:15:04.642+0000] {dagbag.py:538} INFO - Filling up the DagBag from /home/codespace/.local/share/virtualenvs/airflow_sandbox-vp-HKq_L/lib/python3.10/site-packages/airflow/example_dags/tutorial_taskflow_api.py
[2024-02-14T09:15:04.648+0000] {processor.py:840} INFO - DAG(s) 'tutorial_taskflow_api' retrieved from /home/codespace/.local/share/virtualenvs/airflow_sandbox-vp-HKq_L/lib/python3.10/site-packages/airflow/example_dags/tutorial_taskflow_api.py
[2024-02-14T09:15:04.663+0000] {logging_mixin.py:188} INFO - [2024-02-14T09:15:04.663+0000] {dag.py:3033} INFO - Sync 1 DAGs
[2024-02-14T09:15:04.673+0000] {logging_mixin.py:188} INFO - [2024-02-14T09:15:04.673+0000] {dag.py:3820} INFO - Setting next_dagrun for tutorial_taskflow_api to None, run_after=None
[2024-02-14T09:15:04.713+0000] {processor.py:183} INFO - Processing /home/codespace/.local/share/virtualenvs/airflow_sandbox-vp-HKq_L/lib/python3.10/site-packages/airflow/example_dags/tutorial_taskflow_api.py took 0.074 seconds
[2024-02-14T09:15:39.991+0000] {processor.py:161} INFO - Started process (PID=9579) to work on /home/codespace/.local/share/virtualenvs/airflow_sandbox-vp-HKq_L/lib/python3.10/site-packages/airflow/example_dags/tutorial_taskflow_api.py
[2024-02-14T09:15:39.992+0000] {processor.py:830} INFO - Processing file /home/codespace/.local/share/virtualenvs/airflow_sandbox-vp-HKq_L/lib/python3.10/site-packages/airflow/example_dags/tutorial_taskflow_api.py for tasks to queue
[2024-02-14T09:15:39.993+0000] {logging_mixin.py:188} INFO - [2024-02-14T09:15:39.992+0000] {dagbag.py:538} INFO - Filling up the DagBag from /home/codespace/.local/share/virtualenvs/airflow_sandbox-vp-HKq_L/lib/python3.10/site-packages/airflow/example_dags/tutorial_taskflow_api.py
[2024-02-14T09:15:39.998+0000] {processor.py:840} INFO - DAG(s) 'tutorial_taskflow_api' retrieved from /home/codespace/.local/share/virtualenvs/airflow_sandbox-vp-HKq_L/lib/python3.10/site-packages/airflow/example_dags/tutorial_taskflow_api.py
[2024-02-14T09:15:40.009+0000] {logging_mixin.py:188} INFO - [2024-02-14T09:15:40.009+0000] {dag.py:3033} INFO - Sync 1 DAGs
[2024-02-14T09:15:40.018+0000] {logging_mixin.py:188} INFO - [2024-02-14T09:15:40.018+0000] {dag.py:3820} INFO - Setting next_dagrun for tutorial_taskflow_api to None, run_after=None
[2024-02-14T09:15:40.058+0000] {processor.py:183} INFO - Processing /home/codespace/.local/share/virtualenvs/airflow_sandbox-vp-HKq_L/lib/python3.10/site-packages/airflow/example_dags/tutorial_taskflow_api.py took 0.069 seconds
[2024-02-14T09:16:14.996+0000] {processor.py:161} INFO - Started process (PID=9840) to work on /home/codespace/.local/share/virtualenvs/airflow_sandbox-vp-HKq_L/lib/python3.10/site-packages/airflow/example_dags/tutorial_taskflow_api.py
[2024-02-14T09:16:14.997+0000] {processor.py:830} INFO - Processing file /home/codespace/.local/share/virtualenvs/airflow_sandbox-vp-HKq_L/lib/python3.10/site-packages/airflow/example_dags/tutorial_taskflow_api.py for tasks to queue
[2024-02-14T09:16:14.998+0000] {logging_mixin.py:188} INFO - [2024-02-14T09:16:14.998+0000] {dagbag.py:538} INFO - Filling up the DagBag from /home/codespace/.local/share/virtualenvs/airflow_sandbox-vp-HKq_L/lib/python3.10/site-packages/airflow/example_dags/tutorial_taskflow_api.py
[2024-02-14T09:16:15.003+0000] {processor.py:840} INFO - DAG(s) 'tutorial_taskflow_api' retrieved from /home/codespace/.local/share/virtualenvs/airflow_sandbox-vp-HKq_L/lib/python3.10/site-packages/airflow/example_dags/tutorial_taskflow_api.py
[2024-02-14T09:16:15.015+0000] {logging_mixin.py:188} INFO - [2024-02-14T09:16:15.015+0000] {dag.py:3033} INFO - Sync 1 DAGs
[2024-02-14T09:16:15.025+0000] {logging_mixin.py:188} INFO - [2024-02-14T09:16:15.024+0000] {dag.py:3820} INFO - Setting next_dagrun for tutorial_taskflow_api to None, run_after=None
[2024-02-14T09:16:15.068+0000] {processor.py:183} INFO - Processing /home/codespace/.local/share/virtualenvs/airflow_sandbox-vp-HKq_L/lib/python3.10/site-packages/airflow/example_dags/tutorial_taskflow_api.py took 0.074 seconds
[2024-02-14T09:16:51.806+0000] {processor.py:161} INFO - Started process (PID=10090) to work on /home/codespace/.local/share/virtualenvs/airflow_sandbox-vp-HKq_L/lib/python3.10/site-packages/airflow/example_dags/tutorial_taskflow_api.py
[2024-02-14T09:16:51.807+0000] {processor.py:830} INFO - Processing file /home/codespace/.local/share/virtualenvs/airflow_sandbox-vp-HKq_L/lib/python3.10/site-packages/airflow/example_dags/tutorial_taskflow_api.py for tasks to queue
[2024-02-14T09:16:51.808+0000] {logging_mixin.py:188} INFO - [2024-02-14T09:16:51.807+0000] {dagbag.py:538} INFO - Filling up the DagBag from /home/codespace/.local/share/virtualenvs/airflow_sandbox-vp-HKq_L/lib/python3.10/site-packages/airflow/example_dags/tutorial_taskflow_api.py
[2024-02-14T09:16:51.816+0000] {processor.py:840} INFO - DAG(s) 'tutorial_taskflow_api' retrieved from /home/codespace/.local/share/virtualenvs/airflow_sandbox-vp-HKq_L/lib/python3.10/site-packages/airflow/example_dags/tutorial_taskflow_api.py
[2024-02-14T09:16:51.835+0000] {logging_mixin.py:188} INFO - [2024-02-14T09:16:51.835+0000] {dag.py:3033} INFO - Sync 1 DAGs
[2024-02-14T09:16:51.853+0000] {logging_mixin.py:188} INFO - [2024-02-14T09:16:51.852+0000] {dag.py:3820} INFO - Setting next_dagrun for tutorial_taskflow_api to None, run_after=None
[2024-02-14T09:16:51.911+0000] {processor.py:183} INFO - Processing /home/codespace/.local/share/virtualenvs/airflow_sandbox-vp-HKq_L/lib/python3.10/site-packages/airflow/example_dags/tutorial_taskflow_api.py took 0.108 seconds
[2024-02-14T09:17:28.410+0000] {processor.py:161} INFO - Started process (PID=10355) to work on /home/codespace/.local/share/virtualenvs/airflow_sandbox-vp-HKq_L/lib/python3.10/site-packages/airflow/example_dags/tutorial_taskflow_api.py
[2024-02-14T09:17:28.410+0000] {processor.py:830} INFO - Processing file /home/codespace/.local/share/virtualenvs/airflow_sandbox-vp-HKq_L/lib/python3.10/site-packages/airflow/example_dags/tutorial_taskflow_api.py for tasks to queue
[2024-02-14T09:17:28.411+0000] {logging_mixin.py:188} INFO - [2024-02-14T09:17:28.411+0000] {dagbag.py:538} INFO - Filling up the DagBag from /home/codespace/.local/share/virtualenvs/airflow_sandbox-vp-HKq_L/lib/python3.10/site-packages/airflow/example_dags/tutorial_taskflow_api.py
[2024-02-14T09:17:28.416+0000] {processor.py:840} INFO - DAG(s) 'tutorial_taskflow_api' retrieved from /home/codespace/.local/share/virtualenvs/airflow_sandbox-vp-HKq_L/lib/python3.10/site-packages/airflow/example_dags/tutorial_taskflow_api.py
[2024-02-14T09:17:28.427+0000] {logging_mixin.py:188} INFO - [2024-02-14T09:17:28.427+0000] {dag.py:3033} INFO - Sync 1 DAGs
[2024-02-14T09:17:28.436+0000] {logging_mixin.py:188} INFO - [2024-02-14T09:17:28.436+0000] {dag.py:3820} INFO - Setting next_dagrun for tutorial_taskflow_api to None, run_after=None
[2024-02-14T09:17:28.474+0000] {processor.py:183} INFO - Processing /home/codespace/.local/share/virtualenvs/airflow_sandbox-vp-HKq_L/lib/python3.10/site-packages/airflow/example_dags/tutorial_taskflow_api.py took 0.066 seconds
[2024-02-14T09:18:19.151+0000] {processor.py:161} INFO - Started process (PID=10760) to work on /home/codespace/.local/share/virtualenvs/airflow_sandbox-vp-HKq_L/lib/python3.10/site-packages/airflow/example_dags/tutorial_taskflow_api.py
[2024-02-14T09:18:19.152+0000] {processor.py:830} INFO - Processing file /home/codespace/.local/share/virtualenvs/airflow_sandbox-vp-HKq_L/lib/python3.10/site-packages/airflow/example_dags/tutorial_taskflow_api.py for tasks to queue
[2024-02-14T09:18:19.152+0000] {logging_mixin.py:188} INFO - [2024-02-14T09:18:19.152+0000] {dagbag.py:538} INFO - Filling up the DagBag from /home/codespace/.local/share/virtualenvs/airflow_sandbox-vp-HKq_L/lib/python3.10/site-packages/airflow/example_dags/tutorial_taskflow_api.py
[2024-02-14T09:18:19.157+0000] {processor.py:840} INFO - DAG(s) 'tutorial_taskflow_api' retrieved from /home/codespace/.local/share/virtualenvs/airflow_sandbox-vp-HKq_L/lib/python3.10/site-packages/airflow/example_dags/tutorial_taskflow_api.py
[2024-02-14T09:18:19.171+0000] {logging_mixin.py:188} INFO - [2024-02-14T09:18:19.170+0000] {dag.py:3033} INFO - Sync 1 DAGs
[2024-02-14T09:18:19.179+0000] {logging_mixin.py:188} INFO - [2024-02-14T09:18:19.179+0000] {dag.py:3820} INFO - Setting next_dagrun for tutorial_taskflow_api to None, run_after=None
[2024-02-14T09:18:19.221+0000] {processor.py:183} INFO - Processing /home/codespace/.local/share/virtualenvs/airflow_sandbox-vp-HKq_L/lib/python3.10/site-packages/airflow/example_dags/tutorial_taskflow_api.py took 0.072 seconds
[2024-02-14T09:18:54.384+0000] {processor.py:161} INFO - Started process (PID=11022) to work on /home/codespace/.local/share/virtualenvs/airflow_sandbox-vp-HKq_L/lib/python3.10/site-packages/airflow/example_dags/tutorial_taskflow_api.py
[2024-02-14T09:18:54.384+0000] {processor.py:830} INFO - Processing file /home/codespace/.local/share/virtualenvs/airflow_sandbox-vp-HKq_L/lib/python3.10/site-packages/airflow/example_dags/tutorial_taskflow_api.py for tasks to queue
[2024-02-14T09:18:54.385+0000] {logging_mixin.py:188} INFO - [2024-02-14T09:18:54.385+0000] {dagbag.py:538} INFO - Filling up the DagBag from /home/codespace/.local/share/virtualenvs/airflow_sandbox-vp-HKq_L/lib/python3.10/site-packages/airflow/example_dags/tutorial_taskflow_api.py
[2024-02-14T09:18:54.390+0000] {processor.py:840} INFO - DAG(s) 'tutorial_taskflow_api' retrieved from /home/codespace/.local/share/virtualenvs/airflow_sandbox-vp-HKq_L/lib/python3.10/site-packages/airflow/example_dags/tutorial_taskflow_api.py
[2024-02-14T09:18:54.402+0000] {logging_mixin.py:188} INFO - [2024-02-14T09:18:54.402+0000] {dag.py:3033} INFO - Sync 1 DAGs
[2024-02-14T09:18:54.411+0000] {logging_mixin.py:188} INFO - [2024-02-14T09:18:54.411+0000] {dag.py:3820} INFO - Setting next_dagrun for tutorial_taskflow_api to None, run_after=None
[2024-02-14T09:18:54.452+0000] {processor.py:183} INFO - Processing /home/codespace/.local/share/virtualenvs/airflow_sandbox-vp-HKq_L/lib/python3.10/site-packages/airflow/example_dags/tutorial_taskflow_api.py took 0.070 seconds
[2024-02-14T09:19:30.751+0000] {processor.py:161} INFO - Started process (PID=11267) to work on /home/codespace/.local/share/virtualenvs/airflow_sandbox-vp-HKq_L/lib/python3.10/site-packages/airflow/example_dags/tutorial_taskflow_api.py
[2024-02-14T09:19:30.752+0000] {processor.py:830} INFO - Processing file /home/codespace/.local/share/virtualenvs/airflow_sandbox-vp-HKq_L/lib/python3.10/site-packages/airflow/example_dags/tutorial_taskflow_api.py for tasks to queue
[2024-02-14T09:19:30.753+0000] {logging_mixin.py:188} INFO - [2024-02-14T09:19:30.752+0000] {dagbag.py:538} INFO - Filling up the DagBag from /home/codespace/.local/share/virtualenvs/airflow_sandbox-vp-HKq_L/lib/python3.10/site-packages/airflow/example_dags/tutorial_taskflow_api.py
[2024-02-14T09:19:30.758+0000] {processor.py:840} INFO - DAG(s) 'tutorial_taskflow_api' retrieved from /home/codespace/.local/share/virtualenvs/airflow_sandbox-vp-HKq_L/lib/python3.10/site-packages/airflow/example_dags/tutorial_taskflow_api.py
[2024-02-14T09:19:30.770+0000] {logging_mixin.py:188} INFO - [2024-02-14T09:19:30.770+0000] {dag.py:3033} INFO - Sync 1 DAGs
[2024-02-14T09:19:30.778+0000] {logging_mixin.py:188} INFO - [2024-02-14T09:19:30.778+0000] {dag.py:3820} INFO - Setting next_dagrun for tutorial_taskflow_api to None, run_after=None
[2024-02-14T09:19:30.818+0000] {processor.py:183} INFO - Processing /home/codespace/.local/share/virtualenvs/airflow_sandbox-vp-HKq_L/lib/python3.10/site-packages/airflow/example_dags/tutorial_taskflow_api.py took 0.070 seconds
[2024-02-14T09:20:07.591+0000] {processor.py:161} INFO - Started process (PID=11546) to work on /home/codespace/.local/share/virtualenvs/airflow_sandbox-vp-HKq_L/lib/python3.10/site-packages/airflow/example_dags/tutorial_taskflow_api.py
[2024-02-14T09:20:07.592+0000] {processor.py:830} INFO - Processing file /home/codespace/.local/share/virtualenvs/airflow_sandbox-vp-HKq_L/lib/python3.10/site-packages/airflow/example_dags/tutorial_taskflow_api.py for tasks to queue
[2024-02-14T09:20:07.593+0000] {logging_mixin.py:188} INFO - [2024-02-14T09:20:07.593+0000] {dagbag.py:538} INFO - Filling up the DagBag from /home/codespace/.local/share/virtualenvs/airflow_sandbox-vp-HKq_L/lib/python3.10/site-packages/airflow/example_dags/tutorial_taskflow_api.py
[2024-02-14T09:20:07.598+0000] {processor.py:840} INFO - DAG(s) 'tutorial_taskflow_api' retrieved from /home/codespace/.local/share/virtualenvs/airflow_sandbox-vp-HKq_L/lib/python3.10/site-packages/airflow/example_dags/tutorial_taskflow_api.py
[2024-02-14T09:20:07.611+0000] {logging_mixin.py:188} INFO - [2024-02-14T09:20:07.611+0000] {dag.py:3033} INFO - Sync 1 DAGs
[2024-02-14T09:20:07.623+0000] {logging_mixin.py:188} INFO - [2024-02-14T09:20:07.623+0000] {dag.py:3820} INFO - Setting next_dagrun for tutorial_taskflow_api to None, run_after=None
[2024-02-14T09:20:07.664+0000] {processor.py:183} INFO - Processing /home/codespace/.local/share/virtualenvs/airflow_sandbox-vp-HKq_L/lib/python3.10/site-packages/airflow/example_dags/tutorial_taskflow_api.py took 0.080 seconds
[2024-02-14T09:20:43.245+0000] {processor.py:161} INFO - Started process (PID=12278) to work on /home/codespace/.local/share/virtualenvs/airflow_sandbox-vp-HKq_L/lib/python3.10/site-packages/airflow/example_dags/tutorial_taskflow_api.py
[2024-02-14T09:20:43.245+0000] {processor.py:830} INFO - Processing file /home/codespace/.local/share/virtualenvs/airflow_sandbox-vp-HKq_L/lib/python3.10/site-packages/airflow/example_dags/tutorial_taskflow_api.py for tasks to queue
[2024-02-14T09:20:43.246+0000] {logging_mixin.py:188} INFO - [2024-02-14T09:20:43.246+0000] {dagbag.py:538} INFO - Filling up the DagBag from /home/codespace/.local/share/virtualenvs/airflow_sandbox-vp-HKq_L/lib/python3.10/site-packages/airflow/example_dags/tutorial_taskflow_api.py
[2024-02-14T09:20:43.252+0000] {processor.py:840} INFO - DAG(s) 'tutorial_taskflow_api' retrieved from /home/codespace/.local/share/virtualenvs/airflow_sandbox-vp-HKq_L/lib/python3.10/site-packages/airflow/example_dags/tutorial_taskflow_api.py
[2024-02-14T09:20:43.266+0000] {logging_mixin.py:188} INFO - [2024-02-14T09:20:43.266+0000] {dag.py:3033} INFO - Sync 1 DAGs
[2024-02-14T09:20:43.275+0000] {logging_mixin.py:188} INFO - [2024-02-14T09:20:43.275+0000] {dag.py:3820} INFO - Setting next_dagrun for tutorial_taskflow_api to None, run_after=None
[2024-02-14T09:20:43.316+0000] {processor.py:183} INFO - Processing /home/codespace/.local/share/virtualenvs/airflow_sandbox-vp-HKq_L/lib/python3.10/site-packages/airflow/example_dags/tutorial_taskflow_api.py took 0.074 seconds
[2024-02-14T09:21:32.757+0000] {processor.py:161} INFO - Started process (PID=12626) to work on /home/codespace/.local/share/virtualenvs/airflow_sandbox-vp-HKq_L/lib/python3.10/site-packages/airflow/example_dags/tutorial_taskflow_api.py
[2024-02-14T09:21:32.757+0000] {processor.py:830} INFO - Processing file /home/codespace/.local/share/virtualenvs/airflow_sandbox-vp-HKq_L/lib/python3.10/site-packages/airflow/example_dags/tutorial_taskflow_api.py for tasks to queue
[2024-02-14T09:21:32.758+0000] {logging_mixin.py:188} INFO - [2024-02-14T09:21:32.758+0000] {dagbag.py:538} INFO - Filling up the DagBag from /home/codespace/.local/share/virtualenvs/airflow_sandbox-vp-HKq_L/lib/python3.10/site-packages/airflow/example_dags/tutorial_taskflow_api.py
[2024-02-14T09:21:32.764+0000] {processor.py:840} INFO - DAG(s) 'tutorial_taskflow_api' retrieved from /home/codespace/.local/share/virtualenvs/airflow_sandbox-vp-HKq_L/lib/python3.10/site-packages/airflow/example_dags/tutorial_taskflow_api.py
[2024-02-14T09:21:32.776+0000] {logging_mixin.py:188} INFO - [2024-02-14T09:21:32.776+0000] {dag.py:3033} INFO - Sync 1 DAGs
[2024-02-14T09:21:32.785+0000] {logging_mixin.py:188} INFO - [2024-02-14T09:21:32.784+0000] {dag.py:3820} INFO - Setting next_dagrun for tutorial_taskflow_api to None, run_after=None
[2024-02-14T09:21:32.826+0000] {processor.py:183} INFO - Processing /home/codespace/.local/share/virtualenvs/airflow_sandbox-vp-HKq_L/lib/python3.10/site-packages/airflow/example_dags/tutorial_taskflow_api.py took 0.072 seconds
[2024-02-14T09:22:09.688+0000] {processor.py:161} INFO - Started process (PID=12901) to work on /home/codespace/.local/share/virtualenvs/airflow_sandbox-vp-HKq_L/lib/python3.10/site-packages/airflow/example_dags/tutorial_taskflow_api.py
[2024-02-14T09:22:09.689+0000] {processor.py:830} INFO - Processing file /home/codespace/.local/share/virtualenvs/airflow_sandbox-vp-HKq_L/lib/python3.10/site-packages/airflow/example_dags/tutorial_taskflow_api.py for tasks to queue
[2024-02-14T09:22:09.689+0000] {logging_mixin.py:188} INFO - [2024-02-14T09:22:09.689+0000] {dagbag.py:538} INFO - Filling up the DagBag from /home/codespace/.local/share/virtualenvs/airflow_sandbox-vp-HKq_L/lib/python3.10/site-packages/airflow/example_dags/tutorial_taskflow_api.py
[2024-02-14T09:22:09.696+0000] {processor.py:840} INFO - DAG(s) 'tutorial_taskflow_api' retrieved from /home/codespace/.local/share/virtualenvs/airflow_sandbox-vp-HKq_L/lib/python3.10/site-packages/airflow/example_dags/tutorial_taskflow_api.py
[2024-02-14T09:22:09.707+0000] {logging_mixin.py:188} INFO - [2024-02-14T09:22:09.707+0000] {dag.py:3033} INFO - Sync 1 DAGs
[2024-02-14T09:22:09.716+0000] {logging_mixin.py:188} INFO - [2024-02-14T09:22:09.716+0000] {dag.py:3820} INFO - Setting next_dagrun for tutorial_taskflow_api to None, run_after=None
[2024-02-14T09:22:09.764+0000] {processor.py:183} INFO - Processing /home/codespace/.local/share/virtualenvs/airflow_sandbox-vp-HKq_L/lib/python3.10/site-packages/airflow/example_dags/tutorial_taskflow_api.py took 0.078 seconds
[2024-02-14T09:22:48.605+0000] {processor.py:161} INFO - Started process (PID=13206) to work on /home/codespace/.local/share/virtualenvs/airflow_sandbox-vp-HKq_L/lib/python3.10/site-packages/airflow/example_dags/tutorial_taskflow_api.py
[2024-02-14T09:22:48.606+0000] {processor.py:830} INFO - Processing file /home/codespace/.local/share/virtualenvs/airflow_sandbox-vp-HKq_L/lib/python3.10/site-packages/airflow/example_dags/tutorial_taskflow_api.py for tasks to queue
[2024-02-14T09:22:48.607+0000] {logging_mixin.py:188} INFO - [2024-02-14T09:22:48.606+0000] {dagbag.py:538} INFO - Filling up the DagBag from /home/codespace/.local/share/virtualenvs/airflow_sandbox-vp-HKq_L/lib/python3.10/site-packages/airflow/example_dags/tutorial_taskflow_api.py
[2024-02-14T09:22:48.612+0000] {processor.py:840} INFO - DAG(s) 'tutorial_taskflow_api' retrieved from /home/codespace/.local/share/virtualenvs/airflow_sandbox-vp-HKq_L/lib/python3.10/site-packages/airflow/example_dags/tutorial_taskflow_api.py
[2024-02-14T09:22:48.623+0000] {logging_mixin.py:188} INFO - [2024-02-14T09:22:48.623+0000] {dag.py:3033} INFO - Sync 1 DAGs
[2024-02-14T09:22:48.632+0000] {logging_mixin.py:188} INFO - [2024-02-14T09:22:48.632+0000] {dag.py:3820} INFO - Setting next_dagrun for tutorial_taskflow_api to None, run_after=None
[2024-02-14T09:22:48.677+0000] {processor.py:183} INFO - Processing /home/codespace/.local/share/virtualenvs/airflow_sandbox-vp-HKq_L/lib/python3.10/site-packages/airflow/example_dags/tutorial_taskflow_api.py took 0.074 seconds
[2024-02-14T09:23:27.131+0000] {processor.py:161} INFO - Started process (PID=13456) to work on /home/codespace/.local/share/virtualenvs/airflow_sandbox-vp-HKq_L/lib/python3.10/site-packages/airflow/example_dags/tutorial_taskflow_api.py
[2024-02-14T09:23:27.132+0000] {processor.py:830} INFO - Processing file /home/codespace/.local/share/virtualenvs/airflow_sandbox-vp-HKq_L/lib/python3.10/site-packages/airflow/example_dags/tutorial_taskflow_api.py for tasks to queue
[2024-02-14T09:23:27.132+0000] {logging_mixin.py:188} INFO - [2024-02-14T09:23:27.132+0000] {dagbag.py:538} INFO - Filling up the DagBag from /home/codespace/.local/share/virtualenvs/airflow_sandbox-vp-HKq_L/lib/python3.10/site-packages/airflow/example_dags/tutorial_taskflow_api.py
[2024-02-14T09:23:27.138+0000] {processor.py:840} INFO - DAG(s) 'tutorial_taskflow_api' retrieved from /home/codespace/.local/share/virtualenvs/airflow_sandbox-vp-HKq_L/lib/python3.10/site-packages/airflow/example_dags/tutorial_taskflow_api.py
[2024-02-14T09:23:27.149+0000] {logging_mixin.py:188} INFO - [2024-02-14T09:23:27.149+0000] {dag.py:3033} INFO - Sync 1 DAGs
[2024-02-14T09:23:27.159+0000] {logging_mixin.py:188} INFO - [2024-02-14T09:23:27.158+0000] {dag.py:3820} INFO - Setting next_dagrun for tutorial_taskflow_api to None, run_after=None
[2024-02-14T09:23:27.201+0000] {processor.py:183} INFO - Processing /home/codespace/.local/share/virtualenvs/airflow_sandbox-vp-HKq_L/lib/python3.10/site-packages/airflow/example_dags/tutorial_taskflow_api.py took 0.073 seconds
[2024-02-14T09:24:04.847+0000] {processor.py:161} INFO - Started process (PID=13722) to work on /home/codespace/.local/share/virtualenvs/airflow_sandbox-vp-HKq_L/lib/python3.10/site-packages/airflow/example_dags/tutorial_taskflow_api.py
[2024-02-14T09:24:04.848+0000] {processor.py:830} INFO - Processing file /home/codespace/.local/share/virtualenvs/airflow_sandbox-vp-HKq_L/lib/python3.10/site-packages/airflow/example_dags/tutorial_taskflow_api.py for tasks to queue
[2024-02-14T09:24:04.849+0000] {logging_mixin.py:188} INFO - [2024-02-14T09:24:04.849+0000] {dagbag.py:538} INFO - Filling up the DagBag from /home/codespace/.local/share/virtualenvs/airflow_sandbox-vp-HKq_L/lib/python3.10/site-packages/airflow/example_dags/tutorial_taskflow_api.py
[2024-02-14T09:24:04.857+0000] {processor.py:840} INFO - DAG(s) 'tutorial_taskflow_api' retrieved from /home/codespace/.local/share/virtualenvs/airflow_sandbox-vp-HKq_L/lib/python3.10/site-packages/airflow/example_dags/tutorial_taskflow_api.py
[2024-02-14T09:24:04.874+0000] {logging_mixin.py:188} INFO - [2024-02-14T09:24:04.874+0000] {dag.py:3033} INFO - Sync 1 DAGs
[2024-02-14T09:24:04.888+0000] {logging_mixin.py:188} INFO - [2024-02-14T09:24:04.887+0000] {dag.py:3820} INFO - Setting next_dagrun for tutorial_taskflow_api to None, run_after=None
[2024-02-14T09:24:04.934+0000] {processor.py:183} INFO - Processing /home/codespace/.local/share/virtualenvs/airflow_sandbox-vp-HKq_L/lib/python3.10/site-packages/airflow/example_dags/tutorial_taskflow_api.py took 0.090 seconds
[2024-02-14T09:24:44.660+0000] {processor.py:161} INFO - Started process (PID=14002) to work on /home/codespace/.local/share/virtualenvs/airflow_sandbox-vp-HKq_L/lib/python3.10/site-packages/airflow/example_dags/tutorial_taskflow_api.py
[2024-02-14T09:24:44.661+0000] {processor.py:830} INFO - Processing file /home/codespace/.local/share/virtualenvs/airflow_sandbox-vp-HKq_L/lib/python3.10/site-packages/airflow/example_dags/tutorial_taskflow_api.py for tasks to queue
[2024-02-14T09:24:44.662+0000] {logging_mixin.py:188} INFO - [2024-02-14T09:24:44.662+0000] {dagbag.py:538} INFO - Filling up the DagBag from /home/codespace/.local/share/virtualenvs/airflow_sandbox-vp-HKq_L/lib/python3.10/site-packages/airflow/example_dags/tutorial_taskflow_api.py
[2024-02-14T09:24:44.667+0000] {processor.py:840} INFO - DAG(s) 'tutorial_taskflow_api' retrieved from /home/codespace/.local/share/virtualenvs/airflow_sandbox-vp-HKq_L/lib/python3.10/site-packages/airflow/example_dags/tutorial_taskflow_api.py
[2024-02-14T09:24:44.680+0000] {logging_mixin.py:188} INFO - [2024-02-14T09:24:44.680+0000] {dag.py:3033} INFO - Sync 1 DAGs
[2024-02-14T09:24:44.689+0000] {logging_mixin.py:188} INFO - [2024-02-14T09:24:44.689+0000] {dag.py:3820} INFO - Setting next_dagrun for tutorial_taskflow_api to None, run_after=None
[2024-02-14T09:24:44.736+0000] {processor.py:183} INFO - Processing /home/codespace/.local/share/virtualenvs/airflow_sandbox-vp-HKq_L/lib/python3.10/site-packages/airflow/example_dags/tutorial_taskflow_api.py took 0.079 seconds
[2024-02-14T09:25:19.796+0000] {processor.py:161} INFO - Started process (PID=14231) to work on /home/codespace/.local/share/virtualenvs/airflow_sandbox-vp-HKq_L/lib/python3.10/site-packages/airflow/example_dags/tutorial_taskflow_api.py
[2024-02-14T09:25:19.797+0000] {processor.py:830} INFO - Processing file /home/codespace/.local/share/virtualenvs/airflow_sandbox-vp-HKq_L/lib/python3.10/site-packages/airflow/example_dags/tutorial_taskflow_api.py for tasks to queue
[2024-02-14T09:25:19.798+0000] {logging_mixin.py:188} INFO - [2024-02-14T09:25:19.797+0000] {dagbag.py:538} INFO - Filling up the DagBag from /home/codespace/.local/share/virtualenvs/airflow_sandbox-vp-HKq_L/lib/python3.10/site-packages/airflow/example_dags/tutorial_taskflow_api.py
[2024-02-14T09:25:19.803+0000] {processor.py:840} INFO - DAG(s) 'tutorial_taskflow_api' retrieved from /home/codespace/.local/share/virtualenvs/airflow_sandbox-vp-HKq_L/lib/python3.10/site-packages/airflow/example_dags/tutorial_taskflow_api.py
[2024-02-14T09:25:19.817+0000] {logging_mixin.py:188} INFO - [2024-02-14T09:25:19.817+0000] {dag.py:3033} INFO - Sync 1 DAGs
[2024-02-14T09:25:19.825+0000] {logging_mixin.py:188} INFO - [2024-02-14T09:25:19.825+0000] {dag.py:3820} INFO - Setting next_dagrun for tutorial_taskflow_api to None, run_after=None
[2024-02-14T09:25:19.871+0000] {processor.py:183} INFO - Processing /home/codespace/.local/share/virtualenvs/airflow_sandbox-vp-HKq_L/lib/python3.10/site-packages/airflow/example_dags/tutorial_taskflow_api.py took 0.077 seconds
[2024-02-14T09:25:55.884+0000] {processor.py:161} INFO - Started process (PID=14491) to work on /home/codespace/.local/share/virtualenvs/airflow_sandbox-vp-HKq_L/lib/python3.10/site-packages/airflow/example_dags/tutorial_taskflow_api.py
[2024-02-14T09:25:55.885+0000] {processor.py:830} INFO - Processing file /home/codespace/.local/share/virtualenvs/airflow_sandbox-vp-HKq_L/lib/python3.10/site-packages/airflow/example_dags/tutorial_taskflow_api.py for tasks to queue
[2024-02-14T09:25:55.886+0000] {logging_mixin.py:188} INFO - [2024-02-14T09:25:55.885+0000] {dagbag.py:538} INFO - Filling up the DagBag from /home/codespace/.local/share/virtualenvs/airflow_sandbox-vp-HKq_L/lib/python3.10/site-packages/airflow/example_dags/tutorial_taskflow_api.py
[2024-02-14T09:25:55.891+0000] {processor.py:840} INFO - DAG(s) 'tutorial_taskflow_api' retrieved from /home/codespace/.local/share/virtualenvs/airflow_sandbox-vp-HKq_L/lib/python3.10/site-packages/airflow/example_dags/tutorial_taskflow_api.py
[2024-02-14T09:25:55.902+0000] {logging_mixin.py:188} INFO - [2024-02-14T09:25:55.902+0000] {dag.py:3033} INFO - Sync 1 DAGs
[2024-02-14T09:25:55.911+0000] {logging_mixin.py:188} INFO - [2024-02-14T09:25:55.911+0000] {dag.py:3820} INFO - Setting next_dagrun for tutorial_taskflow_api to None, run_after=None
[2024-02-14T09:25:55.971+0000] {processor.py:183} INFO - Processing /home/codespace/.local/share/virtualenvs/airflow_sandbox-vp-HKq_L/lib/python3.10/site-packages/airflow/example_dags/tutorial_taskflow_api.py took 0.090 seconds
[2024-02-14T09:26:47.589+0000] {processor.py:161} INFO - Started process (PID=14840) to work on /home/codespace/.local/share/virtualenvs/airflow_sandbox-vp-HKq_L/lib/python3.10/site-packages/airflow/example_dags/tutorial_taskflow_api.py
[2024-02-14T09:26:47.590+0000] {processor.py:830} INFO - Processing file /home/codespace/.local/share/virtualenvs/airflow_sandbox-vp-HKq_L/lib/python3.10/site-packages/airflow/example_dags/tutorial_taskflow_api.py for tasks to queue
[2024-02-14T09:26:47.591+0000] {logging_mixin.py:188} INFO - [2024-02-14T09:26:47.591+0000] {dagbag.py:538} INFO - Filling up the DagBag from /home/codespace/.local/share/virtualenvs/airflow_sandbox-vp-HKq_L/lib/python3.10/site-packages/airflow/example_dags/tutorial_taskflow_api.py
[2024-02-14T09:26:47.596+0000] {processor.py:840} INFO - DAG(s) 'tutorial_taskflow_api' retrieved from /home/codespace/.local/share/virtualenvs/airflow_sandbox-vp-HKq_L/lib/python3.10/site-packages/airflow/example_dags/tutorial_taskflow_api.py
[2024-02-14T09:26:47.608+0000] {logging_mixin.py:188} INFO - [2024-02-14T09:26:47.608+0000] {dag.py:3033} INFO - Sync 1 DAGs
[2024-02-14T09:26:47.617+0000] {logging_mixin.py:188} INFO - [2024-02-14T09:26:47.617+0000] {dag.py:3820} INFO - Setting next_dagrun for tutorial_taskflow_api to None, run_after=None
[2024-02-14T09:26:47.659+0000] {processor.py:183} INFO - Processing /home/codespace/.local/share/virtualenvs/airflow_sandbox-vp-HKq_L/lib/python3.10/site-packages/airflow/example_dags/tutorial_taskflow_api.py took 0.072 seconds
[2024-02-14T09:27:24.884+0000] {processor.py:161} INFO - Started process (PID=15102) to work on /home/codespace/.local/share/virtualenvs/airflow_sandbox-vp-HKq_L/lib/python3.10/site-packages/airflow/example_dags/tutorial_taskflow_api.py
[2024-02-14T09:27:24.884+0000] {processor.py:830} INFO - Processing file /home/codespace/.local/share/virtualenvs/airflow_sandbox-vp-HKq_L/lib/python3.10/site-packages/airflow/example_dags/tutorial_taskflow_api.py for tasks to queue
[2024-02-14T09:27:24.885+0000] {logging_mixin.py:188} INFO - [2024-02-14T09:27:24.885+0000] {dagbag.py:538} INFO - Filling up the DagBag from /home/codespace/.local/share/virtualenvs/airflow_sandbox-vp-HKq_L/lib/python3.10/site-packages/airflow/example_dags/tutorial_taskflow_api.py
[2024-02-14T09:27:24.890+0000] {processor.py:840} INFO - DAG(s) 'tutorial_taskflow_api' retrieved from /home/codespace/.local/share/virtualenvs/airflow_sandbox-vp-HKq_L/lib/python3.10/site-packages/airflow/example_dags/tutorial_taskflow_api.py
[2024-02-14T09:27:24.902+0000] {logging_mixin.py:188} INFO - [2024-02-14T09:27:24.902+0000] {dag.py:3033} INFO - Sync 1 DAGs
[2024-02-14T09:27:24.911+0000] {logging_mixin.py:188} INFO - [2024-02-14T09:27:24.911+0000] {dag.py:3820} INFO - Setting next_dagrun for tutorial_taskflow_api to None, run_after=None
[2024-02-14T09:27:24.957+0000] {processor.py:183} INFO - Processing /home/codespace/.local/share/virtualenvs/airflow_sandbox-vp-HKq_L/lib/python3.10/site-packages/airflow/example_dags/tutorial_taskflow_api.py took 0.076 seconds
[2024-02-14T09:28:02.325+0000] {processor.py:161} INFO - Started process (PID=15387) to work on /home/codespace/.local/share/virtualenvs/airflow_sandbox-vp-HKq_L/lib/python3.10/site-packages/airflow/example_dags/tutorial_taskflow_api.py
[2024-02-14T09:28:02.326+0000] {processor.py:830} INFO - Processing file /home/codespace/.local/share/virtualenvs/airflow_sandbox-vp-HKq_L/lib/python3.10/site-packages/airflow/example_dags/tutorial_taskflow_api.py for tasks to queue
[2024-02-14T09:28:02.326+0000] {logging_mixin.py:188} INFO - [2024-02-14T09:28:02.326+0000] {dagbag.py:538} INFO - Filling up the DagBag from /home/codespace/.local/share/virtualenvs/airflow_sandbox-vp-HKq_L/lib/python3.10/site-packages/airflow/example_dags/tutorial_taskflow_api.py
[2024-02-14T09:28:02.332+0000] {processor.py:840} INFO - DAG(s) 'tutorial_taskflow_api' retrieved from /home/codespace/.local/share/virtualenvs/airflow_sandbox-vp-HKq_L/lib/python3.10/site-packages/airflow/example_dags/tutorial_taskflow_api.py
[2024-02-14T09:28:02.344+0000] {logging_mixin.py:188} INFO - [2024-02-14T09:28:02.343+0000] {dag.py:3033} INFO - Sync 1 DAGs
[2024-02-14T09:28:02.353+0000] {logging_mixin.py:188} INFO - [2024-02-14T09:28:02.352+0000] {dag.py:3820} INFO - Setting next_dagrun for tutorial_taskflow_api to None, run_after=None
[2024-02-14T09:28:02.395+0000] {processor.py:183} INFO - Processing /home/codespace/.local/share/virtualenvs/airflow_sandbox-vp-HKq_L/lib/python3.10/site-packages/airflow/example_dags/tutorial_taskflow_api.py took 0.072 seconds
[2024-02-14T09:28:37.853+0000] {processor.py:161} INFO - Started process (PID=15687) to work on /home/codespace/.local/share/virtualenvs/airflow_sandbox-vp-HKq_L/lib/python3.10/site-packages/airflow/example_dags/tutorial_taskflow_api.py
[2024-02-14T09:28:37.854+0000] {processor.py:830} INFO - Processing file /home/codespace/.local/share/virtualenvs/airflow_sandbox-vp-HKq_L/lib/python3.10/site-packages/airflow/example_dags/tutorial_taskflow_api.py for tasks to queue
[2024-02-14T09:28:37.855+0000] {logging_mixin.py:188} INFO - [2024-02-14T09:28:37.854+0000] {dagbag.py:538} INFO - Filling up the DagBag from /home/codespace/.local/share/virtualenvs/airflow_sandbox-vp-HKq_L/lib/python3.10/site-packages/airflow/example_dags/tutorial_taskflow_api.py
[2024-02-14T09:28:37.862+0000] {processor.py:840} INFO - DAG(s) 'tutorial_taskflow_api' retrieved from /home/codespace/.local/share/virtualenvs/airflow_sandbox-vp-HKq_L/lib/python3.10/site-packages/airflow/example_dags/tutorial_taskflow_api.py
[2024-02-14T09:28:37.874+0000] {logging_mixin.py:188} INFO - [2024-02-14T09:28:37.874+0000] {dag.py:3033} INFO - Sync 1 DAGs
[2024-02-14T09:28:37.884+0000] {logging_mixin.py:188} INFO - [2024-02-14T09:28:37.884+0000] {dag.py:3820} INFO - Setting next_dagrun for tutorial_taskflow_api to None, run_after=None
[2024-02-14T09:28:37.934+0000] {processor.py:183} INFO - Processing /home/codespace/.local/share/virtualenvs/airflow_sandbox-vp-HKq_L/lib/python3.10/site-packages/airflow/example_dags/tutorial_taskflow_api.py took 0.083 seconds
[2024-02-14T09:29:12.109+0000] {processor.py:161} INFO - Started process (PID=16033) to work on /home/codespace/.local/share/virtualenvs/airflow_sandbox-vp-HKq_L/lib/python3.10/site-packages/airflow/example_dags/tutorial_taskflow_api.py
[2024-02-14T09:29:12.110+0000] {processor.py:830} INFO - Processing file /home/codespace/.local/share/virtualenvs/airflow_sandbox-vp-HKq_L/lib/python3.10/site-packages/airflow/example_dags/tutorial_taskflow_api.py for tasks to queue
[2024-02-14T09:29:12.111+0000] {logging_mixin.py:188} INFO - [2024-02-14T09:29:12.111+0000] {dagbag.py:538} INFO - Filling up the DagBag from /home/codespace/.local/share/virtualenvs/airflow_sandbox-vp-HKq_L/lib/python3.10/site-packages/airflow/example_dags/tutorial_taskflow_api.py
[2024-02-14T09:29:12.119+0000] {processor.py:840} INFO - DAG(s) 'tutorial_taskflow_api' retrieved from /home/codespace/.local/share/virtualenvs/airflow_sandbox-vp-HKq_L/lib/python3.10/site-packages/airflow/example_dags/tutorial_taskflow_api.py
[2024-02-14T09:29:12.131+0000] {logging_mixin.py:188} INFO - [2024-02-14T09:29:12.131+0000] {dag.py:3033} INFO - Sync 1 DAGs
[2024-02-14T09:29:12.140+0000] {logging_mixin.py:188} INFO - [2024-02-14T09:29:12.140+0000] {dag.py:3820} INFO - Setting next_dagrun for tutorial_taskflow_api to None, run_after=None
[2024-02-14T09:29:12.183+0000] {processor.py:183} INFO - Processing /home/codespace/.local/share/virtualenvs/airflow_sandbox-vp-HKq_L/lib/python3.10/site-packages/airflow/example_dags/tutorial_taskflow_api.py took 0.078 seconds
[2024-02-14T09:29:48.219+0000] {processor.py:161} INFO - Started process (PID=16288) to work on /home/codespace/.local/share/virtualenvs/airflow_sandbox-vp-HKq_L/lib/python3.10/site-packages/airflow/example_dags/tutorial_taskflow_api.py
[2024-02-14T09:29:48.219+0000] {processor.py:830} INFO - Processing file /home/codespace/.local/share/virtualenvs/airflow_sandbox-vp-HKq_L/lib/python3.10/site-packages/airflow/example_dags/tutorial_taskflow_api.py for tasks to queue
[2024-02-14T09:29:48.220+0000] {logging_mixin.py:188} INFO - [2024-02-14T09:29:48.220+0000] {dagbag.py:538} INFO - Filling up the DagBag from /home/codespace/.local/share/virtualenvs/airflow_sandbox-vp-HKq_L/lib/python3.10/site-packages/airflow/example_dags/tutorial_taskflow_api.py
[2024-02-14T09:29:48.225+0000] {processor.py:840} INFO - DAG(s) 'tutorial_taskflow_api' retrieved from /home/codespace/.local/share/virtualenvs/airflow_sandbox-vp-HKq_L/lib/python3.10/site-packages/airflow/example_dags/tutorial_taskflow_api.py
[2024-02-14T09:29:48.237+0000] {logging_mixin.py:188} INFO - [2024-02-14T09:29:48.237+0000] {dag.py:3033} INFO - Sync 1 DAGs
[2024-02-14T09:29:48.245+0000] {logging_mixin.py:188} INFO - [2024-02-14T09:29:48.245+0000] {dag.py:3820} INFO - Setting next_dagrun for tutorial_taskflow_api to None, run_after=None
[2024-02-14T09:29:48.290+0000] {processor.py:183} INFO - Processing /home/codespace/.local/share/virtualenvs/airflow_sandbox-vp-HKq_L/lib/python3.10/site-packages/airflow/example_dags/tutorial_taskflow_api.py took 0.074 seconds
[2024-02-14T09:30:23.200+0000] {processor.py:161} INFO - Started process (PID=16527) to work on /home/codespace/.local/share/virtualenvs/airflow_sandbox-vp-HKq_L/lib/python3.10/site-packages/airflow/example_dags/tutorial_taskflow_api.py
[2024-02-14T09:30:23.201+0000] {processor.py:830} INFO - Processing file /home/codespace/.local/share/virtualenvs/airflow_sandbox-vp-HKq_L/lib/python3.10/site-packages/airflow/example_dags/tutorial_taskflow_api.py for tasks to queue
[2024-02-14T09:30:23.201+0000] {logging_mixin.py:188} INFO - [2024-02-14T09:30:23.201+0000] {dagbag.py:538} INFO - Filling up the DagBag from /home/codespace/.local/share/virtualenvs/airflow_sandbox-vp-HKq_L/lib/python3.10/site-packages/airflow/example_dags/tutorial_taskflow_api.py
[2024-02-14T09:30:23.206+0000] {processor.py:840} INFO - DAG(s) 'tutorial_taskflow_api' retrieved from /home/codespace/.local/share/virtualenvs/airflow_sandbox-vp-HKq_L/lib/python3.10/site-packages/airflow/example_dags/tutorial_taskflow_api.py
[2024-02-14T09:30:23.218+0000] {logging_mixin.py:188} INFO - [2024-02-14T09:30:23.218+0000] {dag.py:3033} INFO - Sync 1 DAGs
[2024-02-14T09:30:23.227+0000] {logging_mixin.py:188} INFO - [2024-02-14T09:30:23.227+0000] {dag.py:3820} INFO - Setting next_dagrun for tutorial_taskflow_api to None, run_after=None
[2024-02-14T09:30:23.270+0000] {processor.py:183} INFO - Processing /home/codespace/.local/share/virtualenvs/airflow_sandbox-vp-HKq_L/lib/python3.10/site-packages/airflow/example_dags/tutorial_taskflow_api.py took 0.072 seconds
[2024-02-14T09:31:14.061+0000] {processor.py:161} INFO - Started process (PID=16897) to work on /home/codespace/.local/share/virtualenvs/airflow_sandbox-vp-HKq_L/lib/python3.10/site-packages/airflow/example_dags/tutorial_taskflow_api.py
[2024-02-14T09:31:14.062+0000] {processor.py:830} INFO - Processing file /home/codespace/.local/share/virtualenvs/airflow_sandbox-vp-HKq_L/lib/python3.10/site-packages/airflow/example_dags/tutorial_taskflow_api.py for tasks to queue
[2024-02-14T09:31:14.063+0000] {logging_mixin.py:188} INFO - [2024-02-14T09:31:14.062+0000] {dagbag.py:538} INFO - Filling up the DagBag from /home/codespace/.local/share/virtualenvs/airflow_sandbox-vp-HKq_L/lib/python3.10/site-packages/airflow/example_dags/tutorial_taskflow_api.py
[2024-02-14T09:31:14.068+0000] {processor.py:840} INFO - DAG(s) 'tutorial_taskflow_api' retrieved from /home/codespace/.local/share/virtualenvs/airflow_sandbox-vp-HKq_L/lib/python3.10/site-packages/airflow/example_dags/tutorial_taskflow_api.py
[2024-02-14T09:31:14.080+0000] {logging_mixin.py:188} INFO - [2024-02-14T09:31:14.080+0000] {dag.py:3033} INFO - Sync 1 DAGs
[2024-02-14T09:31:14.089+0000] {logging_mixin.py:188} INFO - [2024-02-14T09:31:14.089+0000] {dag.py:3820} INFO - Setting next_dagrun for tutorial_taskflow_api to None, run_after=None
[2024-02-14T09:31:14.137+0000] {processor.py:183} INFO - Processing /home/codespace/.local/share/virtualenvs/airflow_sandbox-vp-HKq_L/lib/python3.10/site-packages/airflow/example_dags/tutorial_taskflow_api.py took 0.078 seconds
[2024-02-14T09:31:49.473+0000] {processor.py:161} INFO - Started process (PID=17151) to work on /home/codespace/.local/share/virtualenvs/airflow_sandbox-vp-HKq_L/lib/python3.10/site-packages/airflow/example_dags/tutorial_taskflow_api.py
[2024-02-14T09:31:49.474+0000] {processor.py:830} INFO - Processing file /home/codespace/.local/share/virtualenvs/airflow_sandbox-vp-HKq_L/lib/python3.10/site-packages/airflow/example_dags/tutorial_taskflow_api.py for tasks to queue
[2024-02-14T09:31:49.475+0000] {logging_mixin.py:188} INFO - [2024-02-14T09:31:49.474+0000] {dagbag.py:538} INFO - Filling up the DagBag from /home/codespace/.local/share/virtualenvs/airflow_sandbox-vp-HKq_L/lib/python3.10/site-packages/airflow/example_dags/tutorial_taskflow_api.py
[2024-02-14T09:31:49.480+0000] {processor.py:840} INFO - DAG(s) 'tutorial_taskflow_api' retrieved from /home/codespace/.local/share/virtualenvs/airflow_sandbox-vp-HKq_L/lib/python3.10/site-packages/airflow/example_dags/tutorial_taskflow_api.py
[2024-02-14T09:31:49.491+0000] {logging_mixin.py:188} INFO - [2024-02-14T09:31:49.491+0000] {dag.py:3033} INFO - Sync 1 DAGs
[2024-02-14T09:31:49.501+0000] {logging_mixin.py:188} INFO - [2024-02-14T09:31:49.501+0000] {dag.py:3820} INFO - Setting next_dagrun for tutorial_taskflow_api to None, run_after=None
[2024-02-14T09:31:49.544+0000] {processor.py:183} INFO - Processing /home/codespace/.local/share/virtualenvs/airflow_sandbox-vp-HKq_L/lib/python3.10/site-packages/airflow/example_dags/tutorial_taskflow_api.py took 0.073 seconds
[2024-02-14T09:32:26.073+0000] {processor.py:161} INFO - Started process (PID=17389) to work on /home/codespace/.local/share/virtualenvs/airflow_sandbox-vp-HKq_L/lib/python3.10/site-packages/airflow/example_dags/tutorial_taskflow_api.py
[2024-02-14T09:32:26.074+0000] {processor.py:830} INFO - Processing file /home/codespace/.local/share/virtualenvs/airflow_sandbox-vp-HKq_L/lib/python3.10/site-packages/airflow/example_dags/tutorial_taskflow_api.py for tasks to queue
[2024-02-14T09:32:26.075+0000] {logging_mixin.py:188} INFO - [2024-02-14T09:32:26.074+0000] {dagbag.py:538} INFO - Filling up the DagBag from /home/codespace/.local/share/virtualenvs/airflow_sandbox-vp-HKq_L/lib/python3.10/site-packages/airflow/example_dags/tutorial_taskflow_api.py
[2024-02-14T09:32:26.080+0000] {processor.py:840} INFO - DAG(s) 'tutorial_taskflow_api' retrieved from /home/codespace/.local/share/virtualenvs/airflow_sandbox-vp-HKq_L/lib/python3.10/site-packages/airflow/example_dags/tutorial_taskflow_api.py
[2024-02-14T09:32:26.091+0000] {logging_mixin.py:188} INFO - [2024-02-14T09:32:26.091+0000] {dag.py:3033} INFO - Sync 1 DAGs
[2024-02-14T09:32:26.100+0000] {logging_mixin.py:188} INFO - [2024-02-14T09:32:26.099+0000] {dag.py:3820} INFO - Setting next_dagrun for tutorial_taskflow_api to None, run_after=None
[2024-02-14T09:32:26.143+0000] {processor.py:183} INFO - Processing /home/codespace/.local/share/virtualenvs/airflow_sandbox-vp-HKq_L/lib/python3.10/site-packages/airflow/example_dags/tutorial_taskflow_api.py took 0.072 seconds
[2024-02-14T09:33:01.365+0000] {processor.py:161} INFO - Started process (PID=17679) to work on /home/codespace/.local/share/virtualenvs/airflow_sandbox-vp-HKq_L/lib/python3.10/site-packages/airflow/example_dags/tutorial_taskflow_api.py
[2024-02-14T09:33:01.366+0000] {processor.py:830} INFO - Processing file /home/codespace/.local/share/virtualenvs/airflow_sandbox-vp-HKq_L/lib/python3.10/site-packages/airflow/example_dags/tutorial_taskflow_api.py for tasks to queue
[2024-02-14T09:33:01.367+0000] {logging_mixin.py:188} INFO - [2024-02-14T09:33:01.367+0000] {dagbag.py:538} INFO - Filling up the DagBag from /home/codespace/.local/share/virtualenvs/airflow_sandbox-vp-HKq_L/lib/python3.10/site-packages/airflow/example_dags/tutorial_taskflow_api.py
[2024-02-14T09:33:01.372+0000] {processor.py:840} INFO - DAG(s) 'tutorial_taskflow_api' retrieved from /home/codespace/.local/share/virtualenvs/airflow_sandbox-vp-HKq_L/lib/python3.10/site-packages/airflow/example_dags/tutorial_taskflow_api.py
[2024-02-14T09:33:01.384+0000] {logging_mixin.py:188} INFO - [2024-02-14T09:33:01.384+0000] {dag.py:3033} INFO - Sync 1 DAGs
[2024-02-14T09:33:01.393+0000] {logging_mixin.py:188} INFO - [2024-02-14T09:33:01.392+0000] {dag.py:3820} INFO - Setting next_dagrun for tutorial_taskflow_api to None, run_after=None
[2024-02-14T09:33:01.434+0000] {processor.py:183} INFO - Processing /home/codespace/.local/share/virtualenvs/airflow_sandbox-vp-HKq_L/lib/python3.10/site-packages/airflow/example_dags/tutorial_taskflow_api.py took 0.071 seconds
[2024-02-14T09:33:35.511+0000] {processor.py:161} INFO - Started process (PID=17914) to work on /home/codespace/.local/share/virtualenvs/airflow_sandbox-vp-HKq_L/lib/python3.10/site-packages/airflow/example_dags/tutorial_taskflow_api.py
[2024-02-14T09:33:35.511+0000] {processor.py:830} INFO - Processing file /home/codespace/.local/share/virtualenvs/airflow_sandbox-vp-HKq_L/lib/python3.10/site-packages/airflow/example_dags/tutorial_taskflow_api.py for tasks to queue
[2024-02-14T09:33:35.512+0000] {logging_mixin.py:188} INFO - [2024-02-14T09:33:35.512+0000] {dagbag.py:538} INFO - Filling up the DagBag from /home/codespace/.local/share/virtualenvs/airflow_sandbox-vp-HKq_L/lib/python3.10/site-packages/airflow/example_dags/tutorial_taskflow_api.py
[2024-02-14T09:33:35.518+0000] {processor.py:840} INFO - DAG(s) 'tutorial_taskflow_api' retrieved from /home/codespace/.local/share/virtualenvs/airflow_sandbox-vp-HKq_L/lib/python3.10/site-packages/airflow/example_dags/tutorial_taskflow_api.py
[2024-02-14T09:33:35.530+0000] {logging_mixin.py:188} INFO - [2024-02-14T09:33:35.530+0000] {dag.py:3033} INFO - Sync 1 DAGs
[2024-02-14T09:33:35.540+0000] {logging_mixin.py:188} INFO - [2024-02-14T09:33:35.540+0000] {dag.py:3820} INFO - Setting next_dagrun for tutorial_taskflow_api to None, run_after=None
[2024-02-14T09:33:35.583+0000] {processor.py:183} INFO - Processing /home/codespace/.local/share/virtualenvs/airflow_sandbox-vp-HKq_L/lib/python3.10/site-packages/airflow/example_dags/tutorial_taskflow_api.py took 0.075 seconds
[2024-02-14T09:34:11.301+0000] {processor.py:161} INFO - Started process (PID=18184) to work on /home/codespace/.local/share/virtualenvs/airflow_sandbox-vp-HKq_L/lib/python3.10/site-packages/airflow/example_dags/tutorial_taskflow_api.py
[2024-02-14T09:34:11.302+0000] {processor.py:830} INFO - Processing file /home/codespace/.local/share/virtualenvs/airflow_sandbox-vp-HKq_L/lib/python3.10/site-packages/airflow/example_dags/tutorial_taskflow_api.py for tasks to queue
[2024-02-14T09:34:11.302+0000] {logging_mixin.py:188} INFO - [2024-02-14T09:34:11.302+0000] {dagbag.py:538} INFO - Filling up the DagBag from /home/codespace/.local/share/virtualenvs/airflow_sandbox-vp-HKq_L/lib/python3.10/site-packages/airflow/example_dags/tutorial_taskflow_api.py
[2024-02-14T09:34:11.307+0000] {processor.py:840} INFO - DAG(s) 'tutorial_taskflow_api' retrieved from /home/codespace/.local/share/virtualenvs/airflow_sandbox-vp-HKq_L/lib/python3.10/site-packages/airflow/example_dags/tutorial_taskflow_api.py
[2024-02-14T09:34:11.322+0000] {logging_mixin.py:188} INFO - [2024-02-14T09:34:11.322+0000] {dag.py:3033} INFO - Sync 1 DAGs
[2024-02-14T09:34:11.331+0000] {logging_mixin.py:188} INFO - [2024-02-14T09:34:11.331+0000] {dag.py:3820} INFO - Setting next_dagrun for tutorial_taskflow_api to None, run_after=None
[2024-02-14T09:34:11.374+0000] {processor.py:183} INFO - Processing /home/codespace/.local/share/virtualenvs/airflow_sandbox-vp-HKq_L/lib/python3.10/site-packages/airflow/example_dags/tutorial_taskflow_api.py took 0.075 seconds
[2024-02-14T09:34:47.366+0000] {processor.py:161} INFO - Started process (PID=18554) to work on /home/codespace/.local/share/virtualenvs/airflow_sandbox-vp-HKq_L/lib/python3.10/site-packages/airflow/example_dags/tutorial_taskflow_api.py
[2024-02-14T09:34:47.367+0000] {processor.py:830} INFO - Processing file /home/codespace/.local/share/virtualenvs/airflow_sandbox-vp-HKq_L/lib/python3.10/site-packages/airflow/example_dags/tutorial_taskflow_api.py for tasks to queue
[2024-02-14T09:34:47.367+0000] {logging_mixin.py:188} INFO - [2024-02-14T09:34:47.367+0000] {dagbag.py:538} INFO - Filling up the DagBag from /home/codespace/.local/share/virtualenvs/airflow_sandbox-vp-HKq_L/lib/python3.10/site-packages/airflow/example_dags/tutorial_taskflow_api.py
[2024-02-14T09:34:47.373+0000] {processor.py:840} INFO - DAG(s) 'tutorial_taskflow_api' retrieved from /home/codespace/.local/share/virtualenvs/airflow_sandbox-vp-HKq_L/lib/python3.10/site-packages/airflow/example_dags/tutorial_taskflow_api.py
[2024-02-14T09:34:47.387+0000] {logging_mixin.py:188} INFO - [2024-02-14T09:34:47.387+0000] {dag.py:3033} INFO - Sync 1 DAGs
[2024-02-14T09:34:47.432+0000] {logging_mixin.py:188} INFO - [2024-02-14T09:34:47.432+0000] {dag.py:3820} INFO - Setting next_dagrun for tutorial_taskflow_api to None, run_after=None
[2024-02-14T09:34:47.473+0000] {processor.py:183} INFO - Processing /home/codespace/.local/share/virtualenvs/airflow_sandbox-vp-HKq_L/lib/python3.10/site-packages/airflow/example_dags/tutorial_taskflow_api.py took 0.109 seconds
