[2024-02-14T09:07:44.763+0000] {processor.py:161} INFO - Started process (PID=4573) to work on /home/codespace/.local/share/virtualenvs/airflow_sandbox-vp-HKq_L/lib/python3.10/site-packages/airflow/example_dags/tutorial_dag.py
[2024-02-14T09:07:44.772+0000] {processor.py:830} INFO - Processing file /home/codespace/.local/share/virtualenvs/airflow_sandbox-vp-HKq_L/lib/python3.10/site-packages/airflow/example_dags/tutorial_dag.py for tasks to queue
[2024-02-14T09:07:44.773+0000] {logging_mixin.py:188} INFO - [2024-02-14T09:07:44.772+0000] {dagbag.py:538} INFO - Filling up the DagBag from /home/codespace/.local/share/virtualenvs/airflow_sandbox-vp-HKq_L/lib/python3.10/site-packages/airflow/example_dags/tutorial_dag.py
[2024-02-14T09:07:44.779+0000] {processor.py:840} INFO - DAG(s) 'tutorial_dag' retrieved from /home/codespace/.local/share/virtualenvs/airflow_sandbox-vp-HKq_L/lib/python3.10/site-packages/airflow/example_dags/tutorial_dag.py
[2024-02-14T09:07:44.808+0000] {logging_mixin.py:188} INFO - [2024-02-14T09:07:44.807+0000] {dag.py:3033} INFO - Sync 1 DAGs
[2024-02-14T09:07:44.933+0000] {logging_mixin.py:188} INFO - [2024-02-14T09:07:44.933+0000] {dag.py:3820} INFO - Setting next_dagrun for tutorial_dag to None, run_after=None
[2024-02-14T09:07:44.995+0000] {processor.py:183} INFO - Processing /home/codespace/.local/share/virtualenvs/airflow_sandbox-vp-HKq_L/lib/python3.10/site-packages/airflow/example_dags/tutorial_dag.py took 0.236 seconds
[2024-02-14T09:08:34.429+0000] {processor.py:161} INFO - Started process (PID=5146) to work on /home/codespace/.local/share/virtualenvs/airflow_sandbox-vp-HKq_L/lib/python3.10/site-packages/airflow/example_dags/tutorial_dag.py
[2024-02-14T09:08:34.430+0000] {processor.py:830} INFO - Processing file /home/codespace/.local/share/virtualenvs/airflow_sandbox-vp-HKq_L/lib/python3.10/site-packages/airflow/example_dags/tutorial_dag.py for tasks to queue
[2024-02-14T09:08:34.430+0000] {logging_mixin.py:188} INFO - [2024-02-14T09:08:34.430+0000] {dagbag.py:538} INFO - Filling up the DagBag from /home/codespace/.local/share/virtualenvs/airflow_sandbox-vp-HKq_L/lib/python3.10/site-packages/airflow/example_dags/tutorial_dag.py
[2024-02-14T09:08:34.434+0000] {processor.py:840} INFO - DAG(s) 'tutorial_dag' retrieved from /home/codespace/.local/share/virtualenvs/airflow_sandbox-vp-HKq_L/lib/python3.10/site-packages/airflow/example_dags/tutorial_dag.py
[2024-02-14T09:08:34.447+0000] {logging_mixin.py:188} INFO - [2024-02-14T09:08:34.446+0000] {dag.py:3033} INFO - Sync 1 DAGs
[2024-02-14T09:08:34.456+0000] {logging_mixin.py:188} INFO - [2024-02-14T09:08:34.455+0000] {dag.py:3820} INFO - Setting next_dagrun for tutorial_dag to None, run_after=None
[2024-02-14T09:08:34.498+0000] {processor.py:183} INFO - Processing /home/codespace/.local/share/virtualenvs/airflow_sandbox-vp-HKq_L/lib/python3.10/site-packages/airflow/example_dags/tutorial_dag.py took 0.071 seconds
[2024-02-14T09:09:29.882+0000] {processor.py:161} INFO - Started process (PID=5984) to work on /home/codespace/.local/share/virtualenvs/airflow_sandbox-vp-HKq_L/lib/python3.10/site-packages/airflow/example_dags/tutorial_dag.py
[2024-02-14T09:09:29.883+0000] {processor.py:830} INFO - Processing file /home/codespace/.local/share/virtualenvs/airflow_sandbox-vp-HKq_L/lib/python3.10/site-packages/airflow/example_dags/tutorial_dag.py for tasks to queue
[2024-02-14T09:09:29.884+0000] {logging_mixin.py:188} INFO - [2024-02-14T09:09:29.884+0000] {dagbag.py:538} INFO - Filling up the DagBag from /home/codespace/.local/share/virtualenvs/airflow_sandbox-vp-HKq_L/lib/python3.10/site-packages/airflow/example_dags/tutorial_dag.py
[2024-02-14T09:09:29.889+0000] {processor.py:840} INFO - DAG(s) 'tutorial_dag' retrieved from /home/codespace/.local/share/virtualenvs/airflow_sandbox-vp-HKq_L/lib/python3.10/site-packages/airflow/example_dags/tutorial_dag.py
[2024-02-14T09:09:29.902+0000] {logging_mixin.py:188} INFO - [2024-02-14T09:09:29.902+0000] {dag.py:3033} INFO - Sync 1 DAGs
[2024-02-14T09:09:29.912+0000] {logging_mixin.py:188} INFO - [2024-02-14T09:09:29.912+0000] {dag.py:3820} INFO - Setting next_dagrun for tutorial_dag to None, run_after=None
[2024-02-14T09:09:29.960+0000] {processor.py:183} INFO - Processing /home/codespace/.local/share/virtualenvs/airflow_sandbox-vp-HKq_L/lib/python3.10/site-packages/airflow/example_dags/tutorial_dag.py took 0.081 seconds
[2024-02-14T09:10:15.056+0000] {processor.py:161} INFO - Started process (PID=6592) to work on /home/codespace/.local/share/virtualenvs/airflow_sandbox-vp-HKq_L/lib/python3.10/site-packages/airflow/example_dags/tutorial_dag.py
[2024-02-14T09:10:15.056+0000] {processor.py:830} INFO - Processing file /home/codespace/.local/share/virtualenvs/airflow_sandbox-vp-HKq_L/lib/python3.10/site-packages/airflow/example_dags/tutorial_dag.py for tasks to queue
[2024-02-14T09:10:15.057+0000] {logging_mixin.py:188} INFO - [2024-02-14T09:10:15.057+0000] {dagbag.py:538} INFO - Filling up the DagBag from /home/codespace/.local/share/virtualenvs/airflow_sandbox-vp-HKq_L/lib/python3.10/site-packages/airflow/example_dags/tutorial_dag.py
[2024-02-14T09:10:15.062+0000] {processor.py:840} INFO - DAG(s) 'tutorial_dag' retrieved from /home/codespace/.local/share/virtualenvs/airflow_sandbox-vp-HKq_L/lib/python3.10/site-packages/airflow/example_dags/tutorial_dag.py
[2024-02-14T09:10:15.074+0000] {logging_mixin.py:188} INFO - [2024-02-14T09:10:15.073+0000] {dag.py:3033} INFO - Sync 1 DAGs
[2024-02-14T09:10:15.083+0000] {logging_mixin.py:188} INFO - [2024-02-14T09:10:15.082+0000] {dag.py:3820} INFO - Setting next_dagrun for tutorial_dag to None, run_after=None
[2024-02-14T09:10:15.133+0000] {processor.py:183} INFO - Processing /home/codespace/.local/share/virtualenvs/airflow_sandbox-vp-HKq_L/lib/python3.10/site-packages/airflow/example_dags/tutorial_dag.py took 0.080 seconds
[2024-02-14T09:10:54.937+0000] {processor.py:161} INFO - Started process (PID=7003) to work on /home/codespace/.local/share/virtualenvs/airflow_sandbox-vp-HKq_L/lib/python3.10/site-packages/airflow/example_dags/tutorial_dag.py
[2024-02-14T09:10:54.937+0000] {processor.py:830} INFO - Processing file /home/codespace/.local/share/virtualenvs/airflow_sandbox-vp-HKq_L/lib/python3.10/site-packages/airflow/example_dags/tutorial_dag.py for tasks to queue
[2024-02-14T09:10:54.938+0000] {logging_mixin.py:188} INFO - [2024-02-14T09:10:54.938+0000] {dagbag.py:538} INFO - Filling up the DagBag from /home/codespace/.local/share/virtualenvs/airflow_sandbox-vp-HKq_L/lib/python3.10/site-packages/airflow/example_dags/tutorial_dag.py
[2024-02-14T09:10:54.943+0000] {processor.py:840} INFO - DAG(s) 'tutorial_dag' retrieved from /home/codespace/.local/share/virtualenvs/airflow_sandbox-vp-HKq_L/lib/python3.10/site-packages/airflow/example_dags/tutorial_dag.py
[2024-02-14T09:10:54.956+0000] {logging_mixin.py:188} INFO - [2024-02-14T09:10:54.956+0000] {dag.py:3033} INFO - Sync 1 DAGs
[2024-02-14T09:10:54.965+0000] {logging_mixin.py:188} INFO - [2024-02-14T09:10:54.965+0000] {dag.py:3820} INFO - Setting next_dagrun for tutorial_dag to None, run_after=None
[2024-02-14T09:10:55.009+0000] {processor.py:183} INFO - Processing /home/codespace/.local/share/virtualenvs/airflow_sandbox-vp-HKq_L/lib/python3.10/site-packages/airflow/example_dags/tutorial_dag.py took 0.074 seconds
[2024-02-14T09:11:32.388+0000] {processor.py:161} INFO - Started process (PID=7519) to work on /home/codespace/.local/share/virtualenvs/airflow_sandbox-vp-HKq_L/lib/python3.10/site-packages/airflow/example_dags/tutorial_dag.py
[2024-02-14T09:11:32.389+0000] {processor.py:830} INFO - Processing file /home/codespace/.local/share/virtualenvs/airflow_sandbox-vp-HKq_L/lib/python3.10/site-packages/airflow/example_dags/tutorial_dag.py for tasks to queue
[2024-02-14T09:11:32.389+0000] {logging_mixin.py:188} INFO - [2024-02-14T09:11:32.389+0000] {dagbag.py:538} INFO - Filling up the DagBag from /home/codespace/.local/share/virtualenvs/airflow_sandbox-vp-HKq_L/lib/python3.10/site-packages/airflow/example_dags/tutorial_dag.py
[2024-02-14T09:11:32.395+0000] {processor.py:840} INFO - DAG(s) 'tutorial_dag' retrieved from /home/codespace/.local/share/virtualenvs/airflow_sandbox-vp-HKq_L/lib/python3.10/site-packages/airflow/example_dags/tutorial_dag.py
[2024-02-14T09:11:32.409+0000] {logging_mixin.py:188} INFO - [2024-02-14T09:11:32.408+0000] {dag.py:3033} INFO - Sync 1 DAGs
[2024-02-14T09:11:32.418+0000] {logging_mixin.py:188} INFO - [2024-02-14T09:11:32.418+0000] {dag.py:3820} INFO - Setting next_dagrun for tutorial_dag to None, run_after=None
[2024-02-14T09:11:32.459+0000] {processor.py:183} INFO - Processing /home/codespace/.local/share/virtualenvs/airflow_sandbox-vp-HKq_L/lib/python3.10/site-packages/airflow/example_dags/tutorial_dag.py took 0.074 seconds
[2024-02-14T09:12:09.417+0000] {processor.py:161} INFO - Started process (PID=7952) to work on /home/codespace/.local/share/virtualenvs/airflow_sandbox-vp-HKq_L/lib/python3.10/site-packages/airflow/example_dags/tutorial_dag.py
[2024-02-14T09:12:09.417+0000] {processor.py:830} INFO - Processing file /home/codespace/.local/share/virtualenvs/airflow_sandbox-vp-HKq_L/lib/python3.10/site-packages/airflow/example_dags/tutorial_dag.py for tasks to queue
[2024-02-14T09:12:09.418+0000] {logging_mixin.py:188} INFO - [2024-02-14T09:12:09.418+0000] {dagbag.py:538} INFO - Filling up the DagBag from /home/codespace/.local/share/virtualenvs/airflow_sandbox-vp-HKq_L/lib/python3.10/site-packages/airflow/example_dags/tutorial_dag.py
[2024-02-14T09:12:09.422+0000] {processor.py:840} INFO - DAG(s) 'tutorial_dag' retrieved from /home/codespace/.local/share/virtualenvs/airflow_sandbox-vp-HKq_L/lib/python3.10/site-packages/airflow/example_dags/tutorial_dag.py
[2024-02-14T09:12:09.433+0000] {logging_mixin.py:188} INFO - [2024-02-14T09:12:09.433+0000] {dag.py:3033} INFO - Sync 1 DAGs
[2024-02-14T09:12:09.442+0000] {logging_mixin.py:188} INFO - [2024-02-14T09:12:09.442+0000] {dag.py:3820} INFO - Setting next_dagrun for tutorial_dag to None, run_after=None
[2024-02-14T09:12:09.483+0000] {processor.py:183} INFO - Processing /home/codespace/.local/share/virtualenvs/airflow_sandbox-vp-HKq_L/lib/python3.10/site-packages/airflow/example_dags/tutorial_dag.py took 0.069 seconds
[2024-02-14T09:12:46.926+0000] {processor.py:161} INFO - Started process (PID=8281) to work on /home/codespace/.local/share/virtualenvs/airflow_sandbox-vp-HKq_L/lib/python3.10/site-packages/airflow/example_dags/tutorial_dag.py
[2024-02-14T09:12:46.927+0000] {processor.py:830} INFO - Processing file /home/codespace/.local/share/virtualenvs/airflow_sandbox-vp-HKq_L/lib/python3.10/site-packages/airflow/example_dags/tutorial_dag.py for tasks to queue
[2024-02-14T09:12:46.927+0000] {logging_mixin.py:188} INFO - [2024-02-14T09:12:46.927+0000] {dagbag.py:538} INFO - Filling up the DagBag from /home/codespace/.local/share/virtualenvs/airflow_sandbox-vp-HKq_L/lib/python3.10/site-packages/airflow/example_dags/tutorial_dag.py
[2024-02-14T09:12:46.931+0000] {processor.py:840} INFO - DAG(s) 'tutorial_dag' retrieved from /home/codespace/.local/share/virtualenvs/airflow_sandbox-vp-HKq_L/lib/python3.10/site-packages/airflow/example_dags/tutorial_dag.py
[2024-02-14T09:12:46.943+0000] {logging_mixin.py:188} INFO - [2024-02-14T09:12:46.943+0000] {dag.py:3033} INFO - Sync 1 DAGs
[2024-02-14T09:12:46.957+0000] {logging_mixin.py:188} INFO - [2024-02-14T09:12:46.956+0000] {dag.py:3820} INFO - Setting next_dagrun for tutorial_dag to None, run_after=None
[2024-02-14T09:12:47.000+0000] {processor.py:183} INFO - Processing /home/codespace/.local/share/virtualenvs/airflow_sandbox-vp-HKq_L/lib/python3.10/site-packages/airflow/example_dags/tutorial_dag.py took 0.077 seconds
[2024-02-14T09:13:25.528+0000] {processor.py:161} INFO - Started process (PID=8569) to work on /home/codespace/.local/share/virtualenvs/airflow_sandbox-vp-HKq_L/lib/python3.10/site-packages/airflow/example_dags/tutorial_dag.py
[2024-02-14T09:13:25.529+0000] {processor.py:830} INFO - Processing file /home/codespace/.local/share/virtualenvs/airflow_sandbox-vp-HKq_L/lib/python3.10/site-packages/airflow/example_dags/tutorial_dag.py for tasks to queue
[2024-02-14T09:13:25.530+0000] {logging_mixin.py:188} INFO - [2024-02-14T09:13:25.529+0000] {dagbag.py:538} INFO - Filling up the DagBag from /home/codespace/.local/share/virtualenvs/airflow_sandbox-vp-HKq_L/lib/python3.10/site-packages/airflow/example_dags/tutorial_dag.py
[2024-02-14T09:13:25.534+0000] {processor.py:840} INFO - DAG(s) 'tutorial_dag' retrieved from /home/codespace/.local/share/virtualenvs/airflow_sandbox-vp-HKq_L/lib/python3.10/site-packages/airflow/example_dags/tutorial_dag.py
[2024-02-14T09:13:25.546+0000] {logging_mixin.py:188} INFO - [2024-02-14T09:13:25.546+0000] {dag.py:3033} INFO - Sync 1 DAGs
[2024-02-14T09:13:25.554+0000] {logging_mixin.py:188} INFO - [2024-02-14T09:13:25.554+0000] {dag.py:3820} INFO - Setting next_dagrun for tutorial_dag to None, run_after=None
[2024-02-14T09:13:25.605+0000] {processor.py:183} INFO - Processing /home/codespace/.local/share/virtualenvs/airflow_sandbox-vp-HKq_L/lib/python3.10/site-packages/airflow/example_dags/tutorial_dag.py took 0.079 seconds
[2024-02-14T09:14:17.192+0000] {processor.py:161} INFO - Started process (PID=9002) to work on /home/codespace/.local/share/virtualenvs/airflow_sandbox-vp-HKq_L/lib/python3.10/site-packages/airflow/example_dags/tutorial_dag.py
[2024-02-14T09:14:17.192+0000] {processor.py:830} INFO - Processing file /home/codespace/.local/share/virtualenvs/airflow_sandbox-vp-HKq_L/lib/python3.10/site-packages/airflow/example_dags/tutorial_dag.py for tasks to queue
[2024-02-14T09:14:17.193+0000] {logging_mixin.py:188} INFO - [2024-02-14T09:14:17.193+0000] {dagbag.py:538} INFO - Filling up the DagBag from /home/codespace/.local/share/virtualenvs/airflow_sandbox-vp-HKq_L/lib/python3.10/site-packages/airflow/example_dags/tutorial_dag.py
[2024-02-14T09:14:17.197+0000] {processor.py:840} INFO - DAG(s) 'tutorial_dag' retrieved from /home/codespace/.local/share/virtualenvs/airflow_sandbox-vp-HKq_L/lib/python3.10/site-packages/airflow/example_dags/tutorial_dag.py
[2024-02-14T09:14:17.209+0000] {logging_mixin.py:188} INFO - [2024-02-14T09:14:17.209+0000] {dag.py:3033} INFO - Sync 1 DAGs
[2024-02-14T09:14:17.218+0000] {logging_mixin.py:188} INFO - [2024-02-14T09:14:17.217+0000] {dag.py:3820} INFO - Setting next_dagrun for tutorial_dag to None, run_after=None
[2024-02-14T09:14:17.271+0000] {processor.py:183} INFO - Processing /home/codespace/.local/share/virtualenvs/airflow_sandbox-vp-HKq_L/lib/python3.10/site-packages/airflow/example_dags/tutorial_dag.py took 0.081 seconds
[2024-02-14T09:15:07.697+0000] {processor.py:161} INFO - Started process (PID=9355) to work on /home/codespace/.local/share/virtualenvs/airflow_sandbox-vp-HKq_L/lib/python3.10/site-packages/airflow/example_dags/tutorial_dag.py
[2024-02-14T09:15:07.698+0000] {processor.py:830} INFO - Processing file /home/codespace/.local/share/virtualenvs/airflow_sandbox-vp-HKq_L/lib/python3.10/site-packages/airflow/example_dags/tutorial_dag.py for tasks to queue
[2024-02-14T09:15:07.699+0000] {logging_mixin.py:188} INFO - [2024-02-14T09:15:07.698+0000] {dagbag.py:538} INFO - Filling up the DagBag from /home/codespace/.local/share/virtualenvs/airflow_sandbox-vp-HKq_L/lib/python3.10/site-packages/airflow/example_dags/tutorial_dag.py
[2024-02-14T09:15:07.703+0000] {processor.py:840} INFO - DAG(s) 'tutorial_dag' retrieved from /home/codespace/.local/share/virtualenvs/airflow_sandbox-vp-HKq_L/lib/python3.10/site-packages/airflow/example_dags/tutorial_dag.py
[2024-02-14T09:15:07.715+0000] {logging_mixin.py:188} INFO - [2024-02-14T09:15:07.715+0000] {dag.py:3033} INFO - Sync 1 DAGs
[2024-02-14T09:15:07.725+0000] {logging_mixin.py:188} INFO - [2024-02-14T09:15:07.725+0000] {dag.py:3820} INFO - Setting next_dagrun for tutorial_dag to None, run_after=None
[2024-02-14T09:15:07.766+0000] {processor.py:183} INFO - Processing /home/codespace/.local/share/virtualenvs/airflow_sandbox-vp-HKq_L/lib/python3.10/site-packages/airflow/example_dags/tutorial_dag.py took 0.071 seconds
[2024-02-14T09:15:58.221+0000] {processor.py:161} INFO - Started process (PID=9705) to work on /home/codespace/.local/share/virtualenvs/airflow_sandbox-vp-HKq_L/lib/python3.10/site-packages/airflow/example_dags/tutorial_dag.py
[2024-02-14T09:15:58.222+0000] {processor.py:830} INFO - Processing file /home/codespace/.local/share/virtualenvs/airflow_sandbox-vp-HKq_L/lib/python3.10/site-packages/airflow/example_dags/tutorial_dag.py for tasks to queue
[2024-02-14T09:15:58.223+0000] {logging_mixin.py:188} INFO - [2024-02-14T09:15:58.223+0000] {dagbag.py:538} INFO - Filling up the DagBag from /home/codespace/.local/share/virtualenvs/airflow_sandbox-vp-HKq_L/lib/python3.10/site-packages/airflow/example_dags/tutorial_dag.py
[2024-02-14T09:15:58.229+0000] {processor.py:840} INFO - DAG(s) 'tutorial_dag' retrieved from /home/codespace/.local/share/virtualenvs/airflow_sandbox-vp-HKq_L/lib/python3.10/site-packages/airflow/example_dags/tutorial_dag.py
[2024-02-14T09:15:58.247+0000] {logging_mixin.py:188} INFO - [2024-02-14T09:15:58.247+0000] {dag.py:3033} INFO - Sync 1 DAGs
[2024-02-14T09:15:58.261+0000] {logging_mixin.py:188} INFO - [2024-02-14T09:15:58.260+0000] {dag.py:3820} INFO - Setting next_dagrun for tutorial_dag to None, run_after=None
[2024-02-14T09:15:58.317+0000] {processor.py:183} INFO - Processing /home/codespace/.local/share/virtualenvs/airflow_sandbox-vp-HKq_L/lib/python3.10/site-packages/airflow/example_dags/tutorial_dag.py took 0.099 seconds
[2024-02-14T09:16:36.665+0000] {processor.py:161} INFO - Started process (PID=9994) to work on /home/codespace/.local/share/virtualenvs/airflow_sandbox-vp-HKq_L/lib/python3.10/site-packages/airflow/example_dags/tutorial_dag.py
[2024-02-14T09:16:36.666+0000] {processor.py:830} INFO - Processing file /home/codespace/.local/share/virtualenvs/airflow_sandbox-vp-HKq_L/lib/python3.10/site-packages/airflow/example_dags/tutorial_dag.py for tasks to queue
[2024-02-14T09:16:36.667+0000] {logging_mixin.py:188} INFO - [2024-02-14T09:16:36.666+0000] {dagbag.py:538} INFO - Filling up the DagBag from /home/codespace/.local/share/virtualenvs/airflow_sandbox-vp-HKq_L/lib/python3.10/site-packages/airflow/example_dags/tutorial_dag.py
[2024-02-14T09:16:36.671+0000] {processor.py:840} INFO - DAG(s) 'tutorial_dag' retrieved from /home/codespace/.local/share/virtualenvs/airflow_sandbox-vp-HKq_L/lib/python3.10/site-packages/airflow/example_dags/tutorial_dag.py
[2024-02-14T09:16:36.685+0000] {logging_mixin.py:188} INFO - [2024-02-14T09:16:36.685+0000] {dag.py:3033} INFO - Sync 1 DAGs
[2024-02-14T09:16:36.697+0000] {logging_mixin.py:188} INFO - [2024-02-14T09:16:36.697+0000] {dag.py:3820} INFO - Setting next_dagrun for tutorial_dag to None, run_after=None
[2024-02-14T09:16:36.738+0000] {processor.py:183} INFO - Processing /home/codespace/.local/share/virtualenvs/airflow_sandbox-vp-HKq_L/lib/python3.10/site-packages/airflow/example_dags/tutorial_dag.py took 0.076 seconds
[2024-02-14T09:17:29.860+0000] {processor.py:161} INFO - Started process (PID=10363) to work on /home/codespace/.local/share/virtualenvs/airflow_sandbox-vp-HKq_L/lib/python3.10/site-packages/airflow/example_dags/tutorial_dag.py
[2024-02-14T09:17:29.861+0000] {processor.py:830} INFO - Processing file /home/codespace/.local/share/virtualenvs/airflow_sandbox-vp-HKq_L/lib/python3.10/site-packages/airflow/example_dags/tutorial_dag.py for tasks to queue
[2024-02-14T09:17:29.861+0000] {logging_mixin.py:188} INFO - [2024-02-14T09:17:29.861+0000] {dagbag.py:538} INFO - Filling up the DagBag from /home/codespace/.local/share/virtualenvs/airflow_sandbox-vp-HKq_L/lib/python3.10/site-packages/airflow/example_dags/tutorial_dag.py
[2024-02-14T09:17:29.865+0000] {processor.py:840} INFO - DAG(s) 'tutorial_dag' retrieved from /home/codespace/.local/share/virtualenvs/airflow_sandbox-vp-HKq_L/lib/python3.10/site-packages/airflow/example_dags/tutorial_dag.py
[2024-02-14T09:17:29.878+0000] {logging_mixin.py:188} INFO - [2024-02-14T09:17:29.877+0000] {dag.py:3033} INFO - Sync 1 DAGs
[2024-02-14T09:17:29.887+0000] {logging_mixin.py:188} INFO - [2024-02-14T09:17:29.887+0000] {dag.py:3820} INFO - Setting next_dagrun for tutorial_dag to None, run_after=None
[2024-02-14T09:17:29.927+0000] {processor.py:183} INFO - Processing /home/codespace/.local/share/virtualenvs/airflow_sandbox-vp-HKq_L/lib/python3.10/site-packages/airflow/example_dags/tutorial_dag.py took 0.070 seconds
[2024-02-14T09:18:21.431+0000] {processor.py:161} INFO - Started process (PID=10768) to work on /home/codespace/.local/share/virtualenvs/airflow_sandbox-vp-HKq_L/lib/python3.10/site-packages/airflow/example_dags/tutorial_dag.py
[2024-02-14T09:18:21.432+0000] {processor.py:830} INFO - Processing file /home/codespace/.local/share/virtualenvs/airflow_sandbox-vp-HKq_L/lib/python3.10/site-packages/airflow/example_dags/tutorial_dag.py for tasks to queue
[2024-02-14T09:18:21.432+0000] {logging_mixin.py:188} INFO - [2024-02-14T09:18:21.432+0000] {dagbag.py:538} INFO - Filling up the DagBag from /home/codespace/.local/share/virtualenvs/airflow_sandbox-vp-HKq_L/lib/python3.10/site-packages/airflow/example_dags/tutorial_dag.py
[2024-02-14T09:18:21.437+0000] {processor.py:840} INFO - DAG(s) 'tutorial_dag' retrieved from /home/codespace/.local/share/virtualenvs/airflow_sandbox-vp-HKq_L/lib/python3.10/site-packages/airflow/example_dags/tutorial_dag.py
[2024-02-14T09:18:21.448+0000] {logging_mixin.py:188} INFO - [2024-02-14T09:18:21.448+0000] {dag.py:3033} INFO - Sync 1 DAGs
[2024-02-14T09:18:21.457+0000] {logging_mixin.py:188} INFO - [2024-02-14T09:18:21.457+0000] {dag.py:3820} INFO - Setting next_dagrun for tutorial_dag to None, run_after=None
[2024-02-14T09:18:21.497+0000] {processor.py:183} INFO - Processing /home/codespace/.local/share/virtualenvs/airflow_sandbox-vp-HKq_L/lib/python3.10/site-packages/airflow/example_dags/tutorial_dag.py took 0.068 seconds
[2024-02-14T09:19:14.453+0000] {processor.py:161} INFO - Started process (PID=11163) to work on /home/codespace/.local/share/virtualenvs/airflow_sandbox-vp-HKq_L/lib/python3.10/site-packages/airflow/example_dags/tutorial_dag.py
[2024-02-14T09:19:14.454+0000] {processor.py:830} INFO - Processing file /home/codespace/.local/share/virtualenvs/airflow_sandbox-vp-HKq_L/lib/python3.10/site-packages/airflow/example_dags/tutorial_dag.py for tasks to queue
[2024-02-14T09:19:14.455+0000] {logging_mixin.py:188} INFO - [2024-02-14T09:19:14.454+0000] {dagbag.py:538} INFO - Filling up the DagBag from /home/codespace/.local/share/virtualenvs/airflow_sandbox-vp-HKq_L/lib/python3.10/site-packages/airflow/example_dags/tutorial_dag.py
[2024-02-14T09:19:14.459+0000] {processor.py:840} INFO - DAG(s) 'tutorial_dag' retrieved from /home/codespace/.local/share/virtualenvs/airflow_sandbox-vp-HKq_L/lib/python3.10/site-packages/airflow/example_dags/tutorial_dag.py
[2024-02-14T09:19:14.470+0000] {logging_mixin.py:188} INFO - [2024-02-14T09:19:14.470+0000] {dag.py:3033} INFO - Sync 1 DAGs
[2024-02-14T09:19:14.479+0000] {logging_mixin.py:188} INFO - [2024-02-14T09:19:14.479+0000] {dag.py:3820} INFO - Setting next_dagrun for tutorial_dag to None, run_after=None
[2024-02-14T09:19:14.522+0000] {processor.py:183} INFO - Processing /home/codespace/.local/share/virtualenvs/airflow_sandbox-vp-HKq_L/lib/python3.10/site-packages/airflow/example_dags/tutorial_dag.py took 0.071 seconds
[2024-02-14T09:19:52.448+0000] {processor.py:161} INFO - Started process (PID=11420) to work on /home/codespace/.local/share/virtualenvs/airflow_sandbox-vp-HKq_L/lib/python3.10/site-packages/airflow/example_dags/tutorial_dag.py
[2024-02-14T09:19:52.449+0000] {processor.py:830} INFO - Processing file /home/codespace/.local/share/virtualenvs/airflow_sandbox-vp-HKq_L/lib/python3.10/site-packages/airflow/example_dags/tutorial_dag.py for tasks to queue
[2024-02-14T09:19:52.449+0000] {logging_mixin.py:188} INFO - [2024-02-14T09:19:52.449+0000] {dagbag.py:538} INFO - Filling up the DagBag from /home/codespace/.local/share/virtualenvs/airflow_sandbox-vp-HKq_L/lib/python3.10/site-packages/airflow/example_dags/tutorial_dag.py
[2024-02-14T09:19:52.454+0000] {processor.py:840} INFO - DAG(s) 'tutorial_dag' retrieved from /home/codespace/.local/share/virtualenvs/airflow_sandbox-vp-HKq_L/lib/python3.10/site-packages/airflow/example_dags/tutorial_dag.py
[2024-02-14T09:19:52.465+0000] {logging_mixin.py:188} INFO - [2024-02-14T09:19:52.465+0000] {dag.py:3033} INFO - Sync 1 DAGs
[2024-02-14T09:19:52.474+0000] {logging_mixin.py:188} INFO - [2024-02-14T09:19:52.474+0000] {dag.py:3820} INFO - Setting next_dagrun for tutorial_dag to None, run_after=None
[2024-02-14T09:19:52.517+0000] {processor.py:183} INFO - Processing /home/codespace/.local/share/virtualenvs/airflow_sandbox-vp-HKq_L/lib/python3.10/site-packages/airflow/example_dags/tutorial_dag.py took 0.071 seconds
[2024-02-14T09:20:43.454+0000] {processor.py:161} INFO - Started process (PID=12279) to work on /home/codespace/.local/share/virtualenvs/airflow_sandbox-vp-HKq_L/lib/python3.10/site-packages/airflow/example_dags/tutorial_dag.py
[2024-02-14T09:20:43.454+0000] {processor.py:830} INFO - Processing file /home/codespace/.local/share/virtualenvs/airflow_sandbox-vp-HKq_L/lib/python3.10/site-packages/airflow/example_dags/tutorial_dag.py for tasks to queue
[2024-02-14T09:20:43.455+0000] {logging_mixin.py:188} INFO - [2024-02-14T09:20:43.455+0000] {dagbag.py:538} INFO - Filling up the DagBag from /home/codespace/.local/share/virtualenvs/airflow_sandbox-vp-HKq_L/lib/python3.10/site-packages/airflow/example_dags/tutorial_dag.py
[2024-02-14T09:20:43.459+0000] {processor.py:840} INFO - DAG(s) 'tutorial_dag' retrieved from /home/codespace/.local/share/virtualenvs/airflow_sandbox-vp-HKq_L/lib/python3.10/site-packages/airflow/example_dags/tutorial_dag.py
[2024-02-14T09:20:43.473+0000] {logging_mixin.py:188} INFO - [2024-02-14T09:20:43.472+0000] {dag.py:3033} INFO - Sync 1 DAGs
[2024-02-14T09:20:43.486+0000] {logging_mixin.py:188} INFO - [2024-02-14T09:20:43.485+0000] {dag.py:3820} INFO - Setting next_dagrun for tutorial_dag to None, run_after=None
[2024-02-14T09:20:43.530+0000] {processor.py:183} INFO - Processing /home/codespace/.local/share/virtualenvs/airflow_sandbox-vp-HKq_L/lib/python3.10/site-packages/airflow/example_dags/tutorial_dag.py took 0.079 seconds
[2024-02-14T09:21:34.374+0000] {processor.py:161} INFO - Started process (PID=12634) to work on /home/codespace/.local/share/virtualenvs/airflow_sandbox-vp-HKq_L/lib/python3.10/site-packages/airflow/example_dags/tutorial_dag.py
[2024-02-14T09:21:34.376+0000] {processor.py:830} INFO - Processing file /home/codespace/.local/share/virtualenvs/airflow_sandbox-vp-HKq_L/lib/python3.10/site-packages/airflow/example_dags/tutorial_dag.py for tasks to queue
[2024-02-14T09:21:34.376+0000] {logging_mixin.py:188} INFO - [2024-02-14T09:21:34.376+0000] {dagbag.py:538} INFO - Filling up the DagBag from /home/codespace/.local/share/virtualenvs/airflow_sandbox-vp-HKq_L/lib/python3.10/site-packages/airflow/example_dags/tutorial_dag.py
[2024-02-14T09:21:34.382+0000] {processor.py:840} INFO - DAG(s) 'tutorial_dag' retrieved from /home/codespace/.local/share/virtualenvs/airflow_sandbox-vp-HKq_L/lib/python3.10/site-packages/airflow/example_dags/tutorial_dag.py
[2024-02-14T09:21:34.401+0000] {logging_mixin.py:188} INFO - [2024-02-14T09:21:34.401+0000] {dag.py:3033} INFO - Sync 1 DAGs
[2024-02-14T09:21:34.420+0000] {logging_mixin.py:188} INFO - [2024-02-14T09:21:34.420+0000] {dag.py:3820} INFO - Setting next_dagrun for tutorial_dag to None, run_after=None
[2024-02-14T09:21:34.475+0000] {processor.py:183} INFO - Processing /home/codespace/.local/share/virtualenvs/airflow_sandbox-vp-HKq_L/lib/python3.10/site-packages/airflow/example_dags/tutorial_dag.py took 0.104 seconds
[2024-02-14T09:22:11.986+0000] {processor.py:161} INFO - Started process (PID=12912) to work on /home/codespace/.local/share/virtualenvs/airflow_sandbox-vp-HKq_L/lib/python3.10/site-packages/airflow/example_dags/tutorial_dag.py
[2024-02-14T09:22:11.987+0000] {processor.py:830} INFO - Processing file /home/codespace/.local/share/virtualenvs/airflow_sandbox-vp-HKq_L/lib/python3.10/site-packages/airflow/example_dags/tutorial_dag.py for tasks to queue
[2024-02-14T09:22:11.987+0000] {logging_mixin.py:188} INFO - [2024-02-14T09:22:11.987+0000] {dagbag.py:538} INFO - Filling up the DagBag from /home/codespace/.local/share/virtualenvs/airflow_sandbox-vp-HKq_L/lib/python3.10/site-packages/airflow/example_dags/tutorial_dag.py
[2024-02-14T09:22:11.992+0000] {processor.py:840} INFO - DAG(s) 'tutorial_dag' retrieved from /home/codespace/.local/share/virtualenvs/airflow_sandbox-vp-HKq_L/lib/python3.10/site-packages/airflow/example_dags/tutorial_dag.py
[2024-02-14T09:22:12.004+0000] {logging_mixin.py:188} INFO - [2024-02-14T09:22:12.004+0000] {dag.py:3033} INFO - Sync 1 DAGs
[2024-02-14T09:22:12.013+0000] {logging_mixin.py:188} INFO - [2024-02-14T09:22:12.013+0000] {dag.py:3820} INFO - Setting next_dagrun for tutorial_dag to None, run_after=None
[2024-02-14T09:22:12.055+0000] {processor.py:183} INFO - Processing /home/codespace/.local/share/virtualenvs/airflow_sandbox-vp-HKq_L/lib/python3.10/site-packages/airflow/example_dags/tutorial_dag.py took 0.072 seconds
[2024-02-14T09:22:50.929+0000] {processor.py:161} INFO - Started process (PID=13220) to work on /home/codespace/.local/share/virtualenvs/airflow_sandbox-vp-HKq_L/lib/python3.10/site-packages/airflow/example_dags/tutorial_dag.py
[2024-02-14T09:22:50.930+0000] {processor.py:830} INFO - Processing file /home/codespace/.local/share/virtualenvs/airflow_sandbox-vp-HKq_L/lib/python3.10/site-packages/airflow/example_dags/tutorial_dag.py for tasks to queue
[2024-02-14T09:22:50.930+0000] {logging_mixin.py:188} INFO - [2024-02-14T09:22:50.930+0000] {dagbag.py:538} INFO - Filling up the DagBag from /home/codespace/.local/share/virtualenvs/airflow_sandbox-vp-HKq_L/lib/python3.10/site-packages/airflow/example_dags/tutorial_dag.py
[2024-02-14T09:22:50.935+0000] {processor.py:840} INFO - DAG(s) 'tutorial_dag' retrieved from /home/codespace/.local/share/virtualenvs/airflow_sandbox-vp-HKq_L/lib/python3.10/site-packages/airflow/example_dags/tutorial_dag.py
[2024-02-14T09:22:50.948+0000] {logging_mixin.py:188} INFO - [2024-02-14T09:22:50.948+0000] {dag.py:3033} INFO - Sync 1 DAGs
[2024-02-14T09:22:50.958+0000] {logging_mixin.py:188} INFO - [2024-02-14T09:22:50.957+0000] {dag.py:3820} INFO - Setting next_dagrun for tutorial_dag to None, run_after=None
[2024-02-14T09:22:51.003+0000] {processor.py:183} INFO - Processing /home/codespace/.local/share/virtualenvs/airflow_sandbox-vp-HKq_L/lib/python3.10/site-packages/airflow/example_dags/tutorial_dag.py took 0.076 seconds
[2024-02-14T09:23:29.412+0000] {processor.py:161} INFO - Started process (PID=13490) to work on /home/codespace/.local/share/virtualenvs/airflow_sandbox-vp-HKq_L/lib/python3.10/site-packages/airflow/example_dags/tutorial_dag.py
[2024-02-14T09:23:29.412+0000] {processor.py:830} INFO - Processing file /home/codespace/.local/share/virtualenvs/airflow_sandbox-vp-HKq_L/lib/python3.10/site-packages/airflow/example_dags/tutorial_dag.py for tasks to queue
[2024-02-14T09:23:29.413+0000] {logging_mixin.py:188} INFO - [2024-02-14T09:23:29.413+0000] {dagbag.py:538} INFO - Filling up the DagBag from /home/codespace/.local/share/virtualenvs/airflow_sandbox-vp-HKq_L/lib/python3.10/site-packages/airflow/example_dags/tutorial_dag.py
[2024-02-14T09:23:29.418+0000] {processor.py:840} INFO - DAG(s) 'tutorial_dag' retrieved from /home/codespace/.local/share/virtualenvs/airflow_sandbox-vp-HKq_L/lib/python3.10/site-packages/airflow/example_dags/tutorial_dag.py
[2024-02-14T09:23:29.431+0000] {logging_mixin.py:188} INFO - [2024-02-14T09:23:29.431+0000] {dag.py:3033} INFO - Sync 1 DAGs
[2024-02-14T09:23:29.440+0000] {logging_mixin.py:188} INFO - [2024-02-14T09:23:29.440+0000] {dag.py:3820} INFO - Setting next_dagrun for tutorial_dag to None, run_after=None
[2024-02-14T09:23:29.486+0000] {processor.py:183} INFO - Processing /home/codespace/.local/share/virtualenvs/airflow_sandbox-vp-HKq_L/lib/python3.10/site-packages/airflow/example_dags/tutorial_dag.py took 0.076 seconds
[2024-02-14T09:24:06.409+0000] {processor.py:161} INFO - Started process (PID=13739) to work on /home/codespace/.local/share/virtualenvs/airflow_sandbox-vp-HKq_L/lib/python3.10/site-packages/airflow/example_dags/tutorial_dag.py
[2024-02-14T09:24:06.410+0000] {processor.py:830} INFO - Processing file /home/codespace/.local/share/virtualenvs/airflow_sandbox-vp-HKq_L/lib/python3.10/site-packages/airflow/example_dags/tutorial_dag.py for tasks to queue
[2024-02-14T09:24:06.410+0000] {logging_mixin.py:188} INFO - [2024-02-14T09:24:06.410+0000] {dagbag.py:538} INFO - Filling up the DagBag from /home/codespace/.local/share/virtualenvs/airflow_sandbox-vp-HKq_L/lib/python3.10/site-packages/airflow/example_dags/tutorial_dag.py
[2024-02-14T09:24:06.415+0000] {processor.py:840} INFO - DAG(s) 'tutorial_dag' retrieved from /home/codespace/.local/share/virtualenvs/airflow_sandbox-vp-HKq_L/lib/python3.10/site-packages/airflow/example_dags/tutorial_dag.py
[2024-02-14T09:24:06.429+0000] {logging_mixin.py:188} INFO - [2024-02-14T09:24:06.429+0000] {dag.py:3033} INFO - Sync 1 DAGs
[2024-02-14T09:24:06.438+0000] {logging_mixin.py:188} INFO - [2024-02-14T09:24:06.438+0000] {dag.py:3820} INFO - Setting next_dagrun for tutorial_dag to None, run_after=None
[2024-02-14T09:24:06.484+0000] {processor.py:183} INFO - Processing /home/codespace/.local/share/virtualenvs/airflow_sandbox-vp-HKq_L/lib/python3.10/site-packages/airflow/example_dags/tutorial_dag.py took 0.079 seconds
[2024-02-14T09:24:46.926+0000] {processor.py:161} INFO - Started process (PID=14010) to work on /home/codespace/.local/share/virtualenvs/airflow_sandbox-vp-HKq_L/lib/python3.10/site-packages/airflow/example_dags/tutorial_dag.py
[2024-02-14T09:24:46.927+0000] {processor.py:830} INFO - Processing file /home/codespace/.local/share/virtualenvs/airflow_sandbox-vp-HKq_L/lib/python3.10/site-packages/airflow/example_dags/tutorial_dag.py for tasks to queue
[2024-02-14T09:24:46.927+0000] {logging_mixin.py:188} INFO - [2024-02-14T09:24:46.927+0000] {dagbag.py:538} INFO - Filling up the DagBag from /home/codespace/.local/share/virtualenvs/airflow_sandbox-vp-HKq_L/lib/python3.10/site-packages/airflow/example_dags/tutorial_dag.py
[2024-02-14T09:24:46.932+0000] {processor.py:840} INFO - DAG(s) 'tutorial_dag' retrieved from /home/codespace/.local/share/virtualenvs/airflow_sandbox-vp-HKq_L/lib/python3.10/site-packages/airflow/example_dags/tutorial_dag.py
[2024-02-14T09:24:46.944+0000] {logging_mixin.py:188} INFO - [2024-02-14T09:24:46.943+0000] {dag.py:3033} INFO - Sync 1 DAGs
[2024-02-14T09:24:46.955+0000] {logging_mixin.py:188} INFO - [2024-02-14T09:24:46.955+0000] {dag.py:3820} INFO - Setting next_dagrun for tutorial_dag to None, run_after=None
[2024-02-14T09:24:47.001+0000] {processor.py:183} INFO - Processing /home/codespace/.local/share/virtualenvs/airflow_sandbox-vp-HKq_L/lib/python3.10/site-packages/airflow/example_dags/tutorial_dag.py took 0.077 seconds
[2024-02-14T09:25:40.743+0000] {processor.py:161} INFO - Started process (PID=14378) to work on /home/codespace/.local/share/virtualenvs/airflow_sandbox-vp-HKq_L/lib/python3.10/site-packages/airflow/example_dags/tutorial_dag.py
[2024-02-14T09:25:40.744+0000] {processor.py:830} INFO - Processing file /home/codespace/.local/share/virtualenvs/airflow_sandbox-vp-HKq_L/lib/python3.10/site-packages/airflow/example_dags/tutorial_dag.py for tasks to queue
[2024-02-14T09:25:40.744+0000] {logging_mixin.py:188} INFO - [2024-02-14T09:25:40.744+0000] {dagbag.py:538} INFO - Filling up the DagBag from /home/codespace/.local/share/virtualenvs/airflow_sandbox-vp-HKq_L/lib/python3.10/site-packages/airflow/example_dags/tutorial_dag.py
[2024-02-14T09:25:40.749+0000] {processor.py:840} INFO - DAG(s) 'tutorial_dag' retrieved from /home/codespace/.local/share/virtualenvs/airflow_sandbox-vp-HKq_L/lib/python3.10/site-packages/airflow/example_dags/tutorial_dag.py
[2024-02-14T09:25:40.761+0000] {logging_mixin.py:188} INFO - [2024-02-14T09:25:40.760+0000] {dag.py:3033} INFO - Sync 1 DAGs
[2024-02-14T09:25:40.769+0000] {logging_mixin.py:188} INFO - [2024-02-14T09:25:40.769+0000] {dag.py:3820} INFO - Setting next_dagrun for tutorial_dag to None, run_after=None
[2024-02-14T09:25:40.809+0000] {processor.py:183} INFO - Processing /home/codespace/.local/share/virtualenvs/airflow_sandbox-vp-HKq_L/lib/python3.10/site-packages/airflow/example_dags/tutorial_dag.py took 0.069 seconds
[2024-02-14T09:26:30.998+0000] {processor.py:161} INFO - Started process (PID=14719) to work on /home/codespace/.local/share/virtualenvs/airflow_sandbox-vp-HKq_L/lib/python3.10/site-packages/airflow/example_dags/tutorial_dag.py
[2024-02-14T09:26:30.998+0000] {processor.py:830} INFO - Processing file /home/codespace/.local/share/virtualenvs/airflow_sandbox-vp-HKq_L/lib/python3.10/site-packages/airflow/example_dags/tutorial_dag.py for tasks to queue
[2024-02-14T09:26:30.999+0000] {logging_mixin.py:188} INFO - [2024-02-14T09:26:30.999+0000] {dagbag.py:538} INFO - Filling up the DagBag from /home/codespace/.local/share/virtualenvs/airflow_sandbox-vp-HKq_L/lib/python3.10/site-packages/airflow/example_dags/tutorial_dag.py
[2024-02-14T09:26:31.003+0000] {processor.py:840} INFO - DAG(s) 'tutorial_dag' retrieved from /home/codespace/.local/share/virtualenvs/airflow_sandbox-vp-HKq_L/lib/python3.10/site-packages/airflow/example_dags/tutorial_dag.py
[2024-02-14T09:26:31.015+0000] {logging_mixin.py:188} INFO - [2024-02-14T09:26:31.015+0000] {dag.py:3033} INFO - Sync 1 DAGs
[2024-02-14T09:26:31.023+0000] {logging_mixin.py:188} INFO - [2024-02-14T09:26:31.023+0000] {dag.py:3820} INFO - Setting next_dagrun for tutorial_dag to None, run_after=None
[2024-02-14T09:26:31.075+0000] {processor.py:183} INFO - Processing /home/codespace/.local/share/virtualenvs/airflow_sandbox-vp-HKq_L/lib/python3.10/site-packages/airflow/example_dags/tutorial_dag.py took 0.080 seconds
[2024-02-14T09:27:08.253+0000] {processor.py:161} INFO - Started process (PID=14984) to work on /home/codespace/.local/share/virtualenvs/airflow_sandbox-vp-HKq_L/lib/python3.10/site-packages/airflow/example_dags/tutorial_dag.py
[2024-02-14T09:27:08.253+0000] {processor.py:830} INFO - Processing file /home/codespace/.local/share/virtualenvs/airflow_sandbox-vp-HKq_L/lib/python3.10/site-packages/airflow/example_dags/tutorial_dag.py for tasks to queue
[2024-02-14T09:27:08.254+0000] {logging_mixin.py:188} INFO - [2024-02-14T09:27:08.254+0000] {dagbag.py:538} INFO - Filling up the DagBag from /home/codespace/.local/share/virtualenvs/airflow_sandbox-vp-HKq_L/lib/python3.10/site-packages/airflow/example_dags/tutorial_dag.py
[2024-02-14T09:27:08.258+0000] {processor.py:840} INFO - DAG(s) 'tutorial_dag' retrieved from /home/codespace/.local/share/virtualenvs/airflow_sandbox-vp-HKq_L/lib/python3.10/site-packages/airflow/example_dags/tutorial_dag.py
[2024-02-14T09:27:08.270+0000] {logging_mixin.py:188} INFO - [2024-02-14T09:27:08.270+0000] {dag.py:3033} INFO - Sync 1 DAGs
[2024-02-14T09:27:08.279+0000] {logging_mixin.py:188} INFO - [2024-02-14T09:27:08.279+0000] {dag.py:3820} INFO - Setting next_dagrun for tutorial_dag to None, run_after=None
[2024-02-14T09:27:08.322+0000] {processor.py:183} INFO - Processing /home/codespace/.local/share/virtualenvs/airflow_sandbox-vp-HKq_L/lib/python3.10/site-packages/airflow/example_dags/tutorial_dag.py took 0.072 seconds
[2024-02-14T09:27:44.753+0000] {processor.py:161} INFO - Started process (PID=15278) to work on /home/codespace/.local/share/virtualenvs/airflow_sandbox-vp-HKq_L/lib/python3.10/site-packages/airflow/example_dags/tutorial_dag.py
[2024-02-14T09:27:44.754+0000] {processor.py:830} INFO - Processing file /home/codespace/.local/share/virtualenvs/airflow_sandbox-vp-HKq_L/lib/python3.10/site-packages/airflow/example_dags/tutorial_dag.py for tasks to queue
[2024-02-14T09:27:44.754+0000] {logging_mixin.py:188} INFO - [2024-02-14T09:27:44.754+0000] {dagbag.py:538} INFO - Filling up the DagBag from /home/codespace/.local/share/virtualenvs/airflow_sandbox-vp-HKq_L/lib/python3.10/site-packages/airflow/example_dags/tutorial_dag.py
[2024-02-14T09:27:44.759+0000] {processor.py:840} INFO - DAG(s) 'tutorial_dag' retrieved from /home/codespace/.local/share/virtualenvs/airflow_sandbox-vp-HKq_L/lib/python3.10/site-packages/airflow/example_dags/tutorial_dag.py
[2024-02-14T09:27:44.770+0000] {logging_mixin.py:188} INFO - [2024-02-14T09:27:44.770+0000] {dag.py:3033} INFO - Sync 1 DAGs
[2024-02-14T09:27:44.779+0000] {logging_mixin.py:188} INFO - [2024-02-14T09:27:44.779+0000] {dag.py:3820} INFO - Setting next_dagrun for tutorial_dag to None, run_after=None
[2024-02-14T09:27:44.822+0000] {processor.py:183} INFO - Processing /home/codespace/.local/share/virtualenvs/airflow_sandbox-vp-HKq_L/lib/python3.10/site-packages/airflow/example_dags/tutorial_dag.py took 0.072 seconds
[2024-02-14T09:28:21.565+0000] {processor.py:161} INFO - Started process (PID=15528) to work on /home/codespace/.local/share/virtualenvs/airflow_sandbox-vp-HKq_L/lib/python3.10/site-packages/airflow/example_dags/tutorial_dag.py
[2024-02-14T09:28:21.565+0000] {processor.py:830} INFO - Processing file /home/codespace/.local/share/virtualenvs/airflow_sandbox-vp-HKq_L/lib/python3.10/site-packages/airflow/example_dags/tutorial_dag.py for tasks to queue
[2024-02-14T09:28:21.566+0000] {logging_mixin.py:188} INFO - [2024-02-14T09:28:21.566+0000] {dagbag.py:538} INFO - Filling up the DagBag from /home/codespace/.local/share/virtualenvs/airflow_sandbox-vp-HKq_L/lib/python3.10/site-packages/airflow/example_dags/tutorial_dag.py
[2024-02-14T09:28:21.570+0000] {processor.py:840} INFO - DAG(s) 'tutorial_dag' retrieved from /home/codespace/.local/share/virtualenvs/airflow_sandbox-vp-HKq_L/lib/python3.10/site-packages/airflow/example_dags/tutorial_dag.py
[2024-02-14T09:28:21.582+0000] {logging_mixin.py:188} INFO - [2024-02-14T09:28:21.582+0000] {dag.py:3033} INFO - Sync 1 DAGs
[2024-02-14T09:28:21.591+0000] {logging_mixin.py:188} INFO - [2024-02-14T09:28:21.591+0000] {dag.py:3820} INFO - Setting next_dagrun for tutorial_dag to None, run_after=None
[2024-02-14T09:28:21.634+0000] {processor.py:183} INFO - Processing /home/codespace/.local/share/virtualenvs/airflow_sandbox-vp-HKq_L/lib/python3.10/site-packages/airflow/example_dags/tutorial_dag.py took 0.072 seconds
[2024-02-14T09:29:12.778+0000] {processor.py:161} INFO - Started process (PID=16036) to work on /home/codespace/.local/share/virtualenvs/airflow_sandbox-vp-HKq_L/lib/python3.10/site-packages/airflow/example_dags/tutorial_dag.py
[2024-02-14T09:29:12.779+0000] {processor.py:830} INFO - Processing file /home/codespace/.local/share/virtualenvs/airflow_sandbox-vp-HKq_L/lib/python3.10/site-packages/airflow/example_dags/tutorial_dag.py for tasks to queue
[2024-02-14T09:29:12.780+0000] {logging_mixin.py:188} INFO - [2024-02-14T09:29:12.779+0000] {dagbag.py:538} INFO - Filling up the DagBag from /home/codespace/.local/share/virtualenvs/airflow_sandbox-vp-HKq_L/lib/python3.10/site-packages/airflow/example_dags/tutorial_dag.py
[2024-02-14T09:29:12.784+0000] {processor.py:840} INFO - DAG(s) 'tutorial_dag' retrieved from /home/codespace/.local/share/virtualenvs/airflow_sandbox-vp-HKq_L/lib/python3.10/site-packages/airflow/example_dags/tutorial_dag.py
[2024-02-14T09:29:12.796+0000] {logging_mixin.py:188} INFO - [2024-02-14T09:29:12.796+0000] {dag.py:3033} INFO - Sync 1 DAGs
[2024-02-14T09:29:12.805+0000] {logging_mixin.py:188} INFO - [2024-02-14T09:29:12.805+0000] {dag.py:3820} INFO - Setting next_dagrun for tutorial_dag to None, run_after=None
[2024-02-14T09:29:12.846+0000] {processor.py:183} INFO - Processing /home/codespace/.local/share/virtualenvs/airflow_sandbox-vp-HKq_L/lib/python3.10/site-packages/airflow/example_dags/tutorial_dag.py took 0.071 seconds
[2024-02-14T09:29:49.395+0000] {processor.py:161} INFO - Started process (PID=16302) to work on /home/codespace/.local/share/virtualenvs/airflow_sandbox-vp-HKq_L/lib/python3.10/site-packages/airflow/example_dags/tutorial_dag.py
[2024-02-14T09:29:49.396+0000] {processor.py:830} INFO - Processing file /home/codespace/.local/share/virtualenvs/airflow_sandbox-vp-HKq_L/lib/python3.10/site-packages/airflow/example_dags/tutorial_dag.py for tasks to queue
[2024-02-14T09:29:49.396+0000] {logging_mixin.py:188} INFO - [2024-02-14T09:29:49.396+0000] {dagbag.py:538} INFO - Filling up the DagBag from /home/codespace/.local/share/virtualenvs/airflow_sandbox-vp-HKq_L/lib/python3.10/site-packages/airflow/example_dags/tutorial_dag.py
[2024-02-14T09:29:49.400+0000] {processor.py:840} INFO - DAG(s) 'tutorial_dag' retrieved from /home/codespace/.local/share/virtualenvs/airflow_sandbox-vp-HKq_L/lib/python3.10/site-packages/airflow/example_dags/tutorial_dag.py
[2024-02-14T09:29:49.411+0000] {logging_mixin.py:188} INFO - [2024-02-14T09:29:49.411+0000] {dag.py:3033} INFO - Sync 1 DAGs
[2024-02-14T09:29:49.421+0000] {logging_mixin.py:188} INFO - [2024-02-14T09:29:49.420+0000] {dag.py:3820} INFO - Setting next_dagrun for tutorial_dag to None, run_after=None
[2024-02-14T09:29:49.462+0000] {processor.py:183} INFO - Processing /home/codespace/.local/share/virtualenvs/airflow_sandbox-vp-HKq_L/lib/python3.10/site-packages/airflow/example_dags/tutorial_dag.py took 0.069 seconds
[2024-02-14T09:30:39.832+0000] {processor.py:161} INFO - Started process (PID=16654) to work on /home/codespace/.local/share/virtualenvs/airflow_sandbox-vp-HKq_L/lib/python3.10/site-packages/airflow/example_dags/tutorial_dag.py
[2024-02-14T09:30:39.833+0000] {processor.py:830} INFO - Processing file /home/codespace/.local/share/virtualenvs/airflow_sandbox-vp-HKq_L/lib/python3.10/site-packages/airflow/example_dags/tutorial_dag.py for tasks to queue
[2024-02-14T09:30:39.834+0000] {logging_mixin.py:188} INFO - [2024-02-14T09:30:39.833+0000] {dagbag.py:538} INFO - Filling up the DagBag from /home/codespace/.local/share/virtualenvs/airflow_sandbox-vp-HKq_L/lib/python3.10/site-packages/airflow/example_dags/tutorial_dag.py
[2024-02-14T09:30:39.838+0000] {processor.py:840} INFO - DAG(s) 'tutorial_dag' retrieved from /home/codespace/.local/share/virtualenvs/airflow_sandbox-vp-HKq_L/lib/python3.10/site-packages/airflow/example_dags/tutorial_dag.py
[2024-02-14T09:30:39.850+0000] {logging_mixin.py:188} INFO - [2024-02-14T09:30:39.850+0000] {dag.py:3033} INFO - Sync 1 DAGs
[2024-02-14T09:30:39.859+0000] {logging_mixin.py:188} INFO - [2024-02-14T09:30:39.859+0000] {dag.py:3820} INFO - Setting next_dagrun for tutorial_dag to None, run_after=None
[2024-02-14T09:30:39.902+0000] {processor.py:183} INFO - Processing /home/codespace/.local/share/virtualenvs/airflow_sandbox-vp-HKq_L/lib/python3.10/site-packages/airflow/example_dags/tutorial_dag.py took 0.072 seconds
[2024-02-14T09:31:16.048+0000] {processor.py:161} INFO - Started process (PID=16911) to work on /home/codespace/.local/share/virtualenvs/airflow_sandbox-vp-HKq_L/lib/python3.10/site-packages/airflow/example_dags/tutorial_dag.py
[2024-02-14T09:31:16.048+0000] {processor.py:830} INFO - Processing file /home/codespace/.local/share/virtualenvs/airflow_sandbox-vp-HKq_L/lib/python3.10/site-packages/airflow/example_dags/tutorial_dag.py for tasks to queue
[2024-02-14T09:31:16.049+0000] {logging_mixin.py:188} INFO - [2024-02-14T09:31:16.049+0000] {dagbag.py:538} INFO - Filling up the DagBag from /home/codespace/.local/share/virtualenvs/airflow_sandbox-vp-HKq_L/lib/python3.10/site-packages/airflow/example_dags/tutorial_dag.py
[2024-02-14T09:31:16.054+0000] {processor.py:840} INFO - DAG(s) 'tutorial_dag' retrieved from /home/codespace/.local/share/virtualenvs/airflow_sandbox-vp-HKq_L/lib/python3.10/site-packages/airflow/example_dags/tutorial_dag.py
[2024-02-14T09:31:16.066+0000] {logging_mixin.py:188} INFO - [2024-02-14T09:31:16.066+0000] {dag.py:3033} INFO - Sync 1 DAGs
[2024-02-14T09:31:16.076+0000] {logging_mixin.py:188} INFO - [2024-02-14T09:31:16.076+0000] {dag.py:3820} INFO - Setting next_dagrun for tutorial_dag to None, run_after=None
[2024-02-14T09:31:16.118+0000] {processor.py:183} INFO - Processing /home/codespace/.local/share/virtualenvs/airflow_sandbox-vp-HKq_L/lib/python3.10/site-packages/airflow/example_dags/tutorial_dag.py took 0.073 seconds
[2024-02-14T09:32:10.134+0000] {processor.py:161} INFO - Started process (PID=17295) to work on /home/codespace/.local/share/virtualenvs/airflow_sandbox-vp-HKq_L/lib/python3.10/site-packages/airflow/example_dags/tutorial_dag.py
[2024-02-14T09:32:10.136+0000] {processor.py:830} INFO - Processing file /home/codespace/.local/share/virtualenvs/airflow_sandbox-vp-HKq_L/lib/python3.10/site-packages/airflow/example_dags/tutorial_dag.py for tasks to queue
[2024-02-14T09:32:10.137+0000] {logging_mixin.py:188} INFO - [2024-02-14T09:32:10.136+0000] {dagbag.py:538} INFO - Filling up the DagBag from /home/codespace/.local/share/virtualenvs/airflow_sandbox-vp-HKq_L/lib/python3.10/site-packages/airflow/example_dags/tutorial_dag.py
[2024-02-14T09:32:10.141+0000] {processor.py:840} INFO - DAG(s) 'tutorial_dag' retrieved from /home/codespace/.local/share/virtualenvs/airflow_sandbox-vp-HKq_L/lib/python3.10/site-packages/airflow/example_dags/tutorial_dag.py
[2024-02-14T09:32:10.154+0000] {logging_mixin.py:188} INFO - [2024-02-14T09:32:10.153+0000] {dag.py:3033} INFO - Sync 1 DAGs
[2024-02-14T09:32:10.164+0000] {logging_mixin.py:188} INFO - [2024-02-14T09:32:10.164+0000] {dag.py:3820} INFO - Setting next_dagrun for tutorial_dag to None, run_after=None
[2024-02-14T09:32:10.207+0000] {processor.py:183} INFO - Processing /home/codespace/.local/share/virtualenvs/airflow_sandbox-vp-HKq_L/lib/python3.10/site-packages/airflow/example_dags/tutorial_dag.py took 0.076 seconds
[2024-02-14T09:32:46.232+0000] {processor.py:161} INFO - Started process (PID=17566) to work on /home/codespace/.local/share/virtualenvs/airflow_sandbox-vp-HKq_L/lib/python3.10/site-packages/airflow/example_dags/tutorial_dag.py
[2024-02-14T09:32:46.233+0000] {processor.py:830} INFO - Processing file /home/codespace/.local/share/virtualenvs/airflow_sandbox-vp-HKq_L/lib/python3.10/site-packages/airflow/example_dags/tutorial_dag.py for tasks to queue
[2024-02-14T09:32:46.234+0000] {logging_mixin.py:188} INFO - [2024-02-14T09:32:46.233+0000] {dagbag.py:538} INFO - Filling up the DagBag from /home/codespace/.local/share/virtualenvs/airflow_sandbox-vp-HKq_L/lib/python3.10/site-packages/airflow/example_dags/tutorial_dag.py
[2024-02-14T09:32:46.238+0000] {processor.py:840} INFO - DAG(s) 'tutorial_dag' retrieved from /home/codespace/.local/share/virtualenvs/airflow_sandbox-vp-HKq_L/lib/python3.10/site-packages/airflow/example_dags/tutorial_dag.py
[2024-02-14T09:32:46.251+0000] {logging_mixin.py:188} INFO - [2024-02-14T09:32:46.251+0000] {dag.py:3033} INFO - Sync 1 DAGs
[2024-02-14T09:32:46.260+0000] {logging_mixin.py:188} INFO - [2024-02-14T09:32:46.260+0000] {dag.py:3820} INFO - Setting next_dagrun for tutorial_dag to None, run_after=None
[2024-02-14T09:32:46.303+0000] {processor.py:183} INFO - Processing /home/codespace/.local/share/virtualenvs/airflow_sandbox-vp-HKq_L/lib/python3.10/site-packages/airflow/example_dags/tutorial_dag.py took 0.073 seconds
[2024-02-14T09:33:38.945+0000] {processor.py:161} INFO - Started process (PID=17929) to work on /home/codespace/.local/share/virtualenvs/airflow_sandbox-vp-HKq_L/lib/python3.10/site-packages/airflow/example_dags/tutorial_dag.py
[2024-02-14T09:33:38.946+0000] {processor.py:830} INFO - Processing file /home/codespace/.local/share/virtualenvs/airflow_sandbox-vp-HKq_L/lib/python3.10/site-packages/airflow/example_dags/tutorial_dag.py for tasks to queue
[2024-02-14T09:33:38.947+0000] {logging_mixin.py:188} INFO - [2024-02-14T09:33:38.947+0000] {dagbag.py:538} INFO - Filling up the DagBag from /home/codespace/.local/share/virtualenvs/airflow_sandbox-vp-HKq_L/lib/python3.10/site-packages/airflow/example_dags/tutorial_dag.py
[2024-02-14T09:33:38.951+0000] {processor.py:840} INFO - DAG(s) 'tutorial_dag' retrieved from /home/codespace/.local/share/virtualenvs/airflow_sandbox-vp-HKq_L/lib/python3.10/site-packages/airflow/example_dags/tutorial_dag.py
[2024-02-14T09:33:38.963+0000] {logging_mixin.py:188} INFO - [2024-02-14T09:33:38.963+0000] {dag.py:3033} INFO - Sync 1 DAGs
[2024-02-14T09:33:38.973+0000] {logging_mixin.py:188} INFO - [2024-02-14T09:33:38.973+0000] {dag.py:3820} INFO - Setting next_dagrun for tutorial_dag to None, run_after=None
[2024-02-14T09:33:39.016+0000] {processor.py:183} INFO - Processing /home/codespace/.local/share/virtualenvs/airflow_sandbox-vp-HKq_L/lib/python3.10/site-packages/airflow/example_dags/tutorial_dag.py took 0.073 seconds
[2024-02-14T09:34:31.051+0000] {processor.py:161} INFO - Started process (PID=18310) to work on /home/codespace/.local/share/virtualenvs/airflow_sandbox-vp-HKq_L/lib/python3.10/site-packages/airflow/example_dags/tutorial_dag.py
[2024-02-14T09:34:31.052+0000] {processor.py:830} INFO - Processing file /home/codespace/.local/share/virtualenvs/airflow_sandbox-vp-HKq_L/lib/python3.10/site-packages/airflow/example_dags/tutorial_dag.py for tasks to queue
[2024-02-14T09:34:31.053+0000] {logging_mixin.py:188} INFO - [2024-02-14T09:34:31.052+0000] {dagbag.py:538} INFO - Filling up the DagBag from /home/codespace/.local/share/virtualenvs/airflow_sandbox-vp-HKq_L/lib/python3.10/site-packages/airflow/example_dags/tutorial_dag.py
[2024-02-14T09:34:31.057+0000] {processor.py:840} INFO - DAG(s) 'tutorial_dag' retrieved from /home/codespace/.local/share/virtualenvs/airflow_sandbox-vp-HKq_L/lib/python3.10/site-packages/airflow/example_dags/tutorial_dag.py
[2024-02-14T09:34:31.069+0000] {logging_mixin.py:188} INFO - [2024-02-14T09:34:31.068+0000] {dag.py:3033} INFO - Sync 1 DAGs
[2024-02-14T09:34:31.077+0000] {logging_mixin.py:188} INFO - [2024-02-14T09:34:31.077+0000] {dag.py:3820} INFO - Setting next_dagrun for tutorial_dag to None, run_after=None
[2024-02-14T09:34:31.124+0000] {processor.py:183} INFO - Processing /home/codespace/.local/share/virtualenvs/airflow_sandbox-vp-HKq_L/lib/python3.10/site-packages/airflow/example_dags/tutorial_dag.py took 0.075 seconds
