[2024-02-14T09:07:49.438+0000] {processor.py:161} INFO - Started process (PID=4638) to work on /home/codespace/.local/share/virtualenvs/airflow_sandbox-vp-HKq_L/lib/python3.10/site-packages/airflow/example_dags/tutorial_objectstorage.py
[2024-02-14T09:07:49.438+0000] {processor.py:830} INFO - Processing file /home/codespace/.local/share/virtualenvs/airflow_sandbox-vp-HKq_L/lib/python3.10/site-packages/airflow/example_dags/tutorial_objectstorage.py for tasks to queue
[2024-02-14T09:07:49.439+0000] {logging_mixin.py:188} INFO - [2024-02-14T09:07:49.439+0000] {dagbag.py:538} INFO - Filling up the DagBag from /home/codespace/.local/share/virtualenvs/airflow_sandbox-vp-HKq_L/lib/python3.10/site-packages/airflow/example_dags/tutorial_objectstorage.py
[2024-02-14T09:07:49.446+0000] {processor.py:840} INFO - DAG(s) 'tutorial_objectstorage' retrieved from /home/codespace/.local/share/virtualenvs/airflow_sandbox-vp-HKq_L/lib/python3.10/site-packages/airflow/example_dags/tutorial_objectstorage.py
[2024-02-14T09:07:49.463+0000] {logging_mixin.py:188} INFO - [2024-02-14T09:07:49.463+0000] {dag.py:3033} INFO - Sync 1 DAGs
[2024-02-14T09:07:49.473+0000] {logging_mixin.py:188} INFO - [2024-02-14T09:07:49.472+0000] {dag.py:3820} INFO - Setting next_dagrun for tutorial_objectstorage to None, run_after=None
[2024-02-14T09:07:49.516+0000] {processor.py:183} INFO - Processing /home/codespace/.local/share/virtualenvs/airflow_sandbox-vp-HKq_L/lib/python3.10/site-packages/airflow/example_dags/tutorial_objectstorage.py took 0.081 seconds
[2024-02-14T09:08:38.488+0000] {processor.py:161} INFO - Started process (PID=5199) to work on /home/codespace/.local/share/virtualenvs/airflow_sandbox-vp-HKq_L/lib/python3.10/site-packages/airflow/example_dags/tutorial_objectstorage.py
[2024-02-14T09:08:38.489+0000] {processor.py:830} INFO - Processing file /home/codespace/.local/share/virtualenvs/airflow_sandbox-vp-HKq_L/lib/python3.10/site-packages/airflow/example_dags/tutorial_objectstorage.py for tasks to queue
[2024-02-14T09:08:38.490+0000] {logging_mixin.py:188} INFO - [2024-02-14T09:08:38.489+0000] {dagbag.py:538} INFO - Filling up the DagBag from /home/codespace/.local/share/virtualenvs/airflow_sandbox-vp-HKq_L/lib/python3.10/site-packages/airflow/example_dags/tutorial_objectstorage.py
[2024-02-14T09:08:38.499+0000] {processor.py:840} INFO - DAG(s) 'tutorial_objectstorage' retrieved from /home/codespace/.local/share/virtualenvs/airflow_sandbox-vp-HKq_L/lib/python3.10/site-packages/airflow/example_dags/tutorial_objectstorage.py
[2024-02-14T09:08:38.549+0000] {logging_mixin.py:188} INFO - [2024-02-14T09:08:38.549+0000] {dag.py:3033} INFO - Sync 1 DAGs
[2024-02-14T09:08:38.559+0000] {logging_mixin.py:188} INFO - [2024-02-14T09:08:38.559+0000] {dag.py:3820} INFO - Setting next_dagrun for tutorial_objectstorage to None, run_after=None
[2024-02-14T09:08:38.599+0000] {processor.py:183} INFO - Processing /home/codespace/.local/share/virtualenvs/airflow_sandbox-vp-HKq_L/lib/python3.10/site-packages/airflow/example_dags/tutorial_objectstorage.py took 0.115 seconds
[2024-02-14T09:09:34.355+0000] {processor.py:161} INFO - Started process (PID=6067) to work on /home/codespace/.local/share/virtualenvs/airflow_sandbox-vp-HKq_L/lib/python3.10/site-packages/airflow/example_dags/tutorial_objectstorage.py
[2024-02-14T09:09:34.355+0000] {processor.py:830} INFO - Processing file /home/codespace/.local/share/virtualenvs/airflow_sandbox-vp-HKq_L/lib/python3.10/site-packages/airflow/example_dags/tutorial_objectstorage.py for tasks to queue
[2024-02-14T09:09:34.356+0000] {logging_mixin.py:188} INFO - [2024-02-14T09:09:34.356+0000] {dagbag.py:538} INFO - Filling up the DagBag from /home/codespace/.local/share/virtualenvs/airflow_sandbox-vp-HKq_L/lib/python3.10/site-packages/airflow/example_dags/tutorial_objectstorage.py
[2024-02-14T09:09:34.361+0000] {processor.py:840} INFO - DAG(s) 'tutorial_objectstorage' retrieved from /home/codespace/.local/share/virtualenvs/airflow_sandbox-vp-HKq_L/lib/python3.10/site-packages/airflow/example_dags/tutorial_objectstorage.py
[2024-02-14T09:09:34.373+0000] {logging_mixin.py:188} INFO - [2024-02-14T09:09:34.373+0000] {dag.py:3033} INFO - Sync 1 DAGs
[2024-02-14T09:09:34.382+0000] {logging_mixin.py:188} INFO - [2024-02-14T09:09:34.381+0000] {dag.py:3820} INFO - Setting next_dagrun for tutorial_objectstorage to None, run_after=None
[2024-02-14T09:09:34.423+0000] {processor.py:183} INFO - Processing /home/codespace/.local/share/virtualenvs/airflow_sandbox-vp-HKq_L/lib/python3.10/site-packages/airflow/example_dags/tutorial_objectstorage.py took 0.070 seconds
[2024-02-14T09:10:18.844+0000] {processor.py:161} INFO - Started process (PID=6650) to work on /home/codespace/.local/share/virtualenvs/airflow_sandbox-vp-HKq_L/lib/python3.10/site-packages/airflow/example_dags/tutorial_objectstorage.py
[2024-02-14T09:10:18.845+0000] {processor.py:830} INFO - Processing file /home/codespace/.local/share/virtualenvs/airflow_sandbox-vp-HKq_L/lib/python3.10/site-packages/airflow/example_dags/tutorial_objectstorage.py for tasks to queue
[2024-02-14T09:10:18.845+0000] {logging_mixin.py:188} INFO - [2024-02-14T09:10:18.845+0000] {dagbag.py:538} INFO - Filling up the DagBag from /home/codespace/.local/share/virtualenvs/airflow_sandbox-vp-HKq_L/lib/python3.10/site-packages/airflow/example_dags/tutorial_objectstorage.py
[2024-02-14T09:10:18.850+0000] {processor.py:840} INFO - DAG(s) 'tutorial_objectstorage' retrieved from /home/codespace/.local/share/virtualenvs/airflow_sandbox-vp-HKq_L/lib/python3.10/site-packages/airflow/example_dags/tutorial_objectstorage.py
[2024-02-14T09:10:18.864+0000] {logging_mixin.py:188} INFO - [2024-02-14T09:10:18.864+0000] {dag.py:3033} INFO - Sync 1 DAGs
[2024-02-14T09:10:18.874+0000] {logging_mixin.py:188} INFO - [2024-02-14T09:10:18.874+0000] {dag.py:3820} INFO - Setting next_dagrun for tutorial_objectstorage to None, run_after=None
[2024-02-14T09:10:18.916+0000] {processor.py:183} INFO - Processing /home/codespace/.local/share/virtualenvs/airflow_sandbox-vp-HKq_L/lib/python3.10/site-packages/airflow/example_dags/tutorial_objectstorage.py took 0.075 seconds
[2024-02-14T09:10:58.879+0000] {processor.py:161} INFO - Started process (PID=7055) to work on /home/codespace/.local/share/virtualenvs/airflow_sandbox-vp-HKq_L/lib/python3.10/site-packages/airflow/example_dags/tutorial_objectstorage.py
[2024-02-14T09:10:58.880+0000] {processor.py:830} INFO - Processing file /home/codespace/.local/share/virtualenvs/airflow_sandbox-vp-HKq_L/lib/python3.10/site-packages/airflow/example_dags/tutorial_objectstorage.py for tasks to queue
[2024-02-14T09:10:58.881+0000] {logging_mixin.py:188} INFO - [2024-02-14T09:10:58.880+0000] {dagbag.py:538} INFO - Filling up the DagBag from /home/codespace/.local/share/virtualenvs/airflow_sandbox-vp-HKq_L/lib/python3.10/site-packages/airflow/example_dags/tutorial_objectstorage.py
[2024-02-14T09:10:58.888+0000] {processor.py:840} INFO - DAG(s) 'tutorial_objectstorage' retrieved from /home/codespace/.local/share/virtualenvs/airflow_sandbox-vp-HKq_L/lib/python3.10/site-packages/airflow/example_dags/tutorial_objectstorage.py
[2024-02-14T09:10:58.938+0000] {logging_mixin.py:188} INFO - [2024-02-14T09:10:58.937+0000] {dag.py:3033} INFO - Sync 1 DAGs
[2024-02-14T09:10:58.948+0000] {logging_mixin.py:188} INFO - [2024-02-14T09:10:58.947+0000] {dag.py:3820} INFO - Setting next_dagrun for tutorial_objectstorage to None, run_after=None
[2024-02-14T09:10:58.988+0000] {processor.py:183} INFO - Processing /home/codespace/.local/share/virtualenvs/airflow_sandbox-vp-HKq_L/lib/python3.10/site-packages/airflow/example_dags/tutorial_objectstorage.py took 0.112 seconds
[2024-02-14T09:11:55.030+0000] {processor.py:161} INFO - Started process (PID=7811) to work on /home/codespace/.local/share/virtualenvs/airflow_sandbox-vp-HKq_L/lib/python3.10/site-packages/airflow/example_dags/tutorial_objectstorage.py
[2024-02-14T09:11:55.031+0000] {processor.py:830} INFO - Processing file /home/codespace/.local/share/virtualenvs/airflow_sandbox-vp-HKq_L/lib/python3.10/site-packages/airflow/example_dags/tutorial_objectstorage.py for tasks to queue
[2024-02-14T09:11:55.031+0000] {logging_mixin.py:188} INFO - [2024-02-14T09:11:55.031+0000] {dagbag.py:538} INFO - Filling up the DagBag from /home/codespace/.local/share/virtualenvs/airflow_sandbox-vp-HKq_L/lib/python3.10/site-packages/airflow/example_dags/tutorial_objectstorage.py
[2024-02-14T09:11:55.037+0000] {processor.py:840} INFO - DAG(s) 'tutorial_objectstorage' retrieved from /home/codespace/.local/share/virtualenvs/airflow_sandbox-vp-HKq_L/lib/python3.10/site-packages/airflow/example_dags/tutorial_objectstorage.py
[2024-02-14T09:11:55.049+0000] {logging_mixin.py:188} INFO - [2024-02-14T09:11:55.049+0000] {dag.py:3033} INFO - Sync 1 DAGs
[2024-02-14T09:11:55.058+0000] {logging_mixin.py:188} INFO - [2024-02-14T09:11:55.058+0000] {dag.py:3820} INFO - Setting next_dagrun for tutorial_objectstorage to None, run_after=None
[2024-02-14T09:11:55.104+0000] {processor.py:183} INFO - Processing /home/codespace/.local/share/virtualenvs/airflow_sandbox-vp-HKq_L/lib/python3.10/site-packages/airflow/example_dags/tutorial_objectstorage.py took 0.076 seconds
[2024-02-14T09:12:49.540+0000] {processor.py:161} INFO - Started process (PID=8340) to work on /home/codespace/.local/share/virtualenvs/airflow_sandbox-vp-HKq_L/lib/python3.10/site-packages/airflow/example_dags/tutorial_objectstorage.py
[2024-02-14T09:12:49.541+0000] {processor.py:830} INFO - Processing file /home/codespace/.local/share/virtualenvs/airflow_sandbox-vp-HKq_L/lib/python3.10/site-packages/airflow/example_dags/tutorial_objectstorage.py for tasks to queue
[2024-02-14T09:12:49.541+0000] {logging_mixin.py:188} INFO - [2024-02-14T09:12:49.541+0000] {dagbag.py:538} INFO - Filling up the DagBag from /home/codespace/.local/share/virtualenvs/airflow_sandbox-vp-HKq_L/lib/python3.10/site-packages/airflow/example_dags/tutorial_objectstorage.py
[2024-02-14T09:12:49.547+0000] {processor.py:840} INFO - DAG(s) 'tutorial_objectstorage' retrieved from /home/codespace/.local/share/virtualenvs/airflow_sandbox-vp-HKq_L/lib/python3.10/site-packages/airflow/example_dags/tutorial_objectstorage.py
[2024-02-14T09:12:49.559+0000] {logging_mixin.py:188} INFO - [2024-02-14T09:12:49.558+0000] {dag.py:3033} INFO - Sync 1 DAGs
[2024-02-14T09:12:49.568+0000] {logging_mixin.py:188} INFO - [2024-02-14T09:12:49.568+0000] {dag.py:3820} INFO - Setting next_dagrun for tutorial_objectstorage to None, run_after=None
[2024-02-14T09:12:49.612+0000] {processor.py:183} INFO - Processing /home/codespace/.local/share/virtualenvs/airflow_sandbox-vp-HKq_L/lib/python3.10/site-packages/airflow/example_dags/tutorial_objectstorage.py took 0.075 seconds
[2024-02-14T09:13:43.298+0000] {processor.py:161} INFO - Started process (PID=8706) to work on /home/codespace/.local/share/virtualenvs/airflow_sandbox-vp-HKq_L/lib/python3.10/site-packages/airflow/example_dags/tutorial_objectstorage.py
[2024-02-14T09:13:43.299+0000] {processor.py:830} INFO - Processing file /home/codespace/.local/share/virtualenvs/airflow_sandbox-vp-HKq_L/lib/python3.10/site-packages/airflow/example_dags/tutorial_objectstorage.py for tasks to queue
[2024-02-14T09:13:43.299+0000] {logging_mixin.py:188} INFO - [2024-02-14T09:13:43.299+0000] {dagbag.py:538} INFO - Filling up the DagBag from /home/codespace/.local/share/virtualenvs/airflow_sandbox-vp-HKq_L/lib/python3.10/site-packages/airflow/example_dags/tutorial_objectstorage.py
[2024-02-14T09:13:43.305+0000] {processor.py:840} INFO - DAG(s) 'tutorial_objectstorage' retrieved from /home/codespace/.local/share/virtualenvs/airflow_sandbox-vp-HKq_L/lib/python3.10/site-packages/airflow/example_dags/tutorial_objectstorage.py
[2024-02-14T09:13:43.316+0000] {logging_mixin.py:188} INFO - [2024-02-14T09:13:43.316+0000] {dag.py:3033} INFO - Sync 1 DAGs
[2024-02-14T09:13:43.326+0000] {logging_mixin.py:188} INFO - [2024-02-14T09:13:43.325+0000] {dag.py:3820} INFO - Setting next_dagrun for tutorial_objectstorage to None, run_after=None
[2024-02-14T09:13:43.367+0000] {processor.py:183} INFO - Processing /home/codespace/.local/share/virtualenvs/airflow_sandbox-vp-HKq_L/lib/python3.10/site-packages/airflow/example_dags/tutorial_objectstorage.py took 0.071 seconds
[2024-02-14T09:14:34.356+0000] {processor.py:161} INFO - Started process (PID=9133) to work on /home/codespace/.local/share/virtualenvs/airflow_sandbox-vp-HKq_L/lib/python3.10/site-packages/airflow/example_dags/tutorial_objectstorage.py
[2024-02-14T09:14:34.357+0000] {processor.py:830} INFO - Processing file /home/codespace/.local/share/virtualenvs/airflow_sandbox-vp-HKq_L/lib/python3.10/site-packages/airflow/example_dags/tutorial_objectstorage.py for tasks to queue
[2024-02-14T09:14:34.357+0000] {logging_mixin.py:188} INFO - [2024-02-14T09:14:34.357+0000] {dagbag.py:538} INFO - Filling up the DagBag from /home/codespace/.local/share/virtualenvs/airflow_sandbox-vp-HKq_L/lib/python3.10/site-packages/airflow/example_dags/tutorial_objectstorage.py
[2024-02-14T09:14:34.362+0000] {processor.py:840} INFO - DAG(s) 'tutorial_objectstorage' retrieved from /home/codespace/.local/share/virtualenvs/airflow_sandbox-vp-HKq_L/lib/python3.10/site-packages/airflow/example_dags/tutorial_objectstorage.py
[2024-02-14T09:14:34.374+0000] {logging_mixin.py:188} INFO - [2024-02-14T09:14:34.374+0000] {dag.py:3033} INFO - Sync 1 DAGs
[2024-02-14T09:14:34.384+0000] {logging_mixin.py:188} INFO - [2024-02-14T09:14:34.384+0000] {dag.py:3820} INFO - Setting next_dagrun for tutorial_objectstorage to None, run_after=None
[2024-02-14T09:14:34.424+0000] {processor.py:183} INFO - Processing /home/codespace/.local/share/virtualenvs/airflow_sandbox-vp-HKq_L/lib/python3.10/site-packages/airflow/example_dags/tutorial_objectstorage.py took 0.071 seconds
[2024-02-14T09:15:28.326+0000] {processor.py:161} INFO - Started process (PID=9498) to work on /home/codespace/.local/share/virtualenvs/airflow_sandbox-vp-HKq_L/lib/python3.10/site-packages/airflow/example_dags/tutorial_objectstorage.py
[2024-02-14T09:15:28.327+0000] {processor.py:830} INFO - Processing file /home/codespace/.local/share/virtualenvs/airflow_sandbox-vp-HKq_L/lib/python3.10/site-packages/airflow/example_dags/tutorial_objectstorage.py for tasks to queue
[2024-02-14T09:15:28.328+0000] {logging_mixin.py:188} INFO - [2024-02-14T09:15:28.328+0000] {dagbag.py:538} INFO - Filling up the DagBag from /home/codespace/.local/share/virtualenvs/airflow_sandbox-vp-HKq_L/lib/python3.10/site-packages/airflow/example_dags/tutorial_objectstorage.py
[2024-02-14T09:15:28.333+0000] {processor.py:840} INFO - DAG(s) 'tutorial_objectstorage' retrieved from /home/codespace/.local/share/virtualenvs/airflow_sandbox-vp-HKq_L/lib/python3.10/site-packages/airflow/example_dags/tutorial_objectstorage.py
[2024-02-14T09:15:28.345+0000] {logging_mixin.py:188} INFO - [2024-02-14T09:15:28.345+0000] {dag.py:3033} INFO - Sync 1 DAGs
[2024-02-14T09:15:28.357+0000] {logging_mixin.py:188} INFO - [2024-02-14T09:15:28.356+0000] {dag.py:3820} INFO - Setting next_dagrun for tutorial_objectstorage to None, run_after=None
[2024-02-14T09:15:28.403+0000] {processor.py:183} INFO - Processing /home/codespace/.local/share/virtualenvs/airflow_sandbox-vp-HKq_L/lib/python3.10/site-packages/airflow/example_dags/tutorial_objectstorage.py took 0.078 seconds
[2024-02-14T09:16:18.994+0000] {processor.py:161} INFO - Started process (PID=9859) to work on /home/codespace/.local/share/virtualenvs/airflow_sandbox-vp-HKq_L/lib/python3.10/site-packages/airflow/example_dags/tutorial_objectstorage.py
[2024-02-14T09:16:18.995+0000] {processor.py:830} INFO - Processing file /home/codespace/.local/share/virtualenvs/airflow_sandbox-vp-HKq_L/lib/python3.10/site-packages/airflow/example_dags/tutorial_objectstorage.py for tasks to queue
[2024-02-14T09:16:18.995+0000] {logging_mixin.py:188} INFO - [2024-02-14T09:16:18.995+0000] {dagbag.py:538} INFO - Filling up the DagBag from /home/codespace/.local/share/virtualenvs/airflow_sandbox-vp-HKq_L/lib/python3.10/site-packages/airflow/example_dags/tutorial_objectstorage.py
[2024-02-14T09:16:19.000+0000] {processor.py:840} INFO - DAG(s) 'tutorial_objectstorage' retrieved from /home/codespace/.local/share/virtualenvs/airflow_sandbox-vp-HKq_L/lib/python3.10/site-packages/airflow/example_dags/tutorial_objectstorage.py
[2024-02-14T09:16:19.012+0000] {logging_mixin.py:188} INFO - [2024-02-14T09:16:19.012+0000] {dag.py:3033} INFO - Sync 1 DAGs
[2024-02-14T09:16:19.021+0000] {logging_mixin.py:188} INFO - [2024-02-14T09:16:19.020+0000] {dag.py:3820} INFO - Setting next_dagrun for tutorial_objectstorage to None, run_after=None
[2024-02-14T09:16:19.063+0000] {processor.py:183} INFO - Processing /home/codespace/.local/share/virtualenvs/airflow_sandbox-vp-HKq_L/lib/python3.10/site-packages/airflow/example_dags/tutorial_objectstorage.py took 0.071 seconds
[2024-02-14T09:17:13.212+0000] {processor.py:161} INFO - Started process (PID=10252) to work on /home/codespace/.local/share/virtualenvs/airflow_sandbox-vp-HKq_L/lib/python3.10/site-packages/airflow/example_dags/tutorial_objectstorage.py
[2024-02-14T09:17:13.213+0000] {processor.py:830} INFO - Processing file /home/codespace/.local/share/virtualenvs/airflow_sandbox-vp-HKq_L/lib/python3.10/site-packages/airflow/example_dags/tutorial_objectstorage.py for tasks to queue
[2024-02-14T09:17:13.214+0000] {logging_mixin.py:188} INFO - [2024-02-14T09:17:13.214+0000] {dagbag.py:538} INFO - Filling up the DagBag from /home/codespace/.local/share/virtualenvs/airflow_sandbox-vp-HKq_L/lib/python3.10/site-packages/airflow/example_dags/tutorial_objectstorage.py
[2024-02-14T09:17:13.219+0000] {processor.py:840} INFO - DAG(s) 'tutorial_objectstorage' retrieved from /home/codespace/.local/share/virtualenvs/airflow_sandbox-vp-HKq_L/lib/python3.10/site-packages/airflow/example_dags/tutorial_objectstorage.py
[2024-02-14T09:17:13.231+0000] {logging_mixin.py:188} INFO - [2024-02-14T09:17:13.231+0000] {dag.py:3033} INFO - Sync 1 DAGs
[2024-02-14T09:17:13.240+0000] {logging_mixin.py:188} INFO - [2024-02-14T09:17:13.240+0000] {dag.py:3820} INFO - Setting next_dagrun for tutorial_objectstorage to None, run_after=None
[2024-02-14T09:17:13.283+0000] {processor.py:183} INFO - Processing /home/codespace/.local/share/virtualenvs/airflow_sandbox-vp-HKq_L/lib/python3.10/site-packages/airflow/example_dags/tutorial_objectstorage.py took 0.073 seconds
[2024-02-14T09:18:02.405+0000] {processor.py:161} INFO - Started process (PID=10624) to work on /home/codespace/.local/share/virtualenvs/airflow_sandbox-vp-HKq_L/lib/python3.10/site-packages/airflow/example_dags/tutorial_objectstorage.py
[2024-02-14T09:18:02.406+0000] {processor.py:830} INFO - Processing file /home/codespace/.local/share/virtualenvs/airflow_sandbox-vp-HKq_L/lib/python3.10/site-packages/airflow/example_dags/tutorial_objectstorage.py for tasks to queue
[2024-02-14T09:18:02.407+0000] {logging_mixin.py:188} INFO - [2024-02-14T09:18:02.406+0000] {dagbag.py:538} INFO - Filling up the DagBag from /home/codespace/.local/share/virtualenvs/airflow_sandbox-vp-HKq_L/lib/python3.10/site-packages/airflow/example_dags/tutorial_objectstorage.py
[2024-02-14T09:18:02.412+0000] {processor.py:840} INFO - DAG(s) 'tutorial_objectstorage' retrieved from /home/codespace/.local/share/virtualenvs/airflow_sandbox-vp-HKq_L/lib/python3.10/site-packages/airflow/example_dags/tutorial_objectstorage.py
[2024-02-14T09:18:02.423+0000] {logging_mixin.py:188} INFO - [2024-02-14T09:18:02.423+0000] {dag.py:3033} INFO - Sync 1 DAGs
[2024-02-14T09:18:02.433+0000] {logging_mixin.py:188} INFO - [2024-02-14T09:18:02.433+0000] {dag.py:3820} INFO - Setting next_dagrun for tutorial_objectstorage to None, run_after=None
[2024-02-14T09:18:02.473+0000] {processor.py:183} INFO - Processing /home/codespace/.local/share/virtualenvs/airflow_sandbox-vp-HKq_L/lib/python3.10/site-packages/airflow/example_dags/tutorial_objectstorage.py took 0.071 seconds
[2024-02-14T09:18:55.553+0000] {processor.py:161} INFO - Started process (PID=11029) to work on /home/codespace/.local/share/virtualenvs/airflow_sandbox-vp-HKq_L/lib/python3.10/site-packages/airflow/example_dags/tutorial_objectstorage.py
[2024-02-14T09:18:55.554+0000] {processor.py:830} INFO - Processing file /home/codespace/.local/share/virtualenvs/airflow_sandbox-vp-HKq_L/lib/python3.10/site-packages/airflow/example_dags/tutorial_objectstorage.py for tasks to queue
[2024-02-14T09:18:55.554+0000] {logging_mixin.py:188} INFO - [2024-02-14T09:18:55.554+0000] {dagbag.py:538} INFO - Filling up the DagBag from /home/codespace/.local/share/virtualenvs/airflow_sandbox-vp-HKq_L/lib/python3.10/site-packages/airflow/example_dags/tutorial_objectstorage.py
[2024-02-14T09:18:55.560+0000] {processor.py:840} INFO - DAG(s) 'tutorial_objectstorage' retrieved from /home/codespace/.local/share/virtualenvs/airflow_sandbox-vp-HKq_L/lib/python3.10/site-packages/airflow/example_dags/tutorial_objectstorage.py
[2024-02-14T09:18:55.571+0000] {logging_mixin.py:188} INFO - [2024-02-14T09:18:55.571+0000] {dag.py:3033} INFO - Sync 1 DAGs
[2024-02-14T09:18:55.580+0000] {logging_mixin.py:188} INFO - [2024-02-14T09:18:55.580+0000] {dag.py:3820} INFO - Setting next_dagrun for tutorial_objectstorage to None, run_after=None
[2024-02-14T09:18:55.622+0000] {processor.py:183} INFO - Processing /home/codespace/.local/share/virtualenvs/airflow_sandbox-vp-HKq_L/lib/python3.10/site-packages/airflow/example_dags/tutorial_objectstorage.py took 0.072 seconds
[2024-02-14T09:19:33.442+0000] {processor.py:161} INFO - Started process (PID=11276) to work on /home/codespace/.local/share/virtualenvs/airflow_sandbox-vp-HKq_L/lib/python3.10/site-packages/airflow/example_dags/tutorial_objectstorage.py
[2024-02-14T09:19:33.443+0000] {processor.py:830} INFO - Processing file /home/codespace/.local/share/virtualenvs/airflow_sandbox-vp-HKq_L/lib/python3.10/site-packages/airflow/example_dags/tutorial_objectstorage.py for tasks to queue
[2024-02-14T09:19:33.444+0000] {logging_mixin.py:188} INFO - [2024-02-14T09:19:33.444+0000] {dagbag.py:538} INFO - Filling up the DagBag from /home/codespace/.local/share/virtualenvs/airflow_sandbox-vp-HKq_L/lib/python3.10/site-packages/airflow/example_dags/tutorial_objectstorage.py
[2024-02-14T09:19:33.449+0000] {processor.py:840} INFO - DAG(s) 'tutorial_objectstorage' retrieved from /home/codespace/.local/share/virtualenvs/airflow_sandbox-vp-HKq_L/lib/python3.10/site-packages/airflow/example_dags/tutorial_objectstorage.py
[2024-02-14T09:19:33.460+0000] {logging_mixin.py:188} INFO - [2024-02-14T09:19:33.460+0000] {dag.py:3033} INFO - Sync 1 DAGs
[2024-02-14T09:19:33.468+0000] {logging_mixin.py:188} INFO - [2024-02-14T09:19:33.468+0000] {dag.py:3820} INFO - Setting next_dagrun for tutorial_objectstorage to None, run_after=None
[2024-02-14T09:19:33.510+0000] {processor.py:183} INFO - Processing /home/codespace/.local/share/virtualenvs/airflow_sandbox-vp-HKq_L/lib/python3.10/site-packages/airflow/example_dags/tutorial_objectstorage.py took 0.070 seconds
[2024-02-14T09:20:28.809+0000] {processor.py:161} INFO - Started process (PID=12140) to work on /home/codespace/.local/share/virtualenvs/airflow_sandbox-vp-HKq_L/lib/python3.10/site-packages/airflow/example_dags/tutorial_objectstorage.py
[2024-02-14T09:20:28.810+0000] {processor.py:830} INFO - Processing file /home/codespace/.local/share/virtualenvs/airflow_sandbox-vp-HKq_L/lib/python3.10/site-packages/airflow/example_dags/tutorial_objectstorage.py for tasks to queue
[2024-02-14T09:20:28.811+0000] {logging_mixin.py:188} INFO - [2024-02-14T09:20:28.810+0000] {dagbag.py:538} INFO - Filling up the DagBag from /home/codespace/.local/share/virtualenvs/airflow_sandbox-vp-HKq_L/lib/python3.10/site-packages/airflow/example_dags/tutorial_objectstorage.py
[2024-02-14T09:20:28.815+0000] {processor.py:840} INFO - DAG(s) 'tutorial_objectstorage' retrieved from /home/codespace/.local/share/virtualenvs/airflow_sandbox-vp-HKq_L/lib/python3.10/site-packages/airflow/example_dags/tutorial_objectstorage.py
[2024-02-14T09:20:28.827+0000] {logging_mixin.py:188} INFO - [2024-02-14T09:20:28.826+0000] {dag.py:3033} INFO - Sync 1 DAGs
[2024-02-14T09:20:28.837+0000] {logging_mixin.py:188} INFO - [2024-02-14T09:20:28.837+0000] {dag.py:3820} INFO - Setting next_dagrun for tutorial_objectstorage to None, run_after=None
[2024-02-14T09:20:28.878+0000] {processor.py:183} INFO - Processing /home/codespace/.local/share/virtualenvs/airflow_sandbox-vp-HKq_L/lib/python3.10/site-packages/airflow/example_dags/tutorial_objectstorage.py took 0.072 seconds
[2024-02-14T09:21:17.988+0000] {processor.py:161} INFO - Started process (PID=12531) to work on /home/codespace/.local/share/virtualenvs/airflow_sandbox-vp-HKq_L/lib/python3.10/site-packages/airflow/example_dags/tutorial_objectstorage.py
[2024-02-14T09:21:17.989+0000] {processor.py:830} INFO - Processing file /home/codespace/.local/share/virtualenvs/airflow_sandbox-vp-HKq_L/lib/python3.10/site-packages/airflow/example_dags/tutorial_objectstorage.py for tasks to queue
[2024-02-14T09:21:17.989+0000] {logging_mixin.py:188} INFO - [2024-02-14T09:21:17.989+0000] {dagbag.py:538} INFO - Filling up the DagBag from /home/codespace/.local/share/virtualenvs/airflow_sandbox-vp-HKq_L/lib/python3.10/site-packages/airflow/example_dags/tutorial_objectstorage.py
[2024-02-14T09:21:17.994+0000] {processor.py:840} INFO - DAG(s) 'tutorial_objectstorage' retrieved from /home/codespace/.local/share/virtualenvs/airflow_sandbox-vp-HKq_L/lib/python3.10/site-packages/airflow/example_dags/tutorial_objectstorage.py
[2024-02-14T09:21:18.006+0000] {logging_mixin.py:188} INFO - [2024-02-14T09:21:18.006+0000] {dag.py:3033} INFO - Sync 1 DAGs
[2024-02-14T09:21:18.014+0000] {logging_mixin.py:188} INFO - [2024-02-14T09:21:18.014+0000] {dag.py:3820} INFO - Setting next_dagrun for tutorial_objectstorage to None, run_after=None
[2024-02-14T09:21:18.065+0000] {processor.py:183} INFO - Processing /home/codespace/.local/share/virtualenvs/airflow_sandbox-vp-HKq_L/lib/python3.10/site-packages/airflow/example_dags/tutorial_objectstorage.py took 0.080 seconds
[2024-02-14T09:22:14.301+0000] {processor.py:161} INFO - Started process (PID=12926) to work on /home/codespace/.local/share/virtualenvs/airflow_sandbox-vp-HKq_L/lib/python3.10/site-packages/airflow/example_dags/tutorial_objectstorage.py
[2024-02-14T09:22:14.302+0000] {processor.py:830} INFO - Processing file /home/codespace/.local/share/virtualenvs/airflow_sandbox-vp-HKq_L/lib/python3.10/site-packages/airflow/example_dags/tutorial_objectstorage.py for tasks to queue
[2024-02-14T09:22:14.303+0000] {logging_mixin.py:188} INFO - [2024-02-14T09:22:14.303+0000] {dagbag.py:538} INFO - Filling up the DagBag from /home/codespace/.local/share/virtualenvs/airflow_sandbox-vp-HKq_L/lib/python3.10/site-packages/airflow/example_dags/tutorial_objectstorage.py
[2024-02-14T09:22:14.308+0000] {processor.py:840} INFO - DAG(s) 'tutorial_objectstorage' retrieved from /home/codespace/.local/share/virtualenvs/airflow_sandbox-vp-HKq_L/lib/python3.10/site-packages/airflow/example_dags/tutorial_objectstorage.py
[2024-02-14T09:22:14.320+0000] {logging_mixin.py:188} INFO - [2024-02-14T09:22:14.319+0000] {dag.py:3033} INFO - Sync 1 DAGs
[2024-02-14T09:22:14.328+0000] {logging_mixin.py:188} INFO - [2024-02-14T09:22:14.328+0000] {dag.py:3820} INFO - Setting next_dagrun for tutorial_objectstorage to None, run_after=None
[2024-02-14T09:22:14.377+0000] {processor.py:183} INFO - Processing /home/codespace/.local/share/virtualenvs/airflow_sandbox-vp-HKq_L/lib/python3.10/site-packages/airflow/example_dags/tutorial_objectstorage.py took 0.078 seconds
[2024-02-14T09:22:53.299+0000] {processor.py:161} INFO - Started process (PID=13228) to work on /home/codespace/.local/share/virtualenvs/airflow_sandbox-vp-HKq_L/lib/python3.10/site-packages/airflow/example_dags/tutorial_objectstorage.py
[2024-02-14T09:22:53.299+0000] {processor.py:830} INFO - Processing file /home/codespace/.local/share/virtualenvs/airflow_sandbox-vp-HKq_L/lib/python3.10/site-packages/airflow/example_dags/tutorial_objectstorage.py for tasks to queue
[2024-02-14T09:22:53.300+0000] {logging_mixin.py:188} INFO - [2024-02-14T09:22:53.300+0000] {dagbag.py:538} INFO - Filling up the DagBag from /home/codespace/.local/share/virtualenvs/airflow_sandbox-vp-HKq_L/lib/python3.10/site-packages/airflow/example_dags/tutorial_objectstorage.py
[2024-02-14T09:22:53.305+0000] {processor.py:840} INFO - DAG(s) 'tutorial_objectstorage' retrieved from /home/codespace/.local/share/virtualenvs/airflow_sandbox-vp-HKq_L/lib/python3.10/site-packages/airflow/example_dags/tutorial_objectstorage.py
[2024-02-14T09:22:53.316+0000] {logging_mixin.py:188} INFO - [2024-02-14T09:22:53.316+0000] {dag.py:3033} INFO - Sync 1 DAGs
[2024-02-14T09:22:53.325+0000] {logging_mixin.py:188} INFO - [2024-02-14T09:22:53.325+0000] {dag.py:3820} INFO - Setting next_dagrun for tutorial_objectstorage to None, run_after=None
[2024-02-14T09:22:53.370+0000] {processor.py:183} INFO - Processing /home/codespace/.local/share/virtualenvs/airflow_sandbox-vp-HKq_L/lib/python3.10/site-packages/airflow/example_dags/tutorial_objectstorage.py took 0.073 seconds
[2024-02-14T09:23:49.673+0000] {processor.py:161} INFO - Started process (PID=13624) to work on /home/codespace/.local/share/virtualenvs/airflow_sandbox-vp-HKq_L/lib/python3.10/site-packages/airflow/example_dags/tutorial_objectstorage.py
[2024-02-14T09:23:49.674+0000] {processor.py:830} INFO - Processing file /home/codespace/.local/share/virtualenvs/airflow_sandbox-vp-HKq_L/lib/python3.10/site-packages/airflow/example_dags/tutorial_objectstorage.py for tasks to queue
[2024-02-14T09:23:49.675+0000] {logging_mixin.py:188} INFO - [2024-02-14T09:23:49.674+0000] {dagbag.py:538} INFO - Filling up the DagBag from /home/codespace/.local/share/virtualenvs/airflow_sandbox-vp-HKq_L/lib/python3.10/site-packages/airflow/example_dags/tutorial_objectstorage.py
[2024-02-14T09:23:49.680+0000] {processor.py:840} INFO - DAG(s) 'tutorial_objectstorage' retrieved from /home/codespace/.local/share/virtualenvs/airflow_sandbox-vp-HKq_L/lib/python3.10/site-packages/airflow/example_dags/tutorial_objectstorage.py
[2024-02-14T09:23:49.692+0000] {logging_mixin.py:188} INFO - [2024-02-14T09:23:49.692+0000] {dag.py:3033} INFO - Sync 1 DAGs
[2024-02-14T09:23:49.701+0000] {logging_mixin.py:188} INFO - [2024-02-14T09:23:49.701+0000] {dag.py:3820} INFO - Setting next_dagrun for tutorial_objectstorage to None, run_after=None
[2024-02-14T09:23:49.755+0000] {processor.py:183} INFO - Processing /home/codespace/.local/share/virtualenvs/airflow_sandbox-vp-HKq_L/lib/python3.10/site-packages/airflow/example_dags/tutorial_objectstorage.py took 0.084 seconds
[2024-02-14T09:24:29.266+0000] {processor.py:161} INFO - Started process (PID=13889) to work on /home/codespace/.local/share/virtualenvs/airflow_sandbox-vp-HKq_L/lib/python3.10/site-packages/airflow/example_dags/tutorial_objectstorage.py
[2024-02-14T09:24:29.266+0000] {processor.py:830} INFO - Processing file /home/codespace/.local/share/virtualenvs/airflow_sandbox-vp-HKq_L/lib/python3.10/site-packages/airflow/example_dags/tutorial_objectstorage.py for tasks to queue
[2024-02-14T09:24:29.267+0000] {logging_mixin.py:188} INFO - [2024-02-14T09:24:29.267+0000] {dagbag.py:538} INFO - Filling up the DagBag from /home/codespace/.local/share/virtualenvs/airflow_sandbox-vp-HKq_L/lib/python3.10/site-packages/airflow/example_dags/tutorial_objectstorage.py
[2024-02-14T09:24:29.272+0000] {processor.py:840} INFO - DAG(s) 'tutorial_objectstorage' retrieved from /home/codespace/.local/share/virtualenvs/airflow_sandbox-vp-HKq_L/lib/python3.10/site-packages/airflow/example_dags/tutorial_objectstorage.py
[2024-02-14T09:24:29.284+0000] {logging_mixin.py:188} INFO - [2024-02-14T09:24:29.283+0000] {dag.py:3033} INFO - Sync 1 DAGs
[2024-02-14T09:24:29.294+0000] {logging_mixin.py:188} INFO - [2024-02-14T09:24:29.294+0000] {dag.py:3820} INFO - Setting next_dagrun for tutorial_objectstorage to None, run_after=None
[2024-02-14T09:24:29.340+0000] {processor.py:183} INFO - Processing /home/codespace/.local/share/virtualenvs/airflow_sandbox-vp-HKq_L/lib/python3.10/site-packages/airflow/example_dags/tutorial_objectstorage.py took 0.076 seconds
[2024-02-14T09:25:22.164+0000] {processor.py:161} INFO - Started process (PID=14264) to work on /home/codespace/.local/share/virtualenvs/airflow_sandbox-vp-HKq_L/lib/python3.10/site-packages/airflow/example_dags/tutorial_objectstorage.py
[2024-02-14T09:25:22.165+0000] {processor.py:830} INFO - Processing file /home/codespace/.local/share/virtualenvs/airflow_sandbox-vp-HKq_L/lib/python3.10/site-packages/airflow/example_dags/tutorial_objectstorage.py for tasks to queue
[2024-02-14T09:25:22.166+0000] {logging_mixin.py:188} INFO - [2024-02-14T09:25:22.166+0000] {dagbag.py:538} INFO - Filling up the DagBag from /home/codespace/.local/share/virtualenvs/airflow_sandbox-vp-HKq_L/lib/python3.10/site-packages/airflow/example_dags/tutorial_objectstorage.py
[2024-02-14T09:25:22.171+0000] {processor.py:840} INFO - DAG(s) 'tutorial_objectstorage' retrieved from /home/codespace/.local/share/virtualenvs/airflow_sandbox-vp-HKq_L/lib/python3.10/site-packages/airflow/example_dags/tutorial_objectstorage.py
[2024-02-14T09:25:22.182+0000] {logging_mixin.py:188} INFO - [2024-02-14T09:25:22.182+0000] {dag.py:3033} INFO - Sync 1 DAGs
[2024-02-14T09:25:22.191+0000] {logging_mixin.py:188} INFO - [2024-02-14T09:25:22.191+0000] {dag.py:3820} INFO - Setting next_dagrun for tutorial_objectstorage to None, run_after=None
[2024-02-14T09:25:22.233+0000] {processor.py:183} INFO - Processing /home/codespace/.local/share/virtualenvs/airflow_sandbox-vp-HKq_L/lib/python3.10/site-packages/airflow/example_dags/tutorial_objectstorage.py took 0.070 seconds
[2024-02-14T09:26:13.292+0000] {processor.py:161} INFO - Started process (PID=14611) to work on /home/codespace/.local/share/virtualenvs/airflow_sandbox-vp-HKq_L/lib/python3.10/site-packages/airflow/example_dags/tutorial_objectstorage.py
[2024-02-14T09:26:13.292+0000] {processor.py:830} INFO - Processing file /home/codespace/.local/share/virtualenvs/airflow_sandbox-vp-HKq_L/lib/python3.10/site-packages/airflow/example_dags/tutorial_objectstorage.py for tasks to queue
[2024-02-14T09:26:13.293+0000] {logging_mixin.py:188} INFO - [2024-02-14T09:26:13.293+0000] {dagbag.py:538} INFO - Filling up the DagBag from /home/codespace/.local/share/virtualenvs/airflow_sandbox-vp-HKq_L/lib/python3.10/site-packages/airflow/example_dags/tutorial_objectstorage.py
[2024-02-14T09:26:13.298+0000] {processor.py:840} INFO - DAG(s) 'tutorial_objectstorage' retrieved from /home/codespace/.local/share/virtualenvs/airflow_sandbox-vp-HKq_L/lib/python3.10/site-packages/airflow/example_dags/tutorial_objectstorage.py
[2024-02-14T09:26:13.309+0000] {logging_mixin.py:188} INFO - [2024-02-14T09:26:13.309+0000] {dag.py:3033} INFO - Sync 1 DAGs
[2024-02-14T09:26:13.321+0000] {logging_mixin.py:188} INFO - [2024-02-14T09:26:13.320+0000] {dag.py:3820} INFO - Setting next_dagrun for tutorial_objectstorage to None, run_after=None
[2024-02-14T09:26:13.367+0000] {processor.py:183} INFO - Processing /home/codespace/.local/share/virtualenvs/airflow_sandbox-vp-HKq_L/lib/python3.10/site-packages/airflow/example_dags/tutorial_objectstorage.py took 0.078 seconds
[2024-02-14T09:26:51.279+0000] {processor.py:161} INFO - Started process (PID=14862) to work on /home/codespace/.local/share/virtualenvs/airflow_sandbox-vp-HKq_L/lib/python3.10/site-packages/airflow/example_dags/tutorial_objectstorage.py
[2024-02-14T09:26:51.279+0000] {processor.py:830} INFO - Processing file /home/codespace/.local/share/virtualenvs/airflow_sandbox-vp-HKq_L/lib/python3.10/site-packages/airflow/example_dags/tutorial_objectstorage.py for tasks to queue
[2024-02-14T09:26:51.280+0000] {logging_mixin.py:188} INFO - [2024-02-14T09:26:51.280+0000] {dagbag.py:538} INFO - Filling up the DagBag from /home/codespace/.local/share/virtualenvs/airflow_sandbox-vp-HKq_L/lib/python3.10/site-packages/airflow/example_dags/tutorial_objectstorage.py
[2024-02-14T09:26:51.286+0000] {processor.py:840} INFO - DAG(s) 'tutorial_objectstorage' retrieved from /home/codespace/.local/share/virtualenvs/airflow_sandbox-vp-HKq_L/lib/python3.10/site-packages/airflow/example_dags/tutorial_objectstorage.py
[2024-02-14T09:26:51.299+0000] {logging_mixin.py:188} INFO - [2024-02-14T09:26:51.299+0000] {dag.py:3033} INFO - Sync 1 DAGs
[2024-02-14T09:26:51.312+0000] {logging_mixin.py:188} INFO - [2024-02-14T09:26:51.312+0000] {dag.py:3820} INFO - Setting next_dagrun for tutorial_objectstorage to None, run_after=None
[2024-02-14T09:26:51.353+0000] {processor.py:183} INFO - Processing /home/codespace/.local/share/virtualenvs/airflow_sandbox-vp-HKq_L/lib/python3.10/site-packages/airflow/example_dags/tutorial_objectstorage.py took 0.077 seconds
[2024-02-14T09:27:45.889+0000] {processor.py:161} INFO - Started process (PID=15285) to work on /home/codespace/.local/share/virtualenvs/airflow_sandbox-vp-HKq_L/lib/python3.10/site-packages/airflow/example_dags/tutorial_objectstorage.py
[2024-02-14T09:27:45.890+0000] {processor.py:830} INFO - Processing file /home/codespace/.local/share/virtualenvs/airflow_sandbox-vp-HKq_L/lib/python3.10/site-packages/airflow/example_dags/tutorial_objectstorage.py for tasks to queue
[2024-02-14T09:27:45.891+0000] {logging_mixin.py:188} INFO - [2024-02-14T09:27:45.891+0000] {dagbag.py:538} INFO - Filling up the DagBag from /home/codespace/.local/share/virtualenvs/airflow_sandbox-vp-HKq_L/lib/python3.10/site-packages/airflow/example_dags/tutorial_objectstorage.py
[2024-02-14T09:27:45.896+0000] {processor.py:840} INFO - DAG(s) 'tutorial_objectstorage' retrieved from /home/codespace/.local/share/virtualenvs/airflow_sandbox-vp-HKq_L/lib/python3.10/site-packages/airflow/example_dags/tutorial_objectstorage.py
[2024-02-14T09:27:45.907+0000] {logging_mixin.py:188} INFO - [2024-02-14T09:27:45.907+0000] {dag.py:3033} INFO - Sync 1 DAGs
[2024-02-14T09:27:45.916+0000] {logging_mixin.py:188} INFO - [2024-02-14T09:27:45.916+0000] {dag.py:3820} INFO - Setting next_dagrun for tutorial_objectstorage to None, run_after=None
[2024-02-14T09:27:45.962+0000] {processor.py:183} INFO - Processing /home/codespace/.local/share/virtualenvs/airflow_sandbox-vp-HKq_L/lib/python3.10/site-packages/airflow/example_dags/tutorial_objectstorage.py took 0.076 seconds
[2024-02-14T09:28:24.971+0000] {processor.py:161} INFO - Started process (PID=15565) to work on /home/codespace/.local/share/virtualenvs/airflow_sandbox-vp-HKq_L/lib/python3.10/site-packages/airflow/example_dags/tutorial_objectstorage.py
[2024-02-14T09:28:24.971+0000] {processor.py:830} INFO - Processing file /home/codespace/.local/share/virtualenvs/airflow_sandbox-vp-HKq_L/lib/python3.10/site-packages/airflow/example_dags/tutorial_objectstorage.py for tasks to queue
[2024-02-14T09:28:24.972+0000] {logging_mixin.py:188} INFO - [2024-02-14T09:28:24.972+0000] {dagbag.py:538} INFO - Filling up the DagBag from /home/codespace/.local/share/virtualenvs/airflow_sandbox-vp-HKq_L/lib/python3.10/site-packages/airflow/example_dags/tutorial_objectstorage.py
[2024-02-14T09:28:24.977+0000] {processor.py:840} INFO - DAG(s) 'tutorial_objectstorage' retrieved from /home/codespace/.local/share/virtualenvs/airflow_sandbox-vp-HKq_L/lib/python3.10/site-packages/airflow/example_dags/tutorial_objectstorage.py
[2024-02-14T09:28:24.989+0000] {logging_mixin.py:188} INFO - [2024-02-14T09:28:24.989+0000] {dag.py:3033} INFO - Sync 1 DAGs
[2024-02-14T09:28:24.998+0000] {logging_mixin.py:188} INFO - [2024-02-14T09:28:24.998+0000] {dag.py:3820} INFO - Setting next_dagrun for tutorial_objectstorage to None, run_after=None
[2024-02-14T09:28:25.043+0000] {processor.py:183} INFO - Processing /home/codespace/.local/share/virtualenvs/airflow_sandbox-vp-HKq_L/lib/python3.10/site-packages/airflow/example_dags/tutorial_objectstorage.py took 0.074 seconds
[2024-02-14T09:29:16.199+0000] {processor.py:161} INFO - Started process (PID=16070) to work on /home/codespace/.local/share/virtualenvs/airflow_sandbox-vp-HKq_L/lib/python3.10/site-packages/airflow/example_dags/tutorial_objectstorage.py
[2024-02-14T09:29:16.202+0000] {processor.py:830} INFO - Processing file /home/codespace/.local/share/virtualenvs/airflow_sandbox-vp-HKq_L/lib/python3.10/site-packages/airflow/example_dags/tutorial_objectstorage.py for tasks to queue
[2024-02-14T09:29:16.208+0000] {logging_mixin.py:188} INFO - [2024-02-14T09:29:16.206+0000] {dagbag.py:538} INFO - Filling up the DagBag from /home/codespace/.local/share/virtualenvs/airflow_sandbox-vp-HKq_L/lib/python3.10/site-packages/airflow/example_dags/tutorial_objectstorage.py
[2024-02-14T09:29:16.244+0000] {processor.py:840} INFO - DAG(s) 'tutorial_objectstorage' retrieved from /home/codespace/.local/share/virtualenvs/airflow_sandbox-vp-HKq_L/lib/python3.10/site-packages/airflow/example_dags/tutorial_objectstorage.py
[2024-02-14T09:29:16.280+0000] {logging_mixin.py:188} INFO - [2024-02-14T09:29:16.279+0000] {dag.py:3033} INFO - Sync 1 DAGs
[2024-02-14T09:29:16.304+0000] {logging_mixin.py:188} INFO - [2024-02-14T09:29:16.304+0000] {dag.py:3820} INFO - Setting next_dagrun for tutorial_objectstorage to None, run_after=None
[2024-02-14T09:29:16.353+0000] {processor.py:183} INFO - Processing /home/codespace/.local/share/virtualenvs/airflow_sandbox-vp-HKq_L/lib/python3.10/site-packages/airflow/example_dags/tutorial_objectstorage.py took 0.157 seconds
[2024-02-14T09:30:10.062+0000] {processor.py:161} INFO - Started process (PID=16445) to work on /home/codespace/.local/share/virtualenvs/airflow_sandbox-vp-HKq_L/lib/python3.10/site-packages/airflow/example_dags/tutorial_objectstorage.py
[2024-02-14T09:30:10.064+0000] {processor.py:830} INFO - Processing file /home/codespace/.local/share/virtualenvs/airflow_sandbox-vp-HKq_L/lib/python3.10/site-packages/airflow/example_dags/tutorial_objectstorage.py for tasks to queue
[2024-02-14T09:30:10.065+0000] {logging_mixin.py:188} INFO - [2024-02-14T09:30:10.065+0000] {dagbag.py:538} INFO - Filling up the DagBag from /home/codespace/.local/share/virtualenvs/airflow_sandbox-vp-HKq_L/lib/python3.10/site-packages/airflow/example_dags/tutorial_objectstorage.py
[2024-02-14T09:30:10.076+0000] {processor.py:840} INFO - DAG(s) 'tutorial_objectstorage' retrieved from /home/codespace/.local/share/virtualenvs/airflow_sandbox-vp-HKq_L/lib/python3.10/site-packages/airflow/example_dags/tutorial_objectstorage.py
[2024-02-14T09:30:10.092+0000] {logging_mixin.py:188} INFO - [2024-02-14T09:30:10.092+0000] {dag.py:3033} INFO - Sync 1 DAGs
[2024-02-14T09:30:10.101+0000] {logging_mixin.py:188} INFO - [2024-02-14T09:30:10.101+0000] {dag.py:3820} INFO - Setting next_dagrun for tutorial_objectstorage to None, run_after=None
[2024-02-14T09:30:10.143+0000] {processor.py:183} INFO - Processing /home/codespace/.local/share/virtualenvs/airflow_sandbox-vp-HKq_L/lib/python3.10/site-packages/airflow/example_dags/tutorial_objectstorage.py took 0.085 seconds
[2024-02-14T09:31:00.455+0000] {processor.py:161} INFO - Started process (PID=16805) to work on /home/codespace/.local/share/virtualenvs/airflow_sandbox-vp-HKq_L/lib/python3.10/site-packages/airflow/example_dags/tutorial_objectstorage.py
[2024-02-14T09:31:00.456+0000] {processor.py:830} INFO - Processing file /home/codespace/.local/share/virtualenvs/airflow_sandbox-vp-HKq_L/lib/python3.10/site-packages/airflow/example_dags/tutorial_objectstorage.py for tasks to queue
[2024-02-14T09:31:00.456+0000] {logging_mixin.py:188} INFO - [2024-02-14T09:31:00.456+0000] {dagbag.py:538} INFO - Filling up the DagBag from /home/codespace/.local/share/virtualenvs/airflow_sandbox-vp-HKq_L/lib/python3.10/site-packages/airflow/example_dags/tutorial_objectstorage.py
[2024-02-14T09:31:00.462+0000] {processor.py:840} INFO - DAG(s) 'tutorial_objectstorage' retrieved from /home/codespace/.local/share/virtualenvs/airflow_sandbox-vp-HKq_L/lib/python3.10/site-packages/airflow/example_dags/tutorial_objectstorage.py
[2024-02-14T09:31:00.473+0000] {logging_mixin.py:188} INFO - [2024-02-14T09:31:00.472+0000] {dag.py:3033} INFO - Sync 1 DAGs
[2024-02-14T09:31:00.482+0000] {logging_mixin.py:188} INFO - [2024-02-14T09:31:00.482+0000] {dag.py:3820} INFO - Setting next_dagrun for tutorial_objectstorage to None, run_after=None
[2024-02-14T09:31:00.524+0000] {processor.py:183} INFO - Processing /home/codespace/.local/share/virtualenvs/airflow_sandbox-vp-HKq_L/lib/python3.10/site-packages/airflow/example_dags/tutorial_objectstorage.py took 0.072 seconds
[2024-02-14T09:31:53.404+0000] {processor.py:161} INFO - Started process (PID=17173) to work on /home/codespace/.local/share/virtualenvs/airflow_sandbox-vp-HKq_L/lib/python3.10/site-packages/airflow/example_dags/tutorial_objectstorage.py
[2024-02-14T09:31:53.405+0000] {processor.py:830} INFO - Processing file /home/codespace/.local/share/virtualenvs/airflow_sandbox-vp-HKq_L/lib/python3.10/site-packages/airflow/example_dags/tutorial_objectstorage.py for tasks to queue
[2024-02-14T09:31:53.406+0000] {logging_mixin.py:188} INFO - [2024-02-14T09:31:53.405+0000] {dagbag.py:538} INFO - Filling up the DagBag from /home/codespace/.local/share/virtualenvs/airflow_sandbox-vp-HKq_L/lib/python3.10/site-packages/airflow/example_dags/tutorial_objectstorage.py
[2024-02-14T09:31:53.410+0000] {processor.py:840} INFO - DAG(s) 'tutorial_objectstorage' retrieved from /home/codespace/.local/share/virtualenvs/airflow_sandbox-vp-HKq_L/lib/python3.10/site-packages/airflow/example_dags/tutorial_objectstorage.py
[2024-02-14T09:31:53.421+0000] {logging_mixin.py:188} INFO - [2024-02-14T09:31:53.421+0000] {dag.py:3033} INFO - Sync 1 DAGs
[2024-02-14T09:31:53.430+0000] {logging_mixin.py:188} INFO - [2024-02-14T09:31:53.430+0000] {dag.py:3820} INFO - Setting next_dagrun for tutorial_objectstorage to None, run_after=None
[2024-02-14T09:31:53.471+0000] {processor.py:183} INFO - Processing /home/codespace/.local/share/virtualenvs/airflow_sandbox-vp-HKq_L/lib/python3.10/site-packages/airflow/example_dags/tutorial_objectstorage.py took 0.069 seconds
[2024-02-14T09:32:47.364+0000] {processor.py:161} INFO - Started process (PID=17567) to work on /home/codespace/.local/share/virtualenvs/airflow_sandbox-vp-HKq_L/lib/python3.10/site-packages/airflow/example_dags/tutorial_objectstorage.py
[2024-02-14T09:32:47.365+0000] {processor.py:830} INFO - Processing file /home/codespace/.local/share/virtualenvs/airflow_sandbox-vp-HKq_L/lib/python3.10/site-packages/airflow/example_dags/tutorial_objectstorage.py for tasks to queue
[2024-02-14T09:32:47.365+0000] {logging_mixin.py:188} INFO - [2024-02-14T09:32:47.365+0000] {dagbag.py:538} INFO - Filling up the DagBag from /home/codespace/.local/share/virtualenvs/airflow_sandbox-vp-HKq_L/lib/python3.10/site-packages/airflow/example_dags/tutorial_objectstorage.py
[2024-02-14T09:32:47.370+0000] {processor.py:840} INFO - DAG(s) 'tutorial_objectstorage' retrieved from /home/codespace/.local/share/virtualenvs/airflow_sandbox-vp-HKq_L/lib/python3.10/site-packages/airflow/example_dags/tutorial_objectstorage.py
[2024-02-14T09:32:47.381+0000] {logging_mixin.py:188} INFO - [2024-02-14T09:32:47.381+0000] {dag.py:3033} INFO - Sync 1 DAGs
[2024-02-14T09:32:47.390+0000] {logging_mixin.py:188} INFO - [2024-02-14T09:32:47.390+0000] {dag.py:3820} INFO - Setting next_dagrun for tutorial_objectstorage to None, run_after=None
[2024-02-14T09:32:47.436+0000] {processor.py:183} INFO - Processing /home/codespace/.local/share/virtualenvs/airflow_sandbox-vp-HKq_L/lib/python3.10/site-packages/airflow/example_dags/tutorial_objectstorage.py took 0.074 seconds
[2024-02-14T09:33:40.088+0000] {processor.py:161} INFO - Started process (PID=17936) to work on /home/codespace/.local/share/virtualenvs/airflow_sandbox-vp-HKq_L/lib/python3.10/site-packages/airflow/example_dags/tutorial_objectstorage.py
[2024-02-14T09:33:40.088+0000] {processor.py:830} INFO - Processing file /home/codespace/.local/share/virtualenvs/airflow_sandbox-vp-HKq_L/lib/python3.10/site-packages/airflow/example_dags/tutorial_objectstorage.py for tasks to queue
[2024-02-14T09:33:40.089+0000] {logging_mixin.py:188} INFO - [2024-02-14T09:33:40.089+0000] {dagbag.py:538} INFO - Filling up the DagBag from /home/codespace/.local/share/virtualenvs/airflow_sandbox-vp-HKq_L/lib/python3.10/site-packages/airflow/example_dags/tutorial_objectstorage.py
[2024-02-14T09:33:40.094+0000] {processor.py:840} INFO - DAG(s) 'tutorial_objectstorage' retrieved from /home/codespace/.local/share/virtualenvs/airflow_sandbox-vp-HKq_L/lib/python3.10/site-packages/airflow/example_dags/tutorial_objectstorage.py
[2024-02-14T09:33:40.106+0000] {logging_mixin.py:188} INFO - [2024-02-14T09:33:40.106+0000] {dag.py:3033} INFO - Sync 1 DAGs
[2024-02-14T09:33:40.116+0000] {logging_mixin.py:188} INFO - [2024-02-14T09:33:40.116+0000] {dag.py:3820} INFO - Setting next_dagrun for tutorial_objectstorage to None, run_after=None
[2024-02-14T09:33:40.159+0000] {processor.py:183} INFO - Processing /home/codespace/.local/share/virtualenvs/airflow_sandbox-vp-HKq_L/lib/python3.10/site-packages/airflow/example_dags/tutorial_objectstorage.py took 0.074 seconds
[2024-02-14T09:34:32.186+0000] {processor.py:161} INFO - Started process (PID=18353) to work on /home/codespace/.local/share/virtualenvs/airflow_sandbox-vp-HKq_L/lib/python3.10/site-packages/airflow/example_dags/tutorial_objectstorage.py
[2024-02-14T09:34:32.187+0000] {processor.py:830} INFO - Processing file /home/codespace/.local/share/virtualenvs/airflow_sandbox-vp-HKq_L/lib/python3.10/site-packages/airflow/example_dags/tutorial_objectstorage.py for tasks to queue
[2024-02-14T09:34:32.188+0000] {logging_mixin.py:188} INFO - [2024-02-14T09:34:32.188+0000] {dagbag.py:538} INFO - Filling up the DagBag from /home/codespace/.local/share/virtualenvs/airflow_sandbox-vp-HKq_L/lib/python3.10/site-packages/airflow/example_dags/tutorial_objectstorage.py
[2024-02-14T09:34:32.196+0000] {processor.py:840} INFO - DAG(s) 'tutorial_objectstorage' retrieved from /home/codespace/.local/share/virtualenvs/airflow_sandbox-vp-HKq_L/lib/python3.10/site-packages/airflow/example_dags/tutorial_objectstorage.py
[2024-02-14T09:34:32.248+0000] {logging_mixin.py:188} INFO - [2024-02-14T09:34:32.248+0000] {dag.py:3033} INFO - Sync 1 DAGs
[2024-02-14T09:34:32.260+0000] {logging_mixin.py:188} INFO - [2024-02-14T09:34:32.260+0000] {dag.py:3820} INFO - Setting next_dagrun for tutorial_objectstorage to None, run_after=None
[2024-02-14T09:34:32.345+0000] {processor.py:183} INFO - Processing /home/codespace/.local/share/virtualenvs/airflow_sandbox-vp-HKq_L/lib/python3.10/site-packages/airflow/example_dags/tutorial_objectstorage.py took 0.161 seconds
