[2024-02-14T09:07:38.267+0000] {processor.py:161} INFO - Started process (PID=4470) to work on /home/codespace/.local/share/virtualenvs/airflow_sandbox-vp-HKq_L/lib/python3.10/site-packages/airflow/example_dags/tutorial.py
[2024-02-14T09:07:38.268+0000] {processor.py:830} INFO - Processing file /home/codespace/.local/share/virtualenvs/airflow_sandbox-vp-HKq_L/lib/python3.10/site-packages/airflow/example_dags/tutorial.py for tasks to queue
[2024-02-14T09:07:38.268+0000] {logging_mixin.py:188} INFO - [2024-02-14T09:07:38.268+0000] {dagbag.py:538} INFO - Filling up the DagBag from /home/codespace/.local/share/virtualenvs/airflow_sandbox-vp-HKq_L/lib/python3.10/site-packages/airflow/example_dags/tutorial.py
[2024-02-14T09:07:38.276+0000] {processor.py:840} INFO - DAG(s) 'tutorial' retrieved from /home/codespace/.local/share/virtualenvs/airflow_sandbox-vp-HKq_L/lib/python3.10/site-packages/airflow/example_dags/tutorial.py
[2024-02-14T09:07:38.296+0000] {logging_mixin.py:188} INFO - [2024-02-14T09:07:38.296+0000] {dag.py:3033} INFO - Sync 1 DAGs
[2024-02-14T09:07:38.423+0000] {logging_mixin.py:188} INFO - [2024-02-14T09:07:38.422+0000] {dag.py:3820} INFO - Setting next_dagrun for tutorial to 2024-02-13T00:00:00+00:00, run_after=2024-02-14T00:00:00+00:00
[2024-02-14T09:07:38.463+0000] {processor.py:183} INFO - Processing /home/codespace/.local/share/virtualenvs/airflow_sandbox-vp-HKq_L/lib/python3.10/site-packages/airflow/example_dags/tutorial.py took 0.198 seconds
[2024-02-14T09:08:29.268+0000] {processor.py:161} INFO - Started process (PID=5061) to work on /home/codespace/.local/share/virtualenvs/airflow_sandbox-vp-HKq_L/lib/python3.10/site-packages/airflow/example_dags/tutorial.py
[2024-02-14T09:08:29.269+0000] {processor.py:830} INFO - Processing file /home/codespace/.local/share/virtualenvs/airflow_sandbox-vp-HKq_L/lib/python3.10/site-packages/airflow/example_dags/tutorial.py for tasks to queue
[2024-02-14T09:08:29.270+0000] {logging_mixin.py:188} INFO - [2024-02-14T09:08:29.269+0000] {dagbag.py:538} INFO - Filling up the DagBag from /home/codespace/.local/share/virtualenvs/airflow_sandbox-vp-HKq_L/lib/python3.10/site-packages/airflow/example_dags/tutorial.py
[2024-02-14T09:08:29.275+0000] {processor.py:840} INFO - DAG(s) 'tutorial' retrieved from /home/codespace/.local/share/virtualenvs/airflow_sandbox-vp-HKq_L/lib/python3.10/site-packages/airflow/example_dags/tutorial.py
[2024-02-14T09:08:29.288+0000] {logging_mixin.py:188} INFO - [2024-02-14T09:08:29.287+0000] {dag.py:3033} INFO - Sync 1 DAGs
[2024-02-14T09:08:29.303+0000] {logging_mixin.py:188} INFO - [2024-02-14T09:08:29.303+0000] {dag.py:3820} INFO - Setting next_dagrun for tutorial to 2024-02-13T00:00:00+00:00, run_after=2024-02-14T00:00:00+00:00
[2024-02-14T09:08:29.344+0000] {processor.py:183} INFO - Processing /home/codespace/.local/share/virtualenvs/airflow_sandbox-vp-HKq_L/lib/python3.10/site-packages/airflow/example_dags/tutorial.py took 0.078 seconds
[2024-02-14T09:09:15.793+0000] {processor.py:161} INFO - Started process (PID=5791) to work on /home/codespace/.local/share/virtualenvs/airflow_sandbox-vp-HKq_L/lib/python3.10/site-packages/airflow/example_dags/tutorial.py
[2024-02-14T09:09:15.794+0000] {processor.py:830} INFO - Processing file /home/codespace/.local/share/virtualenvs/airflow_sandbox-vp-HKq_L/lib/python3.10/site-packages/airflow/example_dags/tutorial.py for tasks to queue
[2024-02-14T09:09:15.795+0000] {logging_mixin.py:188} INFO - [2024-02-14T09:09:15.794+0000] {dagbag.py:538} INFO - Filling up the DagBag from /home/codespace/.local/share/virtualenvs/airflow_sandbox-vp-HKq_L/lib/python3.10/site-packages/airflow/example_dags/tutorial.py
[2024-02-14T09:09:15.800+0000] {processor.py:840} INFO - DAG(s) 'tutorial' retrieved from /home/codespace/.local/share/virtualenvs/airflow_sandbox-vp-HKq_L/lib/python3.10/site-packages/airflow/example_dags/tutorial.py
[2024-02-14T09:09:15.811+0000] {logging_mixin.py:188} INFO - [2024-02-14T09:09:15.811+0000] {dag.py:3033} INFO - Sync 1 DAGs
[2024-02-14T09:09:15.828+0000] {logging_mixin.py:188} INFO - [2024-02-14T09:09:15.828+0000] {dag.py:3820} INFO - Setting next_dagrun for tutorial to 2024-02-13T00:00:00+00:00, run_after=2024-02-14T00:00:00+00:00
[2024-02-14T09:09:15.878+0000] {processor.py:183} INFO - Processing /home/codespace/.local/share/virtualenvs/airflow_sandbox-vp-HKq_L/lib/python3.10/site-packages/airflow/example_dags/tutorial.py took 0.087 seconds
[2024-02-14T09:10:01.056+0000] {processor.py:161} INFO - Started process (PID=6403) to work on /home/codespace/.local/share/virtualenvs/airflow_sandbox-vp-HKq_L/lib/python3.10/site-packages/airflow/example_dags/tutorial.py
[2024-02-14T09:10:01.057+0000] {processor.py:830} INFO - Processing file /home/codespace/.local/share/virtualenvs/airflow_sandbox-vp-HKq_L/lib/python3.10/site-packages/airflow/example_dags/tutorial.py for tasks to queue
[2024-02-14T09:10:01.058+0000] {logging_mixin.py:188} INFO - [2024-02-14T09:10:01.058+0000] {dagbag.py:538} INFO - Filling up the DagBag from /home/codespace/.local/share/virtualenvs/airflow_sandbox-vp-HKq_L/lib/python3.10/site-packages/airflow/example_dags/tutorial.py
[2024-02-14T09:10:01.063+0000] {processor.py:840} INFO - DAG(s) 'tutorial' retrieved from /home/codespace/.local/share/virtualenvs/airflow_sandbox-vp-HKq_L/lib/python3.10/site-packages/airflow/example_dags/tutorial.py
[2024-02-14T09:10:01.074+0000] {logging_mixin.py:188} INFO - [2024-02-14T09:10:01.074+0000] {dag.py:3033} INFO - Sync 1 DAGs
[2024-02-14T09:10:01.090+0000] {logging_mixin.py:188} INFO - [2024-02-14T09:10:01.090+0000] {dag.py:3820} INFO - Setting next_dagrun for tutorial to 2024-02-13T00:00:00+00:00, run_after=2024-02-14T00:00:00+00:00
[2024-02-14T09:10:01.132+0000] {processor.py:183} INFO - Processing /home/codespace/.local/share/virtualenvs/airflow_sandbox-vp-HKq_L/lib/python3.10/site-packages/airflow/example_dags/tutorial.py took 0.078 seconds
[2024-02-14T09:10:38.042+0000] {processor.py:161} INFO - Started process (PID=6794) to work on /home/codespace/.local/share/virtualenvs/airflow_sandbox-vp-HKq_L/lib/python3.10/site-packages/airflow/example_dags/tutorial.py
[2024-02-14T09:10:38.042+0000] {processor.py:830} INFO - Processing file /home/codespace/.local/share/virtualenvs/airflow_sandbox-vp-HKq_L/lib/python3.10/site-packages/airflow/example_dags/tutorial.py for tasks to queue
[2024-02-14T09:10:38.043+0000] {logging_mixin.py:188} INFO - [2024-02-14T09:10:38.043+0000] {dagbag.py:538} INFO - Filling up the DagBag from /home/codespace/.local/share/virtualenvs/airflow_sandbox-vp-HKq_L/lib/python3.10/site-packages/airflow/example_dags/tutorial.py
[2024-02-14T09:10:38.048+0000] {processor.py:840} INFO - DAG(s) 'tutorial' retrieved from /home/codespace/.local/share/virtualenvs/airflow_sandbox-vp-HKq_L/lib/python3.10/site-packages/airflow/example_dags/tutorial.py
[2024-02-14T09:10:38.060+0000] {logging_mixin.py:188} INFO - [2024-02-14T09:10:38.060+0000] {dag.py:3033} INFO - Sync 1 DAGs
[2024-02-14T09:10:38.075+0000] {logging_mixin.py:188} INFO - [2024-02-14T09:10:38.075+0000] {dag.py:3820} INFO - Setting next_dagrun for tutorial to 2024-02-13T00:00:00+00:00, run_after=2024-02-14T00:00:00+00:00
[2024-02-14T09:10:38.117+0000] {processor.py:183} INFO - Processing /home/codespace/.local/share/virtualenvs/airflow_sandbox-vp-HKq_L/lib/python3.10/site-packages/airflow/example_dags/tutorial.py took 0.078 seconds
[2024-02-14T09:11:26.400+0000] {processor.py:161} INFO - Started process (PID=7427) to work on /home/codespace/.local/share/virtualenvs/airflow_sandbox-vp-HKq_L/lib/python3.10/site-packages/airflow/example_dags/tutorial.py
[2024-02-14T09:11:26.401+0000] {processor.py:830} INFO - Processing file /home/codespace/.local/share/virtualenvs/airflow_sandbox-vp-HKq_L/lib/python3.10/site-packages/airflow/example_dags/tutorial.py for tasks to queue
[2024-02-14T09:11:26.402+0000] {logging_mixin.py:188} INFO - [2024-02-14T09:11:26.402+0000] {dagbag.py:538} INFO - Filling up the DagBag from /home/codespace/.local/share/virtualenvs/airflow_sandbox-vp-HKq_L/lib/python3.10/site-packages/airflow/example_dags/tutorial.py
[2024-02-14T09:11:26.411+0000] {processor.py:840} INFO - DAG(s) 'tutorial' retrieved from /home/codespace/.local/share/virtualenvs/airflow_sandbox-vp-HKq_L/lib/python3.10/site-packages/airflow/example_dags/tutorial.py
[2024-02-14T09:11:26.450+0000] {logging_mixin.py:188} INFO - [2024-02-14T09:11:26.450+0000] {dag.py:3033} INFO - Sync 1 DAGs
[2024-02-14T09:11:26.470+0000] {logging_mixin.py:188} INFO - [2024-02-14T09:11:26.470+0000] {dag.py:3820} INFO - Setting next_dagrun for tutorial to 2024-02-13T00:00:00+00:00, run_after=2024-02-14T00:00:00+00:00
[2024-02-14T09:11:26.512+0000] {processor.py:183} INFO - Processing /home/codespace/.local/share/virtualenvs/airflow_sandbox-vp-HKq_L/lib/python3.10/site-packages/airflow/example_dags/tutorial.py took 0.115 seconds
[2024-02-14T09:12:04.026+0000] {processor.py:161} INFO - Started process (PID=7905) to work on /home/codespace/.local/share/virtualenvs/airflow_sandbox-vp-HKq_L/lib/python3.10/site-packages/airflow/example_dags/tutorial.py
[2024-02-14T09:12:04.027+0000] {processor.py:830} INFO - Processing file /home/codespace/.local/share/virtualenvs/airflow_sandbox-vp-HKq_L/lib/python3.10/site-packages/airflow/example_dags/tutorial.py for tasks to queue
[2024-02-14T09:12:04.028+0000] {logging_mixin.py:188} INFO - [2024-02-14T09:12:04.027+0000] {dagbag.py:538} INFO - Filling up the DagBag from /home/codespace/.local/share/virtualenvs/airflow_sandbox-vp-HKq_L/lib/python3.10/site-packages/airflow/example_dags/tutorial.py
[2024-02-14T09:12:04.033+0000] {processor.py:840} INFO - DAG(s) 'tutorial' retrieved from /home/codespace/.local/share/virtualenvs/airflow_sandbox-vp-HKq_L/lib/python3.10/site-packages/airflow/example_dags/tutorial.py
[2024-02-14T09:12:04.044+0000] {logging_mixin.py:188} INFO - [2024-02-14T09:12:04.044+0000] {dag.py:3033} INFO - Sync 1 DAGs
[2024-02-14T09:12:04.059+0000] {logging_mixin.py:188} INFO - [2024-02-14T09:12:04.059+0000] {dag.py:3820} INFO - Setting next_dagrun for tutorial to 2024-02-13T00:00:00+00:00, run_after=2024-02-14T00:00:00+00:00
[2024-02-14T09:12:04.111+0000] {processor.py:183} INFO - Processing /home/codespace/.local/share/virtualenvs/airflow_sandbox-vp-HKq_L/lib/python3.10/site-packages/airflow/example_dags/tutorial.py took 0.087 seconds
[2024-02-14T09:12:40.870+0000] {processor.py:161} INFO - Started process (PID=8198) to work on /home/codespace/.local/share/virtualenvs/airflow_sandbox-vp-HKq_L/lib/python3.10/site-packages/airflow/example_dags/tutorial.py
[2024-02-14T09:12:40.871+0000] {processor.py:830} INFO - Processing file /home/codespace/.local/share/virtualenvs/airflow_sandbox-vp-HKq_L/lib/python3.10/site-packages/airflow/example_dags/tutorial.py for tasks to queue
[2024-02-14T09:12:40.871+0000] {logging_mixin.py:188} INFO - [2024-02-14T09:12:40.871+0000] {dagbag.py:538} INFO - Filling up the DagBag from /home/codespace/.local/share/virtualenvs/airflow_sandbox-vp-HKq_L/lib/python3.10/site-packages/airflow/example_dags/tutorial.py
[2024-02-14T09:12:40.877+0000] {processor.py:840} INFO - DAG(s) 'tutorial' retrieved from /home/codespace/.local/share/virtualenvs/airflow_sandbox-vp-HKq_L/lib/python3.10/site-packages/airflow/example_dags/tutorial.py
[2024-02-14T09:12:40.962+0000] {logging_mixin.py:188} INFO - [2024-02-14T09:12:40.961+0000] {dag.py:3033} INFO - Sync 1 DAGs
[2024-02-14T09:12:41.017+0000] {logging_mixin.py:188} INFO - [2024-02-14T09:12:41.017+0000] {dag.py:3820} INFO - Setting next_dagrun for tutorial to 2024-02-13T00:00:00+00:00, run_after=2024-02-14T00:00:00+00:00
[2024-02-14T09:12:41.059+0000] {processor.py:183} INFO - Processing /home/codespace/.local/share/virtualenvs/airflow_sandbox-vp-HKq_L/lib/python3.10/site-packages/airflow/example_dags/tutorial.py took 0.192 seconds
[2024-02-14T09:13:18.686+0000] {processor.py:161} INFO - Started process (PID=8539) to work on /home/codespace/.local/share/virtualenvs/airflow_sandbox-vp-HKq_L/lib/python3.10/site-packages/airflow/example_dags/tutorial.py
[2024-02-14T09:13:18.687+0000] {processor.py:830} INFO - Processing file /home/codespace/.local/share/virtualenvs/airflow_sandbox-vp-HKq_L/lib/python3.10/site-packages/airflow/example_dags/tutorial.py for tasks to queue
[2024-02-14T09:13:18.688+0000] {logging_mixin.py:188} INFO - [2024-02-14T09:13:18.688+0000] {dagbag.py:538} INFO - Filling up the DagBag from /home/codespace/.local/share/virtualenvs/airflow_sandbox-vp-HKq_L/lib/python3.10/site-packages/airflow/example_dags/tutorial.py
[2024-02-14T09:13:18.693+0000] {processor.py:840} INFO - DAG(s) 'tutorial' retrieved from /home/codespace/.local/share/virtualenvs/airflow_sandbox-vp-HKq_L/lib/python3.10/site-packages/airflow/example_dags/tutorial.py
[2024-02-14T09:13:18.706+0000] {logging_mixin.py:188} INFO - [2024-02-14T09:13:18.706+0000] {dag.py:3033} INFO - Sync 1 DAGs
[2024-02-14T09:13:18.724+0000] {logging_mixin.py:188} INFO - [2024-02-14T09:13:18.724+0000] {dag.py:3820} INFO - Setting next_dagrun for tutorial to 2024-02-13T00:00:00+00:00, run_after=2024-02-14T00:00:00+00:00
[2024-02-14T09:13:18.770+0000] {processor.py:183} INFO - Processing /home/codespace/.local/share/virtualenvs/airflow_sandbox-vp-HKq_L/lib/python3.10/site-packages/airflow/example_dags/tutorial.py took 0.087 seconds
[2024-02-14T09:13:53.634+0000] {processor.py:161} INFO - Started process (PID=8850) to work on /home/codespace/.local/share/virtualenvs/airflow_sandbox-vp-HKq_L/lib/python3.10/site-packages/airflow/example_dags/tutorial.py
[2024-02-14T09:13:53.634+0000] {processor.py:830} INFO - Processing file /home/codespace/.local/share/virtualenvs/airflow_sandbox-vp-HKq_L/lib/python3.10/site-packages/airflow/example_dags/tutorial.py for tasks to queue
[2024-02-14T09:13:53.635+0000] {logging_mixin.py:188} INFO - [2024-02-14T09:13:53.635+0000] {dagbag.py:538} INFO - Filling up the DagBag from /home/codespace/.local/share/virtualenvs/airflow_sandbox-vp-HKq_L/lib/python3.10/site-packages/airflow/example_dags/tutorial.py
[2024-02-14T09:13:53.642+0000] {processor.py:840} INFO - DAG(s) 'tutorial' retrieved from /home/codespace/.local/share/virtualenvs/airflow_sandbox-vp-HKq_L/lib/python3.10/site-packages/airflow/example_dags/tutorial.py
[2024-02-14T09:13:53.655+0000] {logging_mixin.py:188} INFO - [2024-02-14T09:13:53.655+0000] {dag.py:3033} INFO - Sync 1 DAGs
[2024-02-14T09:13:53.671+0000] {logging_mixin.py:188} INFO - [2024-02-14T09:13:53.671+0000] {dag.py:3820} INFO - Setting next_dagrun for tutorial to 2024-02-13T00:00:00+00:00, run_after=2024-02-14T00:00:00+00:00
[2024-02-14T09:13:53.712+0000] {processor.py:183} INFO - Processing /home/codespace/.local/share/virtualenvs/airflow_sandbox-vp-HKq_L/lib/python3.10/site-packages/airflow/example_dags/tutorial.py took 0.082 seconds
[2024-02-14T09:14:29.989+0000] {processor.py:161} INFO - Started process (PID=9103) to work on /home/codespace/.local/share/virtualenvs/airflow_sandbox-vp-HKq_L/lib/python3.10/site-packages/airflow/example_dags/tutorial.py
[2024-02-14T09:14:29.990+0000] {processor.py:830} INFO - Processing file /home/codespace/.local/share/virtualenvs/airflow_sandbox-vp-HKq_L/lib/python3.10/site-packages/airflow/example_dags/tutorial.py for tasks to queue
[2024-02-14T09:14:29.991+0000] {logging_mixin.py:188} INFO - [2024-02-14T09:14:29.990+0000] {dagbag.py:538} INFO - Filling up the DagBag from /home/codespace/.local/share/virtualenvs/airflow_sandbox-vp-HKq_L/lib/python3.10/site-packages/airflow/example_dags/tutorial.py
[2024-02-14T09:14:29.996+0000] {processor.py:840} INFO - DAG(s) 'tutorial' retrieved from /home/codespace/.local/share/virtualenvs/airflow_sandbox-vp-HKq_L/lib/python3.10/site-packages/airflow/example_dags/tutorial.py
[2024-02-14T09:14:30.009+0000] {logging_mixin.py:188} INFO - [2024-02-14T09:14:30.009+0000] {dag.py:3033} INFO - Sync 1 DAGs
[2024-02-14T09:14:30.026+0000] {logging_mixin.py:188} INFO - [2024-02-14T09:14:30.026+0000] {dag.py:3820} INFO - Setting next_dagrun for tutorial to 2024-02-13T00:00:00+00:00, run_after=2024-02-14T00:00:00+00:00
[2024-02-14T09:14:30.067+0000] {processor.py:183} INFO - Processing /home/codespace/.local/share/virtualenvs/airflow_sandbox-vp-HKq_L/lib/python3.10/site-packages/airflow/example_dags/tutorial.py took 0.080 seconds
[2024-02-14T09:15:03.639+0000] {processor.py:161} INFO - Started process (PID=9339) to work on /home/codespace/.local/share/virtualenvs/airflow_sandbox-vp-HKq_L/lib/python3.10/site-packages/airflow/example_dags/tutorial.py
[2024-02-14T09:15:03.640+0000] {processor.py:830} INFO - Processing file /home/codespace/.local/share/virtualenvs/airflow_sandbox-vp-HKq_L/lib/python3.10/site-packages/airflow/example_dags/tutorial.py for tasks to queue
[2024-02-14T09:15:03.641+0000] {logging_mixin.py:188} INFO - [2024-02-14T09:15:03.640+0000] {dagbag.py:538} INFO - Filling up the DagBag from /home/codespace/.local/share/virtualenvs/airflow_sandbox-vp-HKq_L/lib/python3.10/site-packages/airflow/example_dags/tutorial.py
[2024-02-14T09:15:03.646+0000] {processor.py:840} INFO - DAG(s) 'tutorial' retrieved from /home/codespace/.local/share/virtualenvs/airflow_sandbox-vp-HKq_L/lib/python3.10/site-packages/airflow/example_dags/tutorial.py
[2024-02-14T09:15:03.659+0000] {logging_mixin.py:188} INFO - [2024-02-14T09:15:03.659+0000] {dag.py:3033} INFO - Sync 1 DAGs
[2024-02-14T09:15:03.675+0000] {logging_mixin.py:188} INFO - [2024-02-14T09:15:03.674+0000] {dag.py:3820} INFO - Setting next_dagrun for tutorial to 2024-02-13T00:00:00+00:00, run_after=2024-02-14T00:00:00+00:00
[2024-02-14T09:15:03.733+0000] {processor.py:183} INFO - Processing /home/codespace/.local/share/virtualenvs/airflow_sandbox-vp-HKq_L/lib/python3.10/site-packages/airflow/example_dags/tutorial.py took 0.097 seconds
[2024-02-14T09:15:39.650+0000] {processor.py:161} INFO - Started process (PID=9572) to work on /home/codespace/.local/share/virtualenvs/airflow_sandbox-vp-HKq_L/lib/python3.10/site-packages/airflow/example_dags/tutorial.py
[2024-02-14T09:15:39.651+0000] {processor.py:830} INFO - Processing file /home/codespace/.local/share/virtualenvs/airflow_sandbox-vp-HKq_L/lib/python3.10/site-packages/airflow/example_dags/tutorial.py for tasks to queue
[2024-02-14T09:15:39.651+0000] {logging_mixin.py:188} INFO - [2024-02-14T09:15:39.651+0000] {dagbag.py:538} INFO - Filling up the DagBag from /home/codespace/.local/share/virtualenvs/airflow_sandbox-vp-HKq_L/lib/python3.10/site-packages/airflow/example_dags/tutorial.py
[2024-02-14T09:15:39.656+0000] {processor.py:840} INFO - DAG(s) 'tutorial' retrieved from /home/codespace/.local/share/virtualenvs/airflow_sandbox-vp-HKq_L/lib/python3.10/site-packages/airflow/example_dags/tutorial.py
[2024-02-14T09:15:39.668+0000] {logging_mixin.py:188} INFO - [2024-02-14T09:15:39.668+0000] {dag.py:3033} INFO - Sync 1 DAGs
[2024-02-14T09:15:39.686+0000] {logging_mixin.py:188} INFO - [2024-02-14T09:15:39.685+0000] {dag.py:3820} INFO - Setting next_dagrun for tutorial to 2024-02-13T00:00:00+00:00, run_after=2024-02-14T00:00:00+00:00
[2024-02-14T09:15:39.736+0000] {processor.py:183} INFO - Processing /home/codespace/.local/share/virtualenvs/airflow_sandbox-vp-HKq_L/lib/python3.10/site-packages/airflow/example_dags/tutorial.py took 0.089 seconds
[2024-02-14T09:16:13.829+0000] {processor.py:161} INFO - Started process (PID=9827) to work on /home/codespace/.local/share/virtualenvs/airflow_sandbox-vp-HKq_L/lib/python3.10/site-packages/airflow/example_dags/tutorial.py
[2024-02-14T09:16:13.830+0000] {processor.py:830} INFO - Processing file /home/codespace/.local/share/virtualenvs/airflow_sandbox-vp-HKq_L/lib/python3.10/site-packages/airflow/example_dags/tutorial.py for tasks to queue
[2024-02-14T09:16:13.830+0000] {logging_mixin.py:188} INFO - [2024-02-14T09:16:13.830+0000] {dagbag.py:538} INFO - Filling up the DagBag from /home/codespace/.local/share/virtualenvs/airflow_sandbox-vp-HKq_L/lib/python3.10/site-packages/airflow/example_dags/tutorial.py
[2024-02-14T09:16:13.835+0000] {processor.py:840} INFO - DAG(s) 'tutorial' retrieved from /home/codespace/.local/share/virtualenvs/airflow_sandbox-vp-HKq_L/lib/python3.10/site-packages/airflow/example_dags/tutorial.py
[2024-02-14T09:16:13.847+0000] {logging_mixin.py:188} INFO - [2024-02-14T09:16:13.847+0000] {dag.py:3033} INFO - Sync 1 DAGs
[2024-02-14T09:16:13.862+0000] {logging_mixin.py:188} INFO - [2024-02-14T09:16:13.862+0000] {dag.py:3820} INFO - Setting next_dagrun for tutorial to 2024-02-13T00:00:00+00:00, run_after=2024-02-14T00:00:00+00:00
[2024-02-14T09:16:13.904+0000] {processor.py:183} INFO - Processing /home/codespace/.local/share/virtualenvs/airflow_sandbox-vp-HKq_L/lib/python3.10/site-packages/airflow/example_dags/tutorial.py took 0.077 seconds
[2024-02-14T09:16:50.664+0000] {processor.py:161} INFO - Started process (PID=10083) to work on /home/codespace/.local/share/virtualenvs/airflow_sandbox-vp-HKq_L/lib/python3.10/site-packages/airflow/example_dags/tutorial.py
[2024-02-14T09:16:50.665+0000] {processor.py:830} INFO - Processing file /home/codespace/.local/share/virtualenvs/airflow_sandbox-vp-HKq_L/lib/python3.10/site-packages/airflow/example_dags/tutorial.py for tasks to queue
[2024-02-14T09:16:50.665+0000] {logging_mixin.py:188} INFO - [2024-02-14T09:16:50.665+0000] {dagbag.py:538} INFO - Filling up the DagBag from /home/codespace/.local/share/virtualenvs/airflow_sandbox-vp-HKq_L/lib/python3.10/site-packages/airflow/example_dags/tutorial.py
[2024-02-14T09:16:50.670+0000] {processor.py:840} INFO - DAG(s) 'tutorial' retrieved from /home/codespace/.local/share/virtualenvs/airflow_sandbox-vp-HKq_L/lib/python3.10/site-packages/airflow/example_dags/tutorial.py
[2024-02-14T09:16:50.682+0000] {logging_mixin.py:188} INFO - [2024-02-14T09:16:50.681+0000] {dag.py:3033} INFO - Sync 1 DAGs
[2024-02-14T09:16:50.697+0000] {logging_mixin.py:188} INFO - [2024-02-14T09:16:50.696+0000] {dag.py:3820} INFO - Setting next_dagrun for tutorial to 2024-02-13T00:00:00+00:00, run_after=2024-02-14T00:00:00+00:00
[2024-02-14T09:16:50.736+0000] {processor.py:183} INFO - Processing /home/codespace/.local/share/virtualenvs/airflow_sandbox-vp-HKq_L/lib/python3.10/site-packages/airflow/example_dags/tutorial.py took 0.074 seconds
[2024-02-14T09:17:27.278+0000] {processor.py:161} INFO - Started process (PID=10354) to work on /home/codespace/.local/share/virtualenvs/airflow_sandbox-vp-HKq_L/lib/python3.10/site-packages/airflow/example_dags/tutorial.py
[2024-02-14T09:17:27.278+0000] {processor.py:830} INFO - Processing file /home/codespace/.local/share/virtualenvs/airflow_sandbox-vp-HKq_L/lib/python3.10/site-packages/airflow/example_dags/tutorial.py for tasks to queue
[2024-02-14T09:17:27.279+0000] {logging_mixin.py:188} INFO - [2024-02-14T09:17:27.279+0000] {dagbag.py:538} INFO - Filling up the DagBag from /home/codespace/.local/share/virtualenvs/airflow_sandbox-vp-HKq_L/lib/python3.10/site-packages/airflow/example_dags/tutorial.py
[2024-02-14T09:17:27.285+0000] {processor.py:840} INFO - DAG(s) 'tutorial' retrieved from /home/codespace/.local/share/virtualenvs/airflow_sandbox-vp-HKq_L/lib/python3.10/site-packages/airflow/example_dags/tutorial.py
[2024-02-14T09:17:27.298+0000] {logging_mixin.py:188} INFO - [2024-02-14T09:17:27.297+0000] {dag.py:3033} INFO - Sync 1 DAGs
[2024-02-14T09:17:27.314+0000] {logging_mixin.py:188} INFO - [2024-02-14T09:17:27.314+0000] {dag.py:3820} INFO - Setting next_dagrun for tutorial to 2024-02-13T00:00:00+00:00, run_after=2024-02-14T00:00:00+00:00
[2024-02-14T09:17:27.357+0000] {processor.py:183} INFO - Processing /home/codespace/.local/share/virtualenvs/airflow_sandbox-vp-HKq_L/lib/python3.10/site-packages/airflow/example_dags/tutorial.py took 0.082 seconds
[2024-02-14T09:18:17.983+0000] {processor.py:161} INFO - Started process (PID=10746) to work on /home/codespace/.local/share/virtualenvs/airflow_sandbox-vp-HKq_L/lib/python3.10/site-packages/airflow/example_dags/tutorial.py
[2024-02-14T09:18:17.984+0000] {processor.py:830} INFO - Processing file /home/codespace/.local/share/virtualenvs/airflow_sandbox-vp-HKq_L/lib/python3.10/site-packages/airflow/example_dags/tutorial.py for tasks to queue
[2024-02-14T09:18:17.985+0000] {logging_mixin.py:188} INFO - [2024-02-14T09:18:17.984+0000] {dagbag.py:538} INFO - Filling up the DagBag from /home/codespace/.local/share/virtualenvs/airflow_sandbox-vp-HKq_L/lib/python3.10/site-packages/airflow/example_dags/tutorial.py
[2024-02-14T09:18:17.990+0000] {processor.py:840} INFO - DAG(s) 'tutorial' retrieved from /home/codespace/.local/share/virtualenvs/airflow_sandbox-vp-HKq_L/lib/python3.10/site-packages/airflow/example_dags/tutorial.py
[2024-02-14T09:18:18.002+0000] {logging_mixin.py:188} INFO - [2024-02-14T09:18:18.002+0000] {dag.py:3033} INFO - Sync 1 DAGs
[2024-02-14T09:18:18.018+0000] {logging_mixin.py:188} INFO - [2024-02-14T09:18:18.017+0000] {dag.py:3820} INFO - Setting next_dagrun for tutorial to 2024-02-13T00:00:00+00:00, run_after=2024-02-14T00:00:00+00:00
[2024-02-14T09:18:18.057+0000] {processor.py:183} INFO - Processing /home/codespace/.local/share/virtualenvs/airflow_sandbox-vp-HKq_L/lib/python3.10/site-packages/airflow/example_dags/tutorial.py took 0.076 seconds
[2024-02-14T09:18:54.168+0000] {processor.py:161} INFO - Started process (PID=11021) to work on /home/codespace/.local/share/virtualenvs/airflow_sandbox-vp-HKq_L/lib/python3.10/site-packages/airflow/example_dags/tutorial.py
[2024-02-14T09:18:54.169+0000] {processor.py:830} INFO - Processing file /home/codespace/.local/share/virtualenvs/airflow_sandbox-vp-HKq_L/lib/python3.10/site-packages/airflow/example_dags/tutorial.py for tasks to queue
[2024-02-14T09:18:54.170+0000] {logging_mixin.py:188} INFO - [2024-02-14T09:18:54.169+0000] {dagbag.py:538} INFO - Filling up the DagBag from /home/codespace/.local/share/virtualenvs/airflow_sandbox-vp-HKq_L/lib/python3.10/site-packages/airflow/example_dags/tutorial.py
[2024-02-14T09:18:54.176+0000] {processor.py:840} INFO - DAG(s) 'tutorial' retrieved from /home/codespace/.local/share/virtualenvs/airflow_sandbox-vp-HKq_L/lib/python3.10/site-packages/airflow/example_dags/tutorial.py
[2024-02-14T09:18:54.188+0000] {logging_mixin.py:188} INFO - [2024-02-14T09:18:54.188+0000] {dag.py:3033} INFO - Sync 1 DAGs
[2024-02-14T09:18:54.204+0000] {logging_mixin.py:188} INFO - [2024-02-14T09:18:54.204+0000] {dag.py:3820} INFO - Setting next_dagrun for tutorial to 2024-02-13T00:00:00+00:00, run_after=2024-02-14T00:00:00+00:00
[2024-02-14T09:18:54.244+0000] {processor.py:183} INFO - Processing /home/codespace/.local/share/virtualenvs/airflow_sandbox-vp-HKq_L/lib/python3.10/site-packages/airflow/example_dags/tutorial.py took 0.079 seconds
[2024-02-14T09:19:30.555+0000] {processor.py:161} INFO - Started process (PID=11266) to work on /home/codespace/.local/share/virtualenvs/airflow_sandbox-vp-HKq_L/lib/python3.10/site-packages/airflow/example_dags/tutorial.py
[2024-02-14T09:19:30.556+0000] {processor.py:830} INFO - Processing file /home/codespace/.local/share/virtualenvs/airflow_sandbox-vp-HKq_L/lib/python3.10/site-packages/airflow/example_dags/tutorial.py for tasks to queue
[2024-02-14T09:19:30.557+0000] {logging_mixin.py:188} INFO - [2024-02-14T09:19:30.556+0000] {dagbag.py:538} INFO - Filling up the DagBag from /home/codespace/.local/share/virtualenvs/airflow_sandbox-vp-HKq_L/lib/python3.10/site-packages/airflow/example_dags/tutorial.py
[2024-02-14T09:19:30.562+0000] {processor.py:840} INFO - DAG(s) 'tutorial' retrieved from /home/codespace/.local/share/virtualenvs/airflow_sandbox-vp-HKq_L/lib/python3.10/site-packages/airflow/example_dags/tutorial.py
[2024-02-14T09:19:30.574+0000] {logging_mixin.py:188} INFO - [2024-02-14T09:19:30.574+0000] {dag.py:3033} INFO - Sync 1 DAGs
[2024-02-14T09:19:30.589+0000] {logging_mixin.py:188} INFO - [2024-02-14T09:19:30.589+0000] {dag.py:3820} INFO - Setting next_dagrun for tutorial to 2024-02-13T00:00:00+00:00, run_after=2024-02-14T00:00:00+00:00
[2024-02-14T09:19:30.631+0000] {processor.py:183} INFO - Processing /home/codespace/.local/share/virtualenvs/airflow_sandbox-vp-HKq_L/lib/python3.10/site-packages/airflow/example_dags/tutorial.py took 0.078 seconds
[2024-02-14T09:20:06.979+0000] {processor.py:161} INFO - Started process (PID=11539) to work on /home/codespace/.local/share/virtualenvs/airflow_sandbox-vp-HKq_L/lib/python3.10/site-packages/airflow/example_dags/tutorial.py
[2024-02-14T09:20:06.979+0000] {processor.py:830} INFO - Processing file /home/codespace/.local/share/virtualenvs/airflow_sandbox-vp-HKq_L/lib/python3.10/site-packages/airflow/example_dags/tutorial.py for tasks to queue
[2024-02-14T09:20:06.980+0000] {logging_mixin.py:188} INFO - [2024-02-14T09:20:06.980+0000] {dagbag.py:538} INFO - Filling up the DagBag from /home/codespace/.local/share/virtualenvs/airflow_sandbox-vp-HKq_L/lib/python3.10/site-packages/airflow/example_dags/tutorial.py
[2024-02-14T09:20:06.985+0000] {processor.py:840} INFO - DAG(s) 'tutorial' retrieved from /home/codespace/.local/share/virtualenvs/airflow_sandbox-vp-HKq_L/lib/python3.10/site-packages/airflow/example_dags/tutorial.py
[2024-02-14T09:20:06.996+0000] {logging_mixin.py:188} INFO - [2024-02-14T09:20:06.996+0000] {dag.py:3033} INFO - Sync 1 DAGs
[2024-02-14T09:20:07.013+0000] {logging_mixin.py:188} INFO - [2024-02-14T09:20:07.013+0000] {dag.py:3820} INFO - Setting next_dagrun for tutorial to 2024-02-13T00:00:00+00:00, run_after=2024-02-14T00:00:00+00:00
[2024-02-14T09:20:07.060+0000] {processor.py:183} INFO - Processing /home/codespace/.local/share/virtualenvs/airflow_sandbox-vp-HKq_L/lib/python3.10/site-packages/airflow/example_dags/tutorial.py took 0.083 seconds
[2024-02-14T09:20:42.668+0000] {processor.py:161} INFO - Started process (PID=12277) to work on /home/codespace/.local/share/virtualenvs/airflow_sandbox-vp-HKq_L/lib/python3.10/site-packages/airflow/example_dags/tutorial.py
[2024-02-14T09:20:42.669+0000] {processor.py:830} INFO - Processing file /home/codespace/.local/share/virtualenvs/airflow_sandbox-vp-HKq_L/lib/python3.10/site-packages/airflow/example_dags/tutorial.py for tasks to queue
[2024-02-14T09:20:42.669+0000] {logging_mixin.py:188} INFO - [2024-02-14T09:20:42.669+0000] {dagbag.py:538} INFO - Filling up the DagBag from /home/codespace/.local/share/virtualenvs/airflow_sandbox-vp-HKq_L/lib/python3.10/site-packages/airflow/example_dags/tutorial.py
[2024-02-14T09:20:42.674+0000] {processor.py:840} INFO - DAG(s) 'tutorial' retrieved from /home/codespace/.local/share/virtualenvs/airflow_sandbox-vp-HKq_L/lib/python3.10/site-packages/airflow/example_dags/tutorial.py
[2024-02-14T09:20:42.687+0000] {logging_mixin.py:188} INFO - [2024-02-14T09:20:42.687+0000] {dag.py:3033} INFO - Sync 1 DAGs
[2024-02-14T09:20:42.704+0000] {logging_mixin.py:188} INFO - [2024-02-14T09:20:42.704+0000] {dag.py:3820} INFO - Setting next_dagrun for tutorial to 2024-02-13T00:00:00+00:00, run_after=2024-02-14T00:00:00+00:00
[2024-02-14T09:20:42.745+0000] {processor.py:183} INFO - Processing /home/codespace/.local/share/virtualenvs/airflow_sandbox-vp-HKq_L/lib/python3.10/site-packages/airflow/example_dags/tutorial.py took 0.079 seconds
[2024-02-14T09:21:31.619+0000] {processor.py:161} INFO - Started process (PID=12619) to work on /home/codespace/.local/share/virtualenvs/airflow_sandbox-vp-HKq_L/lib/python3.10/site-packages/airflow/example_dags/tutorial.py
[2024-02-14T09:21:31.620+0000] {processor.py:830} INFO - Processing file /home/codespace/.local/share/virtualenvs/airflow_sandbox-vp-HKq_L/lib/python3.10/site-packages/airflow/example_dags/tutorial.py for tasks to queue
[2024-02-14T09:21:31.621+0000] {logging_mixin.py:188} INFO - [2024-02-14T09:21:31.620+0000] {dagbag.py:538} INFO - Filling up the DagBag from /home/codespace/.local/share/virtualenvs/airflow_sandbox-vp-HKq_L/lib/python3.10/site-packages/airflow/example_dags/tutorial.py
[2024-02-14T09:21:31.626+0000] {processor.py:840} INFO - DAG(s) 'tutorial' retrieved from /home/codespace/.local/share/virtualenvs/airflow_sandbox-vp-HKq_L/lib/python3.10/site-packages/airflow/example_dags/tutorial.py
[2024-02-14T09:21:31.637+0000] {logging_mixin.py:188} INFO - [2024-02-14T09:21:31.637+0000] {dag.py:3033} INFO - Sync 1 DAGs
[2024-02-14T09:21:31.655+0000] {logging_mixin.py:188} INFO - [2024-02-14T09:21:31.655+0000] {dag.py:3820} INFO - Setting next_dagrun for tutorial to 2024-02-13T00:00:00+00:00, run_after=2024-02-14T00:00:00+00:00
[2024-02-14T09:21:31.696+0000] {processor.py:183} INFO - Processing /home/codespace/.local/share/virtualenvs/airflow_sandbox-vp-HKq_L/lib/python3.10/site-packages/airflow/example_dags/tutorial.py took 0.079 seconds
[2024-02-14T09:22:08.544+0000] {processor.py:161} INFO - Started process (PID=12894) to work on /home/codespace/.local/share/virtualenvs/airflow_sandbox-vp-HKq_L/lib/python3.10/site-packages/airflow/example_dags/tutorial.py
[2024-02-14T09:22:08.545+0000] {processor.py:830} INFO - Processing file /home/codespace/.local/share/virtualenvs/airflow_sandbox-vp-HKq_L/lib/python3.10/site-packages/airflow/example_dags/tutorial.py for tasks to queue
[2024-02-14T09:22:08.546+0000] {logging_mixin.py:188} INFO - [2024-02-14T09:22:08.546+0000] {dagbag.py:538} INFO - Filling up the DagBag from /home/codespace/.local/share/virtualenvs/airflow_sandbox-vp-HKq_L/lib/python3.10/site-packages/airflow/example_dags/tutorial.py
[2024-02-14T09:22:08.551+0000] {processor.py:840} INFO - DAG(s) 'tutorial' retrieved from /home/codespace/.local/share/virtualenvs/airflow_sandbox-vp-HKq_L/lib/python3.10/site-packages/airflow/example_dags/tutorial.py
[2024-02-14T09:22:08.563+0000] {logging_mixin.py:188} INFO - [2024-02-14T09:22:08.563+0000] {dag.py:3033} INFO - Sync 1 DAGs
[2024-02-14T09:22:08.586+0000] {logging_mixin.py:188} INFO - [2024-02-14T09:22:08.586+0000] {dag.py:3820} INFO - Setting next_dagrun for tutorial to 2024-02-13T00:00:00+00:00, run_after=2024-02-14T00:00:00+00:00
[2024-02-14T09:22:08.627+0000] {processor.py:183} INFO - Processing /home/codespace/.local/share/virtualenvs/airflow_sandbox-vp-HKq_L/lib/python3.10/site-packages/airflow/example_dags/tutorial.py took 0.085 seconds
[2024-02-14T09:22:47.800+0000] {processor.py:161} INFO - Started process (PID=13181) to work on /home/codespace/.local/share/virtualenvs/airflow_sandbox-vp-HKq_L/lib/python3.10/site-packages/airflow/example_dags/tutorial.py
[2024-02-14T09:22:47.800+0000] {processor.py:830} INFO - Processing file /home/codespace/.local/share/virtualenvs/airflow_sandbox-vp-HKq_L/lib/python3.10/site-packages/airflow/example_dags/tutorial.py for tasks to queue
[2024-02-14T09:22:47.801+0000] {logging_mixin.py:188} INFO - [2024-02-14T09:22:47.801+0000] {dagbag.py:538} INFO - Filling up the DagBag from /home/codespace/.local/share/virtualenvs/airflow_sandbox-vp-HKq_L/lib/python3.10/site-packages/airflow/example_dags/tutorial.py
[2024-02-14T09:22:47.806+0000] {processor.py:840} INFO - DAG(s) 'tutorial' retrieved from /home/codespace/.local/share/virtualenvs/airflow_sandbox-vp-HKq_L/lib/python3.10/site-packages/airflow/example_dags/tutorial.py
[2024-02-14T09:22:47.817+0000] {logging_mixin.py:188} INFO - [2024-02-14T09:22:47.817+0000] {dag.py:3033} INFO - Sync 1 DAGs
[2024-02-14T09:22:47.832+0000] {logging_mixin.py:188} INFO - [2024-02-14T09:22:47.832+0000] {dag.py:3820} INFO - Setting next_dagrun for tutorial to 2024-02-13T00:00:00+00:00, run_after=2024-02-14T00:00:00+00:00
[2024-02-14T09:22:47.875+0000] {processor.py:183} INFO - Processing /home/codespace/.local/share/virtualenvs/airflow_sandbox-vp-HKq_L/lib/python3.10/site-packages/airflow/example_dags/tutorial.py took 0.078 seconds
[2024-02-14T09:23:25.995+0000] {processor.py:161} INFO - Started process (PID=13449) to work on /home/codespace/.local/share/virtualenvs/airflow_sandbox-vp-HKq_L/lib/python3.10/site-packages/airflow/example_dags/tutorial.py
[2024-02-14T09:23:25.996+0000] {processor.py:830} INFO - Processing file /home/codespace/.local/share/virtualenvs/airflow_sandbox-vp-HKq_L/lib/python3.10/site-packages/airflow/example_dags/tutorial.py for tasks to queue
[2024-02-14T09:23:25.997+0000] {logging_mixin.py:188} INFO - [2024-02-14T09:23:25.997+0000] {dagbag.py:538} INFO - Filling up the DagBag from /home/codespace/.local/share/virtualenvs/airflow_sandbox-vp-HKq_L/lib/python3.10/site-packages/airflow/example_dags/tutorial.py
[2024-02-14T09:23:26.002+0000] {processor.py:840} INFO - DAG(s) 'tutorial' retrieved from /home/codespace/.local/share/virtualenvs/airflow_sandbox-vp-HKq_L/lib/python3.10/site-packages/airflow/example_dags/tutorial.py
[2024-02-14T09:23:26.013+0000] {logging_mixin.py:188} INFO - [2024-02-14T09:23:26.013+0000] {dag.py:3033} INFO - Sync 1 DAGs
[2024-02-14T09:23:26.029+0000] {logging_mixin.py:188} INFO - [2024-02-14T09:23:26.029+0000] {dag.py:3820} INFO - Setting next_dagrun for tutorial to 2024-02-13T00:00:00+00:00, run_after=2024-02-14T00:00:00+00:00
[2024-02-14T09:23:26.072+0000] {processor.py:183} INFO - Processing /home/codespace/.local/share/virtualenvs/airflow_sandbox-vp-HKq_L/lib/python3.10/site-packages/airflow/example_dags/tutorial.py took 0.079 seconds
[2024-02-14T09:24:03.705+0000] {processor.py:161} INFO - Started process (PID=13715) to work on /home/codespace/.local/share/virtualenvs/airflow_sandbox-vp-HKq_L/lib/python3.10/site-packages/airflow/example_dags/tutorial.py
[2024-02-14T09:24:03.706+0000] {processor.py:830} INFO - Processing file /home/codespace/.local/share/virtualenvs/airflow_sandbox-vp-HKq_L/lib/python3.10/site-packages/airflow/example_dags/tutorial.py for tasks to queue
[2024-02-14T09:24:03.707+0000] {logging_mixin.py:188} INFO - [2024-02-14T09:24:03.707+0000] {dagbag.py:538} INFO - Filling up the DagBag from /home/codespace/.local/share/virtualenvs/airflow_sandbox-vp-HKq_L/lib/python3.10/site-packages/airflow/example_dags/tutorial.py
[2024-02-14T09:24:03.713+0000] {processor.py:840} INFO - DAG(s) 'tutorial' retrieved from /home/codespace/.local/share/virtualenvs/airflow_sandbox-vp-HKq_L/lib/python3.10/site-packages/airflow/example_dags/tutorial.py
[2024-02-14T09:24:03.725+0000] {logging_mixin.py:188} INFO - [2024-02-14T09:24:03.725+0000] {dag.py:3033} INFO - Sync 1 DAGs
[2024-02-14T09:24:03.741+0000] {logging_mixin.py:188} INFO - [2024-02-14T09:24:03.741+0000] {dag.py:3820} INFO - Setting next_dagrun for tutorial to 2024-02-13T00:00:00+00:00, run_after=2024-02-14T00:00:00+00:00
[2024-02-14T09:24:03.783+0000] {processor.py:183} INFO - Processing /home/codespace/.local/share/virtualenvs/airflow_sandbox-vp-HKq_L/lib/python3.10/site-packages/airflow/example_dags/tutorial.py took 0.081 seconds
[2024-02-14T09:24:43.527+0000] {processor.py:161} INFO - Started process (PID=13995) to work on /home/codespace/.local/share/virtualenvs/airflow_sandbox-vp-HKq_L/lib/python3.10/site-packages/airflow/example_dags/tutorial.py
[2024-02-14T09:24:43.528+0000] {processor.py:830} INFO - Processing file /home/codespace/.local/share/virtualenvs/airflow_sandbox-vp-HKq_L/lib/python3.10/site-packages/airflow/example_dags/tutorial.py for tasks to queue
[2024-02-14T09:24:43.528+0000] {logging_mixin.py:188} INFO - [2024-02-14T09:24:43.528+0000] {dagbag.py:538} INFO - Filling up the DagBag from /home/codespace/.local/share/virtualenvs/airflow_sandbox-vp-HKq_L/lib/python3.10/site-packages/airflow/example_dags/tutorial.py
[2024-02-14T09:24:43.533+0000] {processor.py:840} INFO - DAG(s) 'tutorial' retrieved from /home/codespace/.local/share/virtualenvs/airflow_sandbox-vp-HKq_L/lib/python3.10/site-packages/airflow/example_dags/tutorial.py
[2024-02-14T09:24:43.546+0000] {logging_mixin.py:188} INFO - [2024-02-14T09:24:43.546+0000] {dag.py:3033} INFO - Sync 1 DAGs
[2024-02-14T09:24:43.562+0000] {logging_mixin.py:188} INFO - [2024-02-14T09:24:43.562+0000] {dag.py:3820} INFO - Setting next_dagrun for tutorial to 2024-02-13T00:00:00+00:00, run_after=2024-02-14T00:00:00+00:00
[2024-02-14T09:24:43.603+0000] {processor.py:183} INFO - Processing /home/codespace/.local/share/virtualenvs/airflow_sandbox-vp-HKq_L/lib/python3.10/site-packages/airflow/example_dags/tutorial.py took 0.078 seconds
[2024-02-14T09:25:18.628+0000] {processor.py:161} INFO - Started process (PID=14230) to work on /home/codespace/.local/share/virtualenvs/airflow_sandbox-vp-HKq_L/lib/python3.10/site-packages/airflow/example_dags/tutorial.py
[2024-02-14T09:25:18.629+0000] {processor.py:830} INFO - Processing file /home/codespace/.local/share/virtualenvs/airflow_sandbox-vp-HKq_L/lib/python3.10/site-packages/airflow/example_dags/tutorial.py for tasks to queue
[2024-02-14T09:25:18.630+0000] {logging_mixin.py:188} INFO - [2024-02-14T09:25:18.629+0000] {dagbag.py:538} INFO - Filling up the DagBag from /home/codespace/.local/share/virtualenvs/airflow_sandbox-vp-HKq_L/lib/python3.10/site-packages/airflow/example_dags/tutorial.py
[2024-02-14T09:25:18.635+0000] {processor.py:840} INFO - DAG(s) 'tutorial' retrieved from /home/codespace/.local/share/virtualenvs/airflow_sandbox-vp-HKq_L/lib/python3.10/site-packages/airflow/example_dags/tutorial.py
[2024-02-14T09:25:18.646+0000] {logging_mixin.py:188} INFO - [2024-02-14T09:25:18.646+0000] {dag.py:3033} INFO - Sync 1 DAGs
[2024-02-14T09:25:18.662+0000] {logging_mixin.py:188} INFO - [2024-02-14T09:25:18.662+0000] {dag.py:3820} INFO - Setting next_dagrun for tutorial to 2024-02-13T00:00:00+00:00, run_after=2024-02-14T00:00:00+00:00
[2024-02-14T09:25:18.707+0000] {processor.py:183} INFO - Processing /home/codespace/.local/share/virtualenvs/airflow_sandbox-vp-HKq_L/lib/python3.10/site-packages/airflow/example_dags/tutorial.py took 0.081 seconds
[2024-02-14T09:25:54.908+0000] {processor.py:161} INFO - Started process (PID=14481) to work on /home/codespace/.local/share/virtualenvs/airflow_sandbox-vp-HKq_L/lib/python3.10/site-packages/airflow/example_dags/tutorial.py
[2024-02-14T09:25:54.909+0000] {processor.py:830} INFO - Processing file /home/codespace/.local/share/virtualenvs/airflow_sandbox-vp-HKq_L/lib/python3.10/site-packages/airflow/example_dags/tutorial.py for tasks to queue
[2024-02-14T09:25:54.910+0000] {logging_mixin.py:188} INFO - [2024-02-14T09:25:54.909+0000] {dagbag.py:538} INFO - Filling up the DagBag from /home/codespace/.local/share/virtualenvs/airflow_sandbox-vp-HKq_L/lib/python3.10/site-packages/airflow/example_dags/tutorial.py
[2024-02-14T09:25:54.917+0000] {processor.py:840} INFO - DAG(s) 'tutorial' retrieved from /home/codespace/.local/share/virtualenvs/airflow_sandbox-vp-HKq_L/lib/python3.10/site-packages/airflow/example_dags/tutorial.py
[2024-02-14T09:25:54.941+0000] {logging_mixin.py:188} INFO - [2024-02-14T09:25:54.940+0000] {dag.py:3033} INFO - Sync 1 DAGs
[2024-02-14T09:25:54.961+0000] {logging_mixin.py:188} INFO - [2024-02-14T09:25:54.961+0000] {dag.py:3820} INFO - Setting next_dagrun for tutorial to 2024-02-13T00:00:00+00:00, run_after=2024-02-14T00:00:00+00:00
[2024-02-14T09:25:55.002+0000] {processor.py:183} INFO - Processing /home/codespace/.local/share/virtualenvs/airflow_sandbox-vp-HKq_L/lib/python3.10/site-packages/airflow/example_dags/tutorial.py took 0.102 seconds
[2024-02-14T09:26:28.427+0000] {processor.py:161} INFO - Started process (PID=14710) to work on /home/codespace/.local/share/virtualenvs/airflow_sandbox-vp-HKq_L/lib/python3.10/site-packages/airflow/example_dags/tutorial.py
[2024-02-14T09:26:28.427+0000] {processor.py:830} INFO - Processing file /home/codespace/.local/share/virtualenvs/airflow_sandbox-vp-HKq_L/lib/python3.10/site-packages/airflow/example_dags/tutorial.py for tasks to queue
[2024-02-14T09:26:28.428+0000] {logging_mixin.py:188} INFO - [2024-02-14T09:26:28.428+0000] {dagbag.py:538} INFO - Filling up the DagBag from /home/codespace/.local/share/virtualenvs/airflow_sandbox-vp-HKq_L/lib/python3.10/site-packages/airflow/example_dags/tutorial.py
[2024-02-14T09:26:28.433+0000] {processor.py:840} INFO - DAG(s) 'tutorial' retrieved from /home/codespace/.local/share/virtualenvs/airflow_sandbox-vp-HKq_L/lib/python3.10/site-packages/airflow/example_dags/tutorial.py
[2024-02-14T09:26:28.445+0000] {logging_mixin.py:188} INFO - [2024-02-14T09:26:28.445+0000] {dag.py:3033} INFO - Sync 1 DAGs
[2024-02-14T09:26:28.460+0000] {logging_mixin.py:188} INFO - [2024-02-14T09:26:28.460+0000] {dag.py:3820} INFO - Setting next_dagrun for tutorial to 2024-02-13T00:00:00+00:00, run_after=2024-02-14T00:00:00+00:00
[2024-02-14T09:26:28.510+0000] {processor.py:183} INFO - Processing /home/codespace/.local/share/virtualenvs/airflow_sandbox-vp-HKq_L/lib/python3.10/site-packages/airflow/example_dags/tutorial.py took 0.086 seconds
[2024-02-14T09:27:05.350+0000] {processor.py:161} INFO - Started process (PID=14969) to work on /home/codespace/.local/share/virtualenvs/airflow_sandbox-vp-HKq_L/lib/python3.10/site-packages/airflow/example_dags/tutorial.py
[2024-02-14T09:27:05.351+0000] {processor.py:830} INFO - Processing file /home/codespace/.local/share/virtualenvs/airflow_sandbox-vp-HKq_L/lib/python3.10/site-packages/airflow/example_dags/tutorial.py for tasks to queue
[2024-02-14T09:27:05.352+0000] {logging_mixin.py:188} INFO - [2024-02-14T09:27:05.352+0000] {dagbag.py:538} INFO - Filling up the DagBag from /home/codespace/.local/share/virtualenvs/airflow_sandbox-vp-HKq_L/lib/python3.10/site-packages/airflow/example_dags/tutorial.py
[2024-02-14T09:27:05.357+0000] {processor.py:840} INFO - DAG(s) 'tutorial' retrieved from /home/codespace/.local/share/virtualenvs/airflow_sandbox-vp-HKq_L/lib/python3.10/site-packages/airflow/example_dags/tutorial.py
[2024-02-14T09:27:05.368+0000] {logging_mixin.py:188} INFO - [2024-02-14T09:27:05.368+0000] {dag.py:3033} INFO - Sync 1 DAGs
[2024-02-14T09:27:05.384+0000] {logging_mixin.py:188} INFO - [2024-02-14T09:27:05.383+0000] {dag.py:3820} INFO - Setting next_dagrun for tutorial to 2024-02-13T00:00:00+00:00, run_after=2024-02-14T00:00:00+00:00
[2024-02-14T09:27:05.423+0000] {processor.py:183} INFO - Processing /home/codespace/.local/share/virtualenvs/airflow_sandbox-vp-HKq_L/lib/python3.10/site-packages/airflow/example_dags/tutorial.py took 0.075 seconds
[2024-02-14T09:27:41.841+0000] {processor.py:161} INFO - Started process (PID=15244) to work on /home/codespace/.local/share/virtualenvs/airflow_sandbox-vp-HKq_L/lib/python3.10/site-packages/airflow/example_dags/tutorial.py
[2024-02-14T09:27:41.842+0000] {processor.py:830} INFO - Processing file /home/codespace/.local/share/virtualenvs/airflow_sandbox-vp-HKq_L/lib/python3.10/site-packages/airflow/example_dags/tutorial.py for tasks to queue
[2024-02-14T09:27:41.843+0000] {logging_mixin.py:188} INFO - [2024-02-14T09:27:41.843+0000] {dagbag.py:538} INFO - Filling up the DagBag from /home/codespace/.local/share/virtualenvs/airflow_sandbox-vp-HKq_L/lib/python3.10/site-packages/airflow/example_dags/tutorial.py
[2024-02-14T09:27:41.848+0000] {processor.py:840} INFO - DAG(s) 'tutorial' retrieved from /home/codespace/.local/share/virtualenvs/airflow_sandbox-vp-HKq_L/lib/python3.10/site-packages/airflow/example_dags/tutorial.py
[2024-02-14T09:27:41.859+0000] {logging_mixin.py:188} INFO - [2024-02-14T09:27:41.859+0000] {dag.py:3033} INFO - Sync 1 DAGs
[2024-02-14T09:27:41.874+0000] {logging_mixin.py:188} INFO - [2024-02-14T09:27:41.874+0000] {dag.py:3820} INFO - Setting next_dagrun for tutorial to 2024-02-13T00:00:00+00:00, run_after=2024-02-14T00:00:00+00:00
[2024-02-14T09:27:41.915+0000] {processor.py:183} INFO - Processing /home/codespace/.local/share/virtualenvs/airflow_sandbox-vp-HKq_L/lib/python3.10/site-packages/airflow/example_dags/tutorial.py took 0.078 seconds
[2024-02-14T09:28:19.460+0000] {processor.py:161} INFO - Started process (PID=15512) to work on /home/codespace/.local/share/virtualenvs/airflow_sandbox-vp-HKq_L/lib/python3.10/site-packages/airflow/example_dags/tutorial.py
[2024-02-14T09:28:19.461+0000] {processor.py:830} INFO - Processing file /home/codespace/.local/share/virtualenvs/airflow_sandbox-vp-HKq_L/lib/python3.10/site-packages/airflow/example_dags/tutorial.py for tasks to queue
[2024-02-14T09:28:19.462+0000] {logging_mixin.py:188} INFO - [2024-02-14T09:28:19.461+0000] {dagbag.py:538} INFO - Filling up the DagBag from /home/codespace/.local/share/virtualenvs/airflow_sandbox-vp-HKq_L/lib/python3.10/site-packages/airflow/example_dags/tutorial.py
[2024-02-14T09:28:19.467+0000] {processor.py:840} INFO - DAG(s) 'tutorial' retrieved from /home/codespace/.local/share/virtualenvs/airflow_sandbox-vp-HKq_L/lib/python3.10/site-packages/airflow/example_dags/tutorial.py
[2024-02-14T09:28:19.477+0000] {logging_mixin.py:188} INFO - [2024-02-14T09:28:19.477+0000] {dag.py:3033} INFO - Sync 1 DAGs
[2024-02-14T09:28:19.493+0000] {logging_mixin.py:188} INFO - [2024-02-14T09:28:19.493+0000] {dag.py:3820} INFO - Setting next_dagrun for tutorial to 2024-02-13T00:00:00+00:00, run_after=2024-02-14T00:00:00+00:00
[2024-02-14T09:28:19.541+0000] {processor.py:183} INFO - Processing /home/codespace/.local/share/virtualenvs/airflow_sandbox-vp-HKq_L/lib/python3.10/site-packages/airflow/example_dags/tutorial.py took 0.083 seconds
[2024-02-14T09:28:53.336+0000] {processor.py:161} INFO - Started process (PID=15887) to work on /home/codespace/.local/share/virtualenvs/airflow_sandbox-vp-HKq_L/lib/python3.10/site-packages/airflow/example_dags/tutorial.py
[2024-02-14T09:28:53.336+0000] {processor.py:830} INFO - Processing file /home/codespace/.local/share/virtualenvs/airflow_sandbox-vp-HKq_L/lib/python3.10/site-packages/airflow/example_dags/tutorial.py for tasks to queue
[2024-02-14T09:28:53.337+0000] {logging_mixin.py:188} INFO - [2024-02-14T09:28:53.337+0000] {dagbag.py:538} INFO - Filling up the DagBag from /home/codespace/.local/share/virtualenvs/airflow_sandbox-vp-HKq_L/lib/python3.10/site-packages/airflow/example_dags/tutorial.py
[2024-02-14T09:28:53.342+0000] {processor.py:840} INFO - DAG(s) 'tutorial' retrieved from /home/codespace/.local/share/virtualenvs/airflow_sandbox-vp-HKq_L/lib/python3.10/site-packages/airflow/example_dags/tutorial.py
[2024-02-14T09:28:53.353+0000] {logging_mixin.py:188} INFO - [2024-02-14T09:28:53.353+0000] {dag.py:3033} INFO - Sync 1 DAGs
[2024-02-14T09:28:53.368+0000] {logging_mixin.py:188} INFO - [2024-02-14T09:28:53.368+0000] {dag.py:3820} INFO - Setting next_dagrun for tutorial to 2024-02-13T00:00:00+00:00, run_after=2024-02-14T00:00:00+00:00
[2024-02-14T09:28:53.414+0000] {processor.py:183} INFO - Processing /home/codespace/.local/share/virtualenvs/airflow_sandbox-vp-HKq_L/lib/python3.10/site-packages/airflow/example_dags/tutorial.py took 0.080 seconds
[2024-02-14T09:29:29.056+0000] {processor.py:161} INFO - Started process (PID=16156) to work on /home/codespace/.local/share/virtualenvs/airflow_sandbox-vp-HKq_L/lib/python3.10/site-packages/airflow/example_dags/tutorial.py
[2024-02-14T09:29:29.056+0000] {processor.py:830} INFO - Processing file /home/codespace/.local/share/virtualenvs/airflow_sandbox-vp-HKq_L/lib/python3.10/site-packages/airflow/example_dags/tutorial.py for tasks to queue
[2024-02-14T09:29:29.057+0000] {logging_mixin.py:188} INFO - [2024-02-14T09:29:29.057+0000] {dagbag.py:538} INFO - Filling up the DagBag from /home/codespace/.local/share/virtualenvs/airflow_sandbox-vp-HKq_L/lib/python3.10/site-packages/airflow/example_dags/tutorial.py
[2024-02-14T09:29:29.064+0000] {processor.py:840} INFO - DAG(s) 'tutorial' retrieved from /home/codespace/.local/share/virtualenvs/airflow_sandbox-vp-HKq_L/lib/python3.10/site-packages/airflow/example_dags/tutorial.py
[2024-02-14T09:29:29.077+0000] {logging_mixin.py:188} INFO - [2024-02-14T09:29:29.076+0000] {dag.py:3033} INFO - Sync 1 DAGs
[2024-02-14T09:29:29.094+0000] {logging_mixin.py:188} INFO - [2024-02-14T09:29:29.094+0000] {dag.py:3820} INFO - Setting next_dagrun for tutorial to 2024-02-13T00:00:00+00:00, run_after=2024-02-14T00:00:00+00:00
[2024-02-14T09:29:29.139+0000] {processor.py:183} INFO - Processing /home/codespace/.local/share/virtualenvs/airflow_sandbox-vp-HKq_L/lib/python3.10/site-packages/airflow/example_dags/tutorial.py took 0.086 seconds
[2024-02-14T09:30:04.899+0000] {processor.py:161} INFO - Started process (PID=16398) to work on /home/codespace/.local/share/virtualenvs/airflow_sandbox-vp-HKq_L/lib/python3.10/site-packages/airflow/example_dags/tutorial.py
[2024-02-14T09:30:04.900+0000] {processor.py:830} INFO - Processing file /home/codespace/.local/share/virtualenvs/airflow_sandbox-vp-HKq_L/lib/python3.10/site-packages/airflow/example_dags/tutorial.py for tasks to queue
[2024-02-14T09:30:04.900+0000] {logging_mixin.py:188} INFO - [2024-02-14T09:30:04.900+0000] {dagbag.py:538} INFO - Filling up the DagBag from /home/codespace/.local/share/virtualenvs/airflow_sandbox-vp-HKq_L/lib/python3.10/site-packages/airflow/example_dags/tutorial.py
[2024-02-14T09:30:04.906+0000] {processor.py:840} INFO - DAG(s) 'tutorial' retrieved from /home/codespace/.local/share/virtualenvs/airflow_sandbox-vp-HKq_L/lib/python3.10/site-packages/airflow/example_dags/tutorial.py
[2024-02-14T09:30:04.918+0000] {logging_mixin.py:188} INFO - [2024-02-14T09:30:04.918+0000] {dag.py:3033} INFO - Sync 1 DAGs
[2024-02-14T09:30:04.934+0000] {logging_mixin.py:188} INFO - [2024-02-14T09:30:04.934+0000] {dag.py:3820} INFO - Setting next_dagrun for tutorial to 2024-02-13T00:00:00+00:00, run_after=2024-02-14T00:00:00+00:00
[2024-02-14T09:30:04.986+0000] {processor.py:183} INFO - Processing /home/codespace/.local/share/virtualenvs/airflow_sandbox-vp-HKq_L/lib/python3.10/site-packages/airflow/example_dags/tutorial.py took 0.089 seconds
[2024-02-14T09:30:39.350+0000] {processor.py:161} INFO - Started process (PID=16653) to work on /home/codespace/.local/share/virtualenvs/airflow_sandbox-vp-HKq_L/lib/python3.10/site-packages/airflow/example_dags/tutorial.py
[2024-02-14T09:30:39.350+0000] {processor.py:830} INFO - Processing file /home/codespace/.local/share/virtualenvs/airflow_sandbox-vp-HKq_L/lib/python3.10/site-packages/airflow/example_dags/tutorial.py for tasks to queue
[2024-02-14T09:30:39.351+0000] {logging_mixin.py:188} INFO - [2024-02-14T09:30:39.351+0000] {dagbag.py:538} INFO - Filling up the DagBag from /home/codespace/.local/share/virtualenvs/airflow_sandbox-vp-HKq_L/lib/python3.10/site-packages/airflow/example_dags/tutorial.py
[2024-02-14T09:30:39.357+0000] {processor.py:840} INFO - DAG(s) 'tutorial' retrieved from /home/codespace/.local/share/virtualenvs/airflow_sandbox-vp-HKq_L/lib/python3.10/site-packages/airflow/example_dags/tutorial.py
[2024-02-14T09:30:39.370+0000] {logging_mixin.py:188} INFO - [2024-02-14T09:30:39.370+0000] {dag.py:3033} INFO - Sync 1 DAGs
[2024-02-14T09:30:39.388+0000] {logging_mixin.py:188} INFO - [2024-02-14T09:30:39.387+0000] {dag.py:3820} INFO - Setting next_dagrun for tutorial to 2024-02-13T00:00:00+00:00, run_after=2024-02-14T00:00:00+00:00
[2024-02-14T09:30:39.431+0000] {processor.py:183} INFO - Processing /home/codespace/.local/share/virtualenvs/airflow_sandbox-vp-HKq_L/lib/python3.10/site-packages/airflow/example_dags/tutorial.py took 0.084 seconds
[2024-02-14T09:31:13.891+0000] {processor.py:161} INFO - Started process (PID=16896) to work on /home/codespace/.local/share/virtualenvs/airflow_sandbox-vp-HKq_L/lib/python3.10/site-packages/airflow/example_dags/tutorial.py
[2024-02-14T09:31:13.891+0000] {processor.py:830} INFO - Processing file /home/codespace/.local/share/virtualenvs/airflow_sandbox-vp-HKq_L/lib/python3.10/site-packages/airflow/example_dags/tutorial.py for tasks to queue
[2024-02-14T09:31:13.892+0000] {logging_mixin.py:188} INFO - [2024-02-14T09:31:13.892+0000] {dagbag.py:538} INFO - Filling up the DagBag from /home/codespace/.local/share/virtualenvs/airflow_sandbox-vp-HKq_L/lib/python3.10/site-packages/airflow/example_dags/tutorial.py
[2024-02-14T09:31:13.898+0000] {processor.py:840} INFO - DAG(s) 'tutorial' retrieved from /home/codespace/.local/share/virtualenvs/airflow_sandbox-vp-HKq_L/lib/python3.10/site-packages/airflow/example_dags/tutorial.py
[2024-02-14T09:31:13.910+0000] {logging_mixin.py:188} INFO - [2024-02-14T09:31:13.910+0000] {dag.py:3033} INFO - Sync 1 DAGs
[2024-02-14T09:31:13.925+0000] {logging_mixin.py:188} INFO - [2024-02-14T09:31:13.925+0000] {dag.py:3820} INFO - Setting next_dagrun for tutorial to 2024-02-13T00:00:00+00:00, run_after=2024-02-14T00:00:00+00:00
[2024-02-14T09:31:13.966+0000] {processor.py:183} INFO - Processing /home/codespace/.local/share/virtualenvs/airflow_sandbox-vp-HKq_L/lib/python3.10/site-packages/airflow/example_dags/tutorial.py took 0.078 seconds
[2024-02-14T09:31:48.240+0000] {processor.py:161} INFO - Started process (PID=17139) to work on /home/codespace/.local/share/virtualenvs/airflow_sandbox-vp-HKq_L/lib/python3.10/site-packages/airflow/example_dags/tutorial.py
[2024-02-14T09:31:48.242+0000] {processor.py:830} INFO - Processing file /home/codespace/.local/share/virtualenvs/airflow_sandbox-vp-HKq_L/lib/python3.10/site-packages/airflow/example_dags/tutorial.py for tasks to queue
[2024-02-14T09:31:48.243+0000] {logging_mixin.py:188} INFO - [2024-02-14T09:31:48.242+0000] {dagbag.py:538} INFO - Filling up the DagBag from /home/codespace/.local/share/virtualenvs/airflow_sandbox-vp-HKq_L/lib/python3.10/site-packages/airflow/example_dags/tutorial.py
[2024-02-14T09:31:48.254+0000] {processor.py:840} INFO - DAG(s) 'tutorial' retrieved from /home/codespace/.local/share/virtualenvs/airflow_sandbox-vp-HKq_L/lib/python3.10/site-packages/airflow/example_dags/tutorial.py
[2024-02-14T09:31:48.273+0000] {logging_mixin.py:188} INFO - [2024-02-14T09:31:48.273+0000] {dag.py:3033} INFO - Sync 1 DAGs
[2024-02-14T09:31:48.305+0000] {logging_mixin.py:188} INFO - [2024-02-14T09:31:48.305+0000] {dag.py:3820} INFO - Setting next_dagrun for tutorial to 2024-02-13T00:00:00+00:00, run_after=2024-02-14T00:00:00+00:00
[2024-02-14T09:31:48.357+0000] {processor.py:183} INFO - Processing /home/codespace/.local/share/virtualenvs/airflow_sandbox-vp-HKq_L/lib/python3.10/site-packages/airflow/example_dags/tutorial.py took 0.120 seconds
[2024-02-14T09:32:24.941+0000] {processor.py:161} INFO - Started process (PID=17382) to work on /home/codespace/.local/share/virtualenvs/airflow_sandbox-vp-HKq_L/lib/python3.10/site-packages/airflow/example_dags/tutorial.py
[2024-02-14T09:32:24.942+0000] {processor.py:830} INFO - Processing file /home/codespace/.local/share/virtualenvs/airflow_sandbox-vp-HKq_L/lib/python3.10/site-packages/airflow/example_dags/tutorial.py for tasks to queue
[2024-02-14T09:32:24.942+0000] {logging_mixin.py:188} INFO - [2024-02-14T09:32:24.942+0000] {dagbag.py:538} INFO - Filling up the DagBag from /home/codespace/.local/share/virtualenvs/airflow_sandbox-vp-HKq_L/lib/python3.10/site-packages/airflow/example_dags/tutorial.py
[2024-02-14T09:32:24.948+0000] {processor.py:840} INFO - DAG(s) 'tutorial' retrieved from /home/codespace/.local/share/virtualenvs/airflow_sandbox-vp-HKq_L/lib/python3.10/site-packages/airflow/example_dags/tutorial.py
[2024-02-14T09:32:24.959+0000] {logging_mixin.py:188} INFO - [2024-02-14T09:32:24.959+0000] {dag.py:3033} INFO - Sync 1 DAGs
[2024-02-14T09:32:24.975+0000] {logging_mixin.py:188} INFO - [2024-02-14T09:32:24.975+0000] {dag.py:3820} INFO - Setting next_dagrun for tutorial to 2024-02-13T00:00:00+00:00, run_after=2024-02-14T00:00:00+00:00
[2024-02-14T09:32:25.018+0000] {processor.py:183} INFO - Processing /home/codespace/.local/share/virtualenvs/airflow_sandbox-vp-HKq_L/lib/python3.10/site-packages/airflow/example_dags/tutorial.py took 0.079 seconds
[2024-02-14T09:33:00.232+0000] {processor.py:161} INFO - Started process (PID=17678) to work on /home/codespace/.local/share/virtualenvs/airflow_sandbox-vp-HKq_L/lib/python3.10/site-packages/airflow/example_dags/tutorial.py
[2024-02-14T09:33:00.233+0000] {processor.py:830} INFO - Processing file /home/codespace/.local/share/virtualenvs/airflow_sandbox-vp-HKq_L/lib/python3.10/site-packages/airflow/example_dags/tutorial.py for tasks to queue
[2024-02-14T09:33:00.233+0000] {logging_mixin.py:188} INFO - [2024-02-14T09:33:00.233+0000] {dagbag.py:538} INFO - Filling up the DagBag from /home/codespace/.local/share/virtualenvs/airflow_sandbox-vp-HKq_L/lib/python3.10/site-packages/airflow/example_dags/tutorial.py
[2024-02-14T09:33:00.239+0000] {processor.py:840} INFO - DAG(s) 'tutorial' retrieved from /home/codespace/.local/share/virtualenvs/airflow_sandbox-vp-HKq_L/lib/python3.10/site-packages/airflow/example_dags/tutorial.py
[2024-02-14T09:33:00.251+0000] {logging_mixin.py:188} INFO - [2024-02-14T09:33:00.251+0000] {dag.py:3033} INFO - Sync 1 DAGs
[2024-02-14T09:33:00.268+0000] {logging_mixin.py:188} INFO - [2024-02-14T09:33:00.268+0000] {dag.py:3820} INFO - Setting next_dagrun for tutorial to 2024-02-13T00:00:00+00:00, run_after=2024-02-14T00:00:00+00:00
[2024-02-14T09:33:00.310+0000] {processor.py:183} INFO - Processing /home/codespace/.local/share/virtualenvs/airflow_sandbox-vp-HKq_L/lib/python3.10/site-packages/airflow/example_dags/tutorial.py took 0.080 seconds
[2024-02-14T09:33:34.720+0000] {processor.py:161} INFO - Started process (PID=17904) to work on /home/codespace/.local/share/virtualenvs/airflow_sandbox-vp-HKq_L/lib/python3.10/site-packages/airflow/example_dags/tutorial.py
[2024-02-14T09:33:34.721+0000] {processor.py:830} INFO - Processing file /home/codespace/.local/share/virtualenvs/airflow_sandbox-vp-HKq_L/lib/python3.10/site-packages/airflow/example_dags/tutorial.py for tasks to queue
[2024-02-14T09:33:34.722+0000] {logging_mixin.py:188} INFO - [2024-02-14T09:33:34.721+0000] {dagbag.py:538} INFO - Filling up the DagBag from /home/codespace/.local/share/virtualenvs/airflow_sandbox-vp-HKq_L/lib/python3.10/site-packages/airflow/example_dags/tutorial.py
[2024-02-14T09:33:34.727+0000] {processor.py:840} INFO - DAG(s) 'tutorial' retrieved from /home/codespace/.local/share/virtualenvs/airflow_sandbox-vp-HKq_L/lib/python3.10/site-packages/airflow/example_dags/tutorial.py
[2024-02-14T09:33:34.739+0000] {logging_mixin.py:188} INFO - [2024-02-14T09:33:34.738+0000] {dag.py:3033} INFO - Sync 1 DAGs
[2024-02-14T09:33:34.756+0000] {logging_mixin.py:188} INFO - [2024-02-14T09:33:34.755+0000] {dag.py:3820} INFO - Setting next_dagrun for tutorial to 2024-02-13T00:00:00+00:00, run_after=2024-02-14T00:00:00+00:00
[2024-02-14T09:33:34.801+0000] {processor.py:183} INFO - Processing /home/codespace/.local/share/virtualenvs/airflow_sandbox-vp-HKq_L/lib/python3.10/site-packages/airflow/example_dags/tutorial.py took 0.083 seconds
[2024-02-14T09:34:10.069+0000] {processor.py:161} INFO - Started process (PID=18162) to work on /home/codespace/.local/share/virtualenvs/airflow_sandbox-vp-HKq_L/lib/python3.10/site-packages/airflow/example_dags/tutorial.py
[2024-02-14T09:34:10.070+0000] {processor.py:830} INFO - Processing file /home/codespace/.local/share/virtualenvs/airflow_sandbox-vp-HKq_L/lib/python3.10/site-packages/airflow/example_dags/tutorial.py for tasks to queue
[2024-02-14T09:34:10.071+0000] {logging_mixin.py:188} INFO - [2024-02-14T09:34:10.071+0000] {dagbag.py:538} INFO - Filling up the DagBag from /home/codespace/.local/share/virtualenvs/airflow_sandbox-vp-HKq_L/lib/python3.10/site-packages/airflow/example_dags/tutorial.py
[2024-02-14T09:34:10.077+0000] {processor.py:840} INFO - DAG(s) 'tutorial' retrieved from /home/codespace/.local/share/virtualenvs/airflow_sandbox-vp-HKq_L/lib/python3.10/site-packages/airflow/example_dags/tutorial.py
[2024-02-14T09:34:10.090+0000] {logging_mixin.py:188} INFO - [2024-02-14T09:34:10.090+0000] {dag.py:3033} INFO - Sync 1 DAGs
[2024-02-14T09:34:10.113+0000] {logging_mixin.py:188} INFO - [2024-02-14T09:34:10.113+0000] {dag.py:3820} INFO - Setting next_dagrun for tutorial to 2024-02-13T00:00:00+00:00, run_after=2024-02-14T00:00:00+00:00
[2024-02-14T09:34:10.164+0000] {processor.py:183} INFO - Processing /home/codespace/.local/share/virtualenvs/airflow_sandbox-vp-HKq_L/lib/python3.10/site-packages/airflow/example_dags/tutorial.py took 0.099 seconds
[2024-02-14T09:34:45.924+0000] {processor.py:161} INFO - Started process (PID=18530) to work on /home/codespace/.local/share/virtualenvs/airflow_sandbox-vp-HKq_L/lib/python3.10/site-packages/airflow/example_dags/tutorial.py
[2024-02-14T09:34:45.925+0000] {processor.py:830} INFO - Processing file /home/codespace/.local/share/virtualenvs/airflow_sandbox-vp-HKq_L/lib/python3.10/site-packages/airflow/example_dags/tutorial.py for tasks to queue
[2024-02-14T09:34:45.926+0000] {logging_mixin.py:188} INFO - [2024-02-14T09:34:45.926+0000] {dagbag.py:538} INFO - Filling up the DagBag from /home/codespace/.local/share/virtualenvs/airflow_sandbox-vp-HKq_L/lib/python3.10/site-packages/airflow/example_dags/tutorial.py
[2024-02-14T09:34:45.932+0000] {processor.py:840} INFO - DAG(s) 'tutorial' retrieved from /home/codespace/.local/share/virtualenvs/airflow_sandbox-vp-HKq_L/lib/python3.10/site-packages/airflow/example_dags/tutorial.py
[2024-02-14T09:34:45.967+0000] {logging_mixin.py:188} INFO - [2024-02-14T09:34:45.967+0000] {dag.py:3033} INFO - Sync 1 DAGs
[2024-02-14T09:34:45.991+0000] {logging_mixin.py:188} INFO - [2024-02-14T09:34:45.990+0000] {dag.py:3820} INFO - Setting next_dagrun for tutorial to 2024-02-13T00:00:00+00:00, run_after=2024-02-14T00:00:00+00:00
[2024-02-14T09:34:46.122+0000] {processor.py:183} INFO - Processing /home/codespace/.local/share/virtualenvs/airflow_sandbox-vp-HKq_L/lib/python3.10/site-packages/airflow/example_dags/tutorial.py took 0.201 seconds
