[2024-02-14T10:37:00.684+0000] {taskinstance.py:1957} INFO - Dependencies all met for dep_context=non-requeueable deps ti=<TaskInstance: python_xcom_dag_v1.get_name scheduled__2024-02-13T00:00:00+00:00 [queued]>
[2024-02-14T10:37:00.688+0000] {taskinstance.py:1957} INFO - Dependencies all met for dep_context=requeueable deps ti=<TaskInstance: python_xcom_dag_v1.get_name scheduled__2024-02-13T00:00:00+00:00 [queued]>
[2024-02-14T10:37:00.688+0000] {taskinstance.py:2171} INFO - Starting attempt 1 of 6
[2024-02-14T10:37:00.729+0000] {taskinstance.py:2192} INFO - Executing <Task(PythonOperator): get_name> on 2024-02-13 00:00:00+00:00
[2024-02-14T10:37:00.733+0000] {standard_task_runner.py:60} INFO - Started process 53810 to run task
[2024-02-14T10:37:00.736+0000] {standard_task_runner.py:87} INFO - Running: ['airflow', 'tasks', 'run', 'python_xcom_dag_v1', 'get_name', 'scheduled__2024-02-13T00:00:00+00:00', '--job-id', '218', '--raw', '--subdir', 'DAGS_FOLDER/dag_with_xcoms.py', '--cfg-path', '/tmp/tmppnyyjzc_']
[2024-02-14T10:37:00.737+0000] {standard_task_runner.py:88} INFO - Job 218: Subtask get_name
[2024-02-14T10:37:00.812+0000] {task_command.py:423} INFO - Running <TaskInstance: python_xcom_dag_v1.get_name scheduled__2024-02-13T00:00:00+00:00 [running]> on host codespaces-57ffd0
[2024-02-14T10:37:00.928+0000] {taskinstance.py:2481} INFO - Exporting env vars: AIRFLOW_CTX_DAG_OWNER='raghu' AIRFLOW_CTX_DAG_ID='python_xcom_dag_v1' AIRFLOW_CTX_TASK_ID='get_name' AIRFLOW_CTX_EXECUTION_DATE='2024-02-13T00:00:00+00:00' AIRFLOW_CTX_TRY_NUMBER='1' AIRFLOW_CTX_DAG_RUN_ID='scheduled__2024-02-13T00:00:00+00:00'
[2024-02-14T10:37:00.960+0000] {python.py:201} INFO - Done. Returned value was: None
[2024-02-14T10:37:00.963+0000] {taskinstance.py:1138} INFO - Marking task as SUCCESS. dag_id=python_xcom_dag_v1, task_id=get_name, execution_date=20240213T000000, start_date=20240214T103700, end_date=20240214T103700
[2024-02-14T10:37:01.028+0000] {local_task_job_runner.py:234} INFO - Task exited with return code 0
[2024-02-14T10:37:01.044+0000] {taskinstance.py:3281} INFO - 0 downstream tasks scheduled from follow-on schedule check
[2024-02-14T10:41:10.075+0000] {taskinstance.py:1957} INFO - Dependencies all met for dep_context=non-requeueable deps ti=<TaskInstance: python_xcom_dag_v1.get_name scheduled__2024-02-13T00:00:00+00:00 [queued]>
[2024-02-14T10:41:10.080+0000] {taskinstance.py:1957} INFO - Dependencies all met for dep_context=requeueable deps ti=<TaskInstance: python_xcom_dag_v1.get_name scheduled__2024-02-13T00:00:00+00:00 [queued]>
[2024-02-14T10:41:10.080+0000] {taskinstance.py:2171} INFO - Starting attempt 1 of 6
[2024-02-14T10:41:10.116+0000] {taskinstance.py:2192} INFO - Executing <Task(PythonOperator): get_name> on 2024-02-13 00:00:00+00:00
[2024-02-14T10:41:10.118+0000] {standard_task_runner.py:60} INFO - Started process 57518 to run task
[2024-02-14T10:41:10.121+0000] {standard_task_runner.py:87} INFO - Running: ['airflow', 'tasks', 'run', 'python_xcom_dag_v1', 'get_name', 'scheduled__2024-02-13T00:00:00+00:00', '--job-id', '219', '--raw', '--subdir', 'DAGS_FOLDER/dag_with_xcoms.py', '--cfg-path', '/tmp/tmp75yl69ff']
[2024-02-14T10:41:10.122+0000] {standard_task_runner.py:88} INFO - Job 219: Subtask get_name
[2024-02-14T10:41:10.171+0000] {task_command.py:423} INFO - Running <TaskInstance: python_xcom_dag_v1.get_name scheduled__2024-02-13T00:00:00+00:00 [running]> on host codespaces-57ffd0
[2024-02-14T10:41:10.279+0000] {taskinstance.py:2481} INFO - Exporting env vars: AIRFLOW_CTX_DAG_OWNER='raghu' AIRFLOW_CTX_DAG_ID='python_xcom_dag_v1' AIRFLOW_CTX_TASK_ID='get_name' AIRFLOW_CTX_EXECUTION_DATE='2024-02-13T00:00:00+00:00' AIRFLOW_CTX_TRY_NUMBER='1' AIRFLOW_CTX_DAG_RUN_ID='scheduled__2024-02-13T00:00:00+00:00'
[2024-02-14T10:41:10.314+0000] {python.py:201} INFO - Done. Returned value was: None
[2024-02-14T10:41:10.319+0000] {taskinstance.py:1138} INFO - Marking task as SUCCESS. dag_id=python_xcom_dag_v1, task_id=get_name, execution_date=20240213T000000, start_date=20240214T104110, end_date=20240214T104110
[2024-02-14T10:41:10.373+0000] {local_task_job_runner.py:234} INFO - Task exited with return code 0
[2024-02-14T10:41:10.386+0000] {taskinstance.py:3281} INFO - 0 downstream tasks scheduled from follow-on schedule check
