[2024-02-14T10:36:38.121+0000] {taskinstance.py:1957} INFO - Dependencies all met for dep_context=non-requeueable deps ti=<TaskInstance: python_xcom_dag_v1.get_name scheduled__2024-02-10T00:00:00+00:00 [queued]>
[2024-02-14T10:36:38.126+0000] {taskinstance.py:1957} INFO - Dependencies all met for dep_context=requeueable deps ti=<TaskInstance: python_xcom_dag_v1.get_name scheduled__2024-02-10T00:00:00+00:00 [queued]>
[2024-02-14T10:36:38.127+0000] {taskinstance.py:2171} INFO - Starting attempt 1 of 6
[2024-02-14T10:36:38.166+0000] {taskinstance.py:2192} INFO - Executing <Task(PythonOperator): get_name> on 2024-02-10 00:00:00+00:00
[2024-02-14T10:36:38.169+0000] {standard_task_runner.py:60} INFO - Started process 53289 to run task
[2024-02-14T10:36:38.172+0000] {standard_task_runner.py:87} INFO - Running: ['airflow', 'tasks', 'run', 'python_xcom_dag_v1', 'get_name', 'scheduled__2024-02-10T00:00:00+00:00', '--job-id', '209', '--raw', '--subdir', 'DAGS_FOLDER/dag_with_xcoms.py', '--cfg-path', '/tmp/tmpfvg5hrpn']
[2024-02-14T10:36:38.174+0000] {standard_task_runner.py:88} INFO - Job 209: Subtask get_name
[2024-02-14T10:36:38.242+0000] {task_command.py:423} INFO - Running <TaskInstance: python_xcom_dag_v1.get_name scheduled__2024-02-10T00:00:00+00:00 [running]> on host codespaces-57ffd0
[2024-02-14T10:36:38.373+0000] {taskinstance.py:2481} INFO - Exporting env vars: AIRFLOW_CTX_DAG_OWNER='raghu' AIRFLOW_CTX_DAG_ID='python_xcom_dag_v1' AIRFLOW_CTX_TASK_ID='get_name' AIRFLOW_CTX_EXECUTION_DATE='2024-02-10T00:00:00+00:00' AIRFLOW_CTX_TRY_NUMBER='1' AIRFLOW_CTX_DAG_RUN_ID='scheduled__2024-02-10T00:00:00+00:00'
[2024-02-14T10:36:38.424+0000] {python.py:201} INFO - Done. Returned value was: None
[2024-02-14T10:36:38.429+0000] {taskinstance.py:1138} INFO - Marking task as SUCCESS. dag_id=python_xcom_dag_v1, task_id=get_name, execution_date=20240210T000000, start_date=20240214T103638, end_date=20240214T103638
[2024-02-14T10:36:38.508+0000] {local_task_job_runner.py:234} INFO - Task exited with return code 0
[2024-02-14T10:36:38.522+0000] {taskinstance.py:3281} INFO - 0 downstream tasks scheduled from follow-on schedule check
[2024-02-14T10:40:48.835+0000] {taskinstance.py:1957} INFO - Dependencies all met for dep_context=non-requeueable deps ti=<TaskInstance: python_xcom_dag_v1.get_name scheduled__2024-02-10T00:00:00+00:00 [queued]>
[2024-02-14T10:40:48.840+0000] {taskinstance.py:1957} INFO - Dependencies all met for dep_context=requeueable deps ti=<TaskInstance: python_xcom_dag_v1.get_name scheduled__2024-02-10T00:00:00+00:00 [queued]>
[2024-02-14T10:40:48.841+0000] {taskinstance.py:2171} INFO - Starting attempt 1 of 6
[2024-02-14T10:40:48.880+0000] {taskinstance.py:2192} INFO - Executing <Task(PythonOperator): get_name> on 2024-02-10 00:00:00+00:00
[2024-02-14T10:40:48.889+0000] {standard_task_runner.py:60} INFO - Started process 57186 to run task
[2024-02-14T10:40:48.893+0000] {standard_task_runner.py:87} INFO - Running: ['airflow', 'tasks', 'run', 'python_xcom_dag_v1', 'get_name', 'scheduled__2024-02-10T00:00:00+00:00', '--job-id', '210', '--raw', '--subdir', 'DAGS_FOLDER/dag_with_xcoms.py', '--cfg-path', '/tmp/tmpq57ng65s']
[2024-02-14T10:40:48.896+0000] {standard_task_runner.py:88} INFO - Job 210: Subtask get_name
[2024-02-14T10:40:48.958+0000] {task_command.py:423} INFO - Running <TaskInstance: python_xcom_dag_v1.get_name scheduled__2024-02-10T00:00:00+00:00 [running]> on host codespaces-57ffd0
[2024-02-14T10:40:49.057+0000] {taskinstance.py:2481} INFO - Exporting env vars: AIRFLOW_CTX_DAG_OWNER='raghu' AIRFLOW_CTX_DAG_ID='python_xcom_dag_v1' AIRFLOW_CTX_TASK_ID='get_name' AIRFLOW_CTX_EXECUTION_DATE='2024-02-10T00:00:00+00:00' AIRFLOW_CTX_TRY_NUMBER='1' AIRFLOW_CTX_DAG_RUN_ID='scheduled__2024-02-10T00:00:00+00:00'
[2024-02-14T10:40:49.095+0000] {python.py:201} INFO - Done. Returned value was: None
[2024-02-14T10:40:49.101+0000] {taskinstance.py:1138} INFO - Marking task as SUCCESS. dag_id=python_xcom_dag_v1, task_id=get_name, execution_date=20240210T000000, start_date=20240214T104048, end_date=20240214T104049
[2024-02-14T10:40:49.154+0000] {local_task_job_runner.py:234} INFO - Task exited with return code 0
[2024-02-14T10:40:49.173+0000] {taskinstance.py:3281} INFO - 0 downstream tasks scheduled from follow-on schedule check
