[2024-02-14T10:35:37.022+0000] {taskinstance.py:1957} INFO - Dependencies all met for dep_context=non-requeueable deps ti=<TaskInstance: python_xcom_dag_v1.get_age scheduled__2024-02-03T00:00:00+00:00 [queued]>
[2024-02-14T10:35:37.028+0000] {taskinstance.py:1957} INFO - Dependencies all met for dep_context=requeueable deps ti=<TaskInstance: python_xcom_dag_v1.get_age scheduled__2024-02-03T00:00:00+00:00 [queued]>
[2024-02-14T10:35:37.029+0000] {taskinstance.py:2171} INFO - Starting attempt 1 of 6
[2024-02-14T10:35:37.079+0000] {taskinstance.py:2192} INFO - Executing <Task(PythonOperator): get_age> on 2024-02-03 00:00:00+00:00
[2024-02-14T10:35:37.093+0000] {standard_task_runner.py:60} INFO - Started process 52082 to run task
[2024-02-14T10:35:37.101+0000] {standard_task_runner.py:87} INFO - Running: ['airflow', 'tasks', 'run', 'python_xcom_dag_v1', 'get_age', 'scheduled__2024-02-03T00:00:00+00:00', '--job-id', '186', '--raw', '--subdir', 'DAGS_FOLDER/dag_with_xcoms.py', '--cfg-path', '/tmp/tmp_s91xyct']
[2024-02-14T10:35:37.103+0000] {standard_task_runner.py:88} INFO - Job 186: Subtask get_age
[2024-02-14T10:35:37.365+0000] {task_command.py:423} INFO - Running <TaskInstance: python_xcom_dag_v1.get_age scheduled__2024-02-03T00:00:00+00:00 [running]> on host codespaces-57ffd0
[2024-02-14T10:35:37.505+0000] {taskinstance.py:2481} INFO - Exporting env vars: AIRFLOW_CTX_DAG_OWNER='raghu' AIRFLOW_CTX_DAG_ID='python_xcom_dag_v1' AIRFLOW_CTX_TASK_ID='get_age' AIRFLOW_CTX_EXECUTION_DATE='2024-02-03T00:00:00+00:00' AIRFLOW_CTX_TRY_NUMBER='1' AIRFLOW_CTX_DAG_RUN_ID='scheduled__2024-02-03T00:00:00+00:00'
[2024-02-14T10:35:37.541+0000] {python.py:201} INFO - Done. Returned value was: None
[2024-02-14T10:35:37.547+0000] {taskinstance.py:1138} INFO - Marking task as SUCCESS. dag_id=python_xcom_dag_v1, task_id=get_age, execution_date=20240203T000000, start_date=20240214T103537, end_date=20240214T103537
[2024-02-14T10:35:37.600+0000] {local_task_job_runner.py:234} INFO - Task exited with return code 0
[2024-02-14T10:35:37.686+0000] {taskinstance.py:3281} INFO - 1 downstream tasks scheduled from follow-on schedule check
[2024-02-14T10:39:46.452+0000] {taskinstance.py:1957} INFO - Dependencies all met for dep_context=non-requeueable deps ti=<TaskInstance: python_xcom_dag_v1.get_age scheduled__2024-02-03T00:00:00+00:00 [queued]>
[2024-02-14T10:39:46.457+0000] {taskinstance.py:1957} INFO - Dependencies all met for dep_context=requeueable deps ti=<TaskInstance: python_xcom_dag_v1.get_age scheduled__2024-02-03T00:00:00+00:00 [queued]>
[2024-02-14T10:39:46.457+0000] {taskinstance.py:2171} INFO - Starting attempt 1 of 6
[2024-02-14T10:39:46.493+0000] {taskinstance.py:2192} INFO - Executing <Task(PythonOperator): get_age> on 2024-02-03 00:00:00+00:00
[2024-02-14T10:39:46.496+0000] {standard_task_runner.py:60} INFO - Started process 55944 to run task
[2024-02-14T10:39:46.500+0000] {standard_task_runner.py:87} INFO - Running: ['airflow', 'tasks', 'run', 'python_xcom_dag_v1', 'get_age', 'scheduled__2024-02-03T00:00:00+00:00', '--job-id', '186', '--raw', '--subdir', 'DAGS_FOLDER/dag_with_xcoms.py', '--cfg-path', '/tmp/tmpg6quiz0f']
[2024-02-14T10:39:46.501+0000] {standard_task_runner.py:88} INFO - Job 186: Subtask get_age
[2024-02-14T10:39:46.553+0000] {task_command.py:423} INFO - Running <TaskInstance: python_xcom_dag_v1.get_age scheduled__2024-02-03T00:00:00+00:00 [running]> on host codespaces-57ffd0
[2024-02-14T10:39:46.646+0000] {taskinstance.py:2481} INFO - Exporting env vars: AIRFLOW_CTX_DAG_OWNER='raghu' AIRFLOW_CTX_DAG_ID='python_xcom_dag_v1' AIRFLOW_CTX_TASK_ID='get_age' AIRFLOW_CTX_EXECUTION_DATE='2024-02-03T00:00:00+00:00' AIRFLOW_CTX_TRY_NUMBER='1' AIRFLOW_CTX_DAG_RUN_ID='scheduled__2024-02-03T00:00:00+00:00'
[2024-02-14T10:39:46.678+0000] {python.py:201} INFO - Done. Returned value was: None
[2024-02-14T10:39:46.681+0000] {taskinstance.py:1138} INFO - Marking task as SUCCESS. dag_id=python_xcom_dag_v1, task_id=get_age, execution_date=20240203T000000, start_date=20240214T103946, end_date=20240214T103946
[2024-02-14T10:39:46.751+0000] {local_task_job_runner.py:234} INFO - Task exited with return code 0
[2024-02-14T10:39:46.763+0000] {taskinstance.py:3281} INFO - 1 downstream tasks scheduled from follow-on schedule check
