[2024-02-14T10:36:55.516+0000] {taskinstance.py:1957} INFO - Dependencies all met for dep_context=non-requeueable deps ti=<TaskInstance: python_xcom_dag_v1.get_age scheduled__2024-02-12T00:00:00+00:00 [queued]>
[2024-02-14T10:36:55.521+0000] {taskinstance.py:1957} INFO - Dependencies all met for dep_context=requeueable deps ti=<TaskInstance: python_xcom_dag_v1.get_age scheduled__2024-02-12T00:00:00+00:00 [queued]>
[2024-02-14T10:36:55.521+0000] {taskinstance.py:2171} INFO - Starting attempt 1 of 6
[2024-02-14T10:36:55.557+0000] {taskinstance.py:2192} INFO - Executing <Task(PythonOperator): get_age> on 2024-02-12 00:00:00+00:00
[2024-02-14T10:36:55.560+0000] {standard_task_runner.py:60} INFO - Started process 53695 to run task
[2024-02-14T10:36:55.563+0000] {standard_task_runner.py:87} INFO - Running: ['airflow', 'tasks', 'run', 'python_xcom_dag_v1', 'get_age', 'scheduled__2024-02-12T00:00:00+00:00', '--job-id', '216', '--raw', '--subdir', 'DAGS_FOLDER/dag_with_xcoms.py', '--cfg-path', '/tmp/tmpdsv3wmqe']
[2024-02-14T10:36:55.564+0000] {standard_task_runner.py:88} INFO - Job 216: Subtask get_age
[2024-02-14T10:36:55.616+0000] {task_command.py:423} INFO - Running <TaskInstance: python_xcom_dag_v1.get_age scheduled__2024-02-12T00:00:00+00:00 [running]> on host codespaces-57ffd0
[2024-02-14T10:36:55.733+0000] {taskinstance.py:2481} INFO - Exporting env vars: AIRFLOW_CTX_DAG_OWNER='raghu' AIRFLOW_CTX_DAG_ID='python_xcom_dag_v1' AIRFLOW_CTX_TASK_ID='get_age' AIRFLOW_CTX_EXECUTION_DATE='2024-02-12T00:00:00+00:00' AIRFLOW_CTX_TRY_NUMBER='1' AIRFLOW_CTX_DAG_RUN_ID='scheduled__2024-02-12T00:00:00+00:00'
[2024-02-14T10:36:55.770+0000] {python.py:201} INFO - Done. Returned value was: None
[2024-02-14T10:36:55.775+0000] {taskinstance.py:1138} INFO - Marking task as SUCCESS. dag_id=python_xcom_dag_v1, task_id=get_age, execution_date=20240212T000000, start_date=20240214T103655, end_date=20240214T103655
[2024-02-14T10:36:55.859+0000] {local_task_job_runner.py:234} INFO - Task exited with return code 0
[2024-02-14T10:36:55.871+0000] {taskinstance.py:3281} INFO - 1 downstream tasks scheduled from follow-on schedule check
[2024-02-14T10:41:03.017+0000] {taskinstance.py:1957} INFO - Dependencies all met for dep_context=non-requeueable deps ti=<TaskInstance: python_xcom_dag_v1.get_age scheduled__2024-02-12T00:00:00+00:00 [queued]>
[2024-02-14T10:41:03.022+0000] {taskinstance.py:1957} INFO - Dependencies all met for dep_context=requeueable deps ti=<TaskInstance: python_xcom_dag_v1.get_age scheduled__2024-02-12T00:00:00+00:00 [queued]>
[2024-02-14T10:41:03.022+0000] {taskinstance.py:2171} INFO - Starting attempt 1 of 6
[2024-02-14T10:41:03.061+0000] {taskinstance.py:2192} INFO - Executing <Task(PythonOperator): get_age> on 2024-02-12 00:00:00+00:00
[2024-02-14T10:41:03.064+0000] {standard_task_runner.py:60} INFO - Started process 57425 to run task
[2024-02-14T10:41:03.067+0000] {standard_task_runner.py:87} INFO - Running: ['airflow', 'tasks', 'run', 'python_xcom_dag_v1', 'get_age', 'scheduled__2024-02-12T00:00:00+00:00', '--job-id', '216', '--raw', '--subdir', 'DAGS_FOLDER/dag_with_xcoms.py', '--cfg-path', '/tmp/tmpx0l3ko6h']
[2024-02-14T10:41:03.068+0000] {standard_task_runner.py:88} INFO - Job 216: Subtask get_age
[2024-02-14T10:41:03.126+0000] {task_command.py:423} INFO - Running <TaskInstance: python_xcom_dag_v1.get_age scheduled__2024-02-12T00:00:00+00:00 [running]> on host codespaces-57ffd0
[2024-02-14T10:41:03.221+0000] {taskinstance.py:2481} INFO - Exporting env vars: AIRFLOW_CTX_DAG_OWNER='raghu' AIRFLOW_CTX_DAG_ID='python_xcom_dag_v1' AIRFLOW_CTX_TASK_ID='get_age' AIRFLOW_CTX_EXECUTION_DATE='2024-02-12T00:00:00+00:00' AIRFLOW_CTX_TRY_NUMBER='1' AIRFLOW_CTX_DAG_RUN_ID='scheduled__2024-02-12T00:00:00+00:00'
[2024-02-14T10:41:03.253+0000] {python.py:201} INFO - Done. Returned value was: None
[2024-02-14T10:41:03.257+0000] {taskinstance.py:1138} INFO - Marking task as SUCCESS. dag_id=python_xcom_dag_v1, task_id=get_age, execution_date=20240212T000000, start_date=20240214T104103, end_date=20240214T104103
[2024-02-14T10:41:03.319+0000] {local_task_job_runner.py:234} INFO - Task exited with return code 0
[2024-02-14T10:41:03.338+0000] {taskinstance.py:3281} INFO - 1 downstream tasks scheduled from follow-on schedule check
