[2024-02-14T10:36:15.576+0000] {taskinstance.py:1957} INFO - Dependencies all met for dep_context=non-requeueable deps ti=<TaskInstance: python_xcom_dag_v1.get_name scheduled__2024-02-07T00:00:00+00:00 [queued]>
[2024-02-14T10:36:15.580+0000] {taskinstance.py:1957} INFO - Dependencies all met for dep_context=requeueable deps ti=<TaskInstance: python_xcom_dag_v1.get_name scheduled__2024-02-07T00:00:00+00:00 [queued]>
[2024-02-14T10:36:15.580+0000] {taskinstance.py:2171} INFO - Starting attempt 1 of 6
[2024-02-14T10:36:15.619+0000] {taskinstance.py:2192} INFO - Executing <Task(PythonOperator): get_name> on 2024-02-07 00:00:00+00:00
[2024-02-14T10:36:15.622+0000] {standard_task_runner.py:60} INFO - Started process 52866 to run task
[2024-02-14T10:36:15.625+0000] {standard_task_runner.py:87} INFO - Running: ['airflow', 'tasks', 'run', 'python_xcom_dag_v1', 'get_name', 'scheduled__2024-02-07T00:00:00+00:00', '--job-id', '200', '--raw', '--subdir', 'DAGS_FOLDER/dag_with_xcoms.py', '--cfg-path', '/tmp/tmpuvn1mdk9']
[2024-02-14T10:36:15.626+0000] {standard_task_runner.py:88} INFO - Job 200: Subtask get_name
[2024-02-14T10:36:15.702+0000] {task_command.py:423} INFO - Running <TaskInstance: python_xcom_dag_v1.get_name scheduled__2024-02-07T00:00:00+00:00 [running]> on host codespaces-57ffd0
[2024-02-14T10:36:15.818+0000] {taskinstance.py:2481} INFO - Exporting env vars: AIRFLOW_CTX_DAG_OWNER='raghu' AIRFLOW_CTX_DAG_ID='python_xcom_dag_v1' AIRFLOW_CTX_TASK_ID='get_name' AIRFLOW_CTX_EXECUTION_DATE='2024-02-07T00:00:00+00:00' AIRFLOW_CTX_TRY_NUMBER='1' AIRFLOW_CTX_DAG_RUN_ID='scheduled__2024-02-07T00:00:00+00:00'
[2024-02-14T10:36:15.852+0000] {python.py:201} INFO - Done. Returned value was: None
[2024-02-14T10:36:15.859+0000] {taskinstance.py:1138} INFO - Marking task as SUCCESS. dag_id=python_xcom_dag_v1, task_id=get_name, execution_date=20240207T000000, start_date=20240214T103615, end_date=20240214T103615
[2024-02-14T10:36:15.920+0000] {local_task_job_runner.py:234} INFO - Task exited with return code 0
[2024-02-14T10:36:15.933+0000] {taskinstance.py:3281} INFO - 0 downstream tasks scheduled from follow-on schedule check
[2024-02-14T10:40:24.223+0000] {taskinstance.py:1957} INFO - Dependencies all met for dep_context=non-requeueable deps ti=<TaskInstance: python_xcom_dag_v1.get_name scheduled__2024-02-07T00:00:00+00:00 [queued]>
[2024-02-14T10:40:24.229+0000] {taskinstance.py:1957} INFO - Dependencies all met for dep_context=requeueable deps ti=<TaskInstance: python_xcom_dag_v1.get_name scheduled__2024-02-07T00:00:00+00:00 [queued]>
[2024-02-14T10:40:24.229+0000] {taskinstance.py:2171} INFO - Starting attempt 1 of 6
[2024-02-14T10:40:24.267+0000] {taskinstance.py:2192} INFO - Executing <Task(PythonOperator): get_name> on 2024-02-07 00:00:00+00:00
[2024-02-14T10:40:24.270+0000] {standard_task_runner.py:60} INFO - Started process 56753 to run task
[2024-02-14T10:40:24.273+0000] {standard_task_runner.py:87} INFO - Running: ['airflow', 'tasks', 'run', 'python_xcom_dag_v1', 'get_name', 'scheduled__2024-02-07T00:00:00+00:00', '--job-id', '200', '--raw', '--subdir', 'DAGS_FOLDER/dag_with_xcoms.py', '--cfg-path', '/tmp/tmpc1udo_t1']
[2024-02-14T10:40:24.274+0000] {standard_task_runner.py:88} INFO - Job 200: Subtask get_name
[2024-02-14T10:40:24.326+0000] {task_command.py:423} INFO - Running <TaskInstance: python_xcom_dag_v1.get_name scheduled__2024-02-07T00:00:00+00:00 [running]> on host codespaces-57ffd0
[2024-02-14T10:40:24.427+0000] {taskinstance.py:2481} INFO - Exporting env vars: AIRFLOW_CTX_DAG_OWNER='raghu' AIRFLOW_CTX_DAG_ID='python_xcom_dag_v1' AIRFLOW_CTX_TASK_ID='get_name' AIRFLOW_CTX_EXECUTION_DATE='2024-02-07T00:00:00+00:00' AIRFLOW_CTX_TRY_NUMBER='1' AIRFLOW_CTX_DAG_RUN_ID='scheduled__2024-02-07T00:00:00+00:00'
[2024-02-14T10:40:24.460+0000] {python.py:201} INFO - Done. Returned value was: None
[2024-02-14T10:40:24.466+0000] {taskinstance.py:1138} INFO - Marking task as SUCCESS. dag_id=python_xcom_dag_v1, task_id=get_name, execution_date=20240207T000000, start_date=20240214T104024, end_date=20240214T104024
[2024-02-14T10:40:24.526+0000] {local_task_job_runner.py:234} INFO - Task exited with return code 0
[2024-02-14T10:40:24.549+0000] {taskinstance.py:3281} INFO - 0 downstream tasks scheduled from follow-on schedule check
